nohup: ignoring input
/root/liuyuanye/NNDL/Final/CIFAR/deit.py:63: UserWarning: Overwriting deit_tiny_patch16_224 in registry with deit.deit_tiny_patch16_224. This is because the name being registered conflicts with an existing name. Please check if this is not expected.
  def deit_tiny_patch16_224(pretrained=False, **kwargs):
/root/liuyuanye/NNDL/Final/CIFAR/deit.py:78: UserWarning: Overwriting deit_small_patch16_224 in registry with deit.deit_small_patch16_224. This is because the name being registered conflicts with an existing name. Please check if this is not expected.
  def deit_small_patch16_224(pretrained=False, **kwargs):
/root/liuyuanye/NNDL/Final/CIFAR/deit.py:93: UserWarning: Overwriting deit_base_patch16_224 in registry with deit.deit_base_patch16_224. This is because the name being registered conflicts with an existing name. Please check if this is not expected.
  def deit_base_patch16_224(pretrained=False, **kwargs):
/root/liuyuanye/NNDL/Final/CIFAR/deit.py:108: UserWarning: Overwriting deit_tiny_distilled_patch16_224 in registry with deit.deit_tiny_distilled_patch16_224. This is because the name being registered conflicts with an existing name. Please check if this is not expected.
  def deit_tiny_distilled_patch16_224(pretrained=False, **kwargs):
/root/liuyuanye/NNDL/Final/CIFAR/deit.py:123: UserWarning: Overwriting deit_small_distilled_patch16_224 in registry with deit.deit_small_distilled_patch16_224. This is because the name being registered conflicts with an existing name. Please check if this is not expected.
  def deit_small_distilled_patch16_224(pretrained=False, **kwargs):
/root/liuyuanye/NNDL/Final/CIFAR/deit.py:138: UserWarning: Overwriting deit_base_distilled_patch16_224 in registry with deit.deit_base_distilled_patch16_224. This is because the name being registered conflicts with an existing name. Please check if this is not expected.
  def deit_base_distilled_patch16_224(pretrained=False, **kwargs):
/root/liuyuanye/NNDL/Final/CIFAR/deit.py:153: UserWarning: Overwriting deit_base_patch16_384 in registry with deit.deit_base_patch16_384. This is because the name being registered conflicts with an existing name. Please check if this is not expected.
  def deit_base_patch16_384(pretrained=False, **kwargs):
/root/liuyuanye/NNDL/Final/CIFAR/deit.py:168: UserWarning: Overwriting deit_base_distilled_patch16_384 in registry with deit.deit_base_distilled_patch16_384. This is because the name being registered conflicts with an existing name. Please check if this is not expected.
  def deit_base_distilled_patch16_384(pretrained=False, **kwargs):
/root/miniconda3/envs/py310/lib/python3.10/site-packages/torchvision/models/_utils.py:223: UserWarning: Arguments other than a weight enum or `None` for 'weights' are deprecated since 0.13 and may be removed in the future. The current behavior is equivalent to passing `weights=ResNet34_Weights.IMAGENET1K_V1`. You can also use `weights=ResNet34_Weights.DEFAULT` to get the most up-to-date weights.
  warnings.warn(msg)
deit_small的参数量: 22.05M
{
    "datapath": "../data/",
    "logpath": "./logs/",
    "batch_size": 512,
    "epoch": 1000,
    "seed": 43,
    "date": "0621",
    "plot": true,
    "num_classes": 100,
    "learning_rate": 0.003,
    "weight_decay": 0.003,
    "pretrained": true,
    "device_id": 0,
    "dropout": true,
    "cutout": true,
    "model": "ResNet34"
}
2024-06-21 22:58:09
Epoch:0, Loss:4.52833585349881, Acc:3.232, LR:0.0029992598405485975
Epoch:1, Loss:4.060023271307653, Acc:6.732, LR:0.0029970400926424075
Epoch:2, Loss:3.845236680945572, Acc:9.606, LR:0.00299334294690462
Epoch:3, Loss:3.664137691867595, Acc:12.022, LR:0.002988172051971717
Epoch:4, Loss:3.5524033235043895, Acc:14.05, LR:0.002981532510892707
Validation: Loss:3.7279948949813844, Acc:11.79
Best model updated!
Epoch:5, Loss:3.4695130464982014, Acc:15.778, LR:0.0029734308760930336
Epoch:6, Loss:3.390752687746165, Acc:17.228, LR:0.0029638751429081215
Epoch:7, Loss:3.32986141467581, Acc:18.474, LR:0.002952874741692947
Epoch:8, Loss:3.2769005395928206, Acc:19.564, LR:0.002940440528515415
Epoch:9, Loss:3.237228661167378, Acc:19.784, LR:0.0029265847744427307
Validation: Loss:3.0975794315338137, Acc:23.07
Best model updated!
Epoch:10, Loss:3.2089516946247647, Acc:20.668, LR:0.0029113211534313385
Epoch:11, Loss:3.1633470034112734, Acc:21.498, LR:0.002894664728832377
Epoch:12, Loss:3.1360721636791618, Acc:22.076, LR:0.0028766319385259715
Epoch:13, Loss:3.1069697555230587, Acc:22.482, LR:0.0028572405786990293
Epoch:14, Loss:3.090373718008703, Acc:22.986, LR:0.0028365097862825517
Validation: Loss:2.92866792678833, Acc:26.32
Best model updated!
Epoch:15, Loss:3.082987001964024, Acc:23.164, LR:0.0028144600200657953
Epoch:16, Loss:3.054514612470354, Acc:23.734, LR:0.002791113040505916
Epoch:17, Loss:3.0443390851118126, Acc:23.998, LR:0.002766491888253023
Epoch:18, Loss:3.0325128861836026, Acc:24.214, LR:0.0027406208614118434
Epoch:19, Loss:3.0077461150227762, Acc:24.77, LR:0.002713525491562422
Validation: Loss:2.8170010566711428, Acc:28.06
Best model updated!
Epoch:20, Loss:2.994682720729283, Acc:24.826, LR:0.002685232518563536
Epoch:21, Loss:3.002135471421845, Acc:24.988, LR:0.0026557698641636843
Epoch:22, Loss:2.952302718649105, Acc:25.652, LR:0.0026251666044456896
Epoch:23, Loss:2.958361873821336, Acc:25.706, LR:0.0025934529411321175
Epoch:24, Loss:2.9284348487854004, Acc:26.304, LR:0.0025606601717798215
Validation: Loss:2.7689534544944765, Acc:30.26
Best model updated!
Epoch:25, Loss:2.9294766868863786, Acc:26.382, LR:0.0025268206588930334
Epoch:26, Loss:2.904836598707705, Acc:26.814, LR:0.0024919677979854784
Epoch:27, Loss:2.9061384079407673, Acc:26.908, LR:0.0024561359846230354
Epoch:28, Loss:2.8897152749859556, Acc:27.17, LR:0.0024193605804794655
Epoch:29, Loss:2.878937799103406, Acc:27.526, LR:0.0023816778784387107
Validation: Loss:2.650658571720123, Acc:32.14
Best model updated!
Epoch:30, Loss:2.8674488213597513, Acc:27.682, LR:0.002343125066778197
Epoch:31, Loss:2.8636996089195716, Acc:27.676, LR:0.0023037401924684954
Epoch:32, Loss:2.844810388526138, Acc:28.194, LR:0.0022635621236255575
Epoch:33, Loss:2.8333542273969066, Acc:28.378, LR:0.0022226305111525736
Epoch:34, Loss:2.8284828881828155, Acc:28.526, LR:0.0021809857496093207
Validation: Loss:2.6271798610687256, Acc:32.6
Best model updated!
Epoch:35, Loss:2.8123744434239915, Acc:28.616, LR:0.0021386689373476095
Epoch:36, Loss:2.8059201556809095, Acc:28.98, LR:0.0020957218359521712
Epoch:37, Loss:2.7887749477308623, Acc:29.366, LR:0.0020521868290270177
Epoch:38, Loss:2.774274015913204, Acc:29.756, LR:0.002008106880367938
Epoch:39, Loss:2.760938374363646, Acc:29.812, LR:0.0019635254915624217
Validation: Loss:2.5669533133506777, Acc:33.37
Best model updated!
Epoch:40, Loss:2.7592113796545537, Acc:30.024, LR:0.0019184866590588445
Epoch:41, Loss:2.749788603004144, Acc:30.256, LR:0.0018730348307472821
Epoch:42, Loss:2.7320062749239864, Acc:30.508, LR:0.0018272148620948141
Epoch:43, Loss:2.7204836704293074, Acc:30.598, LR:0.0017810719718785873
Epoch:44, Loss:2.7054052498875834, Acc:31.01, LR:0.0017346516975603465
Validation: Loss:2.6884652376174927, Acc:32.13
Epoch:45, Loss:2.690601409698019, Acc:31.342, LR:0.0016879998503464568
Epoch:46, Loss:2.6838928096148433, Acc:31.616, LR:0.0016411624699777716
Epoch:47, Loss:2.675369593561912, Acc:31.734, LR:0.0015941857792939704
Epoch:48, Loss:2.660755006634459, Acc:32.016, LR:0.0015471161386171927
Epoch:49, Loss:2.6477412155696323, Acc:32.494, LR:0.0015000000000000002
Validation: Loss:2.4479714751243593, Acc:36.82
Best model updated!
Epoch:50, Loss:2.624577524710675, Acc:33.002, LR:0.0014528838613828078
Epoch:51, Loss:2.624059015390824, Acc:32.816, LR:0.00140581422070603
Epoch:52, Loss:2.605408495786239, Acc:33.228, LR:0.0013588375300222285
Epoch:53, Loss:2.6022748533560307, Acc:33.448, LR:0.0013120001496535437
Epoch:54, Loss:2.587167528210854, Acc:33.814, LR:0.0012653483024396535
Validation: Loss:2.3823550224304197, Acc:37.2
Best model updated!
Epoch:55, Loss:2.57561279559622, Acc:33.778, LR:0.001218928028121413
Epoch:56, Loss:2.5542912118288936, Acc:34.282, LR:0.0011727851379051864
Epoch:57, Loss:2.546187914147669, Acc:34.52, LR:0.0011269651692527175
Epoch:58, Loss:2.5344673151872597, Acc:34.752, LR:0.001081513340941156
Epoch:59, Loss:2.5239804253286247, Acc:34.912, LR:0.001036474508437579
Validation: Loss:2.3910932540893555, Acc:37.8
Best model updated!
Epoch:60, Loss:2.5063822707351373, Acc:35.496, LR:0.0009918931196320627
Epoch:61, Loss:2.4873677638112284, Acc:36.146, LR:0.0009478131709729832
Epoch:62, Loss:2.478074078657189, Acc:36.02, LR:0.0009042781640478286
Epoch:63, Loss:2.4700149346371085, Acc:36.426, LR:0.0008613310626523907
Epoch:64, Loss:2.4551700183323453, Acc:36.59, LR:0.0008190142503906796
Validation: Loss:2.198595315217972, Acc:41.58
Best model updated!
Epoch:65, Loss:2.4371601489125467, Acc:37.03, LR:0.0007773694888474266
Epoch:66, Loss:2.4427236172617697, Acc:36.924, LR:0.0007364378763744428
Epoch:67, Loss:2.4142257267115066, Acc:37.626, LR:0.0006962598075315045
Epoch:68, Loss:2.400481009969906, Acc:38.032, LR:0.0006568749332218039
Epoch:69, Loss:2.3958801201411655, Acc:37.838, LR:0.0006183221215612904
Validation: Loss:2.183767890930176, Acc:42.27
Best model updated!
Epoch:70, Loss:2.3785039454090353, Acc:38.318, LR:0.000580639419520535
Epoch:71, Loss:2.357406100448297, Acc:38.936, LR:0.0005438640153769653
Epoch:72, Loss:2.3502026966639926, Acc:38.85, LR:0.0005080322020145225
Epoch:73, Loss:2.3370786516033872, Acc:39.246, LR:0.00047317934110696695
Epoch:74, Loss:2.323539507632353, Acc:39.566, LR:0.00043933982822017887
Validation: Loss:2.0846530914306642, Acc:44.49
Best model updated!
Epoch:75, Loss:2.3030334273163153, Acc:40.048, LR:0.00040654705886788306
Epoch:76, Loss:2.2898082124943637, Acc:40.102, LR:0.00037483339555431064
Epoch:77, Loss:2.2867058588533986, Acc:40.55, LR:0.0003442301358363163
Epoch:78, Loss:2.268847292783309, Acc:40.906, LR:0.0003147674814364644
Epoch:79, Loss:2.2541482813504277, Acc:40.902, LR:0.000286474508437579
Validation: Loss:2.0391045928001406, Acc:45.76
Best model updated!
Epoch:80, Loss:2.2495437349591936, Acc:41.12, LR:0.0002593791385881574
Epoch:81, Loss:2.2283832126734207, Acc:41.596, LR:0.0002335081117469777
Epoch:82, Loss:2.2147805252853705, Acc:42.058, LR:0.00020888695949408434
Epoch:83, Loss:2.2048725741250172, Acc:42.12, LR:0.0001855399799342046
Epoch:84, Loss:2.196814254838593, Acc:42.384, LR:0.0001634902137174483
Validation: Loss:1.9859174072742463, Acc:46.91
Best model updated!
Epoch:85, Loss:2.1848547178871778, Acc:42.41, LR:0.00014275942130097095
Epoch:86, Loss:2.178552724877182, Acc:42.832, LR:0.00012336806147402861
Epoch:87, Loss:2.1718549205332387, Acc:42.946, LR:0.00010533527116762296
Epoch:88, Loss:2.154607585498265, Acc:43.38, LR:8.86788465686618e-05
Epoch:89, Loss:2.1505126101630077, Acc:43.568, LR:7.34152255572697e-05
Validation: Loss:1.9509757578372955, Acc:47.95
Best model updated!
Epoch:90, Loss:2.145051103465411, Acc:43.51, LR:5.9559471484585555e-05
Epoch:91, Loss:2.1409478953906467, Acc:43.442, LR:4.712525830705354e-05
Epoch:92, Loss:2.1296091055383486, Acc:43.992, LR:3.6124857091879005e-05
Epoch:93, Loss:2.1195358706980336, Acc:44.378, LR:2.6569123906966914e-05
Epoch:94, Loss:2.115685981147143, Acc:44.17, LR:1.8467489107293506e-05
Validation: Loss:1.9299758493900299, Acc:48.28
Best model updated!
Epoch:95, Loss:2.120782726881455, Acc:44.16, LR:1.182794802828335e-05
Epoch:96, Loss:2.114677288094345, Acc:44.284, LR:6.657053095380004e-06
Epoch:97, Loss:2.1160625036881893, Acc:44.262, LR:2.959907357592661e-06
Epoch:98, Loss:2.1130839367302094, Acc:44.28, LR:7.401594514025998e-07
Epoch:99, Loss:2.112216511551215, Acc:44.182, LR:0.0
Validation: Loss:1.9269322872161865, Acc:48.46
Best model updated!
Epoch:100, Loss:2.1140362863637963, Acc:44.378, LR:7.401594514025999e-07
Epoch:101, Loss:2.106836131640843, Acc:44.548, LR:2.9599073575926615e-06
Epoch:102, Loss:2.1201655828222936, Acc:44.246, LR:6.657053095380005e-06
Epoch:103, Loss:2.1142023436877193, Acc:44.27, LR:1.1827948028283186e-05
Epoch:104, Loss:2.110117540067556, Acc:44.328, LR:1.8467489107293344e-05
Validation: Loss:1.9242917537689208, Acc:48.25
Epoch:105, Loss:2.10818464415414, Acc:44.288, LR:2.6569123906967083e-05
Epoch:106, Loss:2.1169364792960033, Acc:44.398, LR:3.612485709187885e-05
Epoch:107, Loss:2.111130265557036, Acc:44.45, LR:4.712525830705322e-05
Epoch:108, Loss:2.1223657751569944, Acc:44.104, LR:5.955947148458523e-05
Epoch:109, Loss:2.1224971437940794, Acc:44.168, LR:7.341522555726953e-05
Validation: Loss:1.9342539608478546, Acc:48.24
Epoch:110, Loss:2.1237618801545124, Acc:44.008, LR:8.867884656866182e-05
Epoch:111, Loss:2.127055378592744, Acc:43.644, LR:0.00010533527116762281
Epoch:112, Loss:2.1293648359726887, Acc:43.924, LR:0.00012336806147402813
Epoch:113, Loss:2.1322994122699814, Acc:43.99, LR:0.00014275942130097046
Epoch:114, Loss:2.1403772125438767, Acc:43.718, LR:0.00016349021371744846
Validation: Loss:1.949791181087494, Acc:47.7
Epoch:115, Loss:2.146669791669262, Acc:43.74, LR:0.00018553997993420474
Epoch:116, Loss:2.1483044040446377, Acc:43.45, LR:0.00020888695949408448
Epoch:117, Loss:2.1618452801996346, Acc:43.178, LR:0.00023350811174697718
Epoch:118, Loss:2.159145096126868, Acc:43.388, LR:0.00025937913858815686
Epoch:119, Loss:2.1704095054645927, Acc:43.15, LR:0.0002864745084375783
Validation: Loss:2.003249591588974, Acc:46.52
Epoch:120, Loss:2.1727622041896897, Acc:42.992, LR:0.00031476748143646446
Epoch:121, Loss:2.1864364390470543, Acc:42.708, LR:0.00034423013583631605
Epoch:122, Loss:2.190118213089145, Acc:42.278, LR:0.00037483339555431037
Epoch:123, Loss:2.205873589126431, Acc:42.266, LR:0.0004065470588678823
Epoch:124, Loss:2.210513173317423, Acc:42.158, LR:0.0004393398282201781
Validation: Loss:2.0273942232131956, Acc:46.0
Epoch:125, Loss:2.2210837626943785, Acc:41.934, LR:0.000473179341106967
Epoch:126, Loss:2.235571866132775, Acc:41.662, LR:0.000508032202014522
Epoch:127, Loss:2.245021885755111, Acc:41.378, LR:0.0005438640153769657
Epoch:128, Loss:2.253756652072984, Acc:41.174, LR:0.0005806394195205353
Epoch:129, Loss:2.2624902554920743, Acc:40.83, LR:0.0006183221215612901
Validation: Loss:2.1177306294441225, Acc:44.02
Epoch:130, Loss:2.2760279105634105, Acc:40.412, LR:0.0006568749332218037
Epoch:131, Loss:2.2796017028847517, Acc:40.724, LR:0.0006962598075315056
Epoch:132, Loss:2.2848173136613807, Acc:40.57, LR:0.0007364378763744433
Epoch:133, Loss:2.303082222841224, Acc:40.28, LR:0.0007773694888474271
Epoch:134, Loss:2.3214965742461535, Acc:39.678, LR:0.0008190142503906795
Validation: Loss:2.1204224050045015, Acc:43.89
Epoch:135, Loss:2.3278186807827073, Acc:39.614, LR:0.0008613310626523916
Epoch:136, Loss:2.33248385604547, Acc:39.324, LR:0.0009042781640478295
Epoch:137, Loss:2.349946077989072, Acc:39.106, LR:0.0009478131709729831
Epoch:138, Loss:2.351435126090536, Acc:39.222, LR:0.0009918931196320627
Epoch:139, Loss:2.3528600347285367, Acc:38.986, LR:0.0010364745084375784
Validation: Loss:2.10170002579689, Acc:44.33
Epoch:140, Loss:2.3651941941708934, Acc:38.5, LR:0.0010815133409411554
Epoch:141, Loss:2.380372947576095, Acc:38.394, LR:0.0011269651692527183
Epoch:142, Loss:2.3787424637346852, Acc:38.344, LR:0.0011727851379051864
Epoch:143, Loss:2.393299942113915, Acc:38.27, LR:0.001218928028121413
Epoch:144, Loss:2.4012808264518273, Acc:37.932, LR:0.0012653483024396533
Validation: Loss:2.2256954073905946, Acc:40.94
Epoch:145, Loss:2.4103902699996014, Acc:37.668, LR:0.0013120001496535428
Epoch:146, Loss:2.4220380442483083, Acc:37.352, LR:0.0013588375300222287
Epoch:147, Loss:2.4258258440056624, Acc:37.296, LR:0.0014058142207060296
Epoch:148, Loss:2.44863185347343, Acc:36.738, LR:0.001452883861382807
Epoch:149, Loss:2.4397571232854105, Acc:36.948, LR:0.0014999999999999992
Validation: Loss:2.336603021621704, Acc:39.26
Epoch:150, Loss:2.444564760947714, Acc:37.128, LR:0.0015471161386171911
Epoch:151, Loss:2.461625960408425, Acc:36.604, LR:0.0015941857792939687
Epoch:152, Loss:2.4659760533546913, Acc:36.632, LR:0.0016411624699777712
Epoch:153, Loss:2.475364765342401, Acc:36.306, LR:0.0016879998503464557
Epoch:154, Loss:2.48296396829644, Acc:36.046, LR:0.0017346516975603455
Validation: Loss:2.2733619451522826, Acc:40.63
Epoch:155, Loss:2.4845971331304435, Acc:36.26, LR:0.001781071971878586
Epoch:156, Loss:2.5012705374737174, Acc:35.786, LR:0.0018272148620948126
Epoch:157, Loss:2.4945856624720046, Acc:36.006, LR:0.001873034830747282
Epoch:158, Loss:2.5028204431339187, Acc:35.536, LR:0.0019184866590588432
Epoch:159, Loss:2.5118279992317665, Acc:35.308, LR:0.0019635254915624204
Validation: Loss:2.321247172355652, Acc:39.54
Epoch:160, Loss:2.5200071237525163, Acc:35.252, LR:0.002008106880367936
Epoch:161, Loss:2.528774475564762, Acc:35.304, LR:0.0020521868290270156
Epoch:162, Loss:2.5382184155133305, Acc:34.952, LR:0.002095721835952169
Epoch:163, Loss:2.530478747523561, Acc:35.22, LR:0.002138668937347607
Epoch:164, Loss:2.552381145710848, Acc:34.482, LR:0.0021809857496093176
Validation: Loss:2.3707415103912353, Acc:38.09
Epoch:165, Loss:2.5535363810403005, Acc:34.62, LR:0.0022226305111525727
Epoch:166, Loss:2.5662509275942433, Acc:34.296, LR:0.0022635621236255566
Epoch:167, Loss:2.566601896772579, Acc:34.384, LR:0.0023037401924684946
Epoch:168, Loss:2.5753325929447097, Acc:34.134, LR:0.002343125066778195
Epoch:169, Loss:2.581788401214444, Acc:33.892, LR:0.0023816778784387085
Validation: Loss:2.4768487572669984, Acc:36.15
Epoch:170, Loss:2.5823143915254243, Acc:33.964, LR:0.0024193605804794633
Epoch:171, Loss:2.5872659488600127, Acc:33.71, LR:0.002456135984623033
Epoch:172, Loss:2.6078466517584666, Acc:33.33, LR:0.002491967797985476
Epoch:173, Loss:2.596873086325976, Acc:33.64, LR:0.0025268206588930308
Epoch:174, Loss:2.6092549562454224, Acc:33.412, LR:0.002560660171779819
Validation: Loss:2.467191386222839, Acc:36.13
Epoch:175, Loss:2.615585738298844, Acc:33.33, LR:0.002593452941132116
Epoch:176, Loss:2.636006622898335, Acc:32.844, LR:0.002625166604445688
Epoch:177, Loss:2.6324863020254643, Acc:32.842, LR:0.002655769864163683
Epoch:178, Loss:2.6355144418015772, Acc:32.758, LR:0.002685232518563534
Epoch:179, Loss:2.6414864647145175, Acc:32.6, LR:0.00271352549156242
Validation: Loss:2.4633968114852904, Acc:36.18
Epoch:180, Loss:2.637500626700265, Acc:32.918, LR:0.0027406208614118416
Epoch:181, Loss:2.638764885007119, Acc:33.064, LR:0.0027664918882530217
Epoch:182, Loss:2.6519713401794434, Acc:32.266, LR:0.0027911130405059146
Epoch:183, Loss:2.65904836022124, Acc:32.66, LR:0.0028144600200657945
Epoch:184, Loss:2.655466537086331, Acc:32.292, LR:0.0028365097862825517
Validation: Loss:2.588536763191223, Acc:33.56
Epoch:185, Loss:2.665049509126313, Acc:32.212, LR:0.0028572405786990293
Epoch:186, Loss:2.6635806365888945, Acc:32.218, LR:0.0028766319385259724
Epoch:187, Loss:2.6729492411321525, Acc:32.106, LR:0.002894664728832377
Epoch:188, Loss:2.6947451440655454, Acc:31.532, LR:0.0029113211534313385
Epoch:189, Loss:2.680123433774831, Acc:31.57, LR:0.0029265847744427307
Validation: Loss:2.6453943252563477, Acc:32.38
Epoch:190, Loss:2.678515692146457, Acc:31.948, LR:0.0029404405285154145
Epoch:191, Loss:2.6827726461449446, Acc:32.006, LR:0.002952874741692947
Epoch:192, Loss:2.7029724510348574, Acc:31.33, LR:0.002963875142908121
Epoch:193, Loss:2.7065216156901144, Acc:31.538, LR:0.0029734308760930336
Epoch:194, Loss:2.6997368141096465, Acc:31.648, LR:0.002981532510892707
Validation: Loss:2.4751918792724608, Acc:35.5
Epoch:195, Loss:2.7002580725416845, Acc:31.492, LR:0.0029881720519717167
Epoch:196, Loss:2.689017804301515, Acc:31.948, LR:0.00299334294690462
Epoch:197, Loss:2.699277960524267, Acc:31.692, LR:0.002997040092642408
Epoch:198, Loss:2.7000580636822447, Acc:31.814, LR:0.002999259840548598
Epoch:199, Loss:2.705291370956265, Acc:31.358, LR:0.003000000000000001
Validation: Loss:2.620237410068512, Acc:33.43
Epoch:200, Loss:2.7025278514745286, Acc:31.494, LR:0.0029992598405485984
Epoch:201, Loss:2.70046937708952, Acc:31.37, LR:0.0029970400926424084
Epoch:202, Loss:2.7020056588309154, Acc:31.182, LR:0.002993342946904621
Epoch:203, Loss:2.7148586049371835, Acc:31.212, LR:0.002988172051971718
Epoch:204, Loss:2.699955127677139, Acc:31.544, LR:0.0029815325108927078
Validation: Loss:2.7257999897003176, Acc:31.47
Epoch:205, Loss:2.7028269865074934, Acc:31.548, LR:0.0029734308760930345
Epoch:206, Loss:2.701794811657497, Acc:31.494, LR:0.0029638751429081223
Epoch:207, Loss:2.7066681628324547, Acc:31.324, LR:0.002952874741692948
Epoch:208, Loss:2.6973633790502745, Acc:31.52, LR:0.002940440528515416
Epoch:209, Loss:2.693003309016325, Acc:31.826, LR:0.0029265847744427316
Validation: Loss:2.6106347680091857, Acc:33.74
Epoch:210, Loss:2.701697206010624, Acc:31.59, LR:0.0029113211534313394
Epoch:211, Loss:2.697522837288526, Acc:31.714, LR:0.002894664728832378
Epoch:212, Loss:2.6988221285294514, Acc:31.49, LR:0.0028766319385259724
Epoch:213, Loss:2.7056433084059734, Acc:31.514, LR:0.00285724057869903
Epoch:214, Loss:2.6959109817232405, Acc:31.628, LR:0.002836509786282553
Validation: Loss:2.6520727038383485, Acc:32.21
Epoch:215, Loss:2.704608965893181, Acc:31.274, LR:0.0028144600200657966
Epoch:216, Loss:2.6888807111856887, Acc:31.592, LR:0.0027911130405059168
Epoch:217, Loss:2.702116465081974, Acc:31.48, LR:0.002766491888253024
Epoch:218, Loss:2.6916426785138188, Acc:31.928, LR:0.002740620861411843
Epoch:219, Loss:2.6848832028252736, Acc:32.016, LR:0.0027135254915624215
Validation: Loss:2.552668559551239, Acc:34.7
Epoch:220, Loss:2.673005605230526, Acc:32.206, LR:0.0026852325185635355
Epoch:221, Loss:2.67228640098961, Acc:32.092, LR:0.002655769864163684
Epoch:222, Loss:2.6719306829024334, Acc:32.348, LR:0.0026251666044456896
Epoch:223, Loss:2.6614488460579695, Acc:32.354, LR:0.0025934529411321175
Epoch:224, Loss:2.6622001905830537, Acc:32.344, LR:0.0025606601717798215
Validation: Loss:2.421052074432373, Acc:37.72
Epoch:225, Loss:2.6662732362747192, Acc:32.156, LR:0.002526820658893034
Epoch:226, Loss:2.66273261819567, Acc:32.304, LR:0.002491967797985479
Epoch:227, Loss:2.653995518781701, Acc:32.66, LR:0.002456135984623036
Epoch:228, Loss:2.642183376818287, Acc:32.74, LR:0.0024193605804794663
Epoch:229, Loss:2.6478948082242693, Acc:32.868, LR:0.0023816778784387094
Validation: Loss:2.5111034393310545, Acc:35.04
Epoch:230, Loss:2.6395946887074686, Acc:32.674, LR:0.0023431250667781955
Epoch:231, Loss:2.6366120284917405, Acc:32.944, LR:0.0023037401924684946
Epoch:232, Loss:2.6325338738305226, Acc:33.102, LR:0.0022635621236255566
Epoch:233, Loss:2.6180274243257484, Acc:33.312, LR:0.0022226305111525727
Epoch:234, Loss:2.6084363046957524, Acc:33.488, LR:0.00218098574960932
Validation: Loss:2.4610559940338135, Acc:36.24
Epoch:235, Loss:2.6055540260003536, Acc:33.742, LR:0.002138668937347609
Epoch:236, Loss:2.608241893807236, Acc:33.556, LR:0.0020957218359521712
Epoch:237, Loss:2.592610556252149, Acc:33.772, LR:0.0020521868290270177
Epoch:238, Loss:2.5866366722145857, Acc:34.058, LR:0.0020081068803679382
Epoch:239, Loss:2.5791092940739224, Acc:34.122, LR:0.001963525491562423
Validation: Loss:2.4747339129447936, Acc:36.35
Epoch:240, Loss:2.5704083150746873, Acc:34.326, LR:0.0019184866590588434
Epoch:241, Loss:2.579512951325397, Acc:34.136, LR:0.001873034830747282
Epoch:242, Loss:2.5602128870633183, Acc:34.53, LR:0.001827214862094814
Epoch:243, Loss:2.548327144311399, Acc:35.208, LR:0.0017810719718785873
Epoch:244, Loss:2.54805842711001, Acc:34.784, LR:0.0017346516975603468
Validation: Loss:2.379920279979706, Acc:37.56
Epoch:245, Loss:2.52122907249295, Acc:35.134, LR:0.001687999850346457
Epoch:246, Loss:2.5316736211582107, Acc:34.962, LR:0.0016411624699777725
Epoch:247, Loss:2.5133223849899915, Acc:35.602, LR:0.0015941857792939713
Epoch:248, Loss:2.51146505803478, Acc:35.67, LR:0.0015471161386171942
Epoch:249, Loss:2.4975193763265806, Acc:36.064, LR:0.0015000000000000018
Validation: Loss:2.3230656743049622, Acc:39.18
Epoch:250, Loss:2.4857237825588303, Acc:36.1, LR:0.001452883861382807
Epoch:251, Loss:2.4711306411392835, Acc:36.362, LR:0.0014058142207060296
Epoch:252, Loss:2.4592582303650525, Acc:37.146, LR:0.0013588375300222285
Epoch:253, Loss:2.457459561678828, Acc:36.464, LR:0.0013120001496535437
Epoch:254, Loss:2.4488028360872853, Acc:36.966, LR:0.0012653483024396529
Validation: Loss:2.224681079387665, Acc:41.06
Epoch:255, Loss:2.419775366783142, Acc:37.628, LR:0.0012189280281214125
Epoch:256, Loss:2.4234204219312083, Acc:37.782, LR:0.001172785137905186
Epoch:257, Loss:2.410761533951273, Acc:37.664, LR:0.0011269651692527177
Epoch:258, Loss:2.400872361903288, Acc:38.008, LR:0.0010815133409411563
Epoch:259, Loss:2.3930967510962975, Acc:38.272, LR:0.0010364745084375793
Validation: Loss:2.23597708940506, Acc:41.36
Epoch:260, Loss:2.387800858945263, Acc:38.254, LR:0.0009918931196320636
Epoch:261, Loss:2.3676609919995677, Acc:38.874, LR:0.0009478131709729841
Epoch:262, Loss:2.355872426714216, Acc:39.102, LR:0.0009042781640478278
Epoch:263, Loss:2.3481539609480877, Acc:39.282, LR:0.00086133106265239
Epoch:264, Loss:2.333501492227827, Acc:39.306, LR:0.0008190142503906791
Validation: Loss:2.164769321680069, Acc:42.3
Epoch:265, Loss:2.328219416190167, Acc:39.424, LR:0.0007773694888474266
Epoch:266, Loss:2.322486140290085, Acc:39.918, LR:0.0007364378763744429
Epoch:267, Loss:2.2877912788974997, Acc:40.35, LR:0.0006962598075315051
Epoch:268, Loss:2.2800085106674506, Acc:40.4, LR:0.0006568749332218043
Epoch:269, Loss:2.2702484739070035, Acc:41.116, LR:0.0006183221215612907
Validation: Loss:2.0594025373458864, Acc:45.53
Epoch:270, Loss:2.256463182215788, Acc:41.01, LR:0.000580639419520536
Epoch:271, Loss:2.246256886696329, Acc:41.664, LR:0.0005438640153769643
Epoch:272, Loss:2.237672394635726, Acc:41.492, LR:0.0005080322020145212
Epoch:273, Loss:2.2256313513736337, Acc:42.366, LR:0.0004731793411069663
Epoch:274, Loss:2.2071260797734165, Acc:42.264, LR:0.0004393398282201782
Validation: Loss:2.0408130407333376, Acc:45.54
Epoch:275, Loss:2.203471373538582, Acc:42.372, LR:0.0004065470588678824
Epoch:276, Loss:2.188955216991658, Acc:42.716, LR:0.0003748333955543105
Epoch:277, Loss:2.1745235019800613, Acc:43.258, LR:0.00034423013583631616
Epoch:278, Loss:2.15793414870087, Acc:43.388, LR:0.00031476748143646456
Epoch:279, Loss:2.1459576353734855, Acc:43.7, LR:0.0002864745084375792
Validation: Loss:1.9278977811336517, Acc:48.12
Epoch:280, Loss:2.132985430104392, Acc:43.888, LR:0.0002593791385881578
Epoch:281, Loss:2.125425715835727, Acc:44.336, LR:0.0002335081117469779
Epoch:282, Loss:2.1216335041182384, Acc:44.116, LR:0.0002088869594940839
Epoch:283, Loss:2.1094305405811387, Acc:44.268, LR:0.00018553997993420415
Epoch:284, Loss:2.099543502136153, Acc:45.062, LR:0.00016349021371744784
Validation: Loss:1.8960570693016052, Acc:49.08
Best model updated!
Epoch:285, Loss:2.0854492710561168, Acc:45.138, LR:0.0001427594213009705
Epoch:286, Loss:2.081567173101464, Acc:45.168, LR:0.00012336806147402813
Epoch:287, Loss:2.0707489106119894, Acc:45.352, LR:0.00010533527116762281
Epoch:288, Loss:2.054687062088324, Acc:45.594, LR:8.867884656866182e-05
Epoch:289, Loss:2.0503486893614946, Acc:45.886, LR:7.341522555726987e-05
Validation: Loss:1.8618728041648864, Acc:49.72
Best model updated!
Epoch:290, Loss:2.0419132782488454, Acc:46.532, LR:5.955947148458557e-05
Epoch:291, Loss:2.042807474428294, Acc:46.214, LR:4.7125258307053556e-05
Epoch:292, Loss:2.0345463132371706, Acc:46.43, LR:3.612485709187918e-05
Epoch:293, Loss:2.0296260556396173, Acc:46.548, LR:2.6569123906966755e-05
Epoch:294, Loss:2.029435879113723, Acc:46.512, LR:1.8467489107293347e-05
Validation: Loss:1.8483705341815948, Acc:50.08
Best model updated!
Epoch:295, Loss:2.024616112514418, Acc:46.572, LR:1.182794802828319e-05
Epoch:296, Loss:2.0190924430380064, Acc:46.81, LR:6.657053095380007e-06
Epoch:297, Loss:2.009795500307667, Acc:46.738, LR:2.9599073575926623e-06
Epoch:298, Loss:2.0141900814309412, Acc:46.97, LR:7.401594514026002e-07
Epoch:299, Loss:2.01806313042738, Acc:46.792, LR:0.0
Validation: Loss:1.8430297791957855, Acc:50.2
Best model updated!
Epoch:300, Loss:2.011248760077418, Acc:47.01, LR:7.401594514025999e-07
Epoch:301, Loss:2.0124261452227223, Acc:46.842, LR:2.9599073575926615e-06
Epoch:302, Loss:2.0167793205806186, Acc:46.794, LR:6.657053095379839e-06
Epoch:303, Loss:2.0195999291478373, Acc:46.754, LR:1.182794802828302e-05
Epoch:304, Loss:2.0132189964761538, Acc:46.632, LR:1.846748910729351e-05
Validation: Loss:1.841854327917099, Acc:50.26
Best model updated!
Epoch:305, Loss:2.0131325855547066, Acc:46.89, LR:2.656912390696708e-05
Epoch:306, Loss:2.013863422432724, Acc:46.7, LR:3.612485709187901e-05
Epoch:307, Loss:2.022933099951063, Acc:46.518, LR:4.712525830705338e-05
Epoch:308, Loss:2.015793104561008, Acc:46.698, LR:5.9559471484585223e-05
Epoch:309, Loss:2.0266284541207917, Acc:46.542, LR:7.341522555726952e-05
Validation: Loss:1.851072758436203, Acc:50.04
Epoch:310, Loss:2.030627024417021, Acc:46.376, LR:8.867884656866145e-05
Epoch:311, Loss:2.031645478034506, Acc:46.318, LR:0.00010533527116762243
Epoch:312, Loss:2.031936057976314, Acc:46.312, LR:0.00012336806147402775
Epoch:313, Loss:2.0355251723406265, Acc:46.332, LR:0.00014275942130096992
Epoch:314, Loss:2.0457148539776706, Acc:46.22, LR:0.0001634902137174484
Validation: Loss:1.8706012547016144, Acc:49.63
Epoch:315, Loss:2.0453438406087914, Acc:46.166, LR:0.0001855399799342047
Epoch:316, Loss:2.055591669617867, Acc:45.942, LR:0.00020888695949408459
Epoch:317, Loss:2.0648692846298218, Acc:45.472, LR:0.00023350811174697726
Epoch:318, Loss:2.070738718217733, Acc:45.618, LR:0.00025937913858815697
Epoch:319, Loss:2.076813060410169, Acc:45.236, LR:0.00028647450843757833
Validation: Loss:1.9009859323501588, Acc:48.94
Epoch:320, Loss:2.080464799793399, Acc:45.212, LR:0.0003147674814364637
Epoch:321, Loss:2.089428642574622, Acc:45.118, LR:0.00034423013583631523
Epoch:322, Loss:2.0964958278500303, Acc:44.748, LR:0.00037483339555430956
Epoch:323, Loss:2.10869306812481, Acc:44.472, LR:0.0004065470588678812
Epoch:324, Loss:2.128535970133178, Acc:44.042, LR:0.00043933982822017703
Validation: Loss:1.9346519112586975, Acc:48.09
Epoch:325, Loss:2.1369100906410994, Acc:44.03, LR:0.00047317934110696516
Epoch:326, Loss:2.145659164506562, Acc:43.63, LR:0.000508032202014522
Epoch:327, Loss:2.155631112809084, Acc:43.612, LR:0.0005438640153769632
Epoch:328, Loss:2.165197028189289, Acc:43.382, LR:0.0005806394195205346
Epoch:329, Loss:2.185005032286352, Acc:42.86, LR:0.0006183221215612872
Validation: Loss:2.0098835110664366, Acc:46.57
Epoch:330, Loss:2.1950561075794455, Acc:42.714, LR:0.000656874933221803
Epoch:331, Loss:2.21333553839703, Acc:42.172, LR:0.0006962598075315059
Epoch:332, Loss:2.2219025091249116, Acc:41.976, LR:0.0007364378763744414
Epoch:333, Loss:2.220325674329485, Acc:42.318, LR:0.0007773694888474274
Epoch:334, Loss:2.231377732997038, Acc:41.796, LR:0.0008190142503906776
Validation: Loss:2.0915804862976075, Acc:44.81
Epoch:335, Loss:2.2442738888215046, Acc:41.66, LR:0.0008613310626523909
Epoch:336, Loss:2.2568959265339132, Acc:41.086, LR:0.0009042781640478263
Epoch:337, Loss:2.2714932719055487, Acc:40.762, LR:0.0009478131709729822
Epoch:338, Loss:2.2863599791818734, Acc:40.456, LR:0.0009918931196320592
Epoch:339, Loss:2.3054771642295684, Acc:40.146, LR:0.001036474508437577
Validation: Loss:2.260180044174194, Acc:41.55
Epoch:340, Loss:2.305202525489184, Acc:40.244, LR:0.0010815133409411515
Epoch:341, Loss:2.299422811488716, Acc:40.522, LR:0.0011269651692527157
Epoch:342, Loss:2.3119094250153522, Acc:39.858, LR:0.0011727851379051864
Epoch:343, Loss:2.316449841674493, Acc:39.936, LR:0.0012189280281214103
Epoch:344, Loss:2.3314139526717517, Acc:39.566, LR:0.0012653483024396533
Validation: Loss:2.20223263502121, Acc:42.09
Epoch:345, Loss:2.3455065245531044, Acc:39.178, LR:0.0013120001496535404
Epoch:346, Loss:2.354856717343233, Acc:39.068, LR:0.0013588375300222276
Epoch:347, Loss:2.3676901228573857, Acc:38.85, LR:0.001405814220706026
Epoch:348, Loss:2.3602240912768306, Acc:39.02, LR:0.001452883861382806
Epoch:349, Loss:2.381856232273335, Acc:38.504, LR:0.0014999999999999957
Validation: Loss:2.2202630758285524, Acc:41.19
Epoch:350, Loss:2.396415374716934, Acc:37.936, LR:0.0015471161386171903
Epoch:351, Loss:2.3924156646339263, Acc:37.904, LR:0.0015941857792939678
Epoch:352, Loss:2.4056107900580583, Acc:37.894, LR:0.001641162469977769
Epoch:353, Loss:2.4211596810087865, Acc:37.64, LR:0.0016879998503464561
Epoch:354, Loss:2.422114454970068, Acc:37.636, LR:0.0017346516975603433
Validation: Loss:2.2582754492759705, Acc:40.84
Epoch:355, Loss:2.437022615452202, Acc:37.322, LR:0.0017810719718785862
Epoch:356, Loss:2.438293014253889, Acc:37.13, LR:0.0018272148620948104
Epoch:357, Loss:2.4430056007540957, Acc:37.012, LR:0.0018730348307472808
Epoch:358, Loss:2.45291145480409, Acc:36.848, LR:0.0019184866590588397
Epoch:359, Loss:2.4573922765498257, Acc:36.904, LR:0.0019635254915624195
Validation: Loss:2.2780342936515807, Acc:40.9
Epoch:360, Loss:2.4649771670905913, Acc:36.94, LR:0.002008106880367935
Epoch:361, Loss:2.4862206347134648, Acc:36.074, LR:0.002052186829027015
Epoch:362, Loss:2.4899697474070956, Acc:36.086, LR:0.0020957218359521712
Epoch:363, Loss:2.489379829289962, Acc:36.016, LR:0.0021386689373476065
Epoch:364, Loss:2.483386986109675, Acc:36.44, LR:0.00218098574960932
Validation: Loss:2.385570764541626, Acc:38.74
Epoch:365, Loss:2.5121428844880085, Acc:35.794, LR:0.00222263051115257
Epoch:366, Loss:2.5193372526947333, Acc:35.49, LR:0.002263562123625556
Epoch:367, Loss:2.51802519146277, Acc:35.452, LR:0.0023037401924684915
Epoch:368, Loss:2.520183042604096, Acc:35.426, LR:0.0023431250667781947
Epoch:369, Loss:2.5353861633612187, Acc:35.302, LR:0.0023816778784387085
Validation: Loss:2.411106288433075, Acc:37.89
Epoch:370, Loss:2.539792019493726, Acc:35.018, LR:0.0024193605804794633
Epoch:371, Loss:2.5503836213325966, Acc:34.75, LR:0.0024561359846230328
Epoch:372, Loss:2.5603882536596183, Acc:34.754, LR:0.0024919677979854758
Epoch:373, Loss:2.5628275530678883, Acc:34.566, LR:0.002526820658893033
Epoch:374, Loss:2.5650543752981694, Acc:34.55, LR:0.002560660171779819
Validation: Loss:2.3288228631019594, Acc:39.29
Epoch:375, Loss:2.5684991491084195, Acc:34.828, LR:0.002593452941132117
Epoch:376, Loss:2.5753481485405745, Acc:34.224, LR:0.0026251666044456866
Epoch:377, Loss:2.5884251545886605, Acc:33.788, LR:0.0026557698641636826
Epoch:378, Loss:2.5763796811201134, Acc:34.402, LR:0.002685232518563534
Epoch:379, Loss:2.5932323446079177, Acc:34.07, LR:0.0027135254915624193
Validation: Loss:2.4151760816574095, Acc:37.34
Epoch:380, Loss:2.5867542150069256, Acc:34.224, LR:0.002740620861411841
Epoch:381, Loss:2.59963913353122, Acc:33.484, LR:0.0027664918882530213
Epoch:382, Loss:2.6039582004352493, Acc:33.902, LR:0.002791113040505914
Epoch:383, Loss:2.6045339715724087, Acc:33.684, LR:0.002814460020065794
Epoch:384, Loss:2.613697920526777, Acc:33.512, LR:0.0028365097862825517
Validation: Loss:2.424642467498779, Acc:37.41
Epoch:385, Loss:2.6129122193978755, Acc:33.44, LR:0.002857240578699028
Epoch:386, Loss:2.623438669710743, Acc:33.126, LR:0.002876631938525971
Epoch:387, Loss:2.6346506658865483, Acc:33.056, LR:0.0028946647288323767
Epoch:388, Loss:2.632594203462406, Acc:33.096, LR:0.0029113211534313376
Epoch:389, Loss:2.636506971047849, Acc:32.76, LR:0.00292658477444273
Validation: Loss:2.567556393146515, Acc:34.85
Epoch:390, Loss:2.6533450204498914, Acc:32.452, LR:0.0029404405285154136
Epoch:391, Loss:2.649646425733761, Acc:32.648, LR:0.002952874741692946
Epoch:392, Loss:2.6486270914272385, Acc:32.758, LR:0.00296387514290812
Epoch:393, Loss:2.6462860302049287, Acc:32.788, LR:0.002973430876093032
Epoch:394, Loss:2.65265581802446, Acc:32.688, LR:0.002981532510892706
Validation: Loss:2.5456618309020995, Acc:34.25
Epoch:395, Loss:2.6389403683798656, Acc:33.046, LR:0.0029881720519717163
Epoch:396, Loss:2.6484843565493215, Acc:32.782, LR:0.0029933429469046193
Epoch:397, Loss:2.653399083079124, Acc:32.712, LR:0.002997040092642407
Epoch:398, Loss:2.670239757518379, Acc:32.154, LR:0.002999259840548597
Epoch:399, Loss:2.6696101962303627, Acc:32.258, LR:0.003
Validation: Loss:2.7500699162483215, Acc:30.82
Epoch:400, Loss:2.6658022744315013, Acc:32.174, LR:0.0029992598405485975
Epoch:401, Loss:2.664252395532569, Acc:32.7, LR:0.002997040092642408
Epoch:402, Loss:2.6611542945005455, Acc:32.512, LR:0.00299334294690462
Epoch:403, Loss:2.6608474376250286, Acc:32.492, LR:0.002988172051971717
Epoch:404, Loss:2.6817544139161402, Acc:32.174, LR:0.0029815325108927073
Validation: Loss:2.6125840067863466, Acc:33.51
Epoch:405, Loss:2.6752053012653274, Acc:32.202, LR:0.002973430876093033
Epoch:406, Loss:2.6666515165445754, Acc:32.506, LR:0.0029638751429081215
Epoch:407, Loss:2.6743762712089385, Acc:32.244, LR:0.002952874741692947
Epoch:408, Loss:2.666652492114476, Acc:32.394, LR:0.0029404405285154154
Epoch:409, Loss:2.6600201494839726, Acc:32.29, LR:0.0029265847744427307
Validation: Loss:2.504567837715149, Acc:35.13
Epoch:410, Loss:2.6653591053826466, Acc:32.334, LR:0.0029113211534313385
Epoch:411, Loss:2.666745942466113, Acc:32.152, LR:0.002894664728832378
Epoch:412, Loss:2.677259615489415, Acc:32.094, LR:0.0028766319385259724
Epoch:413, Loss:2.6567366244841595, Acc:32.494, LR:0.00285724057869903
Epoch:414, Loss:2.6653454620011, Acc:32.32, LR:0.0028365097862825517
Validation: Loss:2.446201300621033, Acc:36.77
Epoch:415, Loss:2.6566456118408515, Acc:32.61, LR:0.0028144600200657953
Epoch:416, Loss:2.6606580408252016, Acc:32.414, LR:0.002791113040505916
Epoch:417, Loss:2.663250835574403, Acc:32.32, LR:0.0027664918882530235
Epoch:418, Loss:2.649083215363172, Acc:32.5, LR:0.002740620861411844
Epoch:419, Loss:2.6500807270711784, Acc:32.658, LR:0.002713525491562422
Validation: Loss:2.5800061583518983, Acc:33.4
Epoch:420, Loss:2.644507116200973, Acc:32.936, LR:0.0026852325185635364
Epoch:421, Loss:2.6522291655443153, Acc:32.678, LR:0.002655769864163685
Epoch:422, Loss:2.6457919368938523, Acc:32.618, LR:0.0026251666044456905
Epoch:423, Loss:2.6368972792917367, Acc:32.958, LR:0.0025934529411321167
Epoch:424, Loss:2.63389917052522, Acc:33.162, LR:0.0025606601717798228
Validation: Loss:2.5224358201026917, Acc:35.91
Epoch:425, Loss:2.6344399719822165, Acc:33.08, LR:0.0025268206588930325
Epoch:426, Loss:2.6320779518205293, Acc:33.09, LR:0.0024919677979854775
Epoch:427, Loss:2.62770156714381, Acc:33.114, LR:0.0024561359846230345
Epoch:428, Loss:2.617538347536204, Acc:33.55, LR:0.002419360580479465
Epoch:429, Loss:2.6193112232247175, Acc:33.556, LR:0.0023816778784387102
Validation: Loss:2.5561806917190553, Acc:34.89
Epoch:430, Loss:2.6117194063809452, Acc:33.74, LR:0.002343125066778197
Epoch:431, Loss:2.5981180327279225, Acc:33.752, LR:0.002303740192468496
Epoch:432, Loss:2.601759747583039, Acc:33.746, LR:0.0022635621236255558
Epoch:433, Loss:2.5908632424412943, Acc:34.298, LR:0.002222630511152574
Epoch:434, Loss:2.582114604054665, Acc:34.16, LR:0.0021809857496093194
Validation: Loss:2.3623730421066282, Acc:38.94
Epoch:435, Loss:2.582650114078911, Acc:34.22, LR:0.002138668937347611
Epoch:436, Loss:2.582009814223465, Acc:34.358, LR:0.0020957218359521704
Epoch:437, Loss:2.556149643294665, Acc:34.786, LR:0.002052186829027017
Epoch:438, Loss:2.5636817727770125, Acc:34.432, LR:0.002008106880367937
Epoch:439, Loss:2.543917814079596, Acc:34.986, LR:0.0019635254915624217
Validation: Loss:2.3535073041915893, Acc:38.97
Epoch:440, Loss:2.5424969099005876, Acc:35.062, LR:0.0019184866590588445
Epoch:441, Loss:2.530627912404586, Acc:35.284, LR:0.0018730348307472806
Epoch:442, Loss:2.5350259931720034, Acc:35.364, LR:0.001827214862094815
Epoch:443, Loss:2.5179677325852063, Acc:35.574, LR:0.0017810719718785858
Epoch:444, Loss:2.518857011989671, Acc:35.488, LR:0.001734651697560348
Validation: Loss:2.3327596783638, Acc:39.26
Epoch:445, Loss:2.5080358349547094, Acc:35.692, LR:0.0016879998503464557
Epoch:446, Loss:2.4861709366039353, Acc:36.258, LR:0.0016411624699777738
Epoch:447, Loss:2.4904943072066015, Acc:36.274, LR:0.0015941857792939698
Epoch:448, Loss:2.476553503347903, Acc:36.608, LR:0.0015471161386171927
Epoch:449, Loss:2.4717345554001477, Acc:36.434, LR:0.0015000000000000002
Validation: Loss:2.382143664360046, Acc:38.19
Epoch:450, Loss:2.4531849306456897, Acc:36.784, LR:0.0014528838613828057
Epoch:451, Loss:2.4477238217178656, Acc:37.074, LR:0.0014058142207060307
Epoch:452, Loss:2.4469390304721133, Acc:37.214, LR:0.001358837530022227
Epoch:453, Loss:2.4242151562048466, Acc:37.672, LR:0.001312000149653545
Epoch:454, Loss:2.411115806929919, Acc:37.778, LR:0.0012653483024396527
Validation: Loss:2.214232051372528, Acc:42.55
Epoch:455, Loss:2.407190741324911, Acc:37.992, LR:0.001218928028121415
Epoch:456, Loss:2.396255614806195, Acc:38.17, LR:0.0011727851379051857
Epoch:457, Loss:2.3849821188011946, Acc:38.56, LR:0.0011269651692527203
Epoch:458, Loss:2.3711507296075625, Acc:38.494, LR:0.001081513340941156
Epoch:459, Loss:2.3647913786829733, Acc:38.94, LR:0.0010364745084375767
Validation: Loss:2.139686954021454, Acc:43.5
Epoch:460, Loss:2.3546913497302, Acc:38.998, LR:0.0009918931196320634
Epoch:461, Loss:2.3441885077223485, Acc:39.458, LR:0.0009478131709729813
Epoch:462, Loss:2.32770379952022, Acc:39.762, LR:0.00090427816404783
Epoch:463, Loss:2.315441370010376, Acc:40.022, LR:0.0008613310626523898
Epoch:464, Loss:2.3076392144572977, Acc:40.116, LR:0.0008190142503906813
Validation: Loss:2.166177135705948, Acc:42.97
Epoch:465, Loss:2.2932894132575212, Acc:40.242, LR:0.0007773694888474264
Epoch:466, Loss:2.2889867047874297, Acc:40.244, LR:0.0007364378763744449
Epoch:467, Loss:2.262087736810957, Acc:41.084, LR:0.0006962598075315048
Epoch:468, Loss:2.255747354760462, Acc:41.274, LR:0.0006568749332218063
Epoch:469, Loss:2.2420526086067665, Acc:41.642, LR:0.0006183221215612905
Validation: Loss:2.1200353384017943, Acc:44.09
Epoch:470, Loss:2.2343497276306152, Acc:41.838, LR:0.0005806394195205336
Epoch:471, Loss:2.2186383422540157, Acc:42.034, LR:0.0005438640153769661
Epoch:472, Loss:2.212982484272548, Acc:42.092, LR:0.0005080322020145211
Epoch:473, Loss:2.201799606790348, Acc:42.34, LR:0.00047317934110696803
Epoch:474, Loss:2.189138930671069, Acc:42.642, LR:0.000439339828220178
Validation: Loss:1.9897529125213622, Acc:46.68
Epoch:475, Loss:2.1736259156343887, Acc:43.128, LR:0.00040654705886788403
Epoch:476, Loss:2.161086093406288, Acc:43.406, LR:0.0003748333955543105
Epoch:477, Loss:2.1462505046202214, Acc:43.742, LR:0.00034423013583631784
Epoch:478, Loss:2.1414498042087167, Acc:43.652, LR:0.0003147674814364646
Epoch:479, Loss:2.125099789123146, Acc:44.134, LR:0.00028647450843758077
Validation: Loss:1.9409479916095733, Acc:48.01
Epoch:480, Loss:2.1129825516622893, Acc:44.538, LR:0.0002593791385881577
Epoch:481, Loss:2.1035223566755956, Acc:44.63, LR:0.00023350811174697656
Epoch:482, Loss:2.0937740900078596, Acc:44.738, LR:0.00020888695949408524
Epoch:483, Loss:2.07950467236188, Acc:45.258, LR:0.00018553997993420418
Epoch:484, Loss:2.0735075863040224, Acc:45.478, LR:0.00016349021371744906
Validation: Loss:1.8903575241565704, Acc:48.97
Epoch:485, Loss:2.0697149622197055, Acc:45.406, LR:0.00014275942130097057
Epoch:486, Loss:2.056787847256174, Acc:45.688, LR:0.0001233680614740294
Epoch:487, Loss:2.0500472662400226, Acc:45.84, LR:0.00010533527116762294
Epoch:488, Loss:2.033649758416779, Acc:46.284, LR:8.867884656866294e-05
Epoch:489, Loss:2.0290716910848814, Acc:46.518, LR:7.341522555726983e-05
Validation: Loss:1.8465770721435546, Acc:49.77
Epoch:490, Loss:2.0165151321158117, Acc:46.614, LR:5.955947148458487e-05
Epoch:491, Loss:2.017967700958252, Acc:46.726, LR:4.71252583070537e-05
Epoch:492, Loss:2.0184821449980443, Acc:46.718, LR:3.6124857091878666e-05
Epoch:493, Loss:2.0096313831757526, Acc:47.09, LR:2.6569123906967405e-05
Epoch:494, Loss:2.004756249943558, Acc:46.724, LR:1.8467489107293337e-05
Validation: Loss:1.832122302055359, Acc:50.24
Epoch:495, Loss:2.0012383497491175, Acc:47.29, LR:1.1827948028283515e-05
Epoch:496, Loss:1.9961888230576808, Acc:47.244, LR:6.6570530953800035e-06
Epoch:497, Loss:1.996287843402551, Acc:47.332, LR:2.9599073575928275e-06
Epoch:498, Loss:1.9937414539103606, Acc:47.27, LR:7.401594514027663e-07
Epoch:499, Loss:1.9900807397706168, Acc:47.234, LR:0.0
Validation: Loss:1.8278936505317689, Acc:50.36
Best model updated!
Epoch:500, Loss:1.9958578579279842, Acc:47.31, LR:7.401594514025999e-07
Epoch:501, Loss:1.9922920684425198, Acc:47.162, LR:2.9599073575926615e-06
Epoch:502, Loss:1.992657109182708, Acc:47.298, LR:6.657053095379839e-06
Epoch:503, Loss:1.9973593001462975, Acc:47.224, LR:1.1827948028283354e-05
Epoch:504, Loss:1.992720361875028, Acc:47.35, LR:1.8467489107293012e-05
Validation: Loss:1.8302402555942536, Acc:50.16
Epoch:505, Loss:1.9960642420515722, Acc:47.258, LR:2.6569123906967087e-05
Epoch:506, Loss:2.0002757335195738, Acc:47.126, LR:3.6124857091878354e-05
Epoch:507, Loss:1.9982082649153106, Acc:47.176, LR:4.712525830705323e-05
Epoch:508, Loss:2.0004851769427865, Acc:47.076, LR:5.955947148458442e-05
Epoch:509, Loss:2.0054987121601493, Acc:47.09, LR:7.341522555727022e-05
Validation: Loss:1.8344004154205322, Acc:50.16
Epoch:510, Loss:1.9979802333578771, Acc:46.888, LR:8.867884656866134e-05
Epoch:511, Loss:2.008395330030091, Acc:46.7, LR:0.00010533527116762334
Epoch:512, Loss:2.01492468313295, Acc:46.476, LR:0.00012336806147402767
Epoch:513, Loss:2.0170778498357658, Acc:46.626, LR:0.000142759421300971
Epoch:514, Loss:2.0189569312698987, Acc:46.532, LR:0.0001634902137174472
Validation: Loss:1.8563042521476745, Acc:49.98
Epoch:515, Loss:2.029375374317169, Acc:46.432, LR:0.0001855399799342047
Epoch:516, Loss:2.0418391057423184, Acc:46.11, LR:0.00020888695949408594
Epoch:517, Loss:2.0398428975319374, Acc:46.104, LR:0.00023350811174697731
Epoch:518, Loss:2.05309574579706, Acc:45.606, LR:0.00025937913858815854
Epoch:519, Loss:2.0595592114390158, Acc:45.546, LR:0.00028647450843757844
Validation: Loss:1.902434128522873, Acc:48.72
Epoch:520, Loss:2.0653867113346958, Acc:45.724, LR:0.0003147674814364655
Epoch:521, Loss:2.0795615303273105, Acc:45.144, LR:0.00034423013583631523
Epoch:522, Loss:2.085534538541521, Acc:44.942, LR:0.0003748333955543114
Epoch:523, Loss:2.0927816884858266, Acc:44.958, LR:0.0004065470588678815
Epoch:524, Loss:2.1096838116645813, Acc:44.8, LR:0.0004393398282201791
Validation: Loss:1.9331075429916382, Acc:48.04
Epoch:525, Loss:2.1221504406053193, Acc:44.502, LR:0.0004731793411069692
Epoch:526, Loss:2.128327273592657, Acc:44.104, LR:0.0005080322020145222
Epoch:527, Loss:2.1508078611626917, Acc:43.442, LR:0.0005438640153769673
Epoch:528, Loss:2.1482610155125053, Acc:43.768, LR:0.0005806394195205348
Epoch:529, Loss:2.1584009260547403, Acc:43.46, LR:0.0006183221215612918
Validation: Loss:1.9927993953227996, Acc:46.64
Epoch:530, Loss:2.1769837214022267, Acc:43.132, LR:0.0006568749332218033
Epoch:531, Loss:2.180976225405323, Acc:43.088, LR:0.0006962598075315063
Epoch:532, Loss:2.196430892360454, Acc:42.698, LR:0.0007364378763744417
Epoch:533, Loss:2.2034502515987473, Acc:42.52, LR:0.0007773694888474277
Epoch:534, Loss:2.211582592555455, Acc:42.15, LR:0.0008190142503906827
Validation: Loss:2.086816483736038, Acc:45.12
Epoch:535, Loss:2.22890559507876, Acc:42.008, LR:0.0008613310626523911
Epoch:536, Loss:2.241138283087283, Acc:41.724, LR:0.0009042781640478313
Epoch:537, Loss:2.249824231984664, Acc:41.652, LR:0.0009478131709729827
Epoch:538, Loss:2.2731735487373506, Acc:41.144, LR:0.0009918931196320649
Epoch:539, Loss:2.262940068634189, Acc:41.094, LR:0.001036474508437578
Validation: Loss:2.1037716627120973, Acc:44.1
Epoch:540, Loss:2.2739975452423096, Acc:40.826, LR:0.0010815133409411578
Epoch:541, Loss:2.281634576466619, Acc:40.648, LR:0.0011269651692527166
Epoch:542, Loss:2.307270789632992, Acc:40.208, LR:0.0011727851379051872
Epoch:543, Loss:2.3099744611856887, Acc:40.116, LR:0.0012189280281214166
Epoch:544, Loss:2.3231764691216603, Acc:39.946, LR:0.0012653483024396544
Validation: Loss:2.139751613140106, Acc:43.24
Epoch:545, Loss:2.320525670538143, Acc:39.824, LR:0.0013120001496535465
Epoch:546, Loss:2.342192394392831, Acc:39.366, LR:0.0013588375300222287
Epoch:547, Loss:2.3512542150458513, Acc:39.282, LR:0.0014058142207060325
Epoch:548, Loss:2.36093076637813, Acc:39.168, LR:0.0014528838613828072
Epoch:549, Loss:2.364454724350754, Acc:38.922, LR:0.001500000000000002
Validation: Loss:2.183378076553345, Acc:42.85
Epoch:550, Loss:2.3701618082669316, Acc:38.842, LR:0.0015471161386171916
Epoch:551, Loss:2.387831634404708, Acc:38.38, LR:0.0015941857792939717
Epoch:552, Loss:2.3865237600949345, Acc:38.388, LR:0.0016411624699777705
Epoch:553, Loss:2.3980154480252946, Acc:38.046, LR:0.0016879998503464577
Epoch:554, Loss:2.3957361128865458, Acc:38.294, LR:0.00173465169756035
Validation: Loss:2.2154572010040283, Acc:41.82
Epoch:555, Loss:2.422180467722367, Acc:37.616, LR:0.0017810719718785875
Epoch:556, Loss:2.4198576503870437, Acc:37.712, LR:0.0018272148620948165
Epoch:557, Loss:2.4290199231128304, Acc:37.258, LR:0.0018730348307472821
Epoch:558, Loss:2.4391377531752294, Acc:37.36, LR:0.0019184866590588464
Epoch:559, Loss:2.44132293730366, Acc:37.244, LR:0.001963525491562421
Validation: Loss:2.2521856665611266, Acc:41.02
Epoch:560, Loss:2.4502481514093826, Acc:36.884, LR:0.002008106880367939
Epoch:561, Loss:2.460519956082714, Acc:36.922, LR:0.0020521868290270164
Epoch:562, Loss:2.461228601786555, Acc:37.084, LR:0.0020957218359521725
Epoch:563, Loss:2.477639142347842, Acc:36.858, LR:0.002138668937347608
Epoch:564, Loss:2.4829064340007547, Acc:36.252, LR:0.0021809857496093215
Validation: Loss:2.3989022374153137, Acc:37.74
Epoch:565, Loss:2.4800834363820603, Acc:36.624, LR:0.002222630511152576
Epoch:566, Loss:2.496498480135081, Acc:36.156, LR:0.0022635621236255584
Epoch:567, Loss:2.5161861108273875, Acc:35.716, LR:0.0023037401924684985
Epoch:568, Loss:2.508735800275997, Acc:35.772, LR:0.002343125066778197
Epoch:569, Loss:2.514525002362777, Acc:35.648, LR:0.002381677878438713
Validation: Loss:2.463710975646973, Acc:37.03
Epoch:570, Loss:2.539300081681232, Acc:35.226, LR:0.0024193605804794655
Epoch:571, Loss:2.5304620436259677, Acc:35.27, LR:0.0024561359846230375
Epoch:572, Loss:2.5359136863630645, Acc:35.292, LR:0.0024919677979854784
Epoch:573, Loss:2.5484143568544972, Acc:34.684, LR:0.0025268206588930356
Epoch:574, Loss:2.5422455680613614, Acc:35.266, LR:0.0025606601717798215
Validation: Loss:2.459162199497223, Acc:35.92
Epoch:575, Loss:2.5507264915777714, Acc:35.07, LR:0.0025934529411321197
Epoch:576, Loss:2.561711552191754, Acc:34.85, LR:0.002625166604445693
Epoch:577, Loss:2.5709757610243194, Acc:34.546, LR:0.002655769864163686
Epoch:578, Loss:2.5757382037688275, Acc:34.368, LR:0.002685232518563539
Epoch:579, Loss:2.5767921063364767, Acc:34.324, LR:0.0027135254915624228
Validation: Loss:2.4411582350730896, Acc:36.86
Epoch:580, Loss:2.5902227041672687, Acc:33.976, LR:0.0027406208614118455
Epoch:581, Loss:2.609176078621222, Acc:33.718, LR:0.002766491888253024
Epoch:582, Loss:2.588852286338806, Acc:33.832, LR:0.0027911130405059176
Epoch:583, Loss:2.6043370840500812, Acc:34.02, LR:0.002814460020065796
Epoch:584, Loss:2.605199954947647, Acc:33.646, LR:0.0028365097862825535
Validation: Loss:2.4721494793891905, Acc:37.15
Epoch:585, Loss:2.6109155489473928, Acc:33.478, LR:0.0028572405786990297
Epoch:586, Loss:2.6163631653299135, Acc:33.444, LR:0.0028766319385259732
Epoch:587, Loss:2.619522048502552, Acc:33.422, LR:0.0028946647288323793
Epoch:588, Loss:2.6257684547073987, Acc:33.474, LR:0.0029113211534313394
Epoch:589, Loss:2.6237944315890878, Acc:33.28, LR:0.0029265847744427325
Validation: Loss:2.384580409526825, Acc:38.03
Epoch:590, Loss:2.6425422648994292, Acc:32.992, LR:0.002940440528515416
Epoch:591, Loss:2.628958059816944, Acc:33.162, LR:0.0029528747416929482
Epoch:592, Loss:2.6318384189994966, Acc:33.082, LR:0.002963875142908122
Epoch:593, Loss:2.6287625517163957, Acc:33.278, LR:0.0029734308760930345
Epoch:594, Loss:2.639365663333815, Acc:33.09, LR:0.0029815325108927073
Validation: Loss:2.660626542568207, Acc:32.31
Epoch:595, Loss:2.6412106241498674, Acc:32.886, LR:0.0029881720519717185
Epoch:596, Loss:2.65308140735237, Acc:32.748, LR:0.0029933429469046215
Epoch:597, Loss:2.6466427189963206, Acc:32.844, LR:0.0029970400926424092
Epoch:598, Loss:2.6478312088518727, Acc:32.594, LR:0.0029992598405485993
Epoch:599, Loss:2.6514902917706236, Acc:32.704, LR:0.0030000000000000022
Validation: Loss:2.5034611225128174, Acc:35.51
Epoch:600, Loss:2.655606296597695, Acc:32.658, LR:0.0029992598405485993
Epoch:601, Loss:2.653813067747622, Acc:32.782, LR:0.00299704009264241
Epoch:602, Loss:2.6489720271558177, Acc:32.716, LR:0.0029933429469046224
Epoch:603, Loss:2.6651272968370088, Acc:32.54, LR:0.0029881720519717193
Epoch:604, Loss:2.6670296849036705, Acc:32.382, LR:0.002981532510892709
Validation: Loss:2.501280152797699, Acc:35.63
Epoch:605, Loss:2.6580182922129727, Acc:32.536, LR:0.002973430876093036
Epoch:606, Loss:2.6482142526276258, Acc:32.746, LR:0.002963875142908123
Epoch:607, Loss:2.6492843481959127, Acc:32.648, LR:0.002952874741692949
Epoch:608, Loss:2.6519077286428336, Acc:32.638, LR:0.002940440528515417
Epoch:609, Loss:2.656013549590597, Acc:32.604, LR:0.0029265847744427316
Validation: Loss:2.4797387599945067, Acc:36.63
Epoch:610, Loss:2.6638228309397793, Acc:32.35, LR:0.0029113211534313407
Epoch:611, Loss:2.6577604571167304, Acc:32.632, LR:0.002894664728832379
Epoch:612, Loss:2.658019102349573, Acc:32.534, LR:0.002876631938525975
Epoch:613, Loss:2.6527888799200254, Acc:32.682, LR:0.0028572405786990314
Epoch:614, Loss:2.662564569590043, Acc:32.456, LR:0.0028365097862825556
Validation: Loss:2.5505621671676635, Acc:34.56
Epoch:615, Loss:2.6491768846706467, Acc:32.592, LR:0.002814460020065798
Epoch:616, Loss:2.6436188488590475, Acc:32.746, LR:0.0027911130405059194
Epoch:617, Loss:2.642234369200103, Acc:32.896, LR:0.0027664918882530256
Epoch:618, Loss:2.6400711049838943, Acc:32.856, LR:0.0027406208614118447
Epoch:619, Loss:2.6437327740143757, Acc:32.74, LR:0.0027135254915624245
Validation: Loss:2.402046430110931, Acc:36.76
Epoch:620, Loss:2.6325493783366922, Acc:33.214, LR:0.0026852325185635372
Epoch:621, Loss:2.6355739856252867, Acc:32.98, LR:0.0026557698641636873
Epoch:622, Loss:2.6190012377135607, Acc:33.502, LR:0.002625166604445691
Epoch:623, Loss:2.6243109581421833, Acc:33.152, LR:0.0025934529411321215
Epoch:624, Loss:2.6424751379051985, Acc:33.024, LR:0.0025606601717798236
Validation: Loss:2.3693177103996277, Acc:38.16
Epoch:625, Loss:2.621630325609324, Acc:33.146, LR:0.0025268206588930377
Epoch:626, Loss:2.6296394114591637, Acc:33.404, LR:0.002491967797985481
Epoch:627, Loss:2.617645414508119, Acc:33.364, LR:0.00245613598462304
Epoch:628, Loss:2.601933330905681, Acc:33.526, LR:0.0024193605804794685
Epoch:629, Loss:2.5829717942646573, Acc:34.28, LR:0.0023816778784387115
Validation: Loss:2.3991276025772095, Acc:37.14
Epoch:630, Loss:2.5915296126385123, Acc:34.06, LR:0.0023431250667782
Epoch:631, Loss:2.595834350099369, Acc:33.678, LR:0.002303740192468497
Epoch:632, Loss:2.5753328702887712, Acc:34.368, LR:0.0022635621236255614
Epoch:633, Loss:2.580703234185978, Acc:34.016, LR:0.0022226305111525753
Epoch:634, Loss:2.5654705446593615, Acc:34.568, LR:0.0021809857496093254
Validation: Loss:2.350012218952179, Acc:38.53
Epoch:635, Loss:2.562955330829231, Acc:34.502, LR:0.002138668937347612
Epoch:636, Loss:2.5683461865600274, Acc:34.524, LR:0.002095721835952177
Epoch:637, Loss:2.5476388250078474, Acc:35.162, LR:0.0020521868290270208
Epoch:638, Loss:2.5563817097216237, Acc:34.77, LR:0.0020081068803679434
Epoch:639, Loss:2.5314441311116123, Acc:35.13, LR:0.001963525491562425
Validation: Loss:2.449223482608795, Acc:36.71
Epoch:640, Loss:2.5331152969477126, Acc:35.25, LR:0.0019184866590588455
Epoch:641, Loss:2.52407000016193, Acc:35.73, LR:0.0018730348307472867
Epoch:642, Loss:2.515033775446366, Acc:35.34, LR:0.0018272148620948159
Epoch:643, Loss:2.510031121117728, Acc:35.764, LR:0.0017810719718785919
Epoch:644, Loss:2.503690685544695, Acc:35.924, LR:0.0017346516975603487
Validation: Loss:2.3378302216529847, Acc:39.19
Epoch:645, Loss:2.4995928516193313, Acc:35.896, LR:0.0016879998503464616
Epoch:646, Loss:2.4879683304806144, Acc:36.138, LR:0.0016411624699777742
Epoch:647, Loss:2.4766673701150075, Acc:36.504, LR:0.0015941857792939758
Epoch:648, Loss:2.469832052989882, Acc:36.592, LR:0.0015471161386171957
Epoch:649, Loss:2.4616860005320333, Acc:36.712, LR:0.0015000000000000063
Validation: Loss:2.336452376842499, Acc:38.97
Epoch:650, Loss:2.458445264368641, Acc:36.97, LR:0.0014528838613828113
Epoch:651, Loss:2.437086801139676, Acc:37.246, LR:0.0014058142207060364
Epoch:652, Loss:2.4321068987554435, Acc:37.392, LR:0.0013588375300222272
Epoch:653, Loss:2.4171154985622483, Acc:37.666, LR:0.0013120001496535452
Epoch:654, Loss:2.4122700423610453, Acc:37.99, LR:0.001265348302439658
Validation: Loss:2.2223342299461364, Acc:41.7
Epoch:655, Loss:2.3962846799772612, Acc:38.15, LR:0.00121892802812142
Epoch:656, Loss:2.384495667048863, Acc:38.244, LR:0.0011727851379051855
Epoch:657, Loss:2.3750733915640385, Acc:38.978, LR:0.0011269651692527199
Epoch:658, Loss:2.365936833984998, Acc:38.844, LR:0.001081513340941161
Epoch:659, Loss:2.348307400333638, Acc:38.99, LR:0.0010364745084375866
Validation: Loss:2.202707362174988, Acc:42.04
Epoch:660, Loss:2.3364015258088404, Acc:39.574, LR:0.0009918931196320631
Epoch:661, Loss:2.3299264104998842, Acc:39.778, LR:0.0009478131709729861
Epoch:662, Loss:2.3106424954472757, Acc:40.068, LR:0.0009042781640478347
Epoch:663, Loss:2.321016357869518, Acc:39.824, LR:0.0008613310626523896
Epoch:664, Loss:2.3016707434946175, Acc:40.198, LR:0.0008190142503906809
Validation: Loss:2.1520656049251556, Acc:43.24
Epoch:665, Loss:2.2860140386892827, Acc:40.546, LR:0.0007773694888474307
Epoch:666, Loss:2.277441156153776, Acc:40.414, LR:0.0007364378763744492
Epoch:667, Loss:2.2641937708368105, Acc:41.104, LR:0.0006962598075315045
Epoch:668, Loss:2.246909628109056, Acc:41.518, LR:0.000656874933221806
Epoch:669, Loss:2.2324241472750295, Acc:41.71, LR:0.0006183221215612945
Validation: Loss:2.0419788658618927, Acc:46.21
Epoch:670, Loss:2.2267344241239586, Acc:41.838, LR:0.0005806394195205416
Epoch:671, Loss:2.213761397770473, Acc:42.17, LR:0.0005438640153769657
Epoch:672, Loss:2.2090636613417645, Acc:41.948, LR:0.0005080322020145246
Epoch:673, Loss:2.1966565141872483, Acc:42.684, LR:0.0004731793411069714
Epoch:674, Loss:2.175486910099886, Acc:43.218, LR:0.00043933982822017757
Validation: Loss:1.9551591873168945, Acc:47.39
Epoch:675, Loss:2.1633701336627102, Acc:42.972, LR:0.00040654705886788355
Epoch:676, Loss:2.1590555748161004, Acc:43.376, LR:0.00037483339555431346
Epoch:677, Loss:2.1417594041143144, Acc:43.764, LR:0.0003442301358363206
Epoch:678, Loss:2.1317501043786806, Acc:44.154, LR:0.00031476748143646397
Epoch:679, Loss:2.120053908046411, Acc:44.362, LR:0.0002864745084375802
Validation: Loss:1.927542942762375, Acc:48.5
Epoch:680, Loss:2.105340479588022, Acc:44.738, LR:0.00025937913858816006
Epoch:681, Loss:2.09632254011777, Acc:44.992, LR:0.00023350811174698165
Epoch:682, Loss:2.089774179215334, Acc:45.29, LR:0.00020888695949408459
Epoch:683, Loss:2.073194705710119, Acc:45.338, LR:0.00018553997993420613
Epoch:684, Loss:2.0711577023778642, Acc:45.5, LR:0.00016349021371745093
Validation: Loss:1.877772080898285, Acc:49.79
Epoch:685, Loss:2.0565410305042655, Acc:45.732, LR:0.0001427594213009699
Epoch:686, Loss:2.047086696235501, Acc:45.958, LR:0.00012336806147402867
Epoch:687, Loss:2.035123438251262, Acc:46.09, LR:0.00010533527116762433
Epoch:688, Loss:2.031849754099943, Acc:46.466, LR:8.867884656866415e-05
Epoch:689, Loss:2.0215501347366645, Acc:46.398, LR:7.341522555726934e-05
Validation: Loss:1.8416058480739594, Acc:50.23
Epoch:690, Loss:2.0148124488032595, Acc:46.556, LR:5.9559471484586016e-05
Epoch:691, Loss:2.00815912047211, Acc:46.974, LR:4.712525830705448e-05
Epoch:692, Loss:2.0103263915801537, Acc:46.748, LR:3.612485709187942e-05
Epoch:693, Loss:2.0029199828906936, Acc:47.096, LR:2.656912390696697e-05
Epoch:694, Loss:1.9976239374705724, Acc:46.956, LR:1.8467489107293883e-05
Validation: Loss:1.8269023597240448, Acc:50.79
Best model updated!
Epoch:695, Loss:1.9914550428487816, Acc:47.156, LR:1.1827948028284045e-05
Epoch:696, Loss:1.9919078532530337, Acc:46.968, LR:6.6570530953798544e-06
Epoch:697, Loss:1.9931349839482988, Acc:47.042, LR:2.9599073575926682e-06
Epoch:698, Loss:1.990927169517595, Acc:47.248, LR:7.401594514027682e-07
Epoch:699, Loss:1.9832815880678138, Acc:47.506, LR:0.0
Validation: Loss:1.823840755224228, Acc:50.59
Epoch:700, Loss:1.984475594394061, Acc:47.514, LR:7.401594514025999e-07
Epoch:701, Loss:1.9939859850066048, Acc:47.028, LR:2.959907357591829e-06
Epoch:702, Loss:1.9831515903375587, Acc:47.466, LR:6.657053095378008e-06
Epoch:703, Loss:1.9955112873291483, Acc:47.228, LR:1.1827948028280359e-05
Epoch:704, Loss:1.9891141166492385, Acc:47.37, LR:1.846748910728919e-05
Validation: Loss:1.8249759912490844, Acc:50.76
Epoch:705, Loss:1.9873658686268085, Acc:47.298, LR:2.656912390696044e-05
Epoch:706, Loss:1.9913237861224584, Acc:47.416, LR:3.612485709186955e-05
Epoch:707, Loss:1.989997107155469, Acc:47.242, LR:4.7125258307043114e-05
Epoch:708, Loss:1.9918760754624192, Acc:47.164, LR:5.9559471484571664e-05
Epoch:709, Loss:1.9985094094762996, Acc:47.074, LR:7.341522555725185e-05
Validation: Loss:1.8319041848182678, Acc:50.53
Epoch:710, Loss:2.0019330224212335, Acc:47.12, LR:8.867884656864137e-05
Epoch:711, Loss:1.997821452666302, Acc:47.04, LR:0.00010533527116759945
Epoch:712, Loss:2.0089694650805727, Acc:46.844, LR:0.0001233680614739997
Epoch:713, Loss:2.0056096631653455, Acc:47.052, LR:0.0001427594213009365
Epoch:714, Loss:2.0148898630726095, Acc:46.858, LR:0.00016349021371741269
Validation: Loss:1.850898987054825, Acc:50.33
Epoch:715, Loss:2.0202146756405734, Acc:46.936, LR:0.0001855399799341627
Epoch:716, Loss:2.0268502016456758, Acc:46.322, LR:0.00020888695949403588
Epoch:717, Loss:2.035201317193557, Acc:46.386, LR:0.00023350811174692156
Epoch:718, Loss:2.0357201196709456, Acc:46.18, LR:0.0002593791385880998
Epoch:719, Loss:2.059422631652988, Acc:45.8, LR:0.0002864745084375137
Validation: Loss:1.9170964777469635, Acc:48.46
Epoch:720, Loss:2.0588293245860507, Acc:45.474, LR:0.00031476748143639106
Epoch:721, Loss:2.0699458377701894, Acc:45.52, LR:0.00034423013583623755
Epoch:722, Loss:2.078595915619208, Acc:45.188, LR:0.0003748333955542268
Epoch:723, Loss:2.093783815296329, Acc:44.832, LR:0.00040654705886778954
Epoch:724, Loss:2.095921368015056, Acc:44.914, LR:0.00043933982822007614
Validation: Loss:1.9545729458332062, Acc:47.57
Epoch:725, Loss:2.1129842449207694, Acc:44.512, LR:0.00047317934110686227
Epoch:726, Loss:2.1184979214960213, Acc:44.318, LR:0.0005080322020144074
Epoch:727, Loss:2.133367435056336, Acc:44.112, LR:0.0005438640153768403
Epoch:728, Loss:2.141880521968919, Acc:43.884, LR:0.0005806394195204037
Epoch:729, Loss:2.161945587518264, Acc:43.57, LR:0.0006183221215611521
Validation: Loss:1.9848613500595094, Acc:46.94
Epoch:730, Loss:2.1677540078455086, Acc:43.118, LR:0.000656874933221655
Epoch:731, Loss:2.1832080544257653, Acc:43.098, LR:0.0006962598075313445
Epoch:732, Loss:2.1875081050152683, Acc:42.658, LR:0.0007364378763742755
Epoch:733, Loss:2.2024394127787374, Acc:42.278, LR:0.0007773694888472525
Epoch:734, Loss:2.2182775979139366, Acc:42.364, LR:0.0008190142503904932
Validation: Loss:2.0943664371967317, Acc:44.3
Epoch:735, Loss:2.213973188886837, Acc:42.342, LR:0.0008613310626521921
Epoch:736, Loss:2.23317035363645, Acc:41.73, LR:0.0009042781640476273
Epoch:737, Loss:2.2527673828358554, Acc:41.592, LR:0.0009478131709727688
Epoch:738, Loss:2.257900130992033, Acc:41.222, LR:0.0009918931196318359
Epoch:739, Loss:2.268588148817724, Acc:41.098, LR:0.001036474508437344
Validation: Loss:2.078191417455673, Acc:45.12
Epoch:740, Loss:2.272639576269656, Acc:40.958, LR:0.0010815133409409134
Epoch:741, Loss:2.2852761988737145, Acc:40.666, LR:0.001126965169252462
Epoch:742, Loss:2.2966769495788886, Acc:40.274, LR:0.001172785137904917
Epoch:743, Loss:2.3013277467416255, Acc:40.51, LR:0.001218928028121136
Epoch:744, Loss:2.3076742546898976, Acc:40.074, LR:0.0012653483024393684
Validation: Loss:2.134911286830902, Acc:44.08
Epoch:745, Loss:2.3265398108229345, Acc:39.824, LR:0.0013120001496532449
Epoch:746, Loss:2.33413405077798, Acc:39.436, LR:0.0013588375300219219
Epoch:747, Loss:2.342722690835291, Acc:39.51, LR:0.001405814220705715
Epoch:748, Loss:2.35008636542729, Acc:39.204, LR:0.001452883861382479
Epoch:749, Loss:2.3640970234968224, Acc:39.202, LR:0.001499999999999658
Validation: Loss:2.4963378429412844, Acc:37.84
Epoch:750, Loss:2.3743389382654305, Acc:38.482, LR:0.001547116138616842
Epoch:751, Loss:2.3789026761541563, Acc:38.588, LR:0.0015941857792936115
Epoch:752, Loss:2.381387469719867, Acc:38.45, LR:0.0016411624699773993
Epoch:753, Loss:2.3961578607559204, Acc:38.216, LR:0.001687999850346071
Epoch:754, Loss:2.3908284197048264, Acc:38.218, LR:0.0017346516975599528
Validation: Loss:2.2443166375160217, Acc:41.1
Epoch:755, Loss:2.418392101112677, Acc:37.78, LR:0.0017810719718781855
Epoch:756, Loss:2.4147427592958723, Acc:37.868, LR:0.0018272148620943993
Epoch:757, Loss:2.4367580778744755, Acc:37.42, LR:0.0018730348307468593
Epoch:758, Loss:2.4289789783711337, Acc:37.55, LR:0.0019184866590584132
Epoch:759, Loss:2.4416413745101617, Acc:37.304, LR:0.0019635254915619776
Validation: Loss:2.304033648967743, Acc:40.16
Epoch:760, Loss:2.4437429685981904, Acc:37.248, LR:0.0020081068803674807
Epoch:761, Loss:2.4629539056700103, Acc:36.754, LR:0.002052186829026553
Epoch:762, Loss:2.4663725969742756, Acc:37.004, LR:0.002095721835951699
Epoch:763, Loss:2.473579924933764, Acc:36.666, LR:0.0021386689373471247
Epoch:764, Loss:2.4816980945820712, Acc:36.324, LR:0.0021809857496088284
Validation: Loss:2.2258591294288634, Acc:41.77
Epoch:765, Loss:2.4865663659815884, Acc:36.288, LR:0.002222630511152069
Epoch:766, Loss:2.4930745703833446, Acc:36.182, LR:0.0022635621236250457
Epoch:767, Loss:2.4931549369072425, Acc:35.994, LR:0.002303740192467973
Epoch:768, Loss:2.501844766188641, Acc:35.766, LR:0.002343125066777667
Epoch:769, Loss:2.508062584059579, Acc:35.92, LR:0.002381677878438174
Validation: Loss:2.3781488656997682, Acc:38.5
Epoch:770, Loss:2.5156358164183947, Acc:35.82, LR:0.0024193605804789186
Epoch:771, Loss:2.534653585784289, Acc:35.154, LR:0.0024561359846224777
Epoch:772, Loss:2.526240183382618, Acc:35.534, LR:0.002491967797984915
Epoch:773, Loss:2.537846455768663, Acc:34.992, LR:0.0025268206588924644
Epoch:774, Loss:2.5444903081777146, Acc:35.028, LR:0.002560660171779243
Validation: Loss:2.2899704933166505, Acc:40.47
Epoch:775, Loss:2.5444455122461123, Acc:35.14, LR:0.002593452941131534
Epoch:776, Loss:2.5577280521392822, Acc:34.746, LR:0.002625166604445097
Epoch:777, Loss:2.555438311732545, Acc:34.752, LR:0.0026557698641630862
Epoch:778, Loss:2.5693754638944353, Acc:34.478, LR:0.0026852325185629296
Epoch:779, Loss:2.571456257177859, Acc:34.432, LR:0.0027135254915618104
Validation: Loss:2.4059428215026855, Acc:37.67
Epoch:780, Loss:2.583176408495222, Acc:34.184, LR:0.002740620861411227
Epoch:781, Loss:2.5893901756831577, Acc:34.006, LR:0.0027664918882523994
Epoch:782, Loss:2.597352052221493, Acc:33.83, LR:0.002791113040505288
Epoch:783, Loss:2.5868932689939226, Acc:34.246, LR:0.0028144600200651613
Epoch:784, Loss:2.5909105442008196, Acc:34.316, LR:0.0028365097862819142
Validation: Loss:2.5410000681877136, Acc:35.19
Epoch:785, Loss:2.600445572210818, Acc:33.85, LR:0.0028572405786983857
Epoch:786, Loss:2.606459824406371, Acc:33.748, LR:0.002876631938525325
Epoch:787, Loss:2.6137474142775243, Acc:33.526, LR:0.002894664728831725
Epoch:788, Loss:2.6167494496520685, Acc:33.378, LR:0.0029113211534306832
Epoch:789, Loss:2.622036152956437, Acc:33.478, LR:0.0029265847744420715
Validation: Loss:2.6018895506858826, Acc:34.21
Epoch:790, Loss:2.627197401864188, Acc:33.254, LR:0.0029404405285147536
Epoch:791, Loss:2.6144907669145234, Acc:33.702, LR:0.0029528747416922834
Epoch:792, Loss:2.6286242421792476, Acc:33.294, LR:0.002963875142907455
Epoch:793, Loss:2.647936305221246, Acc:32.784, LR:0.0029734308760923653
Epoch:794, Loss:2.644715654606722, Acc:32.784, LR:0.002981532510892036
Validation: Loss:2.5319072127342226, Acc:35.31
Epoch:795, Loss:2.633683927205144, Acc:33.022, LR:0.002988172051971045
Epoch:796, Loss:2.6452006661162084, Acc:33.086, LR:0.0029933429469039467
Epoch:797, Loss:2.651028032205543, Acc:32.754, LR:0.0029970400926417336
Epoch:798, Loss:2.6535274398570157, Acc:32.388, LR:0.0029992598405479227
Epoch:799, Loss:2.65103331147408, Acc:32.75, LR:0.0029999999999993253
Validation: Loss:2.5481003880500794, Acc:34.46
Epoch:800, Loss:2.6494283797789593, Acc:32.75, LR:0.0029992598405479223
Epoch:801, Loss:2.642875535147531, Acc:33.068, LR:0.0029970400926417336
Epoch:802, Loss:2.6627406222479686, Acc:32.504, LR:0.0029933429469039467
Epoch:803, Loss:2.659448567701846, Acc:32.378, LR:0.002988172051971045
Epoch:804, Loss:2.643593907356262, Acc:32.642, LR:0.002981532510892036
Validation: Loss:2.5026541471481325, Acc:35.5
Epoch:805, Loss:2.652804377127667, Acc:32.518, LR:0.002973430876092365
Epoch:806, Loss:2.6531800469573663, Acc:33.01, LR:0.0029638751429074545
Epoch:807, Loss:2.65406402519771, Acc:32.73, LR:0.0029528747416922834
Epoch:808, Loss:2.6535957248843447, Acc:32.662, LR:0.0029404405285147536
Epoch:809, Loss:2.643366998555709, Acc:33.006, LR:0.0029265847744420737
Validation: Loss:2.529399907588959, Acc:35.46
Epoch:810, Loss:2.6617461199663124, Acc:32.222, LR:0.0029113211534306845
Epoch:811, Loss:2.6477746768873565, Acc:33.104, LR:0.0028946647288317262
Epoch:812, Loss:2.640744391752749, Acc:33.384, LR:0.0028766319385253258
Epoch:813, Loss:2.6567822402837327, Acc:32.892, LR:0.002857240578698387
Epoch:814, Loss:2.643018291921032, Acc:33.012, LR:0.0028365097862819155
Validation: Loss:2.503046524524689, Acc:35.27
Epoch:815, Loss:2.657826209554867, Acc:32.792, LR:0.002814460020065163
Epoch:816, Loss:2.6428603907020722, Acc:33.314, LR:0.0027911130405052897
Epoch:817, Loss:2.6392143745811616, Acc:32.816, LR:0.0027664918882524007
Epoch:818, Loss:2.631914416138007, Acc:33.206, LR:0.0027406208614112254
Epoch:819, Loss:2.647843064094076, Acc:32.8, LR:0.0027135254915618113
Validation: Loss:2.4671210289001464, Acc:36.02
Epoch:820, Loss:2.627711390962406, Acc:33.422, LR:0.002685232518562934
Epoch:821, Loss:2.622318537867799, Acc:33.44, LR:0.0026557698641630875
Epoch:822, Loss:2.6114227625788473, Acc:33.602, LR:0.002625166604445098
Epoch:823, Loss:2.6309261516648896, Acc:33.44, LR:0.002593452941131535
Epoch:824, Loss:2.6228682483945573, Acc:33.224, LR:0.0025606601717792447
Validation: Loss:2.4741184234619142, Acc:35.82
Epoch:825, Loss:2.6124653743237864, Acc:33.532, LR:0.002526820658892466
Epoch:826, Loss:2.617525898680395, Acc:33.228, LR:0.002491967797984917
Epoch:827, Loss:2.596897675066578, Acc:33.806, LR:0.002456135984622484
Epoch:828, Loss:2.594632173071102, Acc:33.82, LR:0.0024193605804789207
Epoch:829, Loss:2.595226900918143, Acc:33.982, LR:0.0023816778784381725
Validation: Loss:2.4402544498443604, Acc:36.39
Epoch:830, Loss:2.6064970736600914, Acc:33.796, LR:0.00234312506677767
Epoch:831, Loss:2.58783656480361, Acc:33.936, LR:0.0023037401924679755
Epoch:832, Loss:2.5817367349352156, Acc:34.532, LR:0.0022635621236250488
Epoch:833, Loss:2.5695215244682466, Acc:34.542, LR:0.002222630511152072
Epoch:834, Loss:2.564860840233005, Acc:34.558, LR:0.002180985749608831
Validation: Loss:2.3942533135414124, Acc:38.16
Epoch:835, Loss:2.560614700220069, Acc:34.862, LR:0.0021386689373471273
Epoch:836, Loss:2.567883535307281, Acc:34.616, LR:0.002095721835951697
Epoch:837, Loss:2.5543775315187416, Acc:34.85, LR:0.0020521868290265554
Epoch:838, Loss:2.540833947609882, Acc:35.206, LR:0.002008106880367488
Epoch:839, Loss:2.5416444661665936, Acc:35.2, LR:0.0019635254915619797
Validation: Loss:2.360734701156616, Acc:37.98
Epoch:840, Loss:2.524105558590013, Acc:35.578, LR:0.0019184866590584103
Epoch:841, Loss:2.5282176538389556, Acc:35.3, LR:0.0018730348307468617
Epoch:842, Loss:2.518643712510868, Acc:35.596, LR:0.001827214862094401
Epoch:843, Loss:2.5021312650369136, Acc:36.092, LR:0.0017810719718781875
Epoch:844, Loss:2.502330940596911, Acc:35.932, LR:0.0017346516975599547
Validation: Loss:2.4297731041908266, Acc:37.18
Epoch:845, Loss:2.4813057549145756, Acc:36.554, LR:0.0016879998503460782
Epoch:846, Loss:2.480128446403815, Acc:36.668, LR:0.0016411624699774014
Epoch:847, Loss:2.4783324757400824, Acc:36.576, LR:0.0015941857792936085
Epoch:848, Loss:2.461635463091792, Acc:36.608, LR:0.0015471161386168442
Epoch:849, Loss:2.447741467125562, Acc:37.228, LR:0.0014999999999996654
Validation: Loss:2.201209104061127, Acc:41.72
Epoch:850, Loss:2.447287143493185, Acc:37.072, LR:0.0014528838613824813
Epoch:851, Loss:2.4313545616305605, Acc:37.642, LR:0.001405814220705712
Epoch:852, Loss:2.426418219293867, Acc:37.612, LR:0.0013588375300219238
Epoch:853, Loss:2.4196075176706118, Acc:37.71, LR:0.001312000149653247
Epoch:854, Loss:2.405797133640367, Acc:38.118, LR:0.0012653483024393651
Validation: Loss:2.2044376492500306, Acc:42.27
Epoch:855, Loss:2.3860485505084603, Acc:38.404, LR:0.001218928028121138
Epoch:856, Loss:2.3839810600086135, Acc:38.426, LR:0.0011727851379049244
Epoch:857, Loss:2.359831924341163, Acc:39.258, LR:0.001126965169252464
Epoch:858, Loss:2.3509853883665435, Acc:39.038, LR:0.0010815133409409104
Epoch:859, Loss:2.349557098077268, Acc:39.084, LR:0.0010364745084373462
Validation: Loss:2.1409331977367403, Acc:43.62
Epoch:860, Loss:2.3326910709848208, Acc:39.608, LR:0.000991893119631843
Epoch:861, Loss:2.3279677848426665, Acc:39.728, LR:0.0009478131709727708
Epoch:862, Loss:2.3139123527371153, Acc:40.024, LR:0.0009042781640476244
Epoch:863, Loss:2.2934256208186246, Acc:40.508, LR:0.0008613310626521987
Epoch:864, Loss:2.288096225991541, Acc:40.588, LR:0.0008190142503904949
Validation: Loss:2.0996587753295897, Acc:44.75
Epoch:865, Loss:2.2856744844086316, Acc:40.522, LR:0.0007773694888472494
Epoch:866, Loss:2.2707961213831998, Acc:41.146, LR:0.0007364378763742772
Epoch:867, Loss:2.2527969491725064, Acc:41.374, LR:0.0006962598075313508
Epoch:868, Loss:2.237041801822429, Acc:41.868, LR:0.0006568749332216566
Epoch:869, Loss:2.23456072807312, Acc:41.92, LR:0.0006183221215611496
Validation: Loss:2.052107936143875, Acc:45.75
Epoch:870, Loss:2.213783565832644, Acc:42.408, LR:0.0005806394195204055
Epoch:871, Loss:2.2142650813472513, Acc:42.41, LR:0.0005438640153768462
Epoch:872, Loss:2.194627401780109, Acc:42.726, LR:0.000508032202014405
Epoch:873, Loss:2.1774290873079885, Acc:42.994, LR:0.0004731793411068599
Epoch:874, Loss:2.1775872756023795, Acc:43.014, LR:0.00043933982822008145
Validation: Loss:1.9974377691745757, Acc:46.76
Epoch:875, Loss:2.160521441576432, Acc:43.592, LR:0.00040654705886779106
Epoch:876, Loss:2.149900189467839, Acc:43.732, LR:0.0003748333955542247
Epoch:877, Loss:2.132923477766465, Acc:44.134, LR:0.00034423013583623896
Epoch:878, Loss:2.121318427883849, Acc:44.292, LR:0.0003147674814363957
Epoch:879, Loss:2.1167042194580543, Acc:44.11, LR:0.00028647450843751507
Validation: Loss:1.9239181578159332, Acc:48.04
Epoch:880, Loss:2.1023158601352145, Acc:44.978, LR:0.0002593791385880981
Epoch:881, Loss:2.0921982465958107, Acc:44.996, LR:0.00023350811174692573
Epoch:882, Loss:2.0693096044112225, Acc:45.574, LR:0.00020888695949403994
Epoch:883, Loss:2.0712345656083553, Acc:45.374, LR:0.00018553997993416132
Epoch:884, Loss:2.0570655039378574, Acc:45.744, LR:0.00016349021371741133
Validation: Loss:1.8651826679706573, Acc:49.36
Epoch:885, Loss:2.052360016472486, Acc:46.088, LR:0.00014275942130093983
Epoch:886, Loss:2.043000098393888, Acc:46.042, LR:0.0001233680614740007
Epoch:887, Loss:2.0305153180141837, Acc:46.538, LR:0.00010533527116759847
Epoch:888, Loss:2.0246447774828695, Acc:46.736, LR:8.867884656864225e-05
Epoch:889, Loss:2.0163114922387257, Acc:46.732, LR:7.341522555725442e-05
Validation: Loss:1.839987289905548, Acc:49.97
Epoch:890, Loss:2.005832540745638, Acc:46.938, LR:5.9559471484570925e-05
Epoch:891, Loss:2.0037766330096187, Acc:47.188, LR:4.712525830704256e-05
Epoch:892, Loss:1.9924681344810797, Acc:47.322, LR:3.612485709187134e-05
Epoch:893, Loss:1.9943716392225148, Acc:47.132, LR:2.6569123906961906e-05
Epoch:894, Loss:1.985470794901556, Acc:47.396, LR:1.846748910728883e-05
Validation: Loss:1.819588488340378, Acc:50.75
Epoch:895, Loss:1.9887254311113942, Acc:47.494, LR:1.1827948028280675e-05
Epoch:896, Loss:1.988586009765158, Acc:47.306, LR:6.657053095378832e-06
Epoch:897, Loss:1.9862440045999021, Acc:47.546, LR:2.9599073575919915e-06
Epoch:898, Loss:1.9782472520458454, Acc:47.734, LR:7.401594514024323e-07
Epoch:899, Loss:1.979158598549512, Acc:47.598, LR:0.0
Validation: Loss:1.8221814274787902, Acc:50.65
Epoch:900, Loss:1.9812455870667283, Acc:47.628, LR:7.401594514025999e-07
Epoch:901, Loss:1.9796619524761123, Acc:47.45, LR:2.959907357592828e-06
Epoch:902, Loss:1.975896728282072, Acc:47.642, LR:6.657053095380005e-06
Epoch:903, Loss:1.9840176993486833, Acc:47.374, LR:1.1827948028282852e-05
Epoch:904, Loss:1.984748472972792, Acc:47.586, LR:1.846748910729251e-05
Validation: Loss:1.820549875497818, Acc:50.7
Epoch:905, Loss:1.9789041183432754, Acc:47.23, LR:2.6569123906967415e-05
Epoch:906, Loss:1.9800826834172618, Acc:47.69, LR:3.612485709187868e-05
Epoch:907, Loss:1.985638019989948, Acc:47.664, LR:4.712525830705239e-05
Epoch:908, Loss:1.9863513781099904, Acc:47.452, LR:5.955947148458657e-05
Epoch:909, Loss:1.989468276500702, Acc:47.102, LR:7.341522555726987e-05
Validation: Loss:1.8202706575393677, Acc:50.99
Best model updated!
Epoch:910, Loss:1.986734272265921, Acc:47.436, LR:8.867884656866114e-05
Epoch:911, Loss:1.9938009162338413, Acc:47.142, LR:0.00010533527116762113
Epoch:912, Loss:1.994989578821221, Acc:47.304, LR:0.00012336806147402946
Epoch:913, Loss:2.0061417513964126, Acc:46.896, LR:0.00014275942130097065
Epoch:914, Loss:2.005639514144586, Acc:47.006, LR:0.00016349021371744684
Validation: Loss:1.8424867391586304, Acc:50.13
Epoch:915, Loss:2.012851353810758, Acc:46.91, LR:0.00018553997993420182
Epoch:916, Loss:2.0227847537215875, Acc:46.552, LR:0.00020888695949408556
Epoch:917, Loss:2.024026937630712, Acc:46.696, LR:0.00023350811174697677
Epoch:918, Loss:2.033867670565235, Acc:46.282, LR:0.00025937913858815496
Epoch:919, Loss:2.037377490072834, Acc:46.14, LR:0.000286474508437581
Validation: Loss:1.8717995405197143, Acc:49.6
Epoch:920, Loss:2.0497206850927703, Acc:46.076, LR:0.0003147674814364649
Epoch:921, Loss:2.0610548659246795, Acc:45.5, LR:0.0003442301358363148
Epoch:922, Loss:2.0705446990168825, Acc:45.59, LR:0.00037483339555430733
Epoch:923, Loss:2.0856307659830366, Acc:45.188, LR:0.0004065470588678846
Epoch:924, Loss:2.0908770305769786, Acc:45.154, LR:0.00043933982822017855
Validation: Loss:1.9682976126670837, Acc:47.78
Epoch:925, Loss:2.1028564961589113, Acc:44.978, LR:0.0004731793411069646
Epoch:926, Loss:2.113319151255549, Acc:44.718, LR:0.0005080322020145175
Epoch:927, Loss:2.1301990114912694, Acc:44.148, LR:0.0005438640153769666
Epoch:928, Loss:2.138665946162477, Acc:43.976, LR:0.0005806394195205343
Epoch:929, Loss:2.1442410313353246, Acc:44.044, LR:0.000618322121561287
Validation: Loss:2.049809771776199, Acc:46.01
Epoch:930, Loss:2.1581678877071457, Acc:43.494, LR:0.000656874933221807
Epoch:931, Loss:2.170317822573136, Acc:43.29, LR:0.0006962598075315056
Epoch:932, Loss:2.1928668873650685, Acc:42.974, LR:0.0007364378763744411
Epoch:933, Loss:2.1844093823919493, Acc:42.958, LR:0.0007773694888474226
Epoch:934, Loss:2.202295268068508, Acc:42.548, LR:0.0008190142503906821
Validation: Loss:2.0682829082012177, Acc:45.24
Epoch:935, Loss:2.211235357790577, Acc:42.362, LR:0.0008613310626523906
Epoch:936, Loss:2.2397608878661175, Acc:41.66, LR:0.0009042781640478262
Epoch:937, Loss:2.2321712824763082, Acc:41.808, LR:0.0009478131709729774
Epoch:938, Loss:2.244680321946436, Acc:41.572, LR:0.0009918931196320642
Epoch:939, Loss:2.2595676426984825, Acc:41.56, LR:0.0010364745084375775
Validation: Loss:2.0332879543304445, Acc:46.27
Epoch:940, Loss:2.2714804897502976, Acc:40.956, LR:0.001081513340941152
Epoch:941, Loss:2.268254041671753, Acc:41.062, LR:0.0011269651692527212
Epoch:942, Loss:2.2929686113279693, Acc:40.342, LR:0.0011727851379051868
Epoch:943, Loss:2.293855681711314, Acc:40.678, LR:0.001218928028121411
Epoch:944, Loss:2.3131771063318056, Acc:40.09, LR:0.001265348302439649
Validation: Loss:2.248425841331482, Acc:41.33
Epoch:945, Loss:2.3337860934588375, Acc:39.648, LR:0.0013120001496535465
Epoch:946, Loss:2.334109121439408, Acc:39.818, LR:0.0013588375300222285
Epoch:947, Loss:2.34418650306001, Acc:39.356, LR:0.001405814220706027
Epoch:948, Loss:2.3501428292722117, Acc:39.532, LR:0.0014528838613828015
Epoch:949, Loss:2.349704876237986, Acc:39.414, LR:0.001500000000000002
Validation: Loss:2.142713612318039, Acc:43.01
Epoch:950, Loss:2.3562995122403514, Acc:39.266, LR:0.0015471161386171916
Epoch:951, Loss:2.365355530563666, Acc:39.074, LR:0.0015941857792939663
Epoch:952, Loss:2.368507497164668, Acc:38.818, LR:0.0016411624699777753
Epoch:953, Loss:2.3836770057678223, Acc:38.718, LR:0.0016879998503464575
Epoch:954, Loss:2.3908783270388234, Acc:38.472, LR:0.0017346516975603446
Validation: Loss:2.3465457558631897, Acc:39.37
Epoch:955, Loss:2.40325880780512, Acc:38.128, LR:0.0017810719718785821
Epoch:956, Loss:2.4094984288118324, Acc:38.066, LR:0.0018272148620948165
Epoch:957, Loss:2.4245115396927814, Acc:37.48, LR:0.0018730348307472821
Epoch:958, Loss:2.4279004408388722, Acc:37.368, LR:0.0019184866590588414
Epoch:959, Loss:2.433137845019905, Acc:37.772, LR:0.001963525491562416
Validation: Loss:2.196333813667297, Acc:42.21
Epoch:960, Loss:2.442553943517257, Acc:37.132, LR:0.0020081068803679395
Epoch:961, Loss:2.464081202234541, Acc:36.43, LR:0.002052186829027017
Epoch:962, Loss:2.447083139906124, Acc:37.062, LR:0.002095721835952168
Epoch:963, Loss:2.4571028461261673, Acc:36.782, LR:0.0021386689373476134
Epoch:964, Loss:2.474621378645605, Acc:36.46, LR:0.002180985749609322
Validation: Loss:2.4318830251693724, Acc:38.59
Epoch:965, Loss:2.4693031943574244, Acc:36.88, LR:0.0022226305111525727
Epoch:966, Loss:2.499094865760025, Acc:36.008, LR:0.002263562123625554
Epoch:967, Loss:2.4920378461176034, Acc:36.006, LR:0.0023037401924684985
Epoch:968, Loss:2.5026632863648084, Acc:35.954, LR:0.0023431250667781973
Epoch:969, Loss:2.5170342970867545, Acc:35.544, LR:0.0023816778784387085
Validation: Loss:2.414776349067688, Acc:37.16
Epoch:970, Loss:2.510622501373291, Acc:35.536, LR:0.0024193605804794702
Epoch:971, Loss:2.5264192965565897, Acc:35.414, LR:0.0024561359846230375
Epoch:972, Loss:2.519588329354111, Acc:35.494, LR:0.0024919677979854784
Epoch:973, Loss:2.5422604327299156, Acc:35.092, LR:0.0025268206588930316
Epoch:974, Loss:2.5226702033256996, Acc:35.422, LR:0.0025606601717798254
Validation: Loss:2.4186760902404787, Acc:37.94
Epoch:975, Loss:2.5446620230772057, Acc:34.968, LR:0.0025934529411321197
Epoch:976, Loss:2.5523072700111236, Acc:34.876, LR:0.0026251666044456896
Epoch:977, Loss:2.55271353283707, Acc:34.988, LR:0.0026557698641636826
Epoch:978, Loss:2.5602354346489418, Acc:34.91, LR:0.0026852325185635394
Epoch:979, Loss:2.5758998369684023, Acc:34.422, LR:0.002713525491562423
Validation: Loss:2.364887464046478, Acc:38.52
Epoch:980, Loss:2.568579632408765, Acc:34.478, LR:0.0027406208614118434
Epoch:981, Loss:2.5830050779848683, Acc:34.51, LR:0.002766491888253028
Epoch:982, Loss:2.587088387839648, Acc:34.338, LR:0.0027911130405059194
Epoch:983, Loss:2.5882803226003843, Acc:34.092, LR:0.002814460020065798
Epoch:984, Loss:2.585632951892152, Acc:34.04, LR:0.002836509786282553
Validation: Loss:2.3843487977981566, Acc:37.82
Epoch:985, Loss:2.5955976807341283, Acc:34.168, LR:0.0028572405786990345
Epoch:986, Loss:2.6005611687290426, Acc:33.62, LR:0.0028766319385259763
Epoch:987, Loss:2.5960071987035325, Acc:33.926, LR:0.0028946647288323806
Epoch:988, Loss:2.608620531704961, Acc:33.642, LR:0.0029113211534313407
Epoch:989, Loss:2.62099014739601, Acc:33.364, LR:0.0029265847744427355
Validation: Loss:2.631452941894531, Acc:33.99
Epoch:990, Loss:2.6203012539415944, Acc:33.48, LR:0.0029404405285154197
Epoch:991, Loss:2.612503219623955, Acc:33.082, LR:0.002952874741692951
Epoch:992, Loss:2.6285043516937567, Acc:33.402, LR:0.0029638751429081275
Epoch:993, Loss:2.6321558538748295, Acc:33.368, LR:0.002973430876093039
Epoch:994, Loss:2.624977627579047, Acc:33.54, LR:0.002981532510892712
Validation: Loss:2.5688652873039244, Acc:34.98
Epoch:995, Loss:2.6328442291337617, Acc:33.304, LR:0.002988172051971722
Epoch:996, Loss:2.624561275754656, Acc:33.242, LR:0.0029933429469046263
Epoch:997, Loss:2.641690088778126, Acc:32.99, LR:0.002997040092642414
Epoch:998, Loss:2.6351943891875598, Acc:33.162, LR:0.002999259840548604
Epoch:999, Loss:2.632068551316553, Acc:33.228, LR:0.003000000000000007
Validation: Loss:2.468417453765869, Acc:37.2
Test: Acc:50.99
