nohup: ignoring input
/root/liuyuanye/NNDL/Final/CIFAR/deit.py:63: UserWarning: Overwriting deit_tiny_patch16_224 in registry with deit.deit_tiny_patch16_224. This is because the name being registered conflicts with an existing name. Please check if this is not expected.
  def deit_tiny_patch16_224(pretrained=False, **kwargs):
/root/liuyuanye/NNDL/Final/CIFAR/deit.py:78: UserWarning: Overwriting deit_small_patch16_224 in registry with deit.deit_small_patch16_224. This is because the name being registered conflicts with an existing name. Please check if this is not expected.
  def deit_small_patch16_224(pretrained=False, **kwargs):
/root/liuyuanye/NNDL/Final/CIFAR/deit.py:93: UserWarning: Overwriting deit_base_patch16_224 in registry with deit.deit_base_patch16_224. This is because the name being registered conflicts with an existing name. Please check if this is not expected.
  def deit_base_patch16_224(pretrained=False, **kwargs):
/root/liuyuanye/NNDL/Final/CIFAR/deit.py:108: UserWarning: Overwriting deit_tiny_distilled_patch16_224 in registry with deit.deit_tiny_distilled_patch16_224. This is because the name being registered conflicts with an existing name. Please check if this is not expected.
  def deit_tiny_distilled_patch16_224(pretrained=False, **kwargs):
/root/liuyuanye/NNDL/Final/CIFAR/deit.py:123: UserWarning: Overwriting deit_small_distilled_patch16_224 in registry with deit.deit_small_distilled_patch16_224. This is because the name being registered conflicts with an existing name. Please check if this is not expected.
  def deit_small_distilled_patch16_224(pretrained=False, **kwargs):
/root/liuyuanye/NNDL/Final/CIFAR/deit.py:138: UserWarning: Overwriting deit_base_distilled_patch16_224 in registry with deit.deit_base_distilled_patch16_224. This is because the name being registered conflicts with an existing name. Please check if this is not expected.
  def deit_base_distilled_patch16_224(pretrained=False, **kwargs):
/root/liuyuanye/NNDL/Final/CIFAR/deit.py:153: UserWarning: Overwriting deit_base_patch16_384 in registry with deit.deit_base_patch16_384. This is because the name being registered conflicts with an existing name. Please check if this is not expected.
  def deit_base_patch16_384(pretrained=False, **kwargs):
/root/liuyuanye/NNDL/Final/CIFAR/deit.py:168: UserWarning: Overwriting deit_base_distilled_patch16_384 in registry with deit.deit_base_distilled_patch16_384. This is because the name being registered conflicts with an existing name. Please check if this is not expected.
  def deit_base_distilled_patch16_384(pretrained=False, **kwargs):
{
    "datapath": "../data/",
    "logpath": "./logs/",
    "batch_size": 512,
    "epoch": 200,
    "seed": 43,
    "date": "0625",
    "plot": true,
    "num_classes": 100,
    "opt": "AdamW",
    "learning_rate": 0.01,
    "weight_decay": 0.0001,
    "pretrained": true,
    "device_id": 0,
    "dropout": true,
    "cutout": true,
    "cutmix": false,
    "model": "ResNet18+SimCLR",
    "comment": "StepLR_30_0.2"
}
2024-06-25 17:20:36
Epoch:0, Loss:3.863257741441532, Acc:14.076, LR:0.01
Epoch:1, Loss:3.3010430871223915, Acc:22.908, LR:0.01
Epoch:2, Loss:3.0985935391212, Acc:26.464, LR:0.01
Epoch:3, Loss:2.984625205701711, Acc:28.204, LR:0.01
Epoch:4, Loss:2.911224051397674, Acc:29.752, LR:0.01
Validation: Loss:3.0733147859573364, Acc:24.83
Best model updated!
Epoch:5, Loss:2.855982629620299, Acc:30.786, LR:0.01
Epoch:6, Loss:2.805425244934705, Acc:31.676, LR:0.01
Epoch:7, Loss:2.7699679014634113, Acc:32.626, LR:0.01
Epoch:8, Loss:2.7480626714472867, Acc:32.882, LR:0.01
Epoch:9, Loss:2.7238946739508183, Acc:33.276, LR:0.01
Validation: Loss:2.9798461556434632, Acc:27.21
Best model updated!
Epoch:10, Loss:2.703003844436334, Acc:33.55, LR:0.01
Epoch:11, Loss:2.6802198765229206, Acc:34.08, LR:0.01
Epoch:12, Loss:2.669866532695537, Acc:34.288, LR:0.01
Epoch:13, Loss:2.650567171524982, Acc:34.882, LR:0.01
Epoch:14, Loss:2.6446810376887417, Acc:34.91, LR:0.01
Validation: Loss:2.9430762052536013, Acc:27.94
Best model updated!
Epoch:15, Loss:2.636123846988289, Acc:35.184, LR:0.01
Epoch:16, Loss:2.624774395203104, Acc:35.044, LR:0.01
Epoch:17, Loss:2.6127518074853078, Acc:35.592, LR:0.01
Epoch:18, Loss:2.6056215811748893, Acc:35.816, LR:0.01
Epoch:19, Loss:2.6012131559605502, Acc:35.958, LR:0.01
Validation: Loss:2.842268097400665, Acc:29.35
Best model updated!
Epoch:20, Loss:2.5927763836724416, Acc:35.76, LR:0.01
Epoch:21, Loss:2.5871617575081025, Acc:36.108, LR:0.01
Epoch:22, Loss:2.5786833373867735, Acc:36.38, LR:0.01
Epoch:23, Loss:2.5834551392769325, Acc:36.064, LR:0.01
Epoch:24, Loss:2.575491321330168, Acc:36.458, LR:0.01
Validation: Loss:2.8261309027671815, Acc:29.43
Best model updated!
Epoch:25, Loss:2.5755587110714036, Acc:36.25, LR:0.01
Epoch:26, Loss:2.5694256169455394, Acc:36.48, LR:0.01
Epoch:27, Loss:2.5694430409645546, Acc:36.462, LR:0.01
Epoch:28, Loss:2.5625931219178804, Acc:36.732, LR:0.01
Epoch:29, Loss:2.549857511812327, Acc:36.932, LR:0.002
Validation: Loss:2.8026013493537905, Acc:30.87
Best model updated!
Epoch:30, Loss:2.511199036423041, Acc:38.26, LR:0.002
Epoch:31, Loss:2.506383311991789, Acc:38.372, LR:0.002
Epoch:32, Loss:2.502221997903318, Acc:38.652, LR:0.002
Epoch:33, Loss:2.499989088700742, Acc:38.574, LR:0.002
Epoch:34, Loss:2.503637588753992, Acc:38.64, LR:0.002
Validation: Loss:2.742474353313446, Acc:31.86
Best model updated!
Epoch:35, Loss:2.5062451630222555, Acc:38.648, LR:0.002
Epoch:36, Loss:2.5073302570654423, Acc:38.31, LR:0.002
Epoch:37, Loss:2.506892873316395, Acc:38.368, LR:0.002
Epoch:38, Loss:2.5026452419709186, Acc:38.552, LR:0.002
Epoch:39, Loss:2.501602729972528, Acc:38.422, LR:0.002
Validation: Loss:2.7421875, Acc:32.0
Best model updated!
Epoch:40, Loss:2.506974697113037, Acc:38.262, LR:0.002
Epoch:41, Loss:2.5047653183645133, Acc:38.23, LR:0.002
Epoch:42, Loss:2.502265134636237, Acc:38.776, LR:0.002
Epoch:43, Loss:2.5000373879257514, Acc:38.638, LR:0.002
Epoch:44, Loss:2.4972437936432508, Acc:38.776, LR:0.002
Validation: Loss:2.7485598802566527, Acc:31.54
Epoch:45, Loss:2.4954090848260995, Acc:38.594, LR:0.002
Epoch:46, Loss:2.4925678019620934, Acc:38.434, LR:0.002
Epoch:47, Loss:2.4885825502629184, Acc:39.048, LR:0.002
Epoch:48, Loss:2.4940965443241354, Acc:38.676, LR:0.002
Epoch:49, Loss:2.4937898358520196, Acc:38.658, LR:0.002
Validation: Loss:2.759229588508606, Acc:31.47
Epoch:50, Loss:2.493614912033081, Acc:38.818, LR:0.002
Epoch:51, Loss:2.4900222578827216, Acc:38.872, LR:0.002
Epoch:52, Loss:2.4949319532939365, Acc:38.758, LR:0.002
Epoch:53, Loss:2.4912657251163406, Acc:38.732, LR:0.002
Epoch:54, Loss:2.4926434682340037, Acc:38.648, LR:0.002
Validation: Loss:2.7383536458015443, Acc:31.99
Epoch:55, Loss:2.49017769219924, Acc:38.888, LR:0.002
Epoch:56, Loss:2.4868420630085226, Acc:38.674, LR:0.002
Epoch:57, Loss:2.4897340609102834, Acc:38.74, LR:0.002
Epoch:58, Loss:2.4893465601668066, Acc:38.928, LR:0.002
Epoch:59, Loss:2.488215548651559, Acc:38.708, LR:0.0004
Validation: Loss:2.7414057731628416, Acc:31.9
Epoch:60, Loss:2.475888879931703, Acc:39.33, LR:0.0004
Epoch:61, Loss:2.4739375065784066, Acc:39.494, LR:0.0004
Epoch:62, Loss:2.47368814264025, Acc:39.3, LR:0.0004
Epoch:63, Loss:2.4807577984673634, Acc:39.128, LR:0.0004
Epoch:64, Loss:2.481854017899961, Acc:39.154, LR:0.0004
Validation: Loss:2.7441137790679933, Acc:31.86
Epoch:65, Loss:2.476392390776654, Acc:39.334, LR:0.0004
Epoch:66, Loss:2.4735411600190766, Acc:39.346, LR:0.0004
Epoch:67, Loss:2.4735235608353907, Acc:39.288, LR:0.0004
Epoch:68, Loss:2.4719699888813254, Acc:39.438, LR:0.0004
Epoch:69, Loss:2.4734940017972673, Acc:39.396, LR:0.0004
Validation: Loss:2.7425862193107604, Acc:31.66
Epoch:70, Loss:2.4741042852401733, Acc:39.242, LR:0.0004
Epoch:71, Loss:2.476855222059756, Acc:39.356, LR:0.0004
Epoch:72, Loss:2.477858489873458, Acc:39.21, LR:0.0004
Epoch:73, Loss:2.4711884430476596, Acc:39.276, LR:0.0004
Epoch:74, Loss:2.471083217737626, Acc:39.378, LR:0.0004
Validation: Loss:2.7364738821983337, Acc:31.88
Epoch:75, Loss:2.4702971346524296, Acc:39.244, LR:0.0004
Epoch:76, Loss:2.4709611595893395, Acc:39.354, LR:0.0004
Epoch:77, Loss:2.471805623599461, Acc:39.522, LR:0.0004
Epoch:78, Loss:2.468852006659216, Acc:39.156, LR:0.0004
Epoch:79, Loss:2.4703341114277744, Acc:39.518, LR:0.0004
Validation: Loss:2.7353360056877136, Acc:31.87
Epoch:80, Loss:2.4720485380717685, Acc:39.16, LR:0.0004
Epoch:81, Loss:2.465866981720438, Acc:39.468, LR:0.0004
Epoch:82, Loss:2.468045499860024, Acc:39.528, LR:0.0004
Epoch:83, Loss:2.469206466966746, Acc:39.116, LR:0.0004
Epoch:84, Loss:2.475754370494765, Acc:39.304, LR:0.0004
Validation: Loss:2.7374977111816405, Acc:31.64
Epoch:85, Loss:2.4717496098304284, Acc:39.522, LR:0.0004
Epoch:86, Loss:2.46936310310753, Acc:39.456, LR:0.0004
Epoch:87, Loss:2.4700524709662615, Acc:39.238, LR:0.0004
Epoch:88, Loss:2.469635973171312, Acc:39.342, LR:0.0004
Epoch:89, Loss:2.4686522629796244, Acc:39.342, LR:8e-05
Validation: Loss:2.7320387721061707, Acc:31.85
Epoch:90, Loss:2.4705284590623817, Acc:39.086, LR:8e-05
Epoch:91, Loss:2.4678635597229004, Acc:39.43, LR:8e-05
Epoch:92, Loss:2.4648179570022895, Acc:39.444, LR:8e-05
Epoch:93, Loss:2.4701544411328373, Acc:39.374, LR:8e-05
Epoch:94, Loss:2.4660451022946104, Acc:39.646, LR:8e-05
Validation: Loss:2.7391234278678893, Acc:31.67
Epoch:95, Loss:2.4617658172334944, Acc:39.682, LR:8e-05
Epoch:96, Loss:2.475172962461199, Acc:39.354, LR:8e-05
Epoch:97, Loss:2.4626293206701475, Acc:39.446, LR:8e-05
Epoch:98, Loss:2.4640970668014215, Acc:39.992, LR:8e-05
Epoch:99, Loss:2.4671123368399486, Acc:39.546, LR:8e-05
Validation: Loss:2.743401551246643, Acc:31.56
Epoch:100, Loss:2.4673268649042868, Acc:39.264, LR:8e-05
Epoch:101, Loss:2.466696337777741, Acc:39.458, LR:8e-05
Epoch:102, Loss:2.4702751709490407, Acc:39.596, LR:8e-05
Epoch:103, Loss:2.4681635267880497, Acc:39.594, LR:8e-05
Epoch:104, Loss:2.470903221441775, Acc:39.312, LR:8e-05
Validation: Loss:2.740891861915588, Acc:31.75
Epoch:105, Loss:2.4691698916104374, Acc:39.352, LR:8e-05
Epoch:106, Loss:2.469499809401376, Acc:39.53, LR:8e-05
Epoch:107, Loss:2.4680460448167763, Acc:39.46, LR:8e-05
Epoch:108, Loss:2.4680129094999663, Acc:39.468, LR:8e-05
Epoch:109, Loss:2.4741029131169223, Acc:39.516, LR:8e-05
Validation: Loss:2.7377959370613096, Acc:31.77
Epoch:110, Loss:2.4625851524119473, Acc:39.61, LR:8e-05
Epoch:111, Loss:2.463490352338674, Acc:39.762, LR:8e-05
Epoch:112, Loss:2.463353704433052, Acc:39.698, LR:8e-05
Epoch:113, Loss:2.4666416377437357, Acc:39.274, LR:8e-05
Epoch:114, Loss:2.4722567310138626, Acc:39.094, LR:8e-05
Validation: Loss:2.7385782480239866, Acc:31.69
Epoch:115, Loss:2.4654598017128144, Acc:39.492, LR:8e-05
Epoch:116, Loss:2.465499785481667, Acc:39.576, LR:8e-05
Epoch:117, Loss:2.4670645728403207, Acc:39.494, LR:8e-05
Epoch:118, Loss:2.4627165599745147, Acc:39.664, LR:8e-05
Epoch:119, Loss:2.472783718790327, Acc:39.162, LR:1.6000000000000003e-05
Validation: Loss:2.7354443430900575, Acc:31.73
Epoch:120, Loss:2.471366663368381, Acc:39.386, LR:1.6000000000000003e-05
Epoch:121, Loss:2.464106095080473, Acc:39.676, LR:1.6000000000000003e-05
Epoch:122, Loss:2.4650621170900306, Acc:39.506, LR:1.6000000000000003e-05
Epoch:123, Loss:2.4631466573598435, Acc:39.538, LR:1.6000000000000003e-05
Epoch:124, Loss:2.4638626867411086, Acc:39.216, LR:1.6000000000000003e-05
Validation: Loss:2.734822928905487, Acc:31.69
Epoch:125, Loss:2.4655014349489797, Acc:39.488, LR:1.6000000000000003e-05
Epoch:126, Loss:2.467852290795774, Acc:39.376, LR:1.6000000000000003e-05
Epoch:127, Loss:2.46471838561856, Acc:39.394, LR:1.6000000000000003e-05
Epoch:128, Loss:2.4639389514923096, Acc:39.648, LR:1.6000000000000003e-05
Epoch:129, Loss:2.4631438157996355, Acc:39.684, LR:1.6000000000000003e-05
Validation: Loss:2.738026666641235, Acc:31.74
Epoch:130, Loss:2.462411539895194, Acc:39.684, LR:1.6000000000000003e-05
Epoch:131, Loss:2.4681048782504336, Acc:39.512, LR:1.6000000000000003e-05
Epoch:132, Loss:2.466735311916896, Acc:39.59, LR:1.6000000000000003e-05
Epoch:133, Loss:2.4680840482517166, Acc:39.49, LR:1.6000000000000003e-05
Epoch:134, Loss:2.4658559779731597, Acc:39.64, LR:1.6000000000000003e-05
Validation: Loss:2.7390629410743714, Acc:31.72
Epoch:135, Loss:2.467783653006262, Acc:39.6, LR:1.6000000000000003e-05
Epoch:136, Loss:2.459543534687587, Acc:39.646, LR:1.6000000000000003e-05
Epoch:137, Loss:2.4641159164662265, Acc:39.506, LR:1.6000000000000003e-05
Epoch:138, Loss:2.4628647346885835, Acc:39.422, LR:1.6000000000000003e-05
Epoch:139, Loss:2.4664692465139897, Acc:39.512, LR:1.6000000000000003e-05
Validation: Loss:2.736061191558838, Acc:31.72
Epoch:140, Loss:2.4658700252065855, Acc:39.662, LR:1.6000000000000003e-05
Epoch:141, Loss:2.467012035603426, Acc:39.678, LR:1.6000000000000003e-05
Epoch:142, Loss:2.463991970432048, Acc:39.686, LR:1.6000000000000003e-05
Epoch:143, Loss:2.468950383517207, Acc:39.52, LR:1.6000000000000003e-05
Epoch:144, Loss:2.462270442320376, Acc:39.582, LR:1.6000000000000003e-05
Validation: Loss:2.730292809009552, Acc:31.77
Epoch:145, Loss:2.4698869646811974, Acc:39.172, LR:1.6000000000000003e-05
Epoch:146, Loss:2.4681108679090227, Acc:39.648, LR:1.6000000000000003e-05
Epoch:147, Loss:2.466677544068317, Acc:39.61, LR:1.6000000000000003e-05
Epoch:148, Loss:2.4655809791720644, Acc:39.512, LR:1.6000000000000003e-05
Epoch:149, Loss:2.4641996743727703, Acc:39.582, LR:3.2000000000000007e-06
Validation: Loss:2.731855869293213, Acc:31.71
Epoch:150, Loss:2.4656446101714153, Acc:39.576, LR:3.2000000000000007e-06
Epoch:151, Loss:2.4631797780795974, Acc:39.63, LR:3.2000000000000007e-06
Epoch:152, Loss:2.465072271775226, Acc:39.494, LR:3.2000000000000007e-06
Epoch:153, Loss:2.4659344979694913, Acc:39.686, LR:3.2000000000000007e-06
Epoch:154, Loss:2.4668533339792367, Acc:39.514, LR:3.2000000000000007e-06
Validation: Loss:2.731286418437958, Acc:31.73
Epoch:155, Loss:2.472136351527, Acc:39.416, LR:3.2000000000000007e-06
Epoch:156, Loss:2.464293326650347, Acc:39.562, LR:3.2000000000000007e-06
Epoch:157, Loss:2.4652963438812567, Acc:39.632, LR:3.2000000000000007e-06
Epoch:158, Loss:2.4627688028374495, Acc:39.452, LR:3.2000000000000007e-06
Epoch:159, Loss:2.4673594431001313, Acc:39.46, LR:3.2000000000000007e-06
Validation: Loss:2.7381713032722472, Acc:31.82
Epoch:160, Loss:2.4664357024796155, Acc:39.41, LR:3.2000000000000007e-06
Epoch:161, Loss:2.464452310484283, Acc:39.684, LR:3.2000000000000007e-06
Epoch:162, Loss:2.4632047268809103, Acc:39.626, LR:3.2000000000000007e-06
Epoch:163, Loss:2.466778263753774, Acc:39.496, LR:3.2000000000000007e-06
Epoch:164, Loss:2.4700854408497714, Acc:39.53, LR:3.2000000000000007e-06
Validation: Loss:2.73316171169281, Acc:31.86
Epoch:165, Loss:2.462309423758059, Acc:39.548, LR:3.2000000000000007e-06
Epoch:166, Loss:2.4614428427754618, Acc:39.756, LR:3.2000000000000007e-06
Epoch:167, Loss:2.4660614218030656, Acc:39.36, LR:3.2000000000000007e-06
Epoch:168, Loss:2.4649601712518807, Acc:39.616, LR:3.2000000000000007e-06
Epoch:169, Loss:2.4650475638253346, Acc:39.6, LR:3.2000000000000007e-06
Validation: Loss:2.7369462728500364, Acc:31.73
Epoch:170, Loss:2.463092789358022, Acc:39.484, LR:3.2000000000000007e-06
Epoch:171, Loss:2.460988828114101, Acc:39.736, LR:3.2000000000000007e-06
Epoch:172, Loss:2.4639405425713985, Acc:39.474, LR:3.2000000000000007e-06
Epoch:173, Loss:2.466846432004656, Acc:39.552, LR:3.2000000000000007e-06
Epoch:174, Loss:2.466325969112163, Acc:39.704, LR:3.2000000000000007e-06
Validation: Loss:2.7353936672210692, Acc:31.69
Epoch:175, Loss:2.464411796355734, Acc:39.554, LR:3.2000000000000007e-06
Epoch:176, Loss:2.4645231305336464, Acc:39.32, LR:3.2000000000000007e-06
Epoch:177, Loss:2.4658690885621675, Acc:39.59, LR:3.2000000000000007e-06
Epoch:178, Loss:2.4642061092415632, Acc:39.424, LR:3.2000000000000007e-06
Epoch:179, Loss:2.4672168347300314, Acc:39.518, LR:6.400000000000002e-07
Validation: Loss:2.7374802112579344, Acc:31.55
Epoch:180, Loss:2.467878626317394, Acc:39.282, LR:6.400000000000002e-07
Epoch:181, Loss:2.4664532870662454, Acc:39.388, LR:6.400000000000002e-07
Epoch:182, Loss:2.4640795357373295, Acc:39.606, LR:6.400000000000002e-07
Epoch:183, Loss:2.462328601856621, Acc:39.574, LR:6.400000000000002e-07
Epoch:184, Loss:2.464986433788222, Acc:39.498, LR:6.400000000000002e-07
Validation: Loss:2.739513111114502, Acc:31.76
Epoch:185, Loss:2.4688727831353945, Acc:39.506, LR:6.400000000000002e-07
Epoch:186, Loss:2.464355624451929, Acc:39.602, LR:6.400000000000002e-07
Epoch:187, Loss:2.4664432321275984, Acc:39.536, LR:6.400000000000002e-07
Epoch:188, Loss:2.467163326788922, Acc:39.318, LR:6.400000000000002e-07
Epoch:189, Loss:2.465979021422717, Acc:39.546, LR:6.400000000000002e-07
Validation: Loss:2.731268012523651, Acc:31.76
Epoch:190, Loss:2.465357228201263, Acc:39.416, LR:6.400000000000002e-07
Epoch:191, Loss:2.46302110564952, Acc:39.58, LR:6.400000000000002e-07
Epoch:192, Loss:2.4627176936791866, Acc:39.584, LR:6.400000000000002e-07
Epoch:193, Loss:2.4664702439794737, Acc:39.342, LR:6.400000000000002e-07
Epoch:194, Loss:2.4671514131584944, Acc:39.418, LR:6.400000000000002e-07
Validation: Loss:2.7342334151268006, Acc:31.68
Epoch:195, Loss:2.4694495298424544, Acc:39.502, LR:6.400000000000002e-07
Epoch:196, Loss:2.462992473524444, Acc:39.41, LR:6.400000000000002e-07
Epoch:197, Loss:2.4628595040768992, Acc:39.418, LR:6.400000000000002e-07
Epoch:198, Loss:2.4675410085794875, Acc:39.416, LR:6.400000000000002e-07
Epoch:199, Loss:2.4666179637519683, Acc:39.548, LR:6.400000000000002e-07
Validation: Loss:2.7288651347160338, Acc:31.94
Test: Acc:32.0
