nohup: ignoring input
{
    "datapath": "../data/",
    "logpath": "./logs/",
    "batch_size": 512,
    "epoch": 1000,
    "seed": 43,
    "date": "0620",
    "plot": true,
    "num_classes": 100,
    "learning_rate": 0.0003,
    "weight_decay": 0.0003,
    "pretrained": true,
    "device_id": 1,
    "dropout": true,
    "cutout": true,
    "model": "ViT",
    "setting": "regular"
}
<class '__main__.args'>
Pretrained=True, Training with lr=0.0003, decay=0.0003
2024-06-20 13:34:12
Epoch:0, Loss:4.1768094374209035, Acc:5.91, LR:0.0002999259840548597
Epoch:1, Loss:3.6115880596394443, Acc:14.128, LR:0.0002997040092642407
Epoch:2, Loss:3.2429392605411764, Acc:21.218, LR:0.000299334294690462
Epoch:3, Loss:2.9891741883998013, Acc:25.776, LR:0.0002988172051971717
Epoch:4, Loss:2.8015100274767195, Acc:29.36, LR:0.00029815325108927063
Validation: Loss:2.7250468611717222, Acc:31.93
Best model updated!
Epoch:5, Loss:2.6357559768521055, Acc:32.808, LR:0.00029734308760930326
Epoch:6, Loss:2.4888616630009244, Acc:35.672, LR:0.00029638751429081204
Epoch:7, Loss:2.367516588191597, Acc:38.442, LR:0.0002952874741692946
Epoch:8, Loss:2.2400136577839755, Acc:41.182, LR:0.00029404405285154137
Epoch:9, Loss:2.1481156738436953, Acc:42.79, LR:0.0002926584774442729
Validation: Loss:2.213492697477341, Acc:43.31
Best model updated!
Epoch:10, Loss:2.0231434982650134, Acc:45.814, LR:0.00029113211534313374
Epoch:11, Loss:1.93624189191935, Acc:47.572, LR:0.0002894664728832376
Epoch:12, Loss:1.8453738592108901, Acc:49.852, LR:0.0002876631938525971
Epoch:13, Loss:1.7476044735129999, Acc:52.082, LR:0.0002857240578699029
Epoch:14, Loss:1.656146606620477, Acc:54.17, LR:0.00028365097862825513
Validation: Loss:1.935883927345276, Acc:49.16
Best model updated!
Epoch:15, Loss:1.58049761397498, Acc:56.036, LR:0.0002814460020065795
Epoch:16, Loss:1.502383449856116, Acc:57.714, LR:0.0002791113040505915
Epoch:17, Loss:1.41524169396381, Acc:59.744, LR:0.00027664918882530225
Epoch:18, Loss:1.3517961769687885, Acc:61.628, LR:0.00027406208614118424
Epoch:19, Loss:1.2699054759375903, Acc:63.624, LR:0.0002713525491562421
Validation: Loss:1.8866704523563385, Acc:51.3
Best model updated!
Epoch:20, Loss:1.1921856549321388, Acc:65.542, LR:0.00026852325185635354
Epoch:21, Loss:1.119457946139939, Acc:67.624, LR:0.0002655769864163684
Epoch:22, Loss:1.0476375155302944, Acc:69.42, LR:0.00026251666044456895
Epoch:23, Loss:0.9839367988158245, Acc:71.01, LR:0.0002593452941132118
Epoch:24, Loss:0.9024314558019444, Acc:73.476, LR:0.0002560660171779822
Validation: Loss:1.954883521795273, Acc:52.55
Best model updated!
Epoch:25, Loss:0.859763885030941, Acc:74.388, LR:0.00025268206588930335
Epoch:26, Loss:0.7857815751007625, Acc:76.464, LR:0.0002491967797985478
Epoch:27, Loss:0.7300320492715252, Acc:78.346, LR:0.0002456135984623035
Epoch:28, Loss:0.6780620703891832, Acc:79.51, LR:0.00024193605804794655
Epoch:29, Loss:0.6198889862517921, Acc:81.43, LR:0.00023816778784387105
Validation: Loss:2.039269834756851, Acc:52.59
Best model updated!
Epoch:30, Loss:0.563801115264698, Acc:82.864, LR:0.00023431250667781966
Epoch:31, Loss:0.525931258590854, Acc:84.206, LR:0.00023037401924684952
Epoch:32, Loss:0.4835255891084671, Acc:85.5, LR:0.00022635621236255572
Epoch:33, Loss:0.4490423485332606, Acc:86.38, LR:0.00022226305111525731
Epoch:34, Loss:0.40663017606248664, Acc:87.828, LR:0.00021809857496093204
Validation: Loss:2.1778045773506163, Acc:52.12
Epoch:35, Loss:0.3857739981339902, Acc:88.24, LR:0.00021386689373476092
Epoch:36, Loss:0.3654387292205071, Acc:88.974, LR:0.00020957218359521712
Epoch:37, Loss:0.32821772445221337, Acc:89.952, LR:0.00020521868290270177
Epoch:38, Loss:0.3055326192050564, Acc:90.684, LR:0.00020081068803679377
Epoch:39, Loss:0.29706167308043463, Acc:91.04, LR:0.00019635254915624216
Validation: Loss:2.278545308113098, Acc:52.41
Epoch:40, Loss:0.26756384558215435, Acc:92.034, LR:0.00019184866590588444
Epoch:41, Loss:0.24158134721979804, Acc:92.92, LR:0.00018730348307472821
Epoch:42, Loss:0.23106488813551104, Acc:93.084, LR:0.00018272148620948142
Epoch:43, Loss:0.21703693209862224, Acc:93.616, LR:0.00017810719718785875
Epoch:44, Loss:0.20999048087669878, Acc:93.782, LR:0.00017346516975603468
Validation: Loss:2.36591899394989, Acc:53.06
Best model updated!
Epoch:45, Loss:0.19403217945780074, Acc:94.334, LR:0.0001687999850346457
Epoch:46, Loss:0.18023100852662202, Acc:94.682, LR:0.00016411624699777717
Epoch:47, Loss:0.17168345104674904, Acc:95.014, LR:0.00015941857792939706
Epoch:48, Loss:0.16293862614096427, Acc:95.33, LR:0.00015471161386171927
Epoch:49, Loss:0.15189792717597922, Acc:95.708, LR:0.00015000000000000001
Validation: Loss:2.4604640126228334, Acc:52.75
Epoch:50, Loss:0.14495636956120023, Acc:95.84, LR:0.00014528838613828078
Epoch:51, Loss:0.14021199569106102, Acc:96.1, LR:0.00014058142207060302
Epoch:52, Loss:0.13229681300569554, Acc:96.17, LR:0.00013588375300222289
Epoch:53, Loss:0.12200930783030939, Acc:96.564, LR:0.0001312000149653544
Epoch:54, Loss:0.11653288028069905, Acc:96.808, LR:0.0001265348302439654
Validation: Loss:2.5025697708129884, Acc:53.11
Best model updated!
Epoch:55, Loss:0.11332236983034076, Acc:96.774, LR:0.00012189280281214134
Epoch:56, Loss:0.10478348307767693, Acc:97.072, LR:0.00011727851379051869
Epoch:57, Loss:0.09929649410199146, Acc:97.204, LR:0.0001126965169252718
Epoch:58, Loss:0.09368758051827246, Acc:97.406, LR:0.00010815133409411566
Epoch:59, Loss:0.08757098973253552, Acc:97.664, LR:0.00010364745084375796
Validation: Loss:2.535400366783142, Acc:53.38
Best model updated!
Epoch:60, Loss:0.08221656471794965, Acc:97.728, LR:9.918931196320633e-05
Epoch:61, Loss:0.07794348808119492, Acc:97.972, LR:9.478131709729838e-05
Epoch:62, Loss:0.07536432823660422, Acc:97.948, LR:9.042781640478292e-05
Epoch:63, Loss:0.07192691020211395, Acc:98.114, LR:8.613310626523913e-05
Epoch:64, Loss:0.06732039119364047, Acc:98.244, LR:8.190142503906802e-05
Validation: Loss:2.548670065402985, Acc:53.42
Best model updated!
Epoch:65, Loss:0.06276506649292245, Acc:98.358, LR:7.773694888474271e-05
Epoch:66, Loss:0.05923872901012703, Acc:98.498, LR:7.364378763744433e-05
Epoch:67, Loss:0.056002619695298524, Acc:98.6, LR:6.96259807531505e-05
Epoch:68, Loss:0.05028010269969094, Acc:98.798, LR:6.568749332218042e-05
Epoch:69, Loss:0.050246487124537935, Acc:98.78, LR:6.183221215612908e-05
Validation: Loss:2.5535760879516602, Acc:53.99
Best model updated!
Epoch:70, Loss:0.04649884907566771, Acc:98.878, LR:5.806394195205354e-05
Epoch:71, Loss:0.04776503767210002, Acc:98.832, LR:5.438640153769656e-05
Epoch:72, Loss:0.046236658411822756, Acc:98.896, LR:5.080322020145227e-05
Epoch:73, Loss:0.04221635566530179, Acc:98.998, LR:4.731793411069671e-05
Epoch:74, Loss:0.038090559235792985, Acc:99.152, LR:4.39339828220179e-05
Validation: Loss:2.5376531720161437, Acc:54.15
Best model updated!
Epoch:75, Loss:0.03771046263983055, Acc:99.146, LR:4.065470588678832e-05
Epoch:76, Loss:0.03548373534743275, Acc:99.174, LR:3.7483339555431075e-05
Epoch:77, Loss:0.03466421702154437, Acc:99.216, LR:3.442301358363164e-05
Epoch:78, Loss:0.033093957781639635, Acc:99.274, LR:3.147674814364645e-05
Epoch:79, Loss:0.03143915115874641, Acc:99.32, LR:2.8647450843757908e-05
Validation: Loss:2.5465137362480164, Acc:54.26
Best model updated!
Epoch:80, Loss:0.027764609083533287, Acc:99.428, LR:2.5937913858815748e-05
Epoch:81, Loss:0.028338644263923775, Acc:99.38, LR:2.3350811174697777e-05
Epoch:82, Loss:0.026725014861749143, Acc:99.418, LR:2.088869594940844e-05
Epoch:83, Loss:0.02706783993777876, Acc:99.444, LR:1.8553997993420465e-05
Epoch:84, Loss:0.025569604947326744, Acc:99.46, LR:1.6349021371744834e-05
Validation: Loss:2.5460760951042176, Acc:54.39
Best model updated!
Epoch:85, Loss:0.02431642478902121, Acc:99.518, LR:1.4275942130097098e-05
Epoch:86, Loss:0.023477505236788064, Acc:99.558, LR:1.2336806147402864e-05
Epoch:87, Loss:0.023710476852269197, Acc:99.546, LR:1.0533527116762298e-05
Epoch:88, Loss:0.023202398715882887, Acc:99.516, LR:8.867884656866183e-06
Epoch:89, Loss:0.02168748700725181, Acc:99.59, LR:7.341522555726971e-06
Validation: Loss:2.540473449230194, Acc:54.39
Epoch:90, Loss:0.022008182518944448, Acc:99.58, LR:5.955947148458557e-06
Epoch:91, Loss:0.02132518749151911, Acc:99.612, LR:4.712525830705355e-06
Epoch:92, Loss:0.020740830862172405, Acc:99.616, LR:3.612485709187901e-06
Epoch:93, Loss:0.020736099315845236, Acc:99.606, LR:2.6569123906966916e-06
Epoch:94, Loss:0.020406737657529966, Acc:99.62, LR:1.8467489107293509e-06
Validation: Loss:2.5373441100120546, Acc:54.38
Epoch:95, Loss:0.019167354815088366, Acc:99.636, LR:1.1827948028283352e-06
Epoch:96, Loss:0.019734339398921143, Acc:99.622, LR:6.657053095380005e-07
Epoch:97, Loss:0.019374622573733936, Acc:99.654, LR:2.9599073575926616e-07
Epoch:98, Loss:0.01929821758245935, Acc:99.656, LR:7.401594514025999e-08
Epoch:99, Loss:0.020227459430390476, Acc:99.606, LR:0.0
Validation: Loss:2.539777672290802, Acc:54.53
Best model updated!
Epoch:100, Loss:0.01951570864006573, Acc:99.622, LR:7.401594514025999e-08
Epoch:101, Loss:0.019455871620804678, Acc:99.616, LR:2.959907357592661e-07
Epoch:102, Loss:0.0200050008122106, Acc:99.634, LR:6.657053095380004e-07
Epoch:103, Loss:0.020671626866548037, Acc:99.6, LR:1.1827948028283183e-06
Epoch:104, Loss:0.01902513877887811, Acc:99.652, LR:1.846748910729334e-06
Validation: Loss:2.5377014756202696, Acc:54.38
Epoch:105, Loss:0.01955999872096035, Acc:99.638, LR:2.6569123906967077e-06
Epoch:106, Loss:0.01899901032447815, Acc:99.656, LR:3.612485709187884e-06
Epoch:107, Loss:0.019568258402298908, Acc:99.596, LR:4.712525830705321e-06
Epoch:108, Loss:0.01927078852658065, Acc:99.63, LR:5.955947148458522e-06
Epoch:109, Loss:0.019653626461038177, Acc:99.642, LR:7.341522555726951e-06
Validation: Loss:2.544216513633728, Acc:54.27
Epoch:110, Loss:0.020066383484827012, Acc:99.616, LR:8.86788465686618e-06
Epoch:111, Loss:0.019794376928131192, Acc:99.63, LR:1.0533527116762278e-05
Epoch:112, Loss:0.0220489624925718, Acc:99.556, LR:1.2336806147402808e-05
Epoch:113, Loss:0.020917545205780437, Acc:99.61, LR:1.4275942130097042e-05
Epoch:114, Loss:0.022756216857506305, Acc:99.556, LR:1.6349021371744844e-05
Validation: Loss:2.5462499499320983, Acc:54.44
Epoch:115, Loss:0.022939730910774395, Acc:99.548, LR:1.8553997993420472e-05
Epoch:116, Loss:0.025380492466977055, Acc:99.442, LR:2.0888695949408444e-05
Epoch:117, Loss:0.025333217829846, Acc:99.49, LR:2.3350811174697713e-05
Epoch:118, Loss:0.027256688464204877, Acc:99.41, LR:2.593791385881568e-05
Epoch:119, Loss:0.02787106120198661, Acc:99.41, LR:2.864745084375782e-05
Validation: Loss:2.581529474258423, Acc:54.09
Epoch:120, Loss:0.030983284695492108, Acc:99.332, LR:3.147674814364644e-05
Epoch:121, Loss:0.032898099674862256, Acc:99.26, LR:3.44230135836316e-05
Epoch:122, Loss:0.03404810142760374, Acc:99.294, LR:3.7483339555431034e-05
Epoch:123, Loss:0.03701476313705955, Acc:99.168, LR:4.0654705886788224e-05
Epoch:124, Loss:0.04187203601610904, Acc:98.984, LR:4.39339828220178e-05
Validation: Loss:2.615923893451691, Acc:53.75
Epoch:125, Loss:0.04626895044455115, Acc:98.826, LR:4.731793411069669e-05
Epoch:126, Loss:0.04641234125865965, Acc:98.824, LR:5.0803220201452194e-05
Epoch:127, Loss:0.048836447241507014, Acc:98.766, LR:5.4386401537696557e-05
Epoch:128, Loss:0.05695985533221035, Acc:98.524, LR:5.806394195205352e-05
Epoch:129, Loss:0.05480050804967783, Acc:98.624, LR:6.1832212156129e-05
Validation: Loss:2.6160563707351683, Acc:53.42
Epoch:130, Loss:0.0603653433523616, Acc:98.372, LR:6.568749332218034e-05
Epoch:131, Loss:0.07048519377653696, Acc:98.058, LR:6.962598075315054e-05
Epoch:132, Loss:0.06989598399674406, Acc:98.102, LR:7.364378763744432e-05
Epoch:133, Loss:0.067953797513429, Acc:98.232, LR:7.77369488847427e-05
Epoch:134, Loss:0.0729719918145209, Acc:98.042, LR:8.190142503906793e-05
Validation: Loss:2.655793046951294, Acc:52.49
Epoch:135, Loss:0.0822219260188998, Acc:97.808, LR:8.613310626523915e-05
Epoch:136, Loss:0.08288283862781767, Acc:97.664, LR:9.042781640478292e-05
Epoch:137, Loss:0.0906006246805191, Acc:97.486, LR:9.478131709729829e-05
Epoch:138, Loss:0.09206933094834795, Acc:97.39, LR:9.918931196320625e-05
Epoch:139, Loss:0.09427647878016744, Acc:97.202, LR:0.00010364745084375781
Validation: Loss:2.6381083726882935, Acc:52.12
Epoch:140, Loss:0.09445434455208633, Acc:97.268, LR:0.00010815133409411552
Epoch:141, Loss:0.09725086543024802, Acc:97.128, LR:0.00011269651692527181
Epoch:142, Loss:0.10766849803681276, Acc:96.844, LR:0.0001172785137905186
Epoch:143, Loss:0.11179204528429071, Acc:96.722, LR:0.00012189280281214127
Epoch:144, Loss:0.11012975118902264, Acc:96.702, LR:0.0001265348302439653
Validation: Loss:2.706074392795563, Acc:51.44
Epoch:145, Loss:0.12447493219253969, Acc:96.21, LR:0.00013120001496535425
Epoch:146, Loss:0.12476665648270627, Acc:96.356, LR:0.00013588375300222283
Epoch:147, Loss:0.11928395706475997, Acc:96.402, LR:0.00014058142207060294
Epoch:148, Loss:0.12362132981723668, Acc:96.27, LR:0.00014528838613828067
Epoch:149, Loss:0.11985509774210501, Acc:96.502, LR:0.00014999999999999988
Validation: Loss:2.773231494426727, Acc:51.29
Epoch:150, Loss:0.1341401346940167, Acc:95.91, LR:0.00015471161386171908
Epoch:151, Loss:0.14392752937820494, Acc:95.568, LR:0.00015941857792939681
Epoch:152, Loss:0.1415814622020235, Acc:95.644, LR:0.00016411624699777706
Epoch:153, Loss:0.13542537619264758, Acc:95.856, LR:0.00016879998503464553
Epoch:154, Loss:0.13141716309652038, Acc:96.064, LR:0.0001734651697560345
Validation: Loss:2.633604860305786, Acc:52.54
Epoch:155, Loss:0.14433657301931965, Acc:95.55, LR:0.00017810719718785856
Epoch:156, Loss:0.13763971573540143, Acc:95.888, LR:0.00018272148620948123
Epoch:157, Loss:0.13880434974419828, Acc:95.886, LR:0.00018730348307472816
Epoch:158, Loss:0.154835794349106, Acc:95.14, LR:0.00019184866590588428
Epoch:159, Loss:0.16086032933422498, Acc:95.106, LR:0.00019635254915624197
Validation: Loss:2.684879755973816, Acc:52.08
Epoch:160, Loss:0.1559387631714344, Acc:95.286, LR:0.00020081068803679352
Epoch:161, Loss:0.1592793512557234, Acc:95.13, LR:0.00020521868290270147
Epoch:162, Loss:0.1599441905106817, Acc:95.12, LR:0.00020957218359521685
Epoch:163, Loss:0.15825510792890374, Acc:95.15, LR:0.00021386689373476063
Epoch:164, Loss:0.1531318689183313, Acc:95.294, LR:0.00021809857496093171
Validation: Loss:2.7191693425178527, Acc:51.14
Epoch:165, Loss:0.15323873578893896, Acc:95.27, LR:0.0002222630511152572
Epoch:166, Loss:0.15151178737988277, Acc:95.38, LR:0.0002263562123625556
Epoch:167, Loss:0.15636587348215433, Acc:95.204, LR:0.0002303740192468494
Epoch:168, Loss:0.16587740015618654, Acc:94.874, LR:0.00023431250667781947
Epoch:169, Loss:0.17741800662206145, Acc:94.406, LR:0.0002381677878438708
Validation: Loss:2.6930606365203857, Acc:51.16
Epoch:170, Loss:0.16936814123574567, Acc:94.668, LR:0.00024193605804794627
Epoch:171, Loss:0.1738374775313601, Acc:94.648, LR:0.00024561359846230325
Epoch:172, Loss:0.17127083470018542, Acc:94.688, LR:0.00024919677979854754
Epoch:173, Loss:0.1628508703897194, Acc:95.002, LR:0.00025268206588930297
Epoch:174, Loss:0.17359302299363272, Acc:94.624, LR:0.0002560660171779818
Validation: Loss:2.686710608005524, Acc:51.31
Epoch:175, Loss:0.16708871684208207, Acc:94.814, LR:0.0002593452941132115
Epoch:176, Loss:0.17771283020170367, Acc:94.518, LR:0.00026251666044456874
Epoch:177, Loss:0.17181069434297327, Acc:94.696, LR:0.00026557698641636824
Epoch:178, Loss:0.16118333914450236, Acc:94.958, LR:0.0002685232518563534
Epoch:179, Loss:0.18262159238968576, Acc:94.336, LR:0.000271352549156242
Validation: Loss:2.6641468524932863, Acc:51.45
Epoch:180, Loss:0.16570248447206556, Acc:94.8, LR:0.00027406208614118413
Epoch:181, Loss:0.1805004869796792, Acc:94.492, LR:0.00027664918882530214
Epoch:182, Loss:0.15780222301884572, Acc:95.134, LR:0.0002791113040505914
Epoch:183, Loss:0.16020196911935902, Acc:95.02, LR:0.0002814460020065794
Epoch:184, Loss:0.1733951579247202, Acc:94.616, LR:0.00028365097862825513
Validation: Loss:2.730492961406708, Acc:50.75
Epoch:185, Loss:0.17375762000375863, Acc:94.674, LR:0.0002857240578699029
Epoch:186, Loss:0.1698381806514701, Acc:94.878, LR:0.0002876631938525972
Epoch:187, Loss:0.17126236156541474, Acc:94.624, LR:0.00028946647288323766
Epoch:188, Loss:0.16506511733240012, Acc:94.896, LR:0.0002911321153431338
Epoch:189, Loss:0.16555517835884678, Acc:95.046, LR:0.00029265847744427303
Validation: Loss:2.6620090126991274, Acc:51.75
Epoch:190, Loss:0.15593105486156988, Acc:95.164, LR:0.0002940440528515414
Epoch:191, Loss:0.1622553317978674, Acc:94.914, LR:0.0002952874741692947
Epoch:192, Loss:0.16167761210580261, Acc:94.894, LR:0.0002963875142908121
Epoch:193, Loss:0.1617112994498136, Acc:94.964, LR:0.0002973430876093033
Epoch:194, Loss:0.16318878645495494, Acc:94.876, LR:0.00029815325108927063
Validation: Loss:2.6951221227645874, Acc:50.94
Epoch:195, Loss:0.16043987109953042, Acc:95.02, LR:0.00029881720519717164
Epoch:196, Loss:0.15757352820768647, Acc:95.116, LR:0.000299334294690462
Epoch:197, Loss:0.15556054509111814, Acc:95.222, LR:0.0002997040092642407
Epoch:198, Loss:0.15845112859898683, Acc:95.04, LR:0.0002999259840548597
Epoch:199, Loss:0.15781647438297466, Acc:95.152, LR:0.0003
Validation: Loss:2.6773618936538695, Acc:50.83
Epoch:200, Loss:0.14308440533219552, Acc:95.602, LR:0.0002999259840548597
Epoch:201, Loss:0.15110231137701444, Acc:95.352, LR:0.0002997040092642407
Epoch:202, Loss:0.15266688054009359, Acc:95.254, LR:0.000299334294690462
Epoch:203, Loss:0.1466881603154601, Acc:95.404, LR:0.0002988172051971717
Epoch:204, Loss:0.15332810010532943, Acc:95.188, LR:0.00029815325108927063
Validation: Loss:2.6988736391067505, Acc:51.12
Epoch:205, Loss:0.1408966813920712, Acc:95.684, LR:0.00029734308760930326
Epoch:206, Loss:0.13156656457149252, Acc:95.976, LR:0.00029638751429081204
Epoch:207, Loss:0.13245607904937803, Acc:95.928, LR:0.0002952874741692946
Epoch:208, Loss:0.13877020928324485, Acc:95.778, LR:0.00029404405285154137
Epoch:209, Loss:0.1472617664507457, Acc:95.478, LR:0.0002926584774442729
Validation: Loss:2.6281671285629273, Acc:52.68
Epoch:210, Loss:0.1281824847113113, Acc:96.014, LR:0.00029113211534313374
Epoch:211, Loss:0.13556124026678046, Acc:95.834, LR:0.0002894664728832376
Epoch:212, Loss:0.13308650878619174, Acc:95.812, LR:0.0002876631938525971
Epoch:213, Loss:0.1272853346807616, Acc:96.074, LR:0.0002857240578699029
Epoch:214, Loss:0.13535343863222063, Acc:95.736, LR:0.0002836509786282552
Validation: Loss:2.7204623579978944, Acc:51.2
Epoch:215, Loss:0.12233868317336452, Acc:96.146, LR:0.00028144600200657956
Epoch:216, Loss:0.1162920456607731, Acc:96.428, LR:0.0002791113040505916
Epoch:217, Loss:0.1177420699018605, Acc:96.334, LR:0.0002766491888253023
Epoch:218, Loss:0.11160622643572944, Acc:96.586, LR:0.00027406208614118424
Epoch:219, Loss:0.10952132134413232, Acc:96.754, LR:0.0002713525491562421
Validation: Loss:2.7032750487327575, Acc:51.37
Epoch:220, Loss:0.10725592297254777, Acc:96.794, LR:0.00026852325185635354
Epoch:221, Loss:0.11420632902608842, Acc:96.502, LR:0.00026557698641636835
Epoch:222, Loss:0.10781753420525668, Acc:96.762, LR:0.00026251666044456895
Epoch:223, Loss:0.1052904120285292, Acc:96.794, LR:0.0002593452941132118
Epoch:224, Loss:0.09882284875731079, Acc:97.06, LR:0.0002560660171779822
Validation: Loss:2.7358521461486816, Acc:51.36
Epoch:225, Loss:0.0944449999274648, Acc:97.132, LR:0.0002526820658893034
Epoch:226, Loss:0.10619718353359067, Acc:96.69, LR:0.00024919677979854787
Epoch:227, Loss:0.09083021177473116, Acc:97.252, LR:0.0002456135984623036
Epoch:228, Loss:0.08322619274258614, Acc:97.484, LR:0.00024193605804794663
Epoch:229, Loss:0.08451083621808461, Acc:97.494, LR:0.00023816778784387094
Validation: Loss:2.701084327697754, Acc:51.92
Epoch:230, Loss:0.08815063030592032, Acc:97.356, LR:0.00023431250667781958
Epoch:231, Loss:0.08994703466186718, Acc:97.308, LR:0.0002303740192468495
Epoch:232, Loss:0.07763218115635064, Acc:97.612, LR:0.0002263562123625557
Epoch:233, Loss:0.0764539548176892, Acc:97.698, LR:0.00022226305111525731
Epoch:234, Loss:0.0773254418555571, Acc:97.748, LR:0.00021809857496093204
Validation: Loss:2.695963001251221, Acc:52.11
Epoch:235, Loss:0.07962199209295974, Acc:97.67, LR:0.00021386689373476098
Epoch:236, Loss:0.07642693479298329, Acc:97.718, LR:0.0002095721835952172
Epoch:237, Loss:0.06742838032695712, Acc:98.014, LR:0.00020521868290270185
Epoch:238, Loss:0.06262847083639733, Acc:98.122, LR:0.00020081068803679388
Epoch:239, Loss:0.06440531722821143, Acc:98.084, LR:0.00019635254915624232
Validation: Loss:2.7344213008880613, Acc:52.24
Epoch:240, Loss:0.06325481546928688, Acc:98.238, LR:0.00019184866590588436
Epoch:241, Loss:0.05772933572986905, Acc:98.336, LR:0.00018730348307472821
Epoch:242, Loss:0.05603833230478423, Acc:98.476, LR:0.0001827214862094814
Epoch:243, Loss:0.058472076525949705, Acc:98.332, LR:0.00017810719718785873
Epoch:244, Loss:0.05206351955326236, Acc:98.5, LR:0.00017346516975603468
Validation: Loss:2.729682672023773, Acc:52.51
Epoch:245, Loss:0.05173944235228154, Acc:98.536, LR:0.0001687999850346457
Epoch:246, Loss:0.050582886483444243, Acc:98.556, LR:0.00016411624699777725
Epoch:247, Loss:0.049382593843857854, Acc:98.602, LR:0.00015941857792939714
Epoch:248, Loss:0.04200575565349082, Acc:98.858, LR:0.00015471161386171943
Epoch:249, Loss:0.04115400708527589, Acc:98.856, LR:0.00015000000000000018
Validation: Loss:2.7141796708106996, Acc:51.92
Epoch:250, Loss:0.04128602323863579, Acc:98.84, LR:0.0001452883861382807
Epoch:251, Loss:0.0358631627025957, Acc:99.084, LR:0.00014058142207060297
Epoch:252, Loss:0.03379907508437731, Acc:99.098, LR:0.00013588375300222286
Epoch:253, Loss:0.03456749367926802, Acc:99.11, LR:0.00013120001496535439
Epoch:254, Loss:0.03514374800178469, Acc:99.016, LR:0.0001265348302439653
Validation: Loss:2.649068236351013, Acc:52.68
Epoch:255, Loss:0.03400563660590929, Acc:99.128, LR:0.00012189280281214126
Epoch:256, Loss:0.030425240580296636, Acc:99.228, LR:0.0001172785137905186
Epoch:257, Loss:0.028381207150084024, Acc:99.262, LR:0.00011269651692527179
Epoch:258, Loss:0.026971544956370275, Acc:99.278, LR:0.00010815133409411564
Epoch:259, Loss:0.029550156327990854, Acc:99.212, LR:0.00010364745084375795
Validation: Loss:2.6469277501106263, Acc:52.93
Epoch:260, Loss:0.023559000922785123, Acc:99.43, LR:9.918931196320637e-05
Epoch:261, Loss:0.022868735250085592, Acc:99.42, LR:9.478131709729842e-05
Epoch:262, Loss:0.02248791779144382, Acc:99.444, LR:9.04278164047828e-05
Epoch:263, Loss:0.023572067597082684, Acc:99.41, LR:8.613310626523901e-05
Epoch:264, Loss:0.020230972084539885, Acc:99.48, LR:8.190142503906791e-05
Validation: Loss:2.6666796088218687, Acc:53.05
Epoch:265, Loss:0.01851825795269438, Acc:99.572, LR:7.773694888474266e-05
Epoch:266, Loss:0.01701987572774595, Acc:99.59, LR:7.364378763744429e-05
Epoch:267, Loss:0.016626258903392116, Acc:99.632, LR:6.962598075315051e-05
Epoch:268, Loss:0.016442384727641333, Acc:99.634, LR:6.568749332218044e-05
Epoch:269, Loss:0.014014995980019472, Acc:99.696, LR:6.183221215612908e-05
Validation: Loss:2.612738287448883, Acc:53.57
Epoch:270, Loss:0.014013216892561438, Acc:99.696, LR:5.8063941952053605e-05
Epoch:271, Loss:0.013260442226630996, Acc:99.686, LR:5.4386401537696435e-05
Epoch:272, Loss:0.011806124807050337, Acc:99.748, LR:5.0803220201452126e-05
Epoch:273, Loss:0.011022004151564777, Acc:99.786, LR:4.731793411069664e-05
Epoch:274, Loss:0.010885618957310763, Acc:99.776, LR:4.393398282201783e-05
Validation: Loss:2.5651167392730714, Acc:53.39
Epoch:275, Loss:0.010737672680988908, Acc:99.77, LR:4.0654705886788245e-05
Epoch:276, Loss:0.008856880773162963, Acc:99.816, LR:3.7483339555431055e-05
Epoch:277, Loss:0.008377672170707005, Acc:99.832, LR:3.442301358363162e-05
Epoch:278, Loss:0.009158676254981178, Acc:99.834, LR:3.147674814364646e-05
Epoch:279, Loss:0.00828124577303094, Acc:99.836, LR:2.8647450843757924e-05
Validation: Loss:2.566330075263977, Acc:53.99
Epoch:280, Loss:0.007542313969865137, Acc:99.852, LR:2.5937913858815785e-05
Epoch:281, Loss:0.007697375298819828, Acc:99.844, LR:2.3350811174697798e-05
Epoch:282, Loss:0.007532019857127144, Acc:99.854, LR:2.0888695949408397e-05
Epoch:283, Loss:0.006273616908346207, Acc:99.882, LR:1.855399799342042e-05
Epoch:284, Loss:0.005911921307786691, Acc:99.896, LR:1.634902137174479e-05
Validation: Loss:2.5316683888435363, Acc:53.92
Epoch:285, Loss:0.005608426366590572, Acc:99.904, LR:1.4275942130097054e-05
Epoch:286, Loss:0.006055651622235167, Acc:99.88, LR:1.2336806147402818e-05
Epoch:287, Loss:0.005679092709716334, Acc:99.894, LR:1.0533527116762286e-05
Epoch:288, Loss:0.005543577114158139, Acc:99.902, LR:8.867884656866187e-06
Epoch:289, Loss:0.005546727678643501, Acc:99.912, LR:7.341522555726991e-06
Validation: Loss:2.5240097999572755, Acc:54.03
Epoch:290, Loss:0.0047244881707414685, Acc:99.924, LR:5.95594714845856e-06
Epoch:291, Loss:0.0049962800433289035, Acc:99.91, LR:4.712525830705358e-06
Epoch:292, Loss:0.005487924379923818, Acc:99.902, LR:3.6124857091879205e-06
Epoch:293, Loss:0.004855952036747595, Acc:99.914, LR:2.656912390696677e-06
Epoch:294, Loss:0.004755665627735838, Acc:99.91, LR:1.8467489107293358e-06
Validation: Loss:2.5165462136268615, Acc:54.2
Epoch:295, Loss:0.004997912473615487, Acc:99.906, LR:1.1827948028283196e-06
Epoch:296, Loss:0.0046426820621008474, Acc:99.93, LR:6.65705309538001e-07
Epoch:297, Loss:0.004718131814579651, Acc:99.91, LR:2.9599073575926637e-07
Epoch:298, Loss:0.004350216638733994, Acc:99.93, LR:7.401594514026004e-08
Epoch:299, Loss:0.004486054107214191, Acc:99.918, LR:0.0
Validation: Loss:2.5130412340164185, Acc:54.22
Epoch:300, Loss:0.0046282152619155845, Acc:99.914, LR:7.401594514025999e-08
Epoch:301, Loss:0.004679595683321205, Acc:99.92, LR:2.959907357592661e-07
Epoch:302, Loss:0.004550416464442197, Acc:99.924, LR:6.657053095379839e-07
Epoch:303, Loss:0.004336246258427142, Acc:99.938, LR:1.182794802828302e-06
Epoch:304, Loss:0.0046881978989255675, Acc:99.922, LR:1.846748910729351e-06
Validation: Loss:2.513717269897461, Acc:54.2
Epoch:305, Loss:0.004556006995476402, Acc:99.902, LR:2.656912390696708e-06
Epoch:306, Loss:0.004582237297840112, Acc:99.916, LR:3.612485709187901e-06
Epoch:307, Loss:0.004577138420783592, Acc:99.918, LR:4.712525830705338e-06
Epoch:308, Loss:0.004601157655255223, Acc:99.94, LR:5.955947148458522e-06
Epoch:309, Loss:0.004810172641573816, Acc:99.928, LR:7.341522555726951e-06
Validation: Loss:2.5186267733573913, Acc:54.28
Epoch:310, Loss:0.005187495989363869, Acc:99.918, LR:8.867884656866144e-06
Epoch:311, Loss:0.005635791828817859, Acc:99.896, LR:1.0533527116762242e-05
Epoch:312, Loss:0.005526622427076253, Acc:99.892, LR:1.2336806147402772e-05
Epoch:313, Loss:0.006389024826621979, Acc:99.89, LR:1.427594213009699e-05
Epoch:314, Loss:0.007414908421567964, Acc:99.858, LR:1.634902137174484e-05
Validation: Loss:2.521739053726196, Acc:53.49
Epoch:315, Loss:0.007414836728736302, Acc:99.868, LR:1.855399799342047e-05
Epoch:316, Loss:0.008897578153683215, Acc:99.836, LR:2.0888695949408458e-05
Epoch:317, Loss:0.00921147065807362, Acc:99.824, LR:2.3350811174697723e-05
Epoch:318, Loss:0.011185022353726839, Acc:99.798, LR:2.5937913858815694e-05
Epoch:319, Loss:0.013286180509140297, Acc:99.724, LR:2.864745084375783e-05
Validation: Loss:2.513775360584259, Acc:53.64
Epoch:320, Loss:0.012934419350242433, Acc:99.744, LR:3.147674814364637e-05
Epoch:321, Loss:0.016124043371338322, Acc:99.666, LR:3.442301358363152e-05
Epoch:322, Loss:0.016820534255963807, Acc:99.67, LR:3.748333955543095e-05
Epoch:323, Loss:0.01657802799754605, Acc:99.682, LR:4.065470588678812e-05
Epoch:324, Loss:0.024031629586326226, Acc:99.46, LR:4.39339828220177e-05
Validation: Loss:2.5258023262023928, Acc:53.02
Epoch:325, Loss:0.02275421727942873, Acc:99.516, LR:4.731793411069651e-05
Epoch:326, Loss:0.0225853729441914, Acc:99.536, LR:5.0803220201452194e-05
Epoch:327, Loss:0.026874493398912708, Acc:99.386, LR:5.4386401537696306e-05
Epoch:328, Loss:0.02764921117459937, Acc:99.378, LR:5.8063941952053456e-05
Epoch:329, Loss:0.030141251085668196, Acc:99.31, LR:6.183221215612871e-05
Validation: Loss:2.574165737628937, Acc:52.42
Epoch:330, Loss:0.03691118679066398, Acc:99.074, LR:6.568749332218029e-05
Epoch:331, Loss:0.03393252068484316, Acc:99.15, LR:6.962598075315058e-05
Epoch:332, Loss:0.0431025763593462, Acc:98.864, LR:7.364378763744413e-05
Epoch:333, Loss:0.044079072849482905, Acc:98.88, LR:7.773694888474273e-05
Epoch:334, Loss:0.046076795941560854, Acc:98.786, LR:8.190142503906774e-05
Validation: Loss:2.648065972328186, Acc:51.55
Epoch:335, Loss:0.046606198979579676, Acc:98.758, LR:8.613310626523908e-05
Epoch:336, Loss:0.04530735234064715, Acc:98.808, LR:9.042781640478262e-05
Epoch:337, Loss:0.05351994447029975, Acc:98.56, LR:9.478131709729822e-05
Epoch:338, Loss:0.049935919859883736, Acc:98.67, LR:9.918931196320593e-05
Epoch:339, Loss:0.062347844946293196, Acc:98.216, LR:0.00010364745084375773
Validation: Loss:2.6791748881340025, Acc:51.19
Epoch:340, Loss:0.06403571000436739, Acc:98.192, LR:0.00010815133409411518
Epoch:341, Loss:0.0594565459356016, Acc:98.404, LR:0.0001126965169252716
Epoch:342, Loss:0.061779260160211395, Acc:98.256, LR:0.00011727851379051866
Epoch:343, Loss:0.06876849527565801, Acc:97.978, LR:0.00012189280281214107
Epoch:344, Loss:0.07695940053280519, Acc:97.726, LR:0.00012653483024396538
Validation: Loss:2.731004333496094, Acc:51.58
Epoch:345, Loss:0.08375194334253973, Acc:97.456, LR:0.0001312000149653541
Epoch:346, Loss:0.08109091381941523, Acc:97.658, LR:0.0001358837530022228
Epoch:347, Loss:0.0821019311872672, Acc:97.592, LR:0.00014058142207060264
Epoch:348, Loss:0.08607750119907516, Acc:97.348, LR:0.00014528838613828065
Epoch:349, Loss:0.08305634641829802, Acc:97.556, LR:0.0001499999999999996
Validation: Loss:2.711158072948456, Acc:51.16
Epoch:350, Loss:0.07841333663281129, Acc:97.682, LR:0.00015471161386171908
Epoch:351, Loss:0.08344923248704599, Acc:97.458, LR:0.00015941857792939681
Epoch:352, Loss:0.0953219727974157, Acc:97.192, LR:0.00016411624699777693
Epoch:353, Loss:0.09938037068564065, Acc:97.03, LR:0.00016879998503464564
Epoch:354, Loss:0.10374686726349958, Acc:96.85, LR:0.00017346516975603435
Validation: Loss:2.772570240497589, Acc:50.43
Epoch:355, Loss:0.09297968397791288, Acc:97.242, LR:0.00017810719718785865
Epoch:356, Loss:0.0982837090458797, Acc:96.958, LR:0.00018272148620948107
Epoch:357, Loss:0.10330709970879312, Acc:96.87, LR:0.0001873034830747281
Epoch:358, Loss:0.11032961742306242, Acc:96.572, LR:0.00019184866590588398
Epoch:359, Loss:0.12099184658454389, Acc:96.294, LR:0.00019635254915624197
Validation: Loss:2.7352996706962585, Acc:50.77
Epoch:360, Loss:0.11013735728148295, Acc:96.662, LR:0.00020081068803679352
Epoch:361, Loss:0.10265093562858445, Acc:96.914, LR:0.00020521868290270152
Epoch:362, Loss:0.11304999431785272, Acc:96.556, LR:0.00020957218359521712
Epoch:363, Loss:0.11136671452193844, Acc:96.616, LR:0.00021386689373476065
Epoch:364, Loss:0.11896011567845637, Acc:96.31, LR:0.00021809857496093199
Validation: Loss:2.7582695841789246, Acc:50.34
Epoch:365, Loss:0.11412495488719064, Acc:96.466, LR:0.000222263051115257
Epoch:366, Loss:0.11035389738271431, Acc:96.566, LR:0.00022635621236255559
Epoch:367, Loss:0.12302214986815745, Acc:96.154, LR:0.00023037401924684914
Epoch:368, Loss:0.12932265192574385, Acc:96.046, LR:0.00023431250667781947
Epoch:369, Loss:0.13051733070490312, Acc:95.894, LR:0.00023816778784387086
Validation: Loss:2.798922073841095, Acc:49.5
Epoch:370, Loss:0.12728579996191725, Acc:96.04, LR:0.00024193605804794633
Epoch:371, Loss:0.12316745169916932, Acc:96.166, LR:0.00024561359846230325
Epoch:372, Loss:0.11853035676236055, Acc:96.374, LR:0.00024919677979854754
Epoch:373, Loss:0.13083343169822984, Acc:96.038, LR:0.00025268206588930324
Epoch:374, Loss:0.117812807386627, Acc:96.374, LR:0.00025606601717798185
Validation: Loss:2.849766254425049, Acc:49.49
Epoch:375, Loss:0.13083491025834668, Acc:95.978, LR:0.00025934529411321167
Epoch:376, Loss:0.14096682670773292, Acc:95.51, LR:0.00026251666044456863
Epoch:377, Loss:0.13735795940975754, Acc:95.732, LR:0.00026557698641636824
Epoch:378, Loss:0.12449183269422881, Acc:96.184, LR:0.00026852325185635343
Epoch:379, Loss:0.12101381629401324, Acc:96.202, LR:0.00027135254915624195
Validation: Loss:2.7896824359893797, Acc:49.94
Epoch:380, Loss:0.14214450523865466, Acc:95.536, LR:0.00027406208614118413
Epoch:381, Loss:0.14086723631742049, Acc:95.664, LR:0.00027664918882530214
Epoch:382, Loss:0.12703591645980367, Acc:96.036, LR:0.0002791113040505914
Epoch:383, Loss:0.12379710999678592, Acc:96.176, LR:0.0002814460020065794
Epoch:384, Loss:0.13400371844063, Acc:95.84, LR:0.0002836509786282552
Validation: Loss:2.7683505773544312, Acc:49.72
Epoch:385, Loss:0.14022894272086572, Acc:95.632, LR:0.00028572405786990283
Epoch:386, Loss:0.14415719246073644, Acc:95.592, LR:0.00028766319385259713
Epoch:387, Loss:0.12454516159332528, Acc:96.202, LR:0.00028946647288323766
Epoch:388, Loss:0.12520696435655868, Acc:96.118, LR:0.00029113211534313374
Epoch:389, Loss:0.1373063701452041, Acc:95.73, LR:0.000292658477444273
Validation: Loss:2.6849573969841005, Acc:51.04
Epoch:390, Loss:0.11972246509121388, Acc:96.222, LR:0.00029404405285154137
Epoch:391, Loss:0.14314791697020435, Acc:95.594, LR:0.00029528747416929463
Epoch:392, Loss:0.1388665779816861, Acc:95.65, LR:0.00029638751429081204
Epoch:393, Loss:0.1224971922228531, Acc:96.156, LR:0.0002973430876093032
Epoch:394, Loss:0.13328742311925304, Acc:95.89, LR:0.00029815325108927063
Validation: Loss:2.7407675862312315, Acc:49.94
Epoch:395, Loss:0.12194671208152966, Acc:96.126, LR:0.0002988172051971717
Epoch:396, Loss:0.13353901767000861, Acc:95.822, LR:0.000299334294690462
Epoch:397, Loss:0.1242418708089663, Acc:96.146, LR:0.0002997040092642407
Epoch:398, Loss:0.1377720594862286, Acc:95.684, LR:0.0002999259840548597
Epoch:399, Loss:0.1346508240973463, Acc:95.81, LR:0.0003
Validation: Loss:2.7464954972267153, Acc:50.57
Epoch:400, Loss:0.12061838737251807, Acc:96.276, LR:0.0002999259840548597
Epoch:401, Loss:0.1353695328746523, Acc:95.808, LR:0.00029970400926424077
Epoch:402, Loss:0.11698923180145877, Acc:96.382, LR:0.00029933429469046203
Epoch:403, Loss:0.11500243956641275, Acc:96.488, LR:0.00029881720519717175
Epoch:404, Loss:0.11909357587597807, Acc:96.266, LR:0.00029815325108927074
Validation: Loss:2.7447020292282103, Acc:50.34
Epoch:405, Loss:0.1222497289430122, Acc:96.224, LR:0.0002973430876093033
Epoch:406, Loss:0.11360164458046154, Acc:96.48, LR:0.00029638751429081215
Epoch:407, Loss:0.1218218088758235, Acc:96.266, LR:0.0002952874741692947
Epoch:408, Loss:0.11740744098716853, Acc:96.318, LR:0.00029404405285154154
Epoch:409, Loss:0.10704057412792226, Acc:96.684, LR:0.0002926584774442731
Validation: Loss:2.756788122653961, Acc:50.29
Epoch:410, Loss:0.10378658528230628, Acc:96.8, LR:0.0002911321153431339
Epoch:411, Loss:0.10125855702374663, Acc:96.888, LR:0.0002894664728832378
Epoch:412, Loss:0.11503925132660234, Acc:96.402, LR:0.00028766319385259724
Epoch:413, Loss:0.109558818823829, Acc:96.678, LR:0.00028572405786990305
Epoch:414, Loss:0.0892900182504435, Acc:97.298, LR:0.0002836509786282552
Validation: Loss:2.74322030544281, Acc:50.64
Epoch:415, Loss:0.09786561960164382, Acc:96.99, LR:0.00028144600200657956
Epoch:416, Loss:0.09564122751507224, Acc:97.098, LR:0.0002791113040505916
Epoch:417, Loss:0.09503143812928881, Acc:97.024, LR:0.00027664918882530236
Epoch:418, Loss:0.09551344454592588, Acc:97.05, LR:0.0002740620861411844
Epoch:419, Loss:0.0940563370834808, Acc:97.122, LR:0.0002713525491562422
Validation: Loss:2.7656764149665833, Acc:50.5
Epoch:420, Loss:0.0911147939991586, Acc:97.214, LR:0.00026852325185635365
Epoch:421, Loss:0.09286985846654493, Acc:97.148, LR:0.0002655769864163685
Epoch:422, Loss:0.10079531363990842, Acc:96.886, LR:0.00026251666044456906
Epoch:423, Loss:0.09051925536929345, Acc:97.208, LR:0.00025934529411321167
Epoch:424, Loss:0.08007216115235066, Acc:97.574, LR:0.0002560660171779823
Validation: Loss:2.756893312931061, Acc:50.98
Epoch:425, Loss:0.07727169500169706, Acc:97.638, LR:0.0002526820658893033
Epoch:426, Loss:0.07934584282338619, Acc:97.496, LR:0.0002491967797985478
Epoch:427, Loss:0.07087816237186899, Acc:97.822, LR:0.0002456135984623035
Epoch:428, Loss:0.07999701881591155, Acc:97.546, LR:0.00024193605804794657
Epoch:429, Loss:0.07405611329084756, Acc:97.738, LR:0.00023816778784387107
Validation: Loss:2.7630319833755492, Acc:50.37
Epoch:430, Loss:0.07335857146096472, Acc:97.754, LR:0.00023431250667781974
Epoch:431, Loss:0.07434283721507812, Acc:97.752, LR:0.00023037401924684965
Epoch:432, Loss:0.0666427241676316, Acc:97.99, LR:0.00022635621236255564
Epoch:433, Loss:0.0709427882518087, Acc:97.838, LR:0.00022226305111525748
Epoch:434, Loss:0.05953799750731916, Acc:98.22, LR:0.000218098574960932
Validation: Loss:2.7848647594451905, Acc:50.65
Epoch:435, Loss:0.055153025371231595, Acc:98.352, LR:0.00021386689373476117
Epoch:436, Loss:0.05904839811276416, Acc:98.18, LR:0.00020957218359521712
Epoch:437, Loss:0.05438410593386816, Acc:98.394, LR:0.00020521868290270177
Epoch:438, Loss:0.05525172190094481, Acc:98.348, LR:0.00020081068803679377
Epoch:439, Loss:0.051321948783434164, Acc:98.442, LR:0.00019635254915624222
Validation: Loss:2.738349771499634, Acc:51.51
Epoch:440, Loss:0.05283153737534066, Acc:98.438, LR:0.0001918486659058845
Epoch:441, Loss:0.045176067484580744, Acc:98.632, LR:0.0001873034830747281
Epoch:442, Loss:0.04475444842281998, Acc:98.692, LR:0.00018272148620948156
Epoch:443, Loss:0.04631161946347173, Acc:98.616, LR:0.00017810719718785865
Epoch:444, Loss:0.04253017952741713, Acc:98.78, LR:0.00017346516975603487
Validation: Loss:2.7327611088752746, Acc:51.73
Epoch:445, Loss:0.04384834507518277, Acc:98.712, LR:0.00016879998503464561
Epoch:446, Loss:0.04425585699476758, Acc:98.77, LR:0.00016411624699777741
Epoch:447, Loss:0.03814332944588089, Acc:98.892, LR:0.000159418577929397
Epoch:448, Loss:0.040215277132027, Acc:98.818, LR:0.00015471161386171927
Epoch:449, Loss:0.036130255934003055, Acc:98.92, LR:0.00015000000000000001
Validation: Loss:2.7358206510543823, Acc:51.63
Epoch:450, Loss:0.03492466461065472, Acc:98.978, LR:0.00014528838613828057
Epoch:451, Loss:0.03340642713010311, Acc:99.062, LR:0.00014058142207060308
Epoch:452, Loss:0.031100117164302846, Acc:99.17, LR:0.0001358837530022227
Epoch:453, Loss:0.029183641826847986, Acc:99.15, LR:0.00013120001496535452
Epoch:454, Loss:0.0293606637825011, Acc:99.166, LR:0.0001265348302439653
Validation: Loss:2.7830926299095156, Acc:50.7
Epoch:455, Loss:0.027060111537955855, Acc:99.228, LR:0.00012189280281214152
Epoch:456, Loss:0.026833136385420755, Acc:99.244, LR:0.0001172785137905186
Epoch:457, Loss:0.023226957863234744, Acc:99.38, LR:0.00011269651692527206
Epoch:458, Loss:0.020651806602064445, Acc:99.43, LR:0.00010815133409411564
Epoch:459, Loss:0.020119859257294814, Acc:99.45, LR:0.00010364745084375769
Validation: Loss:2.701795923709869, Acc:52.16
Epoch:460, Loss:0.019308252896809458, Acc:99.514, LR:9.918931196320637e-05
Epoch:461, Loss:0.01975346236413687, Acc:99.476, LR:9.478131709729815e-05
Epoch:462, Loss:0.01665879498064822, Acc:99.544, LR:9.042781640478303e-05
Epoch:463, Loss:0.015661233261569728, Acc:99.604, LR:8.613310626523901e-05
Epoch:464, Loss:0.013300391688600791, Acc:99.656, LR:8.190142503906816e-05
Validation: Loss:2.665023672580719, Acc:52.89
Epoch:465, Loss:0.013904385943421903, Acc:99.646, LR:7.773694888474266e-05
Epoch:466, Loss:0.013104062612947762, Acc:99.68, LR:7.364378763744451e-05
Epoch:467, Loss:0.01243344238217996, Acc:99.708, LR:6.962598075315051e-05
Epoch:468, Loss:0.010248087194501137, Acc:99.764, LR:6.568749332218066e-05
Epoch:469, Loss:0.00873450321449461, Acc:99.83, LR:6.183221215612908e-05
Validation: Loss:2.631497323513031, Acc:52.64
Epoch:470, Loss:0.009153835796180884, Acc:99.782, LR:5.8063941952053395e-05
Epoch:471, Loss:0.008105095516301083, Acc:99.822, LR:5.4386401537696645e-05
Epoch:472, Loss:0.009148164626153909, Acc:99.782, LR:5.080322020145213e-05
Epoch:473, Loss:0.007645482717709122, Acc:99.846, LR:4.7317934110696835e-05
Epoch:474, Loss:0.006383093123856399, Acc:99.866, LR:4.393398282201783e-05
Validation: Loss:2.604773473739624, Acc:53.01
Epoch:475, Loss:0.007804008229274531, Acc:99.814, LR:4.0654705886788434e-05
Epoch:476, Loss:0.007110412862170868, Acc:99.85, LR:3.748333955543108e-05
Epoch:477, Loss:0.006233935339414343, Acc:99.88, LR:3.442301358363182e-05
Epoch:478, Loss:0.006941286956283207, Acc:99.844, LR:3.1476748143646496e-05
Epoch:479, Loss:0.0059722922314718666, Acc:99.886, LR:2.8647450843758107e-05
Validation: Loss:2.601990246772766, Acc:53.14
Epoch:480, Loss:0.005228148500092936, Acc:99.888, LR:2.59379138588158e-05
Epoch:481, Loss:0.005058341348372704, Acc:99.896, LR:2.335081117469768e-05
Epoch:482, Loss:0.00557892749855789, Acc:99.884, LR:2.0888695949408543e-05
Epoch:483, Loss:0.004636758280328798, Acc:99.912, LR:1.8553997993420435e-05
Epoch:484, Loss:0.004688534419983625, Acc:99.912, LR:1.634902137174492e-05
Validation: Loss:2.559897983074188, Acc:53.42
Epoch:485, Loss:0.004434114367206942, Acc:99.918, LR:1.427594213009707e-05
Epoch:486, Loss:0.004996604140021135, Acc:99.912, LR:1.233680614740295e-05
Epoch:487, Loss:0.004079891941320075, Acc:99.936, LR:1.0533527116762303e-05
Epoch:488, Loss:0.0039746888511700135, Acc:99.916, LR:8.867884656866302e-06
Epoch:489, Loss:0.0039748373341613585, Acc:99.926, LR:7.3415225557269894e-06
Validation: Loss:2.5596712470054626, Acc:53.41
Epoch:490, Loss:0.003938012596039216, Acc:99.908, LR:5.9559471484584925e-06
Epoch:491, Loss:0.0038017026500358265, Acc:99.934, LR:4.7125258307053735e-06
Epoch:492, Loss:0.003538728977924175, Acc:99.932, LR:3.6124857091878692e-06
Epoch:493, Loss:0.00390461709692466, Acc:99.926, LR:2.6569123906967424e-06
Epoch:494, Loss:0.0035577708693715383, Acc:99.944, LR:1.846748910729335e-06
Validation: Loss:2.5469306111335754, Acc:53.52
Epoch:495, Loss:0.003593950698684369, Acc:99.93, LR:1.1827948028283522e-06
Epoch:496, Loss:0.0030152510236283498, Acc:99.954, LR:6.657053095380007e-07
Epoch:497, Loss:0.003318099114967852, Acc:99.936, LR:2.959907357592829e-07
Epoch:498, Loss:0.0032991893525349393, Acc:99.942, LR:7.401594514027667e-08
Epoch:499, Loss:0.003357979381095846, Acc:99.938, LR:0.0
Validation: Loss:2.546287548542023, Acc:53.51
Epoch:500, Loss:0.0033692340069564476, Acc:99.942, LR:7.401594514025999e-08
Epoch:501, Loss:0.0036024051725541298, Acc:99.93, LR:2.959907357592661e-07
Epoch:502, Loss:0.0032862958484044186, Acc:99.938, LR:6.657053095379839e-07
Epoch:503, Loss:0.0033644668672385874, Acc:99.946, LR:1.1827948028283352e-06
Epoch:504, Loss:0.0032138319612404673, Acc:99.948, LR:1.846748910729301e-06
Validation: Loss:2.5429843783378603, Acc:53.66
Epoch:505, Loss:0.0033212492066644586, Acc:99.942, LR:2.6569123906967085e-06
Epoch:506, Loss:0.003358277396004343, Acc:99.944, LR:3.612485709187835e-06
Epoch:507, Loss:0.0034883798347139843, Acc:99.946, LR:4.712525830705323e-06
Epoch:508, Loss:0.0036982218758678255, Acc:99.926, LR:5.955947148458442e-06
Epoch:509, Loss:0.003554881603827662, Acc:99.93, LR:7.341522555727022e-06
Validation: Loss:2.5465879321098326, Acc:53.44
Epoch:510, Loss:0.003553408624518815, Acc:99.934, LR:8.867884656866134e-06
Epoch:511, Loss:0.00441372505750279, Acc:99.902, LR:1.0533527116762335e-05
Epoch:512, Loss:0.004512481895104355, Acc:99.918, LR:1.2336806147402767e-05
Epoch:513, Loss:0.0053030142717405545, Acc:99.888, LR:1.4275942130097101e-05
Epoch:514, Loss:0.005054635208394683, Acc:99.902, LR:1.6349021371744722e-05
Validation: Loss:2.54170184135437, Acc:52.94
Epoch:515, Loss:0.005546191391269011, Acc:99.9, LR:1.8553997993420472e-05
Epoch:516, Loss:0.006160516132676631, Acc:99.878, LR:2.0888695949408597e-05
Epoch:517, Loss:0.008830659877870004, Acc:99.802, LR:2.3350811174697737e-05
Epoch:518, Loss:0.007561842245715005, Acc:99.872, LR:2.593791385881586e-05
Epoch:519, Loss:0.008312361699776078, Acc:99.834, LR:2.8647450843757853e-05
Validation: Loss:2.549595308303833, Acc:53.1
Epoch:520, Loss:0.010777865821609691, Acc:99.79, LR:3.147674814364656e-05
Epoch:521, Loss:0.01459503170501973, Acc:99.648, LR:3.442301358363153e-05
Epoch:522, Loss:0.014697643495830042, Acc:99.672, LR:3.748333955543115e-05
Epoch:523, Loss:0.01491463742199905, Acc:99.684, LR:4.065470588678816e-05
Epoch:524, Loss:0.01677788272785137, Acc:99.644, LR:4.393398282201792e-05
Validation: Loss:2.5729292750358583, Acc:52.66
Epoch:525, Loss:0.016304608505713393, Acc:99.606, LR:4.731793411069693e-05
Epoch:526, Loss:0.020242245877351687, Acc:99.532, LR:5.0803220201452234e-05
Epoch:527, Loss:0.023460825677124823, Acc:99.402, LR:5.4386401537696746e-05
Epoch:528, Loss:0.022992558012317334, Acc:99.432, LR:5.80639419520535e-05
Epoch:529, Loss:0.02647589505840169, Acc:99.298, LR:6.18322121561292e-05
Validation: Loss:2.6033421874046327, Acc:52.5
Epoch:530, Loss:0.025427119169688345, Acc:99.358, LR:6.568749332218036e-05
Epoch:531, Loss:0.02890425437719238, Acc:99.266, LR:6.962598075315065e-05
Epoch:532, Loss:0.033502215396004675, Acc:99.102, LR:7.36437876374442e-05
Epoch:533, Loss:0.035246673553269735, Acc:99.014, LR:7.77369488847428e-05
Epoch:534, Loss:0.03822140980093759, Acc:98.958, LR:8.19014250390683e-05
Validation: Loss:2.736268603801727, Acc:51.4
Epoch:535, Loss:0.04165566475035585, Acc:98.864, LR:8.613310626523915e-05
Epoch:536, Loss:0.03838648206117202, Acc:98.91, LR:9.042781640478317e-05
Epoch:537, Loss:0.044699614392403435, Acc:98.704, LR:9.47813170972983e-05
Epoch:538, Loss:0.041520941337304454, Acc:98.82, LR:9.918931196320652e-05
Epoch:539, Loss:0.04790736373742016, Acc:98.59, LR:0.00010364745084375783
Validation: Loss:2.7338229417800903, Acc:51.2
Epoch:540, Loss:0.049216690815376996, Acc:98.634, LR:0.0001081513340941158
Epoch:541, Loss:0.05579809076627906, Acc:98.362, LR:0.00011269651692527169
Epoch:542, Loss:0.055187592567990024, Acc:98.416, LR:0.00011727851379051875
Epoch:543, Loss:0.05610494471478219, Acc:98.29, LR:0.0001218928028121417
Epoch:544, Loss:0.05677701299059756, Acc:98.3, LR:0.0001265348302439655
Validation: Loss:2.811247372627258, Acc:50.48
Epoch:545, Loss:0.05895232473861198, Acc:98.272, LR:0.0001312000149653547
Epoch:546, Loss:0.06691671904100448, Acc:98.018, LR:0.00013588375300222294
Epoch:547, Loss:0.075354558776836, Acc:97.85, LR:0.00014058142207060332
Epoch:548, Loss:0.06919680144257691, Acc:97.968, LR:0.00014528838613828078
Epoch:549, Loss:0.07077291672479133, Acc:97.924, LR:0.00015000000000000026
Validation: Loss:2.794155704975128, Acc:51.01
Epoch:550, Loss:0.07759074591176242, Acc:97.718, LR:0.00015471161386171922
Epoch:551, Loss:0.07980422135822628, Acc:97.606, LR:0.00015941857792939725
Epoch:552, Loss:0.0766453100938578, Acc:97.772, LR:0.00016411624699777712
Epoch:553, Loss:0.08412001183142467, Acc:97.436, LR:0.00016879998503464583
Epoch:554, Loss:0.08879821815965128, Acc:97.29, LR:0.00017346516975603508
Validation: Loss:2.820723330974579, Acc:50.17
Epoch:555, Loss:0.0739032358159216, Acc:97.718, LR:0.00017810719718785884
Epoch:556, Loss:0.0768901197125717, Acc:97.672, LR:0.00018272148620948175
Epoch:557, Loss:0.08329715435298121, Acc:97.482, LR:0.00018730348307472832
Epoch:558, Loss:0.08590148670636878, Acc:97.414, LR:0.00019184866590588474
Epoch:559, Loss:0.0872103678708782, Acc:97.302, LR:0.0001963525491562422
Validation: Loss:2.798551893234253, Acc:50.82
Epoch:560, Loss:0.09496198590768844, Acc:97.16, LR:0.000200810688036794
Epoch:561, Loss:0.0970831397464689, Acc:97.004, LR:0.00020521868290270174
Epoch:562, Loss:0.10606561604963273, Acc:96.728, LR:0.00020957218359521734
Epoch:563, Loss:0.109576587622263, Acc:96.682, LR:0.0002138668937347609
Epoch:564, Loss:0.10533112393958229, Acc:96.782, LR:0.00021809857496093223
Validation: Loss:2.862935554981232, Acc:49.81
Epoch:565, Loss:0.10019767390830177, Acc:96.978, LR:0.0002222630511152577
Epoch:566, Loss:0.0989442425114768, Acc:96.946, LR:0.0002263562123625559
Epoch:567, Loss:0.10604253707795727, Acc:96.774, LR:0.00023037401924684992
Epoch:568, Loss:0.10041619529377441, Acc:96.952, LR:0.00023431250667781974
Epoch:569, Loss:0.10935487092605659, Acc:96.662, LR:0.00023816778784387134
Validation: Loss:2.782566773891449, Acc:50.26
Epoch:570, Loss:0.10345570488395739, Acc:96.8, LR:0.00024193605804794663
Epoch:571, Loss:0.09892514192176108, Acc:96.956, LR:0.00024561359846230385
Epoch:572, Loss:0.10619981237212006, Acc:96.73, LR:0.0002491967797985479
Epoch:573, Loss:0.10655191837220776, Acc:96.686, LR:0.0002526820658893037
Epoch:574, Loss:0.11004350045505835, Acc:96.628, LR:0.0002560660171779823
Validation: Loss:2.8543434262275698, Acc:49.6
Epoch:575, Loss:0.10504587967785037, Acc:96.732, LR:0.0002593452941132121
Epoch:576, Loss:0.119464566817089, Acc:96.286, LR:0.00026251666044456944
Epoch:577, Loss:0.1200475129013767, Acc:96.298, LR:0.00026557698641636873
Epoch:578, Loss:0.1099542329201893, Acc:96.644, LR:0.000268523251856354
Epoch:579, Loss:0.1101431894515242, Acc:96.618, LR:0.0002713525491562424
Validation: Loss:2.9214383006095885, Acc:48.79
Epoch:580, Loss:0.12118333167567545, Acc:96.172, LR:0.00027406208614118467
Epoch:581, Loss:0.11205105582366184, Acc:96.446, LR:0.00027664918882530247
Epoch:582, Loss:0.11343817534495373, Acc:96.466, LR:0.00027911130405059185
Epoch:583, Loss:0.11320616494940251, Acc:96.516, LR:0.0002814460020065797
Epoch:584, Loss:0.11122426405853154, Acc:96.572, LR:0.00028365097862825546
Validation: Loss:2.8530506134033202, Acc:49.73
Epoch:585, Loss:0.10969045712631575, Acc:96.544, LR:0.0002857240578699031
Epoch:586, Loss:0.11229779426844752, Acc:96.466, LR:0.00028766319385259745
Epoch:587, Loss:0.11592033748724023, Acc:96.378, LR:0.0002894664728832381
Epoch:588, Loss:0.11592174830789469, Acc:96.38, LR:0.0002911321153431341
Epoch:589, Loss:0.11499781682327086, Acc:96.432, LR:0.0002926584774442734
Validation: Loss:2.816991317272186, Acc:49.87
Epoch:590, Loss:0.11841228315416648, Acc:96.248, LR:0.00029404405285154175
Epoch:591, Loss:0.11544153740515514, Acc:96.376, LR:0.000295287474169295
Epoch:592, Loss:0.11331076410656073, Acc:96.538, LR:0.00029638751429081236
Epoch:593, Loss:0.10222727467058873, Acc:96.812, LR:0.00029734308760930364
Epoch:594, Loss:0.11034252631420992, Acc:96.578, LR:0.0002981532510892709
Validation: Loss:2.8426506996154783, Acc:49.53
Epoch:595, Loss:0.1137182347628535, Acc:96.464, LR:0.000298817205197172
Epoch:596, Loss:0.11666945774792409, Acc:96.348, LR:0.0002993342946904623
Epoch:597, Loss:0.11103613686044606, Acc:96.598, LR:0.00029970400926424104
Epoch:598, Loss:0.11728378860469983, Acc:96.322, LR:0.00029992598405486004
Epoch:599, Loss:0.11232733650475132, Acc:96.504, LR:0.0003000000000000003
Validation: Loss:2.838466477394104, Acc:50.16
Epoch:600, Loss:0.09989653352876099, Acc:96.888, LR:0.00029992598405486
Epoch:601, Loss:0.1039801609075191, Acc:96.808, LR:0.00029970400926424104
Epoch:602, Loss:0.10715984275602565, Acc:96.652, LR:0.0002993342946904623
Epoch:603, Loss:0.10733163816740318, Acc:96.584, LR:0.000298817205197172
Epoch:604, Loss:0.10675090437336844, Acc:96.704, LR:0.00029815325108927096
Validation: Loss:2.7995733618736267, Acc:51.0
Epoch:605, Loss:0.09887269291342521, Acc:96.892, LR:0.00029734308760930364
Epoch:606, Loss:0.094911858325406, Acc:97.042, LR:0.0002963875142908124
Epoch:607, Loss:0.09332739394538257, Acc:97.152, LR:0.000295287474169295
Epoch:608, Loss:0.09439587372602248, Acc:97.09, LR:0.0002940440528515418
Epoch:609, Loss:0.09933044195023118, Acc:96.906, LR:0.0002926584774442733
Validation: Loss:2.8995822072029114, Acc:49.16
Epoch:610, Loss:0.10182862128226125, Acc:96.87, LR:0.0002911321153431342
Epoch:611, Loss:0.10135291265893956, Acc:96.9, LR:0.000289466472883238
Epoch:612, Loss:0.085318867915443, Acc:97.36, LR:0.00028766319385259756
Epoch:613, Loss:0.09531223549678618, Acc:97.044, LR:0.0002857240578699032
Epoch:614, Loss:0.08848999212591016, Acc:97.338, LR:0.0002836509786282556
Validation: Loss:2.8034331679344175, Acc:50.39
Epoch:615, Loss:0.08965260410035143, Acc:97.302, LR:0.00028144600200657983
Epoch:616, Loss:0.08820209450715659, Acc:97.29, LR:0.00027911130405059196
Epoch:617, Loss:0.0872585550710863, Acc:97.29, LR:0.0002766491888253026
Epoch:618, Loss:0.08627268071381414, Acc:97.33, LR:0.00027406208614118446
Epoch:619, Loss:0.08442480409783977, Acc:97.4, LR:0.00027135254915624244
Validation: Loss:2.819687211513519, Acc:50.71
Epoch:620, Loss:0.08406319043466023, Acc:97.392, LR:0.0002685232518563537
Epoch:621, Loss:0.0835742573728975, Acc:97.46, LR:0.00026557698641636873
Epoch:622, Loss:0.07145244989316074, Acc:97.826, LR:0.0002625166604445691
Epoch:623, Loss:0.06965977725173746, Acc:97.882, LR:0.00025934529411321216
Epoch:624, Loss:0.07381564238089688, Acc:97.768, LR:0.00025606601717798234
Validation: Loss:2.9181731224060057, Acc:49.56
Epoch:625, Loss:0.07573810854584587, Acc:97.638, LR:0.00025268206588930373
Epoch:626, Loss:0.06850545165338079, Acc:97.904, LR:0.00024919677979854803
Epoch:627, Loss:0.06858891282914853, Acc:97.95, LR:0.00024561359846230396
Epoch:628, Loss:0.059987480200979174, Acc:98.206, LR:0.0002419360580479468
Epoch:629, Loss:0.055814698281488856, Acc:98.33, LR:0.0002381677878438711
Validation: Loss:2.9082069873809813, Acc:50.01
Epoch:630, Loss:0.06400688080003067, Acc:98.056, LR:0.00023431250667781993
Epoch:631, Loss:0.05904832482337952, Acc:98.134, LR:0.00023037401924684965
Epoch:632, Loss:0.05685031959520919, Acc:98.274, LR:0.0002263562123625561
Epoch:633, Loss:0.055591564815567464, Acc:98.328, LR:0.00022226305111525748
Epoch:634, Loss:0.05335700285754034, Acc:98.446, LR:0.00021809857496093247
Validation: Loss:2.887799632549286, Acc:50.01
Epoch:635, Loss:0.059301711219762056, Acc:98.222, LR:0.00021386689373476114
Epoch:636, Loss:0.05176969522572294, Acc:98.452, LR:0.0002095721835952176
Epoch:637, Loss:0.04847803040958789, Acc:98.562, LR:0.00020521868290270198
Epoch:638, Loss:0.04843841112998067, Acc:98.57, LR:0.00020081068803679426
Epoch:639, Loss:0.05069862437263435, Acc:98.48, LR:0.00019635254915624243
Validation: Loss:2.897598624229431, Acc:49.57
Epoch:640, Loss:0.049032352009446036, Acc:98.56, LR:0.00019184866590588447
Epoch:641, Loss:0.0408383998069532, Acc:98.806, LR:0.0001873034830747286
Epoch:642, Loss:0.03942661707726668, Acc:98.856, LR:0.0001827214862094815
Epoch:643, Loss:0.03993852470754361, Acc:98.842, LR:0.0001781071971878591
Epoch:644, Loss:0.03320244116214465, Acc:99.06, LR:0.00017346516975603478
Validation: Loss:2.8101086616516113, Acc:51.33
Epoch:645, Loss:0.031115225734835376, Acc:99.102, LR:0.00016879998503464608
Epoch:646, Loss:0.03669720731333506, Acc:98.922, LR:0.00016411624699777736
Epoch:647, Loss:0.03411951656358279, Acc:99.004, LR:0.00015941857792939752
Epoch:648, Loss:0.029763458078080902, Acc:99.16, LR:0.0001547116138617195
Epoch:649, Loss:0.031790583061852624, Acc:99.072, LR:0.00015000000000000056
Validation: Loss:2.8463948130607606, Acc:50.91
Epoch:650, Loss:0.030551951834741905, Acc:99.132, LR:0.00014528838613828105
Epoch:651, Loss:0.026683583675066427, Acc:99.262, LR:0.00014058142207060357
Epoch:652, Loss:0.024081155382172793, Acc:99.316, LR:0.00013588375300222264
Epoch:653, Loss:0.02250420359172383, Acc:99.368, LR:0.00013120001496535444
Epoch:654, Loss:0.023141181581102465, Acc:99.354, LR:0.00012653483024396573
Validation: Loss:2.8274314761161805, Acc:50.95
Epoch:655, Loss:0.01898278742648509, Acc:99.476, LR:0.00012189280281214194
Epoch:656, Loss:0.01904277793340841, Acc:99.488, LR:0.00011727851379051848
Epoch:657, Loss:0.018642324260531033, Acc:99.478, LR:0.00011269651692527192
Epoch:658, Loss:0.017210343520023992, Acc:99.514, LR:0.00010815133409411604
Epoch:659, Loss:0.017568376290668944, Acc:99.574, LR:0.00010364745084375859
Validation: Loss:2.837376594543457, Acc:51.45
Epoch:660, Loss:0.015428898998593189, Acc:99.586, LR:9.918931196320625e-05
Epoch:661, Loss:0.01534973434410153, Acc:99.568, LR:9.478131709729855e-05
Epoch:662, Loss:0.01322426561893401, Acc:99.682, LR:9.04278164047834e-05
Epoch:663, Loss:0.014175836077644204, Acc:99.622, LR:8.613310626523889e-05
Epoch:664, Loss:0.012041729853526518, Acc:99.69, LR:8.190142503906803e-05
Validation: Loss:2.7794585824012756, Acc:51.71
Epoch:665, Loss:0.013416526810627202, Acc:99.646, LR:7.773694888474301e-05
Epoch:666, Loss:0.011847928123624653, Acc:99.684, LR:7.364378763744486e-05
Epoch:667, Loss:0.011644488894285597, Acc:99.672, LR:6.962598075315039e-05
Epoch:668, Loss:0.008221117430366576, Acc:99.818, LR:6.568749332218055e-05
Epoch:669, Loss:0.007550099273022188, Acc:99.824, LR:6.183221215612939e-05
Validation: Loss:2.78334801197052, Acc:51.73
Epoch:670, Loss:0.007020865011085965, Acc:99.83, LR:5.80639419520541e-05
Epoch:671, Loss:0.007985538147313863, Acc:99.804, LR:5.438640153769651e-05
Epoch:672, Loss:0.007916629133860067, Acc:99.82, LR:5.080322020145241e-05
Epoch:673, Loss:0.0069199799754827915, Acc:99.836, LR:4.731793411069709e-05
Epoch:674, Loss:0.006398762762784122, Acc:99.858, LR:4.3933982822017714e-05
Validation: Loss:2.7348890781402586, Acc:52.26
Epoch:675, Loss:0.0062090214377516235, Acc:99.862, LR:4.065470588678831e-05
Epoch:676, Loss:0.006597629914592419, Acc:99.828, LR:3.7483339555431305e-05
Epoch:677, Loss:0.0057306613402479155, Acc:99.87, LR:3.442301358363202e-05
Epoch:678, Loss:0.00559728149305649, Acc:99.874, LR:3.147674814364636e-05
Epoch:679, Loss:0.004836781188009345, Acc:99.876, LR:2.8647450843757985e-05
Validation: Loss:2.694486606121063, Acc:52.63
Epoch:680, Loss:0.004402480107180926, Acc:99.898, LR:2.5937913858815975e-05
Epoch:681, Loss:0.004736090362860764, Acc:99.892, LR:2.3350811174698137e-05
Epoch:682, Loss:0.004888263089126166, Acc:99.892, LR:2.0888695949408434e-05
Epoch:683, Loss:0.004329922738513548, Acc:99.898, LR:1.855399799342059e-05
Epoch:684, Loss:0.0034622972788365216, Acc:99.934, LR:1.6349021371745074e-05
Validation: Loss:2.6687962293624876, Acc:52.93
Epoch:685, Loss:0.003818129139420177, Acc:99.922, LR:1.4275942130096973e-05
Epoch:686, Loss:0.004252972802365845, Acc:99.912, LR:1.2336806147402854e-05
Epoch:687, Loss:0.003778407171995816, Acc:99.916, LR:1.0533527116762422e-05
Epoch:688, Loss:0.0034707551822066307, Acc:99.914, LR:8.867884656866405e-06
Epoch:689, Loss:0.0030989232675020335, Acc:99.94, LR:7.341522555726927e-06
Validation: Loss:2.671783375740051, Acc:52.75
Epoch:690, Loss:0.003168546191977375, Acc:99.932, LR:5.955947148458595e-06
Epoch:691, Loss:0.0029991131842526018, Acc:99.94, LR:4.712525830705442e-06
Epoch:692, Loss:0.0027636302129023385, Acc:99.948, LR:3.6124857091879374e-06
Epoch:693, Loss:0.002972072461971595, Acc:99.948, LR:2.656912390696694e-06
Epoch:694, Loss:0.0030336190865622188, Acc:99.942, LR:1.846748910729386e-06
Validation: Loss:2.6626488089561464, Acc:52.89
Epoch:695, Loss:0.002891487466903137, Acc:99.94, LR:1.182794802828403e-06
Epoch:696, Loss:0.0027948173418717117, Acc:99.94, LR:6.657053095379845e-07
Epoch:697, Loss:0.0028638612105967285, Acc:99.934, LR:2.959907357592664e-07
Epoch:698, Loss:0.003162381314073822, Acc:99.936, LR:7.401594514027672e-08
Epoch:699, Loss:0.002637304119737249, Acc:99.948, LR:0.0
Validation: Loss:2.659457540512085, Acc:52.9
Epoch:700, Loss:0.0027290729696539287, Acc:99.95, LR:7.401594514025999e-08
Epoch:701, Loss:0.0030507094687687196, Acc:99.926, LR:2.959907357591829e-07
Epoch:702, Loss:0.0031075091564514656, Acc:99.944, LR:6.657053095378007e-07
Epoch:703, Loss:0.0027716810510930966, Acc:99.95, LR:1.1827948028280358e-06
Epoch:704, Loss:0.0027009110128012846, Acc:99.958, LR:1.8467489107289189e-06
Validation: Loss:2.6596580266952516, Acc:52.88
Epoch:705, Loss:0.002843145496088403, Acc:99.936, LR:2.656912390696044e-06
Epoch:706, Loss:0.002878147757098991, Acc:99.932, LR:3.612485709186955e-06
Epoch:707, Loss:0.0028784833111971313, Acc:99.932, LR:4.7125258307043105e-06
Epoch:708, Loss:0.002988078449710215, Acc:99.942, LR:5.955947148457165e-06
Epoch:709, Loss:0.0028239740141933517, Acc:99.938, LR:7.3415225557251836e-06
Validation: Loss:2.650374138355255, Acc:52.73
Epoch:710, Loss:0.003077308060506321, Acc:99.928, LR:8.867884656864135e-06
Epoch:711, Loss:0.003317384587420265, Acc:99.934, LR:1.0533527116759942e-05
Epoch:712, Loss:0.0035776659164444675, Acc:99.918, LR:1.2336806147399967e-05
Epoch:713, Loss:0.004159577110098029, Acc:99.91, LR:1.4275942130093647e-05
Epoch:714, Loss:0.004118793821009826, Acc:99.906, LR:1.6349021371741266e-05
Validation: Loss:2.658537173271179, Acc:52.4
Epoch:715, Loss:0.00487223573917599, Acc:99.906, LR:1.8553997993416267e-05
Epoch:716, Loss:0.004935270460436539, Acc:99.898, LR:2.0888695949403582e-05
Epoch:717, Loss:0.006637786842920646, Acc:99.856, LR:2.335081117469215e-05
Epoch:718, Loss:0.007471245345279423, Acc:99.84, LR:2.5937913858809968e-05
Epoch:719, Loss:0.007621931377798319, Acc:99.828, LR:2.864745084375136e-05
Validation: Loss:2.690717267990112, Acc:51.82
Epoch:720, Loss:0.010221759349164762, Acc:99.742, LR:3.1476748143639096e-05
Epoch:721, Loss:0.008412601609182144, Acc:99.826, LR:3.442301358362374e-05
Epoch:722, Loss:0.0091347519678957, Acc:99.838, LR:3.7483339555422666e-05
Epoch:723, Loss:0.012254029374607667, Acc:99.704, LR:4.065470588677894e-05
Epoch:724, Loss:0.013796468160818426, Acc:99.702, LR:4.3933982822007597e-05
Validation: Loss:2.710951042175293, Acc:51.82
Epoch:725, Loss:0.01572118453415377, Acc:99.652, LR:4.731793411068621e-05
Epoch:726, Loss:0.019044482063654125, Acc:99.538, LR:5.080322020144073e-05
Epoch:727, Loss:0.013870192016950068, Acc:99.672, LR:5.438640153768402e-05
Epoch:728, Loss:0.020978193758625766, Acc:99.472, LR:5.8063941952040364e-05
Epoch:729, Loss:0.023007335146052802, Acc:99.376, LR:6.18322121561152e-05
Validation: Loss:2.7373539209365845, Acc:51.1
Epoch:730, Loss:0.025440182270748273, Acc:99.316, LR:6.568749332216548e-05
Epoch:731, Loss:0.023085777723819624, Acc:99.432, LR:6.962598075313442e-05
Epoch:732, Loss:0.024381901071007763, Acc:99.352, LR:7.364378763742751e-05
Epoch:733, Loss:0.027488369912821418, Acc:99.282, LR:7.77369488847252e-05
Epoch:734, Loss:0.03391871221211492, Acc:99.038, LR:8.190142503904929e-05
Validation: Loss:2.8018317103385924, Acc:50.47
Epoch:735, Loss:0.03775562711858323, Acc:98.902, LR:8.613310626521917e-05
Epoch:736, Loss:0.03862345615896035, Acc:98.912, LR:9.042781640476268e-05
Epoch:737, Loss:0.037899250326183985, Acc:98.91, LR:9.478131709727682e-05
Epoch:738, Loss:0.03466204395137575, Acc:99.038, LR:9.918931196318353e-05
Epoch:739, Loss:0.040562310104011276, Acc:98.806, LR:0.00010364745084373434
Validation: Loss:2.833103966712952, Acc:50.79
Epoch:740, Loss:0.04516849976641183, Acc:98.684, LR:0.00010815133409409127
Epoch:741, Loss:0.0513492776080966, Acc:98.496, LR:0.00011269651692524613
Epoch:742, Loss:0.04921416753941044, Acc:98.524, LR:0.00011727851379049164
Epoch:743, Loss:0.04771727262711038, Acc:98.582, LR:0.00012189280281211353
Epoch:744, Loss:0.050831222469557305, Acc:98.44, LR:0.00012653483024393676
Validation: Loss:2.9095062732696535, Acc:49.63
Epoch:745, Loss:0.054466036946645806, Acc:98.408, LR:0.0001312000149653244
Epoch:746, Loss:0.06126354155795915, Acc:98.168, LR:0.0001358837530021921
Epoch:747, Loss:0.054609383304356315, Acc:98.43, LR:0.0001405814220705714
Epoch:748, Loss:0.061157794384171765, Acc:98.16, LR:0.0001452883861382478
Epoch:749, Loss:0.06277451755440965, Acc:98.132, LR:0.00014999999999996567
Validation: Loss:2.879360020160675, Acc:49.99
Epoch:750, Loss:0.061009766952115664, Acc:98.174, LR:0.00015471161386168406
Epoch:751, Loss:0.06795462802508656, Acc:98.008, LR:0.000159418577929361
Epoch:752, Loss:0.07369713939498274, Acc:97.726, LR:0.0001641162469977398
Epoch:753, Loss:0.06908728851347554, Acc:97.912, LR:0.00016879998503460696
Epoch:754, Loss:0.07086238504520484, Acc:97.816, LR:0.00017346516975599513
Validation: Loss:2.8840065479278563, Acc:49.75
Epoch:755, Loss:0.07209719143503783, Acc:97.824, LR:0.0001781071971878184
Epoch:756, Loss:0.07212555617550198, Acc:97.858, LR:0.0001827214862094398
Epoch:757, Loss:0.07978094547834931, Acc:97.516, LR:0.0001873034830746858
Epoch:758, Loss:0.08336213770873692, Acc:97.426, LR:0.00019184866590584118
Epoch:759, Loss:0.08566843159496784, Acc:97.448, LR:0.00019635254915619763
Validation: Loss:2.8738821148872375, Acc:49.65
Epoch:760, Loss:0.08580577103611157, Acc:97.414, LR:0.00020081068803674793
Epoch:761, Loss:0.07863958434638929, Acc:97.594, LR:0.00020521868290265515
Epoch:762, Loss:0.08130213789337752, Acc:97.512, LR:0.00020957218359516977
Epoch:763, Loss:0.086064823009834, Acc:97.294, LR:0.00021386689373471235
Epoch:764, Loss:0.08643546088465623, Acc:97.334, LR:0.00021809857496088274
Validation: Loss:2.902802884578705, Acc:49.52
Epoch:765, Loss:0.09541061805675224, Acc:97.046, LR:0.00022226305111520682
Epoch:766, Loss:0.093544496109291, Acc:97.134, LR:0.0002263562123625045
Epoch:767, Loss:0.09047067549307736, Acc:97.212, LR:0.00023037401924679718
Epoch:768, Loss:0.09433598147363079, Acc:97.098, LR:0.00023431250667776656
Epoch:769, Loss:0.09769824405713957, Acc:97.008, LR:0.0002381677878438173
Validation: Loss:2.904769504070282, Acc:48.91
Epoch:770, Loss:0.10357137465355348, Acc:96.776, LR:0.0002419360580478917
Epoch:771, Loss:0.10054752112803411, Acc:96.91, LR:0.0002456135984622476
Epoch:772, Loss:0.08773151055282476, Acc:97.34, LR:0.00024919677979849127
Epoch:773, Loss:0.09183476321703317, Acc:97.168, LR:0.0002526820658892462
Epoch:774, Loss:0.09345267933546281, Acc:97.174, LR:0.00025606601717792407
Validation: Loss:2.9131836175918577, Acc:50.34
Epoch:775, Loss:0.10063694565728003, Acc:96.928, LR:0.0002593452941131531
Epoch:776, Loss:0.1118170550587226, Acc:96.52, LR:0.00026251666044450943
Epoch:777, Loss:0.11203368373063145, Acc:96.57, LR:0.00026557698641630834
Epoch:778, Loss:0.09936168474354307, Acc:96.932, LR:0.00026852325185629266
Epoch:779, Loss:0.1005166505976599, Acc:96.91, LR:0.00027135254915618075
Validation: Loss:2.8892727851867677, Acc:49.52
Epoch:780, Loss:0.10026600998731292, Acc:96.824, LR:0.0002740620861411224
Epoch:781, Loss:0.10359320614715012, Acc:96.67, LR:0.00027664918882523964
Epoch:782, Loss:0.10185357183218002, Acc:96.838, LR:0.0002791113040505285
Epoch:783, Loss:0.10124178496854645, Acc:96.88, LR:0.0002814460020065158
Epoch:784, Loss:0.09894733294388469, Acc:96.992, LR:0.00028365097862819105
Validation: Loss:2.887776279449463, Acc:49.36
Epoch:785, Loss:0.10659294427201456, Acc:96.726, LR:0.0002857240578698382
Epoch:786, Loss:0.10653094513988008, Acc:96.7, LR:0.00028766319385253213
Epoch:787, Loss:0.10797583395425155, Acc:96.656, LR:0.0002894664728831722
Epoch:788, Loss:0.10772449880534289, Acc:96.638, LR:0.000291132115343068
Epoch:789, Loss:0.10832971228020531, Acc:96.69, LR:0.0002926584774442068
Validation: Loss:2.8597554326057435, Acc:49.43
Epoch:790, Loss:0.11100105819653491, Acc:96.538, LR:0.000294044052851475
Epoch:791, Loss:0.09786817575899923, Acc:96.942, LR:0.000295287474169228
Epoch:792, Loss:0.1029545111315591, Acc:96.842, LR:0.00029638751429074514
Epoch:793, Loss:0.09690167937351733, Acc:97.012, LR:0.0002973430876092362
Epoch:794, Loss:0.094286015409292, Acc:97.098, LR:0.0002981532510892033
Validation: Loss:2.8575214028358458, Acc:50.17
Epoch:795, Loss:0.09663043117948941, Acc:97.002, LR:0.0002988172051971042
Epoch:796, Loss:0.09866325637059552, Acc:96.872, LR:0.0002993342946903944
Epoch:797, Loss:0.09893950865584977, Acc:96.942, LR:0.00029970400926417306
Epoch:798, Loss:0.10022394389522318, Acc:96.84, LR:0.000299925984054792
Epoch:799, Loss:0.09606584389599002, Acc:97.058, LR:0.00029999999999993227
Validation: Loss:2.8931055307388305, Acc:49.83
Epoch:800, Loss:0.09534436186813579, Acc:97.046, LR:0.000299925984054792
Epoch:801, Loss:0.08364313266867278, Acc:97.452, LR:0.0002997040092641731
Epoch:802, Loss:0.10444129862803586, Acc:96.664, LR:0.00029933429469039443
Epoch:803, Loss:0.10414549525903195, Acc:96.77, LR:0.00029881720519710426
Epoch:804, Loss:0.10008921227132787, Acc:96.914, LR:0.00029815325108920336
Validation: Loss:2.9045868515968323, Acc:49.69
Epoch:805, Loss:0.09652343928357776, Acc:96.966, LR:0.0002973430876092362
Epoch:806, Loss:0.0907236667235895, Acc:97.218, LR:0.0002963875142907452
Epoch:807, Loss:0.09237682868783571, Acc:97.1, LR:0.00029528747416922806
Epoch:808, Loss:0.0865550951233932, Acc:97.312, LR:0.0002940440528514751
Epoch:809, Loss:0.08546344707815015, Acc:97.36, LR:0.0002926584774442071
Validation: Loss:2.9272581577301025, Acc:49.08
Epoch:810, Loss:0.09058101269967701, Acc:97.096, LR:0.0002911321153430682
Epoch:811, Loss:0.08193691173682408, Acc:97.536, LR:0.0002894664728831724
Epoch:812, Loss:0.08720822244578479, Acc:97.298, LR:0.00028766319385253235
Epoch:813, Loss:0.09040456535104587, Acc:97.222, LR:0.0002857240578698385
Epoch:814, Loss:0.08880307304919982, Acc:97.306, LR:0.0002836509786281913
Validation: Loss:2.8637354135513307, Acc:49.55
Epoch:815, Loss:0.07247321178414384, Acc:97.762, LR:0.0002814460020065161
Epoch:816, Loss:0.07322908937931061, Acc:97.716, LR:0.00027911130405052875
Epoch:817, Loss:0.07603811487859609, Acc:97.676, LR:0.00027664918882523985
Epoch:818, Loss:0.07516313380352696, Acc:97.646, LR:0.00027406208614112233
Epoch:819, Loss:0.06905641646257468, Acc:97.832, LR:0.00027135254915618096
Validation: Loss:2.9301142930984496, Acc:49.92
Epoch:820, Loss:0.06930664284344838, Acc:97.868, LR:0.00026852325185629326
Epoch:821, Loss:0.07885235996574771, Acc:97.592, LR:0.0002655769864163086
Epoch:822, Loss:0.07266718278429946, Acc:97.726, LR:0.0002625166604445097
Epoch:823, Loss:0.07401347339001237, Acc:97.784, LR:0.00025934529411315345
Epoch:824, Loss:0.06536860965496423, Acc:98.02, LR:0.0002560660171779244
Validation: Loss:2.9244343996047975, Acc:50.05
Epoch:825, Loss:0.06178876056278847, Acc:98.126, LR:0.00025268206588924654
Epoch:826, Loss:0.06110880316748303, Acc:98.194, LR:0.00024919677979849165
Epoch:827, Loss:0.05495877826244247, Acc:98.342, LR:0.00024561359846224834
Epoch:828, Loss:0.06227353566839379, Acc:98.02, LR:0.000241936058047892
Epoch:829, Loss:0.06376442503260106, Acc:97.98, LR:0.0002381677878438172
Validation: Loss:2.988024950027466, Acc:49.8
Epoch:830, Loss:0.05789262098165191, Acc:98.27, LR:0.00023431250667776694
Epoch:831, Loss:0.061522449556814164, Acc:98.124, LR:0.0002303740192467975
Epoch:832, Loss:0.05339568997828328, Acc:98.402, LR:0.00022635621236250485
Epoch:833, Loss:0.04914730865204213, Acc:98.542, LR:0.00022226305111520714
Epoch:834, Loss:0.04845019055492416, Acc:98.538, LR:0.0002180985749608831
Validation: Loss:2.8942247867584228, Acc:50.71
Epoch:835, Loss:0.052536834848626535, Acc:98.436, LR:0.0002138668937347127
Epoch:836, Loss:0.049486208897160024, Acc:98.472, LR:0.00020957218359516966
Epoch:837, Loss:0.0485402696138742, Acc:98.508, LR:0.00020521868290265553
Epoch:838, Loss:0.04609209415027682, Acc:98.596, LR:0.0002008106880367488
Epoch:839, Loss:0.04108648770013634, Acc:98.806, LR:0.00019635254915619798
Validation: Loss:2.9539130687713624, Acc:49.65
Epoch:840, Loss:0.03779176255802111, Acc:98.876, LR:0.00019184866590584104
Epoch:841, Loss:0.03892640229694697, Acc:98.842, LR:0.0001873034830746862
Epoch:842, Loss:0.03528139763036553, Acc:98.942, LR:0.00018272148620944014
Epoch:843, Loss:0.03312752460965849, Acc:98.998, LR:0.0001781071971878188
Epoch:844, Loss:0.0321660515738233, Acc:98.988, LR:0.00017346516975599554
Validation: Loss:2.9274291396141052, Acc:50.5
Epoch:845, Loss:0.03064918546576281, Acc:99.124, LR:0.00016879998503460788
Epoch:846, Loss:0.026163927802093784, Acc:99.236, LR:0.00016411624699774023
Epoch:847, Loss:0.025818731046604867, Acc:99.292, LR:0.00015941857792936093
Epoch:848, Loss:0.028241364275846555, Acc:99.144, LR:0.0001547116138616845
Epoch:849, Loss:0.029819571593662306, Acc:99.128, LR:0.00014999999999996662
Validation: Loss:2.9379809737205504, Acc:49.89
Epoch:850, Loss:0.026174812729717518, Acc:99.238, LR:0.0001452883861382482
Epoch:851, Loss:0.02198234815340565, Acc:99.39, LR:0.00014058142207057126
Epoch:852, Loss:0.025756337261777753, Acc:99.256, LR:0.00013588375300219245
Epoch:853, Loss:0.022081747484792556, Acc:99.374, LR:0.0001312000149653248
Epoch:854, Loss:0.020051677112600634, Acc:99.438, LR:0.0001265348302439366
Validation: Loss:2.905947721004486, Acc:50.57
Epoch:855, Loss:0.020634277942305317, Acc:99.406, LR:0.00012189280281211387
Epoch:856, Loss:0.019528104196663718, Acc:99.438, LR:0.0001172785137904925
Epoch:857, Loss:0.01930443508721584, Acc:99.468, LR:0.00011269651692524647
Epoch:858, Loss:0.01607554225365118, Acc:99.54, LR:0.0001081513340940911
Epoch:859, Loss:0.01329339400161894, Acc:99.622, LR:0.00010364745084373467
Validation: Loss:2.877683711051941, Acc:51.31
Epoch:860, Loss:0.013504941299158548, Acc:99.62, LR:9.918931196318436e-05
Epoch:861, Loss:0.013403403601248046, Acc:99.636, LR:9.478131709727713e-05
Epoch:862, Loss:0.01286449106125047, Acc:99.654, LR:9.042781640476249e-05
Epoch:863, Loss:0.012651908560656011, Acc:99.64, LR:8.61331062652199e-05
Epoch:864, Loss:0.009783236526085861, Acc:99.742, LR:8.190142503904952e-05
Validation: Loss:2.840875029563904, Acc:51.58
Epoch:865, Loss:0.011789103991314009, Acc:99.652, LR:7.773694888472497e-05
Epoch:866, Loss:0.009586612824635694, Acc:99.748, LR:7.364378763742775e-05
Epoch:867, Loss:0.009773562700316613, Acc:99.72, LR:6.96259807531351e-05
Epoch:868, Loss:0.009247651276159652, Acc:99.784, LR:6.568749332216568e-05
Epoch:869, Loss:0.007419674215382155, Acc:99.83, LR:6.183221215611498e-05
Validation: Loss:2.8418363094329835, Acc:51.96
Epoch:870, Loss:0.008108027811561311, Acc:99.794, LR:5.806394195204057e-05
Epoch:871, Loss:0.007519121578780516, Acc:99.826, LR:5.4386401537684644e-05
Epoch:872, Loss:0.006674164189833539, Acc:99.82, LR:5.0803220201440525e-05
Epoch:873, Loss:0.007527727975833173, Acc:99.79, LR:4.7317934110686006e-05
Epoch:874, Loss:0.006956931032544496, Acc:99.82, LR:4.393398282200816e-05
Validation: Loss:2.784745419025421, Acc:51.76
Epoch:875, Loss:0.0056337116509485915, Acc:99.844, LR:4.065470588677912e-05
Epoch:876, Loss:0.005043658041822895, Acc:99.89, LR:3.748333955542248e-05
Epoch:877, Loss:0.004786151308062658, Acc:99.864, LR:3.44230135836239e-05
Epoch:878, Loss:0.005227810789935519, Acc:99.864, LR:3.147674814363958e-05
Epoch:879, Loss:0.004198788956273347, Acc:99.9, LR:2.864745084375151e-05
Validation: Loss:2.789340555667877, Acc:52.1
Epoch:880, Loss:0.00420327411075978, Acc:99.898, LR:2.5937913858809816e-05
Epoch:881, Loss:0.0038166121634350594, Acc:99.908, LR:2.335081117469258e-05
Epoch:882, Loss:0.004189881275179891, Acc:99.89, LR:2.0888695949404e-05
Epoch:883, Loss:0.0035325732362475625, Acc:99.912, LR:1.8553997993416135e-05
Epoch:884, Loss:0.00333893032179081, Acc:99.934, LR:1.6349021371741137e-05
Validation: Loss:2.7624456524848937, Acc:52.32
Epoch:885, Loss:0.0037994596831576557, Acc:99.896, LR:1.4275942130093986e-05
Epoch:886, Loss:0.003073713602023009, Acc:99.924, LR:1.2336806147400074e-05
Epoch:887, Loss:0.00287188967566329, Acc:99.934, LR:1.053352711675985e-05
Epoch:888, Loss:0.003326523459245622, Acc:99.912, LR:8.867884656864227e-06
Epoch:889, Loss:0.002584221572686481, Acc:99.934, LR:7.341522555725444e-06
Validation: Loss:2.752232313156128, Acc:52.36
Epoch:890, Loss:0.002528273287272005, Acc:99.934, LR:5.955947148457094e-06
Epoch:891, Loss:0.0024013853862368483, Acc:99.96, LR:4.712525830704257e-06
Epoch:892, Loss:0.0025642496582396253, Acc:99.942, LR:3.6124857091871353e-06
Epoch:893, Loss:0.0026212580429570637, Acc:99.936, LR:2.6569123906961914e-06
Epoch:894, Loss:0.0027087190323889405, Acc:99.94, LR:1.8467489107288837e-06
Validation: Loss:2.7436601400375364, Acc:52.34
Epoch:895, Loss:0.0025414400722128245, Acc:99.934, LR:1.182794802828068e-06
Epoch:896, Loss:0.0024855559304527634, Acc:99.94, LR:6.657053095378835e-07
Epoch:897, Loss:0.0025052114381521407, Acc:99.94, LR:2.959907357591993e-07
Epoch:898, Loss:0.0022489290823447233, Acc:99.95, LR:7.401594514024328e-08
Epoch:899, Loss:0.002350182752410064, Acc:99.94, LR:0.0
Validation: Loss:2.743626964092255, Acc:52.4
Epoch:900, Loss:0.002531459915560993, Acc:99.942, LR:7.401594514025999e-08
Epoch:901, Loss:0.002501720111170898, Acc:99.944, LR:2.959907357592828e-07
Epoch:902, Loss:0.002272217802950466, Acc:99.952, LR:6.657053095380004e-07
Epoch:903, Loss:0.0024432966156568074, Acc:99.95, LR:1.182794802828285e-06
Epoch:904, Loss:0.0026787198944568484, Acc:99.942, LR:1.846748910729251e-06
Validation: Loss:2.7433316588401793, Acc:52.24
Epoch:905, Loss:0.0026672381666555467, Acc:99.932, LR:2.656912390696741e-06
Epoch:906, Loss:0.0024523590887393044, Acc:99.94, LR:3.6124857091878675e-06
Epoch:907, Loss:0.0026061409063950864, Acc:99.934, LR:4.712525830705238e-06
Epoch:908, Loss:0.0024393545404285647, Acc:99.936, LR:5.955947148458656e-06
Epoch:909, Loss:0.0027555105364311257, Acc:99.94, LR:7.341522555726986e-06
Validation: Loss:2.742987275123596, Acc:52.2
Epoch:910, Loss:0.0027947167614094763, Acc:99.922, LR:8.867884656866114e-06
Epoch:911, Loss:0.002988446507441374, Acc:99.91, LR:1.0533527116762113e-05
Epoch:912, Loss:0.002840577277868074, Acc:99.938, LR:1.2336806147402945e-05
Epoch:913, Loss:0.0029252429649575936, Acc:99.934, LR:1.4275942130097064e-05
Epoch:914, Loss:0.003677674963576149, Acc:99.908, LR:1.6349021371744684e-05
Validation: Loss:2.744179165363312, Acc:52.06
Epoch:915, Loss:0.004687411597768339, Acc:99.884, LR:1.8553997993420184e-05
Epoch:916, Loss:0.00440640503193765, Acc:99.886, LR:2.0888695949408556e-05
Epoch:917, Loss:0.004870116511093718, Acc:99.896, LR:2.3350811174697676e-05
Epoch:918, Loss:0.004806897709887399, Acc:99.892, LR:2.5937913858815494e-05
Epoch:919, Loss:0.0065069908955685644, Acc:99.846, LR:2.8647450843758097e-05
Validation: Loss:2.7738863706588743, Acc:51.58
Epoch:920, Loss:0.008279231509992055, Acc:99.812, LR:3.147674814364649e-05
Epoch:921, Loss:0.00818922630112086, Acc:99.82, LR:3.442301358363148e-05
Epoch:922, Loss:0.009690676041289556, Acc:99.778, LR:3.748333955543073e-05
Epoch:923, Loss:0.01253287110249607, Acc:99.698, LR:4.0654705886788455e-05
Epoch:924, Loss:0.012422847478384418, Acc:99.728, LR:4.3933982822017856e-05
Validation: Loss:2.8015137791633604, Acc:50.82
Epoch:925, Loss:0.014178454643115401, Acc:99.668, LR:4.731793411069647e-05
Epoch:926, Loss:0.014583155805035969, Acc:99.652, LR:5.080322020145175e-05
Epoch:927, Loss:0.0153733363840729, Acc:99.594, LR:5.438640153769667e-05
Epoch:928, Loss:0.015607200508310022, Acc:99.61, LR:5.8063941952053435e-05
Epoch:929, Loss:0.018637155738602182, Acc:99.544, LR:6.183221215612871e-05
Validation: Loss:2.8599032163619995, Acc:50.47
Epoch:930, Loss:0.019979301431425373, Acc:99.458, LR:6.568749332218071e-05
Epoch:931, Loss:0.024274973902015055, Acc:99.302, LR:6.962598075315057e-05
Epoch:932, Loss:0.022669294982084205, Acc:99.426, LR:7.364378763744412e-05
Epoch:933, Loss:0.031193818108235696, Acc:99.168, LR:7.773694888474227e-05
Epoch:934, Loss:0.025115698956105173, Acc:99.316, LR:8.190142503906822e-05
Validation: Loss:2.834716260433197, Acc:50.63
Epoch:935, Loss:0.027322612094635865, Acc:99.218, LR:8.613310626523906e-05
Epoch:936, Loss:0.03280035758923207, Acc:99.08, LR:9.042781640478262e-05
Epoch:937, Loss:0.0326839507728511, Acc:99.072, LR:9.478131709729773e-05
Epoch:938, Loss:0.02955612206679522, Acc:99.182, LR:9.918931196320642e-05
Epoch:939, Loss:0.04008920120113358, Acc:98.88, LR:0.00010364745084375776
Validation: Loss:2.871359670162201, Acc:50.37
Epoch:940, Loss:0.03304933605487553, Acc:99.066, LR:0.00010815133409411521
Epoch:941, Loss:0.03890629409223187, Acc:98.876, LR:0.00011269651692527214
Epoch:942, Loss:0.050708524711734176, Acc:98.446, LR:0.0001172785137905187
Epoch:943, Loss:0.04498979933940026, Acc:98.67, LR:0.00012189280281214111
Epoch:944, Loss:0.049381209651426394, Acc:98.508, LR:0.0001265348302439649
Validation: Loss:2.928931784629822, Acc:49.15
Epoch:945, Loss:0.048870508540041595, Acc:98.558, LR:0.00013120001496535466
Epoch:946, Loss:0.050789905750021645, Acc:98.51, LR:0.00013588375300222286
Epoch:947, Loss:0.052524954327667246, Acc:98.414, LR:0.00014058142207060273
Epoch:948, Loss:0.051167527289718996, Acc:98.498, LR:0.0001452883861382802
Epoch:949, Loss:0.05505717302463493, Acc:98.352, LR:0.00015000000000000023
Validation: Loss:2.889437174797058, Acc:50.2
Epoch:950, Loss:0.055538690211821576, Acc:98.362, LR:0.0001547116138617192
Epoch:951, Loss:0.05744408422662896, Acc:98.258, LR:0.00015941857792939665
Epoch:952, Loss:0.0578795410502626, Acc:98.204, LR:0.00016411624699777755
Epoch:953, Loss:0.06984558036284787, Acc:97.908, LR:0.00016879998503464578
Epoch:954, Loss:0.06493929214775562, Acc:97.962, LR:0.00017346516975603449
Validation: Loss:2.8997191905975344, Acc:49.39
Epoch:955, Loss:0.061928730686100164, Acc:98.146, LR:0.00017810719718785824
Epoch:956, Loss:0.07372921621617005, Acc:97.79, LR:0.0001827214862094817
Epoch:957, Loss:0.07609822357795676, Acc:97.734, LR:0.00018730348307472827
Epoch:958, Loss:0.07375725579200959, Acc:97.738, LR:0.0001918486659058842
Epoch:959, Loss:0.06960246822207558, Acc:97.78, LR:0.00019635254915624165
Validation: Loss:2.9623347401618956, Acc:49.4
Epoch:960, Loss:0.07148574442811767, Acc:97.782, LR:0.00020081068803679399
Epoch:961, Loss:0.07312814129174364, Acc:97.746, LR:0.0002052186829027017
Epoch:962, Loss:0.08514645247130978, Acc:97.43, LR:0.00020957218359521685
Epoch:963, Loss:0.0841626415447313, Acc:97.45, LR:0.00021386689373476136
Epoch:964, Loss:0.0814290253863651, Acc:97.526, LR:0.00021809857496093223
Validation: Loss:2.950417494773865, Acc:49.15
Epoch:965, Loss:0.0735069954273652, Acc:97.704, LR:0.0002222630511152573
Epoch:966, Loss:0.078012385044475, Acc:97.624, LR:0.00022635621236255545
Epoch:967, Loss:0.08596117634858404, Acc:97.336, LR:0.0002303740192468499
Epoch:968, Loss:0.09645399702142696, Acc:97.008, LR:0.00023431250667781977
Epoch:969, Loss:0.08352460643770743, Acc:97.446, LR:0.0002381677878438709
Validation: Loss:2.9660416722297667, Acc:49.29
Epoch:970, Loss:0.08351134174332327, Acc:97.5, LR:0.00024193605804794706
Epoch:971, Loss:0.08782462760501979, Acc:97.228, LR:0.0002456135984623038
Epoch:972, Loss:0.08050579608094935, Acc:97.502, LR:0.00024919677979854787
Epoch:973, Loss:0.09132368699172322, Acc:97.212, LR:0.0002526820658893032
Epoch:974, Loss:0.08956928505581252, Acc:97.202, LR:0.00025606601717798256
Validation: Loss:2.9490763425827025, Acc:48.46
Epoch:975, Loss:0.08928835308369325, Acc:97.298, LR:0.000259345294113212
Epoch:976, Loss:0.09567834197410516, Acc:97.172, LR:0.000262516660444569
Epoch:977, Loss:0.09963625015652909, Acc:96.918, LR:0.0002655769864163683
Epoch:978, Loss:0.09939205654117526, Acc:96.882, LR:0.000268523251856354
Epoch:979, Loss:0.09545984533520377, Acc:97.004, LR:0.0002713525491562424
Validation: Loss:3.0174338698387144, Acc:48.5
Epoch:980, Loss:0.09278396908573959, Acc:97.16, LR:0.0002740620861411844
Epoch:981, Loss:0.09953856681074415, Acc:96.904, LR:0.00027664918882530285
Epoch:982, Loss:0.10548387847992839, Acc:96.706, LR:0.000279111304050592
Epoch:983, Loss:0.09814739926737182, Acc:96.954, LR:0.0002814460020065799
Epoch:984, Loss:0.0983673476290946, Acc:96.968, LR:0.0002836509786282554
Validation: Loss:2.9465621948242187, Acc:49.54
Epoch:985, Loss:0.09094552779380156, Acc:97.116, LR:0.00028572405786990353
Epoch:986, Loss:0.09408631951225047, Acc:97.094, LR:0.0002876631938525977
Epoch:987, Loss:0.09774874337017536, Acc:96.888, LR:0.00028946647288323815
Epoch:988, Loss:0.09116036395485304, Acc:97.118, LR:0.0002911321153431342
Epoch:989, Loss:0.09532882360627457, Acc:97.086, LR:0.0002926584774442737
Validation: Loss:2.9114256381988524, Acc:49.5
Epoch:990, Loss:0.08819953667722186, Acc:97.336, LR:0.0002940440528515421
Epoch:991, Loss:0.0894588908294634, Acc:97.296, LR:0.00029528747416929517
Epoch:992, Loss:0.10484586610477797, Acc:96.786, LR:0.00029638751429081285
Epoch:993, Loss:0.09295854960777322, Acc:97.122, LR:0.00029734308760930397
Epoch:994, Loss:0.08792587620567302, Acc:97.268, LR:0.0002981532510892713
Validation: Loss:2.9332916021347044, Acc:49.33
Epoch:995, Loss:0.08754457092406798, Acc:97.374, LR:0.0002988172051971723
Epoch:996, Loss:0.09434187058739517, Acc:97.084, LR:0.00029933429469046274
Epoch:997, Loss:0.09156926641506809, Acc:97.168, LR:0.0002997040092642415
Epoch:998, Loss:0.10368790941274895, Acc:96.758, LR:0.0002999259840548605
Epoch:999, Loss:0.09478027552214204, Acc:96.968, LR:0.00030000000000000073
Validation: Loss:2.8950838804244996, Acc:49.57
Test: Acc:54.53
