nohup: ignoring input
/root/miniconda3/envs/py310/lib/python3.10/site-packages/torchvision/models/_utils.py:223: UserWarning: Arguments other than a weight enum or `None` for 'weights' are deprecated since 0.13 and may be removed in the future. The current behavior is equivalent to passing `weights=None`.
  warnings.warn(msg)
{
    "datapath": "../data/",
    "logpath": "./logs/",
    "batch_size": 512,
    "epoch": 1000,
    "seed": 43,
    "date": "0620",
    "plot": true,
    "num_classes": 100,
    "learning_rate": 0.0003,
    "weight_decay": 0.0003,
    "pretrained": false,
    "device_id": 1,
    "dropout": true,
    "cutout": true,
    "model": "ResNet18",
    "setting": "regular"
}
<class '__main__.args'>
Pretrained=False, Training with lr=0.0003, decay=0.0003
2024-06-20 09:59:34
Epoch:0, Loss:4.546173129762922, Acc:3.77, LR:0.0002999259840548597
Epoch:1, Loss:4.044708436849166, Acc:8.174, LR:0.0002997040092642407
Epoch:2, Loss:3.8342795299023997, Acc:10.982, LR:0.000299334294690462
Epoch:3, Loss:3.6973186293426825, Acc:13.092, LR:0.0002988172051971717
Epoch:4, Loss:3.5874774845278994, Acc:14.92, LR:0.00029815325108927063
Validation: Loss:3.400341749191284, Acc:19.01
Best model updated!
Epoch:5, Loss:3.4791936071551577, Acc:16.738, LR:0.00029734308760930326
Epoch:6, Loss:3.384011935214607, Acc:18.148, LR:0.00029638751429081204
Epoch:7, Loss:3.297913295882089, Acc:20.056, LR:0.0002952874741692946
Epoch:8, Loss:3.225028565951756, Acc:21.486, LR:0.00029404405285154137
Epoch:9, Loss:3.1637320615807356, Acc:22.584, LR:0.0002926584774442729
Validation: Loss:2.999357795715332, Acc:26.01
Best model updated!
Epoch:10, Loss:3.0985044849162198, Acc:23.4, LR:0.00029113211534313374
Epoch:11, Loss:3.0358452383352788, Acc:25.052, LR:0.0002894664728832376
Epoch:12, Loss:2.9858118976865495, Acc:25.772, LR:0.0002876631938525971
Epoch:13, Loss:2.942174035675672, Acc:26.716, LR:0.0002857240578699029
Epoch:14, Loss:2.883137493717427, Acc:27.758, LR:0.00028365097862825513
Validation: Loss:2.7924584627151487, Acc:30.04
Best model updated!
Epoch:15, Loss:2.835551558708658, Acc:28.788, LR:0.0002814460020065795
Epoch:16, Loss:2.8007460881252677, Acc:29.45, LR:0.0002791113040505915
Epoch:17, Loss:2.757054555172823, Acc:30.488, LR:0.00027664918882530225
Epoch:18, Loss:2.7159370646184806, Acc:31.086, LR:0.00027406208614118424
Epoch:19, Loss:2.679713932835326, Acc:31.814, LR:0.0002713525491562421
Validation: Loss:2.5790489077568055, Acc:34.38
Best model updated!
Epoch:20, Loss:2.64079969513173, Acc:32.832, LR:0.00026852325185635354
Epoch:21, Loss:2.5956906420843944, Acc:33.728, LR:0.0002655769864163684
Epoch:22, Loss:2.567775996363893, Acc:34.214, LR:0.00026251666044456895
Epoch:23, Loss:2.5264892140213324, Acc:34.848, LR:0.0002593452941132118
Epoch:24, Loss:2.505667423715397, Acc:35.438, LR:0.0002560660171779822
Validation: Loss:2.5180796504020693, Acc:36.05
Best model updated!
Epoch:25, Loss:2.465247959506755, Acc:36.43, LR:0.00025268206588930335
Epoch:26, Loss:2.4297622369260203, Acc:36.966, LR:0.0002491967797985478
Epoch:27, Loss:2.4066916533878873, Acc:37.764, LR:0.0002456135984623035
Epoch:28, Loss:2.3751295002139345, Acc:38.186, LR:0.00024193605804794655
Epoch:29, Loss:2.334593437155899, Acc:39.182, LR:0.00023816778784387105
Validation: Loss:2.331504833698273, Acc:40.12
Best model updated!
Epoch:30, Loss:2.3011342530347862, Acc:40.164, LR:0.00023431250667781966
Epoch:31, Loss:2.2750127412834944, Acc:40.324, LR:0.00023037401924684952
Epoch:32, Loss:2.2428391004095274, Acc:41.34, LR:0.00022635621236255572
Epoch:33, Loss:2.2240318132906545, Acc:41.602, LR:0.00022226305111525731
Epoch:34, Loss:2.1924118618575896, Acc:42.26, LR:0.00021809857496093204
Validation: Loss:2.297867405414581, Acc:41.04
Best model updated!
Epoch:35, Loss:2.153274278251492, Acc:42.82, LR:0.00021386689373476092
Epoch:36, Loss:2.1299884781545524, Acc:43.636, LR:0.00020957218359521712
Epoch:37, Loss:2.098271963547687, Acc:44.286, LR:0.00020521868290270177
Epoch:38, Loss:2.0714447680784733, Acc:45.0, LR:0.00020081068803679377
Epoch:39, Loss:2.0354613223854376, Acc:45.622, LR:0.00019635254915624216
Validation: Loss:2.222209316492081, Acc:43.47
Best model updated!
Epoch:40, Loss:2.0034728086724574, Acc:46.56, LR:0.00019184866590588444
Epoch:41, Loss:1.9690882077022476, Acc:47.21, LR:0.00018730348307472821
Epoch:42, Loss:1.9462680561201913, Acc:48.008, LR:0.00018272148620948142
Epoch:43, Loss:1.9146322279560322, Acc:48.29, LR:0.00017810719718785875
Epoch:44, Loss:1.8869786530124897, Acc:49.06, LR:0.00017346516975603468
Validation: Loss:2.195188343524933, Acc:44.12
Best model updated!
Epoch:45, Loss:1.8495866790109752, Acc:50.002, LR:0.0001687999850346457
Epoch:46, Loss:1.8108147905797374, Acc:50.788, LR:0.00016411624699777717
Epoch:47, Loss:1.7960858369360164, Acc:51.144, LR:0.00015941857792939706
Epoch:48, Loss:1.7610185511258183, Acc:51.844, LR:0.00015471161386171927
Epoch:49, Loss:1.7292801214724172, Acc:52.664, LR:0.00015000000000000001
Validation: Loss:2.124088931083679, Acc:45.64
Best model updated!
Epoch:50, Loss:1.701310629747352, Acc:53.472, LR:0.00014528838613828078
Epoch:51, Loss:1.664446462173851, Acc:54.048, LR:0.00014058142207060302
Epoch:52, Loss:1.6351240021841866, Acc:54.958, LR:0.00013588375300222289
Epoch:53, Loss:1.6110530374001484, Acc:55.424, LR:0.0001312000149653544
Epoch:54, Loss:1.5774582028388977, Acc:56.416, LR:0.0001265348302439654
Validation: Loss:2.164572501182556, Acc:45.79
Best model updated!
Epoch:55, Loss:1.5400507912343862, Acc:57.244, LR:0.00012189280281214134
Epoch:56, Loss:1.508991033447032, Acc:58.056, LR:0.00011727851379051869
Epoch:57, Loss:1.4664079060359878, Acc:59.118, LR:0.0001126965169252718
Epoch:58, Loss:1.4569535936628069, Acc:59.46, LR:0.00010815133409411566
Epoch:59, Loss:1.4172218125693652, Acc:60.422, LR:0.00010364745084375796
Validation: Loss:2.1646366655826568, Acc:46.32
Best model updated!
Epoch:60, Loss:1.377575850000187, Acc:61.404, LR:9.918931196320633e-05
Epoch:61, Loss:1.3497309246841742, Acc:61.854, LR:9.478131709729838e-05
Epoch:62, Loss:1.3159181974372085, Acc:63.088, LR:9.042781640478292e-05
Epoch:63, Loss:1.3013337777585399, Acc:63.546, LR:8.613310626523913e-05
Epoch:64, Loss:1.2618264641080583, Acc:64.394, LR:8.190142503906802e-05
Validation: Loss:2.215233623981476, Acc:46.23
Epoch:65, Loss:1.2394525822328062, Acc:64.672, LR:7.773694888474271e-05
Epoch:66, Loss:1.202471870548871, Acc:65.984, LR:7.364378763744433e-05
Epoch:67, Loss:1.173167102190913, Acc:66.624, LR:6.96259807531505e-05
Epoch:68, Loss:1.152391368029069, Acc:67.228, LR:6.568749332218042e-05
Epoch:69, Loss:1.1133665509369908, Acc:68.492, LR:6.183221215612908e-05
Validation: Loss:2.226461911201477, Acc:47.17
Best model updated!
Epoch:70, Loss:1.0973147573519726, Acc:68.724, LR:5.806394195205354e-05
Epoch:71, Loss:1.06568350840588, Acc:69.522, LR:5.438640153769656e-05
Epoch:72, Loss:1.0480029260625645, Acc:69.896, LR:5.080322020145227e-05
Epoch:73, Loss:1.0270469529288155, Acc:70.498, LR:4.731793411069671e-05
Epoch:74, Loss:1.0004525543475637, Acc:71.494, LR:4.39339828220179e-05
Validation: Loss:2.2772385239601136, Acc:46.87
Epoch:75, Loss:0.972188009291279, Acc:72.426, LR:4.065470588678832e-05
Epoch:76, Loss:0.9584393549938591, Acc:72.536, LR:3.7483339555431075e-05
Epoch:77, Loss:0.9390254939089016, Acc:73.172, LR:3.442301358363164e-05
Epoch:78, Loss:0.9171795425366382, Acc:73.664, LR:3.147674814364645e-05
Epoch:79, Loss:0.9034016582430625, Acc:74.024, LR:2.8647450843757908e-05
Validation: Loss:2.3198418855667113, Acc:46.69
Epoch:80, Loss:0.8905613343326413, Acc:74.62, LR:2.5937913858815748e-05
Epoch:81, Loss:0.8716186005242017, Acc:75.07, LR:2.3350811174697777e-05
Epoch:82, Loss:0.8564078819995024, Acc:75.452, LR:2.088869594940844e-05
Epoch:83, Loss:0.8450605948360599, Acc:76.15, LR:1.8553997993420465e-05
Epoch:84, Loss:0.8229374928133828, Acc:76.67, LR:1.6349021371744834e-05
Validation: Loss:2.3293341517448427, Acc:46.43
Epoch:85, Loss:0.817821915052375, Acc:76.652, LR:1.4275942130097098e-05
Epoch:86, Loss:0.8085468970999425, Acc:76.874, LR:1.2336806147402864e-05
Epoch:87, Loss:0.8009897841482746, Acc:77.16, LR:1.0533527116762298e-05
Epoch:88, Loss:0.7977731142725263, Acc:77.184, LR:8.867884656866183e-06
Epoch:89, Loss:0.7841940510029696, Acc:77.516, LR:7.341522555726971e-06
Validation: Loss:2.343197464942932, Acc:46.57
Epoch:90, Loss:0.7777124862281644, Acc:77.69, LR:5.955947148458557e-06
Epoch:91, Loss:0.765259499452552, Acc:78.148, LR:4.712525830705355e-06
Epoch:92, Loss:0.7728390091535996, Acc:78.014, LR:3.612485709187901e-06
Epoch:93, Loss:0.7625229492479441, Acc:78.29, LR:2.6569123906966916e-06
Epoch:94, Loss:0.762472541964784, Acc:78.32, LR:1.8467489107293509e-06
Validation: Loss:2.3463754534721373, Acc:46.89
Epoch:95, Loss:0.7518449152002529, Acc:78.432, LR:1.1827948028283352e-06
Epoch:96, Loss:0.7529748605222119, Acc:78.442, LR:6.657053095380005e-07
Epoch:97, Loss:0.7571639625393615, Acc:78.394, LR:2.9599073575926616e-07
Epoch:98, Loss:0.7513783884291746, Acc:78.566, LR:7.401594514025999e-08
Epoch:99, Loss:0.7547427872005774, Acc:78.536, LR:0.0
Validation: Loss:2.343215489387512, Acc:46.8
Epoch:100, Loss:0.7587862805444368, Acc:78.378, LR:7.401594514025999e-08
Epoch:101, Loss:0.7472686305338022, Acc:78.53, LR:2.959907357592661e-07
Epoch:102, Loss:0.7495944220192579, Acc:78.706, LR:6.657053095380004e-07
Epoch:103, Loss:0.7536580124679877, Acc:78.49, LR:1.1827948028283183e-06
Epoch:104, Loss:0.7490500260372551, Acc:78.638, LR:1.846748910729334e-06
Validation: Loss:2.347119891643524, Acc:46.87
Epoch:105, Loss:0.7526181991002998, Acc:78.58, LR:2.6569123906967077e-06
Epoch:106, Loss:0.7581968185852985, Acc:78.47, LR:3.612485709187884e-06
Epoch:107, Loss:0.7579062976399247, Acc:78.554, LR:4.712525830705321e-06
Epoch:108, Loss:0.7518048852073903, Acc:78.42, LR:5.955947148458522e-06
Epoch:109, Loss:0.755599712838932, Acc:78.432, LR:7.341522555726951e-06
Validation: Loss:2.3570114970207214, Acc:46.52
Epoch:110, Loss:0.7540226992295713, Acc:78.546, LR:8.86788465686618e-06
Epoch:111, Loss:0.7553903192889934, Acc:78.552, LR:1.0533527116762278e-05
Epoch:112, Loss:0.7557134865498056, Acc:78.516, LR:1.2336806147402808e-05
Epoch:113, Loss:0.7522217156935711, Acc:78.296, LR:1.4275942130097042e-05
Epoch:114, Loss:0.7484383856763646, Acc:78.788, LR:1.6349021371744844e-05
Validation: Loss:2.374818444252014, Acc:46.43
Epoch:115, Loss:0.7484522352413255, Acc:78.46, LR:1.8553997993420472e-05
Epoch:116, Loss:0.7513318949816178, Acc:78.494, LR:2.0888695949408444e-05
Epoch:117, Loss:0.7487403659188018, Acc:78.49, LR:2.3350811174697713e-05
Epoch:118, Loss:0.7446972940649305, Acc:78.584, LR:2.593791385881568e-05
Epoch:119, Loss:0.7414577244495859, Acc:78.656, LR:2.864745084375782e-05
Validation: Loss:2.4206650972366335, Acc:46.18
Epoch:120, Loss:0.7385795682060475, Acc:78.75, LR:3.147674814364644e-05
Epoch:121, Loss:0.7448536261003844, Acc:78.32, LR:3.44230135836316e-05
Epoch:122, Loss:0.7437217722133714, Acc:78.382, LR:3.7483339555431034e-05
Epoch:123, Loss:0.7439266485827309, Acc:78.6, LR:4.0654705886788224e-05
Epoch:124, Loss:0.7428174256062021, Acc:78.52, LR:4.39339828220178e-05
Validation: Loss:2.4630916476249696, Acc:45.93
Epoch:125, Loss:0.7425570761670872, Acc:78.358, LR:4.731793411069669e-05
Epoch:126, Loss:0.731896307395429, Acc:78.766, LR:5.0803220201452194e-05
Epoch:127, Loss:0.7442943246997132, Acc:78.332, LR:5.4386401537696557e-05
Epoch:128, Loss:0.7467459689597694, Acc:78.368, LR:5.806394195205352e-05
Epoch:129, Loss:0.7452313492492754, Acc:78.102, LR:6.1832212156129e-05
Validation: Loss:2.500897216796875, Acc:45.62
Epoch:130, Loss:0.7423213081700462, Acc:78.344, LR:6.568749332218034e-05
Epoch:131, Loss:0.7514403906403756, Acc:77.802, LR:6.962598075315054e-05
Epoch:132, Loss:0.7588305564559236, Acc:77.794, LR:7.364378763744432e-05
Epoch:133, Loss:0.7532152229425858, Acc:77.738, LR:7.77369488847427e-05
Epoch:134, Loss:0.7587695200832523, Acc:77.746, LR:8.190142503906793e-05
Validation: Loss:2.579471969604492, Acc:44.87
Epoch:135, Loss:0.7569980651748424, Acc:77.71, LR:8.613310626523915e-05
Epoch:136, Loss:0.7644690719186044, Acc:77.378, LR:9.042781640478292e-05
Epoch:137, Loss:0.7626995845716826, Acc:77.626, LR:9.478131709729829e-05
Epoch:138, Loss:0.7608923595778796, Acc:77.596, LR:9.918931196320625e-05
Epoch:139, Loss:0.7654970604546216, Acc:77.31, LR:0.00010364745084375781
Validation: Loss:2.631037640571594, Acc:45.13
Epoch:140, Loss:0.766918558855446, Acc:77.182, LR:0.00010815133409411552
Epoch:141, Loss:0.7719016950957629, Acc:77.03, LR:0.00011269651692527181
Epoch:142, Loss:0.7641818772773353, Acc:77.156, LR:0.0001172785137905186
Epoch:143, Loss:0.7741575867545848, Acc:76.972, LR:0.00012189280281214127
Epoch:144, Loss:0.7649933920831097, Acc:77.262, LR:0.0001265348302439653
Validation: Loss:2.716217803955078, Acc:44.58
Epoch:145, Loss:0.7831053551362486, Acc:76.872, LR:0.00013120001496535425
Epoch:146, Loss:0.7887932767673415, Acc:76.718, LR:0.00013588375300222283
Epoch:147, Loss:0.7640777388397528, Acc:77.266, LR:0.00014058142207060294
Epoch:148, Loss:0.7725440561771393, Acc:76.95, LR:0.00014528838613828067
Epoch:149, Loss:0.7702204390447966, Acc:77.076, LR:0.00014999999999999988
Validation: Loss:2.718253529071808, Acc:44.33
Epoch:150, Loss:0.7786102714587231, Acc:76.86, LR:0.00015471161386171908
Epoch:151, Loss:0.7858968498755474, Acc:76.622, LR:0.00015941857792939681
Epoch:152, Loss:0.7878677546977997, Acc:76.432, LR:0.00016411624699777706
Epoch:153, Loss:0.787322108234678, Acc:76.538, LR:0.00016879998503464553
Epoch:154, Loss:0.7864305419581277, Acc:76.528, LR:0.0001734651697560345
Validation: Loss:2.7816104769706724, Acc:43.6
Epoch:155, Loss:0.7812109394949309, Acc:76.64, LR:0.00017810719718785856
Epoch:156, Loss:0.7926033850835295, Acc:76.482, LR:0.00018272148620948123
Epoch:157, Loss:0.7872800449935757, Acc:76.48, LR:0.00018730348307472816
Epoch:158, Loss:0.778585606083578, Acc:76.702, LR:0.00019184866590588428
Epoch:159, Loss:0.7743688444701993, Acc:76.93, LR:0.00019635254915624197
Validation: Loss:2.840771424770355, Acc:43.12
Epoch:160, Loss:0.784004272855058, Acc:76.656, LR:0.00020081068803679352
Epoch:161, Loss:0.7860903411495442, Acc:76.748, LR:0.00020521868290270147
Epoch:162, Loss:0.7674462758764928, Acc:77.104, LR:0.00020957218359521685
Epoch:163, Loss:0.7774315068916399, Acc:76.76, LR:0.00021386689373476063
Epoch:164, Loss:0.7626691843782153, Acc:77.14, LR:0.00021809857496093171
Validation: Loss:2.7845539927482603, Acc:43.96
Epoch:165, Loss:0.7620431130029717, Acc:77.26, LR:0.0002222630511152572
Epoch:166, Loss:0.7686462584806948, Acc:77.1, LR:0.0002263562123625556
Epoch:167, Loss:0.7665509909999614, Acc:77.49, LR:0.0002303740192468494
Epoch:168, Loss:0.7605700681404192, Acc:77.286, LR:0.00023431250667781947
Epoch:169, Loss:0.7461977223960721, Acc:77.766, LR:0.0002381677878438708
Validation: Loss:2.8602243185043337, Acc:43.28
Epoch:170, Loss:0.7642172605407481, Acc:77.196, LR:0.00024193605804794627
Epoch:171, Loss:0.746481079836281, Acc:77.832, LR:0.00024561359846230325
Epoch:172, Loss:0.7510930305841018, Acc:77.63, LR:0.00024919677979854754
Epoch:173, Loss:0.7380753293329355, Acc:77.948, LR:0.00025268206588930297
Epoch:174, Loss:0.7436024917631733, Acc:77.834, LR:0.0002560660171779818
Validation: Loss:2.8478333950042725, Acc:43.54
Epoch:175, Loss:0.7266394374321918, Acc:78.498, LR:0.0002593452941132115
Epoch:176, Loss:0.721264226096017, Acc:78.524, LR:0.00026251666044456874
Epoch:177, Loss:0.7228775164302514, Acc:78.474, LR:0.00026557698641636824
Epoch:178, Loss:0.7307550347581202, Acc:78.222, LR:0.0002685232518563534
Epoch:179, Loss:0.7141707180714121, Acc:78.634, LR:0.000271352549156242
Validation: Loss:2.8793330073356627, Acc:43.23
Epoch:180, Loss:0.7040704543493232, Acc:79.102, LR:0.00027406208614118413
Epoch:181, Loss:0.7019461174400485, Acc:79.038, LR:0.00027664918882530214
Epoch:182, Loss:0.6909614886556353, Acc:79.554, LR:0.0002791113040505914
Epoch:183, Loss:0.6807287359724239, Acc:79.734, LR:0.0002814460020065794
Epoch:184, Loss:0.6805912736727266, Acc:79.68, LR:0.00028365097862825513
Validation: Loss:2.9219292521476747, Acc:42.98
Epoch:185, Loss:0.6712185223491824, Acc:79.876, LR:0.0002857240578699029
Epoch:186, Loss:0.6590128620060123, Acc:80.382, LR:0.0002876631938525972
Epoch:187, Loss:0.6545128995666698, Acc:80.364, LR:0.00028946647288323766
Epoch:188, Loss:0.6590325735053237, Acc:80.35, LR:0.0002911321153431338
Epoch:189, Loss:0.6501043302064039, Acc:80.674, LR:0.00029265847744427303
Validation: Loss:2.9064204812049867, Acc:43.43
Epoch:190, Loss:0.6420281565919215, Acc:80.884, LR:0.0002940440528515414
Epoch:191, Loss:0.6225421191478262, Acc:81.448, LR:0.0002952874741692947
Epoch:192, Loss:0.6279961831715642, Acc:81.114, LR:0.0002963875142908121
Epoch:193, Loss:0.6307094410365942, Acc:81.038, LR:0.0002973430876093033
Epoch:194, Loss:0.6208091314349856, Acc:81.542, LR:0.00029815325108927063
Validation: Loss:2.962952756881714, Acc:43.37
Epoch:195, Loss:0.5895975253411702, Acc:82.264, LR:0.00029881720519717164
Epoch:196, Loss:0.5759236411172517, Acc:82.682, LR:0.000299334294690462
Epoch:197, Loss:0.5764768896054249, Acc:82.744, LR:0.0002997040092642407
Epoch:198, Loss:0.5886721118372313, Acc:82.324, LR:0.0002999259840548597
Epoch:199, Loss:0.5808554282601999, Acc:82.648, LR:0.0003
Validation: Loss:3.0080464482307434, Acc:42.75
Epoch:200, Loss:0.5660051724740437, Acc:83.204, LR:0.0002999259840548597
Epoch:201, Loss:0.5426404807640581, Acc:83.748, LR:0.0002997040092642407
Epoch:202, Loss:0.5320709025373265, Acc:83.884, LR:0.000299334294690462
Epoch:203, Loss:0.5200930234729028, Acc:84.312, LR:0.0002988172051971717
Epoch:204, Loss:0.5313952537823696, Acc:84.068, LR:0.00029815325108927063
Validation: Loss:3.043228304386139, Acc:42.93
Epoch:205, Loss:0.5177393154222139, Acc:84.46, LR:0.00029734308760930326
Epoch:206, Loss:0.49882236488011417, Acc:84.988, LR:0.00029638751429081204
Epoch:207, Loss:0.49570199147779115, Acc:85.166, LR:0.0002952874741692946
Epoch:208, Loss:0.4867160256419863, Acc:85.44, LR:0.00029404405285154137
Epoch:209, Loss:0.48497125749685327, Acc:85.288, LR:0.0002926584774442729
Validation: Loss:3.0199796199798583, Acc:43.23
Epoch:210, Loss:0.46154015100732143, Acc:86.114, LR:0.00029113211534313374
Epoch:211, Loss:0.44878111110658064, Acc:86.698, LR:0.0002894664728832376
Epoch:212, Loss:0.45180298266362173, Acc:86.516, LR:0.0002876631938525971
Epoch:213, Loss:0.44988394574243196, Acc:86.652, LR:0.0002857240578699029
Epoch:214, Loss:0.4313696808352762, Acc:87.08, LR:0.0002836509786282552
Validation: Loss:3.1576292753219604, Acc:42.32
Epoch:215, Loss:0.41759119076388224, Acc:87.52, LR:0.00028144600200657956
Epoch:216, Loss:0.4067010876475548, Acc:87.772, LR:0.0002791113040505916
Epoch:217, Loss:0.4046131320753876, Acc:87.838, LR:0.0002766491888253023
Epoch:218, Loss:0.4118127868491776, Acc:87.468, LR:0.00027406208614118424
Epoch:219, Loss:0.38165431393652544, Acc:88.61, LR:0.0002713525491562421
Validation: Loss:3.071859323978424, Acc:43.81
Epoch:220, Loss:0.3696289999144418, Acc:88.968, LR:0.00026852325185635354
Epoch:221, Loss:0.3618717607186765, Acc:88.968, LR:0.00026557698641636835
Epoch:222, Loss:0.35269970614082957, Acc:89.368, LR:0.00026251666044456895
Epoch:223, Loss:0.3514997600292673, Acc:89.344, LR:0.0002593452941132118
Epoch:224, Loss:0.3425246256650711, Acc:89.684, LR:0.0002560660171779822
Validation: Loss:3.091113340854645, Acc:44.25
Epoch:225, Loss:0.3246872379463546, Acc:90.186, LR:0.0002526820658893034
Epoch:226, Loss:0.32212619954834176, Acc:90.268, LR:0.00024919677979854787
Epoch:227, Loss:0.3212848930638664, Acc:90.224, LR:0.0002456135984623036
Epoch:228, Loss:0.3179661932648445, Acc:90.348, LR:0.00024193605804794663
Epoch:229, Loss:0.3008624698434557, Acc:90.912, LR:0.00023816778784387094
Validation: Loss:3.1757492542266847, Acc:43.82
Epoch:230, Loss:0.29317119307055767, Acc:91.254, LR:0.00023431250667781958
Epoch:231, Loss:0.2745184779775386, Acc:91.77, LR:0.0002303740192468495
Epoch:232, Loss:0.26980433917167235, Acc:91.898, LR:0.0002263562123625557
Epoch:233, Loss:0.27485523023167435, Acc:91.652, LR:0.00022226305111525731
Epoch:234, Loss:0.2508686748998506, Acc:92.41, LR:0.00021809857496093204
Validation: Loss:3.1596457600593566, Acc:43.71
Epoch:235, Loss:0.24242894381892924, Acc:92.786, LR:0.00021386689373476098
Epoch:236, Loss:0.23004090360232762, Acc:93.054, LR:0.0002095721835952172
Epoch:237, Loss:0.2312815098129973, Acc:93.05, LR:0.00020521868290270185
Epoch:238, Loss:0.22924193861533185, Acc:93.162, LR:0.00020081068803679388
Epoch:239, Loss:0.20902793504753892, Acc:93.81, LR:0.00019635254915624232
Validation: Loss:3.1895836353302003, Acc:44.52
Epoch:240, Loss:0.19993393457665734, Acc:94.004, LR:0.00019184866590588436
Epoch:241, Loss:0.19729705930364375, Acc:94.202, LR:0.00018730348307472821
Epoch:242, Loss:0.1915350963874739, Acc:94.276, LR:0.0001827214862094814
Epoch:243, Loss:0.18964089559657232, Acc:94.402, LR:0.00017810719718785873
Epoch:244, Loss:0.18324016285490016, Acc:94.634, LR:0.00017346516975603468
Validation: Loss:3.1789496302604676, Acc:44.93
Epoch:245, Loss:0.1724652039761446, Acc:94.918, LR:0.0001687999850346457
Epoch:246, Loss:0.17473165637680463, Acc:94.828, LR:0.00016411624699777725
Epoch:247, Loss:0.15284357805337226, Acc:95.516, LR:0.00015941857792939714
Epoch:248, Loss:0.15145648400090178, Acc:95.572, LR:0.00015471161386171943
Epoch:249, Loss:0.14239029639533587, Acc:95.77, LR:0.00015000000000000018
Validation: Loss:3.1641571044921877, Acc:44.48
Epoch:250, Loss:0.13989421801299465, Acc:95.742, LR:0.0001452883861382807
Epoch:251, Loss:0.12561773896521453, Acc:96.354, LR:0.00014058142207060297
Epoch:252, Loss:0.12376512990010027, Acc:96.362, LR:0.00013588375300222286
Epoch:253, Loss:0.12563826234973208, Acc:96.468, LR:0.00013120001496535439
Epoch:254, Loss:0.11470595724424537, Acc:96.67, LR:0.0001265348302439653
Validation: Loss:3.1553699135780335, Acc:44.94
Epoch:255, Loss:0.1046861570556553, Acc:96.948, LR:0.00012189280281214126
Epoch:256, Loss:0.09893043719384136, Acc:97.182, LR:0.0001172785137905186
Epoch:257, Loss:0.0980183693143178, Acc:97.18, LR:0.00011269651692527179
Epoch:258, Loss:0.09463494176007047, Acc:97.21, LR:0.00010815133409411564
Epoch:259, Loss:0.09027034648675092, Acc:97.432, LR:0.00010364745084375795
Validation: Loss:3.1382446885108948, Acc:45.73
Epoch:260, Loss:0.08766817552398662, Acc:97.5, LR:9.918931196320637e-05
Epoch:261, Loss:0.08278025587906643, Acc:97.688, LR:9.478131709729842e-05
Epoch:262, Loss:0.07750577567031189, Acc:97.818, LR:9.04278164047828e-05
Epoch:263, Loss:0.07583212115022601, Acc:97.814, LR:8.613310626523901e-05
Epoch:264, Loss:0.06905883714100536, Acc:98.164, LR:8.190142503906791e-05
Validation: Loss:3.116605985164642, Acc:45.83
Epoch:265, Loss:0.06893416266052091, Acc:98.134, LR:7.773694888474266e-05
Epoch:266, Loss:0.06116183736950767, Acc:98.334, LR:7.364378763744429e-05
Epoch:267, Loss:0.062105948409559776, Acc:98.3, LR:6.962598075315051e-05
Epoch:268, Loss:0.058476753513879924, Acc:98.376, LR:6.568749332218044e-05
Epoch:269, Loss:0.05472391144353516, Acc:98.498, LR:6.183221215612908e-05
Validation: Loss:3.0988948822021483, Acc:46.0
Epoch:270, Loss:0.05070430416689844, Acc:98.614, LR:5.8063941952053605e-05
Epoch:271, Loss:0.05094417849821704, Acc:98.622, LR:5.4386401537696435e-05
Epoch:272, Loss:0.04823233190999956, Acc:98.724, LR:5.0803220201452126e-05
Epoch:273, Loss:0.047437848713324994, Acc:98.812, LR:4.731793411069664e-05
Epoch:274, Loss:0.042274088693820704, Acc:98.928, LR:4.393398282201783e-05
Validation: Loss:3.074357438087463, Acc:45.98
Epoch:275, Loss:0.042196757464232494, Acc:98.906, LR:4.0654705886788245e-05
Epoch:276, Loss:0.03904649060295553, Acc:99.006, LR:3.7483339555431055e-05
Epoch:277, Loss:0.03769778960137343, Acc:99.038, LR:3.442301358363162e-05
Epoch:278, Loss:0.034500072349090964, Acc:99.174, LR:3.147674814364646e-05
Epoch:279, Loss:0.035243225245907596, Acc:99.124, LR:2.8647450843757924e-05
Validation: Loss:3.0630125164985658, Acc:46.3
Epoch:280, Loss:0.03284819618019522, Acc:99.152, LR:2.5937913858815785e-05
Epoch:281, Loss:0.031213267725341175, Acc:99.216, LR:2.3350811174697798e-05
Epoch:282, Loss:0.03165745554605917, Acc:99.238, LR:2.0888695949408397e-05
Epoch:283, Loss:0.030765333079866, Acc:99.28, LR:1.855399799342042e-05
Epoch:284, Loss:0.028336483871146123, Acc:99.346, LR:1.634902137174479e-05
Validation: Loss:3.0513448119163513, Acc:46.03
Epoch:285, Loss:0.027831276042424902, Acc:99.384, LR:1.4275942130097054e-05
Epoch:286, Loss:0.027509326961043537, Acc:99.374, LR:1.2336806147402818e-05
Epoch:287, Loss:0.026210487820208073, Acc:99.392, LR:1.0533527116762286e-05
Epoch:288, Loss:0.026635093129791166, Acc:99.368, LR:8.867884656866187e-06
Epoch:289, Loss:0.02534102672254857, Acc:99.416, LR:7.341522555726991e-06
Validation: Loss:3.02983535528183, Acc:46.6
Epoch:290, Loss:0.02493004673825843, Acc:99.426, LR:5.95594714845856e-06
Epoch:291, Loss:0.023560524519000734, Acc:99.48, LR:4.712525830705358e-06
Epoch:292, Loss:0.024459526455980176, Acc:99.426, LR:3.6124857091879205e-06
Epoch:293, Loss:0.023992411450159793, Acc:99.47, LR:2.656912390696677e-06
Epoch:294, Loss:0.02479250922000834, Acc:99.45, LR:1.8467489107293358e-06
Validation: Loss:3.02051922082901, Acc:46.41
Epoch:295, Loss:0.022161160652734796, Acc:99.53, LR:1.1827948028283196e-06
Epoch:296, Loss:0.02383547460622325, Acc:99.488, LR:6.65705309538001e-07
Epoch:297, Loss:0.022861892471508105, Acc:99.504, LR:2.9599073575926637e-07
Epoch:298, Loss:0.023336136057896882, Acc:99.5, LR:7.401594514026004e-08
Epoch:299, Loss:0.023686994484872843, Acc:99.448, LR:0.0
Validation: Loss:3.009690690040588, Acc:46.22
Epoch:300, Loss:0.021628159535478572, Acc:99.568, LR:7.401594514025999e-08
Epoch:301, Loss:0.02135411816250001, Acc:99.556, LR:2.959907357592661e-07
Epoch:302, Loss:0.021523924021772584, Acc:99.54, LR:6.657053095379839e-07
Epoch:303, Loss:0.023321328675184324, Acc:99.494, LR:1.182794802828302e-06
Epoch:304, Loss:0.022338968635137593, Acc:99.524, LR:1.846748910729351e-06
Validation: Loss:3.013506317138672, Acc:46.23
Epoch:305, Loss:0.023518303409218788, Acc:99.468, LR:2.656912390696708e-06
Epoch:306, Loss:0.02233944705934549, Acc:99.51, LR:3.612485709187901e-06
Epoch:307, Loss:0.023829747314507863, Acc:99.466, LR:4.712525830705338e-06
Epoch:308, Loss:0.023802914647195413, Acc:99.42, LR:5.955947148458522e-06
Epoch:309, Loss:0.022555186527268012, Acc:99.52, LR:7.341522555726951e-06
Validation: Loss:3.0070533394813537, Acc:46.43
Epoch:310, Loss:0.022146371335779527, Acc:99.51, LR:8.867884656866144e-06
Epoch:311, Loss:0.022809661772786354, Acc:99.484, LR:1.0533527116762242e-05
Epoch:312, Loss:0.02310877109934785, Acc:99.488, LR:1.2336806147402772e-05
Epoch:313, Loss:0.023397567719981378, Acc:99.46, LR:1.427594213009699e-05
Epoch:314, Loss:0.02372444373536475, Acc:99.472, LR:1.634902137174484e-05
Validation: Loss:3.0086520314216614, Acc:46.49
Epoch:315, Loss:0.023610565174675108, Acc:99.494, LR:1.855399799342047e-05
Epoch:316, Loss:0.025347151470427612, Acc:99.398, LR:2.0888695949408458e-05
Epoch:317, Loss:0.025260648424071924, Acc:99.434, LR:2.3350811174697723e-05
Epoch:318, Loss:0.027414181811392914, Acc:99.326, LR:2.5937913858815694e-05
Epoch:319, Loss:0.02792884240269053, Acc:99.336, LR:2.864745084375783e-05
Validation: Loss:3.0321640610694884, Acc:46.08
Epoch:320, Loss:0.02990044895749615, Acc:99.314, LR:3.147674814364637e-05
Epoch:321, Loss:0.031133428624622067, Acc:99.286, LR:3.442301358363152e-05
Epoch:322, Loss:0.03434876563521672, Acc:99.184, LR:3.748333955543095e-05
Epoch:323, Loss:0.035178364140494744, Acc:99.12, LR:4.065470588678812e-05
Epoch:324, Loss:0.04146873127973201, Acc:98.956, LR:4.39339828220177e-05
Validation: Loss:3.066766917705536, Acc:46.06
Epoch:325, Loss:0.04307625551080825, Acc:98.922, LR:4.731793411069651e-05
Epoch:326, Loss:0.04375695904754862, Acc:98.87, LR:5.0803220201452194e-05
Epoch:327, Loss:0.0508907995737937, Acc:98.662, LR:5.4386401537696306e-05
Epoch:328, Loss:0.05121242228363242, Acc:98.712, LR:5.8063941952053456e-05
Epoch:329, Loss:0.05624165598835264, Acc:98.498, LR:6.183221215612871e-05
Validation: Loss:3.10985107421875, Acc:44.84
Epoch:330, Loss:0.05965082130717988, Acc:98.468, LR:6.568749332218029e-05
Epoch:331, Loss:0.06447480417483924, Acc:98.232, LR:6.962598075315058e-05
Epoch:332, Loss:0.06887816793608423, Acc:98.118, LR:7.364378763744413e-05
Epoch:333, Loss:0.07209809040840791, Acc:98.052, LR:7.773694888474273e-05
Epoch:334, Loss:0.07533159057552717, Acc:97.894, LR:8.190142503906774e-05
Validation: Loss:3.1142265439033507, Acc:44.82
Epoch:335, Loss:0.07828502915799618, Acc:97.932, LR:8.613310626523908e-05
Epoch:336, Loss:0.09342496788927487, Acc:97.398, LR:9.042781640478262e-05
Epoch:337, Loss:0.09472039619422688, Acc:97.294, LR:9.478131709729822e-05
Epoch:338, Loss:0.10961492139161849, Acc:96.82, LR:9.918931196320593e-05
Epoch:339, Loss:0.10613871958790994, Acc:96.924, LR:0.00010364745084375773
Validation: Loss:3.1831265091896057, Acc:44.25
Epoch:340, Loss:0.11579149254426664, Acc:96.624, LR:0.00010815133409411518
Epoch:341, Loss:0.12088913432493502, Acc:96.562, LR:0.0001126965169252716
Epoch:342, Loss:0.12732074523762782, Acc:96.308, LR:0.00011727851379051866
Epoch:343, Loss:0.13170786247569688, Acc:96.188, LR:0.00012189280281214107
Epoch:344, Loss:0.13863525296352347, Acc:95.932, LR:0.00012653483024396538
Validation: Loss:3.2238627314567565, Acc:43.8
Epoch:345, Loss:0.1443817309883176, Acc:95.784, LR:0.0001312000149653541
Epoch:346, Loss:0.1421554528784995, Acc:95.842, LR:0.0001358837530022228
Epoch:347, Loss:0.15286864142636863, Acc:95.54, LR:0.00014058142207060264
Epoch:348, Loss:0.16339653677174024, Acc:95.292, LR:0.00014528838613828065
Epoch:349, Loss:0.16754719478135205, Acc:95.046, LR:0.0001499999999999996
Validation: Loss:3.2245405077934266, Acc:43.97
Epoch:350, Loss:0.173029790347328, Acc:94.886, LR:0.00015471161386171908
Epoch:351, Loss:0.18215782377792863, Acc:94.678, LR:0.00015941857792939681
Epoch:352, Loss:0.18990880965578313, Acc:94.43, LR:0.00016411624699777693
Epoch:353, Loss:0.18898835588170557, Acc:94.294, LR:0.00016879998503464564
Epoch:354, Loss:0.1915972814420048, Acc:94.348, LR:0.00017346516975603435
Validation: Loss:3.2158204674720765, Acc:43.75
Epoch:355, Loss:0.19568663637857048, Acc:94.196, LR:0.00017810719718785865
Epoch:356, Loss:0.20419692886727198, Acc:94.044, LR:0.00018272148620948107
Epoch:357, Loss:0.2057831520024611, Acc:93.98, LR:0.0001873034830747281
Epoch:358, Loss:0.22096192958403607, Acc:93.41, LR:0.00019184866590588398
Epoch:359, Loss:0.21125958312530907, Acc:93.654, LR:0.00019635254915624197
Validation: Loss:3.2498279809951782, Acc:43.0
Epoch:360, Loss:0.21887808551593702, Acc:93.534, LR:0.00020081068803679352
Epoch:361, Loss:0.22344668483247562, Acc:93.296, LR:0.00020521868290270152
Epoch:362, Loss:0.23731755754169154, Acc:92.986, LR:0.00020957218359521712
Epoch:363, Loss:0.23300490148213446, Acc:93.188, LR:0.00021386689373476065
Epoch:364, Loss:0.2359551948552229, Acc:92.964, LR:0.00021809857496093199
Validation: Loss:3.267085611820221, Acc:42.29
Epoch:365, Loss:0.25193684700192237, Acc:92.568, LR:0.000222263051115257
Epoch:366, Loss:0.2682024704254403, Acc:92.048, LR:0.00022635621236255559
Epoch:367, Loss:0.260776016785174, Acc:92.27, LR:0.00023037401924684914
Epoch:368, Loss:0.2585597491385985, Acc:92.366, LR:0.00023431250667781947
Epoch:369, Loss:0.25990828445979525, Acc:92.194, LR:0.00023816778784387086
Validation: Loss:3.1957889795303345, Acc:43.21
Epoch:370, Loss:0.2548523049573509, Acc:92.392, LR:0.00024193605804794633
Epoch:371, Loss:0.26381315914343817, Acc:92.184, LR:0.00024561359846230325
Epoch:372, Loss:0.27544631307222406, Acc:91.766, LR:0.00024919677979854754
Epoch:373, Loss:0.27855856975122373, Acc:91.812, LR:0.00025268206588930324
Epoch:374, Loss:0.2790675932655529, Acc:91.64, LR:0.00025606601717798185
Validation: Loss:3.2579211592674255, Acc:42.95
Epoch:375, Loss:0.276926547136842, Acc:91.81, LR:0.00025934529411321167
Epoch:376, Loss:0.2678647038279747, Acc:92.07, LR:0.00026251666044456863
Epoch:377, Loss:0.28555626118061495, Acc:91.596, LR:0.00026557698641636824
Epoch:378, Loss:0.27524973756196547, Acc:91.752, LR:0.00026852325185635343
Epoch:379, Loss:0.2715583971264411, Acc:91.932, LR:0.00027135254915624195
Validation: Loss:3.215169072151184, Acc:43.36
Epoch:380, Loss:0.284208035286592, Acc:91.658, LR:0.00027406208614118413
Epoch:381, Loss:0.2790410935270543, Acc:91.678, LR:0.00027664918882530214
Epoch:382, Loss:0.271978282654772, Acc:91.862, LR:0.0002791113040505914
Epoch:383, Loss:0.27722539874363916, Acc:91.942, LR:0.0002814460020065794
Epoch:384, Loss:0.289154550098643, Acc:91.502, LR:0.0002836509786282552
Validation: Loss:3.253950905799866, Acc:42.6
Epoch:385, Loss:0.2890805037958281, Acc:91.448, LR:0.00028572405786990283
Epoch:386, Loss:0.2989419075299282, Acc:91.074, LR:0.00028766319385259713
Epoch:387, Loss:0.27565188477842173, Acc:91.744, LR:0.00028946647288323766
Epoch:388, Loss:0.29368075287463713, Acc:91.308, LR:0.00029113211534313374
Epoch:389, Loss:0.2842201914410202, Acc:91.626, LR:0.000292658477444273
Validation: Loss:3.188596785068512, Acc:43.37
Epoch:390, Loss:0.2764904280098117, Acc:91.904, LR:0.00029404405285154137
Epoch:391, Loss:0.2734360112523546, Acc:91.874, LR:0.00029528747416929463
Epoch:392, Loss:0.2853434021983828, Acc:91.454, LR:0.00029638751429081204
Epoch:393, Loss:0.2692236763482191, Acc:91.852, LR:0.0002973430876093032
Epoch:394, Loss:0.2805754537789189, Acc:91.606, LR:0.00029815325108927063
Validation: Loss:3.2552366256713867, Acc:42.05
Epoch:395, Loss:0.28021423260168155, Acc:91.648, LR:0.0002988172051971717
Epoch:396, Loss:0.28241040922549304, Acc:91.672, LR:0.000299334294690462
Epoch:397, Loss:0.2800310214563292, Acc:91.72, LR:0.0002997040092642407
Epoch:398, Loss:0.26422286231298836, Acc:92.026, LR:0.0002999259840548597
Epoch:399, Loss:0.2744523414543697, Acc:91.908, LR:0.0003
Validation: Loss:3.188417100906372, Acc:42.47
Epoch:400, Loss:0.26749846795383764, Acc:92.038, LR:0.0002999259840548597
Epoch:401, Loss:0.26457377401541693, Acc:92.112, LR:0.00029970400926424077
Epoch:402, Loss:0.26402978158118773, Acc:92.194, LR:0.00029933429469046203
Epoch:403, Loss:0.2643137721686947, Acc:92.126, LR:0.00029881720519717175
Epoch:404, Loss:0.2623805853785301, Acc:92.186, LR:0.00029815325108927074
Validation: Loss:3.226783788204193, Acc:42.59
Epoch:405, Loss:0.2507111874161934, Acc:92.644, LR:0.0002973430876093033
Epoch:406, Loss:0.24544422222035273, Acc:92.672, LR:0.00029638751429081215
Epoch:407, Loss:0.2420776536574169, Acc:92.86, LR:0.0002952874741692947
Epoch:408, Loss:0.2418789915284332, Acc:92.796, LR:0.00029404405285154154
Epoch:409, Loss:0.24744072358827202, Acc:92.728, LR:0.0002926584774442731
Validation: Loss:3.215388870239258, Acc:42.67
Epoch:410, Loss:0.25027739880036337, Acc:92.59, LR:0.0002911321153431339
Epoch:411, Loss:0.24118829640198727, Acc:92.99, LR:0.0002894664728832378
Epoch:412, Loss:0.23097340245636142, Acc:93.066, LR:0.00028766319385259724
Epoch:413, Loss:0.22515648770697264, Acc:93.322, LR:0.00028572405786990305
Epoch:414, Loss:0.21701967168827446, Acc:93.466, LR:0.0002836509786282552
Validation: Loss:3.2185410141944883, Acc:42.47
Epoch:415, Loss:0.21498503247085882, Acc:93.692, LR:0.00028144600200657956
Epoch:416, Loss:0.21755222048686476, Acc:93.556, LR:0.0002791113040505916
Epoch:417, Loss:0.2155778617883215, Acc:93.662, LR:0.00027664918882530236
Epoch:418, Loss:0.21599142815993758, Acc:93.57, LR:0.0002740620861411844
Epoch:419, Loss:0.20146432001979983, Acc:94.066, LR:0.0002713525491562422
Validation: Loss:3.141843330860138, Acc:43.38
Epoch:420, Loss:0.1903534238891942, Acc:94.256, LR:0.00026852325185635365
Epoch:421, Loss:0.19771764929197272, Acc:94.076, LR:0.0002655769864163685
Epoch:422, Loss:0.18592630995779622, Acc:94.448, LR:0.00026251666044456906
Epoch:423, Loss:0.18329033247974455, Acc:94.598, LR:0.00025934529411321167
Epoch:424, Loss:0.18255912672196115, Acc:94.626, LR:0.0002560660171779823
Validation: Loss:3.22479532957077, Acc:43.05
Epoch:425, Loss:0.18203151841856996, Acc:94.522, LR:0.0002526820658893033
Epoch:426, Loss:0.17052646764383025, Acc:94.994, LR:0.0002491967797985478
Epoch:427, Loss:0.16991561141853428, Acc:94.992, LR:0.0002456135984623035
Epoch:428, Loss:0.16238448502761976, Acc:95.122, LR:0.00024193605804794657
Epoch:429, Loss:0.15670417097150063, Acc:95.372, LR:0.00023816778784387107
Validation: Loss:3.2571263790130613, Acc:42.92
Epoch:430, Loss:0.15591727592507187, Acc:95.408, LR:0.00023431250667781974
Epoch:431, Loss:0.15461691005193456, Acc:95.408, LR:0.00023037401924684965
Epoch:432, Loss:0.13786859947199726, Acc:95.918, LR:0.00022635621236255564
Epoch:433, Loss:0.1398394288001012, Acc:95.942, LR:0.00022226305111525748
Epoch:434, Loss:0.13454941348457822, Acc:96.078, LR:0.000218098574960932
Validation: Loss:3.2167224287986755, Acc:43.69
Epoch:435, Loss:0.13157711504977576, Acc:96.11, LR:0.00021386689373476117
Epoch:436, Loss:0.12698856672766257, Acc:96.334, LR:0.00020957218359521712
Epoch:437, Loss:0.12928170710802078, Acc:96.246, LR:0.00020521868290270177
Epoch:438, Loss:0.11840060163213283, Acc:96.516, LR:0.00020081068803679377
Epoch:439, Loss:0.11816692314281756, Acc:96.428, LR:0.00019635254915624222
Validation: Loss:3.243983745574951, Acc:43.1
Epoch:440, Loss:0.11298501635996663, Acc:96.726, LR:0.0001918486659058845
Epoch:441, Loss:0.1057730613618481, Acc:96.932, LR:0.0001873034830747281
Epoch:442, Loss:0.10397074409589475, Acc:97.056, LR:0.00018272148620948156
Epoch:443, Loss:0.09653278850779241, Acc:97.192, LR:0.00017810719718785865
Epoch:444, Loss:0.089743100296782, Acc:97.388, LR:0.00017346516975603487
Validation: Loss:3.1498424291610716, Acc:44.22
Epoch:445, Loss:0.08295065213983156, Acc:97.608, LR:0.00016879998503464561
Epoch:446, Loss:0.07799991877863602, Acc:97.794, LR:0.00016411624699777741
Epoch:447, Loss:0.07616348690068235, Acc:97.832, LR:0.000159418577929397
Epoch:448, Loss:0.07929682321086222, Acc:97.726, LR:0.00015471161386171927
Epoch:449, Loss:0.07090267839328367, Acc:98.068, LR:0.00015000000000000001
Validation: Loss:3.1506611704826355, Acc:44.46
Epoch:450, Loss:0.0679588158595927, Acc:98.014, LR:0.00014528838613828057
Epoch:451, Loss:0.0682340796504702, Acc:98.064, LR:0.00014058142207060308
Epoch:452, Loss:0.06280569964069493, Acc:98.27, LR:0.0001358837530022227
Epoch:453, Loss:0.052936608370925696, Acc:98.54, LR:0.00013120001496535452
Epoch:454, Loss:0.056941310076841285, Acc:98.47, LR:0.0001265348302439653
Validation: Loss:3.115678548812866, Acc:44.33
Epoch:455, Loss:0.05778401168253349, Acc:98.376, LR:0.00012189280281214152
Epoch:456, Loss:0.05179323299730919, Acc:98.556, LR:0.0001172785137905186
Epoch:457, Loss:0.04747781630757512, Acc:98.72, LR:0.00011269651692527206
Epoch:458, Loss:0.04679742227403485, Acc:98.82, LR:0.00010815133409411564
Epoch:459, Loss:0.045815564387915085, Acc:98.78, LR:0.00010364745084375769
Validation: Loss:3.078145444393158, Acc:44.63
Epoch:460, Loss:0.0432899375161042, Acc:98.846, LR:9.918931196320637e-05
Epoch:461, Loss:0.03796968639505153, Acc:98.938, LR:9.478131709729815e-05
Epoch:462, Loss:0.03381762925383388, Acc:99.16, LR:9.042781640478303e-05
Epoch:463, Loss:0.0343216089911911, Acc:99.122, LR:8.613310626523901e-05
Epoch:464, Loss:0.0341518599045824, Acc:99.11, LR:8.190142503906816e-05
Validation: Loss:3.0483599424362184, Acc:44.46
Epoch:465, Loss:0.02970844946269478, Acc:99.286, LR:7.773694888474266e-05
Epoch:466, Loss:0.026695019109364674, Acc:99.358, LR:7.364378763744451e-05
Epoch:467, Loss:0.026743196321613327, Acc:99.34, LR:6.962598075315051e-05
Epoch:468, Loss:0.027885231465025216, Acc:99.294, LR:6.568749332218066e-05
Epoch:469, Loss:0.025674268166173478, Acc:99.352, LR:6.183221215612908e-05
Validation: Loss:3.002756679058075, Acc:44.59
Epoch:470, Loss:0.023879442668082763, Acc:99.462, LR:5.8063941952053395e-05
Epoch:471, Loss:0.022247311402568404, Acc:99.506, LR:5.4386401537696645e-05
Epoch:472, Loss:0.020155778040691297, Acc:99.558, LR:5.080322020145213e-05
Epoch:473, Loss:0.017187131568789482, Acc:99.648, LR:4.7317934110696835e-05
Epoch:474, Loss:0.018500092809981838, Acc:99.576, LR:4.393398282201783e-05
Validation: Loss:2.945296657085419, Acc:45.73
Epoch:475, Loss:0.017474539311868802, Acc:99.636, LR:4.0654705886788434e-05
Epoch:476, Loss:0.017243792649776657, Acc:99.608, LR:3.748333955543108e-05
Epoch:477, Loss:0.016827585151875202, Acc:99.644, LR:3.442301358363182e-05
Epoch:478, Loss:0.014715267093472031, Acc:99.704, LR:3.1476748143646496e-05
Epoch:479, Loss:0.014573214870250347, Acc:99.706, LR:2.8647450843758107e-05
Validation: Loss:2.893419253826141, Acc:45.68
Epoch:480, Loss:0.014585714217047302, Acc:99.708, LR:2.59379138588158e-05
Epoch:481, Loss:0.014735008266811468, Acc:99.704, LR:2.335081117469768e-05
Epoch:482, Loss:0.013705548635512894, Acc:99.736, LR:2.0888695949408543e-05
Epoch:483, Loss:0.013150890804447082, Acc:99.716, LR:1.8553997993420435e-05
Epoch:484, Loss:0.013011991321964532, Acc:99.754, LR:1.634902137174492e-05
Validation: Loss:2.875126135349274, Acc:45.66
Epoch:485, Loss:0.012890549785248478, Acc:99.752, LR:1.427594213009707e-05
Epoch:486, Loss:0.011688320289308928, Acc:99.792, LR:1.233680614740295e-05
Epoch:487, Loss:0.012249271969824118, Acc:99.768, LR:1.0533527116762303e-05
Epoch:488, Loss:0.011347734787482388, Acc:99.776, LR:8.867884656866302e-06
Epoch:489, Loss:0.011595521987016712, Acc:99.776, LR:7.3415225557269894e-06
Validation: Loss:2.85041880607605, Acc:46.08
Epoch:490, Loss:0.010990818715369215, Acc:99.8, LR:5.9559471484584925e-06
Epoch:491, Loss:0.01035310322779934, Acc:99.836, LR:4.7125258307053735e-06
Epoch:492, Loss:0.01098675639083495, Acc:99.79, LR:3.6124857091878692e-06
Epoch:493, Loss:0.011355603408372524, Acc:99.776, LR:2.6569123906967424e-06
Epoch:494, Loss:0.010765514550350455, Acc:99.818, LR:1.846748910729335e-06
Validation: Loss:2.8456800818443297, Acc:45.78
Epoch:495, Loss:0.011022573118383179, Acc:99.79, LR:1.1827948028283522e-06
Epoch:496, Loss:0.010630439182895482, Acc:99.802, LR:6.657053095380007e-07
Epoch:497, Loss:0.010725431467349432, Acc:99.818, LR:2.959907357592829e-07
Epoch:498, Loss:0.010221740995932902, Acc:99.834, LR:7.401594514027667e-08
Epoch:499, Loss:0.010288283556737766, Acc:99.808, LR:0.0
Validation: Loss:2.843835699558258, Acc:45.95
Epoch:500, Loss:0.010030607317517303, Acc:99.836, LR:7.401594514025999e-08
Epoch:501, Loss:0.010507417514882222, Acc:99.804, LR:2.959907357592661e-07
Epoch:502, Loss:0.01104741635713346, Acc:99.788, LR:6.657053095379839e-07
Epoch:503, Loss:0.01029578873849645, Acc:99.834, LR:1.1827948028283352e-06
Epoch:504, Loss:0.01006410448640889, Acc:99.838, LR:1.846748910729301e-06
Validation: Loss:2.840223526954651, Acc:45.94
Epoch:505, Loss:0.010471002322298532, Acc:99.818, LR:2.6569123906967085e-06
Epoch:506, Loss:0.01078066241699366, Acc:99.786, LR:3.612485709187835e-06
Epoch:507, Loss:0.010649002523028426, Acc:99.804, LR:4.712525830705323e-06
Epoch:508, Loss:0.009455031021593176, Acc:99.84, LR:5.955947148458442e-06
Epoch:509, Loss:0.010855859734726196, Acc:99.81, LR:7.341522555727022e-06
Validation: Loss:2.8370294690132143, Acc:45.97
Epoch:510, Loss:0.011107003202243728, Acc:99.792, LR:8.867884656866134e-06
Epoch:511, Loss:0.010326555288605849, Acc:99.818, LR:1.0533527116762335e-05
Epoch:512, Loss:0.01042891475752148, Acc:99.816, LR:1.2336806147402767e-05
Epoch:513, Loss:0.010892368548986862, Acc:99.804, LR:1.4275942130097101e-05
Epoch:514, Loss:0.012068904855535651, Acc:99.764, LR:1.6349021371744722e-05
Validation: Loss:2.8347997426986695, Acc:45.91
Epoch:515, Loss:0.011769968935535575, Acc:99.772, LR:1.8553997993420472e-05
Epoch:516, Loss:0.01214553908996132, Acc:99.79, LR:2.0888695949408597e-05
Epoch:517, Loss:0.01264165893045007, Acc:99.762, LR:2.3350811174697737e-05
Epoch:518, Loss:0.012870298736557668, Acc:99.768, LR:2.593791385881586e-05
Epoch:519, Loss:0.013628523991614277, Acc:99.768, LR:2.8647450843757853e-05
Validation: Loss:2.8349128007888793, Acc:45.72
Epoch:520, Loss:0.015149848516650346, Acc:99.664, LR:3.147674814364656e-05
Epoch:521, Loss:0.01648732575549915, Acc:99.664, LR:3.442301358363153e-05
Epoch:522, Loss:0.01641978208944962, Acc:99.702, LR:3.748333955543115e-05
Epoch:523, Loss:0.018419059064733435, Acc:99.624, LR:4.065470588678816e-05
Epoch:524, Loss:0.022040774855686694, Acc:99.538, LR:4.393398282201792e-05
Validation: Loss:2.8711505651474, Acc:45.25
Epoch:525, Loss:0.022264514745650242, Acc:99.498, LR:4.731793411069693e-05
Epoch:526, Loss:0.025000452947783833, Acc:99.462, LR:5.0803220201452234e-05
Epoch:527, Loss:0.02783419459830133, Acc:99.386, LR:5.4386401537696746e-05
Epoch:528, Loss:0.031070275422261685, Acc:99.284, LR:5.80639419520535e-05
Epoch:529, Loss:0.03029258448478519, Acc:99.348, LR:6.18322121561292e-05
Validation: Loss:2.941443657875061, Acc:45.13
Epoch:530, Loss:0.03354641778052461, Acc:99.238, LR:6.568749332218036e-05
Epoch:531, Loss:0.03904520096827527, Acc:99.018, LR:6.962598075315065e-05
Epoch:532, Loss:0.04390562342821944, Acc:98.86, LR:7.36437876374442e-05
Epoch:533, Loss:0.048265859180567215, Acc:98.768, LR:7.77369488847428e-05
Epoch:534, Loss:0.053260049782693386, Acc:98.596, LR:8.19014250390683e-05
Validation: Loss:3.0302035212516785, Acc:44.17
Epoch:535, Loss:0.05421559685575111, Acc:98.584, LR:8.613310626523915e-05
Epoch:536, Loss:0.055729953933279126, Acc:98.584, LR:9.042781640478317e-05
Epoch:537, Loss:0.0638865976385316, Acc:98.286, LR:9.47813170972983e-05
Epoch:538, Loss:0.06942845356403565, Acc:98.084, LR:9.918931196320652e-05
Epoch:539, Loss:0.0754035608652903, Acc:98.014, LR:0.00010364745084375783
Validation: Loss:3.1102083683013917, Acc:43.74
Epoch:540, Loss:0.07717255731018222, Acc:97.864, LR:0.0001081513340941158
Epoch:541, Loss:0.08408989145287446, Acc:97.646, LR:0.00011269651692527169
Epoch:542, Loss:0.0824051286493029, Acc:97.746, LR:0.00011727851379051875
Epoch:543, Loss:0.08999094712947096, Acc:97.51, LR:0.0001218928028121417
Epoch:544, Loss:0.09210243460019024, Acc:97.394, LR:0.0001265348302439655
Validation: Loss:3.112797462940216, Acc:44.04
Epoch:545, Loss:0.10146995865720876, Acc:97.102, LR:0.0001312000149653547
Epoch:546, Loss:0.10678608563481545, Acc:96.968, LR:0.00013588375300222294
Epoch:547, Loss:0.10665244396243777, Acc:96.93, LR:0.00014058142207060332
Epoch:548, Loss:0.1151538286358118, Acc:96.66, LR:0.00014528838613828078
Epoch:549, Loss:0.12058101681878372, Acc:96.452, LR:0.00015000000000000026
Validation: Loss:3.2407925844192507, Acc:42.82
Epoch:550, Loss:0.11899209965248497, Acc:96.686, LR:0.00015471161386171922
Epoch:551, Loss:0.12886836630653362, Acc:96.268, LR:0.00015941857792939725
Epoch:552, Loss:0.13625225181482276, Acc:96.132, LR:0.00016411624699777712
Epoch:553, Loss:0.14083638308303698, Acc:95.95, LR:0.00016879998503464583
Epoch:554, Loss:0.14860852678515474, Acc:95.732, LR:0.00017346516975603508
Validation: Loss:3.209589123725891, Acc:43.0
Epoch:555, Loss:0.14644793253772112, Acc:95.752, LR:0.00017810719718785884
Epoch:556, Loss:0.15421397695127798, Acc:95.63, LR:0.00018272148620948175
Epoch:557, Loss:0.1480196814756004, Acc:95.742, LR:0.00018730348307472832
Epoch:558, Loss:0.1516496737544634, Acc:95.568, LR:0.00019184866590588474
Epoch:559, Loss:0.1625332667359284, Acc:95.292, LR:0.0001963525491562422
Validation: Loss:3.212041139602661, Acc:43.32
Epoch:560, Loss:0.17067105999710608, Acc:95.036, LR:0.000200810688036794
Epoch:561, Loss:0.17456175949500533, Acc:94.972, LR:0.00020521868290270174
Epoch:562, Loss:0.17719040027990632, Acc:94.884, LR:0.00020957218359521734
Epoch:563, Loss:0.18078567216895064, Acc:94.72, LR:0.0002138668937347609
Epoch:564, Loss:0.18028718552419118, Acc:94.67, LR:0.00021809857496093223
Validation: Loss:3.2190652966499327, Acc:42.8
Epoch:565, Loss:0.18356632730182337, Acc:94.652, LR:0.0002222630511152577
Epoch:566, Loss:0.19984190941465144, Acc:94.136, LR:0.0002263562123625559
Epoch:567, Loss:0.20367102727902178, Acc:94.048, LR:0.00023037401924684992
Epoch:568, Loss:0.1976761396746246, Acc:94.172, LR:0.00023431250667781974
Epoch:569, Loss:0.19714299315700726, Acc:94.202, LR:0.00023816778784387134
Validation: Loss:3.1591998100280763, Acc:43.43
Epoch:570, Loss:0.19953968938516112, Acc:94.144, LR:0.00024193605804794663
Epoch:571, Loss:0.1919925960198957, Acc:94.36, LR:0.00024561359846230385
Epoch:572, Loss:0.20055665197421094, Acc:94.132, LR:0.0002491967797985479
Epoch:573, Loss:0.1974397254537563, Acc:94.24, LR:0.0002526820658893037
Epoch:574, Loss:0.21374506108006652, Acc:93.738, LR:0.0002560660171779823
Validation: Loss:3.274231803417206, Acc:41.81
Epoch:575, Loss:0.21139651932278458, Acc:93.816, LR:0.0002593452941132121
Epoch:576, Loss:0.20728581596393975, Acc:93.982, LR:0.00026251666044456944
Epoch:577, Loss:0.21309194736638848, Acc:93.862, LR:0.00026557698641636873
Epoch:578, Loss:0.228051237914027, Acc:93.36, LR:0.000268523251856354
Epoch:579, Loss:0.2227514954854031, Acc:93.47, LR:0.0002713525491562424
Validation: Loss:3.222731518745422, Acc:42.77
Epoch:580, Loss:0.2360126321413079, Acc:93.11, LR:0.00027406208614118467
Epoch:581, Loss:0.22644985102269113, Acc:93.388, LR:0.00027664918882530247
Epoch:582, Loss:0.22088196082990996, Acc:93.428, LR:0.00027911130405059185
Epoch:583, Loss:0.22785810335558287, Acc:93.366, LR:0.0002814460020065797
Epoch:584, Loss:0.2347715320635815, Acc:93.17, LR:0.00028365097862825546
Validation: Loss:3.2292327165603636, Acc:42.2
Epoch:585, Loss:0.22917319666974398, Acc:93.22, LR:0.0002857240578699031
Epoch:586, Loss:0.21623813284903157, Acc:93.674, LR:0.00028766319385259745
Epoch:587, Loss:0.21705788966952538, Acc:93.59, LR:0.0002894664728832381
Epoch:588, Loss:0.21399610291938392, Acc:93.782, LR:0.0002911321153431341
Epoch:589, Loss:0.23305945493737046, Acc:93.146, LR:0.0002926584774442734
Validation: Loss:3.2780948758125303, Acc:41.63
Epoch:590, Loss:0.2373106621053754, Acc:93.018, LR:0.00029404405285154175
Epoch:591, Loss:0.21611288402761733, Acc:93.656, LR:0.000295287474169295
Epoch:592, Loss:0.21356281516503314, Acc:93.85, LR:0.00029638751429081236
Epoch:593, Loss:0.223937171150227, Acc:93.498, LR:0.00029734308760930364
Epoch:594, Loss:0.22665387985049462, Acc:93.392, LR:0.0002981532510892709
Validation: Loss:3.2125861763954164, Acc:42.45
Epoch:595, Loss:0.2210216324548332, Acc:93.65, LR:0.000298817205197172
Epoch:596, Loss:0.20814569568147465, Acc:93.912, LR:0.0002993342946904623
Epoch:597, Loss:0.20108251167195185, Acc:94.108, LR:0.00029970400926424104
Epoch:598, Loss:0.21389206757350843, Acc:93.794, LR:0.00029992598405486004
Epoch:599, Loss:0.22148786804505757, Acc:93.566, LR:0.0003000000000000003
Validation: Loss:3.2565997004508973, Acc:42.08
Epoch:600, Loss:0.23176255016302577, Acc:93.188, LR:0.00029992598405486
Epoch:601, Loss:0.21371727147880865, Acc:93.738, LR:0.00029970400926424104
Epoch:602, Loss:0.22090574338728067, Acc:93.604, LR:0.0002993342946904623
Epoch:603, Loss:0.19473285653761455, Acc:94.396, LR:0.000298817205197172
Epoch:604, Loss:0.2021549646647609, Acc:94.016, LR:0.00029815325108927096
Validation: Loss:3.2182862639427183, Acc:42.44
Epoch:605, Loss:0.21638862879908816, Acc:93.694, LR:0.00029734308760930364
Epoch:606, Loss:0.21617060686860765, Acc:93.708, LR:0.0002963875142908124
Epoch:607, Loss:0.18887721595107293, Acc:94.536, LR:0.000295287474169295
Epoch:608, Loss:0.18549143005998767, Acc:94.688, LR:0.0002940440528515418
Epoch:609, Loss:0.1879283472591517, Acc:94.532, LR:0.0002926584774442733
Validation: Loss:3.157184135913849, Acc:43.3
Epoch:610, Loss:0.1897859764950616, Acc:94.476, LR:0.0002911321153431342
Epoch:611, Loss:0.18403855133421568, Acc:94.702, LR:0.000289466472883238
Epoch:612, Loss:0.19330162296489795, Acc:94.44, LR:0.00028766319385259756
Epoch:613, Loss:0.18735564819404057, Acc:94.532, LR:0.0002857240578699032
Epoch:614, Loss:0.17562186527921228, Acc:94.816, LR:0.0002836509786282556
Validation: Loss:3.2069518208503722, Acc:42.99
Epoch:615, Loss:0.17791535963817517, Acc:94.886, LR:0.00028144600200657983
Epoch:616, Loss:0.1746689625540558, Acc:94.872, LR:0.00027911130405059196
Epoch:617, Loss:0.1647038105495122, Acc:95.216, LR:0.0002766491888253026
Epoch:618, Loss:0.16527688822575978, Acc:95.228, LR:0.00027406208614118446
Epoch:619, Loss:0.15984941889740983, Acc:95.408, LR:0.00027135254915624244
Validation: Loss:3.161333966255188, Acc:43.11
Epoch:620, Loss:0.16706442452815115, Acc:95.146, LR:0.0002685232518563537
Epoch:621, Loss:0.1645183225675505, Acc:95.056, LR:0.00026557698641636873
Epoch:622, Loss:0.15337878146341868, Acc:95.46, LR:0.0002625166604445691
Epoch:623, Loss:0.14716129141802692, Acc:95.718, LR:0.00025934529411321216
Epoch:624, Loss:0.14588755087888972, Acc:95.856, LR:0.00025606601717798234
Validation: Loss:3.171528172492981, Acc:42.8
Epoch:625, Loss:0.1397954740238433, Acc:95.972, LR:0.00025268206588930373
Epoch:626, Loss:0.13924150389372086, Acc:95.888, LR:0.00024919677979854803
Epoch:627, Loss:0.12466354903822043, Acc:96.424, LR:0.00024561359846230396
Epoch:628, Loss:0.12196760373760243, Acc:96.504, LR:0.0002419360580479468
Epoch:629, Loss:0.12672945454108472, Acc:96.284, LR:0.0002381677878438711
Validation: Loss:3.1709086894989014, Acc:43.05
Epoch:630, Loss:0.12271162563440752, Acc:96.44, LR:0.00023431250667781993
Epoch:631, Loss:0.12411404431474451, Acc:96.346, LR:0.00023037401924684965
Epoch:632, Loss:0.12318628532241802, Acc:96.446, LR:0.0002263562123625561
Epoch:633, Loss:0.11335839186700022, Acc:96.718, LR:0.00022226305111525748
Epoch:634, Loss:0.11540471405094983, Acc:96.744, LR:0.00021809857496093247
Validation: Loss:3.2063820481300356, Acc:42.93
Epoch:635, Loss:0.10467534785976215, Acc:96.964, LR:0.00021386689373476114
Epoch:636, Loss:0.10383532713262403, Acc:97.054, LR:0.0002095721835952176
Epoch:637, Loss:0.09827868309708274, Acc:97.238, LR:0.00020521868290270198
Epoch:638, Loss:0.08812413075748755, Acc:97.502, LR:0.00020081068803679426
Epoch:639, Loss:0.08728393577799505, Acc:97.512, LR:0.00019635254915624243
Validation: Loss:3.1599446177482604, Acc:43.35
Epoch:640, Loss:0.08539795955376965, Acc:97.592, LR:0.00019184866590588447
Epoch:641, Loss:0.07881497565124716, Acc:97.718, LR:0.0001873034830747286
Epoch:642, Loss:0.08109269842353402, Acc:97.624, LR:0.0001827214862094815
Epoch:643, Loss:0.07745097246857321, Acc:97.804, LR:0.0001781071971878591
Epoch:644, Loss:0.07868309368436434, Acc:97.728, LR:0.00017346516975603478
Validation: Loss:3.155025863647461, Acc:43.64
Epoch:645, Loss:0.07084968940792036, Acc:98.036, LR:0.00016879998503464608
Epoch:646, Loss:0.06787452489441755, Acc:98.06, LR:0.00016411624699777736
Epoch:647, Loss:0.0637256279207614, Acc:98.152, LR:0.00015941857792939752
Epoch:648, Loss:0.06056984052138061, Acc:98.352, LR:0.0001547116138617195
Epoch:649, Loss:0.060880827793509375, Acc:98.264, LR:0.00015000000000000056
Validation: Loss:3.099719834327698, Acc:43.81
Epoch:650, Loss:0.057523904425301114, Acc:98.422, LR:0.00014528838613828105
Epoch:651, Loss:0.05711985217901517, Acc:98.492, LR:0.00014058142207060357
Epoch:652, Loss:0.05047831197782439, Acc:98.662, LR:0.00013588375300222264
Epoch:653, Loss:0.04686999117613447, Acc:98.734, LR:0.00013120001496535444
Epoch:654, Loss:0.043810548659946234, Acc:98.824, LR:0.00012653483024396573
Validation: Loss:3.049641454219818, Acc:44.69
Epoch:655, Loss:0.041377437871177584, Acc:98.902, LR:0.00012189280281214194
Epoch:656, Loss:0.03661203724617253, Acc:99.04, LR:0.00011727851379051848
Epoch:657, Loss:0.03237196557908034, Acc:99.168, LR:0.00011269651692527192
Epoch:658, Loss:0.03274455112500154, Acc:99.188, LR:0.00010815133409411604
Epoch:659, Loss:0.034795462381930986, Acc:99.07, LR:0.00010364745084375859
Validation: Loss:3.015353286266327, Acc:44.9
Epoch:660, Loss:0.03061135081878426, Acc:99.238, LR:9.918931196320625e-05
Epoch:661, Loss:0.029072214212572695, Acc:99.27, LR:9.478131709729855e-05
Epoch:662, Loss:0.028891691586420853, Acc:99.312, LR:9.04278164047834e-05
Epoch:663, Loss:0.026737880598449587, Acc:99.346, LR:8.613310626523889e-05
Epoch:664, Loss:0.02427994572006318, Acc:99.392, LR:8.190142503906803e-05
Validation: Loss:2.974713695049286, Acc:44.93
Epoch:665, Loss:0.023593024531265303, Acc:99.426, LR:7.773694888474301e-05
Epoch:666, Loss:0.022546320260331338, Acc:99.46, LR:7.364378763744486e-05
Epoch:667, Loss:0.019899427586672257, Acc:99.54, LR:6.962598075315039e-05
Epoch:668, Loss:0.01917780254853471, Acc:99.568, LR:6.568749332218055e-05
Epoch:669, Loss:0.018862844634877175, Acc:99.592, LR:6.183221215612939e-05
Validation: Loss:2.914405012130737, Acc:45.13
Epoch:670, Loss:0.017550413316229776, Acc:99.614, LR:5.80639419520541e-05
Epoch:671, Loss:0.017224007466693923, Acc:99.636, LR:5.438640153769651e-05
Epoch:672, Loss:0.015008490342570811, Acc:99.698, LR:5.080322020145241e-05
Epoch:673, Loss:0.0158302174044811, Acc:99.654, LR:4.731793411069709e-05
Epoch:674, Loss:0.014500025175131706, Acc:99.74, LR:4.3933982822017714e-05
Validation: Loss:2.8576374530792235, Acc:45.46
Epoch:675, Loss:0.013356991744201099, Acc:99.75, LR:4.065470588678831e-05
Epoch:676, Loss:0.013814956253888656, Acc:99.736, LR:3.7483339555431305e-05
Epoch:677, Loss:0.014167174250267598, Acc:99.69, LR:3.442301358363202e-05
Epoch:678, Loss:0.012567933948178376, Acc:99.748, LR:3.147674814364636e-05
Epoch:679, Loss:0.011019661053254897, Acc:99.782, LR:2.8647450843757985e-05
Validation: Loss:2.8234683871269226, Acc:45.73
Epoch:680, Loss:0.01173284236930919, Acc:99.776, LR:2.5937913858815975e-05
Epoch:681, Loss:0.01127193219085433, Acc:99.798, LR:2.3350811174698137e-05
Epoch:682, Loss:0.010776331805034864, Acc:99.806, LR:2.0888695949408434e-05
Epoch:683, Loss:0.00977884644015255, Acc:99.832, LR:1.855399799342059e-05
Epoch:684, Loss:0.009948006066094552, Acc:99.82, LR:1.6349021371745074e-05
Validation: Loss:2.802825629711151, Acc:45.66
Epoch:685, Loss:0.010310778301684377, Acc:99.804, LR:1.4275942130096973e-05
Epoch:686, Loss:0.009384133278069143, Acc:99.86, LR:1.2336806147402854e-05
Epoch:687, Loss:0.008747471586744092, Acc:99.864, LR:1.0533527116762422e-05
Epoch:688, Loss:0.009336142140269583, Acc:99.838, LR:8.867884656866405e-06
Epoch:689, Loss:0.008707054448789176, Acc:99.846, LR:7.341522555726927e-06
Validation: Loss:2.7798669815063475, Acc:45.76
Epoch:690, Loss:0.008785003359068413, Acc:99.848, LR:5.955947148458595e-06
Epoch:691, Loss:0.008478254885222686, Acc:99.862, LR:4.712525830705442e-06
Epoch:692, Loss:0.008493935166649064, Acc:99.864, LR:3.6124857091879374e-06
Epoch:693, Loss:0.008779694490153723, Acc:99.882, LR:2.656912390696694e-06
Epoch:694, Loss:0.008688722794153253, Acc:99.88, LR:1.846748910729386e-06
Validation: Loss:2.7715352296829225, Acc:45.67
Epoch:695, Loss:0.008348934578101094, Acc:99.868, LR:1.182794802828403e-06
Epoch:696, Loss:0.008405600182655059, Acc:99.862, LR:6.657053095379845e-07
Epoch:697, Loss:0.008382200733853542, Acc:99.856, LR:2.959907357592664e-07
Epoch:698, Loss:0.00809165305809631, Acc:99.858, LR:7.401594514027672e-08
Epoch:699, Loss:0.008164560332020022, Acc:99.87, LR:0.0
Validation: Loss:2.76571786403656, Acc:45.86
Epoch:700, Loss:0.007914245736842252, Acc:99.894, LR:7.401594514025999e-08
Epoch:701, Loss:0.008540783806856037, Acc:99.874, LR:2.959907357591829e-07
Epoch:702, Loss:0.009126048675282118, Acc:99.852, LR:6.657053095378007e-07
Epoch:703, Loss:0.00831515426101277, Acc:99.888, LR:1.1827948028280358e-06
Epoch:704, Loss:0.00847964405500311, Acc:99.874, LR:1.8467489107289189e-06
Validation: Loss:2.768300640583038, Acc:45.76
Epoch:705, Loss:0.008329534456513974, Acc:99.858, LR:2.656912390696044e-06
Epoch:706, Loss:0.008079027379292766, Acc:99.878, LR:3.612485709186955e-06
Epoch:707, Loss:0.008688630094295558, Acc:99.856, LR:4.7125258307043105e-06
Epoch:708, Loss:0.0082879056488829, Acc:99.876, LR:5.955947148457165e-06
Epoch:709, Loss:0.008277771490797097, Acc:99.888, LR:7.3415225557251836e-06
Validation: Loss:2.7643571496009827, Acc:45.67
Epoch:710, Loss:0.009126825317531367, Acc:99.844, LR:8.867884656864135e-06
Epoch:711, Loss:0.008017349446534502, Acc:99.884, LR:1.0533527116759942e-05
Epoch:712, Loss:0.008586673833410807, Acc:99.86, LR:1.2336806147399967e-05
Epoch:713, Loss:0.008571847510638133, Acc:99.868, LR:1.4275942130093647e-05
Epoch:714, Loss:0.008481160333684208, Acc:99.862, LR:1.6349021371741266e-05
Validation: Loss:2.759466588497162, Acc:45.87
Epoch:715, Loss:0.008414389489560711, Acc:99.86, LR:1.8553997993416267e-05
Epoch:716, Loss:0.009101616997956013, Acc:99.84, LR:2.0888695949403582e-05
Epoch:717, Loss:0.010021834548714817, Acc:99.852, LR:2.335081117469215e-05
Epoch:718, Loss:0.010713884065269816, Acc:99.832, LR:2.5937913858809968e-05
Epoch:719, Loss:0.010636058118080303, Acc:99.83, LR:2.864745084375136e-05
Validation: Loss:2.751626694202423, Acc:46.09
Epoch:720, Loss:0.010990187055336274, Acc:99.818, LR:3.1476748143639096e-05
Epoch:721, Loss:0.013668037338030278, Acc:99.746, LR:3.442301358362374e-05
Epoch:722, Loss:0.013209278049061492, Acc:99.762, LR:3.7483339555422666e-05
Epoch:723, Loss:0.014955066895226434, Acc:99.732, LR:4.065470588677894e-05
Epoch:724, Loss:0.015078062913855729, Acc:99.722, LR:4.3933982822007597e-05
Validation: Loss:2.7890263319015505, Acc:45.52
Epoch:725, Loss:0.016899172264170283, Acc:99.662, LR:4.731793411068621e-05
Epoch:726, Loss:0.019606314532990967, Acc:99.594, LR:5.080322020144073e-05
Epoch:727, Loss:0.023166674740460455, Acc:99.552, LR:5.438640153768402e-05
Epoch:728, Loss:0.026675389461903547, Acc:99.424, LR:5.8063941952040364e-05
Epoch:729, Loss:0.02891773275308767, Acc:99.324, LR:6.18322121561152e-05
Validation: Loss:2.9119285583496093, Acc:44.72
Epoch:730, Loss:0.03262378923518925, Acc:99.228, LR:6.568749332216548e-05
Epoch:731, Loss:0.03533006241849186, Acc:99.114, LR:6.962598075313442e-05
Epoch:732, Loss:0.03725763868388473, Acc:99.102, LR:7.364378763742751e-05
Epoch:733, Loss:0.04140238490487848, Acc:98.996, LR:7.77369488847252e-05
Epoch:734, Loss:0.04205678051755744, Acc:98.944, LR:8.190142503904929e-05
Validation: Loss:2.9648133397102354, Acc:44.52
Epoch:735, Loss:0.046590118668973446, Acc:98.774, LR:8.613310626521917e-05
Epoch:736, Loss:0.05189323833934507, Acc:98.652, LR:9.042781640476268e-05
Epoch:737, Loss:0.051516120740193495, Acc:98.62, LR:9.478131709727682e-05
Epoch:738, Loss:0.05535369212454071, Acc:98.528, LR:9.918931196318353e-05
Epoch:739, Loss:0.05994843231628136, Acc:98.398, LR:0.00010364745084373434
Validation: Loss:3.080815553665161, Acc:43.57
Epoch:740, Loss:0.06839863115883603, Acc:98.15, LR:0.00010815133409409127
Epoch:741, Loss:0.0780062444356023, Acc:97.832, LR:0.00011269651692524613
Epoch:742, Loss:0.0802982465497085, Acc:97.786, LR:0.00011727851379049164
Epoch:743, Loss:0.07250479694303809, Acc:97.988, LR:0.00012189280281211353
Epoch:744, Loss:0.08232043196960372, Acc:97.674, LR:0.00012653483024393676
Validation: Loss:3.12502806186676, Acc:43.19
Epoch:745, Loss:0.08419647178023446, Acc:97.642, LR:0.0001312000149653244
Epoch:746, Loss:0.08899486562883367, Acc:97.476, LR:0.0001358837530021921
Epoch:747, Loss:0.09326334818437391, Acc:97.382, LR:0.0001405814220705714
Epoch:748, Loss:0.10352818922576856, Acc:97.038, LR:0.0001452883861382478
Epoch:749, Loss:0.10499149568530979, Acc:97.054, LR:0.00014999999999996567
Validation: Loss:3.1610629200935363, Acc:43.19
Epoch:750, Loss:0.10852178064536075, Acc:96.974, LR:0.00015471161386168406
Epoch:751, Loss:0.10400317164556104, Acc:97.054, LR:0.000159418577929361
Epoch:752, Loss:0.10739973495353242, Acc:96.9, LR:0.0001641162469977398
Epoch:753, Loss:0.10376880093648726, Acc:97.048, LR:0.00016879998503460696
Epoch:754, Loss:0.11588266066142491, Acc:96.634, LR:0.00017346516975599513
Validation: Loss:3.246026086807251, Acc:42.86
Epoch:755, Loss:0.12668548068221736, Acc:96.452, LR:0.0001781071971878184
Epoch:756, Loss:0.13753966873093526, Acc:96.1, LR:0.0001827214862094398
Epoch:757, Loss:0.13749160404716218, Acc:96.084, LR:0.0001873034830746858
Epoch:758, Loss:0.1474755866339012, Acc:95.74, LR:0.00019184866590584118
Epoch:759, Loss:0.15219745731779508, Acc:95.61, LR:0.00019635254915619763
Validation: Loss:3.25027859210968, Acc:42.14
Epoch:760, Loss:0.14693785306750512, Acc:95.856, LR:0.00020081068803674793
Epoch:761, Loss:0.14559393953912111, Acc:95.9, LR:0.00020521868290265515
Epoch:762, Loss:0.1526288339221964, Acc:95.662, LR:0.00020957218359516977
Epoch:763, Loss:0.1508692479407301, Acc:95.606, LR:0.00021386689373471235
Epoch:764, Loss:0.16178625441935598, Acc:95.352, LR:0.00021809857496088274
Validation: Loss:3.191294264793396, Acc:42.8
Epoch:765, Loss:0.15714582268680846, Acc:95.52, LR:0.00022226305111520682
Epoch:766, Loss:0.15678553997862096, Acc:95.496, LR:0.0002263562123625045
Epoch:767, Loss:0.1621825621292299, Acc:95.35, LR:0.00023037401924679718
Epoch:768, Loss:0.16385930411669672, Acc:95.21, LR:0.00023431250667776656
Epoch:769, Loss:0.1782926595484724, Acc:94.906, LR:0.0002381677878438173
Validation: Loss:3.2093379855155946, Acc:42.97
Epoch:770, Loss:0.17633242768292523, Acc:94.88, LR:0.0002419360580478917
Epoch:771, Loss:0.18095249431777974, Acc:94.8, LR:0.0002456135984622476
Epoch:772, Loss:0.19442281993676205, Acc:94.416, LR:0.00024919677979849127
Epoch:773, Loss:0.18594085356714773, Acc:94.644, LR:0.0002526820658892462
Epoch:774, Loss:0.18229175244971196, Acc:94.768, LR:0.00025606601717792407
Validation: Loss:3.2301498532295225, Acc:41.84
Epoch:775, Loss:0.17839958792438312, Acc:94.83, LR:0.0002593452941131531
Epoch:776, Loss:0.1957390247559061, Acc:94.422, LR:0.00026251666044450943
Epoch:777, Loss:0.19662007621052313, Acc:94.35, LR:0.00026557698641630834
Epoch:778, Loss:0.19622424290496476, Acc:94.466, LR:0.00026852325185629266
Epoch:779, Loss:0.19293407913373442, Acc:94.496, LR:0.00027135254915618075
Validation: Loss:3.207272672653198, Acc:42.02
Epoch:780, Loss:0.19773881281821096, Acc:94.326, LR:0.0002740620861411224
Epoch:781, Loss:0.19054605234034208, Acc:94.56, LR:0.00027664918882523964
Epoch:782, Loss:0.19550162842687296, Acc:94.398, LR:0.0002791113040505285
Epoch:783, Loss:0.1953503833133347, Acc:94.456, LR:0.0002814460020065158
Epoch:784, Loss:0.19845463913314196, Acc:94.198, LR:0.00028365097862819105
Validation: Loss:3.1945446729660034, Acc:42.35
Epoch:785, Loss:0.18768753065746657, Acc:94.554, LR:0.0002857240578698382
Epoch:786, Loss:0.19893943518400192, Acc:94.312, LR:0.00028766319385253213
Epoch:787, Loss:0.19411826285780692, Acc:94.39, LR:0.0002894664728831722
Epoch:788, Loss:0.20132670756809565, Acc:94.21, LR:0.000291132115343068
Epoch:789, Loss:0.1883470819768857, Acc:94.512, LR:0.0002926584774442068
Validation: Loss:3.215771222114563, Acc:42.24
Epoch:790, Loss:0.1961609680129557, Acc:94.288, LR:0.000294044052851475
Epoch:791, Loss:0.18854524179988977, Acc:94.478, LR:0.000295287474169228
Epoch:792, Loss:0.19094481319189072, Acc:94.456, LR:0.00029638751429074514
Epoch:793, Loss:0.18938308984649424, Acc:94.574, LR:0.0002973430876092362
Epoch:794, Loss:0.18973128543216355, Acc:94.598, LR:0.0002981532510892033
Validation: Loss:3.233850884437561, Acc:42.44
Epoch:795, Loss:0.2035166751973483, Acc:94.222, LR:0.0002988172051971042
Epoch:796, Loss:0.18421372968931587, Acc:94.73, LR:0.0002993342946903944
Epoch:797, Loss:0.195381865969726, Acc:94.286, LR:0.00029970400926417306
Epoch:798, Loss:0.18162372381407388, Acc:94.79, LR:0.000299925984054792
Epoch:799, Loss:0.18937647297066085, Acc:94.484, LR:0.00029999999999993227
Validation: Loss:3.271157908439636, Acc:41.99
Epoch:800, Loss:0.20677415463997392, Acc:93.962, LR:0.000299925984054792
Epoch:801, Loss:0.19582308327056924, Acc:94.39, LR:0.0002997040092641731
Epoch:802, Loss:0.18783811890349097, Acc:94.59, LR:0.00029933429469039443
Epoch:803, Loss:0.18632805963255922, Acc:94.584, LR:0.00029881720519710426
Epoch:804, Loss:0.18768623942623333, Acc:94.644, LR:0.00029815325108920336
Validation: Loss:3.202973759174347, Acc:42.85
Epoch:805, Loss:0.1776433489760574, Acc:94.91, LR:0.0002973430876092362
Epoch:806, Loss:0.18008151445157675, Acc:94.794, LR:0.0002963875142907452
Epoch:807, Loss:0.17238706388339706, Acc:95.062, LR:0.00029528747416922806
Epoch:808, Loss:0.1691965510194399, Acc:95.098, LR:0.0002940440528514751
Epoch:809, Loss:0.16589034090236743, Acc:95.198, LR:0.0002926584774442071
Validation: Loss:3.1876928091049193, Acc:43.0
Epoch:810, Loss:0.1556710390260025, Acc:95.5, LR:0.0002911321153430682
Epoch:811, Loss:0.15468060727022132, Acc:95.478, LR:0.0002894664728831724
Epoch:812, Loss:0.1654260232284361, Acc:95.198, LR:0.00028766319385253235
Epoch:813, Loss:0.16431050154627586, Acc:95.21, LR:0.0002857240578698385
Epoch:814, Loss:0.1558480193572385, Acc:95.452, LR:0.0002836509786281913
Validation: Loss:3.1816033244132997, Acc:43.05
Epoch:815, Loss:0.15486849046179227, Acc:95.5, LR:0.0002814460020065161
Epoch:816, Loss:0.15613477570669992, Acc:95.422, LR:0.00027911130405052875
Epoch:817, Loss:0.15330666189595143, Acc:95.556, LR:0.00027664918882523985
Epoch:818, Loss:0.14439491699544751, Acc:95.734, LR:0.00027406208614112233
Epoch:819, Loss:0.13791484309702504, Acc:96.06, LR:0.00027135254915618096
Validation: Loss:3.2063372850418093, Acc:43.17
Epoch:820, Loss:0.13199580475992087, Acc:96.166, LR:0.00026852325185629326
Epoch:821, Loss:0.13906347074983072, Acc:95.958, LR:0.0002655769864163086
Epoch:822, Loss:0.1385289779579153, Acc:96.07, LR:0.0002625166604445097
Epoch:823, Loss:0.13838425582768965, Acc:96.016, LR:0.00025934529411315345
Epoch:824, Loss:0.13196172694466551, Acc:96.212, LR:0.0002560660171779244
Validation: Loss:3.187944030761719, Acc:42.65
Epoch:825, Loss:0.11762524274538974, Acc:96.582, LR:0.00025268206588924654
Epoch:826, Loss:0.11862965855671435, Acc:96.518, LR:0.00024919677979849165
Epoch:827, Loss:0.11448408990186087, Acc:96.626, LR:0.00024561359846224834
Epoch:828, Loss:0.11761817579366723, Acc:96.626, LR:0.000241936058047892
Epoch:829, Loss:0.1096720600082558, Acc:96.822, LR:0.0002381677878438172
Validation: Loss:3.2308110117912294, Acc:43.03
Epoch:830, Loss:0.11221373031790159, Acc:96.78, LR:0.00023431250667776694
Epoch:831, Loss:0.10628641069847711, Acc:96.982, LR:0.0002303740192467975
Epoch:832, Loss:0.10382906754254079, Acc:96.95, LR:0.00022635621236250485
Epoch:833, Loss:0.09794870456110458, Acc:97.18, LR:0.00022226305111520714
Epoch:834, Loss:0.09383227482286034, Acc:97.364, LR:0.0002180985749608831
Validation: Loss:3.179717183113098, Acc:43.41
Epoch:835, Loss:0.08934784114208756, Acc:97.422, LR:0.0002138668937347127
Epoch:836, Loss:0.08512223375086882, Acc:97.54, LR:0.00020957218359516966
Epoch:837, Loss:0.09007272569044512, Acc:97.454, LR:0.00020521868290265553
Epoch:838, Loss:0.08370113498246183, Acc:97.612, LR:0.0002008106880367488
Epoch:839, Loss:0.08170732346420385, Acc:97.724, LR:0.00019635254915619798
Validation: Loss:3.1791557908058166, Acc:43.29
Epoch:840, Loss:0.07504816642221139, Acc:97.872, LR:0.00019184866590584104
Epoch:841, Loss:0.06487557881188635, Acc:98.21, LR:0.0001873034830746862
Epoch:842, Loss:0.06408753603392718, Acc:98.206, LR:0.00018272148620944014
Epoch:843, Loss:0.0631074023870181, Acc:98.196, LR:0.0001781071971878188
Epoch:844, Loss:0.06473485319590082, Acc:98.178, LR:0.00017346516975599554
Validation: Loss:3.1440828680992126, Acc:44.26
Epoch:845, Loss:0.06013808648425097, Acc:98.278, LR:0.00016879998503460788
Epoch:846, Loss:0.05899078326717931, Acc:98.344, LR:0.00016411624699774023
Epoch:847, Loss:0.051606260981334716, Acc:98.572, LR:0.00015941857792936093
Epoch:848, Loss:0.048592795161720444, Acc:98.672, LR:0.0001547116138616845
Epoch:849, Loss:0.048737826300975014, Acc:98.69, LR:0.00014999999999996662
Validation: Loss:3.1074403405189512, Acc:44.07
Epoch:850, Loss:0.04432368375436992, Acc:98.802, LR:0.0001452883861382482
Epoch:851, Loss:0.04464801756322992, Acc:98.804, LR:0.00014058142207057126
Epoch:852, Loss:0.03821949871751119, Acc:99.018, LR:0.00013588375300219245
Epoch:853, Loss:0.041051199080004375, Acc:98.898, LR:0.0001312000149653248
Epoch:854, Loss:0.037558303784807116, Acc:98.98, LR:0.0001265348302439366
Validation: Loss:3.0508847713470457, Acc:44.74
Epoch:855, Loss:0.034924277883707264, Acc:99.086, LR:0.00012189280281211387
Epoch:856, Loss:0.03261670253562684, Acc:99.164, LR:0.0001172785137904925
Epoch:857, Loss:0.03230497992730567, Acc:99.146, LR:0.00011269651692524647
Epoch:858, Loss:0.02758242679303702, Acc:99.32, LR:0.0001081513340940911
Epoch:859, Loss:0.02772904765241, Acc:99.338, LR:0.00010364745084373467
Validation: Loss:3.0039069652557373, Acc:44.98
Epoch:860, Loss:0.02720464658163184, Acc:99.316, LR:9.918931196318436e-05
Epoch:861, Loss:0.025109290401926453, Acc:99.378, LR:9.478131709727713e-05
Epoch:862, Loss:0.02416680333185561, Acc:99.41, LR:9.042781640476249e-05
Epoch:863, Loss:0.021002380376947776, Acc:99.518, LR:8.61331062652199e-05
Epoch:864, Loss:0.0197312567972255, Acc:99.522, LR:8.190142503904952e-05
Validation: Loss:2.952444851398468, Acc:45.3
Epoch:865, Loss:0.020498810302732245, Acc:99.526, LR:7.773694888472497e-05
Epoch:866, Loss:0.019737889462777852, Acc:99.548, LR:7.364378763742775e-05
Epoch:867, Loss:0.017812111115615283, Acc:99.59, LR:6.96259807531351e-05
Epoch:868, Loss:0.01552765050484818, Acc:99.666, LR:6.568749332216568e-05
Epoch:869, Loss:0.014791532376857132, Acc:99.72, LR:6.183221215611498e-05
Validation: Loss:2.9195710182189942, Acc:45.25
Epoch:870, Loss:0.014011935250149394, Acc:99.724, LR:5.806394195204057e-05
Epoch:871, Loss:0.013577654059710247, Acc:99.704, LR:5.4386401537684644e-05
Epoch:872, Loss:0.0134745113627643, Acc:99.732, LR:5.0803220201440525e-05
Epoch:873, Loss:0.012911518413231385, Acc:99.744, LR:4.7317934110686006e-05
Epoch:874, Loss:0.011663225327371334, Acc:99.788, LR:4.393398282200816e-05
Validation: Loss:2.8468924880027773, Acc:45.72
Epoch:875, Loss:0.01096211317261415, Acc:99.796, LR:4.065470588677912e-05
Epoch:876, Loss:0.011831131041506114, Acc:99.776, LR:3.748333955542248e-05
Epoch:877, Loss:0.010496850253786055, Acc:99.84, LR:3.44230135836239e-05
Epoch:878, Loss:0.011450503021478653, Acc:99.81, LR:3.147674814363958e-05
Epoch:879, Loss:0.009757410981977473, Acc:99.834, LR:2.864745084375151e-05
Validation: Loss:2.8034929394721986, Acc:45.52
Epoch:880, Loss:0.010521744976618461, Acc:99.804, LR:2.5937913858809816e-05
Epoch:881, Loss:0.01046900167034901, Acc:99.808, LR:2.335081117469258e-05
Epoch:882, Loss:0.009599269272721544, Acc:99.822, LR:2.0888695949404e-05
Epoch:883, Loss:0.009729375411775343, Acc:99.842, LR:1.8553997993416135e-05
Epoch:884, Loss:0.0085888644181458, Acc:99.88, LR:1.6349021371741137e-05
Validation: Loss:2.779789960384369, Acc:45.65
Epoch:885, Loss:0.008262202267211919, Acc:99.866, LR:1.4275942130093986e-05
Epoch:886, Loss:0.008150440811806796, Acc:99.874, LR:1.2336806147400074e-05
Epoch:887, Loss:0.008002302136595304, Acc:99.892, LR:1.053352711675985e-05
Epoch:888, Loss:0.009292210190918068, Acc:99.824, LR:8.867884656864227e-06
Epoch:889, Loss:0.008024209300151132, Acc:99.872, LR:7.341522555725444e-06
Validation: Loss:2.757663810253143, Acc:45.68
Epoch:890, Loss:0.008378536801557151, Acc:99.854, LR:5.955947148457094e-06
Epoch:891, Loss:0.007523218060520535, Acc:99.898, LR:4.712525830704257e-06
Epoch:892, Loss:0.0076459298309470925, Acc:99.89, LR:3.6124857091871353e-06
Epoch:893, Loss:0.0074190933551943426, Acc:99.894, LR:2.6569123906961914e-06
Epoch:894, Loss:0.00750781478578871, Acc:99.904, LR:1.8467489107288837e-06
Validation: Loss:2.7546003341674803, Acc:45.79
Epoch:895, Loss:0.0076083434075687306, Acc:99.896, LR:1.182794802828068e-06
Epoch:896, Loss:0.008116726281254419, Acc:99.88, LR:6.657053095378835e-07
Epoch:897, Loss:0.0076918269802189, Acc:99.884, LR:2.959907357591993e-07
Epoch:898, Loss:0.00735633101371326, Acc:99.894, LR:7.401594514024328e-08
Epoch:899, Loss:0.007552081265258698, Acc:99.884, LR:0.0
Validation: Loss:2.753868651390076, Acc:45.64
Epoch:900, Loss:0.007673912068676888, Acc:99.894, LR:7.401594514025999e-08
Epoch:901, Loss:0.007684883585541832, Acc:99.882, LR:2.959907357592828e-07
Epoch:902, Loss:0.007505234694393466, Acc:99.878, LR:6.657053095380004e-07
Epoch:903, Loss:0.007199559705236888, Acc:99.896, LR:1.182794802828285e-06
Epoch:904, Loss:0.00711345466623577, Acc:99.902, LR:1.846748910729251e-06
Validation: Loss:2.7500017881393433, Acc:45.79
Epoch:905, Loss:0.0077932407884687485, Acc:99.87, LR:2.656912390696741e-06
Epoch:906, Loss:0.007942531055922866, Acc:99.898, LR:3.6124857091878675e-06
Epoch:907, Loss:0.00755890331240561, Acc:99.876, LR:4.712525830705238e-06
Epoch:908, Loss:0.007599797686656975, Acc:99.888, LR:5.955947148458656e-06
Epoch:909, Loss:0.007930499228306723, Acc:99.876, LR:7.341522555726986e-06
Validation: Loss:2.7398327708244326, Acc:45.98
Epoch:910, Loss:0.007347099725347088, Acc:99.906, LR:8.867884656866114e-06
Epoch:911, Loss:0.007798902944623664, Acc:99.882, LR:1.0533527116762113e-05
Epoch:912, Loss:0.007893370419303526, Acc:99.87, LR:1.2336806147402945e-05
Epoch:913, Loss:0.008363048329816334, Acc:99.862, LR:1.4275942130097064e-05
Epoch:914, Loss:0.0082575736272776, Acc:99.87, LR:1.6349021371744684e-05
Validation: Loss:2.7416561245918274, Acc:45.88
Epoch:915, Loss:0.008302320443492914, Acc:99.874, LR:1.8553997993420184e-05
Epoch:916, Loss:0.008523545185180038, Acc:99.862, LR:2.0888695949408556e-05
Epoch:917, Loss:0.009024744100241485, Acc:99.878, LR:2.3350811174697676e-05
Epoch:918, Loss:0.008962307880841652, Acc:99.87, LR:2.5937913858815494e-05
Epoch:919, Loss:0.009652273881496216, Acc:99.848, LR:2.8647450843758097e-05
Validation: Loss:2.747527527809143, Acc:45.66
Epoch:920, Loss:0.010934896600831832, Acc:99.808, LR:3.147674814364649e-05
Epoch:921, Loss:0.01103640871825723, Acc:99.82, LR:3.442301358363148e-05
Epoch:922, Loss:0.012794878690180426, Acc:99.782, LR:3.748333955543073e-05
Epoch:923, Loss:0.011931344719451606, Acc:99.798, LR:4.0654705886788455e-05
Epoch:924, Loss:0.013287314874291117, Acc:99.768, LR:4.3933982822017856e-05
Validation: Loss:2.789207231998444, Acc:45.12
Epoch:925, Loss:0.01517900725237417, Acc:99.734, LR:4.731793411069647e-05
Epoch:926, Loss:0.017104678773036112, Acc:99.672, LR:5.080322020145175e-05
Epoch:927, Loss:0.017805927589877833, Acc:99.658, LR:5.438640153769667e-05
Epoch:928, Loss:0.021369175823899557, Acc:99.59, LR:5.8063941952053435e-05
Epoch:929, Loss:0.02159276220719425, Acc:99.562, LR:6.183221215612871e-05
Validation: Loss:2.8581381320953367, Acc:44.51
Epoch:930, Loss:0.02925947338000548, Acc:99.31, LR:6.568749332218071e-05
Epoch:931, Loss:0.03143067541057054, Acc:99.292, LR:6.962598075315057e-05
Epoch:932, Loss:0.032894500977910905, Acc:99.264, LR:7.364378763744412e-05
Epoch:933, Loss:0.038387968204915524, Acc:99.064, LR:7.773694888474227e-05
Epoch:934, Loss:0.03804457138235472, Acc:99.046, LR:8.190142503906822e-05
Validation: Loss:2.990003192424774, Acc:44.21
Epoch:935, Loss:0.04666675239497302, Acc:98.844, LR:8.613310626523906e-05
Epoch:936, Loss:0.047422146405644565, Acc:98.778, LR:9.042781640478262e-05
Epoch:937, Loss:0.04549718558864326, Acc:98.834, LR:9.478131709729773e-05
Epoch:938, Loss:0.049437839499845794, Acc:98.698, LR:9.918931196320642e-05
Epoch:939, Loss:0.05715440755367887, Acc:98.506, LR:0.00010364745084375776
Validation: Loss:3.063720095157623, Acc:43.84
Epoch:940, Loss:0.056675425179454744, Acc:98.52, LR:0.00010815133409411521
Epoch:941, Loss:0.06238697518651583, Acc:98.268, LR:0.00011269651692527214
Epoch:942, Loss:0.06958020060342185, Acc:98.086, LR:0.0001172785137905187
Epoch:943, Loss:0.07289685210099026, Acc:97.96, LR:0.00012189280281214111
Epoch:944, Loss:0.0814561260750099, Acc:97.708, LR:0.0001265348302439649
Validation: Loss:3.1681984186172487, Acc:43.09
Epoch:945, Loss:0.08499649957734712, Acc:97.632, LR:0.00013120001496535466
Epoch:946, Loss:0.08231746010026153, Acc:97.68, LR:0.00013588375300222286
Epoch:947, Loss:0.08063005781447401, Acc:97.71, LR:0.00014058142207060273
Epoch:948, Loss:0.08493411776666739, Acc:97.632, LR:0.0001452883861382802
Epoch:949, Loss:0.09206268396608684, Acc:97.47, LR:0.00015000000000000023
Validation: Loss:3.198486065864563, Acc:42.83
Epoch:950, Loss:0.09333572399859526, Acc:97.432, LR:0.0001547116138617192
Epoch:951, Loss:0.0849130741339557, Acc:97.6, LR:0.00015941857792939665
Epoch:952, Loss:0.09467366786331546, Acc:97.382, LR:0.00016411624699777755
Epoch:953, Loss:0.11214052672897067, Acc:96.84, LR:0.00016879998503464578
Epoch:954, Loss:0.12120266190292883, Acc:96.594, LR:0.00017346516975603449
Validation: Loss:3.196859586238861, Acc:42.6
Epoch:955, Loss:0.1204360230844848, Acc:96.518, LR:0.00017810719718785824
Epoch:956, Loss:0.1316486222631469, Acc:96.258, LR:0.0001827214862094817
Epoch:957, Loss:0.13192496479165797, Acc:96.188, LR:0.00018730348307472827
Epoch:958, Loss:0.1295200952765893, Acc:96.32, LR:0.0001918486659058842
Epoch:959, Loss:0.11948844075811152, Acc:96.654, LR:0.00019635254915624165
Validation: Loss:3.2514543414115904, Acc:43.0
Epoch:960, Loss:0.1304263293134923, Acc:96.294, LR:0.00020081068803679399
Epoch:961, Loss:0.11912228691638732, Acc:96.62, LR:0.0002052186829027017
Epoch:962, Loss:0.1388647112311149, Acc:96.05, LR:0.00020957218359521685
Epoch:963, Loss:0.15902233443089894, Acc:95.368, LR:0.00021386689373476136
Epoch:964, Loss:0.13744085297292594, Acc:96.01, LR:0.00021809857496093223
Validation: Loss:3.2207984924316406, Acc:42.75
Epoch:965, Loss:0.1466192889730541, Acc:95.886, LR:0.0002222630511152573
Epoch:966, Loss:0.15005494897462884, Acc:95.78, LR:0.00022635621236255545
Epoch:967, Loss:0.15216218026316897, Acc:95.638, LR:0.0002303740192468499
Epoch:968, Loss:0.14726838766008007, Acc:95.796, LR:0.00023431250667781977
Epoch:969, Loss:0.16178281848527948, Acc:95.322, LR:0.0002381677878438709
Validation: Loss:3.27717901468277, Acc:42.6
Epoch:970, Loss:0.16486352545266247, Acc:95.318, LR:0.00024193605804794706
Epoch:971, Loss:0.16721081802127313, Acc:95.192, LR:0.0002456135984623038
Epoch:972, Loss:0.1628372194055392, Acc:95.342, LR:0.00024919677979854787
Epoch:973, Loss:0.16897810691473436, Acc:94.96, LR:0.0002526820658893032
Epoch:974, Loss:0.17390031238295595, Acc:94.942, LR:0.00025606601717798256
Validation: Loss:3.271491730213165, Acc:41.86
Epoch:975, Loss:0.16360179669394784, Acc:95.306, LR:0.000259345294113212
Epoch:976, Loss:0.1726020367017814, Acc:94.942, LR:0.000262516660444569
Epoch:977, Loss:0.17036935261317662, Acc:95.204, LR:0.0002655769864163683
Epoch:978, Loss:0.17316053541643278, Acc:94.972, LR:0.000268523251856354
Epoch:979, Loss:0.18350472711786933, Acc:94.718, LR:0.0002713525491562424
Validation: Loss:3.209956443309784, Acc:42.81
Epoch:980, Loss:0.17146149140839673, Acc:95.062, LR:0.0002740620861411844
Epoch:981, Loss:0.16571588092008416, Acc:95.158, LR:0.00027664918882530285
Epoch:982, Loss:0.17082494086756997, Acc:95.008, LR:0.000279111304050592
Epoch:983, Loss:0.18424679703858435, Acc:94.76, LR:0.0002814460020065799
Epoch:984, Loss:0.18474622070789337, Acc:94.674, LR:0.0002836509786282554
Validation: Loss:3.2757783770561217, Acc:42.12
Epoch:985, Loss:0.18094574766499655, Acc:94.758, LR:0.00028572405786990353
Epoch:986, Loss:0.1666771325529838, Acc:95.138, LR:0.0002876631938525977
Epoch:987, Loss:0.1716833256033002, Acc:95.106, LR:0.00028946647288323815
Epoch:988, Loss:0.17398242865289962, Acc:95.002, LR:0.0002911321153431342
Epoch:989, Loss:0.1772633057315739, Acc:94.954, LR:0.0002926584774442737
Validation: Loss:3.253322088718414, Acc:42.1
Epoch:990, Loss:0.18331084522057553, Acc:94.736, LR:0.0002940440528515421
Epoch:991, Loss:0.18209016619592297, Acc:94.69, LR:0.00029528747416929517
Epoch:992, Loss:0.18599131079960843, Acc:94.692, LR:0.00029638751429081285
Epoch:993, Loss:0.17451093209033108, Acc:95.008, LR:0.00029734308760930397
Epoch:994, Loss:0.17683811257688367, Acc:94.95, LR:0.0002981532510892713
Validation: Loss:3.229276740550995, Acc:42.64
Epoch:995, Loss:0.1800992142181007, Acc:94.862, LR:0.0002988172051971723
Epoch:996, Loss:0.1843993177219313, Acc:94.616, LR:0.00029933429469046274
Epoch:997, Loss:0.18549455512239008, Acc:94.614, LR:0.0002997040092642415
Epoch:998, Loss:0.18082527983553556, Acc:94.808, LR:0.0002999259840548605
Epoch:999, Loss:0.17345901411406847, Acc:95.004, LR:0.00030000000000000073
Validation: Loss:3.2259178042411802, Acc:42.08
Test: Acc:47.17
