nohup: ignoring input
/root/miniconda3/envs/py310/lib/python3.10/site-packages/torchvision/models/_utils.py:223: UserWarning: Arguments other than a weight enum or `None` for 'weights' are deprecated since 0.13 and may be removed in the future. The current behavior is equivalent to passing `weights=None`.
  warnings.warn(msg)
{
    "datapath": "../data/",
    "logpath": "./logs/",
    "batch_size": 512,
    "epoch": 1000,
    "seed": 43,
    "date": "0619",
    "plot": true,
    "num_classes": 100,
    "learning_rate": 0.0003,
    "weight_decay": 0.0003,
    "pretrained": false,
    "device_id": 0,
    "dropout": true,
    "cutout": true,
    "model": "ResNet18"
}
<class '__main__.args'>
Pretrained=False, Training with lr=0.0003, decay=0.0003
2024-06-19 20:04:37
Epoch:0, Loss:5.007544760801355, Acc:1.526, LR:0.0002999259840548597
Epoch:1, Loss:4.683874947684152, Acc:2.538, LR:0.0002997040092642407
Epoch:2, Loss:4.464399201529367, Acc:3.728, LR:0.000299334294690462
Epoch:3, Loss:4.297185508572325, Acc:5.092, LR:0.0002988172051971717
Epoch:4, Loss:4.190751255774985, Acc:6.046, LR:0.00029815325108927063
Validation: Loss:4.010704970359802, Acc:8.79
Best model updated!
Epoch:5, Loss:4.103596463495371, Acc:7.05, LR:0.00029734308760930326
Epoch:6, Loss:4.031935015503241, Acc:8.084, LR:0.00029638751429081204
Epoch:7, Loss:3.987394250169092, Acc:8.454, LR:0.0002952874741692946
Epoch:8, Loss:3.935018770548762, Acc:9.206, LR:0.00029404405285154137
Epoch:9, Loss:3.89363233167298, Acc:9.814, LR:0.0002926584774442729
Validation: Loss:3.7906486988067627, Acc:11.77
Best model updated!
Epoch:10, Loss:3.851527712783035, Acc:10.672, LR:0.00029113211534313374
Epoch:11, Loss:3.8171240991475632, Acc:11.208, LR:0.0002894664728832376
Epoch:12, Loss:3.7854559178255043, Acc:11.786, LR:0.0002876631938525971
Epoch:13, Loss:3.7460959468569075, Acc:12.204, LR:0.0002857240578699029
Epoch:14, Loss:3.7133931870363197, Acc:13.018, LR:0.00028365097862825513
Validation: Loss:3.6592576622962953, Acc:14.06
Best model updated!
Epoch:15, Loss:3.683170917082806, Acc:13.382, LR:0.0002814460020065795
Epoch:16, Loss:3.6550509321446323, Acc:13.826, LR:0.0002791113040505915
Epoch:17, Loss:3.63532305736931, Acc:14.164, LR:0.00027664918882530225
Epoch:18, Loss:3.6049466011475544, Acc:14.562, LR:0.00027406208614118424
Epoch:19, Loss:3.5804032403595594, Acc:15.162, LR:0.0002713525491562421
Validation: Loss:3.5518059730529785, Acc:15.92
Best model updated!
Epoch:20, Loss:3.5451877092828554, Acc:15.644, LR:0.00026852325185635354
Epoch:21, Loss:3.5219237853069694, Acc:16.258, LR:0.0002655769864163684
Epoch:22, Loss:3.497327687788983, Acc:16.754, LR:0.00026251666044456895
Epoch:23, Loss:3.475222057225753, Acc:16.994, LR:0.0002593452941132118
Epoch:24, Loss:3.457019090652466, Acc:17.22, LR:0.0002560660171779822
Validation: Loss:3.407096529006958, Acc:18.95
Best model updated!
Epoch:25, Loss:3.437931235955686, Acc:17.428, LR:0.00025268206588930335
Epoch:26, Loss:3.414620657356418, Acc:17.98, LR:0.0002491967797985478
Epoch:27, Loss:3.3957590132343527, Acc:18.366, LR:0.0002456135984623035
Epoch:28, Loss:3.373105216999443, Acc:18.88, LR:0.00024193605804794655
Epoch:29, Loss:3.3543240221179262, Acc:19.078, LR:0.00023816778784387105
Validation: Loss:3.314640021324158, Acc:20.67
Best model updated!
Epoch:30, Loss:3.3369390015699425, Acc:19.51, LR:0.00023431250667781966
Epoch:31, Loss:3.3247943970621847, Acc:19.496, LR:0.00023037401924684952
Epoch:32, Loss:3.308242075297297, Acc:20.032, LR:0.00022635621236255572
Epoch:33, Loss:3.285827862973116, Acc:20.346, LR:0.00022226305111525731
Epoch:34, Loss:3.2700209690600026, Acc:20.444, LR:0.00021809857496093204
Validation: Loss:3.254572594165802, Acc:21.8
Best model updated!
Epoch:35, Loss:3.2600483164495353, Acc:20.902, LR:0.00021386689373476092
Epoch:36, Loss:3.237715305114279, Acc:21.136, LR:0.00020957218359521712
Epoch:37, Loss:3.22656685235549, Acc:21.394, LR:0.00020521868290270177
Epoch:38, Loss:3.21119596763533, Acc:21.456, LR:0.00020081068803679377
Epoch:39, Loss:3.1974053577500947, Acc:21.924, LR:0.00019635254915624216
Validation: Loss:3.1456401109695435, Acc:23.66
Best model updated!
Epoch:40, Loss:3.1829918063416773, Acc:22.334, LR:0.00019184866590588444
Epoch:41, Loss:3.176918837488914, Acc:22.326, LR:0.00018730348307472821
Epoch:42, Loss:3.15919308516444, Acc:22.59, LR:0.00018272148620948142
Epoch:43, Loss:3.1442559057352493, Acc:22.75, LR:0.00017810719718785875
Epoch:44, Loss:3.1329100131988525, Acc:22.972, LR:0.00017346516975603468
Validation: Loss:3.123091292381287, Acc:24.47
Best model updated!
Epoch:45, Loss:3.1227217328791714, Acc:23.3, LR:0.0001687999850346457
Epoch:46, Loss:3.1103233804508132, Acc:23.664, LR:0.00016411624699777717
Epoch:47, Loss:3.1004996299743652, Acc:23.714, LR:0.00015941857792939706
Epoch:48, Loss:3.0879802338931026, Acc:23.838, LR:0.00015471161386171927
Epoch:49, Loss:3.0840175322123935, Acc:23.964, LR:0.00015000000000000001
Validation: Loss:3.1011398434638977, Acc:24.91
Best model updated!
Epoch:50, Loss:3.071498462132045, Acc:24.05, LR:0.00014528838613828078
Epoch:51, Loss:3.0628818468171723, Acc:24.378, LR:0.00014058142207060302
Epoch:52, Loss:3.0563141959054128, Acc:24.678, LR:0.00013588375300222289
Epoch:53, Loss:3.040612425122942, Acc:24.652, LR:0.0001312000149653544
Epoch:54, Loss:3.0330628302632547, Acc:25.114, LR:0.0001265348302439654
Validation: Loss:3.028376305103302, Acc:26.21
Best model updated!
Epoch:55, Loss:3.0240238685997163, Acc:25.23, LR:0.00012189280281214134
Epoch:56, Loss:3.0197817379114578, Acc:25.312, LR:0.00011727851379051869
Epoch:57, Loss:3.008683496591996, Acc:25.32, LR:0.0001126965169252718
Epoch:58, Loss:3.0014352238908106, Acc:25.35, LR:0.00010815133409411566
Epoch:59, Loss:2.9964320756951155, Acc:25.66, LR:0.00010364745084375796
Validation: Loss:2.974314343929291, Acc:26.92
Best model updated!
Epoch:60, Loss:2.9801337159409815, Acc:26.03, LR:9.918931196320633e-05
Epoch:61, Loss:2.9803597002613302, Acc:25.938, LR:9.478131709729838e-05
Epoch:62, Loss:2.979379393616501, Acc:26.092, LR:9.042781640478292e-05
Epoch:63, Loss:2.96412764276777, Acc:26.07, LR:8.613310626523913e-05
Epoch:64, Loss:2.954667186250492, Acc:26.542, LR:8.190142503906802e-05
Validation: Loss:2.963810133934021, Acc:27.29
Best model updated!
Epoch:65, Loss:2.9520922777604084, Acc:26.352, LR:7.773694888474271e-05
Epoch:66, Loss:2.9433692474754487, Acc:26.52, LR:7.364378763744433e-05
Epoch:67, Loss:2.945705204593892, Acc:26.684, LR:6.96259807531505e-05
Epoch:68, Loss:2.9421336821147372, Acc:26.566, LR:6.568749332218042e-05
Epoch:69, Loss:2.9383294971621767, Acc:26.722, LR:6.183221215612908e-05
Validation: Loss:2.964301145076752, Acc:27.29
Epoch:70, Loss:2.925127073210113, Acc:26.884, LR:5.806394195205354e-05
Epoch:71, Loss:2.9237585992229227, Acc:27.094, LR:5.438640153769656e-05
Epoch:72, Loss:2.9183003391538347, Acc:27.104, LR:5.080322020145227e-05
Epoch:73, Loss:2.918561173945057, Acc:26.978, LR:4.731793411069671e-05
Epoch:74, Loss:2.9172226190567017, Acc:27.04, LR:4.39339828220179e-05
Validation: Loss:2.937020814418793, Acc:27.91
Best model updated!
Epoch:75, Loss:2.911618417623092, Acc:27.452, LR:4.065470588678832e-05
Epoch:76, Loss:2.9101654242496102, Acc:27.166, LR:3.7483339555431075e-05
Epoch:77, Loss:2.8996937566873977, Acc:27.504, LR:3.442301358363164e-05
Epoch:78, Loss:2.9074394094700717, Acc:27.21, LR:3.147674814364645e-05
Epoch:79, Loss:2.9025877227588577, Acc:27.598, LR:2.8647450843757908e-05
Validation: Loss:2.9176960825920104, Acc:28.21
Best model updated!
Epoch:80, Loss:2.892908607210432, Acc:27.558, LR:2.5937913858815748e-05
Epoch:81, Loss:2.8959178194707755, Acc:27.444, LR:2.3350811174697777e-05
Epoch:82, Loss:2.8953373772757396, Acc:27.534, LR:2.088869594940844e-05
Epoch:83, Loss:2.889718948578348, Acc:27.982, LR:1.8553997993420465e-05
Epoch:84, Loss:2.886840898163465, Acc:27.77, LR:1.6349021371744834e-05
Validation: Loss:2.9328336477279664, Acc:28.17
Epoch:85, Loss:2.880542129886394, Acc:28.036, LR:1.4275942130097098e-05
Epoch:86, Loss:2.8874987850383835, Acc:27.874, LR:1.2336806147402864e-05
Epoch:87, Loss:2.8766487033999697, Acc:27.952, LR:1.0533527116762298e-05
Epoch:88, Loss:2.8771337003124002, Acc:27.916, LR:8.867884656866183e-06
Epoch:89, Loss:2.8790043592453003, Acc:27.708, LR:7.341522555726971e-06
Validation: Loss:2.917061150074005, Acc:28.4
Best model updated!
Epoch:90, Loss:2.8873730411334915, Acc:27.624, LR:5.955947148458557e-06
Epoch:91, Loss:2.873927834082623, Acc:27.938, LR:4.712525830705355e-06
Epoch:92, Loss:2.879519881034384, Acc:27.966, LR:3.612485709187901e-06
Epoch:93, Loss:2.8749064742302406, Acc:28.012, LR:2.6569123906966916e-06
Epoch:94, Loss:2.8784890223522575, Acc:28.162, LR:1.8467489107293509e-06
Validation: Loss:2.915421688556671, Acc:28.29
Epoch:95, Loss:2.871863287322375, Acc:28.16, LR:1.1827948028283352e-06
Epoch:96, Loss:2.87538167895103, Acc:28.002, LR:6.657053095380005e-07
Epoch:97, Loss:2.8797602604846566, Acc:27.928, LR:2.9599073575926616e-07
Epoch:98, Loss:2.879557714170339, Acc:27.932, LR:7.401594514025999e-08
Epoch:99, Loss:2.8759132599344057, Acc:28.32, LR:0.0
Validation: Loss:2.911781072616577, Acc:28.36
Epoch:100, Loss:2.876725269823658, Acc:28.164, LR:7.401594514025999e-08
Epoch:101, Loss:2.881895987354979, Acc:27.846, LR:2.959907357592661e-07
Epoch:102, Loss:2.8738349116578394, Acc:28.048, LR:6.657053095380004e-07
Epoch:103, Loss:2.8779637254014308, Acc:27.77, LR:1.1827948028283183e-06
Epoch:104, Loss:2.8722086342013613, Acc:27.918, LR:1.846748910729334e-06
Validation: Loss:2.9150182723999025, Acc:28.24
Epoch:105, Loss:2.873926753900489, Acc:28.05, LR:2.6569123906967077e-06
Epoch:106, Loss:2.8818675230960458, Acc:28.138, LR:3.612485709187884e-06
Epoch:107, Loss:2.879493810692612, Acc:28.132, LR:4.712525830705321e-06
Epoch:108, Loss:2.875864471708025, Acc:28.172, LR:5.955947148458522e-06
Epoch:109, Loss:2.8765728643962314, Acc:27.846, LR:7.341522555726951e-06
Validation: Loss:2.9192563891410828, Acc:28.5
Best model updated!
Epoch:110, Loss:2.880155086517334, Acc:28.01, LR:8.86788465686618e-06
Epoch:111, Loss:2.876547706370451, Acc:28.162, LR:1.0533527116762278e-05
Epoch:112, Loss:2.8756309796352775, Acc:28.068, LR:1.2336806147402808e-05
Epoch:113, Loss:2.8742018037912795, Acc:28.25, LR:1.4275942130097042e-05
Epoch:114, Loss:2.8746855696853326, Acc:27.982, LR:1.6349021371744844e-05
Validation: Loss:2.91312038898468, Acc:28.42
Epoch:115, Loss:2.8741536967608394, Acc:28.01, LR:1.8553997993420472e-05
Epoch:116, Loss:2.8684093222326164, Acc:28.01, LR:2.0888695949408444e-05
Epoch:117, Loss:2.8740781107727362, Acc:28.236, LR:2.3350811174697713e-05
Epoch:118, Loss:2.872913888522557, Acc:27.988, LR:2.593791385881568e-05
Epoch:119, Loss:2.866235684375374, Acc:28.16, LR:2.864745084375782e-05
Validation: Loss:2.91200829744339, Acc:28.42
Epoch:120, Loss:2.876357966539811, Acc:27.986, LR:3.147674814364644e-05
Epoch:121, Loss:2.874350528327786, Acc:27.938, LR:3.44230135836316e-05
Epoch:122, Loss:2.869830007455787, Acc:28.216, LR:3.7483339555431034e-05
Epoch:123, Loss:2.8712267121490167, Acc:27.994, LR:4.0654705886788224e-05
Epoch:124, Loss:2.8747583019490146, Acc:28.062, LR:4.39339828220178e-05
Validation: Loss:2.914356029033661, Acc:28.52
Best model updated!
Epoch:125, Loss:2.8610295592522133, Acc:28.248, LR:4.731793411069669e-05
Epoch:126, Loss:2.8585106280385233, Acc:28.48, LR:5.0803220201452194e-05
Epoch:127, Loss:2.862138959826255, Acc:28.144, LR:5.4386401537696557e-05
Epoch:128, Loss:2.861543679723934, Acc:28.092, LR:5.806394195205352e-05
Epoch:129, Loss:2.8596673352377757, Acc:28.544, LR:6.1832212156129e-05
Validation: Loss:2.9052273988723756, Acc:28.57
Best model updated!
Epoch:130, Loss:2.8600863339949627, Acc:28.34, LR:6.568749332218034e-05
Epoch:131, Loss:2.8529888975376987, Acc:28.45, LR:6.962598075315054e-05
Epoch:132, Loss:2.851082429593923, Acc:28.756, LR:7.364378763744432e-05
Epoch:133, Loss:2.8549443726636925, Acc:28.35, LR:7.77369488847427e-05
Epoch:134, Loss:2.8441869823300108, Acc:28.78, LR:8.190142503906793e-05
Validation: Loss:2.901109349727631, Acc:29.04
Best model updated!
Epoch:135, Loss:2.8507403938137754, Acc:28.66, LR:8.613310626523915e-05
Epoch:136, Loss:2.8338427300355873, Acc:28.8, LR:9.042781640478292e-05
Epoch:137, Loss:2.8363330412884147, Acc:28.728, LR:9.478131709729829e-05
Epoch:138, Loss:2.8339130051281987, Acc:28.7, LR:9.918931196320625e-05
Epoch:139, Loss:2.8319986109830895, Acc:28.87, LR:0.00010364745084375781
Validation: Loss:2.88942266702652, Acc:28.7
Epoch:140, Loss:2.8295515751352114, Acc:28.76, LR:0.00010815133409411552
Epoch:141, Loss:2.825599276289648, Acc:28.8, LR:0.00011269651692527181
Epoch:142, Loss:2.8199690823652306, Acc:29.106, LR:0.0001172785137905186
Epoch:143, Loss:2.822006636736344, Acc:29.116, LR:0.00012189280281214127
Epoch:144, Loss:2.8144036653090496, Acc:29.182, LR:0.0001265348302439653
Validation: Loss:2.858146059513092, Acc:29.51
Best model updated!
Epoch:145, Loss:2.8113446673568414, Acc:29.122, LR:0.00013120001496535425
Epoch:146, Loss:2.8109688442580554, Acc:29.206, LR:0.00013588375300222283
Epoch:147, Loss:2.7966422110187765, Acc:29.43, LR:0.00014058142207060294
Epoch:148, Loss:2.7973457477530657, Acc:29.576, LR:0.00014528838613828067
Epoch:149, Loss:2.7816257574120344, Acc:29.734, LR:0.00014999999999999988
Validation: Loss:2.8583232045173643, Acc:29.87
Best model updated!
Epoch:150, Loss:2.7855043727524427, Acc:29.7, LR:0.00015471161386171908
Epoch:151, Loss:2.7849943954117444, Acc:29.642, LR:0.00015941857792939681
Epoch:152, Loss:2.784177412792128, Acc:29.606, LR:0.00016411624699777706
Epoch:153, Loss:2.7727690545880064, Acc:30.09, LR:0.00016879998503464553
Epoch:154, Loss:2.7629368816103255, Acc:30.038, LR:0.0001734651697560345
Validation: Loss:2.8253860116004943, Acc:30.61
Best model updated!
Epoch:155, Loss:2.760965478663542, Acc:30.374, LR:0.00017810719718785856
Epoch:156, Loss:2.7503289543852514, Acc:30.53, LR:0.00018272148620948123
Epoch:157, Loss:2.751842681242495, Acc:30.442, LR:0.00018730348307472816
Epoch:158, Loss:2.7474840611827616, Acc:30.52, LR:0.00019184866590588428
Epoch:159, Loss:2.747313528644795, Acc:30.606, LR:0.00019635254915624197
Validation: Loss:2.8017085909843447, Acc:30.9
Best model updated!
Epoch:160, Loss:2.731609502617194, Acc:30.86, LR:0.00020081068803679352
Epoch:161, Loss:2.723049212475212, Acc:30.926, LR:0.00020521868290270147
Epoch:162, Loss:2.7206960381293785, Acc:30.992, LR:0.00020957218359521685
Epoch:163, Loss:2.7150210993630544, Acc:31.166, LR:0.00021386689373476063
Epoch:164, Loss:2.7068820218650664, Acc:31.368, LR:0.00021809857496093171
Validation: Loss:2.7883087277412413, Acc:31.11
Best model updated!
Epoch:165, Loss:2.7016783198531793, Acc:31.318, LR:0.0002222630511152572
Epoch:166, Loss:2.689020580174972, Acc:31.412, LR:0.0002263562123625556
Epoch:167, Loss:2.687028264512821, Acc:31.466, LR:0.0002303740192468494
Epoch:168, Loss:2.6806332894733975, Acc:31.732, LR:0.00023431250667781947
Epoch:169, Loss:2.6652185503317387, Acc:31.97, LR:0.0002381677878438708
Validation: Loss:2.7654396533966064, Acc:31.85
Best model updated!
Epoch:170, Loss:2.6601893950481803, Acc:32.404, LR:0.00024193605804794627
Epoch:171, Loss:2.659176850805477, Acc:32.19, LR:0.00024561359846230325
Epoch:172, Loss:2.6455368290142136, Acc:32.308, LR:0.00024919677979854754
Epoch:173, Loss:2.6382928624445077, Acc:32.636, LR:0.00025268206588930297
Epoch:174, Loss:2.6374962646134046, Acc:32.384, LR:0.0002560660171779818
Validation: Loss:2.768909227848053, Acc:31.73
Epoch:175, Loss:2.624947674420415, Acc:32.776, LR:0.0002593452941132115
Epoch:176, Loss:2.608054299743808, Acc:32.934, LR:0.00026251666044456874
Epoch:177, Loss:2.6088027175591915, Acc:33.274, LR:0.00026557698641636824
Epoch:178, Loss:2.5976710100563203, Acc:33.394, LR:0.0002685232518563534
Epoch:179, Loss:2.594969024463576, Acc:33.424, LR:0.000271352549156242
Validation: Loss:2.742082214355469, Acc:33.15
Best model updated!
Epoch:180, Loss:2.5902078322001865, Acc:33.422, LR:0.00027406208614118413
Epoch:181, Loss:2.5769994818434423, Acc:33.952, LR:0.00027664918882530214
Epoch:182, Loss:2.5678128028402525, Acc:34.032, LR:0.0002791113040505914
Epoch:183, Loss:2.5582778186214212, Acc:34.21, LR:0.0002814460020065794
Epoch:184, Loss:2.5505669895483525, Acc:34.408, LR:0.00028365097862825513
Validation: Loss:2.7436288237571715, Acc:32.86
Epoch:185, Loss:2.5506969009126936, Acc:34.556, LR:0.0002857240578699029
Epoch:186, Loss:2.531796173173554, Acc:34.704, LR:0.0002876631938525972
Epoch:187, Loss:2.525684580510976, Acc:34.928, LR:0.00028946647288323766
Epoch:188, Loss:2.5202694766375484, Acc:35.084, LR:0.0002911321153431338
Epoch:189, Loss:2.5020258086068288, Acc:35.34, LR:0.00029265847744427303
Validation: Loss:2.6952017903327943, Acc:33.61
Best model updated!
Epoch:190, Loss:2.498494520479319, Acc:35.376, LR:0.0002940440528515414
Epoch:191, Loss:2.4834619225287926, Acc:35.496, LR:0.0002952874741692947
Epoch:192, Loss:2.4756596331693688, Acc:35.564, LR:0.0002963875142908121
Epoch:193, Loss:2.4621205086610756, Acc:36.178, LR:0.0002973430876093033
Epoch:194, Loss:2.4545027017593384, Acc:36.478, LR:0.00029815325108927063
Validation: Loss:2.7081814289093016, Acc:33.8
Best model updated!
Epoch:195, Loss:2.4559188278353945, Acc:36.056, LR:0.00029881720519717164
Epoch:196, Loss:2.4344237264321773, Acc:36.632, LR:0.000299334294690462
Epoch:197, Loss:2.4201967229648513, Acc:37.142, LR:0.0002997040092642407
Epoch:198, Loss:2.4164853460934697, Acc:37.134, LR:0.0002999259840548597
Epoch:199, Loss:2.4044933902974033, Acc:37.41, LR:0.0003
Validation: Loss:2.703356111049652, Acc:33.97
Best model updated!
Epoch:200, Loss:2.3881339224017397, Acc:37.86, LR:0.0002999259840548597
Epoch:201, Loss:2.3855382909580154, Acc:37.618, LR:0.0002997040092642407
Epoch:202, Loss:2.365851134670024, Acc:38.456, LR:0.000299334294690462
Epoch:203, Loss:2.3508316740697746, Acc:38.578, LR:0.0002988172051971717
Epoch:204, Loss:2.3533361833922717, Acc:38.384, LR:0.00029815325108927063
Validation: Loss:2.7041980147361757, Acc:34.6
Best model updated!
Epoch:205, Loss:2.345344190694848, Acc:38.74, LR:0.00029734308760930326
Epoch:206, Loss:2.3366218391729863, Acc:38.862, LR:0.00029638751429081204
Epoch:207, Loss:2.3151813599528097, Acc:39.262, LR:0.0002952874741692946
Epoch:208, Loss:2.3144633745660586, Acc:39.076, LR:0.00029404405285154137
Epoch:209, Loss:2.295744168515108, Acc:39.202, LR:0.0002926584774442729
Validation: Loss:2.65070526599884, Acc:34.96
Best model updated!
Epoch:210, Loss:2.288479819589732, Acc:40.128, LR:0.00029113211534313374
Epoch:211, Loss:2.2788489594751473, Acc:39.928, LR:0.0002894664728832376
Epoch:212, Loss:2.268375632714252, Acc:40.392, LR:0.0002876631938525971
Epoch:213, Loss:2.2612240411797346, Acc:40.46, LR:0.0002857240578699029
Epoch:214, Loss:2.242957407114457, Acc:40.908, LR:0.0002836509786282552
Validation: Loss:2.6707450985908507, Acc:35.11
Best model updated!
Epoch:215, Loss:2.22933191182662, Acc:41.232, LR:0.00028144600200657956
Epoch:216, Loss:2.2279716267877694, Acc:41.144, LR:0.0002791113040505916
Epoch:217, Loss:2.21902241755505, Acc:41.398, LR:0.0002766491888253023
Epoch:218, Loss:2.204695071492876, Acc:41.63, LR:0.00027406208614118424
Epoch:219, Loss:2.1977938827203243, Acc:41.866, LR:0.0002713525491562421
Validation: Loss:2.702350103855133, Acc:34.98
Epoch:220, Loss:2.178245257358162, Acc:42.11, LR:0.00026852325185635354
Epoch:221, Loss:2.172060934864745, Acc:42.27, LR:0.00026557698641636835
Epoch:222, Loss:2.153965251786368, Acc:42.676, LR:0.00026251666044456895
Epoch:223, Loss:2.142551063274851, Acc:42.934, LR:0.0002593452941132118
Epoch:224, Loss:2.144406813748029, Acc:43.0, LR:0.0002560660171779822
Validation: Loss:2.6955107688903808, Acc:35.44
Best model updated!
Epoch:225, Loss:2.1320646575519016, Acc:42.98, LR:0.0002526820658893034
Epoch:226, Loss:2.114811787799913, Acc:43.468, LR:0.00024919677979854787
Epoch:227, Loss:2.10030403307506, Acc:43.94, LR:0.0002456135984623036
Epoch:228, Loss:2.0994410599981035, Acc:43.95, LR:0.00024193605804794663
Epoch:229, Loss:2.084434600508943, Acc:44.102, LR:0.00023816778784387094
Validation: Loss:2.694091248512268, Acc:35.36
Epoch:230, Loss:2.0783959456852505, Acc:44.216, LR:0.00023431250667781958
Epoch:231, Loss:2.062975511258962, Acc:44.64, LR:0.0002303740192468495
Epoch:232, Loss:2.054108285174078, Acc:44.992, LR:0.0002263562123625557
Epoch:233, Loss:2.0343904227626566, Acc:45.2, LR:0.00022226305111525731
Epoch:234, Loss:2.0388348309361204, Acc:45.446, LR:0.00021809857496093204
Validation: Loss:2.6976269364356993, Acc:35.55
Best model updated!
Epoch:235, Loss:2.01988693402738, Acc:45.58, LR:0.00021386689373476098
Epoch:236, Loss:2.011531874841573, Acc:45.966, LR:0.0002095721835952172
Epoch:237, Loss:1.9945617670915565, Acc:46.332, LR:0.00020521868290270185
Epoch:238, Loss:1.9839488146256428, Acc:46.396, LR:0.00020081068803679388
Epoch:239, Loss:1.9667683839797974, Acc:46.548, LR:0.00019635254915624232
Validation: Loss:2.721101534366608, Acc:35.91
Best model updated!
Epoch:240, Loss:1.9656044427229433, Acc:47.196, LR:0.00019184866590588436
Epoch:241, Loss:1.960836229275684, Acc:47.0, LR:0.00018730348307472821
Epoch:242, Loss:1.94596507841227, Acc:47.448, LR:0.0001827214862094814
Epoch:243, Loss:1.9332280231981862, Acc:47.53, LR:0.00017810719718785873
Epoch:244, Loss:1.9244067559436875, Acc:47.854, LR:0.00017346516975603468
Validation: Loss:2.708301508426666, Acc:36.21
Best model updated!
Epoch:245, Loss:1.9257985110185585, Acc:47.826, LR:0.0001687999850346457
Epoch:246, Loss:1.9007432825711308, Acc:48.222, LR:0.00016411624699777725
Epoch:247, Loss:1.9015000912607933, Acc:48.328, LR:0.00015941857792939714
Epoch:248, Loss:1.885857097956599, Acc:48.77, LR:0.00015471161386171943
Epoch:249, Loss:1.8906942788435488, Acc:48.816, LR:0.00015000000000000018
Validation: Loss:2.7239471077919006, Acc:36.39
Best model updated!
Epoch:250, Loss:1.8650466301003281, Acc:49.434, LR:0.0001452883861382807
Epoch:251, Loss:1.855210187483807, Acc:49.482, LR:0.00014058142207060297
Epoch:252, Loss:1.8582269488548746, Acc:49.302, LR:0.00013588375300222286
Epoch:253, Loss:1.84318231684821, Acc:49.718, LR:0.00013120001496535439
Epoch:254, Loss:1.8385373877019298, Acc:49.9, LR:0.0001265348302439653
Validation: Loss:2.740563702583313, Acc:36.34
Epoch:255, Loss:1.837935673947237, Acc:49.846, LR:0.00012189280281214126
Epoch:256, Loss:1.8189731349750442, Acc:50.276, LR:0.0001172785137905186
Epoch:257, Loss:1.8104600468460395, Acc:50.574, LR:0.00011269651692527179
Epoch:258, Loss:1.8046764038047012, Acc:50.706, LR:0.00010815133409411564
Epoch:259, Loss:1.8056227272870589, Acc:50.476, LR:0.00010364745084375795
Validation: Loss:2.768670356273651, Acc:36.08
Epoch:260, Loss:1.7893592946383419, Acc:51.122, LR:9.918931196320637e-05
Epoch:261, Loss:1.7745411785281435, Acc:51.53, LR:9.478131709729842e-05
Epoch:262, Loss:1.7785723501322221, Acc:51.494, LR:9.04278164047828e-05
Epoch:263, Loss:1.7625010998881594, Acc:51.576, LR:8.613310626523901e-05
Epoch:264, Loss:1.7614927814931285, Acc:51.566, LR:8.190142503906791e-05
Validation: Loss:2.757754957675934, Acc:36.44
Best model updated!
Epoch:265, Loss:1.7537352102143424, Acc:51.81, LR:7.773694888474266e-05
Epoch:266, Loss:1.748539470896429, Acc:52.232, LR:7.364378763744429e-05
Epoch:267, Loss:1.7381208466023814, Acc:52.172, LR:6.962598075315051e-05
Epoch:268, Loss:1.73873214454067, Acc:52.29, LR:6.568749332218044e-05
Epoch:269, Loss:1.7241269398708732, Acc:52.566, LR:6.183221215612908e-05
Validation: Loss:2.7853301882743837, Acc:35.92
Epoch:270, Loss:1.7184346658842904, Acc:52.672, LR:5.8063941952053605e-05
Epoch:271, Loss:1.719061259104281, Acc:52.548, LR:5.4386401537696435e-05
Epoch:272, Loss:1.7098169630887556, Acc:52.866, LR:5.0803220201452126e-05
Epoch:273, Loss:1.7144680959837777, Acc:52.826, LR:4.731793411069664e-05
Epoch:274, Loss:1.7061576685126947, Acc:53.054, LR:4.393398282201783e-05
Validation: Loss:2.774339437484741, Acc:36.67
Best model updated!
Epoch:275, Loss:1.7037455609866552, Acc:53.086, LR:4.0654705886788245e-05
Epoch:276, Loss:1.6929640015777276, Acc:53.268, LR:3.7483339555431055e-05
Epoch:277, Loss:1.6905873600317507, Acc:53.392, LR:3.442301358363162e-05
Epoch:278, Loss:1.6931753876257916, Acc:53.236, LR:3.147674814364646e-05
Epoch:279, Loss:1.690509330253212, Acc:52.97, LR:2.8647450843757924e-05
Validation: Loss:2.789235329627991, Acc:36.38
Epoch:280, Loss:1.685356182711465, Acc:53.284, LR:2.5937913858815785e-05
Epoch:281, Loss:1.6807575517771196, Acc:53.696, LR:2.3350811174697798e-05
Epoch:282, Loss:1.684497594833374, Acc:53.58, LR:2.0888695949408397e-05
Epoch:283, Loss:1.6764361116350914, Acc:53.58, LR:1.855399799342042e-05
Epoch:284, Loss:1.6732301955320397, Acc:54.01, LR:1.634902137174479e-05
Validation: Loss:2.7808056831359864, Acc:36.72
Best model updated!
Epoch:285, Loss:1.6622140881966572, Acc:54.306, LR:1.4275942130097054e-05
Epoch:286, Loss:1.6754464117848142, Acc:53.84, LR:1.2336806147402818e-05
Epoch:287, Loss:1.6773815386149349, Acc:53.75, LR:1.0533527116762286e-05
Epoch:288, Loss:1.6641108004414304, Acc:54.186, LR:8.867884656866187e-06
Epoch:289, Loss:1.6592315958470714, Acc:53.992, LR:7.341522555726991e-06
Validation: Loss:2.791663372516632, Acc:36.62
Epoch:290, Loss:1.6599423459597997, Acc:53.92, LR:5.95594714845856e-06
Epoch:291, Loss:1.6594503680054022, Acc:54.078, LR:4.712525830705358e-06
Epoch:292, Loss:1.6689532301863845, Acc:54.19, LR:3.6124857091879205e-06
Epoch:293, Loss:1.6669896159853255, Acc:54.14, LR:2.656912390696677e-06
Epoch:294, Loss:1.6592791189952774, Acc:54.212, LR:1.8467489107293358e-06
Validation: Loss:2.794120931625366, Acc:36.63
Epoch:295, Loss:1.6607427463239552, Acc:54.354, LR:1.1827948028283196e-06
Epoch:296, Loss:1.659726203704367, Acc:54.374, LR:6.65705309538001e-07
Epoch:297, Loss:1.6626246255271289, Acc:54.162, LR:2.9599073575926637e-07
Epoch:298, Loss:1.6568950280851247, Acc:54.358, LR:7.401594514026004e-08
Epoch:299, Loss:1.6553960600677802, Acc:54.268, LR:0.0
Validation: Loss:2.795529639720917, Acc:36.56
Epoch:300, Loss:1.6587320432371022, Acc:54.042, LR:7.401594514025999e-08
Epoch:301, Loss:1.6557214904804618, Acc:54.242, LR:2.959907357592661e-07
Epoch:302, Loss:1.6557809138784603, Acc:54.46, LR:6.657053095379839e-07
Epoch:303, Loss:1.6663109307386437, Acc:53.97, LR:1.182794802828302e-06
Epoch:304, Loss:1.6636231018572438, Acc:54.196, LR:1.846748910729351e-06
Validation: Loss:2.7935725927352903, Acc:36.6
Epoch:305, Loss:1.6668175045324831, Acc:53.986, LR:2.656912390696708e-06
Epoch:306, Loss:1.6599971980464703, Acc:54.194, LR:3.612485709187901e-06
Epoch:307, Loss:1.653433077189387, Acc:54.408, LR:4.712525830705338e-06
Epoch:308, Loss:1.6594932991631177, Acc:54.098, LR:5.955947148458522e-06
Epoch:309, Loss:1.6679450796574962, Acc:54.038, LR:7.341522555726951e-06
Validation: Loss:2.7926864981651307, Acc:36.73
Best model updated!
Epoch:310, Loss:1.656733089563798, Acc:54.116, LR:8.867884656866144e-06
Epoch:311, Loss:1.6655316644785356, Acc:53.964, LR:1.0533527116762242e-05
Epoch:312, Loss:1.6629942229815893, Acc:54.194, LR:1.2336806147402772e-05
Epoch:313, Loss:1.65852218623064, Acc:54.206, LR:1.427594213009699e-05
Epoch:314, Loss:1.6547046048300607, Acc:54.3, LR:1.634902137174484e-05
Validation: Loss:2.791638159751892, Acc:36.79
Best model updated!
Epoch:315, Loss:1.6613714609827315, Acc:54.244, LR:1.855399799342047e-05
Epoch:316, Loss:1.660657365711368, Acc:54.218, LR:2.0888695949408458e-05
Epoch:317, Loss:1.6593887891088213, Acc:54.248, LR:2.3350811174697723e-05
Epoch:318, Loss:1.6618327170002216, Acc:54.088, LR:2.5937913858815694e-05
Epoch:319, Loss:1.6574311146930771, Acc:54.188, LR:2.864745084375783e-05
Validation: Loss:2.8053125739097595, Acc:36.51
Epoch:320, Loss:1.6570500573333429, Acc:54.312, LR:3.147674814364637e-05
Epoch:321, Loss:1.6566015080529817, Acc:53.7, LR:3.442301358363152e-05
Epoch:322, Loss:1.6625368303182173, Acc:54.126, LR:3.748333955543095e-05
Epoch:323, Loss:1.66386229772957, Acc:53.996, LR:4.065470588678812e-05
Epoch:324, Loss:1.6467687524094874, Acc:54.614, LR:4.39339828220177e-05
Validation: Loss:2.814597690105438, Acc:36.64
Epoch:325, Loss:1.6605158971280467, Acc:54.384, LR:4.731793411069651e-05
Epoch:326, Loss:1.6545968299009362, Acc:54.286, LR:5.0803220201452194e-05
Epoch:327, Loss:1.6649747563868154, Acc:54.05, LR:5.4386401537696306e-05
Epoch:328, Loss:1.651862926629125, Acc:54.262, LR:5.8063941952053456e-05
Epoch:329, Loss:1.6652770237046846, Acc:54.254, LR:6.183221215612871e-05
Validation: Loss:2.8126794934272765, Acc:36.61
Epoch:330, Loss:1.6533258070751113, Acc:54.59, LR:6.568749332218029e-05
Epoch:331, Loss:1.657285908047034, Acc:53.97, LR:6.962598075315058e-05
Epoch:332, Loss:1.655476881533253, Acc:54.536, LR:7.364378763744413e-05
Epoch:333, Loss:1.6600639479500907, Acc:54.488, LR:7.773694888474273e-05
Epoch:334, Loss:1.651735359308671, Acc:54.292, LR:8.190142503906774e-05
Validation: Loss:2.828338956832886, Acc:36.26
Epoch:335, Loss:1.6570451235284611, Acc:54.438, LR:8.613310626523908e-05
Epoch:336, Loss:1.6535243866394977, Acc:54.236, LR:9.042781640478262e-05
Epoch:337, Loss:1.6504086523639911, Acc:54.048, LR:9.478131709729822e-05
Epoch:338, Loss:1.649112593154518, Acc:54.45, LR:9.918931196320593e-05
Epoch:339, Loss:1.6536335811323049, Acc:53.968, LR:0.00010364745084375773
Validation: Loss:2.857533311843872, Acc:36.02
Epoch:340, Loss:1.6552704244243854, Acc:54.25, LR:0.00010815133409411518
Epoch:341, Loss:1.6526530835093285, Acc:54.234, LR:0.0001126965169252716
Epoch:342, Loss:1.6569452407408733, Acc:54.256, LR:0.00011727851379051866
Epoch:343, Loss:1.6493654275427059, Acc:54.244, LR:0.00012189280281214107
Epoch:344, Loss:1.6526101949263592, Acc:54.108, LR:0.00012653483024396538
Validation: Loss:2.8634172439575196, Acc:36.55
Epoch:345, Loss:1.6377160354536406, Acc:54.384, LR:0.0001312000149653541
Epoch:346, Loss:1.6463312494511506, Acc:54.466, LR:0.0001358837530022228
Epoch:347, Loss:1.6507385981326201, Acc:54.22, LR:0.00014058142207060264
Epoch:348, Loss:1.645037297083407, Acc:54.196, LR:0.00014528838613828065
Epoch:349, Loss:1.628268066717654, Acc:54.64, LR:0.0001499999999999996
Validation: Loss:2.8744364738464356, Acc:36.21
Epoch:350, Loss:1.6333064655868375, Acc:54.656, LR:0.00015471161386171908
Epoch:351, Loss:1.636832745707765, Acc:54.498, LR:0.00015941857792939681
Epoch:352, Loss:1.62345510112996, Acc:54.808, LR:0.00016411624699777693
Epoch:353, Loss:1.629233498962558, Acc:54.452, LR:0.00016879998503464564
Epoch:354, Loss:1.6296483643200932, Acc:54.514, LR:0.00017346516975603435
Validation: Loss:2.8945568799972534, Acc:36.36
Epoch:355, Loss:1.6170526232038225, Acc:55.122, LR:0.00017810719718785865
Epoch:356, Loss:1.6216957082553787, Acc:54.678, LR:0.00018272148620948107
Epoch:357, Loss:1.6112231527056013, Acc:55.298, LR:0.0001873034830747281
Epoch:358, Loss:1.6212920558695891, Acc:54.826, LR:0.00019184866590588398
Epoch:359, Loss:1.6156667519588859, Acc:54.656, LR:0.00019635254915624197
Validation: Loss:2.9375461459159853, Acc:36.11
Epoch:360, Loss:1.6097071779017547, Acc:55.28, LR:0.00020081068803679352
Epoch:361, Loss:1.607763065367329, Acc:55.16, LR:0.00020521868290270152
Epoch:362, Loss:1.6088740022815005, Acc:54.898, LR:0.00020957218359521712
Epoch:363, Loss:1.593746150026516, Acc:55.538, LR:0.00021386689373476065
Epoch:364, Loss:1.5932793653741175, Acc:55.428, LR:0.00021809857496093199
Validation: Loss:2.946686255931854, Acc:36.19
Epoch:365, Loss:1.599404442067049, Acc:55.588, LR:0.000222263051115257
Epoch:366, Loss:1.5799068212509155, Acc:55.722, LR:0.00022635621236255559
Epoch:367, Loss:1.58337793423205, Acc:56.146, LR:0.00023037401924684914
Epoch:368, Loss:1.5718941335775414, Acc:56.064, LR:0.00023431250667781947
Epoch:369, Loss:1.5762933285868899, Acc:55.994, LR:0.00023816778784387086
Validation: Loss:2.998449277877808, Acc:36.12
Epoch:370, Loss:1.5733919873529552, Acc:56.166, LR:0.00024193605804794633
Epoch:371, Loss:1.5674493568284171, Acc:56.08, LR:0.00024561359846230325
Epoch:372, Loss:1.562085665002161, Acc:56.086, LR:0.00024919677979854754
Epoch:373, Loss:1.5554799705135578, Acc:56.252, LR:0.00025268206588930324
Epoch:374, Loss:1.5537344059165643, Acc:56.66, LR:0.00025606601717798185
Validation: Loss:3.0171323299407957, Acc:35.87
Epoch:375, Loss:1.5465069668633598, Acc:56.934, LR:0.00025934529411321167
Epoch:376, Loss:1.531484260851023, Acc:57.14, LR:0.00026251666044456863
Epoch:377, Loss:1.534738921389288, Acc:56.612, LR:0.00026557698641636824
Epoch:378, Loss:1.5314855028171928, Acc:57.064, LR:0.00026852325185635343
Epoch:379, Loss:1.5235780903271265, Acc:57.366, LR:0.00027135254915624195
Validation: Loss:2.992729353904724, Acc:35.72
Epoch:380, Loss:1.508343166234542, Acc:57.49, LR:0.00027406208614118413
Epoch:381, Loss:1.5026297192184292, Acc:57.586, LR:0.00027664918882530214
Epoch:382, Loss:1.5081537755168215, Acc:57.606, LR:0.0002791113040505914
Epoch:383, Loss:1.5063968763059499, Acc:57.658, LR:0.0002814460020065794
Epoch:384, Loss:1.4928417582901157, Acc:57.998, LR:0.0002836509786282552
Validation: Loss:3.0230939269065855, Acc:36.14
Epoch:385, Loss:1.4859391134612414, Acc:58.258, LR:0.00028572405786990283
Epoch:386, Loss:1.4747541656299514, Acc:58.24, LR:0.00028766319385259713
Epoch:387, Loss:1.4661626961766456, Acc:58.562, LR:0.00028946647288323766
Epoch:388, Loss:1.4631227023747502, Acc:58.786, LR:0.00029113211534313374
Epoch:389, Loss:1.4570446075225363, Acc:58.786, LR:0.000292658477444273
Validation: Loss:3.048343575000763, Acc:35.71
Epoch:390, Loss:1.4490782509044724, Acc:58.954, LR:0.00029404405285154137
Epoch:391, Loss:1.4407421958689788, Acc:59.278, LR:0.00029528747416929463
Epoch:392, Loss:1.4419900981747373, Acc:59.25, LR:0.00029638751429081204
Epoch:393, Loss:1.4312885695574236, Acc:59.522, LR:0.0002973430876093032
Epoch:394, Loss:1.4233523072028647, Acc:59.784, LR:0.00029815325108927063
Validation: Loss:3.097351634502411, Acc:35.78
Epoch:395, Loss:1.412945103888609, Acc:60.138, LR:0.0002988172051971717
Epoch:396, Loss:1.414660424602275, Acc:59.812, LR:0.000299334294690462
Epoch:397, Loss:1.3901395080040913, Acc:60.646, LR:0.0002997040092642407
Epoch:398, Loss:1.3819023090965894, Acc:60.942, LR:0.0002999259840548597
Epoch:399, Loss:1.3831289605218537, Acc:60.48, LR:0.0003
Validation: Loss:3.0979411363601685, Acc:35.8
Epoch:400, Loss:1.3764436038172976, Acc:60.81, LR:0.0002999259840548597
Epoch:401, Loss:1.3682373397204342, Acc:60.882, LR:0.00029970400926424077
Epoch:402, Loss:1.3601448377784418, Acc:61.054, LR:0.00029933429469046203
Epoch:403, Loss:1.3443776746185458, Acc:61.682, LR:0.00029881720519717175
Epoch:404, Loss:1.33318536013973, Acc:62.186, LR:0.00029815325108927074
Validation: Loss:3.1498739242553713, Acc:35.82
Epoch:405, Loss:1.3145942809630413, Acc:62.366, LR:0.0002973430876093033
Epoch:406, Loss:1.3293323249233013, Acc:62.058, LR:0.00029638751429081215
Epoch:407, Loss:1.2986815510963907, Acc:62.904, LR:0.0002952874741692947
Epoch:408, Loss:1.3034039906093053, Acc:62.872, LR:0.00029404405285154154
Epoch:409, Loss:1.3004900910416428, Acc:63.088, LR:0.0002926584774442731
Validation: Loss:3.2274725317955015, Acc:35.91
Epoch:410, Loss:1.285255925995963, Acc:63.168, LR:0.0002911321153431339
Epoch:411, Loss:1.2737079116762902, Acc:63.64, LR:0.0002894664728832378
Epoch:412, Loss:1.2637776695952123, Acc:63.85, LR:0.00028766319385259724
Epoch:413, Loss:1.250163462697243, Acc:64.066, LR:0.00028572405786990305
Epoch:414, Loss:1.2483935696738107, Acc:63.99, LR:0.0002836509786282552
Validation: Loss:3.2069626688957213, Acc:36.06
Epoch:415, Loss:1.2380769009492836, Acc:64.444, LR:0.00028144600200657956
Epoch:416, Loss:1.226685496009126, Acc:64.868, LR:0.0002791113040505916
Epoch:417, Loss:1.2256732120805858, Acc:64.558, LR:0.00027664918882530236
Epoch:418, Loss:1.2072299852663158, Acc:65.238, LR:0.0002740620861411844
Epoch:419, Loss:1.1934751819591134, Acc:65.538, LR:0.0002713525491562422
Validation: Loss:3.249060797691345, Acc:36.64
Epoch:420, Loss:1.1915706821850367, Acc:65.642, LR:0.00026852325185635365
Epoch:421, Loss:1.1775415004516134, Acc:66.19, LR:0.0002655769864163685
Epoch:422, Loss:1.1616190750988162, Acc:66.446, LR:0.00026251666044456906
Epoch:423, Loss:1.1602858955762825, Acc:66.342, LR:0.00025934529411321167
Epoch:424, Loss:1.1602600818994093, Acc:66.498, LR:0.0002560660171779823
Validation: Loss:3.3181159496307373, Acc:35.86
Epoch:425, Loss:1.1463546619123341, Acc:66.908, LR:0.0002526820658893033
Epoch:426, Loss:1.129322567156383, Acc:67.08, LR:0.0002491967797985478
Epoch:427, Loss:1.1079176171701781, Acc:67.928, LR:0.0002456135984623035
Epoch:428, Loss:1.114251241392019, Acc:67.716, LR:0.00024193605804794657
Epoch:429, Loss:1.1016360691615514, Acc:68.076, LR:0.00023816778784387107
Validation: Loss:3.3489758729934693, Acc:35.71
Epoch:430, Loss:1.0875945900167738, Acc:68.414, LR:0.00023431250667781974
Epoch:431, Loss:1.08291053163762, Acc:68.66, LR:0.00023037401924684965
Epoch:432, Loss:1.0774971453510984, Acc:68.878, LR:0.00022635621236255564
Epoch:433, Loss:1.0646508919949433, Acc:69.202, LR:0.00022226305111525748
Epoch:434, Loss:1.0548837799198774, Acc:69.398, LR:0.000218098574960932
Validation: Loss:3.366851794719696, Acc:36.16
Epoch:435, Loss:1.0480870872127765, Acc:69.194, LR:0.00021386689373476117
Epoch:436, Loss:1.0432043002576243, Acc:69.674, LR:0.00020957218359521712
Epoch:437, Loss:1.0277656280264562, Acc:70.092, LR:0.00020521868290270177
Epoch:438, Loss:1.014707660796691, Acc:70.328, LR:0.00020081068803679377
Epoch:439, Loss:1.005217648282343, Acc:70.56, LR:0.00019635254915624222
Validation: Loss:3.418764626979828, Acc:35.82
Epoch:440, Loss:1.0005980030614503, Acc:70.808, LR:0.0001918486659058845
Epoch:441, Loss:0.9977892010795827, Acc:71.126, LR:0.0001873034830747281
Epoch:442, Loss:0.9811520089908522, Acc:71.192, LR:0.00018272148620948156
Epoch:443, Loss:0.9666982128912088, Acc:71.736, LR:0.00017810719718785865
Epoch:444, Loss:0.9624672112416248, Acc:72.074, LR:0.00017346516975603487
Validation: Loss:3.4322608947753905, Acc:36.59
Epoch:445, Loss:0.9529925110388775, Acc:72.284, LR:0.00016879998503464561
Epoch:446, Loss:0.9443581031293286, Acc:72.424, LR:0.00016411624699777741
Epoch:447, Loss:0.933991477805741, Acc:72.45, LR:0.000159418577929397
Epoch:448, Loss:0.9294386031676312, Acc:72.864, LR:0.00015471161386171927
Epoch:449, Loss:0.9327171268511791, Acc:72.728, LR:0.00015000000000000001
Validation: Loss:3.5033457398414614, Acc:36.14
Epoch:450, Loss:0.9139692643467261, Acc:73.204, LR:0.00014528838613828057
Epoch:451, Loss:0.9085509801397518, Acc:73.648, LR:0.00014058142207060308
Epoch:452, Loss:0.9022735247806627, Acc:73.796, LR:0.0001358837530022227
Epoch:453, Loss:0.8875352661220395, Acc:74.08, LR:0.00013120001496535452
Epoch:454, Loss:0.8927425559686155, Acc:73.952, LR:0.0001265348302439653
Validation: Loss:3.498351776599884, Acc:36.02
Epoch:455, Loss:0.8728029983384269, Acc:74.188, LR:0.00012189280281214152
Epoch:456, Loss:0.8719077274507406, Acc:74.622, LR:0.0001172785137905186
Epoch:457, Loss:0.8613897981692333, Acc:74.548, LR:0.00011269651692527206
Epoch:458, Loss:0.8566315374812301, Acc:74.886, LR:0.00010815133409411564
Epoch:459, Loss:0.8406542709895543, Acc:75.27, LR:0.00010364745084375769
Validation: Loss:3.5296268105506896, Acc:35.96
Epoch:460, Loss:0.8411025836759684, Acc:75.556, LR:9.918931196320637e-05
Epoch:461, Loss:0.8365038371815974, Acc:75.536, LR:9.478131709729815e-05
Epoch:462, Loss:0.8163785533029206, Acc:76.08, LR:9.042781640478303e-05
Epoch:463, Loss:0.8237316973355352, Acc:75.858, LR:8.613310626523901e-05
Epoch:464, Loss:0.8095528915220377, Acc:76.344, LR:8.190142503906816e-05
Validation: Loss:3.5438830852508545, Acc:36.0
Epoch:465, Loss:0.8070155297006879, Acc:76.304, LR:7.773694888474266e-05
Epoch:466, Loss:0.8037478461557505, Acc:76.5, LR:7.364378763744451e-05
Epoch:467, Loss:0.7991347817742095, Acc:76.718, LR:6.962598075315051e-05
Epoch:468, Loss:0.7935336372073816, Acc:76.564, LR:6.568749332218066e-05
Epoch:469, Loss:0.7957281762239884, Acc:76.758, LR:6.183221215612908e-05
Validation: Loss:3.561600959300995, Acc:36.1
Epoch:470, Loss:0.7846214017089532, Acc:76.994, LR:5.8063941952053395e-05
Epoch:471, Loss:0.7897704797131675, Acc:76.894, LR:5.4386401537696645e-05
Epoch:472, Loss:0.787985314520038, Acc:76.928, LR:5.080322020145213e-05
Epoch:473, Loss:0.7709517436368125, Acc:77.018, LR:4.7317934110696835e-05
Epoch:474, Loss:0.7670587806069121, Acc:77.608, LR:4.393398282201783e-05
Validation: Loss:3.587557542324066, Acc:36.08
Epoch:475, Loss:0.7642093203505691, Acc:77.516, LR:4.0654705886788434e-05
Epoch:476, Loss:0.7659456267648813, Acc:77.566, LR:3.748333955543108e-05
Epoch:477, Loss:0.7595973355429513, Acc:77.724, LR:3.442301358363182e-05
Epoch:478, Loss:0.7621829990221529, Acc:77.624, LR:3.1476748143646496e-05
Epoch:479, Loss:0.7554129386434749, Acc:77.814, LR:2.8647450843758107e-05
Validation: Loss:3.6043364882469175, Acc:35.97
Epoch:480, Loss:0.7452516215188163, Acc:78.134, LR:2.59379138588158e-05
Epoch:481, Loss:0.7540006619326922, Acc:77.984, LR:2.335081117469768e-05
Epoch:482, Loss:0.741284153899368, Acc:78.214, LR:2.0888695949408543e-05
Epoch:483, Loss:0.7405585889913597, Acc:78.31, LR:1.8553997993420435e-05
Epoch:484, Loss:0.7373318021394768, Acc:78.534, LR:1.634902137174492e-05
Validation: Loss:3.5865989685058595, Acc:36.43
Epoch:485, Loss:0.7340717875227636, Acc:78.394, LR:1.427594213009707e-05
Epoch:486, Loss:0.729617781176859, Acc:78.582, LR:1.233680614740295e-05
Epoch:487, Loss:0.7288546902792794, Acc:78.754, LR:1.0533527116762303e-05
Epoch:488, Loss:0.7377346754074097, Acc:78.298, LR:8.867884656866302e-06
Epoch:489, Loss:0.7291813687402375, Acc:78.734, LR:7.3415225557269894e-06
Validation: Loss:3.590357482433319, Acc:36.06
Epoch:490, Loss:0.7234298538188545, Acc:78.832, LR:5.9559471484584925e-06
Epoch:491, Loss:0.7315204021882038, Acc:78.592, LR:4.7125258307053735e-06
Epoch:492, Loss:0.7309649501528058, Acc:78.672, LR:3.6124857091878692e-06
Epoch:493, Loss:0.7277980708346075, Acc:78.712, LR:2.6569123906967424e-06
Epoch:494, Loss:0.7270238119728711, Acc:78.59, LR:1.846748910729335e-06
Validation: Loss:3.593150556087494, Acc:36.28
Epoch:495, Loss:0.7247221840887653, Acc:78.914, LR:1.1827948028283522e-06
Epoch:496, Loss:0.7268331798971915, Acc:78.608, LR:6.657053095380007e-07
Epoch:497, Loss:0.7261870102006562, Acc:78.572, LR:2.959907357592829e-07
Epoch:498, Loss:0.7242994776793888, Acc:78.844, LR:7.401594514027667e-08
Epoch:499, Loss:0.7218981944784826, Acc:78.826, LR:0.0
Validation: Loss:3.593987429141998, Acc:36.17
Epoch:500, Loss:0.7330389345178798, Acc:78.584, LR:7.401594514025999e-08
Epoch:501, Loss:0.724201887845993, Acc:78.9, LR:2.959907357592661e-07
Epoch:502, Loss:0.7253394333683715, Acc:78.498, LR:6.657053095379839e-07
Epoch:503, Loss:0.7319682793957847, Acc:78.47, LR:1.1827948028283352e-06
Epoch:504, Loss:0.7237228544390931, Acc:78.93, LR:1.846748910729301e-06
Validation: Loss:3.591121017932892, Acc:36.22
Epoch:505, Loss:0.7284650243058497, Acc:78.67, LR:2.6569123906967085e-06
Epoch:506, Loss:0.7241714840032616, Acc:78.866, LR:3.612485709187835e-06
Epoch:507, Loss:0.7302858951140423, Acc:78.72, LR:4.712525830705323e-06
Epoch:508, Loss:0.7337735027683024, Acc:78.506, LR:5.955947148458442e-06
Epoch:509, Loss:0.7211968041196162, Acc:78.968, LR:7.341522555727022e-06
Validation: Loss:3.5957293033599855, Acc:36.21
Epoch:510, Loss:0.7263979498220949, Acc:78.494, LR:8.867884656866134e-06
Epoch:511, Loss:0.7310169144552581, Acc:78.486, LR:1.0533527116762335e-05
Epoch:512, Loss:0.7267195430337167, Acc:78.606, LR:1.2336806147402767e-05
Epoch:513, Loss:0.7251617415827147, Acc:78.75, LR:1.4275942130097101e-05
Epoch:514, Loss:0.7242503889969417, Acc:78.928, LR:1.6349021371744722e-05
Validation: Loss:3.5991228222846985, Acc:36.13
Epoch:515, Loss:0.7145500389897094, Acc:78.826, LR:1.8553997993420472e-05
Epoch:516, Loss:0.7211717622620719, Acc:78.774, LR:2.0888695949408597e-05
Epoch:517, Loss:0.7290496211879107, Acc:78.684, LR:2.3350811174697737e-05
Epoch:518, Loss:0.725259434811923, Acc:78.65, LR:2.593791385881586e-05
Epoch:519, Loss:0.7302324923933768, Acc:78.576, LR:2.8647450843757853e-05
Validation: Loss:3.6169384241104128, Acc:36.27
Epoch:520, Loss:0.731200920683997, Acc:78.416, LR:3.147674814364656e-05
Epoch:521, Loss:0.7332949157880277, Acc:78.558, LR:3.442301358363153e-05
Epoch:522, Loss:0.7275925284745742, Acc:78.63, LR:3.748333955543115e-05
Epoch:523, Loss:0.7243816919472753, Acc:78.774, LR:4.065470588678816e-05
Epoch:524, Loss:0.7249699551232007, Acc:78.562, LR:4.393398282201792e-05
Validation: Loss:3.6226301431655883, Acc:36.0
Epoch:525, Loss:0.7362285688215372, Acc:78.46, LR:4.731793411069693e-05
Epoch:526, Loss:0.7318087171535103, Acc:78.33, LR:5.0803220201452234e-05
Epoch:527, Loss:0.730886346223403, Acc:78.52, LR:5.4386401537696746e-05
Epoch:528, Loss:0.7313092411780844, Acc:78.47, LR:5.80639419520535e-05
Epoch:529, Loss:0.7321096062660217, Acc:78.682, LR:6.18322121561292e-05
Validation: Loss:3.6434871196746825, Acc:35.96
Epoch:530, Loss:0.7316262101640507, Acc:78.466, LR:6.568749332218036e-05
Epoch:531, Loss:0.7393632348702879, Acc:78.46, LR:6.962598075315065e-05
Epoch:532, Loss:0.7368395839418683, Acc:78.254, LR:7.36437876374442e-05
Epoch:533, Loss:0.732535891995138, Acc:78.35, LR:7.77369488847428e-05
Epoch:534, Loss:0.7367086422686674, Acc:78.25, LR:8.19014250390683e-05
Validation: Loss:3.6744119048118593, Acc:36.21
Epoch:535, Loss:0.7448108701073394, Acc:78.22, LR:8.613310626523915e-05
Epoch:536, Loss:0.748881147224076, Acc:77.936, LR:9.042781640478317e-05
Epoch:537, Loss:0.7435986150284203, Acc:78.282, LR:9.47813170972983e-05
Epoch:538, Loss:0.7429802636710965, Acc:78.05, LR:9.918931196320652e-05
Epoch:539, Loss:0.7473853808276507, Acc:78.006, LR:0.00010364745084375783
Validation: Loss:3.7011831998825073, Acc:35.59
Epoch:540, Loss:0.7513009857158272, Acc:77.804, LR:0.0001081513340941158
Epoch:541, Loss:0.7470166981220245, Acc:77.86, LR:0.00011269651692527169
Epoch:542, Loss:0.7557851282917724, Acc:77.73, LR:0.00011727851379051875
Epoch:543, Loss:0.7493946917203008, Acc:77.808, LR:0.0001218928028121417
Epoch:544, Loss:0.7488078043168905, Acc:77.86, LR:0.0001265348302439655
Validation: Loss:3.7278910517692565, Acc:35.79
Epoch:545, Loss:0.7566869258880615, Acc:77.672, LR:0.0001312000149653547
Epoch:546, Loss:0.759207236523531, Acc:77.458, LR:0.00013588375300222294
Epoch:547, Loss:0.7581387472395994, Acc:77.546, LR:0.00014058142207060332
Epoch:548, Loss:0.7471394538879395, Acc:77.896, LR:0.00014528838613828078
Epoch:549, Loss:0.7507944484146274, Acc:77.72, LR:0.00015000000000000026
Validation: Loss:3.7151595830917357, Acc:35.92
Epoch:550, Loss:0.7609801815480602, Acc:77.52, LR:0.00015471161386171922
Epoch:551, Loss:0.756226337685877, Acc:77.662, LR:0.00015941857792939725
Epoch:552, Loss:0.7487668115265516, Acc:77.994, LR:0.00016411624699777712
Epoch:553, Loss:0.7608907922190062, Acc:77.518, LR:0.00016879998503464583
Epoch:554, Loss:0.7570208268506187, Acc:77.548, LR:0.00017346516975603508
Validation: Loss:3.7793358325958253, Acc:35.48
Epoch:555, Loss:0.7547230708355807, Acc:77.646, LR:0.00017810719718785884
Epoch:556, Loss:0.7547266659687977, Acc:77.7, LR:0.00018272148620948175
Epoch:557, Loss:0.7594835606156564, Acc:77.534, LR:0.00018730348307472832
Epoch:558, Loss:0.7648592500054107, Acc:77.406, LR:0.00019184866590588474
Epoch:559, Loss:0.7661501132712072, Acc:77.6, LR:0.0001963525491562422
Validation: Loss:3.762945222854614, Acc:35.77
Epoch:560, Loss:0.7662118667242478, Acc:77.188, LR:0.000200810688036794
Epoch:561, Loss:0.7668456416957232, Acc:77.28, LR:0.00020521868290270174
Epoch:562, Loss:0.7674749347628379, Acc:77.366, LR:0.00020957218359521734
Epoch:563, Loss:0.7644299530253118, Acc:76.966, LR:0.0002138668937347609
Epoch:564, Loss:0.775758161836741, Acc:76.818, LR:0.00021809857496093223
Validation: Loss:3.779340624809265, Acc:35.53
Epoch:565, Loss:0.7638417737824577, Acc:77.472, LR:0.0002222630511152577
Epoch:566, Loss:0.761120045063447, Acc:77.596, LR:0.0002263562123625559
Epoch:567, Loss:0.7730926694918652, Acc:77.008, LR:0.00023037401924684992
Epoch:568, Loss:0.7669465304637442, Acc:77.294, LR:0.00023431250667781974
Epoch:569, Loss:0.7632717660495213, Acc:77.362, LR:0.00023816778784387134
Validation: Loss:3.7901546478271486, Acc:35.61
Epoch:570, Loss:0.7668685085919439, Acc:77.142, LR:0.00024193605804794663
Epoch:571, Loss:0.7708576126974456, Acc:77.228, LR:0.00024561359846230385
Epoch:572, Loss:0.7577792053319969, Acc:77.62, LR:0.0002491967797985479
Epoch:573, Loss:0.7561810418051116, Acc:77.414, LR:0.0002526820658893037
Epoch:574, Loss:0.7548255093243658, Acc:77.678, LR:0.0002560660171779823
Validation: Loss:3.7839929461479187, Acc:35.91
Epoch:575, Loss:0.7546216802937644, Acc:77.694, LR:0.0002593452941132121
Epoch:576, Loss:0.7506682951839603, Acc:77.708, LR:0.00026251666044456944
Epoch:577, Loss:0.7532922716773286, Acc:77.696, LR:0.00026557698641636873
Epoch:578, Loss:0.752077445083735, Acc:77.642, LR:0.000268523251856354
Epoch:579, Loss:0.7428695589912181, Acc:77.824, LR:0.0002713525491562424
Validation: Loss:3.813775622844696, Acc:35.7
Epoch:580, Loss:0.745559632169957, Acc:77.806, LR:0.00027406208614118467
Epoch:581, Loss:0.7376017631316671, Acc:78.214, LR:0.00027664918882530247
Epoch:582, Loss:0.7546080989497048, Acc:77.512, LR:0.00027911130405059185
Epoch:583, Loss:0.744281683041125, Acc:77.874, LR:0.0002814460020065797
Epoch:584, Loss:0.7399532971333485, Acc:78.0, LR:0.00028365097862825546
Validation: Loss:3.8749269962310793, Acc:35.42
Epoch:585, Loss:0.7275068686932934, Acc:78.29, LR:0.0002857240578699031
Epoch:586, Loss:0.7387485589299884, Acc:78.062, LR:0.00028766319385259745
Epoch:587, Loss:0.7353586116615607, Acc:77.894, LR:0.0002894664728832381
Epoch:588, Loss:0.7263069383952082, Acc:78.326, LR:0.0002911321153431341
Epoch:589, Loss:0.7302393499685793, Acc:78.16, LR:0.0002926584774442734
Validation: Loss:3.8652215600013733, Acc:35.55
Epoch:590, Loss:0.7151904793418183, Acc:78.542, LR:0.00029404405285154175
Epoch:591, Loss:0.7147890317196749, Acc:78.61, LR:0.000295287474169295
Epoch:592, Loss:0.7075340474138454, Acc:78.808, LR:0.00029638751429081236
Epoch:593, Loss:0.713224319779143, Acc:78.79, LR:0.00029734308760930364
Epoch:594, Loss:0.7083948047793641, Acc:79.016, LR:0.0002981532510892709
Validation: Loss:3.8901198863983155, Acc:35.82
Epoch:595, Loss:0.709681550458986, Acc:78.84, LR:0.000298817205197172
Epoch:596, Loss:0.7028262274605888, Acc:79.06, LR:0.0002993342946904623
Epoch:597, Loss:0.6927143615119311, Acc:79.284, LR:0.00029970400926424104
Epoch:598, Loss:0.6918128242298048, Acc:79.422, LR:0.00029992598405486004
Epoch:599, Loss:0.6895334294864109, Acc:79.368, LR:0.0003000000000000003
Validation: Loss:3.9155168771743774, Acc:35.32
Epoch:600, Loss:0.6847556805124089, Acc:79.474, LR:0.00029992598405486
Epoch:601, Loss:0.6775966183263429, Acc:79.784, LR:0.00029970400926424104
Epoch:602, Loss:0.6757722186798952, Acc:79.824, LR:0.0002993342946904623
Epoch:603, Loss:0.6659748651543442, Acc:80.024, LR:0.000298817205197172
Epoch:604, Loss:0.677927993390025, Acc:79.746, LR:0.00029815325108927096
Validation: Loss:3.9292908549308776, Acc:35.9
Epoch:605, Loss:0.6770006606773454, Acc:79.676, LR:0.00029734308760930364
Epoch:606, Loss:0.6638869363434461, Acc:80.104, LR:0.0002963875142908124
Epoch:607, Loss:0.6533948584478728, Acc:80.388, LR:0.000295287474169295
Epoch:608, Loss:0.6396879103718972, Acc:80.964, LR:0.0002940440528515418
Epoch:609, Loss:0.6347325845640532, Acc:81.156, LR:0.0002926584774442733
Validation: Loss:3.9971867322921755, Acc:35.31
Epoch:610, Loss:0.6408746601367483, Acc:80.858, LR:0.0002911321153431342
Epoch:611, Loss:0.6298575480373538, Acc:81.218, LR:0.000289466472883238
Epoch:612, Loss:0.632212375195659, Acc:80.978, LR:0.00028766319385259756
Epoch:613, Loss:0.6336948141759756, Acc:80.94, LR:0.0002857240578699032
Epoch:614, Loss:0.6137972787326696, Acc:81.622, LR:0.0002836509786282556
Validation: Loss:4.003415095806122, Acc:35.34
Epoch:615, Loss:0.6096408513127541, Acc:81.852, LR:0.00028144600200657983
Epoch:616, Loss:0.6014108639590594, Acc:82.088, LR:0.00027911130405059196
Epoch:617, Loss:0.5933698835421581, Acc:82.21, LR:0.0002766491888253026
Epoch:618, Loss:0.5984192076994448, Acc:82.046, LR:0.00027406208614118446
Epoch:619, Loss:0.5838830328109313, Acc:82.408, LR:0.00027135254915624244
Validation: Loss:4.016264355182647, Acc:35.37
Epoch:620, Loss:0.5827132496906786, Acc:82.732, LR:0.0002685232518563537
Epoch:621, Loss:0.5772316057463082, Acc:82.874, LR:0.00026557698641636873
Epoch:622, Loss:0.5679561413672506, Acc:82.954, LR:0.0002625166604445691
Epoch:623, Loss:0.5647737283487709, Acc:82.984, LR:0.00025934529411321216
Epoch:624, Loss:0.5577270160524213, Acc:83.258, LR:0.00025606601717798234
Validation: Loss:4.030270898342133, Acc:35.47
Epoch:625, Loss:0.5572798680894229, Acc:83.298, LR:0.00025268206588930373
Epoch:626, Loss:0.5579702957552306, Acc:83.326, LR:0.00024919677979854803
Epoch:627, Loss:0.5411146751471928, Acc:83.6, LR:0.00024561359846230396
Epoch:628, Loss:0.5398058073253048, Acc:83.734, LR:0.0002419360580479468
Epoch:629, Loss:0.5374837256207758, Acc:83.896, LR:0.0002381677878438711
Validation: Loss:4.046743166446686, Acc:35.61
Epoch:630, Loss:0.5258968305222842, Acc:84.27, LR:0.00023431250667781993
Epoch:631, Loss:0.5189035340231292, Acc:84.434, LR:0.00023037401924684965
Epoch:632, Loss:0.5014863634596065, Acc:84.944, LR:0.0002263562123625561
Epoch:633, Loss:0.5065211754064171, Acc:84.86, LR:0.00022226305111525748
Epoch:634, Loss:0.5094013241480808, Acc:84.894, LR:0.00021809857496093247
Validation: Loss:4.081041312217712, Acc:35.74
Epoch:635, Loss:0.4909736146124042, Acc:85.128, LR:0.00021386689373476114
Epoch:636, Loss:0.4896811453663573, Acc:85.26, LR:0.0002095721835952176
Epoch:637, Loss:0.48106355022410957, Acc:85.476, LR:0.00020521868290270198
Epoch:638, Loss:0.48229692055254564, Acc:85.738, LR:0.00020081068803679426
Epoch:639, Loss:0.4654502172251137, Acc:86.022, LR:0.00019635254915624243
Validation: Loss:4.096061038970947, Acc:35.74
Epoch:640, Loss:0.46671445454869953, Acc:86.01, LR:0.00019184866590588447
Epoch:641, Loss:0.4627888470279927, Acc:86.07, LR:0.0001873034830747286
Epoch:642, Loss:0.4541641516344888, Acc:86.368, LR:0.0001827214862094815
Epoch:643, Loss:0.45787480808034237, Acc:86.37, LR:0.0001781071971878591
Epoch:644, Loss:0.4458909883182876, Acc:86.72, LR:0.00017346516975603478
Validation: Loss:4.144687616825104, Acc:36.03
Epoch:645, Loss:0.4358196577855519, Acc:86.942, LR:0.00016879998503464608
Epoch:646, Loss:0.4410470395672078, Acc:86.934, LR:0.00016411624699777736
Epoch:647, Loss:0.43346420477847664, Acc:86.908, LR:0.00015941857792939752
Epoch:648, Loss:0.41646417336804525, Acc:87.312, LR:0.0001547116138617195
Epoch:649, Loss:0.41465585785252707, Acc:87.634, LR:0.00015000000000000056
Validation: Loss:4.1515778541564945, Acc:36.12
Epoch:650, Loss:0.41542214945871003, Acc:87.528, LR:0.00014528838613828105
Epoch:651, Loss:0.4111743088887662, Acc:87.734, LR:0.00014058142207060357
Epoch:652, Loss:0.40512536374890074, Acc:87.946, LR:0.00013588375300222264
Epoch:653, Loss:0.39871606200325244, Acc:87.932, LR:0.00013120001496535444
Epoch:654, Loss:0.4017376984868731, Acc:88.186, LR:0.00012653483024396573
Validation: Loss:4.192258584499359, Acc:35.65
Epoch:655, Loss:0.3919740270595161, Acc:88.17, LR:0.00012189280281214194
Epoch:656, Loss:0.38942183250067186, Acc:88.27, LR:0.00011727851379051848
Epoch:657, Loss:0.3795801279496174, Acc:88.9, LR:0.00011269651692527192
Epoch:658, Loss:0.37491109541484285, Acc:88.798, LR:0.00010815133409411604
Epoch:659, Loss:0.3746470647807024, Acc:88.832, LR:0.00010364745084375859
Validation: Loss:4.206671714782715, Acc:35.7
Epoch:660, Loss:0.3694649487733841, Acc:88.968, LR:9.918931196320625e-05
Epoch:661, Loss:0.3632522933945364, Acc:89.13, LR:9.478131709729855e-05
Epoch:662, Loss:0.3642901784303237, Acc:89.144, LR:9.04278164047834e-05
Epoch:663, Loss:0.35843472243571767, Acc:89.382, LR:8.613310626523889e-05
Epoch:664, Loss:0.35975707185511685, Acc:89.214, LR:8.190142503906803e-05
Validation: Loss:4.195996356010437, Acc:35.91
Epoch:665, Loss:0.3510426579385388, Acc:89.578, LR:7.773694888474301e-05
Epoch:666, Loss:0.3457467811448233, Acc:89.716, LR:7.364378763744486e-05
Epoch:667, Loss:0.34264515173070287, Acc:89.604, LR:6.962598075315039e-05
Epoch:668, Loss:0.344954539318474, Acc:89.576, LR:6.568749332218055e-05
Epoch:669, Loss:0.3384101977761911, Acc:90.044, LR:6.183221215612939e-05
Validation: Loss:4.207868957519532, Acc:35.82
Epoch:670, Loss:0.3338742204466645, Acc:89.972, LR:5.80639419520541e-05
Epoch:671, Loss:0.32864829624185754, Acc:90.298, LR:5.438640153769651e-05
Epoch:672, Loss:0.32033929015908924, Acc:90.534, LR:5.080322020145241e-05
Epoch:673, Loss:0.3280146211689832, Acc:90.216, LR:4.731793411069709e-05
Epoch:674, Loss:0.3296986514208268, Acc:90.202, LR:4.3933982822017714e-05
Validation: Loss:4.206399941444397, Acc:36.34
Epoch:675, Loss:0.3199331909418106, Acc:90.492, LR:4.065470588678831e-05
Epoch:676, Loss:0.32219318315690876, Acc:90.442, LR:3.7483339555431305e-05
Epoch:677, Loss:0.3112780889686273, Acc:90.818, LR:3.442301358363202e-05
Epoch:678, Loss:0.3121404181025466, Acc:90.7, LR:3.147674814364636e-05
Epoch:679, Loss:0.3057876449762558, Acc:91.008, LR:2.8647450843757985e-05
Validation: Loss:4.221590423583985, Acc:36.29
Epoch:680, Loss:0.30283037481867536, Acc:91.056, LR:2.5937913858815975e-05
Epoch:681, Loss:0.30777375171987376, Acc:90.972, LR:2.3350811174698137e-05
Epoch:682, Loss:0.30087196036260955, Acc:91.114, LR:2.0888695949408434e-05
Epoch:683, Loss:0.30612507629759456, Acc:91.01, LR:1.855399799342059e-05
Epoch:684, Loss:0.3041690966608573, Acc:91.142, LR:1.6349021371745074e-05
Validation: Loss:4.217745113372803, Acc:36.1
Epoch:685, Loss:0.30340840743512526, Acc:91.06, LR:1.4275942130096973e-05
Epoch:686, Loss:0.29758405989530134, Acc:91.12, LR:1.2336806147402854e-05
Epoch:687, Loss:0.2951458316980576, Acc:91.216, LR:1.0533527116762422e-05
Epoch:688, Loss:0.29809285289779003, Acc:91.338, LR:8.867884656866405e-06
Epoch:689, Loss:0.2935422196680186, Acc:91.314, LR:7.341522555726927e-06
Validation: Loss:4.228967034816742, Acc:36.27
Epoch:690, Loss:0.2975625494609074, Acc:91.224, LR:5.955947148458595e-06
Epoch:691, Loss:0.2920792958870226, Acc:91.304, LR:4.712525830705442e-06
Epoch:692, Loss:0.2954411076343789, Acc:91.168, LR:3.6124857091879374e-06
Epoch:693, Loss:0.2909157454055183, Acc:91.326, LR:2.656912390696694e-06
Epoch:694, Loss:0.2966829507934804, Acc:91.15, LR:1.846748910729386e-06
Validation: Loss:4.228142726421356, Acc:36.25
Epoch:695, Loss:0.3009841569832393, Acc:91.042, LR:1.182794802828403e-06
Epoch:696, Loss:0.2909088454076222, Acc:91.438, LR:6.657053095379845e-07
Epoch:697, Loss:0.29542573328529087, Acc:91.352, LR:2.959907357592664e-07
Epoch:698, Loss:0.29361338791798575, Acc:91.306, LR:7.401594514027672e-08
Epoch:699, Loss:0.29134759261291854, Acc:91.448, LR:0.0
Validation: Loss:4.214808559417724, Acc:36.28
Epoch:700, Loss:0.2931087394149936, Acc:91.306, LR:7.401594514025999e-08
Epoch:701, Loss:0.2957815027662686, Acc:91.18, LR:2.959907357591829e-07
Epoch:702, Loss:0.28998155374916235, Acc:91.384, LR:6.657053095378007e-07
Epoch:703, Loss:0.28840189822474305, Acc:91.638, LR:1.1827948028280358e-06
Epoch:704, Loss:0.2922365946733222, Acc:91.402, LR:1.8467489107289189e-06
Validation: Loss:4.223483407497406, Acc:36.13
Epoch:705, Loss:0.2881005277134934, Acc:91.462, LR:2.656912390696044e-06
Epoch:706, Loss:0.2965208827232828, Acc:91.222, LR:3.612485709186955e-06
Epoch:707, Loss:0.2923783203777002, Acc:91.414, LR:4.7125258307043105e-06
Epoch:708, Loss:0.2888358981937778, Acc:91.54, LR:5.955947148457165e-06
Epoch:709, Loss:0.2896506143163662, Acc:91.468, LR:7.3415225557251836e-06
Validation: Loss:4.229777610301971, Acc:36.24
Epoch:710, Loss:0.2903413022963368, Acc:91.446, LR:8.867884656864135e-06
Epoch:711, Loss:0.2901662718884799, Acc:91.474, LR:1.0533527116759942e-05
Epoch:712, Loss:0.28779225629203176, Acc:91.578, LR:1.2336806147399967e-05
Epoch:713, Loss:0.2980390064874474, Acc:91.248, LR:1.4275942130093647e-05
Epoch:714, Loss:0.29057894662326694, Acc:91.464, LR:1.6349021371741266e-05
Validation: Loss:4.228823101520538, Acc:36.42
Epoch:715, Loss:0.29190813324281145, Acc:91.432, LR:1.8553997993416267e-05
Epoch:716, Loss:0.29067975906085, Acc:91.472, LR:2.0888695949403582e-05
Epoch:717, Loss:0.29469425824223733, Acc:91.284, LR:2.335081117469215e-05
Epoch:718, Loss:0.2994999969188048, Acc:91.216, LR:2.5937913858809968e-05
Epoch:719, Loss:0.29761485801059373, Acc:91.13, LR:2.864745084375136e-05
Validation: Loss:4.245506525039673, Acc:35.82
Epoch:720, Loss:0.2965480701959863, Acc:91.208, LR:3.1476748143639096e-05
Epoch:721, Loss:0.3022090918859657, Acc:90.92, LR:3.442301358362374e-05
Epoch:722, Loss:0.29663983975746194, Acc:91.194, LR:3.7483339555422666e-05
Epoch:723, Loss:0.29216071932899706, Acc:91.35, LR:4.065470588677894e-05
Epoch:724, Loss:0.30354600475758925, Acc:90.928, LR:4.3933982822007597e-05
Validation: Loss:4.2611612200737, Acc:36.08
Epoch:725, Loss:0.29762797376939226, Acc:91.13, LR:4.731793411068621e-05
Epoch:726, Loss:0.2983511114607052, Acc:91.192, LR:5.080322020144073e-05
Epoch:727, Loss:0.30581898804830043, Acc:90.942, LR:5.438640153768402e-05
Epoch:728, Loss:0.304299890842973, Acc:90.942, LR:5.8063941952040364e-05
Epoch:729, Loss:0.30045842881105383, Acc:91.046, LR:6.18322121561152e-05
Validation: Loss:4.260535943508148, Acc:36.17
Epoch:730, Loss:0.3080086032955014, Acc:91.038, LR:6.568749332216548e-05
Epoch:731, Loss:0.3026693390340221, Acc:91.022, LR:6.962598075313442e-05
Epoch:732, Loss:0.31825688192430807, Acc:90.658, LR:7.364378763742751e-05
Epoch:733, Loss:0.3177207516772406, Acc:90.462, LR:7.77369488847252e-05
Epoch:734, Loss:0.3126213313365469, Acc:90.682, LR:8.190142503904929e-05
Validation: Loss:4.271563255786896, Acc:35.95
Epoch:735, Loss:0.313237299724501, Acc:90.644, LR:8.613310626521917e-05
Epoch:736, Loss:0.3135783722510143, Acc:90.592, LR:9.042781640476268e-05
Epoch:737, Loss:0.3183516184894406, Acc:90.492, LR:9.478131709727682e-05
Epoch:738, Loss:0.32137491721279765, Acc:90.382, LR:9.918931196318353e-05
Epoch:739, Loss:0.31797154475839773, Acc:90.434, LR:0.00010364745084373434
Validation: Loss:4.300316905975341, Acc:36.18
Epoch:740, Loss:0.32645549701184645, Acc:90.26, LR:0.00010815133409409127
Epoch:741, Loss:0.32708948227215784, Acc:90.038, LR:0.00011269651692524613
Epoch:742, Loss:0.32593981283051626, Acc:90.27, LR:0.00011727851379049164
Epoch:743, Loss:0.3383228299873216, Acc:89.896, LR:0.00012189280281211353
Epoch:744, Loss:0.33435246667691637, Acc:90.12, LR:0.00012653483024393676
Validation: Loss:4.349904215335846, Acc:36.0
Epoch:745, Loss:0.33289554852003955, Acc:90.038, LR:0.0001312000149653244
Epoch:746, Loss:0.3355131219236218, Acc:89.802, LR:0.0001358837530021921
Epoch:747, Loss:0.3413233069740996, Acc:89.756, LR:0.0001405814220705714
Epoch:748, Loss:0.3359401112004202, Acc:89.866, LR:0.0001452883861382478
Epoch:749, Loss:0.347360798594903, Acc:89.558, LR:0.00014999999999996567
Validation: Loss:4.334036946296692, Acc:36.29
Epoch:750, Loss:0.34955508337945357, Acc:89.588, LR:0.00015471161386168406
Epoch:751, Loss:0.3554343076384797, Acc:89.404, LR:0.000159418577929361
Epoch:752, Loss:0.3553775117105367, Acc:89.236, LR:0.0001641162469977398
Epoch:753, Loss:0.35365646682223495, Acc:89.352, LR:0.00016879998503460696
Epoch:754, Loss:0.35747686575870125, Acc:89.306, LR:0.00017346516975599513
Validation: Loss:4.350123536586762, Acc:35.8
Epoch:755, Loss:0.36401680172706136, Acc:89.004, LR:0.0001781071971878184
Epoch:756, Loss:0.35793427514786624, Acc:89.298, LR:0.0001827214862094398
Epoch:757, Loss:0.3619571486297919, Acc:89.166, LR:0.0001873034830746858
Epoch:758, Loss:0.3682007932541322, Acc:88.99, LR:0.00019184866590584118
Epoch:759, Loss:0.3667284697294235, Acc:88.886, LR:0.00019635254915619763
Validation: Loss:4.3394183874130245, Acc:35.69
Epoch:760, Loss:0.3667847812175751, Acc:88.98, LR:0.00020081068803674793
Epoch:761, Loss:0.36443584032204684, Acc:88.898, LR:0.00020521868290265515
Epoch:762, Loss:0.3775416880237813, Acc:88.816, LR:0.00020957218359516977
Epoch:763, Loss:0.3799967315732216, Acc:88.432, LR:0.00021386689373471235
Epoch:764, Loss:0.3800223767757416, Acc:88.618, LR:0.00021809857496088274
Validation: Loss:4.367003953456878, Acc:35.9
Epoch:765, Loss:0.3780960008806112, Acc:88.622, LR:0.00022226305111520682
Epoch:766, Loss:0.3724299401653056, Acc:88.638, LR:0.0002263562123625045
Epoch:767, Loss:0.3792437509614594, Acc:88.59, LR:0.00023037401924679718
Epoch:768, Loss:0.38126846691783595, Acc:88.352, LR:0.00023431250667776656
Epoch:769, Loss:0.388038413257015, Acc:88.33, LR:0.0002381677878438173
Validation: Loss:4.375843644142151, Acc:35.72
Epoch:770, Loss:0.39445866644382477, Acc:88.108, LR:0.0002419360580478917
Epoch:771, Loss:0.4008239933422634, Acc:87.9, LR:0.0002456135984622476
Epoch:772, Loss:0.3819896642650877, Acc:88.382, LR:0.00024919677979849127
Epoch:773, Loss:0.3787419184738276, Acc:88.508, LR:0.0002526820658892462
Epoch:774, Loss:0.39447557287556784, Acc:87.91, LR:0.00025606601717792407
Validation: Loss:4.331214952468872, Acc:35.52
Epoch:775, Loss:0.3916149108993764, Acc:88.026, LR:0.0002593452941131531
Epoch:776, Loss:0.390005280168689, Acc:88.256, LR:0.00026251666044450943
Epoch:777, Loss:0.39894388007874393, Acc:88.002, LR:0.00026557698641630834
Epoch:778, Loss:0.38573521254014, Acc:88.266, LR:0.00026852325185629266
Epoch:779, Loss:0.39351294934749603, Acc:87.954, LR:0.00027135254915618075
Validation: Loss:4.356799077987671, Acc:35.49
Epoch:780, Loss:0.39925836574058143, Acc:87.974, LR:0.0002740620861411224
Epoch:781, Loss:0.3928979159313805, Acc:87.982, LR:0.00027664918882523964
Epoch:782, Loss:0.3878308698839071, Acc:88.364, LR:0.0002791113040505285
Epoch:783, Loss:0.3955809245912396, Acc:88.184, LR:0.0002814460020065158
Epoch:784, Loss:0.3919909559950537, Acc:88.202, LR:0.00028365097862819105
Validation: Loss:4.350948429107666, Acc:36.07
Epoch:785, Loss:0.39193233452281173, Acc:88.158, LR:0.0002857240578698382
Epoch:786, Loss:0.3938754422932255, Acc:88.02, LR:0.00028766319385253213
Epoch:787, Loss:0.40069325146626456, Acc:87.936, LR:0.0002894664728831722
Epoch:788, Loss:0.38505092202400676, Acc:88.286, LR:0.000291132115343068
Epoch:789, Loss:0.387660378096055, Acc:88.31, LR:0.0002926584774442068
Validation: Loss:4.359789729118347, Acc:35.53
Epoch:790, Loss:0.38626875804395094, Acc:88.314, LR:0.000294044052851475
Epoch:791, Loss:0.38739961750653323, Acc:88.196, LR:0.000295287474169228
Epoch:792, Loss:0.3853132861609362, Acc:88.268, LR:0.00029638751429074514
Epoch:793, Loss:0.3894068662609373, Acc:88.316, LR:0.0002973430876092362
Epoch:794, Loss:0.3804366834917847, Acc:88.396, LR:0.0002981532510892033
Validation: Loss:4.360484266281128, Acc:35.23
Epoch:795, Loss:0.3856971203064432, Acc:88.434, LR:0.0002988172051971042
Epoch:796, Loss:0.3849943602571682, Acc:88.458, LR:0.0002993342946903944
Epoch:797, Loss:0.37867552954323436, Acc:88.502, LR:0.00029970400926417306
Epoch:798, Loss:0.38107287275547885, Acc:88.398, LR:0.000299925984054792
Epoch:799, Loss:0.3747922121262064, Acc:88.74, LR:0.00029999999999993227
Validation: Loss:4.3429255247116085, Acc:35.79
Epoch:800, Loss:0.3756687738457505, Acc:88.558, LR:0.000299925984054792
Epoch:801, Loss:0.36913210579327177, Acc:88.9, LR:0.0002997040092641731
Epoch:802, Loss:0.36536299847826664, Acc:88.886, LR:0.00029933429469039443
Epoch:803, Loss:0.3661473408645513, Acc:89.054, LR:0.00029881720519710426
Epoch:804, Loss:0.3631360138557395, Acc:88.872, LR:0.00029815325108920336
Validation: Loss:4.381229305267334, Acc:35.22
Epoch:805, Loss:0.3631174412308907, Acc:89.04, LR:0.0002973430876092362
Epoch:806, Loss:0.3597335672500182, Acc:89.212, LR:0.0002963875142907452
Epoch:807, Loss:0.3658889437816581, Acc:89.048, LR:0.00029528747416922806
Epoch:808, Loss:0.3583070836505111, Acc:89.06, LR:0.0002940440528514751
Epoch:809, Loss:0.3524900951555797, Acc:89.338, LR:0.0002926584774442071
Validation: Loss:4.401187086105347, Acc:35.46
Epoch:810, Loss:0.351136106921702, Acc:89.23, LR:0.0002911321153430682
Epoch:811, Loss:0.35529154235002947, Acc:89.16, LR:0.0002894664728831724
Epoch:812, Loss:0.34799497833057325, Acc:89.452, LR:0.00028766319385253235
Epoch:813, Loss:0.3338383150343992, Acc:89.756, LR:0.0002857240578698385
Epoch:814, Loss:0.3412200364531303, Acc:89.712, LR:0.0002836509786281913
Validation: Loss:4.386805367469788, Acc:35.5
Epoch:815, Loss:0.33584908776137296, Acc:89.858, LR:0.0002814460020065161
Epoch:816, Loss:0.3320104677458199, Acc:89.858, LR:0.00027911130405052875
Epoch:817, Loss:0.32799643126069283, Acc:90.118, LR:0.00027664918882523985
Epoch:818, Loss:0.3289903735323828, Acc:90.026, LR:0.00027406208614112233
Epoch:819, Loss:0.3183879628777504, Acc:90.334, LR:0.00027135254915618096
Validation: Loss:4.408028149604798, Acc:35.71
Epoch:820, Loss:0.3184104189276695, Acc:90.338, LR:0.00026852325185629326
Epoch:821, Loss:0.31320429091550867, Acc:90.608, LR:0.0002655769864163086
Epoch:822, Loss:0.3085727944057815, Acc:90.608, LR:0.0002625166604445097
Epoch:823, Loss:0.31138542796276053, Acc:90.552, LR:0.00025934529411315345
Epoch:824, Loss:0.30253674774145595, Acc:90.92, LR:0.0002560660171779244
Validation: Loss:4.3919593572616575, Acc:35.81
Epoch:825, Loss:0.3104657053339238, Acc:90.66, LR:0.00025268206588924654
Epoch:826, Loss:0.3007430961849738, Acc:91.06, LR:0.00024919677979849165
Epoch:827, Loss:0.30114126357497, Acc:90.858, LR:0.00024561359846224834
Epoch:828, Loss:0.29228711964524523, Acc:91.236, LR:0.000241936058047892
Epoch:829, Loss:0.28817295678416077, Acc:91.332, LR:0.0002381677878438172
Validation: Loss:4.39533941745758, Acc:36.08
Epoch:830, Loss:0.27601865040404455, Acc:91.684, LR:0.00023431250667776694
Epoch:831, Loss:0.2780704948366905, Acc:91.65, LR:0.0002303740192467975
Epoch:832, Loss:0.2779673550810133, Acc:91.586, LR:0.00022635621236250485
Epoch:833, Loss:0.2771733068690008, Acc:91.638, LR:0.00022226305111520714
Epoch:834, Loss:0.27165375254592117, Acc:91.746, LR:0.0002180985749608831
Validation: Loss:4.4441383361816404, Acc:35.72
Epoch:835, Loss:0.2664826992823153, Acc:91.988, LR:0.0002138668937347127
Epoch:836, Loss:0.26887827685901095, Acc:91.774, LR:0.00020957218359516966
Epoch:837, Loss:0.25921530261331677, Acc:92.252, LR:0.00020521868290265553
Epoch:838, Loss:0.26196807318804216, Acc:92.11, LR:0.0002008106880367488
Epoch:839, Loss:0.2541223493765812, Acc:92.414, LR:0.00019635254915619798
Validation: Loss:4.454351329803467, Acc:36.02
Epoch:840, Loss:0.2468052407612606, Acc:92.66, LR:0.00019184866590584104
Epoch:841, Loss:0.2511329676727859, Acc:92.466, LR:0.0001873034830746862
Epoch:842, Loss:0.2429132949636907, Acc:92.636, LR:0.00018272148620944014
Epoch:843, Loss:0.24324889329014993, Acc:92.78, LR:0.0001781071971878188
Epoch:844, Loss:0.23389368899622742, Acc:92.996, LR:0.00017346516975599554
Validation: Loss:4.408024024963379, Acc:36.13
Epoch:845, Loss:0.23679394138102627, Acc:92.798, LR:0.00016879998503460788
Epoch:846, Loss:0.2229428070844436, Acc:93.364, LR:0.00016411624699774023
Epoch:847, Loss:0.22629042532371016, Acc:93.284, LR:0.00015941857792936093
Epoch:848, Loss:0.22259398260895086, Acc:93.47, LR:0.0001547116138616845
Epoch:849, Loss:0.2204673384525338, Acc:93.468, LR:0.00014999999999996662
Validation: Loss:4.48405659198761, Acc:36.11
Epoch:850, Loss:0.21190550816910608, Acc:93.65, LR:0.0001452883861382482
Epoch:851, Loss:0.21213488280773163, Acc:93.732, LR:0.00014058142207057126
Epoch:852, Loss:0.20545543943132674, Acc:93.958, LR:0.00013588375300219245
Epoch:853, Loss:0.20588346981272407, Acc:93.802, LR:0.0001312000149653248
Epoch:854, Loss:0.20578026406619013, Acc:93.99, LR:0.0001265348302439366
Validation: Loss:4.46659905910492, Acc:36.43
Epoch:855, Loss:0.2040292540070962, Acc:93.828, LR:0.00012189280281211387
Epoch:856, Loss:0.1965608573993858, Acc:94.178, LR:0.0001172785137904925
Epoch:857, Loss:0.19209013271088504, Acc:94.294, LR:0.00011269651692524647
Epoch:858, Loss:0.19056122461143804, Acc:94.242, LR:0.0001081513340940911
Epoch:859, Loss:0.19092310828213788, Acc:94.318, LR:0.00010364745084373467
Validation: Loss:4.454458236694336, Acc:36.76
Epoch:860, Loss:0.18731016034678538, Acc:94.468, LR:9.918931196318436e-05
Epoch:861, Loss:0.18837666207430315, Acc:94.388, LR:9.478131709727713e-05
Epoch:862, Loss:0.17526439569738447, Acc:94.78, LR:9.042781640476249e-05
Epoch:863, Loss:0.17968149901348718, Acc:94.612, LR:8.61331062652199e-05
Epoch:864, Loss:0.17880292198791795, Acc:94.682, LR:8.190142503904952e-05
Validation: Loss:4.469773483276367, Acc:36.63
Epoch:865, Loss:0.16647052612839913, Acc:95.194, LR:7.773694888472497e-05
Epoch:866, Loss:0.16785479435811237, Acc:95.048, LR:7.364378763742775e-05
Epoch:867, Loss:0.17346697589572596, Acc:94.822, LR:6.96259807531351e-05
Epoch:868, Loss:0.16706042189379128, Acc:95.098, LR:6.568749332216568e-05
Epoch:869, Loss:0.16654538218768275, Acc:95.04, LR:6.183221215611498e-05
Validation: Loss:4.466427421569824, Acc:36.47
Epoch:870, Loss:0.1646855703117896, Acc:95.206, LR:5.806394195204057e-05
Epoch:871, Loss:0.16132802501016733, Acc:95.31, LR:5.4386401537684644e-05
Epoch:872, Loss:0.15919382862594664, Acc:95.354, LR:5.0803220201440525e-05
Epoch:873, Loss:0.15825076150346776, Acc:95.378, LR:4.7317934110686006e-05
Epoch:874, Loss:0.1599247570396686, Acc:95.276, LR:4.393398282200816e-05
Validation: Loss:4.481595754623413, Acc:36.65
Epoch:875, Loss:0.15669980599563949, Acc:95.382, LR:4.065470588677912e-05
Epoch:876, Loss:0.1472723349472698, Acc:95.628, LR:3.748333955542248e-05
Epoch:877, Loss:0.15076159358936914, Acc:95.516, LR:3.44230135836239e-05
Epoch:878, Loss:0.14861625957549834, Acc:95.714, LR:3.147674814363958e-05
Epoch:879, Loss:0.14929781352378885, Acc:95.706, LR:2.864745084375151e-05
Validation: Loss:4.478599810600281, Acc:36.72
Epoch:880, Loss:0.15291913043783636, Acc:95.52, LR:2.5937913858809816e-05
Epoch:881, Loss:0.15141051483093476, Acc:95.63, LR:2.335081117469258e-05
Epoch:882, Loss:0.1433627928550146, Acc:95.874, LR:2.0888695949404e-05
Epoch:883, Loss:0.14253135626109278, Acc:95.828, LR:1.8553997993416135e-05
Epoch:884, Loss:0.13887176221730757, Acc:95.988, LR:1.6349021371741137e-05
Validation: Loss:4.4863234758377075, Acc:36.53
Epoch:885, Loss:0.14413964626740436, Acc:95.934, LR:1.4275942130093986e-05
Epoch:886, Loss:0.14712645942155195, Acc:95.584, LR:1.2336806147400074e-05
Epoch:887, Loss:0.14182794466614723, Acc:95.894, LR:1.053352711675985e-05
Epoch:888, Loss:0.14040466808542915, Acc:95.922, LR:8.867884656864227e-06
Epoch:889, Loss:0.13881720153956997, Acc:96.028, LR:7.341522555725444e-06
Validation: Loss:4.492585134506226, Acc:36.45
Epoch:890, Loss:0.1426223942211696, Acc:95.87, LR:5.955947148457094e-06
Epoch:891, Loss:0.14178959318265624, Acc:95.846, LR:4.712525830704257e-06
Epoch:892, Loss:0.13718246341663964, Acc:96.076, LR:3.6124857091871353e-06
Epoch:893, Loss:0.13704012691670533, Acc:96.0, LR:2.6569123906961914e-06
Epoch:894, Loss:0.1335199367330999, Acc:96.15, LR:1.8467489107288837e-06
Validation: Loss:4.48367292881012, Acc:36.53
Epoch:895, Loss:0.1400991046459091, Acc:95.896, LR:1.182794802828068e-06
Epoch:896, Loss:0.13820156211755713, Acc:95.96, LR:6.657053095378835e-07
Epoch:897, Loss:0.14195199363998004, Acc:95.746, LR:2.959907357591993e-07
Epoch:898, Loss:0.1402570666099081, Acc:95.928, LR:7.401594514024328e-08
Epoch:899, Loss:0.13364043573335727, Acc:96.142, LR:0.0
Validation: Loss:4.491516399383545, Acc:36.47
Epoch:900, Loss:0.1389521828719548, Acc:95.978, LR:7.401594514025999e-08
Epoch:901, Loss:0.13286289610728927, Acc:96.28, LR:2.959907357592828e-07
Epoch:902, Loss:0.13932103374782873, Acc:95.94, LR:6.657053095380004e-07
Epoch:903, Loss:0.13165418940539264, Acc:96.112, LR:1.182794802828285e-06
Epoch:904, Loss:0.13648929211254024, Acc:95.962, LR:1.846748910729251e-06
Validation: Loss:4.486196780204773, Acc:36.39
Epoch:905, Loss:0.13215293537597267, Acc:96.16, LR:2.656912390696741e-06
Epoch:906, Loss:0.13732080169174135, Acc:96.048, LR:3.6124857091878675e-06
Epoch:907, Loss:0.13621267395056025, Acc:95.972, LR:4.712525830705238e-06
Epoch:908, Loss:0.13472726522963874, Acc:96.13, LR:5.955947148458656e-06
Epoch:909, Loss:0.13961705238539346, Acc:95.944, LR:7.341522555726986e-06
Validation: Loss:4.484609389305115, Acc:36.49
Epoch:910, Loss:0.13618384529741442, Acc:96.094, LR:8.867884656866114e-06
Epoch:911, Loss:0.13649297961775136, Acc:96.072, LR:1.0533527116762113e-05
Epoch:912, Loss:0.13897703131850886, Acc:95.92, LR:1.2336806147402945e-05
Epoch:913, Loss:0.1403331568046492, Acc:95.998, LR:1.4275942130097064e-05
Epoch:914, Loss:0.13953001698365017, Acc:96.042, LR:1.6349021371744684e-05
Validation: Loss:4.491962933540345, Acc:36.5
Epoch:915, Loss:0.13506793496864183, Acc:96.04, LR:1.8553997993420184e-05
Epoch:916, Loss:0.1320122629404068, Acc:96.152, LR:2.0888695949408556e-05
Epoch:917, Loss:0.13981900637855335, Acc:95.966, LR:2.3350811174697676e-05
Epoch:918, Loss:0.1392946050179248, Acc:95.928, LR:2.5937913858815494e-05
Epoch:919, Loss:0.13753904751977142, Acc:96.032, LR:2.8647450843758097e-05
Validation: Loss:4.49824640750885, Acc:36.51
Epoch:920, Loss:0.14005432817704824, Acc:95.892, LR:3.147674814364649e-05
Epoch:921, Loss:0.1392192763789576, Acc:95.966, LR:3.442301358363148e-05
Epoch:922, Loss:0.13836467136838, Acc:96.064, LR:3.748333955543073e-05
Epoch:923, Loss:0.1404536493426683, Acc:95.988, LR:4.0654705886788455e-05
Epoch:924, Loss:0.1404705693070986, Acc:95.992, LR:4.3933982822017856e-05
Validation: Loss:4.5124225378036495, Acc:36.43
Epoch:925, Loss:0.14140608154085219, Acc:95.91, LR:4.731793411069647e-05
Epoch:926, Loss:0.1420156431137299, Acc:95.946, LR:5.080322020145175e-05
Epoch:927, Loss:0.14504609591498666, Acc:95.808, LR:5.438640153769667e-05
Epoch:928, Loss:0.1436474621295929, Acc:95.844, LR:5.8063941952053435e-05
Epoch:929, Loss:0.14727755172216161, Acc:95.666, LR:6.183221215612871e-05
Validation: Loss:4.511257195472718, Acc:36.47
Epoch:930, Loss:0.15026201665097352, Acc:95.608, LR:6.568749332218071e-05
Epoch:931, Loss:0.15113806504071975, Acc:95.626, LR:6.962598075315057e-05
Epoch:932, Loss:0.15102133793490274, Acc:95.554, LR:7.364378763744412e-05
Epoch:933, Loss:0.15213820056951777, Acc:95.59, LR:7.773694888474227e-05
Epoch:934, Loss:0.15481232007851406, Acc:95.472, LR:8.190142503906822e-05
Validation: Loss:4.554810190200806, Acc:36.22
Epoch:935, Loss:0.15440745644119322, Acc:95.43, LR:8.613310626523906e-05
Epoch:936, Loss:0.15734206193259784, Acc:95.356, LR:9.042781640478262e-05
Epoch:937, Loss:0.16154451493401917, Acc:95.112, LR:9.478131709729773e-05
Epoch:938, Loss:0.1658955788125797, Acc:95.056, LR:9.918931196320642e-05
Epoch:939, Loss:0.1647705228961244, Acc:95.106, LR:0.00010364745084375776
Validation: Loss:4.57201931476593, Acc:35.97
Epoch:940, Loss:0.1653852887755754, Acc:95.104, LR:0.00010815133409411521
Epoch:941, Loss:0.1682850690368487, Acc:95.028, LR:0.00011269651692527214
Epoch:942, Loss:0.16814500747286543, Acc:95.014, LR:0.0001172785137905187
Epoch:943, Loss:0.16911889506237848, Acc:95.01, LR:0.00012189280281214111
Epoch:944, Loss:0.16829092511717153, Acc:95.05, LR:0.0001265348302439649
Validation: Loss:4.577309966087341, Acc:35.87
Epoch:945, Loss:0.17706404945680074, Acc:94.742, LR:0.00013120001496535466
Epoch:946, Loss:0.17713296960811226, Acc:94.604, LR:0.00013588375300222286
Epoch:947, Loss:0.1804090479806978, Acc:94.632, LR:0.00014058142207060273
Epoch:948, Loss:0.18527198598092917, Acc:94.398, LR:0.0001452883861382802
Epoch:949, Loss:0.1816108802295461, Acc:94.626, LR:0.00015000000000000023
Validation: Loss:4.548193907737732, Acc:36.13
Epoch:950, Loss:0.1783997379243374, Acc:94.514, LR:0.0001547116138617192
Epoch:951, Loss:0.18172076238053186, Acc:94.596, LR:0.00015941857792939665
Epoch:952, Loss:0.1911146631654428, Acc:94.284, LR:0.00016411624699777755
Epoch:953, Loss:0.19431000430973208, Acc:94.23, LR:0.00016879998503464578
Epoch:954, Loss:0.19549805944671436, Acc:94.132, LR:0.00017346516975603449
Validation: Loss:4.5708822250366214, Acc:35.71
Epoch:955, Loss:0.196961232746134, Acc:94.04, LR:0.00017810719718785824
Epoch:956, Loss:0.20392419823578425, Acc:93.838, LR:0.0001827214862094817
Epoch:957, Loss:0.19869518059552932, Acc:94.036, LR:0.00018730348307472827
Epoch:958, Loss:0.21154835607324327, Acc:93.654, LR:0.0001918486659058842
Epoch:959, Loss:0.20756664309574632, Acc:93.726, LR:0.00019635254915624165
Validation: Loss:4.601167392730713, Acc:35.77
Epoch:960, Loss:0.2055771533323794, Acc:93.762, LR:0.00020081068803679399
Epoch:961, Loss:0.20580288737404104, Acc:93.766, LR:0.0002052186829027017
Epoch:962, Loss:0.21196442249478126, Acc:93.67, LR:0.00020957218359521685
Epoch:963, Loss:0.21442199665672926, Acc:93.594, LR:0.00021386689373476136
Epoch:964, Loss:0.22526315432422014, Acc:93.266, LR:0.00021809857496093223
Validation: Loss:4.579636669158935, Acc:35.92
Epoch:965, Loss:0.22098030514863073, Acc:93.41, LR:0.0002222630511152573
Epoch:966, Loss:0.22212319745092976, Acc:93.302, LR:0.00022635621236255545
Epoch:967, Loss:0.226064427622727, Acc:93.154, LR:0.0002303740192468499
Epoch:968, Loss:0.22613294635500228, Acc:93.216, LR:0.00023431250667781977
Epoch:969, Loss:0.23026662547977603, Acc:92.91, LR:0.0002381677878438709
Validation: Loss:4.597080159187317, Acc:35.1
Epoch:970, Loss:0.22343670227089707, Acc:93.252, LR:0.00024193605804794706
Epoch:971, Loss:0.22987299670978467, Acc:93.084, LR:0.0002456135984623038
Epoch:972, Loss:0.22110372629700875, Acc:93.19, LR:0.00024919677979854787
Epoch:973, Loss:0.2212642695830793, Acc:93.294, LR:0.0002526820658893032
Epoch:974, Loss:0.2289636714421973, Acc:92.93, LR:0.00025606601717798256
Validation: Loss:4.61753888130188, Acc:35.62
Epoch:975, Loss:0.22981086935924025, Acc:92.93, LR:0.000259345294113212
Epoch:976, Loss:0.23803779391609892, Acc:92.828, LR:0.000262516660444569
Epoch:977, Loss:0.23574759187747021, Acc:92.842, LR:0.0002655769864163683
Epoch:978, Loss:0.24656912897314345, Acc:92.46, LR:0.000268523251856354
Epoch:979, Loss:0.24207673814831948, Acc:92.654, LR:0.0002713525491562424
Validation: Loss:4.553767848014831, Acc:36.01
Epoch:980, Loss:0.2351087085446533, Acc:92.83, LR:0.0002740620861411844
Epoch:981, Loss:0.24426373550478292, Acc:92.592, LR:0.00027664918882530285
Epoch:982, Loss:0.24113798354353225, Acc:92.768, LR:0.000279111304050592
Epoch:983, Loss:0.24427786119738404, Acc:92.606, LR:0.0002814460020065799
Epoch:984, Loss:0.23649809403078897, Acc:92.87, LR:0.0002836509786282554
Validation: Loss:4.559370541572571, Acc:35.32
Epoch:985, Loss:0.24838009917614412, Acc:92.482, LR:0.00028572405786990353
Epoch:986, Loss:0.24135942954798134, Acc:92.67, LR:0.0002876631938525977
Epoch:987, Loss:0.2436395483661671, Acc:92.614, LR:0.00028946647288323815
Epoch:988, Loss:0.238203231625411, Acc:92.8, LR:0.0002911321153431342
Epoch:989, Loss:0.2449492187220223, Acc:92.512, LR:0.0002926584774442737
Validation: Loss:4.615919780731201, Acc:35.32
Epoch:990, Loss:0.23616973037014202, Acc:92.826, LR:0.0002940440528515421
Epoch:991, Loss:0.2418314280862711, Acc:92.72, LR:0.00029528747416929517
Epoch:992, Loss:0.2439404785328982, Acc:92.6, LR:0.00029638751429081285
Epoch:993, Loss:0.244151128798115, Acc:92.496, LR:0.00029734308760930397
Epoch:994, Loss:0.2477833878020851, Acc:92.578, LR:0.0002981532510892713
Validation: Loss:4.540390419960022, Acc:35.95
Epoch:995, Loss:0.24467444389450307, Acc:92.704, LR:0.0002988172051971723
Epoch:996, Loss:0.23805380795074968, Acc:92.798, LR:0.00029933429469046274
Epoch:997, Loss:0.23634972529751913, Acc:92.842, LR:0.0002997040092642415
Epoch:998, Loss:0.23716270117735377, Acc:92.912, LR:0.0002999259840548605
Epoch:999, Loss:0.24370733846207054, Acc:92.684, LR:0.00030000000000000073
Validation: Loss:4.5989690065383915, Acc:35.45
Test: Acc:36.79
