nohup: ignoring input
/root/miniconda3/envs/py310/lib/python3.10/site-packages/torchvision/models/_utils.py:223: UserWarning: Arguments other than a weight enum or `None` for 'weights' are deprecated since 0.13 and may be removed in the future. The current behavior is equivalent to passing `weights=None`.
  warnings.warn(msg)
{
    "datapath": "../data/",
    "logpath": "./logs/",
    "batch_size": 512,
    "epoch": 1000,
    "seed": 43,
    "date": "0619",
    "plot": true,
    "num_classes": 100,
    "learning_rate": 0.0003,
    "weight_decay": 0.0003,
    "pretrained": false,
    "device_id": 1,
    "dropout": false,
    "cutout": true,
    "model": "ResNet18",
    "setting": "simclr"
}
<class '__main__.args'>
Pretrained=False, Training with lr=0.0003, decay=0.0003
2024-06-19 23:08:19
Epoch:0, Loss:4.498690142923472, Acc:3.734, LR:0.0002999259840548597
Epoch:1, Loss:4.325457305324321, Acc:7.008, LR:0.0002997040092642407
Epoch:2, Loss:4.222501564999016, Acc:8.174, LR:0.000299334294690462
Epoch:3, Loss:4.157162627395318, Acc:8.654, LR:0.0002988172051971717
Epoch:4, Loss:4.107285553095292, Acc:9.116, LR:0.00029815325108927063
Validation: Loss:4.22209370136261, Acc:7.45
Best model updated!
Epoch:5, Loss:4.069846814992476, Acc:9.574, LR:0.00029734308760930326
Epoch:6, Loss:4.046303773412899, Acc:9.782, LR:0.00029638751429081204
Epoch:7, Loss:4.025160322383958, Acc:10.142, LR:0.0002952874741692946
Epoch:8, Loss:4.004404547263165, Acc:10.246, LR:0.00029404405285154137
Epoch:9, Loss:3.990363537048807, Acc:10.416, LR:0.0002926584774442729
Validation: Loss:4.14200234413147, Acc:8.73
Best model updated!
Epoch:10, Loss:3.9804867773639914, Acc:10.554, LR:0.00029113211534313374
Epoch:11, Loss:3.9706436906542097, Acc:10.768, LR:0.0002894664728832376
Epoch:12, Loss:3.956513833026497, Acc:10.908, LR:0.0002876631938525971
Epoch:13, Loss:3.9465672069666335, Acc:11.052, LR:0.0002857240578699029
Epoch:14, Loss:3.933121688511907, Acc:11.196, LR:0.00028365097862825513
Validation: Loss:4.0930575132369995, Acc:9.39
Best model updated!
Epoch:15, Loss:3.9289673858759353, Acc:11.022, LR:0.0002814460020065795
Epoch:16, Loss:3.924673605938347, Acc:11.25, LR:0.0002791113040505915
Epoch:17, Loss:3.914766883363529, Acc:11.454, LR:0.00027664918882530225
Epoch:18, Loss:3.9104464613661474, Acc:11.748, LR:0.00027406208614118424
Epoch:19, Loss:3.900462406022208, Acc:11.634, LR:0.0002713525491562421
Validation: Loss:4.063750123977661, Acc:10.02
Best model updated!
Epoch:20, Loss:3.898910040758094, Acc:11.622, LR:0.00026852325185635354
Epoch:21, Loss:3.8959048889121233, Acc:11.602, LR:0.0002655769864163684
Epoch:22, Loss:3.8911367679128843, Acc:11.878, LR:0.00026251666044456895
Epoch:23, Loss:3.886583987547427, Acc:11.792, LR:0.0002593452941132118
Epoch:24, Loss:3.8840310816862145, Acc:11.978, LR:0.0002560660171779822
Validation: Loss:4.045482003688813, Acc:10.21
Best model updated!
Epoch:25, Loss:3.881959092860319, Acc:12.162, LR:0.00025268206588930335
Epoch:26, Loss:3.880648834364755, Acc:11.906, LR:0.0002491967797985478
Epoch:27, Loss:3.8739307145683135, Acc:11.956, LR:0.0002456135984623035
Epoch:28, Loss:3.87119113182535, Acc:12.076, LR:0.00024193605804794655
Epoch:29, Loss:3.8667718172073364, Acc:12.122, LR:0.00023816778784387105
Validation: Loss:4.0342871904373165, Acc:10.52
Best model updated!
Epoch:30, Loss:3.870782835142953, Acc:11.952, LR:0.00023431250667781966
Epoch:31, Loss:3.862007559562216, Acc:12.164, LR:0.00023037401924684952
Epoch:32, Loss:3.8545970089581547, Acc:12.29, LR:0.00022635621236255572
Epoch:33, Loss:3.8611386722447922, Acc:12.182, LR:0.00022226305111525731
Epoch:34, Loss:3.852786789135057, Acc:12.612, LR:0.00021809857496093204
Validation: Loss:4.018616855144501, Acc:10.52
Epoch:35, Loss:3.8541505190790915, Acc:12.212, LR:0.00021386689373476092
Epoch:36, Loss:3.850980666218972, Acc:12.212, LR:0.00020957218359521712
Epoch:37, Loss:3.840765585704726, Acc:12.552, LR:0.00020521868290270177
Epoch:38, Loss:3.843336745184295, Acc:12.594, LR:0.00020081068803679377
Epoch:39, Loss:3.845188063018176, Acc:12.606, LR:0.00019635254915624216
Validation: Loss:4.014206612110138, Acc:10.8
Best model updated!
Epoch:40, Loss:3.839997505655094, Acc:12.412, LR:0.00019184866590588444
Epoch:41, Loss:3.8406106355238934, Acc:12.51, LR:0.00018730348307472821
Epoch:42, Loss:3.8411915131977628, Acc:12.602, LR:0.00018272148620948142
Epoch:43, Loss:3.836694839049359, Acc:12.604, LR:0.00017810719718785875
Epoch:44, Loss:3.840163544732697, Acc:12.63, LR:0.00017346516975603468
Validation: Loss:4.001091420650482, Acc:10.89
Best model updated!
Epoch:45, Loss:3.837373353997055, Acc:12.456, LR:0.0001687999850346457
Epoch:46, Loss:3.834403600011553, Acc:12.638, LR:0.00016411624699777717
Epoch:47, Loss:3.832940758491049, Acc:12.79, LR:0.00015941857792939706
Epoch:48, Loss:3.8329691692274444, Acc:12.612, LR:0.00015471161386171927
Epoch:49, Loss:3.830079888810917, Acc:12.584, LR:0.00015000000000000001
Validation: Loss:4.003214180469513, Acc:10.96
Best model updated!
Epoch:50, Loss:3.824574555669512, Acc:12.628, LR:0.00014528838613828078
Epoch:51, Loss:3.8289948409917405, Acc:12.668, LR:0.00014058142207060302
Epoch:52, Loss:3.8292608163794695, Acc:12.622, LR:0.00013588375300222289
Epoch:53, Loss:3.825112826970159, Acc:12.752, LR:0.0001312000149653544
Epoch:54, Loss:3.8246414272152647, Acc:12.704, LR:0.0001265348302439654
Validation: Loss:3.9997506141662598, Acc:11.05
Best model updated!
Epoch:55, Loss:3.826548627444676, Acc:12.866, LR:0.00012189280281214134
Epoch:56, Loss:3.8239162211515465, Acc:12.71, LR:0.00011727851379051869
Epoch:57, Loss:3.82298189766553, Acc:12.88, LR:0.0001126965169252718
Epoch:58, Loss:3.82666163785117, Acc:12.678, LR:0.00010815133409411566
Epoch:59, Loss:3.821963225092207, Acc:12.614, LR:0.00010364745084375796
Validation: Loss:3.9918761610984803, Acc:11.17
Best model updated!
Epoch:60, Loss:3.818913233523466, Acc:12.974, LR:9.918931196320633e-05
Epoch:61, Loss:3.8260999480072333, Acc:12.858, LR:9.478131709729838e-05
Epoch:62, Loss:3.8180087975093295, Acc:12.85, LR:9.042781640478292e-05
Epoch:63, Loss:3.8167730472525774, Acc:13.012, LR:8.613310626523913e-05
Epoch:64, Loss:3.818892950914344, Acc:12.7, LR:8.190142503906802e-05
Validation: Loss:3.9870624423027037, Acc:11.25
Best model updated!
Epoch:65, Loss:3.8190371819904874, Acc:12.656, LR:7.773694888474271e-05
Epoch:66, Loss:3.8186121473507004, Acc:12.732, LR:7.364378763744433e-05
Epoch:67, Loss:3.816040958677019, Acc:12.868, LR:6.96259807531505e-05
Epoch:68, Loss:3.8166165838436203, Acc:13.188, LR:6.568749332218042e-05
Epoch:69, Loss:3.815824311606738, Acc:12.93, LR:6.183221215612908e-05
Validation: Loss:3.9917137384414674, Acc:11.16
Epoch:70, Loss:3.8191974819922936, Acc:12.718, LR:5.806394195205354e-05
Epoch:71, Loss:3.811278683798654, Acc:13.006, LR:5.438640153769656e-05
Epoch:72, Loss:3.8108680540201614, Acc:12.974, LR:5.080322020145227e-05
Epoch:73, Loss:3.8139100974919846, Acc:13.044, LR:4.731793411069671e-05
Epoch:74, Loss:3.8137390491913776, Acc:12.704, LR:4.39339828220179e-05
Validation: Loss:3.9879751801490784, Acc:11.23
Epoch:75, Loss:3.8164050092502517, Acc:12.834, LR:4.065470588678832e-05
Epoch:76, Loss:3.815024264004766, Acc:12.892, LR:3.7483339555431075e-05
Epoch:77, Loss:3.8092269629848245, Acc:12.904, LR:3.442301358363164e-05
Epoch:78, Loss:3.8094933081646354, Acc:12.968, LR:3.147674814364645e-05
Epoch:79, Loss:3.808669936900236, Acc:13.04, LR:2.8647450843757908e-05
Validation: Loss:3.9872410535812377, Acc:11.28
Best model updated!
Epoch:80, Loss:3.8137503570439866, Acc:12.926, LR:2.5937913858815748e-05
Epoch:81, Loss:3.811592267484081, Acc:12.856, LR:2.3350811174697777e-05
Epoch:82, Loss:3.8142837894206143, Acc:12.898, LR:2.088869594940844e-05
Epoch:83, Loss:3.81109834447199, Acc:12.906, LR:1.8553997993420465e-05
Epoch:84, Loss:3.813859920112454, Acc:12.76, LR:1.6349021371744834e-05
Validation: Loss:3.9884142518043517, Acc:11.17
Epoch:85, Loss:3.8122213081437715, Acc:13.072, LR:1.4275942130097098e-05
Epoch:86, Loss:3.8109222674856382, Acc:12.96, LR:1.2336806147402864e-05
Epoch:87, Loss:3.8115497365289803, Acc:12.994, LR:1.0533527116762298e-05
Epoch:88, Loss:3.8147564518208408, Acc:12.93, LR:8.867884656866183e-06
Epoch:89, Loss:3.813054070180776, Acc:12.818, LR:7.341522555726971e-06
Validation: Loss:3.9847453236579895, Acc:11.29
Best model updated!
Epoch:90, Loss:3.807317784854344, Acc:12.938, LR:5.955947148458557e-06
Epoch:91, Loss:3.8103896184843413, Acc:12.834, LR:4.712525830705355e-06
Epoch:92, Loss:3.8084625808560117, Acc:12.944, LR:3.612485709187901e-06
Epoch:93, Loss:3.8167513730574627, Acc:12.932, LR:2.6569123906966916e-06
Epoch:94, Loss:3.80977455450564, Acc:12.894, LR:1.8467489107293509e-06
Validation: Loss:3.988651382923126, Acc:11.26
Epoch:95, Loss:3.8174009274463265, Acc:12.848, LR:1.1827948028283352e-06
Epoch:96, Loss:3.812273599663559, Acc:12.866, LR:6.657053095380005e-07
Epoch:97, Loss:3.8093167567739683, Acc:13.052, LR:2.9599073575926616e-07
Epoch:98, Loss:3.8106216922098275, Acc:12.84, LR:7.401594514025999e-08
Epoch:99, Loss:3.811193449156625, Acc:12.922, LR:0.0
Validation: Loss:3.989144814014435, Acc:11.27
Epoch:100, Loss:3.81542896981142, Acc:12.862, LR:7.401594514025999e-08
Epoch:101, Loss:3.8135302480386226, Acc:12.884, LR:2.959907357592661e-07
Epoch:102, Loss:3.816239957906762, Acc:13.126, LR:6.657053095380004e-07
Epoch:103, Loss:3.811832751546587, Acc:12.958, LR:1.1827948028283183e-06
Epoch:104, Loss:3.8115833973398012, Acc:13.08, LR:1.846748910729334e-06
Validation: Loss:3.9832531690597532, Acc:11.34
Best model updated!
Epoch:105, Loss:3.8144891237726015, Acc:12.686, LR:2.6569123906967077e-06
Epoch:106, Loss:3.8157438210078647, Acc:12.982, LR:3.612485709187884e-06
Epoch:107, Loss:3.8133444518459085, Acc:12.754, LR:4.712525830705321e-06
Epoch:108, Loss:3.811423167890432, Acc:12.968, LR:5.955947148458522e-06
Epoch:109, Loss:3.8106208747746995, Acc:13.002, LR:7.341522555726951e-06
Validation: Loss:3.9849035024642943, Acc:11.39
Best model updated!
Epoch:110, Loss:3.817074186947881, Acc:12.96, LR:8.86788465686618e-06
Epoch:111, Loss:3.8100603599937592, Acc:12.996, LR:1.0533527116762278e-05
Epoch:112, Loss:3.81518655893754, Acc:12.906, LR:1.2336806147402808e-05
Epoch:113, Loss:3.8107601112248948, Acc:12.85, LR:1.4275942130097042e-05
Epoch:114, Loss:3.822146476531515, Acc:12.844, LR:1.6349021371744844e-05
Validation: Loss:3.983604097366333, Acc:11.39
Epoch:115, Loss:3.8086942701923605, Acc:12.972, LR:1.8553997993420472e-05
Epoch:116, Loss:3.8059195134104513, Acc:13.136, LR:2.0888695949408444e-05
Epoch:117, Loss:3.80433502732491, Acc:12.736, LR:2.3350811174697713e-05
Epoch:118, Loss:3.813107809241937, Acc:13.076, LR:2.593791385881568e-05
Epoch:119, Loss:3.8165071472829704, Acc:12.854, LR:2.864745084375782e-05
Validation: Loss:3.9872273921966555, Acc:11.24
Epoch:120, Loss:3.809298208781651, Acc:12.906, LR:3.147674814364644e-05
Epoch:121, Loss:3.8143366234643117, Acc:13.058, LR:3.44230135836316e-05
Epoch:122, Loss:3.816952415875026, Acc:12.8, LR:3.7483339555431034e-05
Epoch:123, Loss:3.8076385332613576, Acc:12.962, LR:4.0654705886788224e-05
Epoch:124, Loss:3.809499373241347, Acc:13.028, LR:4.39339828220178e-05
Validation: Loss:3.9844370245933534, Acc:11.39
Epoch:125, Loss:3.809691275869097, Acc:13.09, LR:4.731793411069669e-05
Epoch:126, Loss:3.8152776713273964, Acc:12.788, LR:5.0803220201452194e-05
Epoch:127, Loss:3.8203784081400656, Acc:12.832, LR:5.4386401537696557e-05
Epoch:128, Loss:3.803930238801606, Acc:13.07, LR:5.806394195205352e-05
Epoch:129, Loss:3.8194007192339217, Acc:12.778, LR:6.1832212156129e-05
Validation: Loss:3.982689690589905, Acc:11.28
Epoch:130, Loss:3.8091729344153893, Acc:12.826, LR:6.568749332218034e-05
Epoch:131, Loss:3.8082704738694795, Acc:12.938, LR:6.962598075315054e-05
Epoch:132, Loss:3.8089209697684465, Acc:12.822, LR:7.364378763744432e-05
Epoch:133, Loss:3.814426619179395, Acc:12.85, LR:7.77369488847427e-05
Epoch:134, Loss:3.8121565750667026, Acc:13.144, LR:8.190142503906793e-05
Validation: Loss:3.982670795917511, Acc:11.32
Epoch:135, Loss:3.812724553808874, Acc:12.934, LR:8.613310626523915e-05
Epoch:136, Loss:3.8117355351545372, Acc:12.856, LR:9.042781640478292e-05
Epoch:137, Loss:3.8111548058840694, Acc:12.972, LR:9.478131709729829e-05
Epoch:138, Loss:3.805623891402264, Acc:13.034, LR:9.918931196320625e-05
Epoch:139, Loss:3.808323865034142, Acc:13.034, LR:0.00010364745084375781
Validation: Loss:3.9802638411521913, Acc:11.38
Epoch:140, Loss:3.814994432488266, Acc:13.038, LR:0.00010815133409411552
Epoch:141, Loss:3.8055745849804, Acc:12.968, LR:0.00011269651692527181
Epoch:142, Loss:3.807702512157207, Acc:12.956, LR:0.0001172785137905186
Epoch:143, Loss:3.807744408140377, Acc:13.064, LR:0.00012189280281214127
Epoch:144, Loss:3.8084849240828533, Acc:13.076, LR:0.0001265348302439653
Validation: Loss:3.9751234650611877, Acc:11.63
Best model updated!
Epoch:145, Loss:3.8025103637150357, Acc:13.218, LR:0.00013120001496535425
Epoch:146, Loss:3.8062415585225944, Acc:12.976, LR:0.00013588375300222283
Epoch:147, Loss:3.8105025388756575, Acc:13.164, LR:0.00014058142207060294
Epoch:148, Loss:3.803308683998731, Acc:13.114, LR:0.00014528838613828067
Epoch:149, Loss:3.800298810005188, Acc:13.192, LR:0.00014999999999999988
Validation: Loss:3.980730378627777, Acc:11.48
Epoch:150, Loss:3.8105327596469802, Acc:12.768, LR:0.00015471161386171908
Epoch:151, Loss:3.8073212784163806, Acc:12.934, LR:0.00015941857792939681
Epoch:152, Loss:3.8077971035120437, Acc:13.036, LR:0.00016411624699777706
Epoch:153, Loss:3.8053436133326315, Acc:12.984, LR:0.00016879998503464553
Epoch:154, Loss:3.7997530139222437, Acc:13.398, LR:0.0001734651697560345
Validation: Loss:3.9724089741706847, Acc:11.67
Best model updated!
Epoch:155, Loss:3.800154756526558, Acc:13.218, LR:0.00017810719718785856
Epoch:156, Loss:3.800673076084682, Acc:13.032, LR:0.00018272148620948123
Epoch:157, Loss:3.8021107255196083, Acc:13.23, LR:0.00018730348307472816
Epoch:158, Loss:3.797505444409896, Acc:13.092, LR:0.00019184866590588428
Epoch:159, Loss:3.7983204466956004, Acc:13.206, LR:0.00019635254915624197
Validation: Loss:3.9698775172233582, Acc:11.9
Best model updated!
Epoch:160, Loss:3.7998176910439314, Acc:13.134, LR:0.00020081068803679352
Epoch:161, Loss:3.7988190286013546, Acc:13.02, LR:0.00020521868290270147
Epoch:162, Loss:3.794544828181364, Acc:13.106, LR:0.00020957218359521685
Epoch:163, Loss:3.7909796675857232, Acc:13.37, LR:0.00021386689373476063
Epoch:164, Loss:3.802238624923083, Acc:12.948, LR:0.00021809857496093171
Validation: Loss:3.9665680289268495, Acc:11.87
Epoch:165, Loss:3.796101156546145, Acc:13.126, LR:0.0002222630511152572
Epoch:166, Loss:3.7977408268013777, Acc:12.918, LR:0.0002263562123625556
Epoch:167, Loss:3.7981503204423555, Acc:13.118, LR:0.0002303740192468494
Epoch:168, Loss:3.7916240181241716, Acc:13.29, LR:0.00023431250667781947
Epoch:169, Loss:3.793825728552682, Acc:13.218, LR:0.0002381677878438708
Validation: Loss:3.9673614501953125, Acc:11.84
Epoch:170, Loss:3.7961556108630434, Acc:13.208, LR:0.00024193605804794627
Epoch:171, Loss:3.788204392608331, Acc:13.464, LR:0.00024561359846230325
Epoch:172, Loss:3.795523543747104, Acc:13.122, LR:0.00024919677979854754
Epoch:173, Loss:3.7965520717659773, Acc:12.894, LR:0.00025268206588930297
Epoch:174, Loss:3.793900290314032, Acc:13.24, LR:0.0002560660171779818
Validation: Loss:3.966784489154816, Acc:11.94
Best model updated!
Epoch:175, Loss:3.7904643039314116, Acc:13.134, LR:0.0002593452941132115
Epoch:176, Loss:3.7947198152542114, Acc:13.162, LR:0.00026251666044456874
Epoch:177, Loss:3.798556758432972, Acc:13.184, LR:0.00026557698641636824
Epoch:178, Loss:3.788334661600541, Acc:13.388, LR:0.0002685232518563534
Epoch:179, Loss:3.7906712853178686, Acc:13.384, LR:0.000271352549156242
Validation: Loss:3.9572499871253966, Acc:11.99
Best model updated!
Epoch:180, Loss:3.7901731875478006, Acc:13.394, LR:0.00027406208614118413
Epoch:181, Loss:3.794940525171708, Acc:13.382, LR:0.00027664918882530214
Epoch:182, Loss:3.7877371919398404, Acc:13.172, LR:0.0002791113040505914
Epoch:183, Loss:3.785060106491556, Acc:13.092, LR:0.0002814460020065794
Epoch:184, Loss:3.7853457806061725, Acc:13.358, LR:0.00028365097862825513
Validation: Loss:3.958530640602112, Acc:11.92
Epoch:185, Loss:3.7904924373237456, Acc:13.216, LR:0.0002857240578699029
Epoch:186, Loss:3.782773584735637, Acc:13.292, LR:0.0002876631938525972
Epoch:187, Loss:3.789897081803302, Acc:13.188, LR:0.00028946647288323766
Epoch:188, Loss:3.787124869774799, Acc:13.366, LR:0.0002911321153431338
Epoch:189, Loss:3.7857178741571853, Acc:13.108, LR:0.00029265847744427303
Validation: Loss:3.9643162965774534, Acc:12.08
Best model updated!
Epoch:190, Loss:3.789184112938083, Acc:13.158, LR:0.0002940440528515414
Epoch:191, Loss:3.782347019837827, Acc:13.418, LR:0.0002952874741692947
Epoch:192, Loss:3.7828333110225443, Acc:13.48, LR:0.0002963875142908121
Epoch:193, Loss:3.788691905080056, Acc:13.356, LR:0.0002973430876093033
Epoch:194, Loss:3.780425859957325, Acc:13.264, LR:0.00029815325108927063
Validation: Loss:3.9542800784111023, Acc:12.21
Best model updated!
Epoch:195, Loss:3.783230548002282, Acc:13.378, LR:0.00029881720519717164
Epoch:196, Loss:3.7810658727373396, Acc:13.484, LR:0.000299334294690462
Epoch:197, Loss:3.7805282218115672, Acc:13.576, LR:0.0002997040092642407
Epoch:198, Loss:3.7827214854104176, Acc:13.534, LR:0.0002999259840548597
Epoch:199, Loss:3.7774242989870968, Acc:13.436, LR:0.0003
Validation: Loss:3.955139470100403, Acc:12.16
Epoch:200, Loss:3.7749950350547326, Acc:13.396, LR:0.0002999259840548597
Epoch:201, Loss:3.777787001765504, Acc:13.338, LR:0.0002997040092642407
Epoch:202, Loss:3.7831257922308787, Acc:13.6, LR:0.000299334294690462
Epoch:203, Loss:3.7847357988357544, Acc:13.406, LR:0.0002988172051971717
Epoch:204, Loss:3.78093413187533, Acc:13.55, LR:0.00029815325108927063
Validation: Loss:3.9498989462852476, Acc:12.23
Best model updated!
Epoch:205, Loss:3.7826611290172654, Acc:13.432, LR:0.00029734308760930326
Epoch:206, Loss:3.780418770653861, Acc:13.254, LR:0.00029638751429081204
Epoch:207, Loss:3.782045028647598, Acc:13.274, LR:0.0002952874741692946
Epoch:208, Loss:3.7787563752154916, Acc:13.504, LR:0.00029404405285154137
Epoch:209, Loss:3.7797939534090004, Acc:13.466, LR:0.0002926584774442729
Validation: Loss:3.9487205386161803, Acc:12.28
Best model updated!
Epoch:210, Loss:3.790792173268844, Acc:13.054, LR:0.00029113211534313374
Epoch:211, Loss:3.778834841689285, Acc:13.498, LR:0.0002894664728832376
Epoch:212, Loss:3.7719755488999036, Acc:13.58, LR:0.0002876631938525971
Epoch:213, Loss:3.779269048145839, Acc:13.616, LR:0.0002857240578699029
Epoch:214, Loss:3.7790992284307676, Acc:13.508, LR:0.0002836509786282552
Validation: Loss:3.9481629729270935, Acc:12.3
Best model updated!
Epoch:215, Loss:3.7788952929633006, Acc:13.374, LR:0.00028144600200657956
Epoch:216, Loss:3.770794440288933, Acc:13.46, LR:0.0002791113040505916
Epoch:217, Loss:3.775288000398753, Acc:13.396, LR:0.0002766491888253023
Epoch:218, Loss:3.778353720295186, Acc:13.502, LR:0.00027406208614118424
Epoch:219, Loss:3.772518727244163, Acc:13.576, LR:0.0002713525491562421
Validation: Loss:3.941785824298859, Acc:12.34
Best model updated!
Epoch:220, Loss:3.7739491268080108, Acc:13.5, LR:0.00026852325185635354
Epoch:221, Loss:3.7742274488721574, Acc:13.566, LR:0.00026557698641636835
Epoch:222, Loss:3.775341532668289, Acc:13.486, LR:0.00026251666044456895
Epoch:223, Loss:3.77010250334837, Acc:13.616, LR:0.0002593452941132118
Epoch:224, Loss:3.775174082541952, Acc:13.572, LR:0.0002560660171779822
Validation: Loss:3.940436327457428, Acc:12.45
Best model updated!
Epoch:225, Loss:3.7737208166900946, Acc:13.354, LR:0.0002526820658893034
Epoch:226, Loss:3.776080034217056, Acc:13.412, LR:0.00024919677979854787
Epoch:227, Loss:3.771726335797991, Acc:13.602, LR:0.0002456135984623036
Epoch:228, Loss:3.7707329793852202, Acc:13.498, LR:0.00024193605804794663
Epoch:229, Loss:3.7659468188577767, Acc:13.652, LR:0.00023816778784387094
Validation: Loss:3.9431830167770388, Acc:12.33
Epoch:230, Loss:3.771974125686957, Acc:13.548, LR:0.00023431250667781958
Epoch:231, Loss:3.772137556757246, Acc:13.684, LR:0.0002303740192468495
Epoch:232, Loss:3.7661240246831156, Acc:13.628, LR:0.0002263562123625557
Epoch:233, Loss:3.771929225143121, Acc:13.466, LR:0.00022226305111525731
Epoch:234, Loss:3.7740898424265334, Acc:13.496, LR:0.00021809857496093204
Validation: Loss:3.941085493564606, Acc:12.6
Best model updated!
Epoch:235, Loss:3.769513979250071, Acc:13.676, LR:0.00021386689373476098
Epoch:236, Loss:3.772361842953429, Acc:13.47, LR:0.0002095721835952172
Epoch:237, Loss:3.7681431600025723, Acc:13.506, LR:0.00020521868290270185
Epoch:238, Loss:3.7699290392350178, Acc:13.322, LR:0.00020081068803679388
Epoch:239, Loss:3.76026228009438, Acc:13.636, LR:0.00019635254915624232
Validation: Loss:3.9444405674934386, Acc:12.42
Epoch:240, Loss:3.767623100961958, Acc:13.726, LR:0.00019184866590588436
Epoch:241, Loss:3.770096613436329, Acc:13.64, LR:0.00018730348307472821
Epoch:242, Loss:3.7625666881094175, Acc:13.644, LR:0.0001827214862094814
Epoch:243, Loss:3.765750233007937, Acc:13.578, LR:0.00017810719718785873
Epoch:244, Loss:3.767212227899201, Acc:13.88, LR:0.00017346516975603468
Validation: Loss:3.937418258190155, Acc:12.39
Epoch:245, Loss:3.7692236535403194, Acc:13.682, LR:0.0001687999850346457
Epoch:246, Loss:3.7662794322383646, Acc:13.58, LR:0.00016411624699777725
Epoch:247, Loss:3.763604560676886, Acc:13.73, LR:0.00015941857792939714
Epoch:248, Loss:3.766779770656508, Acc:13.588, LR:0.00015471161386171943
Epoch:249, Loss:3.7698491495482775, Acc:13.586, LR:0.00015000000000000018
Validation: Loss:3.935995101928711, Acc:12.46
Epoch:250, Loss:3.767301077745399, Acc:13.646, LR:0.0001452883861382807
Epoch:251, Loss:3.7666693974514396, Acc:13.658, LR:0.00014058142207060297
Epoch:252, Loss:3.7739073573326576, Acc:13.416, LR:0.00013588375300222286
Epoch:253, Loss:3.7629377063439815, Acc:13.74, LR:0.00013120001496535439
Epoch:254, Loss:3.7635051912190964, Acc:13.492, LR:0.0001265348302439653
Validation: Loss:3.9345111727714537, Acc:12.4
Epoch:255, Loss:3.7669435447576096, Acc:13.616, LR:0.00012189280281214126
Epoch:256, Loss:3.7681216974647675, Acc:13.512, LR:0.0001172785137905186
Epoch:257, Loss:3.7637037282087364, Acc:13.606, LR:0.00011269651692527179
Epoch:258, Loss:3.768085314303028, Acc:13.632, LR:0.00010815133409411564
Epoch:259, Loss:3.763859843721195, Acc:13.774, LR:0.00010364745084375795
Validation: Loss:3.94318288564682, Acc:12.36
Epoch:260, Loss:3.766388644977492, Acc:13.578, LR:9.918931196320637e-05
Epoch:261, Loss:3.765952570097787, Acc:13.834, LR:9.478131709729842e-05
Epoch:262, Loss:3.7675756191720766, Acc:13.58, LR:9.04278164047828e-05
Epoch:263, Loss:3.7629959850895163, Acc:13.956, LR:8.613310626523901e-05
Epoch:264, Loss:3.7692687487115664, Acc:13.672, LR:8.190142503906791e-05
Validation: Loss:3.936395561695099, Acc:12.42
Epoch:265, Loss:3.7619904133738302, Acc:13.806, LR:7.773694888474266e-05
Epoch:266, Loss:3.7657351250551185, Acc:13.516, LR:7.364378763744429e-05
Epoch:267, Loss:3.7631302001524944, Acc:13.73, LR:6.962598075315051e-05
Epoch:268, Loss:3.7621602087604757, Acc:13.646, LR:6.568749332218044e-05
Epoch:269, Loss:3.7640108162043044, Acc:13.676, LR:6.183221215612908e-05
Validation: Loss:3.9342552065849303, Acc:12.44
Epoch:270, Loss:3.7548677994280446, Acc:13.816, LR:5.8063941952053605e-05
Epoch:271, Loss:3.7652908052716936, Acc:13.808, LR:5.4386401537696435e-05
Epoch:272, Loss:3.7579330497858474, Acc:13.726, LR:5.0803220201452126e-05
Epoch:273, Loss:3.761376203322897, Acc:13.874, LR:4.731793411069664e-05
Epoch:274, Loss:3.7642766358901043, Acc:13.766, LR:4.393398282201783e-05
Validation: Loss:3.9387322068214417, Acc:12.4
Epoch:275, Loss:3.765054184563306, Acc:13.562, LR:4.0654705886788245e-05
Epoch:276, Loss:3.7644550678681354, Acc:13.834, LR:3.7483339555431055e-05
Epoch:277, Loss:3.7615744386400496, Acc:13.67, LR:3.442301358363162e-05
Epoch:278, Loss:3.771197657195889, Acc:13.612, LR:3.147674814364646e-05
Epoch:279, Loss:3.7612881441505586, Acc:13.714, LR:2.8647450843757924e-05
Validation: Loss:3.934200620651245, Acc:12.42
Epoch:280, Loss:3.7615871380786507, Acc:13.562, LR:2.5937913858815785e-05
Epoch:281, Loss:3.763971292242712, Acc:13.772, LR:2.3350811174697798e-05
Epoch:282, Loss:3.7561958444361783, Acc:13.644, LR:2.0888695949408397e-05
Epoch:283, Loss:3.762797547846424, Acc:13.6, LR:1.855399799342042e-05
Epoch:284, Loss:3.7616557418083656, Acc:13.768, LR:1.634902137174479e-05
Validation: Loss:3.9340951800346375, Acc:12.52
Epoch:285, Loss:3.7593394420584856, Acc:13.632, LR:1.4275942130097054e-05
Epoch:286, Loss:3.762430553533593, Acc:13.47, LR:1.2336806147402818e-05
Epoch:287, Loss:3.761687466076442, Acc:13.684, LR:1.0533527116762286e-05
Epoch:288, Loss:3.7623249292373657, Acc:13.644, LR:8.867884656866187e-06
Epoch:289, Loss:3.7636589930982005, Acc:13.79, LR:7.341522555726991e-06
Validation: Loss:3.937379014492035, Acc:12.4
Epoch:290, Loss:3.7580470795534096, Acc:13.866, LR:5.95594714845856e-06
Epoch:291, Loss:3.7607521475577843, Acc:13.856, LR:4.712525830705358e-06
Epoch:292, Loss:3.757592673204383, Acc:13.94, LR:3.6124857091879205e-06
Epoch:293, Loss:3.762654793505766, Acc:13.808, LR:2.656912390696677e-06
Epoch:294, Loss:3.755600279691268, Acc:13.828, LR:1.8467489107293358e-06
Validation: Loss:3.931094932556152, Acc:12.54
Epoch:295, Loss:3.7619573607736703, Acc:13.872, LR:1.1827948028283196e-06
Epoch:296, Loss:3.7606349210349883, Acc:13.768, LR:6.65705309538001e-07
Epoch:297, Loss:3.7557604191254597, Acc:13.856, LR:2.9599073575926637e-07
Epoch:298, Loss:3.764901891046641, Acc:13.526, LR:7.401594514026004e-08
Epoch:299, Loss:3.7646573927937723, Acc:13.566, LR:0.0
Validation: Loss:3.934771716594696, Acc:12.47
Epoch:300, Loss:3.7672896579820283, Acc:13.482, LR:7.401594514025999e-08
Epoch:301, Loss:3.7586112898223254, Acc:13.804, LR:2.959907357592661e-07
Epoch:302, Loss:3.7591083366043714, Acc:13.734, LR:6.657053095379839e-07
Epoch:303, Loss:3.760208154211239, Acc:13.674, LR:1.182794802828302e-06
Epoch:304, Loss:3.7624442334077797, Acc:13.804, LR:1.846748910729351e-06
Validation: Loss:3.9279655814170837, Acc:12.56
Epoch:305, Loss:3.757772015065563, Acc:13.87, LR:2.656912390696708e-06
Epoch:306, Loss:3.7590548992156982, Acc:13.678, LR:3.612485709187901e-06
Epoch:307, Loss:3.7678643416385262, Acc:13.684, LR:4.712525830705338e-06
Epoch:308, Loss:3.765193428312029, Acc:13.564, LR:5.955947148458522e-06
Epoch:309, Loss:3.7671007428850447, Acc:13.4, LR:7.341522555726951e-06
Validation: Loss:3.937629020214081, Acc:12.33
Epoch:310, Loss:3.756439345223563, Acc:13.804, LR:8.867884656866144e-06
Epoch:311, Loss:3.7587427411760603, Acc:13.71, LR:1.0533527116762242e-05
Epoch:312, Loss:3.7589822618328794, Acc:13.966, LR:1.2336806147402772e-05
Epoch:313, Loss:3.7621819437766564, Acc:13.608, LR:1.427594213009699e-05
Epoch:314, Loss:3.7618507584747003, Acc:13.702, LR:1.634902137174484e-05
Validation: Loss:3.9370517253875734, Acc:12.44
Epoch:315, Loss:3.75811128956931, Acc:13.8, LR:1.855399799342047e-05
Epoch:316, Loss:3.761198104644308, Acc:13.802, LR:2.0888695949408458e-05
Epoch:317, Loss:3.7573943235436262, Acc:13.944, LR:2.3350811174697723e-05
Epoch:318, Loss:3.763953364625269, Acc:13.668, LR:2.5937913858815694e-05
Epoch:319, Loss:3.7580655059035943, Acc:13.87, LR:2.864745084375783e-05
Validation: Loss:3.9354343175888062, Acc:12.38
Epoch:320, Loss:3.7623482334370517, Acc:13.586, LR:3.147674814364637e-05
Epoch:321, Loss:3.7606822130631428, Acc:13.894, LR:3.442301358363152e-05
Epoch:322, Loss:3.7638670692638474, Acc:13.752, LR:3.748333955543095e-05
Epoch:323, Loss:3.752678931975851, Acc:13.84, LR:4.065470588678812e-05
Epoch:324, Loss:3.763412225003145, Acc:13.752, LR:4.39339828220177e-05
Validation: Loss:3.9370936155319214, Acc:12.37
Epoch:325, Loss:3.7630898855170427, Acc:13.904, LR:4.731793411069651e-05
Epoch:326, Loss:3.7593994383909264, Acc:13.732, LR:5.0803220201452194e-05
Epoch:327, Loss:3.762520116202685, Acc:13.752, LR:5.4386401537696306e-05
Epoch:328, Loss:3.7585175304996725, Acc:13.768, LR:5.8063941952053456e-05
Epoch:329, Loss:3.756675562080072, Acc:13.66, LR:6.183221215612871e-05
Validation: Loss:3.942013072967529, Acc:12.39
Epoch:330, Loss:3.7632962465286255, Acc:13.806, LR:6.568749332218029e-05
Epoch:331, Loss:3.7650119674449063, Acc:13.722, LR:6.962598075315058e-05
Epoch:332, Loss:3.7582383982989254, Acc:13.712, LR:7.364378763744413e-05
Epoch:333, Loss:3.7638886364138857, Acc:13.806, LR:7.773694888474273e-05
Epoch:334, Loss:3.757475728891334, Acc:13.828, LR:8.190142503906774e-05
Validation: Loss:3.935694098472595, Acc:12.4
Epoch:335, Loss:3.76496236421624, Acc:13.54, LR:8.613310626523908e-05
Epoch:336, Loss:3.764078305692089, Acc:13.506, LR:9.042781640478262e-05
Epoch:337, Loss:3.7618484618712444, Acc:13.792, LR:9.478131709729822e-05
Epoch:338, Loss:3.761252062661307, Acc:13.922, LR:9.918931196320593e-05
Epoch:339, Loss:3.7699652350678736, Acc:13.674, LR:0.00010364745084375773
Validation: Loss:3.930173707008362, Acc:12.46
Epoch:340, Loss:3.757484793663025, Acc:13.876, LR:0.00010815133409411518
Epoch:341, Loss:3.7554044236942214, Acc:13.816, LR:0.0001126965169252716
Epoch:342, Loss:3.7591357936664505, Acc:13.688, LR:0.00011727851379051866
Epoch:343, Loss:3.7637742246900285, Acc:13.708, LR:0.00012189280281214107
Epoch:344, Loss:3.7651140105967618, Acc:13.614, LR:0.00012653483024396538
Validation: Loss:3.937572479248047, Acc:12.31
Epoch:345, Loss:3.762921403865425, Acc:13.446, LR:0.0001312000149653541
Epoch:346, Loss:3.763612978312434, Acc:13.638, LR:0.0001358837530022228
Epoch:347, Loss:3.7557035246673895, Acc:13.91, LR:0.00014058142207060264
Epoch:348, Loss:3.766305507445822, Acc:13.708, LR:0.00014528838613828065
Epoch:349, Loss:3.7702431386830857, Acc:13.6, LR:0.0001499999999999996
Validation: Loss:3.934210205078125, Acc:12.43
Epoch:350, Loss:3.7637595424846726, Acc:13.72, LR:0.00015471161386171908
Epoch:351, Loss:3.764944137359152, Acc:13.59, LR:0.00015941857792939681
Epoch:352, Loss:3.760233971537376, Acc:13.718, LR:0.00016411624699777693
Epoch:353, Loss:3.7590480945548235, Acc:13.746, LR:0.00016879998503464564
Epoch:354, Loss:3.757942659514291, Acc:13.734, LR:0.00017346516975603435
Validation: Loss:3.9345313191413878, Acc:12.29
Epoch:355, Loss:3.7628537294816, Acc:13.84, LR:0.00017810719718785865
Epoch:356, Loss:3.761744786281975, Acc:13.724, LR:0.00018272148620948107
Epoch:357, Loss:3.760834292489655, Acc:13.348, LR:0.0001873034830747281
Epoch:358, Loss:3.764639085652877, Acc:13.462, LR:0.00019184866590588398
Epoch:359, Loss:3.7605767590659007, Acc:13.674, LR:0.00019635254915624197
Validation: Loss:3.9354687929153442, Acc:12.42
Epoch:360, Loss:3.7628529655690097, Acc:13.746, LR:0.00020081068803679352
Epoch:361, Loss:3.7593258740950604, Acc:13.702, LR:0.00020521868290270152
Epoch:362, Loss:3.765201887305902, Acc:13.566, LR:0.00020957218359521712
Epoch:363, Loss:3.764326557821157, Acc:13.762, LR:0.00021386689373476065
Epoch:364, Loss:3.753675575159034, Acc:13.97, LR:0.00021809857496093199
Validation: Loss:3.930051839351654, Acc:12.51
Epoch:365, Loss:3.7590118038411044, Acc:13.81, LR:0.000222263051115257
Epoch:366, Loss:3.7652711746644, Acc:13.696, LR:0.00022635621236255559
Epoch:367, Loss:3.756657663656741, Acc:13.686, LR:0.00023037401924684914
Epoch:368, Loss:3.765784720985257, Acc:13.768, LR:0.00023431250667781947
Epoch:369, Loss:3.758619563920157, Acc:13.69, LR:0.00023816778784387086
Validation: Loss:3.932621991634369, Acc:12.46
Epoch:370, Loss:3.7683583984569626, Acc:13.77, LR:0.00024193605804794633
Epoch:371, Loss:3.763449184748591, Acc:13.81, LR:0.00024561359846230325
Epoch:372, Loss:3.75448654865732, Acc:13.76, LR:0.00024919677979854754
Epoch:373, Loss:3.7613100737941507, Acc:13.696, LR:0.00025268206588930324
Epoch:374, Loss:3.7577532992071037, Acc:13.72, LR:0.00025606601717798185
Validation: Loss:3.9278486609458922, Acc:12.49
Epoch:375, Loss:3.758999848852352, Acc:13.936, LR:0.00025934529411321167
Epoch:376, Loss:3.7554390162837747, Acc:13.702, LR:0.00026251666044456863
Epoch:377, Loss:3.7647350150711683, Acc:13.534, LR:0.00026557698641636824
Epoch:378, Loss:3.763064907521618, Acc:13.634, LR:0.00026852325185635343
Epoch:379, Loss:3.7591728434270744, Acc:13.838, LR:0.00027135254915624195
Validation: Loss:3.930335509777069, Acc:12.5
Epoch:380, Loss:3.7578366751573524, Acc:13.794, LR:0.00027406208614118413
Epoch:381, Loss:3.7628533134655076, Acc:13.634, LR:0.00027664918882530214
Epoch:382, Loss:3.7566851766742007, Acc:13.738, LR:0.0002791113040505914
Epoch:383, Loss:3.761919384099999, Acc:13.88, LR:0.0002814460020065794
Epoch:384, Loss:3.76184191509169, Acc:13.526, LR:0.0002836509786282552
Validation: Loss:3.935330808162689, Acc:12.28
Epoch:385, Loss:3.7601976224354337, Acc:13.656, LR:0.00028572405786990283
Epoch:386, Loss:3.763234934028314, Acc:13.764, LR:0.00028766319385259713
Epoch:387, Loss:3.7567103176700827, Acc:13.81, LR:0.00028946647288323766
Epoch:388, Loss:3.7543095739520327, Acc:13.922, LR:0.00029113211534313374
Epoch:389, Loss:3.763206452739482, Acc:13.53, LR:0.000292658477444273
Validation: Loss:3.9350158095359804, Acc:12.36
Epoch:390, Loss:3.7639053768041184, Acc:13.626, LR:0.00029404405285154137
Epoch:391, Loss:3.762716327394758, Acc:13.642, LR:0.00029528747416929463
Epoch:392, Loss:3.762189488021695, Acc:13.594, LR:0.00029638751429081204
Epoch:393, Loss:3.760150077391644, Acc:13.786, LR:0.0002973430876093032
Epoch:394, Loss:3.7606014767471625, Acc:13.682, LR:0.00029815325108927063
Validation: Loss:3.9321969866752626, Acc:12.29
Epoch:395, Loss:3.763185267545739, Acc:13.708, LR:0.0002988172051971717
Epoch:396, Loss:3.764347134804239, Acc:13.554, LR:0.000299334294690462
Epoch:397, Loss:3.7583873904481226, Acc:13.74, LR:0.0002997040092642407
Epoch:398, Loss:3.760960654336579, Acc:13.79, LR:0.0002999259840548597
Epoch:399, Loss:3.762152396902746, Acc:13.664, LR:0.0003
Validation: Loss:3.9329691410064695, Acc:12.38
Epoch:400, Loss:3.752561372153613, Acc:13.78, LR:0.0002999259840548597
Epoch:401, Loss:3.7624534295529735, Acc:13.666, LR:0.00029970400926424077
Epoch:402, Loss:3.7559772681216805, Acc:13.712, LR:0.00029933429469046203
Epoch:403, Loss:3.755675894873483, Acc:13.82, LR:0.00029881720519717175
Epoch:404, Loss:3.758800749876061, Acc:13.746, LR:0.00029815325108927074
Validation: Loss:3.9364035725593567, Acc:12.35
Epoch:405, Loss:3.761635245109091, Acc:13.662, LR:0.0002973430876093033
Epoch:406, Loss:3.761136709427347, Acc:13.588, LR:0.00029638751429081215
Epoch:407, Loss:3.754389947774459, Acc:13.824, LR:0.0002952874741692947
Epoch:408, Loss:3.757167558280789, Acc:13.688, LR:0.00029404405285154154
Epoch:409, Loss:3.7635254689625333, Acc:13.728, LR:0.0002926584774442731
Validation: Loss:3.9344948530197144, Acc:12.35
Epoch:410, Loss:3.754520516006314, Acc:13.836, LR:0.0002911321153431339
Epoch:411, Loss:3.755163333853897, Acc:13.774, LR:0.0002894664728832378
Epoch:412, Loss:3.756785103252956, Acc:13.646, LR:0.00028766319385259724
Epoch:413, Loss:3.7585539477212087, Acc:13.884, LR:0.00028572405786990305
Epoch:414, Loss:3.7542044751498165, Acc:13.784, LR:0.0002836509786282552
Validation: Loss:3.934055209159851, Acc:12.34
Epoch:415, Loss:3.753586311729587, Acc:13.904, LR:0.00028144600200657956
Epoch:416, Loss:3.7569420605289694, Acc:13.912, LR:0.0002791113040505916
Epoch:417, Loss:3.763250005488493, Acc:13.622, LR:0.00027664918882530236
Epoch:418, Loss:3.755235898251436, Acc:13.796, LR:0.0002740620861411844
Epoch:419, Loss:3.7545404190919838, Acc:13.872, LR:0.0002713525491562422
Validation: Loss:3.930319607257843, Acc:12.38
Epoch:420, Loss:3.7587675780666117, Acc:13.788, LR:0.00026852325185635365
Epoch:421, Loss:3.7519151191322173, Acc:13.706, LR:0.0002655769864163685
Epoch:422, Loss:3.7593647533533523, Acc:13.778, LR:0.00026251666044456906
Epoch:423, Loss:3.7534400176028817, Acc:13.764, LR:0.00025934529411321167
Epoch:424, Loss:3.750493027725998, Acc:13.998, LR:0.0002560660171779823
Validation: Loss:3.930609846115112, Acc:12.32
Epoch:425, Loss:3.753383385891817, Acc:13.766, LR:0.0002526820658893033
Epoch:426, Loss:3.7462491429581934, Acc:13.962, LR:0.0002491967797985478
Epoch:427, Loss:3.751212791520722, Acc:13.722, LR:0.0002456135984623035
Epoch:428, Loss:3.752943759061852, Acc:13.94, LR:0.00024193605804794657
Epoch:429, Loss:3.751094779189752, Acc:14.198, LR:0.00023816778784387107
Validation: Loss:3.9303383588790894, Acc:12.36
Epoch:430, Loss:3.756485931727351, Acc:13.89, LR:0.00023431250667781974
Epoch:431, Loss:3.7605222268980376, Acc:13.644, LR:0.00023037401924684965
Epoch:432, Loss:3.755956175375958, Acc:13.85, LR:0.00022635621236255564
Epoch:433, Loss:3.7535687222772713, Acc:14.052, LR:0.00022226305111525748
Epoch:434, Loss:3.752087403316887, Acc:13.934, LR:0.000218098574960932
Validation: Loss:3.927840161323547, Acc:12.51
Epoch:435, Loss:3.751806310244969, Acc:14.01, LR:0.00021386689373476117
Epoch:436, Loss:3.753562810469647, Acc:13.788, LR:0.00020957218359521712
Epoch:437, Loss:3.750100624804594, Acc:13.962, LR:0.00020521868290270177
Epoch:438, Loss:3.754101646189787, Acc:13.866, LR:0.00020081068803679377
Epoch:439, Loss:3.7513911505134736, Acc:14.022, LR:0.00019635254915624222
Validation: Loss:3.931772434711456, Acc:12.34
Epoch:440, Loss:3.7554147949024124, Acc:13.842, LR:0.0001918486659058845
Epoch:441, Loss:3.7558591317157357, Acc:13.816, LR:0.0001873034830747281
Epoch:442, Loss:3.757713780111196, Acc:13.548, LR:0.00018272148620948156
Epoch:443, Loss:3.760134276078672, Acc:13.598, LR:0.00017810719718785865
Epoch:444, Loss:3.7524825772460626, Acc:13.834, LR:0.00017346516975603487
Validation: Loss:3.9291681170463564, Acc:12.45
Epoch:445, Loss:3.757592196367225, Acc:13.756, LR:0.00016879998503464561
Epoch:446, Loss:3.755669404049309, Acc:13.868, LR:0.00016411624699777741
Epoch:447, Loss:3.754238245438556, Acc:13.97, LR:0.000159418577929397
Epoch:448, Loss:3.7513809447385826, Acc:14.036, LR:0.00015471161386171927
Epoch:449, Loss:3.7559209794414286, Acc:13.994, LR:0.00015000000000000001
Validation: Loss:3.925511968135834, Acc:12.45
Epoch:450, Loss:3.7480531395698082, Acc:13.882, LR:0.00014528838613828057
Epoch:451, Loss:3.7504723923546925, Acc:13.88, LR:0.00014058142207060308
Epoch:452, Loss:3.751576236316136, Acc:13.842, LR:0.0001358837530022227
Epoch:453, Loss:3.754602792311688, Acc:13.884, LR:0.00013120001496535452
Epoch:454, Loss:3.7549744868765074, Acc:14.092, LR:0.0001265348302439653
Validation: Loss:3.9274214625358583, Acc:12.51
Epoch:455, Loss:3.7510730733676834, Acc:13.968, LR:0.00012189280281214152
Epoch:456, Loss:3.75265612894175, Acc:13.832, LR:0.0001172785137905186
Epoch:457, Loss:3.754498150883889, Acc:13.826, LR:0.00011269651692527206
Epoch:458, Loss:3.752684926500126, Acc:14.03, LR:0.00010815133409411564
Epoch:459, Loss:3.7520578734728756, Acc:13.774, LR:0.00010364745084375769
Validation: Loss:3.921863615512848, Acc:12.61
Best model updated!
Epoch:460, Loss:3.7520041879342525, Acc:13.756, LR:9.918931196320637e-05
Epoch:461, Loss:3.751784906095388, Acc:13.952, LR:9.478131709729815e-05
Epoch:462, Loss:3.755274719121505, Acc:13.712, LR:9.042781640478303e-05
Epoch:463, Loss:3.7581824794107552, Acc:13.916, LR:8.613310626523901e-05
Epoch:464, Loss:3.747132598137369, Acc:13.91, LR:8.190142503906816e-05
Validation: Loss:3.92630558013916, Acc:12.47
Epoch:465, Loss:3.752743492321092, Acc:13.918, LR:7.773694888474266e-05
Epoch:466, Loss:3.7571194999072017, Acc:13.806, LR:7.364378763744451e-05
Epoch:467, Loss:3.7551647911266404, Acc:13.854, LR:6.962598075315051e-05
Epoch:468, Loss:3.755424455720551, Acc:13.878, LR:6.568749332218066e-05
Epoch:469, Loss:3.750847135271345, Acc:13.936, LR:6.183221215612908e-05
Validation: Loss:3.929523193836212, Acc:12.29
Epoch:470, Loss:3.7471855684202544, Acc:14.0, LR:5.8063941952053395e-05
Epoch:471, Loss:3.7525127736889585, Acc:13.866, LR:5.4386401537696645e-05
Epoch:472, Loss:3.7517371274987044, Acc:13.854, LR:5.080322020145213e-05
Epoch:473, Loss:3.7464600874453176, Acc:13.96, LR:4.7317934110696835e-05
Epoch:474, Loss:3.750275193428507, Acc:13.862, LR:4.393398282201783e-05
Validation: Loss:3.9271650433540346, Acc:12.52
Epoch:475, Loss:3.751754811831883, Acc:13.866, LR:4.0654705886788434e-05
Epoch:476, Loss:3.7524664888576584, Acc:13.982, LR:3.748333955543108e-05
Epoch:477, Loss:3.744131586989578, Acc:14.082, LR:3.442301358363182e-05
Epoch:478, Loss:3.7495956858810113, Acc:13.986, LR:3.1476748143646496e-05
Epoch:479, Loss:3.751367060505614, Acc:13.798, LR:2.8647450843758107e-05
Validation: Loss:3.931212639808655, Acc:12.36
Epoch:480, Loss:3.7544714139432322, Acc:13.904, LR:2.59379138588158e-05
Epoch:481, Loss:3.7530602800602817, Acc:13.974, LR:2.335081117469768e-05
Epoch:482, Loss:3.746126693122241, Acc:13.996, LR:2.0888695949408543e-05
Epoch:483, Loss:3.7479598887112675, Acc:13.824, LR:1.8553997993420435e-05
Epoch:484, Loss:3.7516199155729644, Acc:13.988, LR:1.634902137174492e-05
Validation: Loss:3.929495108127594, Acc:12.41
Epoch:485, Loss:3.749237075143931, Acc:13.89, LR:1.427594213009707e-05
Epoch:486, Loss:3.7515576007414837, Acc:13.894, LR:1.233680614740295e-05
Epoch:487, Loss:3.7506659590468114, Acc:13.826, LR:1.0533527116762303e-05
Epoch:488, Loss:3.745971626164962, Acc:14.0, LR:8.867884656866302e-06
Epoch:489, Loss:3.7479349326114266, Acc:13.718, LR:7.3415225557269894e-06
Validation: Loss:3.9226866722106934, Acc:12.46
Epoch:490, Loss:3.749473618001354, Acc:13.95, LR:5.9559471484584925e-06
Epoch:491, Loss:3.749198453766959, Acc:13.906, LR:4.7125258307053735e-06
Epoch:492, Loss:3.7454855150106003, Acc:14.114, LR:3.6124857091878692e-06
Epoch:493, Loss:3.753669478455368, Acc:13.764, LR:2.6569123906967424e-06
Epoch:494, Loss:3.7499074303374, Acc:14.048, LR:1.846748910729335e-06
Validation: Loss:3.9242659211158752, Acc:12.51
Epoch:495, Loss:3.7468815604034735, Acc:14.094, LR:1.1827948028283522e-06
Epoch:496, Loss:3.7525624888283864, Acc:13.738, LR:6.657053095380007e-07
Epoch:497, Loss:3.747355813882789, Acc:13.864, LR:2.959907357592829e-07
Epoch:498, Loss:3.7465701200524153, Acc:13.938, LR:7.401594514027667e-08
Epoch:499, Loss:3.750885462274357, Acc:13.928, LR:0.0
Validation: Loss:3.925723969936371, Acc:12.48
Epoch:500, Loss:3.748070176766843, Acc:13.948, LR:7.401594514025999e-08
Epoch:501, Loss:3.7532318830490112, Acc:13.686, LR:2.959907357592661e-07
Epoch:502, Loss:3.7492578053960997, Acc:14.19, LR:6.657053095379839e-07
Epoch:503, Loss:3.7496816357787774, Acc:13.856, LR:1.1827948028283352e-06
Epoch:504, Loss:3.7575518671347172, Acc:13.93, LR:1.846748910729301e-06
Validation: Loss:3.9239153623580934, Acc:12.56
Epoch:505, Loss:3.753815543894865, Acc:13.858, LR:2.6569123906967085e-06
Epoch:506, Loss:3.7536106498873965, Acc:13.648, LR:3.612485709187835e-06
Epoch:507, Loss:3.7566250781623687, Acc:13.852, LR:4.712525830705323e-06
Epoch:508, Loss:3.7478133537331404, Acc:13.986, LR:5.955947148458442e-06
Epoch:509, Loss:3.7489265592730776, Acc:13.886, LR:7.341522555727022e-06
Validation: Loss:3.927040493488312, Acc:12.46
Epoch:510, Loss:3.749629259109497, Acc:13.762, LR:8.867884656866134e-06
Epoch:511, Loss:3.754104864840605, Acc:13.788, LR:1.0533527116762335e-05
Epoch:512, Loss:3.748939090845536, Acc:13.876, LR:1.2336806147402767e-05
Epoch:513, Loss:3.749227523803711, Acc:13.726, LR:1.4275942130097101e-05
Epoch:514, Loss:3.7520895052929313, Acc:13.754, LR:1.6349021371744722e-05
Validation: Loss:3.924971139431, Acc:12.58
Epoch:515, Loss:3.75658448131717, Acc:13.98, LR:1.8553997993420472e-05
Epoch:516, Loss:3.7500257370423298, Acc:13.702, LR:2.0888695949408597e-05
Epoch:517, Loss:3.7410318024304448, Acc:14.208, LR:2.3350811174697737e-05
Epoch:518, Loss:3.751579683654162, Acc:13.738, LR:2.593791385881586e-05
Epoch:519, Loss:3.7522312646009484, Acc:13.986, LR:2.8647450843757853e-05
Validation: Loss:3.9259756088256834, Acc:12.52
Epoch:520, Loss:3.7451499213977737, Acc:14.166, LR:3.147674814364656e-05
Epoch:521, Loss:3.753544902314945, Acc:13.576, LR:3.442301358363153e-05
Epoch:522, Loss:3.748129759516035, Acc:13.852, LR:3.748333955543115e-05
Epoch:523, Loss:3.7432996837460264, Acc:13.934, LR:4.065470588678816e-05
Epoch:524, Loss:3.7502723810624103, Acc:13.954, LR:4.393398282201792e-05
Validation: Loss:3.927636742591858, Acc:12.43
Epoch:525, Loss:3.74784753760513, Acc:13.972, LR:4.731793411069693e-05
Epoch:526, Loss:3.7493879649103903, Acc:14.022, LR:5.0803220201452234e-05
Epoch:527, Loss:3.751714290404806, Acc:13.934, LR:5.4386401537696746e-05
Epoch:528, Loss:3.743333551348472, Acc:14.014, LR:5.80639419520535e-05
Epoch:529, Loss:3.7514797814038334, Acc:13.956, LR:6.18322121561292e-05
Validation: Loss:3.9255603671073915, Acc:12.44
Epoch:530, Loss:3.7512649978910173, Acc:13.946, LR:6.568749332218036e-05
Epoch:531, Loss:3.750410722226513, Acc:13.756, LR:6.962598075315065e-05
Epoch:532, Loss:3.7539498003161684, Acc:13.968, LR:7.36437876374442e-05
Epoch:533, Loss:3.7528510896527036, Acc:13.926, LR:7.77369488847428e-05
Epoch:534, Loss:3.746023569788252, Acc:13.998, LR:8.19014250390683e-05
Validation: Loss:3.929204726219177, Acc:12.38
Epoch:535, Loss:3.7553635349079055, Acc:13.726, LR:8.613310626523915e-05
Epoch:536, Loss:3.7500306708472118, Acc:13.858, LR:9.042781640478317e-05
Epoch:537, Loss:3.751262915377714, Acc:14.006, LR:9.47813170972983e-05
Epoch:538, Loss:3.7499107122421265, Acc:13.882, LR:9.918931196320652e-05
Epoch:539, Loss:3.7484076096087087, Acc:13.928, LR:0.00010364745084375783
Validation: Loss:3.9251574635505677, Acc:12.53
Epoch:540, Loss:3.748606596674238, Acc:13.85, LR:0.0001081513340941158
Epoch:541, Loss:3.749677295587501, Acc:13.736, LR:0.00011269651692527169
Epoch:542, Loss:3.750430608282284, Acc:13.942, LR:0.00011727851379051875
Epoch:543, Loss:3.746930020196097, Acc:13.964, LR:0.0001218928028121417
Epoch:544, Loss:3.7496323780137666, Acc:13.882, LR:0.0001265348302439655
Validation: Loss:3.925489604473114, Acc:12.54
Epoch:545, Loss:3.753561019897461, Acc:13.862, LR:0.0001312000149653547
Epoch:546, Loss:3.7540830106151346, Acc:14.038, LR:0.00013588375300222294
Epoch:547, Loss:3.749924883550527, Acc:13.854, LR:0.00014058142207060332
Epoch:548, Loss:3.747878040586199, Acc:13.952, LR:0.00014528838613828078
Epoch:549, Loss:3.752951235187297, Acc:13.97, LR:0.00015000000000000026
Validation: Loss:3.924912226200104, Acc:12.41
Epoch:550, Loss:3.7548604911687424, Acc:13.842, LR:0.00015471161386171922
Epoch:551, Loss:3.7516865389687672, Acc:13.914, LR:0.00015941857792939725
Epoch:552, Loss:3.751501732943009, Acc:13.888, LR:0.00016411624699777712
Epoch:553, Loss:3.750967852923335, Acc:13.826, LR:0.00016879998503464583
Epoch:554, Loss:3.75207084295701, Acc:14.114, LR:0.00017346516975603508
Validation: Loss:3.925282394886017, Acc:12.47
Epoch:555, Loss:3.748281607822496, Acc:13.946, LR:0.00017810719718785884
Epoch:556, Loss:3.7541721183426526, Acc:13.802, LR:0.00018272148620948175
Epoch:557, Loss:3.756696105003357, Acc:13.92, LR:0.00018730348307472832
Epoch:558, Loss:3.755718394201629, Acc:13.816, LR:0.00019184866590588474
Epoch:559, Loss:3.7484739410633945, Acc:13.854, LR:0.0001963525491562422
Validation: Loss:3.92493531703949, Acc:12.49
Epoch:560, Loss:3.752710539467481, Acc:14.044, LR:0.000200810688036794
Epoch:561, Loss:3.7516676893039627, Acc:13.664, LR:0.00020521868290270174
Epoch:562, Loss:3.7536254002123464, Acc:13.746, LR:0.00020957218359521734
Epoch:563, Loss:3.761288443390204, Acc:13.694, LR:0.0002138668937347609
Epoch:564, Loss:3.750186725538604, Acc:13.87, LR:0.00021809857496093223
Validation: Loss:3.9238752245903017, Acc:12.57
Epoch:565, Loss:3.7482897748752517, Acc:13.766, LR:0.0002222630511152577
Epoch:566, Loss:3.7532605540995694, Acc:13.79, LR:0.0002263562123625559
Epoch:567, Loss:3.7498312312729505, Acc:13.874, LR:0.00023037401924684992
Epoch:568, Loss:3.7513997822391745, Acc:13.928, LR:0.00023431250667781974
Epoch:569, Loss:3.750967702087091, Acc:13.9, LR:0.00023816778784387134
Validation: Loss:3.928500998020172, Acc:12.62
Best model updated!
Epoch:570, Loss:3.7504256087906507, Acc:13.872, LR:0.00024193605804794663
Epoch:571, Loss:3.748075614170152, Acc:13.882, LR:0.00024561359846230385
Epoch:572, Loss:3.7580611876079013, Acc:13.788, LR:0.0002491967797985479
Epoch:573, Loss:3.7494781576857275, Acc:13.938, LR:0.0002526820658893037
Epoch:574, Loss:3.7461480680777104, Acc:14.006, LR:0.0002560660171779823
Validation: Loss:3.9264310717582704, Acc:12.43
Epoch:575, Loss:3.75147938241764, Acc:13.73, LR:0.0002593452941132121
Epoch:576, Loss:3.7527456210584056, Acc:13.736, LR:0.00026251666044456944
Epoch:577, Loss:3.7498442177869835, Acc:13.984, LR:0.00026557698641636873
Epoch:578, Loss:3.7529892361893946, Acc:14.002, LR:0.000268523251856354
Epoch:579, Loss:3.7477703410751966, Acc:14.13, LR:0.0002713525491562424
Validation: Loss:3.926756000518799, Acc:12.4
Epoch:580, Loss:3.7550432146811974, Acc:13.808, LR:0.00027406208614118467
Epoch:581, Loss:3.753878826997718, Acc:13.934, LR:0.00027664918882530247
Epoch:582, Loss:3.750524172977525, Acc:13.856, LR:0.00027911130405059185
Epoch:583, Loss:3.755387167541348, Acc:13.9, LR:0.0002814460020065797
Epoch:584, Loss:3.7462451555291, Acc:14.146, LR:0.00028365097862825546
Validation: Loss:3.9285964608192443, Acc:12.39
Epoch:585, Loss:3.7620629461444155, Acc:13.582, LR:0.0002857240578699031
Epoch:586, Loss:3.7532333622173386, Acc:13.678, LR:0.00028766319385259745
Epoch:587, Loss:3.7493792820949943, Acc:13.99, LR:0.0002894664728832381
Epoch:588, Loss:3.7531174275339865, Acc:13.746, LR:0.0002911321153431341
Epoch:589, Loss:3.7551451386237633, Acc:13.582, LR:0.0002926584774442734
Validation: Loss:3.9272061467170714, Acc:12.4
Epoch:590, Loss:3.754122393471854, Acc:13.868, LR:0.00029404405285154175
Epoch:591, Loss:3.748586141333288, Acc:13.892, LR:0.000295287474169295
Epoch:592, Loss:3.7470769006378797, Acc:13.842, LR:0.00029638751429081236
Epoch:593, Loss:3.7514041954157302, Acc:13.826, LR:0.00029734308760930364
Epoch:594, Loss:3.7458393452118854, Acc:14.114, LR:0.0002981532510892709
Validation: Loss:3.9234660387039186, Acc:12.6
Epoch:595, Loss:3.7523373073461106, Acc:13.824, LR:0.000298817205197172
Epoch:596, Loss:3.7519151021023185, Acc:14.084, LR:0.0002993342946904623
Epoch:597, Loss:3.7529309477124895, Acc:13.626, LR:0.00029970400926424104
Epoch:598, Loss:3.755874918431652, Acc:13.854, LR:0.00029992598405486004
Epoch:599, Loss:3.7501757461197522, Acc:13.754, LR:0.0003000000000000003
Validation: Loss:3.9208120942115783, Acc:12.54
Epoch:600, Loss:3.7499510804001166, Acc:13.78, LR:0.00029992598405486
Epoch:601, Loss:3.7513935419977926, Acc:13.95, LR:0.00029970400926424104
Epoch:602, Loss:3.752199348138303, Acc:13.882, LR:0.0002993342946904623
Epoch:603, Loss:3.7599880914298858, Acc:13.786, LR:0.000298817205197172
Epoch:604, Loss:3.7481350217546736, Acc:13.938, LR:0.00029815325108927096
Validation: Loss:3.9283438086509705, Acc:12.42
Epoch:605, Loss:3.752882020814078, Acc:13.816, LR:0.00029734308760930364
Epoch:606, Loss:3.7436855982760995, Acc:13.75, LR:0.0002963875142908124
Epoch:607, Loss:3.7485275925422203, Acc:14.026, LR:0.000295287474169295
Epoch:608, Loss:3.751538018791043, Acc:13.928, LR:0.0002940440528515418
Epoch:609, Loss:3.7527795348848616, Acc:14.002, LR:0.0002926584774442733
Validation: Loss:3.928158938884735, Acc:12.35
Epoch:610, Loss:3.7521397264636294, Acc:13.962, LR:0.0002911321153431342
Epoch:611, Loss:3.750086003420304, Acc:14.006, LR:0.000289466472883238
Epoch:612, Loss:3.7512658493859425, Acc:14.016, LR:0.00028766319385259756
Epoch:613, Loss:3.746883368005558, Acc:14.186, LR:0.0002857240578699032
Epoch:614, Loss:3.7436192522243577, Acc:14.092, LR:0.0002836509786282556
Validation: Loss:3.9243776917457582, Acc:12.61
Epoch:615, Loss:3.7498010834869073, Acc:14.046, LR:0.00028144600200657983
Epoch:616, Loss:3.7525681792473304, Acc:13.758, LR:0.00027911130405059196
Epoch:617, Loss:3.752819776535034, Acc:13.838, LR:0.0002766491888253026
Epoch:618, Loss:3.7468242110038292, Acc:14.042, LR:0.00027406208614118446
Epoch:619, Loss:3.751826765585919, Acc:13.99, LR:0.00027135254915624244
Validation: Loss:3.926598036289215, Acc:12.56
Epoch:620, Loss:3.746743399269727, Acc:13.822, LR:0.0002685232518563537
Epoch:621, Loss:3.7475408267001717, Acc:13.822, LR:0.00026557698641636873
Epoch:622, Loss:3.753753209600643, Acc:13.762, LR:0.0002625166604445691
Epoch:623, Loss:3.755363019145265, Acc:13.842, LR:0.00025934529411321216
Epoch:624, Loss:3.7396000721016707, Acc:13.94, LR:0.00025606601717798234
Validation: Loss:3.9233517408370973, Acc:12.61
Epoch:625, Loss:3.7499085518778585, Acc:13.686, LR:0.00025268206588930373
Epoch:626, Loss:3.7483744694262136, Acc:14.012, LR:0.00024919677979854803
Epoch:627, Loss:3.748715882398644, Acc:13.854, LR:0.00024561359846230396
Epoch:628, Loss:3.751458681359583, Acc:13.79, LR:0.0002419360580479468
Epoch:629, Loss:3.7462861781217613, Acc:13.818, LR:0.0002381677878438711
Validation: Loss:3.9278196930885314, Acc:12.73
Best model updated!
Epoch:630, Loss:3.748870372772217, Acc:14.026, LR:0.00023431250667781993
Epoch:631, Loss:3.755666876325802, Acc:13.912, LR:0.00023037401924684965
Epoch:632, Loss:3.7475025069956875, Acc:13.958, LR:0.0002263562123625561
Epoch:633, Loss:3.7475931668768125, Acc:13.926, LR:0.00022226305111525748
Epoch:634, Loss:3.7513561735347825, Acc:13.774, LR:0.00021809857496093247
Validation: Loss:3.9180596351623533, Acc:12.59
Epoch:635, Loss:3.7503209746613795, Acc:13.762, LR:0.00021386689373476114
Epoch:636, Loss:3.7489810476497727, Acc:14.012, LR:0.0002095721835952176
Epoch:637, Loss:3.75405599876326, Acc:14.038, LR:0.00020521868290270198
Epoch:638, Loss:3.749996085556186, Acc:13.662, LR:0.00020081068803679426
Epoch:639, Loss:3.7476217089867103, Acc:13.974, LR:0.00019635254915624243
Validation: Loss:3.9239434957504273, Acc:12.49
Epoch:640, Loss:3.753399836773775, Acc:13.806, LR:0.00019184866590588447
Epoch:641, Loss:3.7483987345987435, Acc:13.85, LR:0.0001873034830747286
Epoch:642, Loss:3.75032360699712, Acc:13.808, LR:0.0001827214862094815
Epoch:643, Loss:3.751442393478082, Acc:13.92, LR:0.0001781071971878591
Epoch:644, Loss:3.742045838005689, Acc:14.012, LR:0.00017346516975603478
Validation: Loss:3.922806191444397, Acc:12.54
Epoch:645, Loss:3.7517631297208824, Acc:14.008, LR:0.00016879998503464608
Epoch:646, Loss:3.747332125293965, Acc:13.786, LR:0.00016411624699777736
Epoch:647, Loss:3.7479197468076433, Acc:13.882, LR:0.00015941857792939752
Epoch:648, Loss:3.7472777415295035, Acc:13.912, LR:0.0001547116138617195
Epoch:649, Loss:3.746272641785291, Acc:13.758, LR:0.00015000000000000056
Validation: Loss:3.919844400882721, Acc:12.67
Epoch:650, Loss:3.7499929885475005, Acc:13.902, LR:0.00014528838613828105
Epoch:651, Loss:3.7442652522301185, Acc:14.182, LR:0.00014058142207060357
Epoch:652, Loss:3.7414755821228027, Acc:14.13, LR:0.00013588375300222264
Epoch:653, Loss:3.7448888725163987, Acc:13.918, LR:0.00013120001496535444
Epoch:654, Loss:3.7491262591615016, Acc:13.786, LR:0.00012653483024396573
Validation: Loss:3.9238913893699645, Acc:12.54
Epoch:655, Loss:3.747595784615497, Acc:13.892, LR:0.00012189280281214194
Epoch:656, Loss:3.7528042574318086, Acc:13.836, LR:0.00011727851379051848
Epoch:657, Loss:3.7523861077367044, Acc:14.034, LR:0.00011269651692527192
Epoch:658, Loss:3.7456494959033266, Acc:14.016, LR:0.00010815133409411604
Epoch:659, Loss:3.7509052680463206, Acc:13.864, LR:0.00010364745084375859
Validation: Loss:3.921359491348267, Acc:12.49
Epoch:660, Loss:3.7484413531361795, Acc:13.77, LR:9.918931196320625e-05
Epoch:661, Loss:3.7545793664698697, Acc:13.764, LR:9.478131709729855e-05
Epoch:662, Loss:3.7500615411875198, Acc:13.844, LR:9.04278164047834e-05
Epoch:663, Loss:3.7430949989630253, Acc:14.186, LR:8.613310626523889e-05
Epoch:664, Loss:3.741571601556272, Acc:14.02, LR:8.190142503906803e-05
Validation: Loss:3.9248408317565917, Acc:12.49
Epoch:665, Loss:3.7449999828727876, Acc:14.052, LR:7.773694888474301e-05
Epoch:666, Loss:3.746527314186096, Acc:13.834, LR:7.364378763744486e-05
Epoch:667, Loss:3.744017647237194, Acc:14.14, LR:6.962598075315039e-05
Epoch:668, Loss:3.7424106184317143, Acc:14.104, LR:6.568749332218055e-05
Epoch:669, Loss:3.7376922247361164, Acc:14.118, LR:6.183221215612939e-05
Validation: Loss:3.9205921411514284, Acc:12.58
Epoch:670, Loss:3.746496327069341, Acc:14.13, LR:5.80639419520541e-05
Epoch:671, Loss:3.741761857149552, Acc:14.176, LR:5.438640153769651e-05
Epoch:672, Loss:3.749502490977852, Acc:13.78, LR:5.080322020145241e-05
Epoch:673, Loss:3.747911647874482, Acc:13.964, LR:4.731793411069709e-05
Epoch:674, Loss:3.7450602711463463, Acc:13.936, LR:4.3933982822017714e-05
Validation: Loss:3.921734571456909, Acc:12.61
Epoch:675, Loss:3.7397148974087773, Acc:14.19, LR:4.065470588678831e-05
Epoch:676, Loss:3.742769465154531, Acc:13.918, LR:3.7483339555431305e-05
Epoch:677, Loss:3.7445194161668116, Acc:14.104, LR:3.442301358363202e-05
Epoch:678, Loss:3.742816912884615, Acc:14.088, LR:3.147674814364636e-05
Epoch:679, Loss:3.746838156057864, Acc:13.994, LR:2.8647450843757985e-05
Validation: Loss:3.921664559841156, Acc:12.57
Epoch:680, Loss:3.7443035038150088, Acc:14.132, LR:2.5937913858815975e-05
Epoch:681, Loss:3.7465695434687087, Acc:13.81, LR:2.3350811174698137e-05
Epoch:682, Loss:3.7449901517556636, Acc:14.066, LR:2.0888695949408434e-05
Epoch:683, Loss:3.7464601750276527, Acc:13.944, LR:1.855399799342059e-05
Epoch:684, Loss:3.7410056566705507, Acc:14.018, LR:1.6349021371745074e-05
Validation: Loss:3.9242055654525756, Acc:12.59
Epoch:685, Loss:3.7407766166998417, Acc:14.078, LR:1.4275942130096973e-05
Epoch:686, Loss:3.7442372769725565, Acc:13.87, LR:1.2336806147402854e-05
Epoch:687, Loss:3.7465154735409483, Acc:13.97, LR:1.0533527116762422e-05
Epoch:688, Loss:3.743499967516685, Acc:14.09, LR:8.867884656866405e-06
Epoch:689, Loss:3.7410449154522953, Acc:13.916, LR:7.341522555726927e-06
Validation: Loss:3.917154884338379, Acc:12.7
Epoch:690, Loss:3.7404611183672536, Acc:14.11, LR:5.955947148458595e-06
Epoch:691, Loss:3.742268900482022, Acc:13.87, LR:4.712525830705442e-06
Epoch:692, Loss:3.744002999091635, Acc:13.898, LR:3.6124857091879374e-06
Epoch:693, Loss:3.7445756975485356, Acc:14.08, LR:2.656912390696694e-06
Epoch:694, Loss:3.745666666906707, Acc:13.986, LR:1.846748910729386e-06
Validation: Loss:3.9228500843048097, Acc:12.67
Epoch:695, Loss:3.7474013785926665, Acc:13.906, LR:1.182794802828403e-06
Epoch:696, Loss:3.7434182969891294, Acc:13.904, LR:6.657053095379845e-07
Epoch:697, Loss:3.7484211775721334, Acc:14.154, LR:2.959907357592664e-07
Epoch:698, Loss:3.746098674073511, Acc:13.986, LR:7.401594514027672e-08
Epoch:699, Loss:3.74096138623296, Acc:14.216, LR:0.0
Validation: Loss:3.922753393650055, Acc:12.55
Epoch:700, Loss:3.7417540015006554, Acc:14.088, LR:7.401594514025999e-08
Epoch:701, Loss:3.7473345216439693, Acc:13.99, LR:2.959907357591829e-07
Epoch:702, Loss:3.7485350151451264, Acc:13.956, LR:6.657053095378007e-07
Epoch:703, Loss:3.742281062262399, Acc:13.87, LR:1.1827948028280358e-06
Epoch:704, Loss:3.7455621787479947, Acc:13.91, LR:1.8467489107289189e-06
Validation: Loss:3.9278031945228578, Acc:12.51
Epoch:705, Loss:3.7439204405765145, Acc:13.942, LR:2.656912390696044e-06
Epoch:706, Loss:3.746094049239645, Acc:13.848, LR:3.612485709186955e-06
Epoch:707, Loss:3.747942807723065, Acc:13.964, LR:4.7125258307043105e-06
Epoch:708, Loss:3.7457520426536095, Acc:13.72, LR:5.955947148457165e-06
Epoch:709, Loss:3.7451810471865596, Acc:14.208, LR:7.3415225557251836e-06
Validation: Loss:3.917034387588501, Acc:12.72
Epoch:710, Loss:3.741081719495812, Acc:13.966, LR:8.867884656864135e-06
Epoch:711, Loss:3.741699381750457, Acc:14.212, LR:1.0533527116759942e-05
Epoch:712, Loss:3.741462994594963, Acc:14.07, LR:1.2336806147399967e-05
Epoch:713, Loss:3.7446689192129643, Acc:13.936, LR:1.4275942130093647e-05
Epoch:714, Loss:3.741281030129413, Acc:14.08, LR:1.6349021371741266e-05
Validation: Loss:3.9217545628547668, Acc:12.63
Epoch:715, Loss:3.7400816630344003, Acc:14.186, LR:1.8553997993416267e-05
Epoch:716, Loss:3.740723191475382, Acc:14.066, LR:2.0888695949403582e-05
Epoch:717, Loss:3.7454158359644363, Acc:13.96, LR:2.335081117469215e-05
Epoch:718, Loss:3.7489781817611383, Acc:14.024, LR:2.5937913858809968e-05
Epoch:719, Loss:3.7449568145129146, Acc:14.19, LR:2.864745084375136e-05
Validation: Loss:3.9206917881965637, Acc:12.58
Epoch:720, Loss:3.7468122438508638, Acc:14.168, LR:3.1476748143639096e-05
Epoch:721, Loss:3.7411633875905252, Acc:14.09, LR:3.442301358362374e-05
Epoch:722, Loss:3.742381981440953, Acc:14.094, LR:3.7483339555422666e-05
Epoch:723, Loss:3.744627779843856, Acc:14.044, LR:4.065470588677894e-05
Epoch:724, Loss:3.7442152938064264, Acc:14.036, LR:4.3933982822007597e-05
Validation: Loss:3.9161741852760317, Acc:12.66
Epoch:725, Loss:3.7421123056995627, Acc:13.97, LR:4.731793411068621e-05
Epoch:726, Loss:3.747659369390838, Acc:14.016, LR:5.080322020144073e-05
Epoch:727, Loss:3.7520499375401712, Acc:13.888, LR:5.438640153768402e-05
Epoch:728, Loss:3.7402551466104934, Acc:14.038, LR:5.8063941952040364e-05
Epoch:729, Loss:3.7440789159463375, Acc:14.022, LR:6.18322121561152e-05
Validation: Loss:3.919784593582153, Acc:12.41
Epoch:730, Loss:3.7460852496478023, Acc:14.002, LR:6.568749332216548e-05
Epoch:731, Loss:3.7438849964920355, Acc:14.016, LR:6.962598075313442e-05
Epoch:732, Loss:3.7446109640355014, Acc:14.104, LR:7.364378763742751e-05
Epoch:733, Loss:3.7406094293205108, Acc:14.082, LR:7.77369488847252e-05
Epoch:734, Loss:3.746638748110557, Acc:13.934, LR:8.190142503904929e-05
Validation: Loss:3.921125340461731, Acc:12.6
Epoch:735, Loss:3.744333342630036, Acc:13.944, LR:8.613310626521917e-05
Epoch:736, Loss:3.7446446953987587, Acc:14.132, LR:9.042781640476268e-05
Epoch:737, Loss:3.741161455913466, Acc:14.142, LR:9.478131709727682e-05
Epoch:738, Loss:3.746485493621048, Acc:13.914, LR:9.918931196318353e-05
Epoch:739, Loss:3.7420341968536377, Acc:14.09, LR:0.00010364745084373434
Validation: Loss:3.9240874528884886, Acc:12.6
Epoch:740, Loss:3.7415680496060117, Acc:13.876, LR:0.00010815133409409127
Epoch:741, Loss:3.742590064905128, Acc:14.048, LR:0.00011269651692524613
Epoch:742, Loss:3.746399322334601, Acc:13.898, LR:0.00011727851379049164
Epoch:743, Loss:3.7434221433133494, Acc:13.794, LR:0.00012189280281211353
Epoch:744, Loss:3.746602124097396, Acc:14.168, LR:0.00012653483024393676
Validation: Loss:3.9186260104179382, Acc:12.72
Epoch:745, Loss:3.7469571950484295, Acc:13.794, LR:0.0001312000149653244
Epoch:746, Loss:3.74310526312614, Acc:13.992, LR:0.0001358837530021921
Epoch:747, Loss:3.7448117076134193, Acc:13.974, LR:0.0001405814220705714
Epoch:748, Loss:3.7467068993315404, Acc:14.058, LR:0.0001452883861382478
Epoch:749, Loss:3.7505305202639834, Acc:13.804, LR:0.00014999999999996567
Validation: Loss:3.919425058364868, Acc:12.64
Epoch:750, Loss:3.7459107418449555, Acc:13.992, LR:0.00015471161386168406
Epoch:751, Loss:3.7444818238822783, Acc:14.064, LR:0.000159418577929361
Epoch:752, Loss:3.7486448871846103, Acc:13.766, LR:0.0001641162469977398
Epoch:753, Loss:3.746184606941379, Acc:13.894, LR:0.00016879998503460696
Epoch:754, Loss:3.7483089651380266, Acc:13.882, LR:0.00017346516975599513
Validation: Loss:3.9253602862358092, Acc:12.44
Epoch:755, Loss:3.7479685739595063, Acc:13.878, LR:0.0001781071971878184
Epoch:756, Loss:3.747539943578292, Acc:13.938, LR:0.0001827214862094398
Epoch:757, Loss:3.7533001778077106, Acc:13.906, LR:0.0001873034830746858
Epoch:758, Loss:3.7482045961886037, Acc:13.68, LR:0.00019184866590584118
Epoch:759, Loss:3.7487316058606517, Acc:13.77, LR:0.00019635254915619763
Validation: Loss:3.920316755771637, Acc:12.55
Epoch:760, Loss:3.7492333334319445, Acc:13.88, LR:0.00020081068803674793
Epoch:761, Loss:3.7492505628235486, Acc:13.812, LR:0.00020521868290265515
Epoch:762, Loss:3.7516483555034714, Acc:13.954, LR:0.00020957218359516977
Epoch:763, Loss:3.7421980779998156, Acc:14.038, LR:0.00021386689373471235
Epoch:764, Loss:3.74708933246379, Acc:14.002, LR:0.00021809857496088274
Validation: Loss:3.9226687073707582, Acc:12.42
Epoch:765, Loss:3.7542573043278287, Acc:13.918, LR:0.00022226305111520682
Epoch:766, Loss:3.746368101664952, Acc:13.928, LR:0.0002263562123625045
Epoch:767, Loss:3.7450771575071373, Acc:14.012, LR:0.00023037401924679718
Epoch:768, Loss:3.74470785685948, Acc:13.818, LR:0.00023431250667776656
Epoch:769, Loss:3.7508270594538473, Acc:14.004, LR:0.0002381677878438173
Validation: Loss:3.9226977109909056, Acc:12.41
Epoch:770, Loss:3.7494128042337844, Acc:13.842, LR:0.0002419360580478917
Epoch:771, Loss:3.741892549456382, Acc:13.958, LR:0.0002456135984622476
Epoch:772, Loss:3.7482766837489847, Acc:14.12, LR:0.00024919677979849127
Epoch:773, Loss:3.745578717212288, Acc:14.116, LR:0.0002526820658892462
Epoch:774, Loss:3.746746287053945, Acc:13.946, LR:0.00025606601717792407
Validation: Loss:3.9215450048446656, Acc:12.44
Epoch:775, Loss:3.752722754770396, Acc:13.822, LR:0.0002593452941131531
Epoch:776, Loss:3.74701789933808, Acc:13.964, LR:0.00026251666044450943
Epoch:777, Loss:3.7471049391493505, Acc:13.988, LR:0.00026557698641630834
Epoch:778, Loss:3.7495781718468177, Acc:13.804, LR:0.00026852325185629266
Epoch:779, Loss:3.743033555089211, Acc:13.918, LR:0.00027135254915618075
Validation: Loss:3.9190274357795714, Acc:12.46
Epoch:780, Loss:3.745388770590023, Acc:13.85, LR:0.0002740620861411224
Epoch:781, Loss:3.7465761267409032, Acc:14.106, LR:0.00027664918882523964
Epoch:782, Loss:3.74705132902885, Acc:13.686, LR:0.0002791113040505285
Epoch:783, Loss:3.7452266362248636, Acc:13.962, LR:0.0002814460020065158
Epoch:784, Loss:3.7491830538730233, Acc:13.754, LR:0.00028365097862819105
Validation: Loss:3.9190698146820067, Acc:12.68
Epoch:785, Loss:3.74900669954261, Acc:14.074, LR:0.0002857240578698382
Epoch:786, Loss:3.7500207740433362, Acc:13.912, LR:0.00028766319385253213
Epoch:787, Loss:3.741094010216849, Acc:14.158, LR:0.0002894664728831722
Epoch:788, Loss:3.752375957917194, Acc:13.964, LR:0.000291132115343068
Epoch:789, Loss:3.7457911335692113, Acc:14.02, LR:0.0002926584774442068
Validation: Loss:3.9250560879707335, Acc:12.38
Epoch:790, Loss:3.7454259541569925, Acc:14.004, LR:0.000294044052851475
Epoch:791, Loss:3.748493722506932, Acc:13.936, LR:0.000295287474169228
Epoch:792, Loss:3.749473435538156, Acc:13.942, LR:0.00029638751429074514
Epoch:793, Loss:3.7481030420381196, Acc:13.736, LR:0.0002973430876092362
Epoch:794, Loss:3.7509247745786394, Acc:13.816, LR:0.0002981532510892033
Validation: Loss:3.917148971557617, Acc:12.64
Epoch:795, Loss:3.7501999212771047, Acc:13.938, LR:0.0002988172051971042
Epoch:796, Loss:3.750310004973898, Acc:13.906, LR:0.0002993342946903944
Epoch:797, Loss:3.7511464187077115, Acc:13.922, LR:0.00029970400926417306
Epoch:798, Loss:3.7551512888499667, Acc:13.834, LR:0.000299925984054792
Epoch:799, Loss:3.748662588547687, Acc:14.116, LR:0.00029999999999993227
Validation: Loss:3.924551320075989, Acc:12.47
Epoch:800, Loss:3.7457956635222143, Acc:13.906, LR:0.000299925984054792
Epoch:801, Loss:3.751404990955275, Acc:13.736, LR:0.0002997040092641731
Epoch:802, Loss:3.749713267598833, Acc:13.88, LR:0.00029933429469039443
Epoch:803, Loss:3.750555342557479, Acc:13.67, LR:0.00029881720519710426
Epoch:804, Loss:3.7469033805691465, Acc:13.796, LR:0.00029815325108920336
Validation: Loss:3.9251545310020446, Acc:12.49
Epoch:805, Loss:3.7477917744188893, Acc:13.77, LR:0.0002973430876092362
Epoch:806, Loss:3.7433297561139476, Acc:14.064, LR:0.0002963875142907452
Epoch:807, Loss:3.7500591326733024, Acc:13.81, LR:0.00029528747416922806
Epoch:808, Loss:3.7511371739056645, Acc:13.792, LR:0.0002940440528514751
Epoch:809, Loss:3.749554334854593, Acc:13.916, LR:0.0002926584774442071
Validation: Loss:3.9186657667160034, Acc:12.55
Epoch:810, Loss:3.7521547273713716, Acc:14.01, LR:0.0002911321153430682
Epoch:811, Loss:3.7432218911696453, Acc:14.334, LR:0.0002894664728831724
Epoch:812, Loss:3.751469529404932, Acc:13.928, LR:0.00028766319385253235
Epoch:813, Loss:3.7472409350531444, Acc:13.774, LR:0.0002857240578698385
Epoch:814, Loss:3.7472529362659066, Acc:14.142, LR:0.0002836509786281913
Validation: Loss:3.924223256111145, Acc:12.53
Epoch:815, Loss:3.744404230798994, Acc:14.058, LR:0.0002814460020065161
Epoch:816, Loss:3.745386938659512, Acc:14.08, LR:0.00027911130405052875
Epoch:817, Loss:3.74241701924071, Acc:14.3, LR:0.00027664918882523985
Epoch:818, Loss:3.7500190223966325, Acc:13.684, LR:0.00027406208614112233
Epoch:819, Loss:3.7427166335436763, Acc:14.014, LR:0.00027135254915618096
Validation: Loss:3.916859197616577, Acc:12.78
Best model updated!
Epoch:820, Loss:3.7448279663008086, Acc:13.866, LR:0.00026852325185629326
Epoch:821, Loss:3.746598032056069, Acc:14.01, LR:0.0002655769864163086
Epoch:822, Loss:3.7453218430888895, Acc:13.866, LR:0.0002625166604445097
Epoch:823, Loss:3.7526769127164568, Acc:13.658, LR:0.00025934529411315345
Epoch:824, Loss:3.748604956938296, Acc:13.828, LR:0.0002560660171779244
Validation: Loss:3.9218313694000244, Acc:12.54
Epoch:825, Loss:3.74377509525844, Acc:13.942, LR:0.00025268206588924654
Epoch:826, Loss:3.7467108332380956, Acc:14.088, LR:0.00024919677979849165
Epoch:827, Loss:3.746226566178458, Acc:13.838, LR:0.00024561359846224834
Epoch:828, Loss:3.7466294205918604, Acc:13.824, LR:0.000241936058047892
Epoch:829, Loss:3.741607593030346, Acc:13.946, LR:0.0002381677878438172
Validation: Loss:3.9216734290122988, Acc:12.56
Epoch:830, Loss:3.747864922698663, Acc:13.97, LR:0.00023431250667776694
Epoch:831, Loss:3.7459754749220244, Acc:13.926, LR:0.0002303740192467975
Epoch:832, Loss:3.7473599302525424, Acc:14.234, LR:0.00022635621236250485
Epoch:833, Loss:3.74406449892083, Acc:14.062, LR:0.00022226305111520714
Epoch:834, Loss:3.745406846610867, Acc:14.022, LR:0.0002180985749608831
Validation: Loss:3.9256399035453797, Acc:12.41
Epoch:835, Loss:3.743080199981222, Acc:13.95, LR:0.0002138668937347127
Epoch:836, Loss:3.7493432979194488, Acc:13.778, LR:0.00020957218359516966
Epoch:837, Loss:3.747301931283912, Acc:13.882, LR:0.00020521868290265553
Epoch:838, Loss:3.7450499631920637, Acc:13.884, LR:0.0002008106880367488
Epoch:839, Loss:3.7476683344159807, Acc:13.924, LR:0.00019635254915619798
Validation: Loss:3.9220447540283203, Acc:12.61
Epoch:840, Loss:3.7479220823365815, Acc:14.008, LR:0.00019184866590584104
Epoch:841, Loss:3.7435565262424704, Acc:13.94, LR:0.0001873034830746862
Epoch:842, Loss:3.7411427862790165, Acc:14.064, LR:0.00018272148620944014
Epoch:843, Loss:3.754314583175036, Acc:13.866, LR:0.0001781071971878188
Epoch:844, Loss:3.744725986402862, Acc:14.198, LR:0.00017346516975599554
Validation: Loss:3.925795257091522, Acc:12.47
Epoch:845, Loss:3.7453265311766644, Acc:13.934, LR:0.00016879998503460788
Epoch:846, Loss:3.74733997851002, Acc:13.874, LR:0.00016411624699774023
Epoch:847, Loss:3.744044167654855, Acc:14.164, LR:0.00015941857792936093
Epoch:848, Loss:3.746004131375527, Acc:13.86, LR:0.0001547116138616845
Epoch:849, Loss:3.7447189506219356, Acc:14.008, LR:0.00014999999999996662
Validation: Loss:3.9197142004966734, Acc:12.63
Epoch:850, Loss:3.7485076067399006, Acc:13.804, LR:0.0001452883861382482
Epoch:851, Loss:3.7467349792013365, Acc:14.1, LR:0.00014058142207057126
Epoch:852, Loss:3.74640036115841, Acc:14.162, LR:0.00013588375300219245
Epoch:853, Loss:3.742179671112372, Acc:14.172, LR:0.0001312000149653248
Epoch:854, Loss:3.7466255183122597, Acc:13.904, LR:0.0001265348302439366
Validation: Loss:3.916776168346405, Acc:12.69
Epoch:855, Loss:3.7504176071711948, Acc:13.904, LR:0.00012189280281211387
Epoch:856, Loss:3.742670314652579, Acc:14.298, LR:0.0001172785137904925
Epoch:857, Loss:3.744948457698433, Acc:13.956, LR:0.00011269651692524647
Epoch:858, Loss:3.7416867966554603, Acc:13.942, LR:0.0001081513340940911
Epoch:859, Loss:3.7391469867862, Acc:14.088, LR:0.00010364745084373467
Validation: Loss:3.9225255250930786, Acc:12.56
Epoch:860, Loss:3.746476338834179, Acc:13.798, LR:9.918931196318436e-05
Epoch:861, Loss:3.7447299373393155, Acc:13.908, LR:9.478131709727713e-05
Epoch:862, Loss:3.741542100906372, Acc:13.95, LR:9.042781640476249e-05
Epoch:863, Loss:3.7438616387698116, Acc:13.96, LR:8.61331062652199e-05
Epoch:864, Loss:3.741648691041129, Acc:13.93, LR:8.190142503904952e-05
Validation: Loss:3.9221969723701475, Acc:12.53
Epoch:865, Loss:3.7417118889944896, Acc:14.098, LR:7.773694888472497e-05
Epoch:866, Loss:3.7421053453367583, Acc:14.06, LR:7.364378763742775e-05
Epoch:867, Loss:3.743995012069235, Acc:13.87, LR:6.96259807531351e-05
Epoch:868, Loss:3.7467537218210647, Acc:13.964, LR:6.568749332216568e-05
Epoch:869, Loss:3.742345026561192, Acc:13.92, LR:6.183221215611498e-05
Validation: Loss:3.9185251951217652, Acc:12.67
Epoch:870, Loss:3.7385618005480086, Acc:14.096, LR:5.806394195204057e-05
Epoch:871, Loss:3.741106928611288, Acc:14.024, LR:5.4386401537684644e-05
Epoch:872, Loss:3.739689432844824, Acc:14.002, LR:5.0803220201440525e-05
Epoch:873, Loss:3.743777632713318, Acc:14.014, LR:4.7317934110686006e-05
Epoch:874, Loss:3.7406067848205566, Acc:14.03, LR:4.393398282200816e-05
Validation: Loss:3.9218126773834228, Acc:12.57
Epoch:875, Loss:3.738009992910891, Acc:14.054, LR:4.065470588677912e-05
Epoch:876, Loss:3.744085567338126, Acc:13.886, LR:3.748333955542248e-05
Epoch:877, Loss:3.7392058761752383, Acc:14.072, LR:3.44230135836239e-05
Epoch:878, Loss:3.7480350659818065, Acc:13.86, LR:3.147674814363958e-05
Epoch:879, Loss:3.7465826005351786, Acc:13.958, LR:2.864745084375151e-05
Validation: Loss:3.921849179267883, Acc:12.5
Epoch:880, Loss:3.7391680260093842, Acc:13.976, LR:2.5937913858809816e-05
Epoch:881, Loss:3.741151118765072, Acc:14.224, LR:2.335081117469258e-05
Epoch:882, Loss:3.7438634074464137, Acc:14.102, LR:2.0888695949404e-05
Epoch:883, Loss:3.7427836048359775, Acc:14.066, LR:1.8553997993416135e-05
Epoch:884, Loss:3.7438149038626225, Acc:13.824, LR:1.6349021371741137e-05
Validation: Loss:3.9213680028915405, Acc:12.55
Epoch:885, Loss:3.7399085541160737, Acc:14.142, LR:1.4275942130093986e-05
Epoch:886, Loss:3.7398989930444833, Acc:13.9, LR:1.2336806147400074e-05
Epoch:887, Loss:3.7447856834956577, Acc:14.06, LR:1.053352711675985e-05
Epoch:888, Loss:3.740266899673306, Acc:14.086, LR:8.867884656864227e-06
Epoch:889, Loss:3.7379839006735356, Acc:14.028, LR:7.341522555725444e-06
Validation: Loss:3.920607805252075, Acc:12.59
Epoch:890, Loss:3.7415820360183716, Acc:14.14, LR:5.955947148457094e-06
Epoch:891, Loss:3.7417286147876663, Acc:14.072, LR:4.712525830704257e-06
Epoch:892, Loss:3.7371358920116813, Acc:14.226, LR:3.6124857091871353e-06
Epoch:893, Loss:3.7468376597579645, Acc:13.868, LR:2.6569123906961914e-06
Epoch:894, Loss:3.7440258945737566, Acc:14.216, LR:1.8467489107288837e-06
Validation: Loss:3.9171223998069764, Acc:12.62
Epoch:895, Loss:3.7414345960227813, Acc:14.256, LR:1.182794802828068e-06
Epoch:896, Loss:3.7400817433182074, Acc:13.976, LR:6.657053095378835e-07
Epoch:897, Loss:3.740813766207014, Acc:14.124, LR:2.959907357591993e-07
Epoch:898, Loss:3.73812189394114, Acc:14.106, LR:7.401594514024328e-08
Epoch:899, Loss:3.743250839564265, Acc:13.986, LR:0.0
Validation: Loss:3.9166197776794434, Acc:12.61
Epoch:900, Loss:3.744314254546652, Acc:13.82, LR:7.401594514025999e-08
Epoch:901, Loss:3.735968200527892, Acc:14.308, LR:2.959907357592828e-07
Epoch:902, Loss:3.7401467877991346, Acc:14.082, LR:6.657053095380004e-07
Epoch:903, Loss:3.7421094495422986, Acc:13.94, LR:1.182794802828285e-06
Epoch:904, Loss:3.742225233389407, Acc:13.91, LR:1.846748910729251e-06
Validation: Loss:3.9181136012077333, Acc:12.62
Epoch:905, Loss:3.742557727560705, Acc:13.864, LR:2.656912390696741e-06
Epoch:906, Loss:3.74205879532561, Acc:13.998, LR:3.6124857091878675e-06
Epoch:907, Loss:3.740189885606571, Acc:13.888, LR:4.712525830705238e-06
Epoch:908, Loss:3.739607871795187, Acc:14.12, LR:5.955947148458656e-06
Epoch:909, Loss:3.742471052675831, Acc:13.95, LR:7.341522555726986e-06
Validation: Loss:3.9234354853630067, Acc:12.52
Epoch:910, Loss:3.740908398920176, Acc:14.182, LR:8.867884656866114e-06
Epoch:911, Loss:3.7418449095317294, Acc:14.23, LR:1.0533527116762113e-05
Epoch:912, Loss:3.737953959679117, Acc:14.014, LR:1.2336806147402945e-05
Epoch:913, Loss:3.7440131610753586, Acc:13.912, LR:1.4275942130097064e-05
Epoch:914, Loss:3.741988381560968, Acc:14.106, LR:1.6349021371744684e-05
Validation: Loss:3.920644474029541, Acc:12.63
Epoch:915, Loss:3.73931661187386, Acc:14.154, LR:1.8553997993420184e-05
Epoch:916, Loss:3.7431769249390583, Acc:14.09, LR:2.0888695949408556e-05
Epoch:917, Loss:3.7419536430008558, Acc:14.028, LR:2.3350811174697676e-05
Epoch:918, Loss:3.741051072977027, Acc:14.12, LR:2.5937913858815494e-05
Epoch:919, Loss:3.738637746596823, Acc:14.246, LR:2.8647450843758097e-05
Validation: Loss:3.9180598974227907, Acc:12.58
Epoch:920, Loss:3.7421271095470505, Acc:14.06, LR:3.147674814364649e-05
Epoch:921, Loss:3.740644564433974, Acc:14.3, LR:3.442301358363148e-05
Epoch:922, Loss:3.745483077302271, Acc:14.096, LR:3.748333955543073e-05
Epoch:923, Loss:3.7418572221483504, Acc:14.154, LR:4.0654705886788455e-05
Epoch:924, Loss:3.7406155454869174, Acc:14.142, LR:4.3933982822017856e-05
Validation: Loss:3.9184443831443785, Acc:12.64
Epoch:925, Loss:3.73959879242644, Acc:13.998, LR:4.731793411069647e-05
Epoch:926, Loss:3.7405147211892262, Acc:14.066, LR:5.080322020145175e-05
Epoch:927, Loss:3.7480853674363117, Acc:13.968, LR:5.438640153769667e-05
Epoch:928, Loss:3.740972192919984, Acc:14.184, LR:5.8063941952053435e-05
Epoch:929, Loss:3.7405740971467933, Acc:14.04, LR:6.183221215612871e-05
Validation: Loss:3.917683255672455, Acc:12.58
Epoch:930, Loss:3.7370712951738008, Acc:13.98, LR:6.568749332218071e-05
Epoch:931, Loss:3.742396191674836, Acc:14.1, LR:6.962598075315057e-05
Epoch:932, Loss:3.7414971638698966, Acc:14.108, LR:7.364378763744412e-05
Epoch:933, Loss:3.7426007037260094, Acc:14.042, LR:7.773694888474227e-05
Epoch:934, Loss:3.742267922479279, Acc:13.944, LR:8.190142503906822e-05
Validation: Loss:3.9169713377952577, Acc:12.59
Epoch:935, Loss:3.743520982411443, Acc:14.038, LR:8.613310626523906e-05
Epoch:936, Loss:3.7427270899013596, Acc:13.928, LR:9.042781640478262e-05
Epoch:937, Loss:3.7416365073651683, Acc:14.106, LR:9.478131709729773e-05
Epoch:938, Loss:3.740186401775905, Acc:14.132, LR:9.918931196320642e-05
Epoch:939, Loss:3.7417552836087284, Acc:13.868, LR:0.00010364745084375776
Validation: Loss:3.913947069644928, Acc:12.74
Epoch:940, Loss:3.74525684239913, Acc:14.002, LR:0.00010815133409411521
Epoch:941, Loss:3.7413612117572708, Acc:13.998, LR:0.00011269651692527214
Epoch:942, Loss:3.7383414677211215, Acc:14.172, LR:0.0001172785137905187
Epoch:943, Loss:3.7395646474799333, Acc:14.084, LR:0.00012189280281214111
Epoch:944, Loss:3.7411499607319736, Acc:13.9, LR:0.0001265348302439649
Validation: Loss:3.918779218196869, Acc:12.7
Epoch:945, Loss:3.7476341043199812, Acc:14.064, LR:0.00013120001496535466
Epoch:946, Loss:3.740347312421215, Acc:14.064, LR:0.00013588375300222286
Epoch:947, Loss:3.739031263760158, Acc:14.054, LR:0.00014058142207060273
Epoch:948, Loss:3.7393568900166727, Acc:13.936, LR:0.0001452883861382802
Epoch:949, Loss:3.74728925860658, Acc:13.706, LR:0.00015000000000000023
Validation: Loss:3.918692147731781, Acc:12.61
Epoch:950, Loss:3.7426669913895276, Acc:13.84, LR:0.0001547116138617192
Epoch:951, Loss:3.749010988644191, Acc:13.986, LR:0.00015941857792939665
Epoch:952, Loss:3.7396116256713867, Acc:13.98, LR:0.00016411624699777755
Epoch:953, Loss:3.740981342841168, Acc:13.91, LR:0.00016879998503464578
Epoch:954, Loss:3.740657310096585, Acc:14.188, LR:0.00017346516975603449
Validation: Loss:3.9234810352325438, Acc:12.6
Epoch:955, Loss:3.746210594566501, Acc:14.15, LR:0.00017810719718785824
Epoch:956, Loss:3.7428658032903868, Acc:14.002, LR:0.0001827214862094817
Epoch:957, Loss:3.7455513307026456, Acc:13.866, LR:0.00018730348307472827
Epoch:958, Loss:3.7484045369284495, Acc:14.11, LR:0.0001918486659058842
Epoch:959, Loss:3.7381424028046277, Acc:14.03, LR:0.00019635254915624165
Validation: Loss:3.9164603471755983, Acc:12.65
Epoch:960, Loss:3.752669130052839, Acc:13.806, LR:0.00020081068803679399
Epoch:961, Loss:3.7486759570180155, Acc:14.022, LR:0.0002052186829027017
Epoch:962, Loss:3.7448007695528926, Acc:14.202, LR:0.00020957218359521685
Epoch:963, Loss:3.7463833263942172, Acc:13.878, LR:0.00021386689373476136
Epoch:964, Loss:3.7444696402063173, Acc:13.996, LR:0.00021809857496093223
Validation: Loss:3.9148908972740175, Acc:12.62
Epoch:965, Loss:3.7481372283429515, Acc:13.86, LR:0.0002222630511152573
Epoch:966, Loss:3.7481278837943566, Acc:13.82, LR:0.00022635621236255545
Epoch:967, Loss:3.747055715444137, Acc:14.162, LR:0.0002303740192468499
Epoch:968, Loss:3.743153540455565, Acc:14.218, LR:0.00023431250667781977
Epoch:969, Loss:3.751149926866804, Acc:13.962, LR:0.0002381677878438709
Validation: Loss:3.9206786155700684, Acc:12.62
Epoch:970, Loss:3.7486056138058097, Acc:14.152, LR:0.00024193605804794706
Epoch:971, Loss:3.742993658902694, Acc:13.994, LR:0.0002456135984623038
Epoch:972, Loss:3.745157713792762, Acc:14.134, LR:0.00024919677979854787
Epoch:973, Loss:3.7503586861552023, Acc:13.896, LR:0.0002526820658893032
Epoch:974, Loss:3.742229152698906, Acc:14.01, LR:0.00025606601717798256
Validation: Loss:3.9190723299980164, Acc:12.63
Epoch:975, Loss:3.744253185330605, Acc:14.008, LR:0.000259345294113212
Epoch:976, Loss:3.7498351432839216, Acc:14.09, LR:0.000262516660444569
Epoch:977, Loss:3.7444986664519018, Acc:14.018, LR:0.0002655769864163683
Epoch:978, Loss:3.7411429322495753, Acc:14.144, LR:0.000268523251856354
Epoch:979, Loss:3.7427090357760995, Acc:13.826, LR:0.0002713525491562424
Validation: Loss:3.91301234960556, Acc:12.72
Epoch:980, Loss:3.7450194431810964, Acc:13.932, LR:0.0002740620861411844
Epoch:981, Loss:3.7442266624801013, Acc:14.03, LR:0.00027664918882530285
Epoch:982, Loss:3.7459036257802225, Acc:13.846, LR:0.000279111304050592
Epoch:983, Loss:3.7413166080202376, Acc:14.042, LR:0.0002814460020065799
Epoch:984, Loss:3.74587920247292, Acc:13.924, LR:0.0002836509786282554
Validation: Loss:3.9205760836601256, Acc:12.7
Epoch:985, Loss:3.742131770873556, Acc:14.134, LR:0.00028572405786990353
Epoch:986, Loss:3.751400718883592, Acc:13.858, LR:0.0002876631938525977
Epoch:987, Loss:3.7492456849740474, Acc:13.704, LR:0.00028946647288323815
Epoch:988, Loss:3.749560772156229, Acc:13.82, LR:0.0002911321153431342
Epoch:989, Loss:3.7430527064265036, Acc:14.252, LR:0.0002926584774442737
Validation: Loss:3.91575288772583, Acc:12.69
Epoch:990, Loss:3.746756979397365, Acc:13.992, LR:0.0002940440528515421
Epoch:991, Loss:3.748255133628845, Acc:13.836, LR:0.00029528747416929517
Epoch:992, Loss:3.745860990212888, Acc:14.04, LR:0.00029638751429081285
Epoch:993, Loss:3.745083745645017, Acc:14.126, LR:0.00029734308760930397
Epoch:994, Loss:3.743455777362901, Acc:13.72, LR:0.0002981532510892713
Validation: Loss:3.9249269127845765, Acc:12.5
Epoch:995, Loss:3.7459552652981816, Acc:14.0, LR:0.0002988172051971723
Epoch:996, Loss:3.747829337509311, Acc:14.14, LR:0.00029933429469046274
Epoch:997, Loss:3.7468843265455596, Acc:14.05, LR:0.0002997040092642415
Epoch:998, Loss:3.7442609558300095, Acc:14.042, LR:0.0002999259840548605
Epoch:999, Loss:3.747897148132324, Acc:13.864, LR:0.00030000000000000073
Validation: Loss:3.9263818860054016, Acc:12.58
Test: Acc:12.78
