nohup: ignoring input
/root/liuyuanye/NNDL/Final/CIFAR/deit.py:63: UserWarning: Overwriting deit_tiny_patch16_224 in registry with deit.deit_tiny_patch16_224. This is because the name being registered conflicts with an existing name. Please check if this is not expected.
  def deit_tiny_patch16_224(pretrained=False, **kwargs):
/root/liuyuanye/NNDL/Final/CIFAR/deit.py:78: UserWarning: Overwriting deit_small_patch16_224 in registry with deit.deit_small_patch16_224. This is because the name being registered conflicts with an existing name. Please check if this is not expected.
  def deit_small_patch16_224(pretrained=False, **kwargs):
/root/liuyuanye/NNDL/Final/CIFAR/deit.py:93: UserWarning: Overwriting deit_base_patch16_224 in registry with deit.deit_base_patch16_224. This is because the name being registered conflicts with an existing name. Please check if this is not expected.
  def deit_base_patch16_224(pretrained=False, **kwargs):
/root/liuyuanye/NNDL/Final/CIFAR/deit.py:108: UserWarning: Overwriting deit_tiny_distilled_patch16_224 in registry with deit.deit_tiny_distilled_patch16_224. This is because the name being registered conflicts with an existing name. Please check if this is not expected.
  def deit_tiny_distilled_patch16_224(pretrained=False, **kwargs):
/root/liuyuanye/NNDL/Final/CIFAR/deit.py:123: UserWarning: Overwriting deit_small_distilled_patch16_224 in registry with deit.deit_small_distilled_patch16_224. This is because the name being registered conflicts with an existing name. Please check if this is not expected.
  def deit_small_distilled_patch16_224(pretrained=False, **kwargs):
/root/liuyuanye/NNDL/Final/CIFAR/deit.py:138: UserWarning: Overwriting deit_base_distilled_patch16_224 in registry with deit.deit_base_distilled_patch16_224. This is because the name being registered conflicts with an existing name. Please check if this is not expected.
  def deit_base_distilled_patch16_224(pretrained=False, **kwargs):
/root/liuyuanye/NNDL/Final/CIFAR/deit.py:153: UserWarning: Overwriting deit_base_patch16_384 in registry with deit.deit_base_patch16_384. This is because the name being registered conflicts with an existing name. Please check if this is not expected.
  def deit_base_patch16_384(pretrained=False, **kwargs):
/root/liuyuanye/NNDL/Final/CIFAR/deit.py:168: UserWarning: Overwriting deit_base_distilled_patch16_384 in registry with deit.deit_base_distilled_patch16_384. This is because the name being registered conflicts with an existing name. Please check if this is not expected.
  def deit_base_distilled_patch16_384(pretrained=False, **kwargs):
/root/miniconda3/envs/py310/lib/python3.10/site-packages/torchvision/models/_utils.py:223: UserWarning: Arguments other than a weight enum or `None` for 'weights' are deprecated since 0.13 and may be removed in the future. The current behavior is equivalent to passing `weights=None`.
  warnings.warn(msg)
{
    "datapath": "../data/",
    "logpath": "./logs/",
    "batch_size": 512,
    "epoch": 200,
    "seed": 43,
    "date": "0624",
    "plot": true,
    "num_classes": 100,
    "opt": "AdamW",
    "learning_rate": 0.0005,
    "weight_decay": 0.05,
    "pretrained": false,
    "device_id": 1,
    "dropout": true,
    "cutout": true,
    "cutmix": false,
    "model": "ResNet18",
    "comment": "StepLR_30_0.2"
}
2024-06-24 01:20:41
Epoch:0, Loss:4.088628975712523, Acc:7.574, LR:0.0005
Epoch:1, Loss:3.563442096418264, Acc:14.866, LR:0.0005
Epoch:2, Loss:3.1740470102855136, Acc:21.582, LR:0.0005
Epoch:3, Loss:2.8269329508956598, Acc:27.958, LR:0.0005
Epoch:4, Loss:2.5309066431862965, Acc:34.048, LR:0.0005
Validation: Loss:2.4351246118545533, Acc:36.01
Best model updated!
Epoch:5, Loss:2.300693784441267, Acc:39.032, LR:0.0005
Epoch:6, Loss:2.1171389562743053, Acc:43.058, LR:0.0005
Epoch:7, Loss:1.95737810037574, Acc:46.566, LR:0.0005
Epoch:8, Loss:1.8250558254670124, Acc:49.96, LR:0.0005
Epoch:9, Loss:1.7130524893196262, Acc:52.416, LR:0.0005
Validation: Loss:1.7553832411766053, Acc:51.74
Best model updated!
Epoch:10, Loss:1.6171139296220274, Acc:54.794, LR:0.0005
Epoch:11, Loss:1.5301418742355035, Acc:56.868, LR:0.0005
Epoch:12, Loss:1.451697668250726, Acc:59.138, LR:0.0005
Epoch:13, Loss:1.3727211125042973, Acc:60.856, LR:0.0005
Epoch:14, Loss:1.3153670040928587, Acc:62.406, LR:0.0005
Validation: Loss:1.4834109544754028, Acc:57.91
Best model updated!
Epoch:15, Loss:1.237754955583689, Acc:64.376, LR:0.0005
Epoch:16, Loss:1.1759993470444972, Acc:65.98, LR:0.0005
Epoch:17, Loss:1.1309841561074159, Acc:67.15, LR:0.0005
Epoch:18, Loss:1.072570879848636, Acc:68.646, LR:0.0005
Epoch:19, Loss:1.0239692385099373, Acc:69.82, LR:0.0005
Validation: Loss:1.3874385893344878, Acc:61.78
Best model updated!
Epoch:20, Loss:0.9714295529589361, Acc:71.272, LR:0.0005
Epoch:21, Loss:0.9318227098912609, Acc:72.402, LR:0.0005
Epoch:22, Loss:0.8745610793026126, Acc:74.096, LR:0.0005
Epoch:23, Loss:0.8376759114314098, Acc:74.78, LR:0.0005
Epoch:24, Loss:0.8009707599270101, Acc:76.086, LR:0.0005
Validation: Loss:1.3042400896549224, Acc:64.71
Best model updated!
Epoch:25, Loss:0.7540440480319821, Acc:77.29, LR:0.0005
Epoch:26, Loss:0.7189544299427344, Acc:78.224, LR:0.0005
Epoch:27, Loss:0.6889511206928565, Acc:79.062, LR:0.0005
Epoch:28, Loss:0.6507197095423328, Acc:80.314, LR:0.0005
Epoch:29, Loss:0.6183482162198242, Acc:81.026, LR:0.0001
Validation: Loss:1.385783988237381, Acc:64.18
Epoch:30, Loss:0.42867464648217574, Acc:87.24, LR:0.0001
Epoch:31, Loss:0.3694249628757944, Acc:89.374, LR:0.0001
Epoch:32, Loss:0.33948006009568976, Acc:90.284, LR:0.0001
Epoch:33, Loss:0.3204817247329926, Acc:90.986, LR:0.0001
Epoch:34, Loss:0.3083918955253095, Acc:91.14, LR:0.0001
Validation: Loss:1.0066814988851547, Acc:72.83
Best model updated!
Epoch:35, Loss:0.2924861681400513, Acc:91.744, LR:0.0001
Epoch:36, Loss:0.282538686479841, Acc:91.904, LR:0.0001
Epoch:37, Loss:0.26577367344681097, Acc:92.624, LR:0.0001
Epoch:38, Loss:0.2628089863122726, Acc:92.45, LR:0.0001
Epoch:39, Loss:0.24589034778122998, Acc:93.128, LR:0.0001
Validation: Loss:1.04886155128479, Acc:72.26
Epoch:40, Loss:0.23912117310932704, Acc:93.27, LR:0.0001
Epoch:41, Loss:0.23042132203676263, Acc:93.614, LR:0.0001
Epoch:42, Loss:0.21834626869887722, Acc:94.042, LR:0.0001
Epoch:43, Loss:0.2107692158647946, Acc:94.184, LR:0.0001
Epoch:44, Loss:0.2046932340884695, Acc:94.456, LR:0.0001
Validation: Loss:1.074175062775612, Acc:72.33
Epoch:45, Loss:0.19396916153479596, Acc:94.75, LR:0.0001
Epoch:46, Loss:0.18895558176600202, Acc:94.916, LR:0.0001
Epoch:47, Loss:0.17967580867056943, Acc:95.08, LR:0.0001
Epoch:48, Loss:0.17309729374793112, Acc:95.358, LR:0.0001
Epoch:49, Loss:0.16732609621724304, Acc:95.516, LR:0.0001
Validation: Loss:1.1003929197788238, Acc:72.19
Epoch:50, Loss:0.15989923226285954, Acc:95.8, LR:0.0001
Epoch:51, Loss:0.1568303567414381, Acc:95.8, LR:0.0001
Epoch:52, Loss:0.14824059126632555, Acc:96.03, LR:0.0001
Epoch:53, Loss:0.1495220206525861, Acc:95.948, LR:0.0001
Epoch:54, Loss:0.14108027692656128, Acc:96.26, LR:0.0001
Validation: Loss:1.1203737378120422, Acc:72.08
Epoch:55, Loss:0.13587367329366354, Acc:96.41, LR:0.0001
Epoch:56, Loss:0.1343548330573403, Acc:96.466, LR:0.0001
Epoch:57, Loss:0.1278946573028759, Acc:96.748, LR:0.0001
Epoch:58, Loss:0.12334321462074105, Acc:96.826, LR:0.0001
Epoch:59, Loss:0.11846361195250434, Acc:96.936, LR:2e-05
Validation: Loss:1.1836422443389893, Acc:71.68
Epoch:60, Loss:0.10034180919126588, Acc:97.558, LR:2e-05
Epoch:61, Loss:0.09072717043514154, Acc:97.866, LR:2e-05
Epoch:62, Loss:0.08693189318386876, Acc:98.048, LR:2e-05
Epoch:63, Loss:0.08358031765994978, Acc:98.166, LR:2e-05
Epoch:64, Loss:0.08465384372643062, Acc:98.106, LR:2e-05
Validation: Loss:1.1172148317098618, Acc:73.01
Best model updated!
Epoch:65, Loss:0.08332605317843203, Acc:98.07, LR:2e-05
Epoch:66, Loss:0.0808667390398225, Acc:98.174, LR:2e-05
Epoch:67, Loss:0.0811814514121839, Acc:98.146, LR:2e-05
Epoch:68, Loss:0.07849361382576885, Acc:98.262, LR:2e-05
Epoch:69, Loss:0.07714468997199925, Acc:98.268, LR:2e-05
Validation: Loss:1.1235817074775696, Acc:72.95
Epoch:70, Loss:0.07643948396553799, Acc:98.332, LR:2e-05
Epoch:71, Loss:0.07585469055540707, Acc:98.38, LR:2e-05
Epoch:72, Loss:0.07542834411926415, Acc:98.394, LR:2e-05
Epoch:73, Loss:0.07446361815899002, Acc:98.392, LR:2e-05
Epoch:74, Loss:0.07213100798580112, Acc:98.46, LR:2e-05
Validation: Loss:1.133777692914009, Acc:73.12
Best model updated!
Epoch:75, Loss:0.07244064689290766, Acc:98.456, LR:2e-05
Epoch:76, Loss:0.0729935524262944, Acc:98.482, LR:2e-05
Epoch:77, Loss:0.07175260679606273, Acc:98.486, LR:2e-05
Epoch:78, Loss:0.06833157095373893, Acc:98.588, LR:2e-05
Epoch:79, Loss:0.06953085734679991, Acc:98.472, LR:2e-05
Validation: Loss:1.143034780025482, Acc:72.9
Epoch:80, Loss:0.06783479623192427, Acc:98.59, LR:2e-05
Epoch:81, Loss:0.06794134124505277, Acc:98.56, LR:2e-05
Epoch:82, Loss:0.06714947647130003, Acc:98.594, LR:2e-05
Epoch:83, Loss:0.06576167183871172, Acc:98.62, LR:2e-05
Epoch:84, Loss:0.06552790424653462, Acc:98.558, LR:2e-05
Validation: Loss:1.1575456798076629, Acc:72.81
Epoch:85, Loss:0.06572137552560592, Acc:98.586, LR:2e-05
Epoch:86, Loss:0.06474398791181799, Acc:98.56, LR:2e-05
Epoch:87, Loss:0.06424977729211048, Acc:98.622, LR:2e-05
Epoch:88, Loss:0.06238210900705688, Acc:98.664, LR:2e-05
Epoch:89, Loss:0.06223893982871455, Acc:98.69, LR:4.000000000000001e-06
Validation: Loss:1.1646014213562013, Acc:72.63
Epoch:90, Loss:0.05918451041287305, Acc:98.762, LR:4.000000000000001e-06
Epoch:91, Loss:0.058657336599972784, Acc:98.772, LR:4.000000000000001e-06
Epoch:92, Loss:0.05772752774765297, Acc:98.79, LR:4.000000000000001e-06
Epoch:93, Loss:0.05758471608313979, Acc:98.806, LR:4.000000000000001e-06
Epoch:94, Loss:0.05839701586079841, Acc:98.83, LR:4.000000000000001e-06
Validation: Loss:1.1605313897132874, Acc:73.0
Epoch:95, Loss:0.05706841392176492, Acc:98.808, LR:4.000000000000001e-06
Epoch:96, Loss:0.05675415443826695, Acc:98.838, LR:4.000000000000001e-06
Epoch:97, Loss:0.05718466282194974, Acc:98.808, LR:4.000000000000001e-06
Epoch:98, Loss:0.055914404897057284, Acc:98.896, LR:4.000000000000001e-06
Epoch:99, Loss:0.055160243026151946, Acc:98.876, LR:4.000000000000001e-06
Validation: Loss:1.1627490401268006, Acc:73.01
Epoch:100, Loss:0.05599995504836647, Acc:98.802, LR:4.000000000000001e-06
Epoch:101, Loss:0.055505531174795966, Acc:98.942, LR:4.000000000000001e-06
Epoch:102, Loss:0.056265269995343925, Acc:98.804, LR:4.000000000000001e-06
Epoch:103, Loss:0.05574456400865195, Acc:98.836, LR:4.000000000000001e-06
Epoch:104, Loss:0.05578726507267173, Acc:98.866, LR:4.000000000000001e-06
Validation: Loss:1.164872443675995, Acc:72.94
Epoch:105, Loss:0.05447396339506519, Acc:98.868, LR:4.000000000000001e-06
Epoch:106, Loss:0.05451226211628135, Acc:98.872, LR:4.000000000000001e-06
Epoch:107, Loss:0.05487519669897702, Acc:98.91, LR:4.000000000000001e-06
Epoch:108, Loss:0.05555256733632818, Acc:98.79, LR:4.000000000000001e-06
Epoch:109, Loss:0.05440785971527197, Acc:98.93, LR:4.000000000000001e-06
Validation: Loss:1.1636457085609435, Acc:72.9
Epoch:110, Loss:0.05388707880462919, Acc:98.93, LR:4.000000000000001e-06
Epoch:111, Loss:0.053286015227132916, Acc:98.93, LR:4.000000000000001e-06
Epoch:112, Loss:0.05455100623776718, Acc:98.884, LR:4.000000000000001e-06
Epoch:113, Loss:0.05440289230675113, Acc:98.862, LR:4.000000000000001e-06
Epoch:114, Loss:0.05332004419546955, Acc:98.928, LR:4.000000000000001e-06
Validation: Loss:1.1657630980014801, Acc:72.98
Epoch:115, Loss:0.053081805228578804, Acc:98.968, LR:4.000000000000001e-06
Epoch:116, Loss:0.05181433161606594, Acc:99.026, LR:4.000000000000001e-06
Epoch:117, Loss:0.05372604431242359, Acc:98.944, LR:4.000000000000001e-06
Epoch:118, Loss:0.051912891355400184, Acc:98.994, LR:4.000000000000001e-06
Epoch:119, Loss:0.05178456529214674, Acc:98.99, LR:8.000000000000002e-07
Validation: Loss:1.1680599987506866, Acc:72.91
Epoch:120, Loss:0.05244371401412146, Acc:98.916, LR:8.000000000000002e-07
Epoch:121, Loss:0.05075829097887083, Acc:98.976, LR:8.000000000000002e-07
Epoch:122, Loss:0.05136090893374414, Acc:98.978, LR:8.000000000000002e-07
Epoch:123, Loss:0.05153181970271529, Acc:98.958, LR:8.000000000000002e-07
Epoch:124, Loss:0.05117292934078343, Acc:99.05, LR:8.000000000000002e-07
Validation: Loss:1.167198234796524, Acc:72.98
Epoch:125, Loss:0.051715973840684305, Acc:98.952, LR:8.000000000000002e-07
Epoch:126, Loss:0.052127462944814136, Acc:98.972, LR:8.000000000000002e-07
Epoch:127, Loss:0.0512672986987294, Acc:98.952, LR:8.000000000000002e-07
Epoch:128, Loss:0.05203816883874183, Acc:99.028, LR:8.000000000000002e-07
Epoch:129, Loss:0.05187314988246986, Acc:98.988, LR:8.000000000000002e-07
Validation: Loss:1.1659249067306519, Acc:72.98
Epoch:130, Loss:0.05224883423319885, Acc:98.932, LR:8.000000000000002e-07
Epoch:131, Loss:0.05174462417406695, Acc:99.026, LR:8.000000000000002e-07
Epoch:132, Loss:0.05228027613947586, Acc:98.892, LR:8.000000000000002e-07
Epoch:133, Loss:0.05116699092394235, Acc:98.988, LR:8.000000000000002e-07
Epoch:134, Loss:0.05155587500455428, Acc:98.992, LR:8.000000000000002e-07
Validation: Loss:1.1655640959739686, Acc:72.95
Epoch:135, Loss:0.051604735417937746, Acc:98.994, LR:8.000000000000002e-07
Epoch:136, Loss:0.05173333878723942, Acc:99.018, LR:8.000000000000002e-07
Epoch:137, Loss:0.05070827506026443, Acc:98.99, LR:8.000000000000002e-07
Epoch:138, Loss:0.05110028173242297, Acc:99.02, LR:8.000000000000002e-07
Epoch:139, Loss:0.05096000508994472, Acc:98.996, LR:8.000000000000002e-07
Validation: Loss:1.1696091711521148, Acc:72.9
Epoch:140, Loss:0.0516077172467295, Acc:98.92, LR:8.000000000000002e-07
Epoch:141, Loss:0.051429344379172036, Acc:99.008, LR:8.000000000000002e-07
Epoch:142, Loss:0.05126076412140107, Acc:98.994, LR:8.000000000000002e-07
Epoch:143, Loss:0.05073960904716229, Acc:99.016, LR:8.000000000000002e-07
Epoch:144, Loss:0.04989475323533525, Acc:99.05, LR:8.000000000000002e-07
Validation: Loss:1.1668383836746217, Acc:73.03
Epoch:145, Loss:0.050166444168711195, Acc:99.092, LR:8.000000000000002e-07
Epoch:146, Loss:0.050993007607758045, Acc:99.016, LR:8.000000000000002e-07
Epoch:147, Loss:0.05121409759989807, Acc:98.968, LR:8.000000000000002e-07
Epoch:148, Loss:0.050207416032802085, Acc:98.974, LR:8.000000000000002e-07
Epoch:149, Loss:0.05008722891156771, Acc:99.036, LR:1.6000000000000006e-07
Validation: Loss:1.1695312976837158, Acc:72.94
Epoch:150, Loss:0.050030713444765736, Acc:99.074, LR:1.6000000000000006e-07
Epoch:151, Loss:0.05068473593921077, Acc:98.97, LR:1.6000000000000006e-07
Epoch:152, Loss:0.04968460079054443, Acc:99.074, LR:1.6000000000000006e-07
Epoch:153, Loss:0.050395842983710526, Acc:98.998, LR:1.6000000000000006e-07
Epoch:154, Loss:0.0499187915452889, Acc:99.09, LR:1.6000000000000006e-07
Validation: Loss:1.1715266942977904, Acc:72.77
Epoch:155, Loss:0.0508588192110159, Acc:99.028, LR:1.6000000000000006e-07
Epoch:156, Loss:0.050657467612502526, Acc:99.004, LR:1.6000000000000006e-07
Epoch:157, Loss:0.05022375665757121, Acc:99.03, LR:1.6000000000000006e-07
Epoch:158, Loss:0.050743481106295875, Acc:98.988, LR:1.6000000000000006e-07
Epoch:159, Loss:0.04935459488508653, Acc:99.092, LR:1.6000000000000006e-07
Validation: Loss:1.1694798171520233, Acc:72.88
Epoch:160, Loss:0.051831044446752995, Acc:98.932, LR:1.6000000000000006e-07
Epoch:161, Loss:0.05001008210285586, Acc:99.072, LR:1.6000000000000006e-07
Epoch:162, Loss:0.049971619126748065, Acc:99.034, LR:1.6000000000000006e-07
Epoch:163, Loss:0.049298864352155705, Acc:99.032, LR:1.6000000000000006e-07
Epoch:164, Loss:0.051646183606009095, Acc:98.986, LR:1.6000000000000006e-07
Validation: Loss:1.167959976196289, Acc:72.88
Epoch:165, Loss:0.050454904496365666, Acc:99.01, LR:1.6000000000000006e-07
Epoch:166, Loss:0.05070292620862625, Acc:99.044, LR:1.6000000000000006e-07
Epoch:167, Loss:0.0502601436966536, Acc:98.984, LR:1.6000000000000006e-07
Epoch:168, Loss:0.05196737193939637, Acc:99.048, LR:1.6000000000000006e-07
Epoch:169, Loss:0.050507652212162406, Acc:99.028, LR:1.6000000000000006e-07
Validation: Loss:1.1676517367362975, Acc:72.91
Epoch:170, Loss:0.050648429602080464, Acc:99.068, LR:1.6000000000000006e-07
Epoch:171, Loss:0.05051296493228601, Acc:98.994, LR:1.6000000000000006e-07
Epoch:172, Loss:0.05075563323132846, Acc:98.998, LR:1.6000000000000006e-07
Epoch:173, Loss:0.04960960423459812, Acc:99.056, LR:1.6000000000000006e-07
Epoch:174, Loss:0.050728486793837985, Acc:98.99, LR:1.6000000000000006e-07
Validation: Loss:1.1676390647888184, Acc:72.89
Epoch:175, Loss:0.050464863793886434, Acc:99.0, LR:1.6000000000000006e-07
Epoch:176, Loss:0.0508224784339569, Acc:99.004, LR:1.6000000000000006e-07
Epoch:177, Loss:0.05055735583360098, Acc:99.014, LR:1.6000000000000006e-07
Epoch:178, Loss:0.05055997490274663, Acc:99.016, LR:1.6000000000000006e-07
Epoch:179, Loss:0.0499211925709126, Acc:99.036, LR:3.2000000000000015e-08
Validation: Loss:1.1700358629226684, Acc:72.89
Epoch:180, Loss:0.05061668245007797, Acc:99.04, LR:3.2000000000000015e-08
Epoch:181, Loss:0.05137420411468768, Acc:99.0, LR:3.2000000000000015e-08
Epoch:182, Loss:0.05135402588972023, Acc:99.024, LR:3.2000000000000015e-08
Epoch:183, Loss:0.049880494059500645, Acc:99.028, LR:3.2000000000000015e-08
Epoch:184, Loss:0.05118451039401852, Acc:98.984, LR:3.2000000000000015e-08
Validation: Loss:1.1682193994522094, Acc:73.0
Epoch:185, Loss:0.050912693979180586, Acc:99.018, LR:3.2000000000000015e-08
Epoch:186, Loss:0.049620891217978635, Acc:99.058, LR:3.2000000000000015e-08
Epoch:187, Loss:0.05054977095248748, Acc:99.02, LR:3.2000000000000015e-08
Epoch:188, Loss:0.04959740041165936, Acc:99.02, LR:3.2000000000000015e-08
Epoch:189, Loss:0.05035393546354406, Acc:99.046, LR:3.2000000000000015e-08
Validation: Loss:1.1686587750911712, Acc:72.96
Epoch:190, Loss:0.04975365683892552, Acc:99.094, LR:3.2000000000000015e-08
Epoch:191, Loss:0.05177351459860802, Acc:99.004, LR:3.2000000000000015e-08
Epoch:192, Loss:0.050835966607745815, Acc:99.018, LR:3.2000000000000015e-08
Epoch:193, Loss:0.05085100853169451, Acc:99.002, LR:3.2000000000000015e-08
Epoch:194, Loss:0.0505120341609023, Acc:99.054, LR:3.2000000000000015e-08
Validation: Loss:1.1684998333454133, Acc:73.01
Epoch:195, Loss:0.050421646435041816, Acc:99.0, LR:3.2000000000000015e-08
Epoch:196, Loss:0.05099190897023191, Acc:98.992, LR:3.2000000000000015e-08
Epoch:197, Loss:0.049059788753487626, Acc:99.052, LR:3.2000000000000015e-08
Epoch:198, Loss:0.05173352026209539, Acc:98.96, LR:3.2000000000000015e-08
Epoch:199, Loss:0.05150955725385218, Acc:98.926, LR:3.2000000000000015e-08
Validation: Loss:1.1690688192844392, Acc:72.93
Test: Acc:73.12
