nohup: ignoring input
/root/liuyuanye/NNDL/Final/CIFAR/deit.py:63: UserWarning: Overwriting deit_tiny_patch16_224 in registry with deit.deit_tiny_patch16_224. This is because the name being registered conflicts with an existing name. Please check if this is not expected.
  def deit_tiny_patch16_224(pretrained=False, **kwargs):
/root/liuyuanye/NNDL/Final/CIFAR/deit.py:78: UserWarning: Overwriting deit_small_patch16_224 in registry with deit.deit_small_patch16_224. This is because the name being registered conflicts with an existing name. Please check if this is not expected.
  def deit_small_patch16_224(pretrained=False, **kwargs):
/root/liuyuanye/NNDL/Final/CIFAR/deit.py:93: UserWarning: Overwriting deit_base_patch16_224 in registry with deit.deit_base_patch16_224. This is because the name being registered conflicts with an existing name. Please check if this is not expected.
  def deit_base_patch16_224(pretrained=False, **kwargs):
/root/liuyuanye/NNDL/Final/CIFAR/deit.py:108: UserWarning: Overwriting deit_tiny_distilled_patch16_224 in registry with deit.deit_tiny_distilled_patch16_224. This is because the name being registered conflicts with an existing name. Please check if this is not expected.
  def deit_tiny_distilled_patch16_224(pretrained=False, **kwargs):
/root/liuyuanye/NNDL/Final/CIFAR/deit.py:123: UserWarning: Overwriting deit_small_distilled_patch16_224 in registry with deit.deit_small_distilled_patch16_224. This is because the name being registered conflicts with an existing name. Please check if this is not expected.
  def deit_small_distilled_patch16_224(pretrained=False, **kwargs):
/root/liuyuanye/NNDL/Final/CIFAR/deit.py:138: UserWarning: Overwriting deit_base_distilled_patch16_224 in registry with deit.deit_base_distilled_patch16_224. This is because the name being registered conflicts with an existing name. Please check if this is not expected.
  def deit_base_distilled_patch16_224(pretrained=False, **kwargs):
/root/liuyuanye/NNDL/Final/CIFAR/deit.py:153: UserWarning: Overwriting deit_base_patch16_384 in registry with deit.deit_base_patch16_384. This is because the name being registered conflicts with an existing name. Please check if this is not expected.
  def deit_base_patch16_384(pretrained=False, **kwargs):
/root/liuyuanye/NNDL/Final/CIFAR/deit.py:168: UserWarning: Overwriting deit_base_distilled_patch16_384 in registry with deit.deit_base_distilled_patch16_384. This is because the name being registered conflicts with an existing name. Please check if this is not expected.
  def deit_base_distilled_patch16_384(pretrained=False, **kwargs):
/root/miniconda3/envs/py310/lib/python3.10/site-packages/torchvision/models/_utils.py:223: UserWarning: Arguments other than a weight enum or `None` for 'weights' are deprecated since 0.13 and may be removed in the future. The current behavior is equivalent to passing `weights=ResNet34_Weights.IMAGENET1K_V1`. You can also use `weights=ResNet34_Weights.DEFAULT` to get the most up-to-date weights.
  warnings.warn(msg)
{
    "datapath": "../data/",
    "logpath": "./logs/",
    "batch_size": 512,
    "epoch": 200,
    "seed": 43,
    "date": "0624",
    "plot": true,
    "num_classes": 100,
    "opt": "AdamW",
    "learning_rate": 0.0005,
    "weight_decay": 0.05,
    "pretrained": true,
    "device_id": 0,
    "dropout": true,
    "cutout": false,
    "cutmix": true,
    "model": "ResNet34",
    "comment": "StepLR_30_0.2"
}
2024-06-24 23:57:49
Epoch:0, Loss:3.565506106736709, Acc:20.354229073660708, LR:0.0005
Epoch:1, Loss:2.6990446046907075, Acc:38.19067797353319, LR:0.0005
Epoch:2, Loss:2.4814213757612267, Acc:43.69106162308673, LR:0.0005
Epoch:3, Loss:2.2956292282561868, Acc:48.2957103794643, LR:0.0005
Epoch:4, Loss:2.26391261998488, Acc:48.49228647161991, LR:0.0005
Validation: Loss:0.9764072239398957, Acc:74.36
Best model updated!
Epoch:5, Loss:2.1685396329480775, Acc:50.56100079719387, LR:0.0005
Epoch:6, Loss:2.157032003816293, Acc:50.1752096221301, LR:0.0005
Epoch:7, Loss:2.1212386890333526, Acc:51.32784570312498, LR:0.0005
Epoch:8, Loss:1.909098010890338, Acc:55.995836814413266, LR:0.0005
Epoch:9, Loss:1.933169451295113, Acc:54.52186200573978, LR:0.0005
Validation: Loss:0.940404811501503, Acc:76.92
Best model updated!
Epoch:10, Loss:1.8768684876208404, Acc:55.886919762436214, LR:0.0005
Epoch:11, Loss:1.9114080710070473, Acc:54.42787396364794, LR:0.0005
Epoch:12, Loss:1.8244769117053674, Acc:57.51282589285718, LR:0.0005
Epoch:13, Loss:1.8634156712463923, Acc:54.87363942920919, LR:0.0005
Epoch:14, Loss:1.7354865670204163, Acc:58.55612723214287, LR:0.0005
Validation: Loss:0.8088869869709014, Acc:79.6
Best model updated!
Epoch:15, Loss:1.7064656590928837, Acc:58.87017055963012, LR:0.0005
Epoch:16, Loss:1.789385847291168, Acc:55.6607350127551, LR:0.0005
Epoch:17, Loss:1.7403027914008316, Acc:57.07004209183672, LR:0.0005
Epoch:18, Loss:1.6551139628400608, Acc:61.024421157525495, LR:0.0005
Epoch:19, Loss:1.6670299233222494, Acc:57.789773636798486, LR:0.0005
Validation: Loss:0.8243549406528473, Acc:80.28
Best model updated!
Epoch:20, Loss:1.7401787851537978, Acc:55.89914337531888, LR:0.0005
Epoch:21, Loss:1.6113142793884083, Acc:60.265275111607146, LR:0.0005
Epoch:22, Loss:1.6132298723167302, Acc:59.14705213647958, LR:0.0005
Epoch:23, Loss:1.5811948513194007, Acc:60.09716386320153, LR:0.0005
Epoch:24, Loss:1.6242504998737453, Acc:57.803764867665805, LR:0.0005
Validation: Loss:0.8642629444599151, Acc:80.59
Best model updated!
Epoch:25, Loss:1.5251690900447417, Acc:61.61966796875002, LR:0.0005
Epoch:26, Loss:1.4539933622795709, Acc:62.48578093112245, LR:0.0005
Epoch:27, Loss:1.5128381177783012, Acc:60.90895013552295, LR:0.0005
Epoch:28, Loss:1.4315292220942828, Acc:62.761993861607166, LR:0.0005
Epoch:29, Loss:1.4556600235554638, Acc:61.849074816645405, LR:0.0001
Validation: Loss:0.8295048981904983, Acc:80.96
Best model updated!
Epoch:30, Loss:1.4265996565928265, Acc:62.25108745216839, LR:0.0001
Epoch:31, Loss:1.2105766131865734, Acc:69.66927100605865, LR:0.0001
Epoch:32, Loss:1.2867410835258815, Acc:65.0342004942602, LR:0.0001
Epoch:33, Loss:1.2356809072804695, Acc:67.48490234375, LR:0.0001
Epoch:34, Loss:1.2221784059490477, Acc:65.5170689174107, LR:0.0001
Validation: Loss:0.6949632644653321, Acc:84.64
Best model updated!
Epoch:35, Loss:1.2599902774910539, Acc:64.93480428890307, LR:0.0001
Epoch:36, Loss:1.2647738310755516, Acc:64.87532067123726, LR:0.0001
Epoch:37, Loss:1.1706191968096762, Acc:68.27336639030615, LR:0.0001
Epoch:38, Loss:1.2081508198562934, Acc:67.8951919642857, LR:0.0001
Epoch:39, Loss:1.273140853460954, Acc:63.85024310427297, LR:0.0001
Validation: Loss:0.7648593932390213, Acc:84.38
Epoch:40, Loss:1.1750988596860243, Acc:67.88743977200255, LR:0.0001
Epoch:41, Loss:1.1735960905041014, Acc:67.7510801179847, LR:0.0001
Epoch:42, Loss:1.2294622246099978, Acc:64.87113667889027, LR:0.0001
Epoch:43, Loss:1.1107467653952083, Acc:69.7787422672194, LR:0.0001
Epoch:44, Loss:1.151261345692435, Acc:67.63163978794644, LR:0.0001
Validation: Loss:0.7141814291477203, Acc:84.6
Epoch:45, Loss:1.1512578701486393, Acc:67.40460467155611, LR:0.0001
Epoch:46, Loss:1.109107098257055, Acc:68.42086332110974, LR:0.0001
Epoch:47, Loss:1.1326563209295273, Acc:66.88036260363519, LR:0.0001
Epoch:48, Loss:1.1456583507206974, Acc:66.2181849888393, LR:0.0001
Epoch:49, Loss:1.10616692064368, Acc:69.12716944355867, LR:0.0001
Validation: Loss:0.7805236399173736, Acc:84.51
Epoch:50, Loss:1.1159734005222515, Acc:68.59063281250002, LR:0.0001
Epoch:51, Loss:1.1520090170052586, Acc:66.39580197704082, LR:0.0001
Epoch:52, Loss:1.1546616120910158, Acc:66.7676764190051, LR:0.0001
Epoch:53, Loss:1.1555368739123246, Acc:66.30136459661995, LR:0.0001
Epoch:54, Loss:1.1630269504931507, Acc:63.516836017219404, LR:0.0001
Validation: Loss:0.8074458509683609, Acc:84.1
Epoch:55, Loss:1.1543901699538133, Acc:66.55709004304848, LR:0.0001
Epoch:56, Loss:1.1228773554368896, Acc:66.1062615991709, LR:0.0001
Epoch:57, Loss:1.1328973767100547, Acc:66.10809267378829, LR:0.0001
Epoch:58, Loss:1.0891462167610928, Acc:67.08926526626274, LR:0.0001
Epoch:59, Loss:1.0413866280292978, Acc:70.26645029496174, LR:2e-05
Validation: Loss:0.8155622750520706, Acc:83.83
Epoch:60, Loss:1.0669071748472598, Acc:67.79540888073979, LR:2e-05
Epoch:61, Loss:1.042067493255041, Acc:69.08484789540812, LR:2e-05
Epoch:62, Loss:1.008014933073095, Acc:71.55858446269133, LR:2e-05
Epoch:63, Loss:1.0774900801479816, Acc:67.19954723373725, LR:2e-05
Epoch:64, Loss:1.101030484526133, Acc:66.43631433354592, LR:2e-05
Validation: Loss:0.8480262756347656, Acc:84.25
Epoch:65, Loss:1.0459030705447099, Acc:70.13878479751274, LR:2e-05
Epoch:66, Loss:1.061266337578394, Acc:67.35385638552295, LR:2e-05
Epoch:67, Loss:1.00609809814059, Acc:69.8657682557398, LR:2e-05
Epoch:68, Loss:1.0528776261727422, Acc:68.5509732940051, LR:2e-05
Epoch:69, Loss:1.0333161332777567, Acc:68.09887201052297, LR:2e-05
Validation: Loss:0.8016501873731613, Acc:84.52
Epoch:70, Loss:1.0473981840269906, Acc:68.66039417251278, LR:2e-05
Epoch:71, Loss:1.0492977658096625, Acc:67.65757489636479, LR:2e-05
Epoch:72, Loss:1.0481832881211017, Acc:67.21564772002552, LR:2e-05
Epoch:73, Loss:1.0445577149488487, Acc:67.78801036352041, LR:2e-05
Epoch:74, Loss:1.0551770992425022, Acc:67.03874693080361, LR:2e-05
Validation: Loss:0.8423415720462799, Acc:84.27
Epoch:75, Loss:1.0534675452782183, Acc:68.40129233099492, LR:2e-05
Epoch:76, Loss:0.9992363919713059, Acc:70.19390780452808, LR:2e-05
Epoch:77, Loss:1.0355029506038647, Acc:69.12931162308675, LR:2e-05
Epoch:78, Loss:1.0414291862018255, Acc:69.1005925143495, LR:2e-05
Epoch:79, Loss:1.0435287421759294, Acc:67.60662978316327, LR:2e-05
Validation: Loss:0.8032154083251953, Acc:84.57
Epoch:80, Loss:0.9932529981039009, Acc:71.02497787786987, LR:2e-05
Epoch:81, Loss:0.9915506032352545, Acc:70.87940262276787, LR:2e-05
Epoch:82, Loss:1.0497973854558504, Acc:67.13437201052297, LR:2e-05
Epoch:83, Loss:1.0277670558009828, Acc:69.73506158322704, LR:2e-05
Epoch:84, Loss:1.0538076629900202, Acc:65.24570719068876, LR:2e-05
Validation: Loss:0.8189605087041855, Acc:84.37
Epoch:85, Loss:1.0983387917584302, Acc:65.90146623883929, LR:2e-05
Epoch:86, Loss:0.9902934235881786, Acc:71.27106800063777, LR:2e-05
Epoch:87, Loss:1.0554545561269837, Acc:66.72136790497449, LR:2e-05
Epoch:88, Loss:1.0099145820440383, Acc:67.9018203125, LR:2e-05
Epoch:89, Loss:1.0326922319221252, Acc:67.8063001833546, LR:4.000000000000001e-06
Validation: Loss:0.8340541183948517, Acc:84.38
Epoch:90, Loss:1.06504435647203, Acc:69.00652387595663, LR:4.000000000000001e-06
Epoch:91, Loss:1.0182015827039674, Acc:69.44624677136478, LR:4.000000000000001e-06
Epoch:92, Loss:1.0147111849213133, Acc:68.39888042091837, LR:4.000000000000001e-06
Epoch:93, Loss:1.0274081058153997, Acc:68.71641753029334, LR:4.000000000000001e-06
Epoch:94, Loss:1.0445973149367742, Acc:67.1438671476403, LR:4.000000000000001e-06
Validation: Loss:0.8314089417457581, Acc:84.44
Epoch:95, Loss:0.998164365296157, Acc:69.47950203284441, LR:4.000000000000001e-06
Epoch:96, Loss:1.019859488217198, Acc:67.66468323501275, LR:4.000000000000001e-06
Epoch:97, Loss:1.0575481863046179, Acc:66.23998210299747, LR:4.000000000000001e-06
Epoch:98, Loss:0.9473673546192597, Acc:70.34101897321425, LR:4.000000000000001e-06
Epoch:99, Loss:1.0154411485608743, Acc:68.3214171316964, LR:4.000000000000001e-06
Validation: Loss:0.8313617974519729, Acc:84.56
Epoch:100, Loss:1.0091654600537554, Acc:69.42412771045919, LR:4.000000000000001e-06
Epoch:101, Loss:1.0367024902786528, Acc:67.10104910714286, LR:4.000000000000001e-06
Epoch:102, Loss:0.9932465898443241, Acc:69.30782154815054, LR:4.000000000000001e-06
Epoch:103, Loss:1.039739090036981, Acc:68.50839305644134, LR:4.000000000000001e-06
Epoch:104, Loss:1.0053875029695278, Acc:69.10350035873722, LR:4.000000000000001e-06
Validation: Loss:0.8253009617328644, Acc:84.4
Epoch:105, Loss:0.9848338598195387, Acc:68.68119893973214, LR:4.000000000000001e-06
Epoch:106, Loss:1.011784873522666, Acc:68.62220830676017, LR:4.000000000000001e-06
Epoch:107, Loss:1.0120574436625656, Acc:67.85178105070155, LR:4.000000000000001e-06
Epoch:108, Loss:0.9690668654000881, Acc:71.78775171396684, LR:4.000000000000001e-06
Epoch:109, Loss:1.0673374038721835, Acc:65.43742765465561, LR:4.000000000000001e-06
Validation: Loss:0.8346388548612594, Acc:84.56
Epoch:110, Loss:1.0060290437457817, Acc:67.84874553571427, LR:4.000000000000001e-06
Epoch:111, Loss:1.004926181227273, Acc:69.13541948341839, LR:4.000000000000001e-06
Epoch:112, Loss:0.9938514288514853, Acc:68.70886100924743, LR:4.000000000000001e-06
Epoch:113, Loss:1.0052767736191044, Acc:66.92626139987243, LR:4.000000000000001e-06
Epoch:114, Loss:1.0069340744188853, Acc:67.38433972417089, LR:4.000000000000001e-06
Validation: Loss:0.8330988615751267, Acc:84.56
Epoch:115, Loss:0.9234557092113762, Acc:73.18553619260202, LR:4.000000000000001e-06
Epoch:116, Loss:0.9901283692036357, Acc:69.48590601084187, LR:4.000000000000001e-06
Epoch:117, Loss:1.0326820891350508, Acc:67.48125849011478, LR:4.000000000000001e-06
Epoch:118, Loss:0.957119248731404, Acc:71.80177351721937, LR:4.000000000000001e-06
Epoch:119, Loss:0.9646366557904652, Acc:71.40519467474489, LR:8.000000000000002e-07
Validation: Loss:0.7964220881462097, Acc:84.63
Epoch:120, Loss:1.002079815584786, Acc:69.39807601243625, LR:8.000000000000002e-07
Epoch:121, Loss:1.0243776066570867, Acc:66.98462587691326, LR:8.000000000000002e-07
Epoch:122, Loss:1.0153883806600863, Acc:68.21337248883927, LR:8.000000000000002e-07
Epoch:123, Loss:0.9866494814656219, Acc:69.20487396364794, LR:8.000000000000002e-07
Epoch:124, Loss:1.0092775058381411, Acc:68.23000729432403, LR:8.000000000000002e-07
Validation: Loss:0.8031404078006744, Acc:84.65
Best model updated!
Epoch:125, Loss:0.9727002110484303, Acc:70.26415732621173, LR:8.000000000000002e-07
Epoch:126, Loss:0.9969376665445007, Acc:68.8955729033801, LR:8.000000000000002e-07
Epoch:127, Loss:0.9782284979081276, Acc:70.61350753348216, LR:8.000000000000002e-07
Epoch:128, Loss:0.9900340773925489, Acc:68.97954137436226, LR:8.000000000000002e-07
Epoch:129, Loss:1.0034440948951, Acc:69.09540995695151, LR:8.000000000000002e-07
Validation: Loss:0.8033605515956879, Acc:84.65
Epoch:130, Loss:0.9859186586904891, Acc:69.78381018813778, LR:8.000000000000002e-07
Epoch:131, Loss:1.0186522812107388, Acc:66.90364162149235, LR:8.000000000000002e-07
Epoch:132, Loss:0.9797734294314774, Acc:70.14815051020408, LR:8.000000000000002e-07
Epoch:133, Loss:0.9821889179625681, Acc:70.56995738998727, LR:8.000000000000002e-07
Epoch:134, Loss:1.0170201355477377, Acc:67.71973632812502, LR:8.000000000000002e-07
Validation: Loss:0.8281556040048599, Acc:84.48
Epoch:135, Loss:0.9384269560782277, Acc:72.56906385522957, LR:8.000000000000002e-07
Epoch:136, Loss:1.0027800772947317, Acc:70.98053714923469, LR:8.000000000000002e-07
Epoch:137, Loss:0.9927068235618728, Acc:69.97517390784441, LR:8.000000000000002e-07
Epoch:138, Loss:1.0247941337982003, Acc:67.29116705197707, LR:8.000000000000002e-07
Epoch:139, Loss:1.0312754878280115, Acc:68.28691481983418, LR:8.000000000000002e-07
Validation: Loss:0.8004985213279724, Acc:84.61
Epoch:140, Loss:0.9798749787923025, Acc:69.65373098692599, LR:8.000000000000002e-07
Epoch:141, Loss:0.9850969874129003, Acc:70.49962535873723, LR:8.000000000000002e-07
Epoch:142, Loss:0.9780506717079148, Acc:68.98606006855869, LR:8.000000000000002e-07
Epoch:143, Loss:0.9826540943159132, Acc:70.77616956313776, LR:8.000000000000002e-07
Epoch:144, Loss:0.9871493605706765, Acc:68.69635491071429, LR:8.000000000000002e-07
Validation: Loss:0.7917542308568954, Acc:84.71
Best model updated!
Epoch:145, Loss:0.9744430226939065, Acc:69.89139062499999, LR:8.000000000000002e-07
Epoch:146, Loss:0.9474858188127376, Acc:71.93778415975767, LR:8.000000000000002e-07
Epoch:147, Loss:0.9685680416165566, Acc:69.71216816804848, LR:8.000000000000002e-07
Epoch:148, Loss:0.9862747554648288, Acc:68.97143359375002, LR:8.000000000000002e-07
Epoch:149, Loss:1.039293837904626, Acc:66.48869702646682, LR:1.6000000000000006e-07
Validation: Loss:0.8258739292621613, Acc:84.62
Epoch:150, Loss:1.0230788895670249, Acc:69.07131772161985, LR:1.6000000000000006e-07
Epoch:151, Loss:1.033031392310347, Acc:66.64579137436225, LR:1.6000000000000006e-07
Epoch:152, Loss:0.9881307754133429, Acc:69.27728989955355, LR:1.6000000000000006e-07
Epoch:153, Loss:0.9966191292113188, Acc:69.01019949776786, LR:1.6000000000000006e-07
Epoch:154, Loss:1.01144511784826, Acc:68.80598939732144, LR:1.6000000000000006e-07
Validation: Loss:0.8308727532625199, Acc:84.54
Epoch:155, Loss:0.9775511780563666, Acc:70.91907386001274, LR:1.6000000000000006e-07
Epoch:156, Loss:0.9683648377885016, Acc:70.63195013552293, LR:1.6000000000000006e-07
Epoch:157, Loss:1.014815020774092, Acc:68.87157473692605, LR:1.6000000000000006e-07
Epoch:158, Loss:1.0204550831445627, Acc:69.10967330994897, LR:1.6000000000000006e-07
Epoch:159, Loss:0.9823334155490204, Acc:69.3647389987245, LR:1.6000000000000006e-07
Validation: Loss:0.7801220566034317, Acc:84.72
Best model updated!
Epoch:160, Loss:0.9846850336358255, Acc:69.22595643335461, LR:1.6000000000000006e-07
Epoch:161, Loss:0.9984163755208862, Acc:67.56716234853317, LR:1.6000000000000006e-07
Epoch:162, Loss:0.9796813136080698, Acc:69.05653372130102, LR:1.6000000000000006e-07
Epoch:163, Loss:1.0259843805272664, Acc:67.9303439891582, LR:1.6000000000000006e-07
Epoch:164, Loss:0.986561012131219, Acc:67.8339536830357, LR:1.6000000000000006e-07
Validation: Loss:0.8024404078722001, Acc:84.56
Epoch:165, Loss:1.0120970460833336, Acc:69.26078447863522, LR:1.6000000000000006e-07
Epoch:166, Loss:0.9976906626656348, Acc:68.05166430165818, LR:1.6000000000000006e-07
Epoch:167, Loss:0.9999703590815164, Acc:68.13377830038264, LR:1.6000000000000006e-07
Epoch:168, Loss:1.0211507992400808, Acc:66.04684211575255, LR:1.6000000000000006e-07
Epoch:169, Loss:1.0073147875313857, Acc:68.62435682397958, LR:1.6000000000000006e-07
Validation: Loss:0.8491038411855698, Acc:84.66
Epoch:170, Loss:0.9714770942774354, Acc:68.66842406728315, LR:1.6000000000000006e-07
Epoch:171, Loss:1.0408036809186547, Acc:67.088637236926, LR:1.6000000000000006e-07
Epoch:172, Loss:1.0038310860340693, Acc:68.16242685746174, LR:1.6000000000000006e-07
Epoch:173, Loss:0.9323557744144785, Acc:71.10809151785713, LR:1.6000000000000006e-07
Epoch:174, Loss:0.9962944820219156, Acc:69.51557872289543, LR:1.6000000000000006e-07
Validation: Loss:0.8240067660808563, Acc:84.68
Epoch:175, Loss:1.0170250034758024, Acc:67.40957314253829, LR:1.6000000000000006e-07
Epoch:176, Loss:1.0110042107728672, Acc:70.18170276626272, LR:1.6000000000000006e-07
Epoch:177, Loss:1.0459357069767252, Acc:65.8062680564413, LR:1.6000000000000006e-07
Epoch:178, Loss:1.0644630853618895, Acc:66.16465142697704, LR:1.6000000000000006e-07
Epoch:179, Loss:0.9801334178227247, Acc:69.48501128029335, LR:3.2000000000000015e-08
Validation: Loss:0.81972436606884, Acc:84.68
Epoch:180, Loss:1.0146852787203935, Acc:67.53082477678572, LR:3.2000000000000015e-08
Epoch:181, Loss:1.0022398073758398, Acc:67.73868578603316, LR:3.2000000000000015e-08
Epoch:182, Loss:0.9614933900231001, Acc:72.23042323022962, LR:3.2000000000000015e-08
Epoch:183, Loss:1.027094694044517, Acc:67.29675462372451, LR:3.2000000000000015e-08
Epoch:184, Loss:1.0164668914310786, Acc:69.22986814413264, LR:3.2000000000000015e-08
Validation: Loss:0.8290446251630783, Acc:84.56
Epoch:185, Loss:0.9601328080634073, Acc:69.76438281250003, LR:3.2000000000000015e-08
Epoch:186, Loss:1.0215504104081465, Acc:67.85081281887756, LR:3.2000000000000015e-08
Epoch:187, Loss:1.0179374392847627, Acc:70.56958936543367, LR:3.2000000000000015e-08
Epoch:188, Loss:0.9965508162062995, Acc:66.710123565051, LR:3.2000000000000015e-08
Epoch:189, Loss:0.995687574338244, Acc:68.81568925382652, LR:3.2000000000000015e-08
Validation: Loss:0.8182340443134308, Acc:84.53
Epoch:190, Loss:1.0291448145800708, Acc:67.35378551498727, LR:3.2000000000000015e-08
Epoch:191, Loss:0.9561510560463886, Acc:70.43832545440046, LR:3.2000000000000015e-08
Epoch:192, Loss:0.9733098660196576, Acc:69.91322947225764, LR:3.2000000000000015e-08
Epoch:193, Loss:1.005395917259917, Acc:68.43860419323983, LR:3.2000000000000015e-08
Epoch:194, Loss:0.9824596636605506, Acc:70.50794144610973, LR:3.2000000000000015e-08
Validation: Loss:0.8295171469449997, Acc:84.53
Epoch:195, Loss:0.9780195517351433, Acc:69.7340884885204, LR:3.2000000000000015e-08
Epoch:196, Loss:0.965719041775684, Acc:70.74598214285716, LR:3.2000000000000015e-08
Epoch:197, Loss:1.0111009502897457, Acc:68.89712711256378, LR:3.2000000000000015e-08
Epoch:198, Loss:1.0168929513049674, Acc:67.67469248246177, LR:3.2000000000000015e-08
Epoch:199, Loss:1.0412205856825625, Acc:67.68579117506373, LR:3.2000000000000015e-08
Validation: Loss:0.8466712564229966, Acc:84.47
Test: Acc:84.72
