nohup: ignoring input
/root/liuyuanye/NNDL/Final/CIFAR/deit.py:63: UserWarning: Overwriting deit_tiny_patch16_224 in registry with deit.deit_tiny_patch16_224. This is because the name being registered conflicts with an existing name. Please check if this is not expected.
  def deit_tiny_patch16_224(pretrained=False, **kwargs):
/root/liuyuanye/NNDL/Final/CIFAR/deit.py:78: UserWarning: Overwriting deit_small_patch16_224 in registry with deit.deit_small_patch16_224. This is because the name being registered conflicts with an existing name. Please check if this is not expected.
  def deit_small_patch16_224(pretrained=False, **kwargs):
/root/liuyuanye/NNDL/Final/CIFAR/deit.py:93: UserWarning: Overwriting deit_base_patch16_224 in registry with deit.deit_base_patch16_224. This is because the name being registered conflicts with an existing name. Please check if this is not expected.
  def deit_base_patch16_224(pretrained=False, **kwargs):
/root/liuyuanye/NNDL/Final/CIFAR/deit.py:108: UserWarning: Overwriting deit_tiny_distilled_patch16_224 in registry with deit.deit_tiny_distilled_patch16_224. This is because the name being registered conflicts with an existing name. Please check if this is not expected.
  def deit_tiny_distilled_patch16_224(pretrained=False, **kwargs):
/root/liuyuanye/NNDL/Final/CIFAR/deit.py:123: UserWarning: Overwriting deit_small_distilled_patch16_224 in registry with deit.deit_small_distilled_patch16_224. This is because the name being registered conflicts with an existing name. Please check if this is not expected.
  def deit_small_distilled_patch16_224(pretrained=False, **kwargs):
/root/liuyuanye/NNDL/Final/CIFAR/deit.py:138: UserWarning: Overwriting deit_base_distilled_patch16_224 in registry with deit.deit_base_distilled_patch16_224. This is because the name being registered conflicts with an existing name. Please check if this is not expected.
  def deit_base_distilled_patch16_224(pretrained=False, **kwargs):
/root/liuyuanye/NNDL/Final/CIFAR/deit.py:153: UserWarning: Overwriting deit_base_patch16_384 in registry with deit.deit_base_patch16_384. This is because the name being registered conflicts with an existing name. Please check if this is not expected.
  def deit_base_patch16_384(pretrained=False, **kwargs):
/root/liuyuanye/NNDL/Final/CIFAR/deit.py:168: UserWarning: Overwriting deit_base_distilled_patch16_384 in registry with deit.deit_base_distilled_patch16_384. This is because the name being registered conflicts with an existing name. Please check if this is not expected.
  def deit_base_distilled_patch16_384(pretrained=False, **kwargs):
deit_small的参数量: 22.05M
{
    "datapath": "../data/",
    "logpath": "./logs/",
    "batch_size": 512,
    "epoch": 200,
    "seed": 43,
    "date": "0622",
    "plot": true,
    "num_classes": 100,
    "opt": "AdamW",
    "learning_rate": 0.0005,
    "weight_decay": 0.05,
    "pretrained": true,
    "device_id": 1,
    "dropout": true,
    "cutout": true,
    "cutmix": false,
    "model": "deit",
    "comment": "CosLR"
}
2024-06-22 15:32:59
Epoch:0, Loss:1.6603570020928675, Acc:57.64, LR:0.0004998766400914329
Epoch:1, Loss:0.692520693248632, Acc:79.45, LR:0.0004995066821070679
Epoch:2, Loss:0.5180860204356057, Acc:84.174, LR:0.00049889049115077
Epoch:3, Loss:0.3963026498653451, Acc:87.694, LR:0.0004980286753286195
Epoch:4, Loss:0.30733389681091117, Acc:90.266, LR:0.0004969220851487844
Validation: Loss:0.5920170694589615, Acc:82.49
Best model updated!
Epoch:5, Loss:0.26259684790762106, Acc:91.518, LR:0.0004955718126821722
Epoch:6, Loss:0.21894416608372513, Acc:93.11, LR:0.0004939791904846868
Epoch:7, Loss:0.19409013296268424, Acc:93.834, LR:0.0004921457902821577
Epoch:8, Loss:0.16389778773395383, Acc:94.846, LR:0.0004900734214192357
Epoch:9, Loss:0.14299269415894333, Acc:95.494, LR:0.00048776412907378835
Validation: Loss:0.668810960650444, Acc:82.6
Best model updated!
Epoch:10, Loss:0.13018826638557474, Acc:95.826, LR:0.00048522019223855637
Epoch:11, Loss:0.12940568537736424, Acc:95.832, LR:0.00048244412147206283
Epoch:12, Loss:0.12054312373606527, Acc:96.208, LR:0.00047943865642099525
Epoch:13, Loss:0.10766244162710345, Acc:96.616, LR:0.0004762067631165049
Epoch:14, Loss:0.10042124777576145, Acc:96.802, LR:0.00047275163104709196
Validation: Loss:0.7083012491464615, Acc:82.3
Epoch:15, Loss:0.08810697724016345, Acc:97.214, LR:0.0004690766700109659
Epoch:16, Loss:0.08563384660804758, Acc:97.3, LR:0.00046518550675098597
Epoch:17, Loss:0.08310786919782356, Acc:97.324, LR:0.0004610819813755038
Epoch:18, Loss:0.08293589402218254, Acc:97.42, LR:0.0004567701435686405
Epoch:19, Loss:0.07718777417072228, Acc:97.524, LR:0.00045225424859373693
Validation: Loss:0.7934654474258422, Acc:81.81
Epoch:20, Loss:0.07446562335351292, Acc:97.68, LR:0.0004475387530939226
Epoch:21, Loss:0.06847955985945098, Acc:97.844, LR:0.0004426283106939473
Epoch:22, Loss:0.07218892754492712, Acc:97.73, LR:0.0004375277674076149
Epoch:23, Loss:0.07155663934441245, Acc:97.718, LR:0.00043224215685535287
Epoch:24, Loss:0.05230994203260967, Acc:98.366, LR:0.00042677669529663686
Validation: Loss:0.765155804157257, Acc:82.8
Best model updated!
Epoch:25, Loss:0.05103136899367887, Acc:98.416, LR:0.0004211367764821722
Epoch:26, Loss:0.05083631077895359, Acc:98.41, LR:0.00041532796633091297
Epoch:27, Loss:0.05988054323409285, Acc:98.094, LR:0.00040935599743717243
Epoch:28, Loss:0.05345802138350448, Acc:98.312, LR:0.00040322676341324415
Epoch:29, Loss:0.053125646402489166, Acc:98.362, LR:0.00039694631307311834
Validation: Loss:0.8362634688615799, Acc:81.94
Epoch:30, Loss:0.044633895995057356, Acc:98.616, LR:0.0003905208444630327
Epoch:31, Loss:0.04209456966277592, Acc:98.692, LR:0.00038395669874474915
Epoch:32, Loss:0.035074719997617056, Acc:98.838, LR:0.00037726035393759286
Epoch:33, Loss:0.03704298983746189, Acc:98.858, LR:0.00037043841852542884
Epoch:34, Loss:0.038610637206964345, Acc:98.79, LR:0.0003634976249348867
Validation: Loss:0.8299760073423386, Acc:82.26
Epoch:35, Loss:0.033534848017199914, Acc:98.912, LR:0.0003564448228912682
Epoch:36, Loss:0.03313962540266161, Acc:98.968, LR:0.00034928697265869515
Epoch:37, Loss:0.03319084623410386, Acc:98.984, LR:0.00034203113817116957
Epoch:38, Loss:0.03268966807660704, Acc:99.022, LR:0.0003346844800613229
Epoch:39, Loss:0.030367451045206006, Acc:99.04, LR:0.00032725424859373687
Validation: Loss:0.8326581686735153, Acc:82.67
Epoch:40, Loss:0.025529967582955653, Acc:99.258, LR:0.00031974777650980735
Epoch:41, Loss:0.026462160312209507, Acc:99.198, LR:0.0003121724717912137
Epoch:42, Loss:0.020083550040667156, Acc:99.35, LR:0.0003045358103491357
Epoch:43, Loss:0.023489092158305705, Acc:99.23, LR:0.00029684532864643126
Epoch:44, Loss:0.022472094079213484, Acc:99.306, LR:0.0002891086162600578
Validation: Loss:0.8401125550270081, Acc:82.93
Best model updated!
Epoch:45, Loss:0.020091471723185813, Acc:99.368, LR:0.00028133330839107617
Epoch:46, Loss:0.017541212257834112, Acc:99.454, LR:0.0002735270783296286
Epoch:47, Loss:0.021340854732053622, Acc:99.346, LR:0.00026569762988232844
Epoch:48, Loss:0.020527188229013463, Acc:99.34, LR:0.00025785268976953217
Epoch:49, Loss:0.021016135137072022, Acc:99.35, LR:0.0002500000000000001
Validation: Loss:0.8440393030643463, Acc:82.94
Best model updated!
Epoch:50, Loss:0.013130615961889983, Acc:99.594, LR:0.00024214731023046803
Epoch:51, Loss:0.010481755889486521, Acc:99.686, LR:0.00023430237011767176
Epoch:52, Loss:0.01110395067252637, Acc:99.666, LR:0.0002264729216703715
Epoch:53, Loss:0.01106633111473401, Acc:99.644, LR:0.00021866669160892403
Epoch:54, Loss:0.011301526235540075, Acc:99.654, LR:0.00021089138373994235
Validation: Loss:0.8562029510736465, Acc:82.54
Epoch:55, Loss:0.00887386582326144, Acc:99.71, LR:0.00020315467135356892
Epoch:56, Loss:0.009601078170817345, Acc:99.708, LR:0.0001954641896508645
Epoch:57, Loss:0.008568973246040014, Acc:99.742, LR:0.00018782752820878634
Epoch:58, Loss:0.008781719851849258, Acc:99.69, LR:0.00018025222349019276
Epoch:59, Loss:0.006227481957615296, Acc:99.808, LR:0.00017274575140626327
Validation: Loss:0.8389587461948395, Acc:83.47
Best model updated!
Epoch:60, Loss:0.005907852853035403, Acc:99.798, LR:0.0001653155199386772
Epoch:61, Loss:0.005884613389771774, Acc:99.818, LR:0.00015796886182883063
Epoch:62, Loss:0.006602616452348267, Acc:99.782, LR:0.00015071302734130486
Epoch:63, Loss:0.005650743731055219, Acc:99.81, LR:0.00014355517710873186
Epoch:64, Loss:0.00357622203502652, Acc:99.874, LR:0.00013650237506511334
Validation: Loss:0.8282907724380493, Acc:84.12
Best model updated!
Epoch:65, Loss:0.003976568268737946, Acc:99.874, LR:0.00012956158147457117
Epoch:66, Loss:0.004239993327599, Acc:99.856, LR:0.0001227396460624072
Epoch:67, Loss:0.0036014921133755706, Acc:99.87, LR:0.00011604330125525082
Epoch:68, Loss:0.0035670758985287074, Acc:99.89, LR:0.00010947915553696737
Epoch:69, Loss:0.0026424984542394, Acc:99.9, LR:0.00010305368692688178
Validation: Loss:0.7943030595779419, Acc:84.74
Best model updated!
Epoch:70, Loss:0.0025171282017699735, Acc:99.914, LR:9.677323658675589e-05
Epoch:71, Loss:0.0019454980433600175, Acc:99.93, LR:9.06440025628276e-05
Epoch:72, Loss:0.0020695157430481582, Acc:99.928, LR:8.467203366908711e-05
Epoch:73, Loss:0.001755964767801984, Acc:99.934, LR:7.886322351782786e-05
Epoch:74, Loss:0.0020561680055611853, Acc:99.92, LR:7.322330470336317e-05
Validation: Loss:0.8197683572769165, Acc:84.52
Epoch:75, Loss:0.0016774297698563658, Acc:99.936, LR:6.77578431446472e-05
Epoch:76, Loss:0.0020826868943802355, Acc:99.908, LR:6.247223259238512e-05
Epoch:77, Loss:0.0022812737120055278, Acc:99.904, LR:5.737168930605274e-05
Epoch:78, Loss:0.0015447835269567025, Acc:99.942, LR:5.2461246906077416e-05
Epoch:79, Loss:0.0013211010709524925, Acc:99.95, LR:4.7745751406263184e-05
Validation: Loss:0.807875570654869, Acc:84.72
Epoch:80, Loss:0.0011458387911706992, Acc:99.952, LR:4.322985643135959e-05
Epoch:81, Loss:0.001100320639180813, Acc:99.958, LR:3.89180186244963e-05
Epoch:82, Loss:0.0009590882997441923, Acc:99.964, LR:3.481449324901408e-05
Epoch:83, Loss:0.0008844715010461502, Acc:99.962, LR:3.092332998903412e-05
Epoch:84, Loss:0.0008344713502194689, Acc:99.956, LR:2.7248368952908065e-05
Validation: Loss:0.7948793560266495, Acc:84.87
Best model updated!
Epoch:85, Loss:0.0012279203096930323, Acc:99.956, LR:2.379323688349517e-05
Epoch:86, Loss:0.0009754348390130445, Acc:99.96, LR:2.056134357900478e-05
Epoch:87, Loss:0.0008019266323553522, Acc:99.968, LR:1.755587852793717e-05
Epoch:88, Loss:0.0006705361113058551, Acc:99.97, LR:1.4779807761443642e-05
Epoch:89, Loss:0.000926051707730429, Acc:99.962, LR:1.223587092621162e-05
Validation: Loss:0.7876793056726455, Acc:85.26
Best model updated!
Epoch:90, Loss:0.0007746728829168168, Acc:99.968, LR:9.926578580764263e-06
Epoch:91, Loss:0.000715495552719162, Acc:99.964, LR:7.85420971784226e-06
Epoch:92, Loss:0.0005851809561804379, Acc:99.978, LR:6.02080951531317e-06
Epoch:93, Loss:0.0006958075353729643, Acc:99.968, LR:4.42818731782782e-06
Epoch:94, Loss:0.0007066272221946951, Acc:99.972, LR:3.0779148512155855e-06
Validation: Loss:0.7831981837749481, Acc:85.28
Best model updated!
Epoch:95, Loss:0.0005912605441580479, Acc:99.978, LR:1.971324671380559e-06
Epoch:96, Loss:0.0006576463611611184, Acc:99.97, LR:1.1095088492300012e-06
Epoch:97, Loss:0.0006200784179726521, Acc:99.976, LR:4.933178929321103e-07
Epoch:98, Loss:0.0008854220558328517, Acc:99.966, LR:1.233599085671e-07
Epoch:99, Loss:0.0005673038346629961, Acc:99.98, LR:0.0
Validation: Loss:0.7819884777069092, Acc:85.3
Best model updated!
Epoch:100, Loss:0.0005752981588947088, Acc:99.97, LR:1.233599085671e-07
Epoch:101, Loss:0.0005516269908296134, Acc:99.984, LR:4.933178929321102e-07
Epoch:102, Loss:0.0006072298900998787, Acc:99.976, LR:1.1095088492300007e-06
Epoch:103, Loss:0.0005791262407298319, Acc:99.976, LR:1.9713246713805307e-06
Epoch:104, Loss:0.0007213662641760845, Acc:99.972, LR:3.077914851215557e-06
Validation: Loss:0.7821382045745849, Acc:85.25
Epoch:105, Loss:0.0006651116277958974, Acc:99.964, LR:4.4281873178278475e-06
Epoch:106, Loss:0.000679023286150424, Acc:99.978, LR:6.020809515313142e-06
Epoch:107, Loss:0.0005589817763913223, Acc:99.982, LR:7.854209717842205e-06
Epoch:108, Loss:0.000769391838860299, Acc:99.972, LR:9.926578580764207e-06
Epoch:109, Loss:0.0006751251480543905, Acc:99.976, LR:1.223587092621159e-05
Validation: Loss:0.7809606313705444, Acc:85.42
Best model updated!
Epoch:110, Loss:0.0007804694518088174, Acc:99.962, LR:1.4779807761443637e-05
Epoch:111, Loss:0.0006084900865526109, Acc:99.966, LR:1.7555878527937136e-05
Epoch:112, Loss:0.0006343404174727692, Acc:99.962, LR:2.0561343579004686e-05
Epoch:113, Loss:0.0007859688300172542, Acc:99.96, LR:2.3793236883495076e-05
Epoch:114, Loss:0.0011523566270773941, Acc:99.946, LR:2.724836895290808e-05
Validation: Loss:0.7987751930952072, Acc:84.93
Epoch:115, Loss:0.0016829582013347785, Acc:99.934, LR:3.0923329989034126e-05
Epoch:116, Loss:0.0012605807259001732, Acc:99.952, LR:3.4814493249014084e-05
Epoch:117, Loss:0.0012682088124666754, Acc:99.948, LR:3.89180186244962e-05
Epoch:118, Loss:0.0012649072947281137, Acc:99.95, LR:4.322985643135948e-05
Epoch:119, Loss:0.002047547065465514, Acc:99.926, LR:4.774575140626305e-05
Validation: Loss:0.8367490231990814, Acc:84.45
Epoch:120, Loss:0.003906813924579777, Acc:99.868, LR:5.2461246906077416e-05
Epoch:121, Loss:0.005482631691847928, Acc:99.82, LR:5.7371689306052684e-05
Epoch:122, Loss:0.004425027889997831, Acc:99.842, LR:6.247223259238507e-05
Epoch:123, Loss:0.003844411748791665, Acc:99.878, LR:6.775784314464706e-05
Epoch:124, Loss:0.004786686824779596, Acc:99.848, LR:7.322330470336302e-05
Validation: Loss:0.8485905975103378, Acc:83.71
Epoch:125, Loss:0.00456650350486375, Acc:99.858, LR:7.886322351782783e-05
Epoch:126, Loss:0.006674374640819484, Acc:99.788, LR:8.4672033669087e-05
Epoch:127, Loss:0.00518741432639143, Acc:99.836, LR:9.06440025628276e-05
Epoch:128, Loss:0.005709249775426709, Acc:99.804, LR:9.677323658675587e-05
Epoch:129, Loss:0.0077379304417931685, Acc:99.764, LR:0.00010305368692688169
Validation: Loss:0.9046748906373978, Acc:83.06
Epoch:130, Loss:0.0072864776486720965, Acc:99.776, LR:0.00010947915553696727
Epoch:131, Loss:0.01133391693619327, Acc:99.624, LR:0.00011604330125525093
Epoch:132, Loss:0.012144430288664845, Acc:99.576, LR:0.00012273964606240723
Epoch:133, Loss:0.012017579796743028, Acc:99.622, LR:0.0001295615814745712
Epoch:134, Loss:0.012564873464205968, Acc:99.624, LR:0.00013650237506511326
Validation: Loss:0.9281902641057969, Acc:82.15
Epoch:135, Loss:0.0120618437423979, Acc:99.602, LR:0.00014355517710873194
Epoch:136, Loss:0.009756756051947191, Acc:99.688, LR:0.0001507130273413049
Epoch:137, Loss:0.014431309634439496, Acc:99.55, LR:0.00015796886182883053
Epoch:138, Loss:0.01131080931328161, Acc:99.628, LR:0.00016531551993867713
Epoch:139, Loss:0.013897627792843826, Acc:99.576, LR:0.00017274575140626308
Validation: Loss:0.9194410383701325, Acc:82.16
Epoch:140, Loss:0.019858189910764292, Acc:99.396, LR:0.0001802522234901926
Epoch:141, Loss:0.021300088051155363, Acc:99.34, LR:0.00018782752820878642
Epoch:142, Loss:0.020637221539355054, Acc:99.34, LR:0.00019546418965086441
Epoch:143, Loss:0.016149788853778903, Acc:99.52, LR:0.00020315467135356886
Epoch:144, Loss:0.02230393160039521, Acc:99.296, LR:0.00021089138373994227
Validation: Loss:0.9859069377183914, Acc:81.48
Epoch:145, Loss:0.03071967464852698, Acc:99.054, LR:0.00021866669160892387
Epoch:146, Loss:0.02459777501050611, Acc:99.204, LR:0.0002264729216703715
Epoch:147, Loss:0.02412640802771309, Acc:99.242, LR:0.00023430237011767168
Epoch:148, Loss:0.023692402926900863, Acc:99.268, LR:0.00024214731023046793
Epoch:149, Loss:0.025624316095431546, Acc:99.23, LR:0.00024999999999999995
Validation: Loss:0.9536270171403884, Acc:81.3
Epoch:150, Loss:0.027465984142119333, Acc:99.08, LR:0.00025785268976953195
Epoch:151, Loss:0.028343184295167426, Acc:99.14, LR:0.00026569762988232817
Epoch:152, Loss:0.0284997460346821, Acc:99.05, LR:0.0002735270783296286
Epoch:153, Loss:0.02918147393597328, Acc:99.028, LR:0.00028133330839107606
Epoch:154, Loss:0.030555852299214016, Acc:99.004, LR:0.0002891086162600577
Validation: Loss:0.947256663441658, Acc:81.34
Epoch:155, Loss:0.03544818737297034, Acc:98.896, LR:0.0002968453286464311
Epoch:156, Loss:0.03448085808100141, Acc:98.946, LR:0.00030453581034913554
Epoch:157, Loss:0.036623785262737345, Acc:98.866, LR:0.00031217247179121373
Epoch:158, Loss:0.029722279298822492, Acc:99.048, LR:0.0003197477765098073
Epoch:159, Loss:0.02984268123245969, Acc:99.058, LR:0.0003272542485937368
Validation: Loss:0.9682087570428848, Acc:80.86
Epoch:160, Loss:0.030410501668799897, Acc:99.036, LR:0.00033468448006132275
Epoch:161, Loss:0.04684500859061978, Acc:98.59, LR:0.00034203113817116935
Epoch:162, Loss:0.04478551366613531, Acc:98.62, LR:0.000349286972658695
Epoch:163, Loss:0.04186784580578001, Acc:98.67, LR:0.00035644482289126796
Epoch:164, Loss:0.03516505927569708, Acc:98.836, LR:0.00036349762493488645
Validation: Loss:1.001979398727417, Acc:80.57
Epoch:165, Loss:0.04688893808812207, Acc:98.58, LR:0.00037043841852542895
Epoch:166, Loss:0.04373060782649079, Acc:98.622, LR:0.00037726035393759297
Epoch:167, Loss:0.03531750413228055, Acc:98.852, LR:0.0003839566987447493
Epoch:168, Loss:0.04483236706986719, Acc:98.624, LR:0.00039052084446303275
Epoch:169, Loss:0.039702095842102963, Acc:98.73, LR:0.00039694631307311834
Validation: Loss:1.0130659639835358, Acc:80.11
Epoch:170, Loss:0.04143564896277931, Acc:98.744, LR:0.00040322676341324415
Epoch:171, Loss:0.04482642735107517, Acc:98.616, LR:0.00040935599743717243
Epoch:172, Loss:0.04839093041397175, Acc:98.484, LR:0.00041532796633091297
Epoch:173, Loss:0.04212112261020407, Acc:98.736, LR:0.00042113677648217203
Epoch:174, Loss:0.044781888863642, Acc:98.598, LR:0.00042677669529663675
Validation: Loss:0.9918659329414368, Acc:79.87
Epoch:175, Loss:0.04047587548135495, Acc:98.692, LR:0.0004322421568553529
Epoch:176, Loss:0.04183752954538379, Acc:98.726, LR:0.000437527767407615
Epoch:177, Loss:0.04567735455930233, Acc:98.532, LR:0.0004426283106939475
Epoch:178, Loss:0.044792004328753264, Acc:98.574, LR:0.0004475387530939227
Epoch:179, Loss:0.04396709442442777, Acc:98.608, LR:0.0004522542485937371
Validation: Loss:1.0155303984880448, Acc:79.66
Epoch:180, Loss:0.051857873892449606, Acc:98.382, LR:0.00045677014356864065
Epoch:181, Loss:0.053175526861177415, Acc:98.246, LR:0.000461081981375504
Epoch:182, Loss:0.052174242441447416, Acc:98.32, LR:0.00046518550675098613
Epoch:183, Loss:0.05020380291935741, Acc:98.45, LR:0.0004690766700109661
Epoch:184, Loss:0.04364869627645429, Acc:98.71, LR:0.0004727516310470923
Validation: Loss:1.0338577687740327, Acc:79.54
Epoch:185, Loss:0.039806384213116705, Acc:98.72, LR:0.0004762067631165052
Epoch:186, Loss:0.04264657343832814, Acc:98.702, LR:0.00047943865642099574
Epoch:187, Loss:0.04531697262724747, Acc:98.55, LR:0.0004824441214720632
Epoch:188, Loss:0.041627741190699896, Acc:98.688, LR:0.00048522019223855674
Epoch:189, Loss:0.04641620911733837, Acc:98.52, LR:0.0004877641290737888
Validation: Loss:1.063876673579216, Acc:78.77
Epoch:190, Loss:0.0448606353804317, Acc:98.558, LR:0.0004900734214192361
Epoch:191, Loss:0.0505953349401148, Acc:98.44, LR:0.0004921457902821582
Epoch:192, Loss:0.051703923305838694, Acc:98.406, LR:0.0004939791904846872
Epoch:193, Loss:0.041547740144389014, Acc:98.71, LR:0.0004955718126821726
Epoch:194, Loss:0.04029483806189834, Acc:98.736, LR:0.0004969220851487848
Validation: Loss:0.9994459241628647, Acc:80.02
Epoch:195, Loss:0.04570610600770736, Acc:98.566, LR:0.0004980286753286198
Epoch:196, Loss:0.04026876920263986, Acc:98.728, LR:0.0004988904911507704
Epoch:197, Loss:0.04252008234663886, Acc:98.684, LR:0.0004995066821070683
Epoch:198, Loss:0.040400474389292756, Acc:98.724, LR:0.0004998766400914333
Epoch:199, Loss:0.03842540446440784, Acc:98.818, LR:0.0005000000000000004
Validation: Loss:1.0669692665338517, Acc:78.55
Test: Acc:85.42
