nohup: ignoring input
/root/liuyuanye/NNDL/Final/CIFAR/deit.py:63: UserWarning: Overwriting deit_tiny_patch16_224 in registry with deit.deit_tiny_patch16_224. This is because the name being registered conflicts with an existing name. Please check if this is not expected.
  def deit_tiny_patch16_224(pretrained=False, **kwargs):
/root/liuyuanye/NNDL/Final/CIFAR/deit.py:78: UserWarning: Overwriting deit_small_patch16_224 in registry with deit.deit_small_patch16_224. This is because the name being registered conflicts with an existing name. Please check if this is not expected.
  def deit_small_patch16_224(pretrained=False, **kwargs):
/root/liuyuanye/NNDL/Final/CIFAR/deit.py:93: UserWarning: Overwriting deit_base_patch16_224 in registry with deit.deit_base_patch16_224. This is because the name being registered conflicts with an existing name. Please check if this is not expected.
  def deit_base_patch16_224(pretrained=False, **kwargs):
/root/liuyuanye/NNDL/Final/CIFAR/deit.py:108: UserWarning: Overwriting deit_tiny_distilled_patch16_224 in registry with deit.deit_tiny_distilled_patch16_224. This is because the name being registered conflicts with an existing name. Please check if this is not expected.
  def deit_tiny_distilled_patch16_224(pretrained=False, **kwargs):
/root/liuyuanye/NNDL/Final/CIFAR/deit.py:123: UserWarning: Overwriting deit_small_distilled_patch16_224 in registry with deit.deit_small_distilled_patch16_224. This is because the name being registered conflicts with an existing name. Please check if this is not expected.
  def deit_small_distilled_patch16_224(pretrained=False, **kwargs):
/root/liuyuanye/NNDL/Final/CIFAR/deit.py:138: UserWarning: Overwriting deit_base_distilled_patch16_224 in registry with deit.deit_base_distilled_patch16_224. This is because the name being registered conflicts with an existing name. Please check if this is not expected.
  def deit_base_distilled_patch16_224(pretrained=False, **kwargs):
/root/liuyuanye/NNDL/Final/CIFAR/deit.py:153: UserWarning: Overwriting deit_base_patch16_384 in registry with deit.deit_base_patch16_384. This is because the name being registered conflicts with an existing name. Please check if this is not expected.
  def deit_base_patch16_384(pretrained=False, **kwargs):
/root/liuyuanye/NNDL/Final/CIFAR/deit.py:168: UserWarning: Overwriting deit_base_distilled_patch16_384 in registry with deit.deit_base_distilled_patch16_384. This is because the name being registered conflicts with an existing name. Please check if this is not expected.
  def deit_base_distilled_patch16_384(pretrained=False, **kwargs):
/root/miniconda3/envs/py310/lib/python3.10/site-packages/torchvision/models/_utils.py:223: UserWarning: Arguments other than a weight enum or `None` for 'weights' are deprecated since 0.13 and may be removed in the future. The current behavior is equivalent to passing `weights=ResNet18_Weights.IMAGENET1K_V1`. You can also use `weights=ResNet18_Weights.DEFAULT` to get the most up-to-date weights.
  warnings.warn(msg)
deit_small的参数量: 22.05M
{
    "datapath": "../data/",
    "logpath": "./logs/",
    "batch_size": 512,
    "epoch": 1000,
    "seed": 43,
    "date": "0621",
    "plot": true,
    "num_classes": 100,
    "learning_rate": 0.003,
    "weight_decay": 0.003,
    "pretrained": true,
    "device_id": 0,
    "dropout": true,
    "cutout": true,
    "model": "ResNet18"
}
2024-06-21 16:29:09
Epoch:0, Loss:4.289867476541168, Acc:5.136, LR:0.0029992598405485975
Epoch:1, Loss:3.863193626306495, Acc:9.618, LR:0.0029970400926424075
Epoch:2, Loss:3.6733959961910636, Acc:12.428, LR:0.00299334294690462
Epoch:3, Loss:3.5404567061638343, Acc:14.318, LR:0.002988172051971717
Epoch:4, Loss:3.4136833195783653, Acc:16.214, LR:0.002981532510892707
Validation: Loss:3.355841064453125, Acc:17.66
Best model updated!
Epoch:5, Loss:3.3359402904705124, Acc:17.842, LR:0.0029734308760930336
Epoch:6, Loss:3.2715925051241506, Acc:19.252, LR:0.0029638751429081215
Epoch:7, Loss:3.2257760738839907, Acc:20.184, LR:0.002952874741692947
Epoch:8, Loss:3.1939306940351213, Acc:21.028, LR:0.002940440528515415
Epoch:9, Loss:3.1607165920491123, Acc:21.532, LR:0.0029265847744427307
Validation: Loss:3.00999116897583, Acc:23.31
Best model updated!
Epoch:10, Loss:3.1270346860496367, Acc:21.972, LR:0.0029113211534313385
Epoch:11, Loss:3.1057165763816057, Acc:22.5, LR:0.002894664728832377
Epoch:12, Loss:3.0918999423786087, Acc:22.832, LR:0.0028766319385259715
Epoch:13, Loss:3.07527727253583, Acc:23.34, LR:0.0028572405786990293
Epoch:14, Loss:3.0471412794930592, Acc:23.814, LR:0.0028365097862825517
Validation: Loss:2.950472044944763, Acc:25.2
Best model updated!
Epoch:15, Loss:3.04717903477805, Acc:24.054, LR:0.0028144600200657953
Epoch:16, Loss:3.0330803880886155, Acc:24.004, LR:0.002791113040505916
Epoch:17, Loss:3.0088026547918516, Acc:24.666, LR:0.002766491888253023
Epoch:18, Loss:2.999253280308782, Acc:25.202, LR:0.0027406208614118434
Epoch:19, Loss:3.002012274703201, Acc:24.992, LR:0.002713525491562422
Validation: Loss:2.7940866589546203, Acc:28.61
Best model updated!
Epoch:20, Loss:2.979694176693352, Acc:25.226, LR:0.002685232518563536
Epoch:21, Loss:2.9693628500918954, Acc:25.54, LR:0.0026557698641636843
Epoch:22, Loss:2.953402117807038, Acc:25.772, LR:0.0026251666044456896
Epoch:23, Loss:2.9558344179270217, Acc:25.97, LR:0.0025934529411321175
Epoch:24, Loss:2.937061679606535, Acc:26.464, LR:0.0025606601717798215
Validation: Loss:2.817469394207001, Acc:28.94
Best model updated!
Epoch:25, Loss:2.9255178728882147, Acc:26.586, LR:0.0025268206588930334
Epoch:26, Loss:2.914137234493178, Acc:27.178, LR:0.0024919677979854784
Epoch:27, Loss:2.9035179201437504, Acc:27.12, LR:0.0024561359846230354
Epoch:28, Loss:2.9019102466349698, Acc:27.01, LR:0.0024193605804794655
Epoch:29, Loss:2.8739416891214797, Acc:27.866, LR:0.0023816778784387107
Validation: Loss:2.7602428674697874, Acc:29.74
Best model updated!
Epoch:30, Loss:2.878307074916606, Acc:27.586, LR:0.002343125066778197
Epoch:31, Loss:2.8563248916548125, Acc:28.132, LR:0.0023037401924684954
Epoch:32, Loss:2.8384836255287635, Acc:28.468, LR:0.0022635621236255575
Epoch:33, Loss:2.8253641152868467, Acc:28.742, LR:0.0022226305111525736
Epoch:34, Loss:2.8130184679615255, Acc:29.402, LR:0.0021809857496093207
Validation: Loss:2.768902063369751, Acc:30.1
Best model updated!
Epoch:35, Loss:2.809519989149911, Acc:29.124, LR:0.0021386689373476095
Epoch:36, Loss:2.800472091655342, Acc:29.376, LR:0.0020957218359521712
Epoch:37, Loss:2.7980396090721595, Acc:29.348, LR:0.0020521868290270177
Epoch:38, Loss:2.78012946673802, Acc:29.774, LR:0.002008106880367938
Epoch:39, Loss:2.7659288182550545, Acc:30.152, LR:0.0019635254915624217
Validation: Loss:2.5565983295440673, Acc:34.37
Best model updated!
Epoch:40, Loss:2.7671343428747996, Acc:29.89, LR:0.0019184866590588445
Epoch:41, Loss:2.7511283061942278, Acc:30.298, LR:0.0018730348307472821
Epoch:42, Loss:2.7414873911409963, Acc:30.598, LR:0.0018272148620948141
Epoch:43, Loss:2.7185966092713025, Acc:31.024, LR:0.0017810719718785873
Epoch:44, Loss:2.713258940346387, Acc:31.218, LR:0.0017346516975603465
Validation: Loss:2.500166416168213, Acc:35.5
Best model updated!
Epoch:45, Loss:2.7045822922064335, Acc:31.736, LR:0.0016879998503464568
Epoch:46, Loss:2.6866721620365066, Acc:31.866, LR:0.0016411624699777716
Epoch:47, Loss:2.6724552451347816, Acc:31.988, LR:0.0015941857792939704
Epoch:48, Loss:2.662005757798954, Acc:32.222, LR:0.0015471161386171927
Epoch:49, Loss:2.654169941435055, Acc:32.612, LR:0.0015000000000000002
Validation: Loss:2.4674662947654724, Acc:36.37
Best model updated!
Epoch:50, Loss:2.634035879251908, Acc:33.148, LR:0.0014528838613828078
Epoch:51, Loss:2.632277542231034, Acc:32.966, LR:0.00140581422070603
Epoch:52, Loss:2.6324504832832183, Acc:33.114, LR:0.0013588375300222285
Epoch:53, Loss:2.6045002669704203, Acc:33.578, LR:0.0013120001496535437
Epoch:54, Loss:2.584545838589571, Acc:34.088, LR:0.0012653483024396535
Validation: Loss:2.4780378222465513, Acc:35.99
Epoch:55, Loss:2.576533633835462, Acc:34.16, LR:0.001218928028121413
Epoch:56, Loss:2.5664680077105153, Acc:34.314, LR:0.0011727851379051864
Epoch:57, Loss:2.553152468739724, Acc:34.998, LR:0.0011269651692527175
Epoch:58, Loss:2.5376956073605283, Acc:35.012, LR:0.001081513340941156
Epoch:59, Loss:2.5226912936385797, Acc:35.566, LR:0.001036474508437579
Validation: Loss:2.3247674822807314, Acc:39.37
Best model updated!
Epoch:60, Loss:2.5162906914341208, Acc:35.58, LR:0.0009918931196320627
Epoch:61, Loss:2.502322807603953, Acc:35.724, LR:0.0009478131709729832
Epoch:62, Loss:2.485851915515199, Acc:36.238, LR:0.0009042781640478286
Epoch:63, Loss:2.4707223201284605, Acc:36.556, LR:0.0008613310626523907
Epoch:64, Loss:2.4545830512533384, Acc:36.676, LR:0.0008190142503906796
Validation: Loss:2.2781355381011963, Acc:40.35
Best model updated!
Epoch:65, Loss:2.4485398871558055, Acc:37.008, LR:0.0007773694888474266
Epoch:66, Loss:2.4270541935550924, Acc:37.556, LR:0.0007364378763744428
Epoch:67, Loss:2.417920686760727, Acc:37.644, LR:0.0006962598075315045
Epoch:68, Loss:2.40216461979613, Acc:38.192, LR:0.0006568749332218039
Epoch:69, Loss:2.387811643736703, Acc:38.34, LR:0.0006183221215612904
Validation: Loss:2.1963585138320925, Acc:42.53
Best model updated!
Epoch:70, Loss:2.37032687664032, Acc:38.52, LR:0.000580639419520535
Epoch:71, Loss:2.362468519989325, Acc:39.004, LR:0.0005438640153769653
Epoch:72, Loss:2.3496649922156823, Acc:39.044, LR:0.0005080322020145225
Epoch:73, Loss:2.335631806023267, Acc:39.682, LR:0.00047317934110696695
Epoch:74, Loss:2.3224080776681704, Acc:39.994, LR:0.00043933982822017887
Validation: Loss:2.194813942909241, Acc:42.08
Epoch:75, Loss:2.308467478168254, Acc:40.324, LR:0.00040654705886788306
Epoch:76, Loss:2.290742190516725, Acc:40.406, LR:0.00037483339555431064
Epoch:77, Loss:2.2766092188504277, Acc:40.864, LR:0.0003442301358363163
Epoch:78, Loss:2.261766621044704, Acc:41.084, LR:0.0003147674814364644
Epoch:79, Loss:2.2446765121148555, Acc:41.774, LR:0.000286474508437579
Validation: Loss:2.053413724899292, Acc:45.62
Best model updated!
Epoch:80, Loss:2.2462187835148404, Acc:41.518, LR:0.0002593791385881574
Epoch:81, Loss:2.229907527261851, Acc:41.928, LR:0.0002335081117469777
Epoch:82, Loss:2.2206909194284554, Acc:42.082, LR:0.00020888695949408434
Epoch:83, Loss:2.2138543931805357, Acc:42.234, LR:0.0001855399799342046
Epoch:84, Loss:2.202338751481504, Acc:42.564, LR:0.0001634902137174483
Validation: Loss:1.994658064842224, Acc:46.68
Best model updated!
Epoch:85, Loss:2.186509076429873, Acc:42.866, LR:0.00014275942130097095
Epoch:86, Loss:2.1735313923991457, Acc:43.01, LR:0.00012336806147402861
Epoch:87, Loss:2.1653304756904137, Acc:43.25, LR:0.00010533527116762296
Epoch:88, Loss:2.1580338964656907, Acc:43.56, LR:8.86788465686618e-05
Epoch:89, Loss:2.1452139129444046, Acc:43.738, LR:7.34152255572697e-05
Validation: Loss:1.9643157720565796, Acc:47.45
Best model updated!
Epoch:90, Loss:2.139872733427554, Acc:43.948, LR:5.9559471484585555e-05
Epoch:91, Loss:2.1397976194109236, Acc:44.02, LR:4.712525830705354e-05
Epoch:92, Loss:2.1309358891175716, Acc:44.014, LR:3.6124857091879005e-05
Epoch:93, Loss:2.1255541979050148, Acc:44.034, LR:2.6569123906966914e-05
Epoch:94, Loss:2.115658459614734, Acc:44.736, LR:1.8467489107293506e-05
Validation: Loss:1.9433735072612763, Acc:48.22
Best model updated!
Epoch:95, Loss:2.1141836655383206, Acc:44.288, LR:1.182794802828335e-05
Epoch:96, Loss:2.1207288090063603, Acc:44.588, LR:6.657053095380004e-06
Epoch:97, Loss:2.112525160215339, Acc:44.592, LR:2.959907357592661e-06
Epoch:98, Loss:2.1196323268267574, Acc:44.388, LR:7.401594514025998e-07
Epoch:99, Loss:2.111628004482814, Acc:44.444, LR:0.0
Validation: Loss:1.937552237510681, Acc:48.26
Best model updated!
Epoch:100, Loss:2.116130511371457, Acc:44.516, LR:7.401594514025999e-07
Epoch:101, Loss:2.106930681637355, Acc:44.744, LR:2.9599073575926615e-06
Epoch:102, Loss:2.112376407701142, Acc:44.52, LR:6.657053095380005e-06
Epoch:103, Loss:2.104373257987353, Acc:44.726, LR:1.1827948028283186e-05
Epoch:104, Loss:2.1141970413071767, Acc:44.406, LR:1.8467489107293344e-05
Validation: Loss:1.9397419452667237, Acc:48.3
Best model updated!
Epoch:105, Loss:2.1081340629227308, Acc:44.756, LR:2.6569123906967083e-05
Epoch:106, Loss:2.1082748198995787, Acc:44.78, LR:3.612485709187885e-05
Epoch:107, Loss:2.118402591773442, Acc:44.284, LR:4.712525830705322e-05
Epoch:108, Loss:2.1157105625892174, Acc:44.342, LR:5.955947148458523e-05
Epoch:109, Loss:2.1166968637583206, Acc:44.338, LR:7.341522555726953e-05
Validation: Loss:1.9465250492095947, Acc:47.91
Epoch:110, Loss:2.1121641287998276, Acc:44.842, LR:8.867884656866182e-05
Epoch:111, Loss:2.1213762699341285, Acc:44.472, LR:0.00010533527116762281
Epoch:112, Loss:2.129055374739121, Acc:44.176, LR:0.00012336806147402813
Epoch:113, Loss:2.1295905684938234, Acc:44.108, LR:0.00014275942130097046
Epoch:114, Loss:2.1346673576199278, Acc:44.168, LR:0.00016349021371744846
Validation: Loss:1.9565447211265563, Acc:47.86
Epoch:115, Loss:2.141924594129835, Acc:44.01, LR:0.00018553997993420474
Epoch:116, Loss:2.153953201916753, Acc:43.648, LR:0.00020888695949408448
Epoch:117, Loss:2.1429227773024113, Acc:43.734, LR:0.00023350811174697718
Epoch:118, Loss:2.1580427398487014, Acc:43.548, LR:0.00025937913858815686
Epoch:119, Loss:2.1717589120475616, Acc:43.188, LR:0.0002864745084375783
Validation: Loss:2.023547238111496, Acc:46.04
Epoch:120, Loss:2.1843703474317278, Acc:42.934, LR:0.00031476748143646446
Epoch:121, Loss:2.1866064266282685, Acc:42.804, LR:0.00034423013583631605
Epoch:122, Loss:2.1949789329450957, Acc:42.64, LR:0.00037483339555431037
Epoch:123, Loss:2.2100706027478587, Acc:42.316, LR:0.0004065470588678823
Epoch:124, Loss:2.208877750805446, Acc:42.414, LR:0.0004393398282201781
Validation: Loss:2.0532801032066343, Acc:45.63
Epoch:125, Loss:2.230264909413396, Acc:42.06, LR:0.000473179341106967
Epoch:126, Loss:2.2305321328494014, Acc:41.998, LR:0.000508032202014522
Epoch:127, Loss:2.2476909257927717, Acc:41.224, LR:0.0005438640153769657
Epoch:128, Loss:2.2539919906732986, Acc:41.438, LR:0.0005806394195205353
Epoch:129, Loss:2.271173523396862, Acc:40.926, LR:0.0006183221215612901
Validation: Loss:2.11224946975708, Acc:44.36
Epoch:130, Loss:2.2772865295410156, Acc:40.854, LR:0.0006568749332218037
Epoch:131, Loss:2.289689241623392, Acc:40.578, LR:0.0006962598075315056
Epoch:132, Loss:2.2950217577875875, Acc:40.47, LR:0.0007364378763744433
Epoch:133, Loss:2.309313029659038, Acc:40.1, LR:0.0007773694888474271
Epoch:134, Loss:2.3170802982486025, Acc:39.928, LR:0.0008190142503906795
Validation: Loss:2.202689695358276, Acc:41.87
Epoch:135, Loss:2.336927615866369, Acc:39.6, LR:0.0008613310626523916
Epoch:136, Loss:2.337518108134367, Acc:39.708, LR:0.0009042781640478295
Epoch:137, Loss:2.3408781265725893, Acc:39.156, LR:0.0009478131709729831
Epoch:138, Loss:2.3513356836474673, Acc:39.124, LR:0.0009918931196320627
Epoch:139, Loss:2.3632527638454826, Acc:39.006, LR:0.0010364745084375784
Validation: Loss:2.268292188644409, Acc:41.05
Epoch:140, Loss:2.374431841227473, Acc:38.788, LR:0.0010815133409411554
Epoch:141, Loss:2.388441007964465, Acc:38.436, LR:0.0011269651692527183
Epoch:142, Loss:2.3883527298362885, Acc:38.48, LR:0.0011727851379051864
Epoch:143, Loss:2.399154008651266, Acc:37.88, LR:0.001218928028121413
Epoch:144, Loss:2.4090398452719866, Acc:38.2, LR:0.0012653483024396533
Validation: Loss:2.255787897109985, Acc:40.91
Epoch:145, Loss:2.4106822354452953, Acc:37.856, LR:0.0013120001496535428
Epoch:146, Loss:2.4298087480116863, Acc:37.59, LR:0.0013588375300222287
Epoch:147, Loss:2.425122168599343, Acc:37.634, LR:0.0014058142207060296
Epoch:148, Loss:2.436748531399941, Acc:37.248, LR:0.001452883861382807
Epoch:149, Loss:2.444686697453869, Acc:37.206, LR:0.0014999999999999992
Validation: Loss:2.4445295691490174, Acc:37.99
Epoch:150, Loss:2.4642394416186275, Acc:36.76, LR:0.0015471161386171911
Epoch:151, Loss:2.4523994071143016, Acc:37.306, LR:0.0015941857792939687
Epoch:152, Loss:2.469407826053853, Acc:36.652, LR:0.0016411624699777712
Epoch:153, Loss:2.4706694690548643, Acc:36.486, LR:0.0016879998503464557
Epoch:154, Loss:2.4692284720284596, Acc:36.808, LR:0.0017346516975603455
Validation: Loss:2.3313849329948426, Acc:39.88
Epoch:155, Loss:2.4885174984834633, Acc:36.216, LR:0.001781071971878586
Epoch:156, Loss:2.4849089092137864, Acc:36.27, LR:0.0018272148620948126
Epoch:157, Loss:2.488268543262871, Acc:35.94, LR:0.001873034830747282
Epoch:158, Loss:2.505443748162717, Acc:35.972, LR:0.0019184866590588432
Epoch:159, Loss:2.5229705620785148, Acc:35.276, LR:0.0019635254915624204
Validation: Loss:2.318858730792999, Acc:39.86
Epoch:160, Loss:2.529419738419202, Acc:35.46, LR:0.002008106880367936
Epoch:161, Loss:2.53783938592794, Acc:35.298, LR:0.0020521868290270156
Epoch:162, Loss:2.5419083566081766, Acc:35.106, LR:0.002095721835952169
Epoch:163, Loss:2.5495150113592344, Acc:34.992, LR:0.002138668937347607
Epoch:164, Loss:2.5525318773425356, Acc:35.136, LR:0.0021809857496093176
Validation: Loss:2.450026607513428, Acc:37.41
Epoch:165, Loss:2.555950225615988, Acc:34.738, LR:0.0022226305111525727
Epoch:166, Loss:2.563317817084643, Acc:34.718, LR:0.0022635621236255566
Epoch:167, Loss:2.5670798530383987, Acc:34.676, LR:0.0023037401924684946
Epoch:168, Loss:2.5759085879033927, Acc:34.458, LR:0.002343125066778195
Epoch:169, Loss:2.5873607129466776, Acc:34.188, LR:0.0023816778784387085
Validation: Loss:2.3680471420288085, Acc:38.18
Epoch:170, Loss:2.5886759952623017, Acc:34.31, LR:0.0024193605804794633
Epoch:171, Loss:2.5909338994902007, Acc:34.244, LR:0.002456135984623033
Epoch:172, Loss:2.602062373745198, Acc:33.692, LR:0.002491967797985476
Epoch:173, Loss:2.6220850263323103, Acc:33.468, LR:0.0025268206588930308
Epoch:174, Loss:2.604801980816588, Acc:33.886, LR:0.002560660171779819
Validation: Loss:2.6627547264099123, Acc:33.04
Epoch:175, Loss:2.6160766226904735, Acc:33.524, LR:0.002593452941132116
Epoch:176, Loss:2.6175742733235263, Acc:33.596, LR:0.002625166604445688
Epoch:177, Loss:2.6254607195756874, Acc:33.144, LR:0.002655769864163683
Epoch:178, Loss:2.6265435364781595, Acc:33.434, LR:0.002685232518563534
Epoch:179, Loss:2.639472793559639, Acc:32.984, LR:0.00271352549156242
Validation: Loss:2.7079195618629455, Acc:31.71
Epoch:180, Loss:2.6381290494179237, Acc:33.156, LR:0.0027406208614118416
Epoch:181, Loss:2.6494196483067105, Acc:33.054, LR:0.0027664918882530217
Epoch:182, Loss:2.655388669091828, Acc:32.744, LR:0.0027911130405059146
Epoch:183, Loss:2.6549766112347037, Acc:32.942, LR:0.0028144600200657945
Epoch:184, Loss:2.659570638014346, Acc:32.736, LR:0.0028365097862825517
Validation: Loss:2.945736050605774, Acc:29.43
Epoch:185, Loss:2.6537961084015516, Acc:33.078, LR:0.0028572405786990293
Epoch:186, Loss:2.6722334209753544, Acc:32.572, LR:0.0028766319385259724
Epoch:187, Loss:2.6792489265909, Acc:32.42, LR:0.002894664728832377
Epoch:188, Loss:2.6756775865749436, Acc:32.036, LR:0.0029113211534313385
Epoch:189, Loss:2.679962445278557, Acc:32.306, LR:0.0029265847744427307
Validation: Loss:2.6143035292625427, Acc:34.3
Epoch:190, Loss:2.679252425018622, Acc:32.206, LR:0.0029404405285154145
Epoch:191, Loss:2.6815470262449614, Acc:32.056, LR:0.002952874741692947
Epoch:192, Loss:2.6806011175622744, Acc:32.184, LR:0.002963875142908121
Epoch:193, Loss:2.687413283756801, Acc:32.256, LR:0.0029734308760930336
Epoch:194, Loss:2.6991522750075982, Acc:31.956, LR:0.002981532510892707
Validation: Loss:2.692192482948303, Acc:32.25
Epoch:195, Loss:2.703445035584119, Acc:31.628, LR:0.0029881720519717167
Epoch:196, Loss:2.69336660784118, Acc:32.116, LR:0.00299334294690462
Epoch:197, Loss:2.7092266423361644, Acc:31.5, LR:0.002997040092642408
Epoch:198, Loss:2.6973033145982392, Acc:32.068, LR:0.002999259840548598
Epoch:199, Loss:2.6852096757110284, Acc:32.198, LR:0.003000000000000001
Validation: Loss:2.689700973033905, Acc:31.58
Epoch:200, Loss:2.706550162665698, Acc:31.402, LR:0.0029992598405485984
Epoch:201, Loss:2.6988031766852556, Acc:31.52, LR:0.0029970400926424084
Epoch:202, Loss:2.7168008891903623, Acc:31.306, LR:0.002993342946904621
Epoch:203, Loss:2.7004926204681396, Acc:31.754, LR:0.002988172051971718
Epoch:204, Loss:2.7035475142148075, Acc:31.55, LR:0.0029815325108927078
Validation: Loss:2.48983713388443, Acc:36.53
Epoch:205, Loss:2.701858878135681, Acc:31.72, LR:0.0029734308760930345
Epoch:206, Loss:2.716409267211447, Acc:31.768, LR:0.0029638751429081223
Epoch:207, Loss:2.7124951639953925, Acc:31.602, LR:0.002952874741692948
Epoch:208, Loss:2.695162595534811, Acc:31.81, LR:0.002940440528515416
Epoch:209, Loss:2.7149510237635397, Acc:31.71, LR:0.0029265847744427316
Validation: Loss:2.6814581155776978, Acc:32.29
Epoch:210, Loss:2.7036086053264383, Acc:31.782, LR:0.0029113211534313394
Epoch:211, Loss:2.7006529910223827, Acc:31.658, LR:0.002894664728832378
Epoch:212, Loss:2.7062186051388175, Acc:31.584, LR:0.0028766319385259724
Epoch:213, Loss:2.690851262637547, Acc:32.03, LR:0.00285724057869903
Epoch:214, Loss:2.6917044751498165, Acc:32.118, LR:0.002836509786282553
Validation: Loss:2.516822803020477, Acc:35.92
Epoch:215, Loss:2.695671256707639, Acc:31.884, LR:0.0028144600200657966
Epoch:216, Loss:2.697375268352275, Acc:31.986, LR:0.0027911130405059168
Epoch:217, Loss:2.687128385718988, Acc:32.114, LR:0.002766491888253024
Epoch:218, Loss:2.6947921344212125, Acc:31.76, LR:0.002740620861411843
Epoch:219, Loss:2.6823061120753384, Acc:32.008, LR:0.0027135254915624215
Validation: Loss:2.6093321084976195, Acc:33.94
Epoch:220, Loss:2.687678556053006, Acc:32.044, LR:0.0026852325185635355
Epoch:221, Loss:2.6712678014015663, Acc:32.394, LR:0.002655769864163684
Epoch:222, Loss:2.67544132836011, Acc:32.382, LR:0.0026251666044456896
Epoch:223, Loss:2.682483974768191, Acc:31.91, LR:0.0025934529411321175
Epoch:224, Loss:2.659303679758189, Acc:32.768, LR:0.0025606601717798215
Validation: Loss:2.4274444222450255, Acc:37.43
Epoch:225, Loss:2.661276722440914, Acc:32.358, LR:0.002526820658893034
Epoch:226, Loss:2.6505934973152314, Acc:32.944, LR:0.002491967797985479
Epoch:227, Loss:2.6586198685120563, Acc:32.548, LR:0.002456135984623036
Epoch:228, Loss:2.6456855730134614, Acc:33.014, LR:0.0024193605804794663
Epoch:229, Loss:2.6259616929657605, Acc:33.428, LR:0.0023816778784387094
Validation: Loss:2.474904215335846, Acc:35.97
Epoch:230, Loss:2.629722529528092, Acc:33.282, LR:0.0023431250667781955
Epoch:231, Loss:2.635426489674315, Acc:33.15, LR:0.0023037401924684946
Epoch:232, Loss:2.6248047254523454, Acc:33.332, LR:0.0022635621236255566
Epoch:233, Loss:2.6171934677630055, Acc:33.594, LR:0.0022226305111525727
Epoch:234, Loss:2.6109148336916554, Acc:33.624, LR:0.00218098574960932
Validation: Loss:2.411149966716766, Acc:37.24
Epoch:235, Loss:2.5998305860830815, Acc:33.798, LR:0.002138668937347609
Epoch:236, Loss:2.597535011719684, Acc:33.888, LR:0.0020957218359521712
Epoch:237, Loss:2.5804589646203175, Acc:34.33, LR:0.0020521868290270177
Epoch:238, Loss:2.5757028496995265, Acc:34.312, LR:0.0020081068803679382
Epoch:239, Loss:2.5588524536210664, Acc:34.722, LR:0.001963525491562423
Validation: Loss:2.471539866924286, Acc:36.81
Epoch:240, Loss:2.5744950236106408, Acc:34.678, LR:0.0019184866590588434
Epoch:241, Loss:2.5579890864236012, Acc:34.714, LR:0.001873034830747282
Epoch:242, Loss:2.5463084225751915, Acc:35.34, LR:0.001827214862094814
Epoch:243, Loss:2.5358028606492646, Acc:35.464, LR:0.0017810719718785873
Epoch:244, Loss:2.5368083861409403, Acc:35.41, LR:0.0017346516975603468
Validation: Loss:2.3365803480148317, Acc:39.22
Epoch:245, Loss:2.5277450011701, Acc:35.546, LR:0.001687999850346457
Epoch:246, Loss:2.5097844235751094, Acc:36.032, LR:0.0016411624699777725
Epoch:247, Loss:2.493392647529135, Acc:36.212, LR:0.0015941857792939713
Epoch:248, Loss:2.488605112445598, Acc:36.45, LR:0.0015471161386171942
Epoch:249, Loss:2.484440263436765, Acc:36.576, LR:0.0015000000000000018
Validation: Loss:2.2799745082855223, Acc:40.25
Epoch:250, Loss:2.4694648275569993, Acc:36.776, LR:0.001452883861382807
Epoch:251, Loss:2.4669069732938493, Acc:36.92, LR:0.0014058142207060296
Epoch:252, Loss:2.4511746581719844, Acc:37.192, LR:0.0013588375300222285
Epoch:253, Loss:2.4407946649862797, Acc:37.324, LR:0.0013120001496535437
Epoch:254, Loss:2.4299981594085693, Acc:37.626, LR:0.0012653483024396529
Validation: Loss:2.2528571009635927, Acc:41.14
Epoch:255, Loss:2.408873069043062, Acc:38.172, LR:0.0012189280281214125
Epoch:256, Loss:2.399033393178667, Acc:38.498, LR:0.001172785137905186
Epoch:257, Loss:2.3931819200515747, Acc:38.432, LR:0.0011269651692527177
Epoch:258, Loss:2.3758108080649865, Acc:38.746, LR:0.0010815133409411563
Epoch:259, Loss:2.3718697805793916, Acc:38.988, LR:0.0010364745084375793
Validation: Loss:2.158939778804779, Acc:42.72
Epoch:260, Loss:2.354544170048772, Acc:39.198, LR:0.0009918931196320636
Epoch:261, Loss:2.340859432609714, Acc:39.614, LR:0.0009478131709729841
Epoch:262, Loss:2.341820874992682, Acc:39.636, LR:0.0009042781640478278
Epoch:263, Loss:2.3303957204429473, Acc:39.798, LR:0.00086133106265239
Epoch:264, Loss:2.3065271280249773, Acc:40.362, LR:0.0008190142503906791
Validation: Loss:2.0995414733886717, Acc:44.78
Epoch:265, Loss:2.2995097418220674, Acc:40.278, LR:0.0007773694888474266
Epoch:266, Loss:2.2804241545346318, Acc:40.876, LR:0.0007364378763744429
Epoch:267, Loss:2.2639879937074623, Acc:41.174, LR:0.0006962598075315051
Epoch:268, Loss:2.2545207106337255, Acc:41.32, LR:0.0006568749332218043
Epoch:269, Loss:2.240929515994325, Acc:41.628, LR:0.0006183221215612907
Validation: Loss:2.0550862193107604, Acc:45.9
Epoch:270, Loss:2.234143541783703, Acc:41.94, LR:0.000580639419520536
Epoch:271, Loss:2.2074174832324593, Acc:42.61, LR:0.0005438640153769643
Epoch:272, Loss:2.2099066899747264, Acc:42.452, LR:0.0005080322020145212
Epoch:273, Loss:2.1915056973087546, Acc:42.956, LR:0.0004731793411069663
Epoch:274, Loss:2.1831265736599357, Acc:42.944, LR:0.0004393398282201782
Validation: Loss:1.9917209923267365, Acc:46.82
Epoch:275, Loss:2.167087408961082, Acc:43.45, LR:0.0004065470588678824
Epoch:276, Loss:2.1491041426755944, Acc:43.812, LR:0.0003748333955543105
Epoch:277, Loss:2.140398599663559, Acc:43.876, LR:0.00034423013583631616
Epoch:278, Loss:2.125778014562568, Acc:44.096, LR:0.00031476748143646456
Epoch:279, Loss:2.1123962572642734, Acc:44.546, LR:0.0002864745084375792
Validation: Loss:1.9433910548686981, Acc:48.36
Best model updated!
Epoch:280, Loss:2.102220760316265, Acc:44.724, LR:0.0002593791385881578
Epoch:281, Loss:2.087505802816274, Acc:45.11, LR:0.0002335081117469779
Epoch:282, Loss:2.0768259885359783, Acc:45.54, LR:0.0002088869594940839
Epoch:283, Loss:2.0743350751545964, Acc:45.666, LR:0.00018553997993420415
Epoch:284, Loss:2.064675968520495, Acc:45.758, LR:0.00016349021371744784
Validation: Loss:1.9209001779556274, Acc:48.98
Best model updated!
Epoch:285, Loss:2.045709506589539, Acc:46.418, LR:0.0001427594213009705
Epoch:286, Loss:2.03563455659516, Acc:46.478, LR:0.00012336806147402813
Epoch:287, Loss:2.0280218781257164, Acc:46.634, LR:0.00010533527116762281
Epoch:288, Loss:2.0169175838937563, Acc:46.84, LR:8.867884656866182e-05
Epoch:289, Loss:2.0158893064576753, Acc:46.832, LR:7.341522555726987e-05
Validation: Loss:1.8681240200996398, Acc:49.6
Best model updated!
Epoch:290, Loss:2.0003461278214747, Acc:47.386, LR:5.955947148458557e-05
Epoch:291, Loss:1.9962182653193572, Acc:47.24, LR:4.7125258307053556e-05
Epoch:292, Loss:1.992355345463266, Acc:47.554, LR:3.612485709187918e-05
Epoch:293, Loss:1.9846626082245185, Acc:47.748, LR:2.6569123906966755e-05
Epoch:294, Loss:1.9811105192924032, Acc:47.796, LR:1.8467489107293347e-05
Validation: Loss:1.8502912998199463, Acc:49.73
Best model updated!
Epoch:295, Loss:1.9776499332213888, Acc:47.634, LR:1.182794802828319e-05
Epoch:296, Loss:1.9755032439621127, Acc:47.65, LR:6.657053095380007e-06
Epoch:297, Loss:1.9763333006780974, Acc:47.606, LR:2.9599073575926623e-06
Epoch:298, Loss:1.9803495857180382, Acc:47.822, LR:7.401594514026002e-07
Epoch:299, Loss:1.9727770588835891, Acc:48.056, LR:0.0
Validation: Loss:1.8432127118110657, Acc:50.23
Best model updated!
Epoch:300, Loss:1.9648632090918872, Acc:47.804, LR:7.401594514025999e-07
Epoch:301, Loss:1.9692906348072752, Acc:47.972, LR:2.9599073575926615e-06
Epoch:302, Loss:1.9728552078714177, Acc:47.968, LR:6.657053095379839e-06
Epoch:303, Loss:1.969115927511332, Acc:48.154, LR:1.182794802828302e-05
Epoch:304, Loss:1.9729190772893477, Acc:47.776, LR:1.846748910729351e-05
Validation: Loss:1.8451984703540802, Acc:50.25
Best model updated!
Epoch:305, Loss:1.9695494320927833, Acc:47.926, LR:2.656912390696708e-05
Epoch:306, Loss:1.9736126381523755, Acc:47.804, LR:3.612485709187901e-05
Epoch:307, Loss:1.9764554196474504, Acc:47.548, LR:4.712525830705338e-05
Epoch:308, Loss:1.9776974709666506, Acc:47.446, LR:5.9559471484585223e-05
Epoch:309, Loss:1.981290351371376, Acc:47.988, LR:7.341522555726952e-05
Validation: Loss:1.8483379423618316, Acc:50.0
Epoch:310, Loss:1.987480493224397, Acc:47.344, LR:8.867884656866145e-05
Epoch:311, Loss:1.984438729529478, Acc:47.518, LR:0.00010533527116762243
Epoch:312, Loss:1.9929148299353463, Acc:47.442, LR:0.00012336806147402775
Epoch:313, Loss:1.9971661774479612, Acc:47.24, LR:0.00014275942130096992
Epoch:314, Loss:1.9920518751047096, Acc:47.424, LR:0.0001634902137174484
Validation: Loss:1.8757571160793305, Acc:49.49
Epoch:315, Loss:2.0105349032246336, Acc:46.85, LR:0.0001855399799342047
Epoch:316, Loss:2.01378386969469, Acc:46.904, LR:0.00020888695949408459
Epoch:317, Loss:2.0197924205235074, Acc:46.778, LR:0.00023350811174697726
Epoch:318, Loss:2.0339866913094813, Acc:46.264, LR:0.00025937913858815697
Epoch:319, Loss:2.032874415115434, Acc:46.278, LR:0.00028647450843757833
Validation: Loss:1.9202983856201172, Acc:48.99
Epoch:320, Loss:2.042565024628931, Acc:46.02, LR:0.0003147674814364637
Epoch:321, Loss:2.0560479395243587, Acc:46.01, LR:0.00034423013583631523
Epoch:322, Loss:2.0716659876765036, Acc:45.666, LR:0.00037483339555430956
Epoch:323, Loss:2.0793320378478692, Acc:45.416, LR:0.0004065470588678812
Epoch:324, Loss:2.0903528478680826, Acc:45.284, LR:0.00043933982822017703
Validation: Loss:1.95591681599617, Acc:47.81
Epoch:325, Loss:2.1061298628242646, Acc:44.51, LR:0.00047317934110696516
Epoch:326, Loss:2.111636327237499, Acc:44.806, LR:0.000508032202014522
Epoch:327, Loss:2.1258944869041443, Acc:44.536, LR:0.0005438640153769632
Epoch:328, Loss:2.1326621624888205, Acc:44.28, LR:0.0005806394195205346
Epoch:329, Loss:2.150064541369068, Acc:43.854, LR:0.0006183221215612872
Validation: Loss:2.0030867576599123, Acc:46.71
Epoch:330, Loss:2.162615739569372, Acc:43.57, LR:0.000656874933221803
Epoch:331, Loss:2.168692515820873, Acc:43.624, LR:0.0006962598075315059
Epoch:332, Loss:2.185436876452699, Acc:43.078, LR:0.0007364378763744414
Epoch:333, Loss:2.194186991574813, Acc:42.778, LR:0.0007773694888474274
Epoch:334, Loss:2.2077470677239552, Acc:42.404, LR:0.0008190142503906776
Validation: Loss:2.097165548801422, Acc:43.89
Epoch:335, Loss:2.2218971082142422, Acc:42.22, LR:0.0008613310626523909
Epoch:336, Loss:2.225640674026645, Acc:42.196, LR:0.0009042781640478263
Epoch:337, Loss:2.235258854165369, Acc:42.056, LR:0.0009478131709729822
Epoch:338, Loss:2.2477535033712583, Acc:41.722, LR:0.0009918931196320592
Epoch:339, Loss:2.255494142065243, Acc:41.384, LR:0.001036474508437577
Validation: Loss:2.1423023879528045, Acc:43.72
Epoch:340, Loss:2.285117944892572, Acc:40.806, LR:0.0010815133409411515
Epoch:341, Loss:2.2796138476352303, Acc:41.206, LR:0.0011269651692527157
Epoch:342, Loss:2.288257688892131, Acc:40.87, LR:0.0011727851379051864
Epoch:343, Loss:2.3107138628862343, Acc:40.05, LR:0.0012189280281214103
Epoch:344, Loss:2.316046481229821, Acc:40.262, LR:0.0012653483024396533
Validation: Loss:2.3413432836532593, Acc:40.52
Epoch:345, Loss:2.3211770106335075, Acc:39.908, LR:0.0013120001496535404
Epoch:346, Loss:2.3259579867732767, Acc:39.854, LR:0.0013588375300222276
Epoch:347, Loss:2.335101324684766, Acc:39.824, LR:0.001405814220706026
Epoch:348, Loss:2.347246848807043, Acc:39.614, LR:0.001452883861382806
Epoch:349, Loss:2.3574737529365386, Acc:39.314, LR:0.0014999999999999957
Validation: Loss:2.2787096977233885, Acc:40.83
Epoch:350, Loss:2.3699997395885233, Acc:38.914, LR:0.0015471161386171903
Epoch:351, Loss:2.3743339655350666, Acc:39.014, LR:0.0015941857792939678
Epoch:352, Loss:2.3860951759377302, Acc:38.636, LR:0.001641162469977769
Epoch:353, Loss:2.390746235847473, Acc:38.632, LR:0.0016879998503464561
Epoch:354, Loss:2.397159299071954, Acc:38.398, LR:0.0017346516975603433
Validation: Loss:2.24915030002594, Acc:40.78
Epoch:355, Loss:2.419874291030728, Acc:37.746, LR:0.0017810719718785862
Epoch:356, Loss:2.411353055311709, Acc:38.39, LR:0.0018272148620948104
Epoch:357, Loss:2.4223138848129584, Acc:37.8, LR:0.0018730348307472808
Epoch:358, Loss:2.4373828951193364, Acc:37.552, LR:0.0019184866590588397
Epoch:359, Loss:2.444703235918162, Acc:37.542, LR:0.0019635254915624195
Validation: Loss:2.3672786474227907, Acc:39.45
Epoch:360, Loss:2.4459540016797123, Acc:37.328, LR:0.002008106880367935
Epoch:361, Loss:2.4663838683342445, Acc:36.97, LR:0.002052186829027015
Epoch:362, Loss:2.461151196032154, Acc:37.204, LR:0.0020957218359521712
Epoch:363, Loss:2.467751254840773, Acc:37.038, LR:0.0021386689373476065
Epoch:364, Loss:2.475899112467863, Acc:36.718, LR:0.00218098574960932
Validation: Loss:2.3710122108459473, Acc:38.76
Epoch:365, Loss:2.4827795977495155, Acc:36.69, LR:0.00222263051115257
Epoch:366, Loss:2.4996527555037518, Acc:36.268, LR:0.002263562123625556
Epoch:367, Loss:2.5008065749187858, Acc:36.24, LR:0.0023037401924684915
Epoch:368, Loss:2.5258986147082583, Acc:35.412, LR:0.0023431250667781947
Epoch:369, Loss:2.5090265614645824, Acc:36.062, LR:0.0023816778784387085
Validation: Loss:2.283785307407379, Acc:40.3
Epoch:370, Loss:2.520684234950007, Acc:35.794, LR:0.0024193605804794633
Epoch:371, Loss:2.522770808667553, Acc:35.794, LR:0.0024561359846230328
Epoch:372, Loss:2.533249390368559, Acc:35.564, LR:0.0024919677979854758
Epoch:373, Loss:2.5456667700592353, Acc:35.468, LR:0.002526820658893033
Epoch:374, Loss:2.5607595322083454, Acc:35.042, LR:0.002560660171779819
Validation: Loss:2.3550421237945556, Acc:39.05
Epoch:375, Loss:2.554582632317835, Acc:35.132, LR:0.002593452941132117
Epoch:376, Loss:2.563863939168502, Acc:34.912, LR:0.0026251666044456866
Epoch:377, Loss:2.576799694372683, Acc:34.758, LR:0.0026557698641636826
Epoch:378, Loss:2.5735271317618236, Acc:34.604, LR:0.002685232518563534
Epoch:379, Loss:2.5764164973278434, Acc:34.674, LR:0.0027135254915624193
Validation: Loss:2.3690857887268066, Acc:38.7
Epoch:380, Loss:2.590886339849355, Acc:34.304, LR:0.002740620861411841
Epoch:381, Loss:2.5983766293039126, Acc:34.134, LR:0.0027664918882530213
Epoch:382, Loss:2.591405907455756, Acc:34.518, LR:0.002791113040505914
Epoch:383, Loss:2.6134388130538317, Acc:33.556, LR:0.002814460020065794
Epoch:384, Loss:2.611420935514022, Acc:33.924, LR:0.0028365097862825517
Validation: Loss:2.54660427570343, Acc:34.47
Epoch:385, Loss:2.6142141332431716, Acc:33.534, LR:0.002857240578699028
Epoch:386, Loss:2.6205381714567846, Acc:33.7, LR:0.002876631938525971
Epoch:387, Loss:2.6177030631474087, Acc:33.628, LR:0.0028946647288323767
Epoch:388, Loss:2.622023653010933, Acc:33.56, LR:0.0029113211534313376
Epoch:389, Loss:2.6336066795855153, Acc:33.466, LR:0.00292658477444273
Validation: Loss:2.5550771951675415, Acc:34.92
Epoch:390, Loss:2.63126662556006, Acc:33.34, LR:0.0029404405285154136
Epoch:391, Loss:2.637676572313114, Acc:33.29, LR:0.002952874741692946
Epoch:392, Loss:2.653847781979308, Acc:32.874, LR:0.00296387514290812
Epoch:393, Loss:2.642396311370694, Acc:33.284, LR:0.002973430876093032
Epoch:394, Loss:2.648208362715585, Acc:32.934, LR:0.002981532510892706
Validation: Loss:2.6720664620399477, Acc:33.27
Epoch:395, Loss:2.653371518971969, Acc:33.082, LR:0.0029881720519717163
Epoch:396, Loss:2.6487464223589217, Acc:33.048, LR:0.0029933429469046193
Epoch:397, Loss:2.667507324899946, Acc:32.676, LR:0.002997040092642407
Epoch:398, Loss:2.66413245152454, Acc:32.682, LR:0.002999259840548597
Epoch:399, Loss:2.6501524643022187, Acc:32.936, LR:0.003
Validation: Loss:2.6295727372169493, Acc:33.62
Epoch:400, Loss:2.6509419752627004, Acc:33.058, LR:0.0029992598405485975
Epoch:401, Loss:2.670204520225525, Acc:32.54, LR:0.002997040092642408
Epoch:402, Loss:2.665029046486835, Acc:32.512, LR:0.00299334294690462
Epoch:403, Loss:2.6735551357269287, Acc:32.864, LR:0.002988172051971717
Epoch:404, Loss:2.65896805695125, Acc:33.208, LR:0.0029815325108927073
Validation: Loss:2.472809100151062, Acc:36.49
Epoch:405, Loss:2.669913369782117, Acc:32.706, LR:0.002973430876093033
Epoch:406, Loss:2.670073932530929, Acc:32.638, LR:0.0029638751429081215
Epoch:407, Loss:2.674502662249974, Acc:32.256, LR:0.002952874741692947
Epoch:408, Loss:2.6822896757904364, Acc:32.412, LR:0.0029404405285154154
Epoch:409, Loss:2.6552379520571963, Acc:32.918, LR:0.0029265847744427307
Validation: Loss:2.5032479763031006, Acc:36.38
Epoch:410, Loss:2.6687746510213737, Acc:32.646, LR:0.0029113211534313385
Epoch:411, Loss:2.655038541677047, Acc:32.87, LR:0.002894664728832378
Epoch:412, Loss:2.6680548264055837, Acc:32.324, LR:0.0028766319385259724
Epoch:413, Loss:2.663429690867054, Acc:32.646, LR:0.00285724057869903
Epoch:414, Loss:2.6529662049546534, Acc:32.956, LR:0.0028365097862825517
Validation: Loss:2.6723791480064394, Acc:32.38
Epoch:415, Loss:2.667137323593607, Acc:32.646, LR:0.0028144600200657953
Epoch:416, Loss:2.668442178745659, Acc:32.472, LR:0.002791113040505916
Epoch:417, Loss:2.6482013950542527, Acc:32.966, LR:0.0027664918882530235
Epoch:418, Loss:2.6603549086317724, Acc:32.994, LR:0.002740620861411844
Epoch:419, Loss:2.6460016722581825, Acc:33.092, LR:0.002713525491562422
Validation: Loss:2.5194673776626586, Acc:35.02
Epoch:420, Loss:2.6553942257044265, Acc:33.158, LR:0.0026852325185635364
Epoch:421, Loss:2.6333555396722286, Acc:33.332, LR:0.002655769864163685
Epoch:422, Loss:2.6369228241394977, Acc:33.024, LR:0.0026251666044456905
Epoch:423, Loss:2.6372195871508852, Acc:33.182, LR:0.0025934529411321167
Epoch:424, Loss:2.6288337269607855, Acc:33.42, LR:0.0025606601717798228
Validation: Loss:2.6417665004730226, Acc:33.44
Epoch:425, Loss:2.638268485361216, Acc:33.158, LR:0.0025268206588930325
Epoch:426, Loss:2.6224954979760304, Acc:33.9, LR:0.0024919677979854775
Epoch:427, Loss:2.6239703601720383, Acc:33.642, LR:0.0024561359846230345
Epoch:428, Loss:2.6089763130460466, Acc:33.976, LR:0.002419360580479465
Epoch:429, Loss:2.6082964503035253, Acc:33.676, LR:0.0023816778784387102
Validation: Loss:2.4201361775398254, Acc:36.38
Epoch:430, Loss:2.597306957050246, Acc:33.886, LR:0.002343125066778197
Epoch:431, Loss:2.603038408318344, Acc:34.042, LR:0.002303740192468496
Epoch:432, Loss:2.586888498189498, Acc:34.172, LR:0.0022635621236255558
Epoch:433, Loss:2.5903060071322384, Acc:34.458, LR:0.002222630511152574
Epoch:434, Loss:2.569937058857509, Acc:34.522, LR:0.0021809857496093194
Validation: Loss:2.414369547367096, Acc:37.49
Epoch:435, Loss:2.578020611587836, Acc:34.374, LR:0.002138668937347611
Epoch:436, Loss:2.5667247626246237, Acc:34.816, LR:0.0020957218359521704
Epoch:437, Loss:2.5580877722526085, Acc:35.14, LR:0.002052186829027017
Epoch:438, Loss:2.542447464806693, Acc:35.264, LR:0.002008106880367937
Epoch:439, Loss:2.541504439042539, Acc:35.408, LR:0.0019635254915624217
Validation: Loss:2.429514932632446, Acc:37.44
Epoch:440, Loss:2.53619515409275, Acc:35.314, LR:0.0019184866590588445
Epoch:441, Loss:2.521072195500744, Acc:35.57, LR:0.0018730348307472806
Epoch:442, Loss:2.515057293736205, Acc:35.638, LR:0.001827214862094815
Epoch:443, Loss:2.502425711982104, Acc:36.04, LR:0.0017810719718785858
Epoch:444, Loss:2.4898384420239195, Acc:36.512, LR:0.001734651697560348
Validation: Loss:2.379983603954315, Acc:38.92
Epoch:445, Loss:2.4862090130241548, Acc:36.378, LR:0.0016879998503464557
Epoch:446, Loss:2.482671328953334, Acc:36.806, LR:0.0016411624699777738
Epoch:447, Loss:2.4678678147646846, Acc:37.084, LR:0.0015941857792939698
Epoch:448, Loss:2.4676405021122525, Acc:36.768, LR:0.0015471161386171927
Epoch:449, Loss:2.452262970865989, Acc:37.366, LR:0.0015000000000000002
Validation: Loss:2.3454039454460145, Acc:39.17
Epoch:450, Loss:2.4502035744336186, Acc:37.278, LR:0.0014528838613828057
Epoch:451, Loss:2.4304225055538877, Acc:37.66, LR:0.0014058142207060307
Epoch:452, Loss:2.4256563624557184, Acc:37.93, LR:0.001358837530022227
Epoch:453, Loss:2.410713804011442, Acc:38.186, LR:0.001312000149653545
Epoch:454, Loss:2.3989804642541066, Acc:38.29, LR:0.0012653483024396527
Validation: Loss:2.26408965587616, Acc:41.23
Epoch:455, Loss:2.3927869894066633, Acc:38.434, LR:0.001218928028121415
Epoch:456, Loss:2.3822354613518226, Acc:38.66, LR:0.0011727851379051857
Epoch:457, Loss:2.3607262348642153, Acc:39.014, LR:0.0011269651692527203
Epoch:458, Loss:2.3611117771693637, Acc:39.254, LR:0.001081513340941156
Epoch:459, Loss:2.340118953159877, Acc:39.554, LR:0.0010364745084375767
Validation: Loss:2.215198427438736, Acc:42.37
Epoch:460, Loss:2.3352448356394864, Acc:39.816, LR:0.0009918931196320634
Epoch:461, Loss:2.3259284277351533, Acc:40.222, LR:0.0009478131709729813
Epoch:462, Loss:2.3066635667061317, Acc:40.618, LR:0.00090427816404783
Epoch:463, Loss:2.299091168812343, Acc:40.512, LR:0.0008613310626523898
Epoch:464, Loss:2.273663795724207, Acc:41.086, LR:0.0008190142503906813
Validation: Loss:2.125054359436035, Acc:43.4
Epoch:465, Loss:2.276271357828257, Acc:41.382, LR:0.0007773694888474264
Epoch:466, Loss:2.254126896663588, Acc:41.608, LR:0.0007364378763744449
Epoch:467, Loss:2.2397393888356736, Acc:41.908, LR:0.0006962598075315048
Epoch:468, Loss:2.2304376680023816, Acc:42.25, LR:0.0006568749332218063
Epoch:469, Loss:2.21477785645699, Acc:42.4, LR:0.0006183221215612905
Validation: Loss:2.052463895082474, Acc:45.68
Epoch:470, Loss:2.2022943618346233, Acc:42.72, LR:0.0005806394195205336
Epoch:471, Loss:2.194597621353305, Acc:42.738, LR:0.0005438640153769661
Epoch:472, Loss:2.1746895629532483, Acc:43.674, LR:0.0005080322020145211
Epoch:473, Loss:2.1607155361954047, Acc:43.734, LR:0.00047317934110696803
Epoch:474, Loss:2.139810236132875, Acc:44.162, LR:0.000439339828220178
Validation: Loss:1.9805417358875275, Acc:46.9
Epoch:475, Loss:2.1398724633820203, Acc:44.046, LR:0.00040654705886788403
Epoch:476, Loss:2.1193054342756468, Acc:44.51, LR:0.0003748333955543105
Epoch:477, Loss:2.100712953781595, Acc:44.838, LR:0.00034423013583631784
Epoch:478, Loss:2.095794855331888, Acc:45.032, LR:0.0003147674814364646
Epoch:479, Loss:2.076903590134212, Acc:45.574, LR:0.00028647450843758077
Validation: Loss:1.9340188026428222, Acc:47.88
Epoch:480, Loss:2.0704685814526615, Acc:45.528, LR:0.0002593791385881577
Epoch:481, Loss:2.0587799111191107, Acc:45.916, LR:0.00023350811174697656
Epoch:482, Loss:2.0406080764167163, Acc:46.44, LR:0.00020888695949408524
Epoch:483, Loss:2.0392686396229025, Acc:46.48, LR:0.00018553997993420418
Epoch:484, Loss:2.022493069269219, Acc:46.644, LR:0.00016349021371744906
Validation: Loss:1.8960649073123932, Acc:48.52
Epoch:485, Loss:2.012240828300009, Acc:47.044, LR:0.00014275942130097057
Epoch:486, Loss:2.003645348305605, Acc:46.984, LR:0.0001233680614740294
Epoch:487, Loss:1.9943668550374556, Acc:47.418, LR:0.00010533527116762294
Epoch:488, Loss:1.9886351811642549, Acc:47.652, LR:8.867884656866294e-05
Epoch:489, Loss:1.9840599347134025, Acc:47.56, LR:7.341522555726983e-05
Validation: Loss:1.8521580934524535, Acc:49.69
Epoch:490, Loss:1.972090558129914, Acc:47.738, LR:5.955947148458487e-05
Epoch:491, Loss:1.9598337764642677, Acc:48.204, LR:4.71252583070537e-05
Epoch:492, Loss:1.9619241527148656, Acc:48.108, LR:3.6124857091878666e-05
Epoch:493, Loss:1.953725807520808, Acc:48.034, LR:2.6569123906967405e-05
Epoch:494, Loss:1.9484548142978124, Acc:48.264, LR:1.8467489107293337e-05
Validation: Loss:1.8324513852596283, Acc:50.2
Epoch:495, Loss:1.941996697260409, Acc:48.61, LR:1.1827948028283515e-05
Epoch:496, Loss:1.9448468527015375, Acc:48.73, LR:6.6570530953800035e-06
Epoch:497, Loss:1.9423124875341142, Acc:48.97, LR:2.9599073575928275e-06
Epoch:498, Loss:1.9332687842602632, Acc:48.93, LR:7.401594514027663e-07
Epoch:499, Loss:1.9345907824380058, Acc:48.856, LR:0.0
Validation: Loss:1.831043976545334, Acc:50.15
Epoch:500, Loss:1.9346898879323686, Acc:48.642, LR:7.401594514025999e-07
Epoch:501, Loss:1.9412562470046841, Acc:48.602, LR:2.9599073575926615e-06
Epoch:502, Loss:1.938842236995697, Acc:48.752, LR:6.657053095379839e-06
Epoch:503, Loss:1.9393634698828872, Acc:48.608, LR:1.1827948028283354e-05
Epoch:504, Loss:1.9341304338708216, Acc:48.592, LR:1.8467489107293012e-05
Validation: Loss:1.8303240537643433, Acc:50.15
Epoch:505, Loss:1.9448265530625168, Acc:48.384, LR:2.6569123906967087e-05
Epoch:506, Loss:1.9532552908877938, Acc:48.516, LR:3.6124857091878354e-05
Epoch:507, Loss:1.9420754520260557, Acc:48.894, LR:4.712525830705323e-05
Epoch:508, Loss:1.9493399821982091, Acc:48.596, LR:5.955947148458442e-05
Epoch:509, Loss:1.9478839903461689, Acc:48.408, LR:7.341522555727022e-05
Validation: Loss:1.8317815005779265, Acc:49.94
Epoch:510, Loss:1.9496499616272596, Acc:48.42, LR:8.867884656866134e-05
Epoch:511, Loss:1.9542094724518912, Acc:48.13, LR:0.00010533527116762334
Epoch:512, Loss:1.9686829605881049, Acc:47.746, LR:0.00012336806147402767
Epoch:513, Loss:1.9648185396681026, Acc:47.89, LR:0.000142759421300971
Epoch:514, Loss:1.9618858488238589, Acc:48.062, LR:0.0001634902137174472
Validation: Loss:1.8558446407318114, Acc:49.24
Epoch:515, Loss:1.9795786093692391, Acc:47.46, LR:0.0001855399799342047
Epoch:516, Loss:1.9861439624611212, Acc:47.356, LR:0.00020888695949408594
Epoch:517, Loss:1.9957746790379893, Acc:47.384, LR:0.00023350811174697731
Epoch:518, Loss:2.009579378731397, Acc:47.136, LR:0.00025937913858815854
Epoch:519, Loss:1.9986901064308322, Acc:47.586, LR:0.00028647450843757844
Validation: Loss:1.9022609531879424, Acc:48.7
Epoch:520, Loss:2.014520842201856, Acc:46.832, LR:0.0003147674814364655
Epoch:521, Loss:2.0312922913201, Acc:46.488, LR:0.00034423013583631523
Epoch:522, Loss:2.0352192460274208, Acc:46.526, LR:0.0003748333955543114
Epoch:523, Loss:2.0428665620940074, Acc:46.286, LR:0.0004065470588678815
Epoch:524, Loss:2.0666431079105454, Acc:45.838, LR:0.0004393398282201791
Validation: Loss:2.0122013628482818, Acc:46.59
Epoch:525, Loss:2.0791993737220764, Acc:45.542, LR:0.0004731793411069692
Epoch:526, Loss:2.0850608689444408, Acc:45.354, LR:0.0005080322020145222
Epoch:527, Loss:2.103841740257886, Acc:44.754, LR:0.0005438640153769673
Epoch:528, Loss:2.1117412837184206, Acc:44.838, LR:0.0005806394195205348
Epoch:529, Loss:2.1277786432480323, Acc:44.548, LR:0.0006183221215612918
Validation: Loss:2.0347957789897917, Acc:45.82
Epoch:530, Loss:2.142753938022925, Acc:44.22, LR:0.0006568749332218033
Epoch:531, Loss:2.1419388299085655, Acc:44.01, LR:0.0006962598075315063
Epoch:532, Loss:2.16099374634879, Acc:43.53, LR:0.0007364378763744417
Epoch:533, Loss:2.1625090630687014, Acc:43.522, LR:0.0007773694888474277
Epoch:534, Loss:2.184511128737002, Acc:42.862, LR:0.0008190142503906827
Validation: Loss:2.0443075954914094, Acc:45.7
Epoch:535, Loss:2.201416027789213, Acc:42.808, LR:0.0008613310626523911
Epoch:536, Loss:2.193342795177382, Acc:42.792, LR:0.0009042781640478313
Epoch:537, Loss:2.218308996181099, Acc:42.466, LR:0.0009478131709729827
Epoch:538, Loss:2.2254113688760873, Acc:42.264, LR:0.0009918931196320649
Epoch:539, Loss:2.238106897899083, Acc:42.066, LR:0.001036474508437578
Validation: Loss:2.1049714148044587, Acc:44.46
Epoch:540, Loss:2.2567808822709687, Acc:41.926, LR:0.0010815133409411578
Epoch:541, Loss:2.253896557554907, Acc:41.73, LR:0.0011269651692527166
Epoch:542, Loss:2.262894036818524, Acc:41.288, LR:0.0011727851379051872
Epoch:543, Loss:2.2862121183045057, Acc:40.926, LR:0.0012189280281214166
Epoch:544, Loss:2.292214194122626, Acc:40.738, LR:0.0012653483024396544
Validation: Loss:2.174474173784256, Acc:43.18
Epoch:545, Loss:2.3042629713914833, Acc:40.666, LR:0.0013120001496535465
Epoch:546, Loss:2.3112636634281705, Acc:40.444, LR:0.0013588375300222287
Epoch:547, Loss:2.308325173903485, Acc:40.502, LR:0.0014058142207060325
Epoch:548, Loss:2.3417582244289163, Acc:39.652, LR:0.0014528838613828072
Epoch:549, Loss:2.3286056056314584, Acc:39.908, LR:0.001500000000000002
Validation: Loss:2.21337149143219, Acc:41.66
Epoch:550, Loss:2.3423824042690042, Acc:39.744, LR:0.0015471161386171916
Epoch:551, Loss:2.3543343422364216, Acc:39.304, LR:0.0015941857792939717
Epoch:552, Loss:2.3575664953309663, Acc:39.52, LR:0.0016411624699777705
Epoch:553, Loss:2.3688569117565543, Acc:38.89, LR:0.0016879998503464577
Epoch:554, Loss:2.3838555739850413, Acc:38.644, LR:0.00173465169756035
Validation: Loss:2.3037935853004456, Acc:40.43
Epoch:555, Loss:2.384920042388293, Acc:38.774, LR:0.0017810719718785875
Epoch:556, Loss:2.3963932480130876, Acc:38.582, LR:0.0018272148620948165
Epoch:557, Loss:2.4073241024601217, Acc:38.1, LR:0.0018730348307472821
Epoch:558, Loss:2.411964092935835, Acc:38.144, LR:0.0019184866590588464
Epoch:559, Loss:2.4165901213276144, Acc:38.124, LR:0.001963525491562421
Validation: Loss:2.2273368358612062, Acc:41.81
Epoch:560, Loss:2.437227891415966, Acc:37.538, LR:0.002008106880367939
Epoch:561, Loss:2.4286302571394005, Acc:37.588, LR:0.0020521868290270164
Epoch:562, Loss:2.4583098742426657, Acc:37.272, LR:0.0020957218359521725
Epoch:563, Loss:2.4662522345173117, Acc:37.074, LR:0.002138668937347608
Epoch:564, Loss:2.469118361570397, Acc:37.162, LR:0.0021809857496093215
Validation: Loss:2.295379650592804, Acc:40.28
Epoch:565, Loss:2.4654039412128683, Acc:36.866, LR:0.002222630511152576
Epoch:566, Loss:2.4673071783416125, Acc:37.08, LR:0.0022635621236255584
Epoch:567, Loss:2.4846373942433573, Acc:36.466, LR:0.0023037401924684985
Epoch:568, Loss:2.492863798628048, Acc:36.072, LR:0.002343125066778197
Epoch:569, Loss:2.491124549690558, Acc:36.162, LR:0.002381677878438713
Validation: Loss:2.3188846111297607, Acc:39.64
Epoch:570, Loss:2.5106367286370723, Acc:35.934, LR:0.0024193605804794655
Epoch:571, Loss:2.5188238839713897, Acc:35.762, LR:0.0024561359846230375
Epoch:572, Loss:2.519399015270934, Acc:35.76, LR:0.0024919677979854784
Epoch:573, Loss:2.527628723455935, Acc:35.726, LR:0.0025268206588930356
Epoch:574, Loss:2.536547145064996, Acc:35.368, LR:0.0025606601717798215
Validation: Loss:2.387092316150665, Acc:38.39
Epoch:575, Loss:2.5350054137560787, Acc:35.416, LR:0.0025934529411321197
Epoch:576, Loss:2.5465407201222012, Acc:35.236, LR:0.002625166604445693
Epoch:577, Loss:2.5400515624455045, Acc:35.448, LR:0.002655769864163686
Epoch:578, Loss:2.5622926269258772, Acc:35.02, LR:0.002685232518563539
Epoch:579, Loss:2.5550546694775016, Acc:34.954, LR:0.0027135254915624228
Validation: Loss:2.62046879529953, Acc:33.63
Epoch:580, Loss:2.576997516106586, Acc:34.33, LR:0.0027406208614118455
Epoch:581, Loss:2.5700087401331686, Acc:35.11, LR:0.002766491888253024
Epoch:582, Loss:2.570275192358056, Acc:34.854, LR:0.0027911130405059176
Epoch:583, Loss:2.5834603212317644, Acc:34.204, LR:0.002814460020065796
Epoch:584, Loss:2.58700785588245, Acc:34.478, LR:0.0028365097862825535
Validation: Loss:2.3762934803962708, Acc:38.26
Epoch:585, Loss:2.5913921278350207, Acc:34.522, LR:0.0028572405786990297
Epoch:586, Loss:2.596839148171094, Acc:34.192, LR:0.0028766319385259732
Epoch:587, Loss:2.6125966140202115, Acc:34.074, LR:0.0028946647288323793
Epoch:588, Loss:2.6087085057278068, Acc:34.042, LR:0.0029113211534313394
Epoch:589, Loss:2.6129399635353865, Acc:33.778, LR:0.0029265847744427325
Validation: Loss:2.652864384651184, Acc:32.9
Epoch:590, Loss:2.613964231646791, Acc:33.804, LR:0.002940440528515416
Epoch:591, Loss:2.626139964376177, Acc:33.672, LR:0.0029528747416929482
Epoch:592, Loss:2.637821742466518, Acc:33.43, LR:0.002963875142908122
Epoch:593, Loss:2.6109135953747495, Acc:33.71, LR:0.0029734308760930345
Epoch:594, Loss:2.640774904465189, Acc:33.412, LR:0.0029815325108927073
Validation: Loss:2.5206611156463623, Acc:35.29
Epoch:595, Loss:2.6429635724242853, Acc:33.186, LR:0.0029881720519717185
Epoch:596, Loss:2.629158601468923, Acc:33.5, LR:0.0029933429469046215
Epoch:597, Loss:2.6306380203792026, Acc:33.524, LR:0.0029970400926424092
Epoch:598, Loss:2.6322876604235903, Acc:33.198, LR:0.0029992598405485993
Epoch:599, Loss:2.6430888248949636, Acc:33.424, LR:0.0030000000000000022
Validation: Loss:2.4110413432121276, Acc:37.37
Epoch:600, Loss:2.644768768427323, Acc:32.892, LR:0.0029992598405485993
Epoch:601, Loss:2.6443396417462095, Acc:33.334, LR:0.00299704009264241
Epoch:602, Loss:2.645353660291555, Acc:33.316, LR:0.0029933429469046224
Epoch:603, Loss:2.659191233771188, Acc:33.004, LR:0.0029881720519717193
Epoch:604, Loss:2.6370334260317745, Acc:33.488, LR:0.002981532510892709
Validation: Loss:2.661231529712677, Acc:34.01
Epoch:605, Loss:2.652276929543943, Acc:33.192, LR:0.002973430876093036
Epoch:606, Loss:2.648129083672348, Acc:33.188, LR:0.002963875142908123
Epoch:607, Loss:2.6440311670303345, Acc:33.036, LR:0.002952874741692949
Epoch:608, Loss:2.6506205578239594, Acc:33.164, LR:0.002940440528515417
Epoch:609, Loss:2.643632528733234, Acc:33.294, LR:0.0029265847744427316
Validation: Loss:2.594356870651245, Acc:35.0
Epoch:610, Loss:2.635249067325981, Acc:33.044, LR:0.0029113211534313407
Epoch:611, Loss:2.6609782637382042, Acc:32.688, LR:0.002894664728832379
Epoch:612, Loss:2.6558332443237305, Acc:32.872, LR:0.002876631938525975
Epoch:613, Loss:2.6512479149565404, Acc:32.97, LR:0.0028572405786990314
Epoch:614, Loss:2.6534828507170385, Acc:32.99, LR:0.0028365097862825556
Validation: Loss:2.5207096457481386, Acc:35.47
Epoch:615, Loss:2.643943643083378, Acc:33.054, LR:0.002814460020065798
Epoch:616, Loss:2.6483606027097117, Acc:33.03, LR:0.0027911130405059194
Epoch:617, Loss:2.6340712138584683, Acc:33.46, LR:0.0027664918882530256
Epoch:618, Loss:2.6289612541393357, Acc:33.564, LR:0.0027406208614118447
Epoch:619, Loss:2.6404727551401876, Acc:33.252, LR:0.0027135254915624245
Validation: Loss:2.4358653664588927, Acc:37.46
Epoch:620, Loss:2.6336043124296227, Acc:33.468, LR:0.0026852325185635372
Epoch:621, Loss:2.6241328181052697, Acc:33.536, LR:0.0026557698641636873
Epoch:622, Loss:2.6338348267029743, Acc:33.24, LR:0.002625166604445691
Epoch:623, Loss:2.618383122950184, Acc:33.674, LR:0.0025934529411321215
Epoch:624, Loss:2.622146414250744, Acc:33.648, LR:0.0025606601717798236
Validation: Loss:2.3532179474830626, Acc:39.11
Epoch:625, Loss:2.6142063116540712, Acc:33.776, LR:0.0025268206588930377
Epoch:626, Loss:2.6050881828580583, Acc:33.914, LR:0.002491967797985481
Epoch:627, Loss:2.608845131737845, Acc:34.022, LR:0.00245613598462304
Epoch:628, Loss:2.6063380484678307, Acc:34.056, LR:0.0024193605804794685
Epoch:629, Loss:2.5998877530195275, Acc:34.028, LR:0.0023816778784387115
Validation: Loss:2.4266624093055724, Acc:37.1
Epoch:630, Loss:2.5968377784806855, Acc:33.918, LR:0.0023431250667782
Epoch:631, Loss:2.589021728963268, Acc:34.486, LR:0.002303740192468497
Epoch:632, Loss:2.581101711915464, Acc:34.552, LR:0.0022635621236255614
Epoch:633, Loss:2.5743908736170553, Acc:34.182, LR:0.0022226305111525753
Epoch:634, Loss:2.5607459301851234, Acc:34.998, LR:0.0021809857496093254
Validation: Loss:2.454230308532715, Acc:36.85
Epoch:635, Loss:2.558420487812587, Acc:35.01, LR:0.002138668937347612
Epoch:636, Loss:2.5483244754830183, Acc:35.052, LR:0.002095721835952177
Epoch:637, Loss:2.5487250235615946, Acc:35.154, LR:0.0020521868290270208
Epoch:638, Loss:2.533258236184412, Acc:35.562, LR:0.0020081068803679434
Epoch:639, Loss:2.5316850384887384, Acc:35.508, LR:0.001963525491562425
Validation: Loss:2.3550010561943053, Acc:39.39
Epoch:640, Loss:2.5163591540589625, Acc:35.812, LR:0.0019184866590588455
Epoch:641, Loss:2.503582518927905, Acc:36.222, LR:0.0018730348307472867
Epoch:642, Loss:2.502138609788856, Acc:36.498, LR:0.0018272148620948159
Epoch:643, Loss:2.4890122413635254, Acc:36.472, LR:0.0017810719718785919
Epoch:644, Loss:2.4998598706965542, Acc:36.102, LR:0.0017346516975603487
Validation: Loss:2.3197174429893495, Acc:39.41
Epoch:645, Loss:2.478551239383464, Acc:36.544, LR:0.0016879998503464616
Epoch:646, Loss:2.469180498804365, Acc:36.988, LR:0.0016411624699777742
Epoch:647, Loss:2.456519141489146, Acc:36.92, LR:0.0015941857792939758
Epoch:648, Loss:2.4437121761088467, Acc:37.51, LR:0.0015471161386171957
Epoch:649, Loss:2.426765957657172, Acc:37.636, LR:0.0015000000000000063
Validation: Loss:2.2220935821533203, Acc:41.27
Epoch:650, Loss:2.4252660079878203, Acc:37.814, LR:0.0014528838613828113
Epoch:651, Loss:2.41671068814336, Acc:38.024, LR:0.0014058142207060364
Epoch:652, Loss:2.415570149616319, Acc:38.044, LR:0.0013588375300222272
Epoch:653, Loss:2.400433759300076, Acc:38.436, LR:0.0013120001496535452
Epoch:654, Loss:2.3843038325407067, Acc:38.714, LR:0.001265348302439658
Validation: Loss:2.1757917582988737, Acc:43.03
Epoch:655, Loss:2.3714689356940135, Acc:38.824, LR:0.00121892802812142
Epoch:656, Loss:2.365897850114472, Acc:39.054, LR:0.0011727851379051855
Epoch:657, Loss:2.346723437309265, Acc:39.43, LR:0.0011269651692527199
Epoch:658, Loss:2.34565147575067, Acc:39.858, LR:0.001081513340941161
Epoch:659, Loss:2.327091328951777, Acc:40.056, LR:0.0010364745084375866
Validation: Loss:2.146923178434372, Acc:43.31
Epoch:660, Loss:2.3088447804353676, Acc:40.434, LR:0.0009918931196320631
Epoch:661, Loss:2.305556693855597, Acc:40.356, LR:0.0009478131709729861
Epoch:662, Loss:2.283647503171648, Acc:40.916, LR:0.0009042781640478347
Epoch:663, Loss:2.2776287964412143, Acc:41.054, LR:0.0008613310626523896
Epoch:664, Loss:2.2587034775286305, Acc:41.49, LR:0.0008190142503906809
Validation: Loss:2.093964123725891, Acc:44.77
Epoch:665, Loss:2.255148568931891, Acc:41.614, LR:0.0007773694888474307
Epoch:666, Loss:2.2389929464885165, Acc:41.9, LR:0.0007364378763744492
Epoch:667, Loss:2.2166517048465963, Acc:42.45, LR:0.0006962598075315045
Epoch:668, Loss:2.2182896502163945, Acc:42.186, LR:0.000656874933221806
Epoch:669, Loss:2.2052494311819273, Acc:42.416, LR:0.0006183221215612945
Validation: Loss:2.042790484428406, Acc:45.75
Epoch:670, Loss:2.1913780582194424, Acc:42.89, LR:0.0005806394195205416
Epoch:671, Loss:2.1662760778349273, Acc:43.642, LR:0.0005438640153769657
Epoch:672, Loss:2.156199325104149, Acc:43.496, LR:0.0005080322020145246
Epoch:673, Loss:2.143146676676614, Acc:44.076, LR:0.0004731793411069714
Epoch:674, Loss:2.1349856464230283, Acc:44.186, LR:0.00043933982822017757
Validation: Loss:1.9308770895004272, Acc:48.04
Epoch:675, Loss:2.1083745786121915, Acc:44.622, LR:0.00040654705886788355
Epoch:676, Loss:2.102007576397487, Acc:44.844, LR:0.00037483339555431346
Epoch:677, Loss:2.1042423941651167, Acc:45.04, LR:0.0003442301358363206
Epoch:678, Loss:2.0822280803505255, Acc:45.39, LR:0.00031476748143646397
Epoch:679, Loss:2.064712957460053, Acc:45.568, LR:0.0002864745084375802
Validation: Loss:1.9041861951351167, Acc:48.41
Epoch:680, Loss:2.0598693721148433, Acc:45.57, LR:0.00025937913858816006
Epoch:681, Loss:2.037030974212958, Acc:46.578, LR:0.00023350811174698165
Epoch:682, Loss:2.0317921966922525, Acc:46.366, LR:0.00020888695949408459
Epoch:683, Loss:2.0191876644990883, Acc:46.944, LR:0.00018553997993420613
Epoch:684, Loss:2.0154657534190585, Acc:47.144, LR:0.00016349021371745093
Validation: Loss:1.8524143755435944, Acc:49.74
Epoch:685, Loss:1.999714278444952, Acc:47.254, LR:0.0001427594213009699
Epoch:686, Loss:1.9933825037917312, Acc:47.202, LR:0.00012336806147402867
Epoch:687, Loss:1.9768483395479164, Acc:48.004, LR:0.00010533527116762433
Epoch:688, Loss:1.9779357739857264, Acc:47.732, LR:8.867884656866415e-05
Epoch:689, Loss:1.9655453635721791, Acc:48.17, LR:7.341522555726934e-05
Validation: Loss:1.828112542629242, Acc:50.7
Best model updated!
Epoch:690, Loss:1.9554887681591266, Acc:48.194, LR:5.9559471484586016e-05
Epoch:691, Loss:1.9498691011448295, Acc:48.252, LR:4.712525830705448e-05
Epoch:692, Loss:1.9430685967815167, Acc:48.486, LR:3.612485709187942e-05
Epoch:693, Loss:1.9347776357008486, Acc:48.626, LR:2.656912390696697e-05
Epoch:694, Loss:1.9379154407248205, Acc:48.368, LR:1.8467489107293883e-05
Validation: Loss:1.8061642706394196, Acc:50.84
Best model updated!
Epoch:695, Loss:1.9296717473438807, Acc:49.022, LR:1.1827948028284045e-05
Epoch:696, Loss:1.9245920813813502, Acc:49.052, LR:6.6570530953798544e-06
Epoch:697, Loss:1.9256590653438956, Acc:49.058, LR:2.9599073575926682e-06
Epoch:698, Loss:1.9209466479262527, Acc:49.086, LR:7.401594514027682e-07
Epoch:699, Loss:1.928954398145481, Acc:48.962, LR:0.0
Validation: Loss:1.8036704540252686, Acc:51.0
Best model updated!
Epoch:700, Loss:1.922240247531813, Acc:48.924, LR:7.401594514025999e-07
Epoch:701, Loss:1.9226201590226621, Acc:48.982, LR:2.959907357591829e-06
Epoch:702, Loss:1.9280489074940583, Acc:49.2, LR:6.657053095378008e-06
Epoch:703, Loss:1.9267233597988984, Acc:49.03, LR:1.1827948028280359e-05
Epoch:704, Loss:1.9218173793384008, Acc:49.02, LR:1.846748910728919e-05
Validation: Loss:1.8027718722820283, Acc:51.13
Best model updated!
Epoch:705, Loss:1.9286033243549114, Acc:48.722, LR:2.656912390696044e-05
Epoch:706, Loss:1.9286911292951934, Acc:48.976, LR:3.612485709186955e-05
Epoch:707, Loss:1.9329573268793068, Acc:48.908, LR:4.7125258307043114e-05
Epoch:708, Loss:1.9264984666084757, Acc:48.904, LR:5.9559471484571664e-05
Epoch:709, Loss:1.9290224471870734, Acc:48.986, LR:7.341522555725185e-05
Validation: Loss:1.809510385990143, Acc:50.76
Epoch:710, Loss:1.9382207624766292, Acc:48.666, LR:8.867884656864137e-05
Epoch:711, Loss:1.938666287733584, Acc:48.282, LR:0.00010533527116759945
Epoch:712, Loss:1.9402944202325783, Acc:48.664, LR:0.0001233680614739997
Epoch:713, Loss:1.9434525358433625, Acc:48.67, LR:0.0001427594213009365
Epoch:714, Loss:1.960623146319876, Acc:48.03, LR:0.00016349021371741269
Validation: Loss:1.8276816666126252, Acc:50.55
Epoch:715, Loss:1.9624560025273536, Acc:48.016, LR:0.0001855399799341627
Epoch:716, Loss:1.9683173177193622, Acc:48.04, LR:0.00020888695949403588
Epoch:717, Loss:1.9705436205377385, Acc:48.016, LR:0.00023350811174692156
Epoch:718, Loss:1.9846980535254186, Acc:47.72, LR:0.0002593791385880998
Epoch:719, Loss:1.9876809241820355, Acc:47.5, LR:0.0002864745084375137
Validation: Loss:1.8754778325557708, Acc:49.29
Epoch:720, Loss:2.006437212836986, Acc:47.248, LR:0.00031476748143639106
Epoch:721, Loss:2.0170598273374596, Acc:46.922, LR:0.00034423013583623755
Epoch:722, Loss:2.0273088289766896, Acc:46.678, LR:0.0003748333955542268
Epoch:723, Loss:2.0333174017010904, Acc:46.588, LR:0.00040654705886778954
Epoch:724, Loss:2.0432925577066383, Acc:46.342, LR:0.00043933982822007614
Validation: Loss:1.9203515231609345, Acc:48.43
Epoch:725, Loss:2.0621125466969548, Acc:46.034, LR:0.00047317934110686227
Epoch:726, Loss:2.075369708392085, Acc:45.548, LR:0.0005080322020144074
Epoch:727, Loss:2.075181759133631, Acc:45.478, LR:0.0005438640153768403
Epoch:728, Loss:2.096261663096292, Acc:45.228, LR:0.0005806394195204037
Epoch:729, Loss:2.1053062275964387, Acc:44.788, LR:0.0006183221215611521
Validation: Loss:1.9938071012496947, Acc:47.46
Epoch:730, Loss:2.1137754284605688, Acc:44.496, LR:0.000656874933221655
Epoch:731, Loss:2.1305331563463015, Acc:44.212, LR:0.0006962598075313445
Epoch:732, Loss:2.1411807573571497, Acc:44.044, LR:0.0007364378763742755
Epoch:733, Loss:2.1467570723319542, Acc:43.99, LR:0.0007773694888472525
Epoch:734, Loss:2.170462327344077, Acc:43.412, LR:0.0008190142503904932
Validation: Loss:2.073229247331619, Acc:45.03
Epoch:735, Loss:2.190261899208536, Acc:43.218, LR:0.0008613310626521921
Epoch:736, Loss:2.1945531635868307, Acc:43.004, LR:0.0009042781640476273
Epoch:737, Loss:2.196049512649069, Acc:42.86, LR:0.0009478131709727688
Epoch:738, Loss:2.206623979977199, Acc:42.7, LR:0.0009918931196318359
Epoch:739, Loss:2.214739108572201, Acc:42.568, LR:0.001036474508437344
Validation: Loss:2.1621563136577606, Acc:44.0
Epoch:740, Loss:2.2295672528597774, Acc:42.254, LR:0.0010815133409409134
Epoch:741, Loss:2.2500362274598102, Acc:41.882, LR:0.001126965169252462
Epoch:742, Loss:2.2592308618584456, Acc:41.61, LR:0.001172785137904917
Epoch:743, Loss:2.2597053440249697, Acc:41.51, LR:0.001218928028121136
Epoch:744, Loss:2.2669942597953643, Acc:41.224, LR:0.0012653483024393684
Validation: Loss:2.1273478388786318, Acc:44.0
Epoch:745, Loss:2.2844705265395495, Acc:40.966, LR:0.0013120001496532449
Epoch:746, Loss:2.2881883553096225, Acc:40.996, LR:0.0013588375300219219
Epoch:747, Loss:2.2963180298707924, Acc:40.716, LR:0.001405814220705715
Epoch:748, Loss:2.3102341744364523, Acc:40.422, LR:0.001452883861382479
Epoch:749, Loss:2.3277913453627606, Acc:40.064, LR:0.001499999999999658
Validation: Loss:2.2042710304260256, Acc:42.57
Epoch:750, Loss:2.3332988218385347, Acc:39.812, LR:0.001547116138616842
Epoch:751, Loss:2.329868737532168, Acc:39.876, LR:0.0015941857792936115
Epoch:752, Loss:2.3489629760080453, Acc:39.534, LR:0.0016411624699773993
Epoch:753, Loss:2.3705428522460315, Acc:39.012, LR:0.001687999850346071
Epoch:754, Loss:2.379638603755406, Acc:38.98, LR:0.0017346516975599528
Validation: Loss:2.2605189204216005, Acc:40.88
Epoch:755, Loss:2.3671339507005653, Acc:39.048, LR:0.0017810719718781855
Epoch:756, Loss:2.3820030008043562, Acc:38.816, LR:0.0018272148620943993
Epoch:757, Loss:2.3843810120407416, Acc:38.628, LR:0.0018730348307468593
Epoch:758, Loss:2.3951539166119633, Acc:38.618, LR:0.0019184866590584132
Epoch:759, Loss:2.4143927754188073, Acc:38.216, LR:0.0019635254915619776
Validation: Loss:2.453920912742615, Acc:38.3
Epoch:760, Loss:2.40933865673688, Acc:38.122, LR:0.0020081068803674807
Epoch:761, Loss:2.416217168983148, Acc:37.958, LR:0.002052186829026553
Epoch:762, Loss:2.434077557252378, Acc:37.714, LR:0.002095721835951699
Epoch:763, Loss:2.448334873939047, Acc:37.682, LR:0.0021386689373471247
Epoch:764, Loss:2.4502830627013226, Acc:37.47, LR:0.0021809857496088284
Validation: Loss:2.4016594886779785, Acc:37.95
Epoch:765, Loss:2.4574597684704527, Acc:37.35, LR:0.002222630511152069
Epoch:766, Loss:2.4683045051535784, Acc:36.848, LR:0.0022635621236250457
Epoch:767, Loss:2.458921347345625, Acc:37.0, LR:0.002303740192467973
Epoch:768, Loss:2.479414163803568, Acc:36.706, LR:0.002343125066777667
Epoch:769, Loss:2.483307417558164, Acc:36.72, LR:0.002381677878438174
Validation: Loss:2.3103285431861877, Acc:39.72
Epoch:770, Loss:2.494467630678294, Acc:36.542, LR:0.0024193605804789186
Epoch:771, Loss:2.5022319676924725, Acc:36.218, LR:0.0024561359846224777
Epoch:772, Loss:2.508947053734137, Acc:36.208, LR:0.002491967797984915
Epoch:773, Loss:2.5069721985836417, Acc:36.232, LR:0.0025268206588924644
Epoch:774, Loss:2.5239381133293617, Acc:35.904, LR:0.002560660171779243
Validation: Loss:2.354964828491211, Acc:38.91
Epoch:775, Loss:2.523756674357823, Acc:35.93, LR:0.002593452941131534
Epoch:776, Loss:2.5311618702752248, Acc:35.728, LR:0.002625166604445097
Epoch:777, Loss:2.53704618677801, Acc:35.39, LR:0.0026557698641630862
Epoch:778, Loss:2.5459545777768504, Acc:35.308, LR:0.0026852325185629296
Epoch:779, Loss:2.562724609764255, Acc:34.962, LR:0.0027135254915618104
Validation: Loss:2.4687935590744017, Acc:36.63
Epoch:780, Loss:2.5582171118989283, Acc:35.138, LR:0.002740620861411227
Epoch:781, Loss:2.5605911892287585, Acc:34.872, LR:0.0027664918882523994
Epoch:782, Loss:2.57518910145273, Acc:34.96, LR:0.002791113040505288
Epoch:783, Loss:2.588317712958978, Acc:34.472, LR:0.0028144600200651613
Epoch:784, Loss:2.57040502343859, Acc:34.67, LR:0.0028365097862819142
Validation: Loss:2.3967751383781435, Acc:37.63
Epoch:785, Loss:2.579090415215006, Acc:34.72, LR:0.0028572405786983857
Epoch:786, Loss:2.593016553898247, Acc:34.276, LR:0.002876631938525325
Epoch:787, Loss:2.588915012320694, Acc:34.436, LR:0.002894664728831725
Epoch:788, Loss:2.5992856877190724, Acc:34.112, LR:0.0029113211534306832
Epoch:789, Loss:2.5971202047503725, Acc:34.492, LR:0.0029265847744420715
Validation: Loss:2.56781210899353, Acc:34.92
Epoch:790, Loss:2.61871176836442, Acc:34.14, LR:0.0029404405285147536
Epoch:791, Loss:2.6141702374633478, Acc:33.734, LR:0.0029528747416922834
Epoch:792, Loss:2.6214513170475864, Acc:33.758, LR:0.002963875142907455
Epoch:793, Loss:2.630558415335052, Acc:33.39, LR:0.0029734308760923653
Epoch:794, Loss:2.6243347732388242, Acc:33.732, LR:0.002981532510892036
Validation: Loss:2.512240672111511, Acc:35.88
Epoch:795, Loss:2.62560688232889, Acc:33.438, LR:0.002988172051971045
Epoch:796, Loss:2.6338106174858247, Acc:33.328, LR:0.0029933429469039467
Epoch:797, Loss:2.638442168430406, Acc:33.256, LR:0.0029970400926417336
Epoch:798, Loss:2.6276527643203735, Acc:33.586, LR:0.0029992598405479227
Epoch:799, Loss:2.638045464243208, Acc:33.618, LR:0.0029999999999993253
Validation: Loss:2.4801711082458495, Acc:36.36
Epoch:800, Loss:2.6327937500817433, Acc:33.362, LR:0.0029992598405479223
Epoch:801, Loss:2.6409356910355237, Acc:33.31, LR:0.0029970400926417336
Epoch:802, Loss:2.6497641461236134, Acc:32.884, LR:0.0029933429469039467
Epoch:803, Loss:2.641715497386699, Acc:33.176, LR:0.002988172051971045
Epoch:804, Loss:2.6443978912976323, Acc:33.168, LR:0.002981532510892036
Validation: Loss:2.4146561503410338, Acc:37.39
Epoch:805, Loss:2.644101524839596, Acc:33.192, LR:0.002973430876092365
Epoch:806, Loss:2.6410944023910834, Acc:33.198, LR:0.0029638751429074545
Epoch:807, Loss:2.640821186863646, Acc:33.27, LR:0.0029528747416922834
Epoch:808, Loss:2.649135399837883, Acc:33.072, LR:0.0029404405285147536
Epoch:809, Loss:2.6458363168093624, Acc:33.21, LR:0.0029265847744420737
Validation: Loss:2.614204740524292, Acc:33.68
Epoch:810, Loss:2.6420409144187462, Acc:33.194, LR:0.0029113211534306845
Epoch:811, Loss:2.642339120105821, Acc:33.298, LR:0.0028946647288317262
Epoch:812, Loss:2.6443474779323655, Acc:33.094, LR:0.0028766319385253258
Epoch:813, Loss:2.6385423188306847, Acc:33.544, LR:0.002857240578698387
Epoch:814, Loss:2.6438806494887994, Acc:33.322, LR:0.0028365097862819155
Validation: Loss:2.7947457075119018, Acc:31.58
Epoch:815, Loss:2.6304404662579906, Acc:33.402, LR:0.002814460020065163
Epoch:816, Loss:2.634124845874553, Acc:33.312, LR:0.0027911130405052897
Epoch:817, Loss:2.63243039773435, Acc:33.218, LR:0.0027664918882524007
Epoch:818, Loss:2.626608495809594, Acc:33.314, LR:0.0027406208614112254
Epoch:819, Loss:2.6236746578800436, Acc:33.472, LR:0.0027135254915618113
Validation: Loss:2.4415006399154664, Acc:37.18
Epoch:820, Loss:2.6287839777615605, Acc:33.418, LR:0.002685232518562934
Epoch:821, Loss:2.6279787628018125, Acc:33.394, LR:0.0026557698641630875
Epoch:822, Loss:2.6085122994014194, Acc:33.69, LR:0.002625166604445098
Epoch:823, Loss:2.616922514779227, Acc:33.822, LR:0.002593452941131535
Epoch:824, Loss:2.6227511435138937, Acc:33.718, LR:0.0025606601717792447
Validation: Loss:2.479296696186066, Acc:35.86
Epoch:825, Loss:2.60539774018891, Acc:34.054, LR:0.002526820658892466
Epoch:826, Loss:2.6066780382273147, Acc:33.72, LR:0.002491967797984917
Epoch:827, Loss:2.600364081713618, Acc:34.2, LR:0.002456135984622484
Epoch:828, Loss:2.5994735007383385, Acc:33.912, LR:0.0024193605804789207
Epoch:829, Loss:2.592837628053159, Acc:34.37, LR:0.0023816778784381725
Validation: Loss:2.6117939829826353, Acc:34.58
Epoch:830, Loss:2.5795980326983394, Acc:34.606, LR:0.00234312506677767
Epoch:831, Loss:2.5700514194916706, Acc:34.538, LR:0.0023037401924679755
Epoch:832, Loss:2.580093648968911, Acc:34.584, LR:0.0022635621236250488
Epoch:833, Loss:2.556324537919492, Acc:34.984, LR:0.002222630511152072
Epoch:834, Loss:2.565771370517964, Acc:34.75, LR:0.002180985749608831
Validation: Loss:2.4998721361160277, Acc:35.67
Epoch:835, Loss:2.5465991764652487, Acc:35.038, LR:0.0021386689373471273
Epoch:836, Loss:2.5397029677215888, Acc:35.464, LR:0.002095721835951697
Epoch:837, Loss:2.549370600252735, Acc:35.1, LR:0.0020521868290265554
Epoch:838, Loss:2.5302568138862145, Acc:35.356, LR:0.002008106880367488
Epoch:839, Loss:2.5304189166244195, Acc:35.454, LR:0.0019635254915619797
Validation: Loss:2.64009268283844, Acc:33.95
Epoch:840, Loss:2.523549590791975, Acc:35.634, LR:0.0019184866590584103
Epoch:841, Loss:2.495963147708348, Acc:36.418, LR:0.0018730348307468617
Epoch:842, Loss:2.4971203804016113, Acc:36.108, LR:0.001827214862094401
Epoch:843, Loss:2.4849718346887704, Acc:36.734, LR:0.0017810719718781875
Epoch:844, Loss:2.47873132326165, Acc:36.704, LR:0.0017346516975599547
Validation: Loss:2.303736674785614, Acc:40.15
Epoch:845, Loss:2.4734858517744103, Acc:36.78, LR:0.0016879998503460782
Epoch:846, Loss:2.4646509472204716, Acc:37.022, LR:0.0016411624699774014
Epoch:847, Loss:2.452841515443763, Acc:37.172, LR:0.0015941857792936085
Epoch:848, Loss:2.4572406763933143, Acc:37.242, LR:0.0015471161386168442
Epoch:849, Loss:2.4294106498056527, Acc:37.734, LR:0.0014999999999996654
Validation: Loss:2.387783443927765, Acc:37.9
Epoch:850, Loss:2.422235586205307, Acc:37.926, LR:0.0014528838613824813
Epoch:851, Loss:2.4063804636196213, Acc:38.09, LR:0.001405814220705712
Epoch:852, Loss:2.397633180326345, Acc:38.116, LR:0.0013588375300219238
Epoch:853, Loss:2.3860448039307887, Acc:38.536, LR:0.001312000149653247
Epoch:854, Loss:2.378341453416007, Acc:38.62, LR:0.0012653483024393651
Validation: Loss:2.212978112697601, Acc:42.23
Epoch:855, Loss:2.374238556745101, Acc:39.126, LR:0.001218928028121138
Epoch:856, Loss:2.3558697992441604, Acc:39.362, LR:0.0011727851379049244
Epoch:857, Loss:2.3379290152569205, Acc:39.55, LR:0.001126965169252464
Epoch:858, Loss:2.33908402676485, Acc:39.792, LR:0.0010815133409409104
Epoch:859, Loss:2.3233416275102265, Acc:40.152, LR:0.0010364745084373462
Validation: Loss:2.1279607892036436, Acc:43.45
Epoch:860, Loss:2.3069129428085016, Acc:40.232, LR:0.000991893119631843
Epoch:861, Loss:2.2988481326979033, Acc:40.422, LR:0.0009478131709727708
Epoch:862, Loss:2.279867958049385, Acc:40.954, LR:0.0009042781640476244
Epoch:863, Loss:2.2687050323097075, Acc:41.326, LR:0.0008613310626521987
Epoch:864, Loss:2.260896291051592, Acc:41.264, LR:0.0008190142503904949
Validation: Loss:2.0538080632686615, Acc:46.42
Epoch:865, Loss:2.247798503661642, Acc:41.834, LR:0.0007773694888472494
Epoch:866, Loss:2.2360412563596452, Acc:42.036, LR:0.0007364378763742772
Epoch:867, Loss:2.215702163929842, Acc:42.478, LR:0.0006962598075313508
Epoch:868, Loss:2.209774593917691, Acc:42.406, LR:0.0006568749332216566
Epoch:869, Loss:2.1859636282434267, Acc:43.06, LR:0.0006183221215611496
Validation: Loss:2.0069720327854155, Acc:46.74
Epoch:870, Loss:2.1851726101369273, Acc:43.146, LR:0.0005806394195204055
Epoch:871, Loss:2.16109253679003, Acc:43.654, LR:0.0005438640153768462
Epoch:872, Loss:2.150985420966635, Acc:44.004, LR:0.000508032202014405
Epoch:873, Loss:2.1420962567232094, Acc:44.2, LR:0.0004731793411068599
Epoch:874, Loss:2.12128209094612, Acc:44.42, LR:0.00043933982822008145
Validation: Loss:1.973533022403717, Acc:47.17
Epoch:875, Loss:2.118418362675881, Acc:44.652, LR:0.00040654705886779106
Epoch:876, Loss:2.0927717892491087, Acc:45.12, LR:0.0003748333955542247
Epoch:877, Loss:2.078735891653567, Acc:45.646, LR:0.00034423013583623896
Epoch:878, Loss:2.0771736782424304, Acc:45.528, LR:0.0003147674814363957
Epoch:879, Loss:2.0629390563283647, Acc:45.756, LR:0.00028647450843751507
Validation: Loss:1.9010058701038361, Acc:49.04
Epoch:880, Loss:2.046209459402123, Acc:46.302, LR:0.0002593791385880981
Epoch:881, Loss:2.036919433243421, Acc:46.66, LR:0.00023350811174692573
Epoch:882, Loss:2.023766797416064, Acc:46.804, LR:0.00020888695949403994
Epoch:883, Loss:2.0075700173572617, Acc:47.166, LR:0.00018553997993416132
Epoch:884, Loss:1.9984015725096878, Acc:47.244, LR:0.00016349021371741133
Validation: Loss:1.8520270764827729, Acc:50.17
Epoch:885, Loss:1.992072019041801, Acc:47.438, LR:0.00014275942130093983
Epoch:886, Loss:1.9861566801460422, Acc:47.688, LR:0.0001233680614740007
Epoch:887, Loss:1.9715133406678025, Acc:47.924, LR:0.00010533527116759847
Epoch:888, Loss:1.9580883614870968, Acc:48.3, LR:8.867884656864225e-05
Epoch:889, Loss:1.9433150571219775, Acc:48.784, LR:7.341522555725442e-05
Validation: Loss:1.8187967360019683, Acc:50.74
Epoch:890, Loss:1.9440494666294175, Acc:48.44, LR:5.9559471484570925e-05
Epoch:891, Loss:1.9428548593910373, Acc:48.81, LR:4.712525830704256e-05
Epoch:892, Loss:1.92965852362769, Acc:49.032, LR:3.612485709187134e-05
Epoch:893, Loss:1.9319093993731908, Acc:48.592, LR:2.6569123906961906e-05
Epoch:894, Loss:1.9218421505422008, Acc:49.278, LR:1.846748910728883e-05
Validation: Loss:1.796714848279953, Acc:51.13
Epoch:895, Loss:1.919787887407809, Acc:48.998, LR:1.1827948028280675e-05
Epoch:896, Loss:1.9263432561134806, Acc:48.854, LR:6.657053095378832e-06
Epoch:897, Loss:1.9140531347722423, Acc:49.158, LR:2.9599073575919915e-06
Epoch:898, Loss:1.9115250633687388, Acc:49.178, LR:7.401594514024323e-07
Epoch:899, Loss:1.9079860935405808, Acc:49.45, LR:0.0
Validation: Loss:1.7944978475570679, Acc:51.11
Epoch:900, Loss:1.9179784996168954, Acc:49.16, LR:7.401594514025999e-07
Epoch:901, Loss:1.921410080121488, Acc:49.096, LR:2.959907357592828e-06
Epoch:902, Loss:1.913266730551817, Acc:49.384, LR:6.657053095380005e-06
Epoch:903, Loss:1.9121322011461064, Acc:49.32, LR:1.1827948028282852e-05
Epoch:904, Loss:1.9157069605223986, Acc:49.216, LR:1.846748910729251e-05
Validation: Loss:1.7949757516384124, Acc:51.28
Best model updated!
Epoch:905, Loss:1.9138686912400382, Acc:49.082, LR:2.6569123906967415e-05
Epoch:906, Loss:1.9122712672973166, Acc:49.354, LR:3.612485709187868e-05
Epoch:907, Loss:1.9163050481251307, Acc:49.252, LR:4.712525830705239e-05
Epoch:908, Loss:1.9179615463529314, Acc:49.308, LR:5.955947148458657e-05
Epoch:909, Loss:1.9231292836520137, Acc:49.104, LR:7.341522555726987e-05
Validation: Loss:1.803798460960388, Acc:50.97
Epoch:910, Loss:1.9316881919393734, Acc:48.85, LR:8.867884656866114e-05
Epoch:911, Loss:1.9309455606402184, Acc:48.912, LR:0.00010533527116762113
Epoch:912, Loss:1.9282165181880095, Acc:48.85, LR:0.00012336806147402946
Epoch:913, Loss:1.9439192608911164, Acc:48.498, LR:0.00014275942130097065
Epoch:914, Loss:1.9477962255477905, Acc:48.54, LR:0.00016349021371744684
Validation: Loss:1.8353202760219574, Acc:50.53
Epoch:915, Loss:1.9526719073860013, Acc:48.614, LR:0.00018553997993420182
Epoch:916, Loss:1.9703852072054027, Acc:47.786, LR:0.00020888695949408556
Epoch:917, Loss:1.969308142759362, Acc:48.114, LR:0.00023350811174697677
Epoch:918, Loss:1.977756565930892, Acc:47.702, LR:0.00025937913858815496
Epoch:919, Loss:1.9890782151903426, Acc:47.682, LR:0.000286474508437581
Validation: Loss:1.8602729558944702, Acc:49.8
Epoch:920, Loss:1.9991338398991798, Acc:46.908, LR:0.0003147674814364649
Epoch:921, Loss:2.0059857027871266, Acc:47.038, LR:0.0003442301358363148
Epoch:922, Loss:2.0208325884780107, Acc:46.634, LR:0.00037483339555430733
Epoch:923, Loss:2.027397077910754, Acc:46.472, LR:0.0004065470588678846
Epoch:924, Loss:2.0353434657563967, Acc:46.718, LR:0.00043933982822017855
Validation: Loss:1.9409005403518678, Acc:48.22
Epoch:925, Loss:2.0434337854385376, Acc:46.248, LR:0.0004731793411069646
Epoch:926, Loss:2.0603908920774656, Acc:45.798, LR:0.0005080322020145175
Epoch:927, Loss:2.071939624085718, Acc:45.856, LR:0.0005438640153769666
Epoch:928, Loss:2.087474026242081, Acc:45.342, LR:0.0005806394195205343
Epoch:929, Loss:2.101478244577135, Acc:44.87, LR:0.000618322121561287
Validation: Loss:1.9690577507019043, Acc:46.96
Epoch:930, Loss:2.110183998030059, Acc:44.578, LR:0.000656874933221807
Epoch:931, Loss:2.127897784417989, Acc:44.31, LR:0.0006962598075315056
Epoch:932, Loss:2.1398554103715077, Acc:44.188, LR:0.0007364378763744411
Epoch:933, Loss:2.139911402244957, Acc:44.296, LR:0.0007773694888474226
Epoch:934, Loss:2.1571636783833408, Acc:43.724, LR:0.0008190142503906821
Validation: Loss:2.0549116313457487, Acc:45.88
Epoch:935, Loss:2.178142464890772, Acc:43.28, LR:0.0008613310626523906
Epoch:936, Loss:2.1802563837596347, Acc:43.192, LR:0.0009042781640478262
Epoch:937, Loss:2.1889128393056443, Acc:43.13, LR:0.0009478131709729774
Epoch:938, Loss:2.2050094896433303, Acc:42.58, LR:0.0009918931196320642
Epoch:939, Loss:2.211674758366176, Acc:42.544, LR:0.0010364745084375775
Validation: Loss:2.11995347738266, Acc:44.42
Epoch:940, Loss:2.2253545547018247, Acc:42.45, LR:0.001081513340941152
Epoch:941, Loss:2.2376448937824795, Acc:41.884, LR:0.0011269651692527212
Epoch:942, Loss:2.2520497891367697, Acc:41.642, LR:0.0011727851379051868
Epoch:943, Loss:2.259215031351362, Acc:41.516, LR:0.001218928028121411
Epoch:944, Loss:2.2733164709441516, Acc:41.236, LR:0.001265348302439649
Validation: Loss:2.113989222049713, Acc:43.84
Epoch:945, Loss:2.2834239857537404, Acc:41.006, LR:0.0013120001496535465
Epoch:946, Loss:2.273330330848694, Acc:40.964, LR:0.0013588375300222285
Epoch:947, Loss:2.298579371705347, Acc:40.644, LR:0.001405814220706027
Epoch:948, Loss:2.311219721424336, Acc:40.192, LR:0.0014528838613828015
Epoch:949, Loss:2.3188856669834683, Acc:40.126, LR:0.001500000000000002
Validation: Loss:2.1919745922088625, Acc:42.77
Epoch:950, Loss:2.3354357018762704, Acc:39.706, LR:0.0015471161386171916
Epoch:951, Loss:2.324747263168802, Acc:39.86, LR:0.0015941857792939663
Epoch:952, Loss:2.3507577691759383, Acc:39.492, LR:0.0016411624699777753
Epoch:953, Loss:2.351090185496272, Acc:39.43, LR:0.0016879998503464575
Epoch:954, Loss:2.3682827973852354, Acc:39.054, LR:0.0017346516975603446
Validation: Loss:2.2247144103050234, Acc:40.98
Epoch:955, Loss:2.3668240454732157, Acc:39.234, LR:0.0017810719718785821
Epoch:956, Loss:2.3749855197205836, Acc:38.878, LR:0.0018272148620948165
Epoch:957, Loss:2.381624540504144, Acc:38.874, LR:0.0018730348307472821
Epoch:958, Loss:2.4068596849636155, Acc:38.286, LR:0.0019184866590588414
Epoch:959, Loss:2.4000363447228255, Acc:38.414, LR:0.001963525491562416
Validation: Loss:2.2745797634124756, Acc:40.88
Epoch:960, Loss:2.415060498276535, Acc:38.204, LR:0.0020081068803679395
Epoch:961, Loss:2.4248101832915325, Acc:37.84, LR:0.002052186829027017
Epoch:962, Loss:2.418666513598695, Acc:38.104, LR:0.002095721835952168
Epoch:963, Loss:2.4340368436307322, Acc:37.698, LR:0.0021386689373476134
Epoch:964, Loss:2.4379209644940434, Acc:37.492, LR:0.002180985749609322
Validation: Loss:2.3539497017860413, Acc:39.47
Epoch:965, Loss:2.4598649277979012, Acc:37.3, LR:0.0022226305111525727
Epoch:966, Loss:2.463320785639237, Acc:37.09, LR:0.002263562123625554
Epoch:967, Loss:2.4890890024146257, Acc:36.5, LR:0.0023037401924684985
Epoch:968, Loss:2.4739432797140006, Acc:36.836, LR:0.0023431250667781973
Epoch:969, Loss:2.490743315949732, Acc:36.624, LR:0.0023816778784387085
Validation: Loss:2.3213664174079893, Acc:39.39
Epoch:970, Loss:2.4858961202660383, Acc:36.672, LR:0.0024193605804794702
Epoch:971, Loss:2.491032663656741, Acc:36.482, LR:0.0024561359846230375
Epoch:972, Loss:2.5010266449986673, Acc:36.234, LR:0.0024919677979854784
Epoch:973, Loss:2.5074313635728798, Acc:36.15, LR:0.0025268206588930316
Epoch:974, Loss:2.52220868091194, Acc:35.87, LR:0.0025606601717798254
Validation: Loss:2.3461215615272524, Acc:39.39
Epoch:975, Loss:2.5368611228709317, Acc:35.36, LR:0.0025934529411321197
Epoch:976, Loss:2.529439154936343, Acc:35.664, LR:0.0026251666044456896
Epoch:977, Loss:2.5275026194903316, Acc:35.662, LR:0.0026557698641636826
Epoch:978, Loss:2.5437007850530198, Acc:35.448, LR:0.0026852325185635394
Epoch:979, Loss:2.5465501863129285, Acc:35.35, LR:0.002713525491562423
Validation: Loss:2.48605500459671, Acc:37.16
Epoch:980, Loss:2.554580822282908, Acc:35.21, LR:0.0027406208614118434
Epoch:981, Loss:2.563776252221088, Acc:35.016, LR:0.002766491888253028
Epoch:982, Loss:2.5650056965497074, Acc:34.98, LR:0.0027911130405059194
Epoch:983, Loss:2.569086712233874, Acc:34.874, LR:0.002814460020065798
Epoch:984, Loss:2.5784138173473123, Acc:34.642, LR:0.002836509786282553
Validation: Loss:2.462636387348175, Acc:36.67
Epoch:985, Loss:2.5837238759410623, Acc:34.738, LR:0.0028572405786990345
Epoch:986, Loss:2.579213414873396, Acc:34.638, LR:0.0028766319385259763
Epoch:987, Loss:2.596263605721143, Acc:34.346, LR:0.0028946647288323806
Epoch:988, Loss:2.6014825713877774, Acc:34.152, LR:0.0029113211534313407
Epoch:989, Loss:2.6041561413784415, Acc:34.068, LR:0.0029265847744427355
Validation: Loss:2.4681727290153503, Acc:36.8
Epoch:990, Loss:2.5985027843592117, Acc:34.346, LR:0.0029404405285154197
Epoch:991, Loss:2.6195296851956114, Acc:33.72, LR:0.002952874741692951
Epoch:992, Loss:2.6079912720894325, Acc:34.086, LR:0.0029638751429081275
Epoch:993, Loss:2.6185080372557348, Acc:33.856, LR:0.002973430876093039
Epoch:994, Loss:2.6165777201555214, Acc:33.662, LR:0.002981532510892712
Validation: Loss:2.652089071273804, Acc:32.86
Epoch:995, Loss:2.610277643009108, Acc:33.816, LR:0.002988172051971722
Epoch:996, Loss:2.6287781997602813, Acc:33.86, LR:0.0029933429469046263
Epoch:997, Loss:2.6342543801482843, Acc:33.414, LR:0.002997040092642414
Epoch:998, Loss:2.6279885257993425, Acc:33.482, LR:0.002999259840548604
Epoch:999, Loss:2.63599863101025, Acc:33.294, LR:0.003000000000000007
Validation: Loss:2.5215717911720277, Acc:35.82
Test: Acc:51.28
