nohup: ignoring input
/root/liuyuanye/NNDL/Final/CIFAR/deit.py:63: UserWarning: Overwriting deit_tiny_patch16_224 in registry with deit.deit_tiny_patch16_224. This is because the name being registered conflicts with an existing name. Please check if this is not expected.
  def deit_tiny_patch16_224(pretrained=False, **kwargs):
/root/liuyuanye/NNDL/Final/CIFAR/deit.py:78: UserWarning: Overwriting deit_small_patch16_224 in registry with deit.deit_small_patch16_224. This is because the name being registered conflicts with an existing name. Please check if this is not expected.
  def deit_small_patch16_224(pretrained=False, **kwargs):
/root/liuyuanye/NNDL/Final/CIFAR/deit.py:93: UserWarning: Overwriting deit_base_patch16_224 in registry with deit.deit_base_patch16_224. This is because the name being registered conflicts with an existing name. Please check if this is not expected.
  def deit_base_patch16_224(pretrained=False, **kwargs):
/root/liuyuanye/NNDL/Final/CIFAR/deit.py:108: UserWarning: Overwriting deit_tiny_distilled_patch16_224 in registry with deit.deit_tiny_distilled_patch16_224. This is because the name being registered conflicts with an existing name. Please check if this is not expected.
  def deit_tiny_distilled_patch16_224(pretrained=False, **kwargs):
/root/liuyuanye/NNDL/Final/CIFAR/deit.py:123: UserWarning: Overwriting deit_small_distilled_patch16_224 in registry with deit.deit_small_distilled_patch16_224. This is because the name being registered conflicts with an existing name. Please check if this is not expected.
  def deit_small_distilled_patch16_224(pretrained=False, **kwargs):
/root/liuyuanye/NNDL/Final/CIFAR/deit.py:138: UserWarning: Overwriting deit_base_distilled_patch16_224 in registry with deit.deit_base_distilled_patch16_224. This is because the name being registered conflicts with an existing name. Please check if this is not expected.
  def deit_base_distilled_patch16_224(pretrained=False, **kwargs):
/root/liuyuanye/NNDL/Final/CIFAR/deit.py:153: UserWarning: Overwriting deit_base_patch16_384 in registry with deit.deit_base_patch16_384. This is because the name being registered conflicts with an existing name. Please check if this is not expected.
  def deit_base_patch16_384(pretrained=False, **kwargs):
/root/liuyuanye/NNDL/Final/CIFAR/deit.py:168: UserWarning: Overwriting deit_base_distilled_patch16_384 in registry with deit.deit_base_distilled_patch16_384. This is because the name being registered conflicts with an existing name. Please check if this is not expected.
  def deit_base_distilled_patch16_384(pretrained=False, **kwargs):
/root/miniconda3/envs/py310/lib/python3.10/site-packages/torchvision/models/_utils.py:223: UserWarning: Arguments other than a weight enum or `None` for 'weights' are deprecated since 0.13 and may be removed in the future. The current behavior is equivalent to passing `weights=ResNet34_Weights.IMAGENET1K_V1`. You can also use `weights=ResNet34_Weights.DEFAULT` to get the most up-to-date weights.
  warnings.warn(msg)
deit_small的参数量: 22.05M
{
    "datapath": "../data/",
    "logpath": "./logs/",
    "batch_size": 512,
    "epoch": 200,
    "seed": 43,
    "date": "0622",
    "plot": true,
    "num_classes": 100,
    "opt": "SGD",
    "learning_rate": 0.1,
    "weight_decay": 0.003,
    "pretrained": true,
    "device_id": 0,
    "dropout": true,
    "cutout": true,
    "cutmix": false,
    "model": "ResNet34",
    "comment": "StepLR_30_0.2"
}
2024-06-22 14:22:37
Epoch:0, Loss:4.671165850697731, Acc:2.734, LR:0.1
Epoch:1, Loss:4.230420706223469, Acc:6.252, LR:0.1
Epoch:2, Loss:3.9080114826864127, Acc:9.816, LR:0.1
Epoch:3, Loss:3.7157366665042177, Acc:12.512, LR:0.1
Epoch:4, Loss:3.4661882823827317, Acc:16.276, LR:0.1
Validation: Loss:3.497902810573578, Acc:19.68
Best model updated!
Epoch:5, Loss:3.2968002557754517, Acc:19.288, LR:0.1
Epoch:6, Loss:3.141336256143998, Acc:22.412, LR:0.1
Epoch:7, Loss:2.995441293229862, Acc:25.076, LR:0.1
Epoch:8, Loss:2.951484580429233, Acc:25.742, LR:0.1
Epoch:9, Loss:2.8519864058007998, Acc:28.168, LR:0.1
Validation: Loss:2.660681891441345, Acc:31.98
Best model updated!
Epoch:10, Loss:2.7632619239846052, Acc:29.758, LR:0.1
Epoch:11, Loss:2.68902887860123, Acc:31.122, LR:0.1
Epoch:12, Loss:2.6221457184577477, Acc:32.936, LR:0.1
Epoch:13, Loss:2.5821676083973477, Acc:33.55, LR:0.1
Epoch:14, Loss:2.6109840650947724, Acc:33.166, LR:0.1
Validation: Loss:2.4551613092422486, Acc:37.03
Best model updated!
Epoch:15, Loss:2.5038703071827793, Acc:35.576, LR:0.1
Epoch:16, Loss:2.4455673426997904, Acc:36.678, LR:0.1
Epoch:17, Loss:2.40990576938707, Acc:37.466, LR:0.1
Epoch:18, Loss:2.3798204563101946, Acc:38.164, LR:0.1
Epoch:19, Loss:2.340431279065658, Acc:38.958, LR:0.1
Validation: Loss:2.2008532881736755, Acc:42.15
Best model updated!
Epoch:20, Loss:2.3126466347246755, Acc:39.444, LR:0.1
Epoch:21, Loss:2.2805744774487553, Acc:40.066, LR:0.1
Epoch:22, Loss:2.2570574964795793, Acc:40.846, LR:0.1
Epoch:23, Loss:2.234746765117256, Acc:41.41, LR:0.1
Epoch:24, Loss:2.212561457741017, Acc:41.936, LR:0.1
Validation: Loss:2.1107518792152407, Acc:44.69
Best model updated!
Epoch:25, Loss:2.1904630040635866, Acc:42.378, LR:0.1
Epoch:26, Loss:2.1664512948114045, Acc:43.06, LR:0.1
Epoch:27, Loss:2.169243493858649, Acc:42.936, LR:0.1
Epoch:28, Loss:2.1253089977770436, Acc:44.01, LR:0.1
Epoch:29, Loss:2.110517242733313, Acc:44.342, LR:0.020000000000000004
Validation: Loss:2.0982673943042753, Acc:44.84
Best model updated!
Epoch:30, Loss:1.8663480148023488, Acc:50.008, LR:0.020000000000000004
Epoch:31, Loss:1.7496439145535838, Acc:52.614, LR:0.020000000000000004
Epoch:32, Loss:1.7033945273379891, Acc:53.928, LR:0.020000000000000004
Epoch:33, Loss:1.668095093600604, Acc:54.436, LR:0.020000000000000004
Epoch:34, Loss:1.6467777733900109, Acc:54.99, LR:0.020000000000000004
Validation: Loss:1.7110326647758485, Acc:54.14
Best model updated!
Epoch:35, Loss:1.6137040926485646, Acc:55.838, LR:0.020000000000000004
Epoch:36, Loss:1.5891162582806178, Acc:56.548, LR:0.020000000000000004
Epoch:37, Loss:1.573751374166839, Acc:56.732, LR:0.020000000000000004
Epoch:38, Loss:1.5506765124749164, Acc:57.506, LR:0.020000000000000004
Epoch:39, Loss:1.5301968990540018, Acc:57.9, LR:0.020000000000000004
Validation: Loss:1.6793538272380828, Acc:55.11
Best model updated!
Epoch:40, Loss:1.5108845452873074, Acc:58.376, LR:0.020000000000000004
Epoch:41, Loss:1.4943771313647836, Acc:58.51, LR:0.020000000000000004
Epoch:42, Loss:1.4760423716233702, Acc:59.236, LR:0.020000000000000004
Epoch:43, Loss:1.4696621517745816, Acc:59.356, LR:0.020000000000000004
Epoch:44, Loss:1.4519215080202843, Acc:59.532, LR:0.020000000000000004
Validation: Loss:1.6811216652393342, Acc:55.48
Best model updated!
Epoch:45, Loss:1.4342853816188113, Acc:60.192, LR:0.020000000000000004
Epoch:46, Loss:1.4182534205670259, Acc:60.426, LR:0.020000000000000004
Epoch:47, Loss:1.4041530319622584, Acc:60.902, LR:0.020000000000000004
Epoch:48, Loss:1.3948687242001903, Acc:61.344, LR:0.020000000000000004
Epoch:49, Loss:1.373355931165267, Acc:61.784, LR:0.020000000000000004
Validation: Loss:1.794276636838913, Acc:53.3
Epoch:50, Loss:1.3628876744484415, Acc:61.704, LR:0.020000000000000004
Epoch:51, Loss:1.3536164626783254, Acc:62.108, LR:0.020000000000000004
Epoch:52, Loss:1.3436680740239668, Acc:62.462, LR:0.020000000000000004
Epoch:53, Loss:1.3208713713957339, Acc:62.942, LR:0.020000000000000004
Epoch:54, Loss:1.3118837633911444, Acc:63.46, LR:0.020000000000000004
Validation: Loss:1.7765747368335725, Acc:54.36
Epoch:55, Loss:1.3009359605458317, Acc:63.496, LR:0.020000000000000004
Epoch:56, Loss:1.286994336819162, Acc:64.136, LR:0.020000000000000004
Epoch:57, Loss:1.2656601557926255, Acc:64.374, LR:0.020000000000000004
Epoch:58, Loss:1.2591791493552071, Acc:64.624, LR:0.020000000000000004
Epoch:59, Loss:1.2520655515242596, Acc:64.594, LR:0.004000000000000001
Validation: Loss:1.822303980588913, Acc:54.51
Epoch:60, Loss:1.0578381072501748, Acc:70.122, LR:0.004000000000000001
Epoch:61, Loss:0.9588443113833057, Acc:72.934, LR:0.004000000000000001
Epoch:62, Loss:0.9269699125873799, Acc:73.806, LR:0.004000000000000001
Epoch:63, Loss:0.8858468696779135, Acc:74.806, LR:0.004000000000000001
Epoch:64, Loss:0.864412495676352, Acc:75.334, LR:0.004000000000000001
Validation: Loss:1.6710389018058778, Acc:57.96
Best model updated!
Epoch:65, Loss:0.8412394249925808, Acc:76.092, LR:0.004000000000000001
Epoch:66, Loss:0.8187664090370645, Acc:76.72, LR:0.004000000000000001
Epoch:67, Loss:0.7955869618727236, Acc:77.328, LR:0.004000000000000001
Epoch:68, Loss:0.7852258365981433, Acc:77.456, LR:0.004000000000000001
Epoch:69, Loss:0.7727627304135537, Acc:77.862, LR:0.004000000000000001
Validation: Loss:1.7453769207000733, Acc:57.04
Epoch:70, Loss:0.750500568321773, Acc:78.256, LR:0.004000000000000001
Epoch:71, Loss:0.740819434730374, Acc:78.722, LR:0.004000000000000001
Epoch:72, Loss:0.7192015702627144, Acc:79.312, LR:0.004000000000000001
Epoch:73, Loss:0.7062989972075637, Acc:79.792, LR:0.004000000000000001
Epoch:74, Loss:0.6999390295573643, Acc:79.928, LR:0.004000000000000001
Validation: Loss:1.7993369042873382, Acc:57.14
Epoch:75, Loss:0.6798928215795633, Acc:80.352, LR:0.004000000000000001
Epoch:76, Loss:0.6694024594462648, Acc:80.728, LR:0.004000000000000001
Epoch:77, Loss:0.6617767111379274, Acc:80.774, LR:0.004000000000000001
Epoch:78, Loss:0.6448130528537594, Acc:81.278, LR:0.004000000000000001
Epoch:79, Loss:0.6393599212169647, Acc:81.474, LR:0.004000000000000001
Validation: Loss:1.8459087133407592, Acc:56.59
Epoch:80, Loss:0.6297243523354433, Acc:81.966, LR:0.004000000000000001
Epoch:81, Loss:0.6112609517817594, Acc:82.226, LR:0.004000000000000001
Epoch:82, Loss:0.6043940496687986, Acc:82.582, LR:0.004000000000000001
Epoch:83, Loss:0.5971078334414229, Acc:82.756, LR:0.004000000000000001
Epoch:84, Loss:0.5765966322957253, Acc:83.35, LR:0.004000000000000001
Validation: Loss:1.910267525911331, Acc:55.99
Epoch:85, Loss:0.5731758581740516, Acc:83.192, LR:0.004000000000000001
Epoch:86, Loss:0.5621307978824693, Acc:83.622, LR:0.004000000000000001
Epoch:87, Loss:0.551113525823671, Acc:83.904, LR:0.004000000000000001
Epoch:88, Loss:0.544611110066881, Acc:84.168, LR:0.004000000000000001
Epoch:89, Loss:0.5381384017516155, Acc:84.272, LR:0.0008000000000000003
Validation: Loss:1.9500480949878694, Acc:56.01
Epoch:90, Loss:0.46332436070150257, Acc:86.602, LR:0.0008000000000000003
Epoch:91, Loss:0.4160030444665831, Acc:88.304, LR:0.0008000000000000003
Epoch:92, Loss:0.4003518543073109, Acc:88.672, LR:0.0008000000000000003
Epoch:93, Loss:0.3853480374934722, Acc:88.966, LR:0.0008000000000000003
Epoch:94, Loss:0.3764807870801614, Acc:89.35, LR:0.0008000000000000003
Validation: Loss:1.8999299168586732, Acc:57.0
Epoch:95, Loss:0.36772001397852994, Acc:89.558, LR:0.0008000000000000003
Epoch:96, Loss:0.35529038431693094, Acc:90.158, LR:0.0008000000000000003
Epoch:97, Loss:0.3510733018724286, Acc:90.122, LR:0.0008000000000000003
Epoch:98, Loss:0.34822903634334096, Acc:90.348, LR:0.0008000000000000003
Epoch:99, Loss:0.34021757026107946, Acc:90.39, LR:0.0008000000000000003
Validation: Loss:1.9207162618637086, Acc:56.32
Epoch:100, Loss:0.3341178293434941, Acc:90.604, LR:0.0008000000000000003
Epoch:101, Loss:0.32978455174942406, Acc:90.81, LR:0.0008000000000000003
Epoch:102, Loss:0.32194457674513055, Acc:91.044, LR:0.0008000000000000003
Epoch:103, Loss:0.31820340028830935, Acc:91.196, LR:0.0008000000000000003
Epoch:104, Loss:0.31155660505197486, Acc:91.376, LR:0.0008000000000000003
Validation: Loss:1.9413037538528441, Acc:56.71
Epoch:105, Loss:0.3110474962361005, Acc:91.37, LR:0.0008000000000000003
Epoch:106, Loss:0.3008460434419768, Acc:91.68, LR:0.0008000000000000003
Epoch:107, Loss:0.3018073722416041, Acc:91.556, LR:0.0008000000000000003
Epoch:108, Loss:0.29504321226660085, Acc:91.906, LR:0.0008000000000000003
Epoch:109, Loss:0.2932641877203572, Acc:91.844, LR:0.0008000000000000003
Validation: Loss:1.9567571520805358, Acc:56.78
Epoch:110, Loss:0.2882028223604572, Acc:92.136, LR:0.0008000000000000003
Epoch:111, Loss:0.28787627953047656, Acc:92.126, LR:0.0008000000000000003
Epoch:112, Loss:0.28204938282771985, Acc:92.2, LR:0.0008000000000000003
Epoch:113, Loss:0.2791752600852324, Acc:92.352, LR:0.0008000000000000003
Epoch:114, Loss:0.275943362591218, Acc:92.476, LR:0.0008000000000000003
Validation: Loss:1.9821269631385803, Acc:56.54
Epoch:115, Loss:0.2713218243146429, Acc:92.46, LR:0.0008000000000000003
Epoch:116, Loss:0.2733041235074705, Acc:92.578, LR:0.0008000000000000003
Epoch:117, Loss:0.26361240492183335, Acc:92.82, LR:0.0008000000000000003
Epoch:118, Loss:0.26377564851118596, Acc:92.752, LR:0.0008000000000000003
Epoch:119, Loss:0.253084486084325, Acc:93.072, LR:0.00016000000000000007
Validation: Loss:2.0001794517040254, Acc:56.5
Epoch:120, Loss:0.24965954526346557, Acc:93.116, LR:0.00016000000000000007
Epoch:121, Loss:0.23521924307759928, Acc:93.768, LR:0.00016000000000000007
Epoch:122, Loss:0.23842606450221976, Acc:93.52, LR:0.00016000000000000007
Epoch:123, Loss:0.23556683288545024, Acc:93.73, LR:0.00016000000000000007
Epoch:124, Loss:0.23150246179833703, Acc:93.702, LR:0.00016000000000000007
Validation: Loss:1.9872995615005493, Acc:56.8
Epoch:125, Loss:0.2272800178248055, Acc:93.844, LR:0.00016000000000000007
Epoch:126, Loss:0.22966820701044433, Acc:93.822, LR:0.00016000000000000007
Epoch:127, Loss:0.22694981204611914, Acc:93.904, LR:0.00016000000000000007
Epoch:128, Loss:0.2230148607370805, Acc:94.004, LR:0.00016000000000000007
Epoch:129, Loss:0.22125712721323482, Acc:94.062, LR:0.00016000000000000007
Validation: Loss:1.9870037376880645, Acc:56.55
Epoch:130, Loss:0.22624805767317208, Acc:93.99, LR:0.00016000000000000007
Epoch:131, Loss:0.22835936382108804, Acc:93.876, LR:0.00016000000000000007
Epoch:132, Loss:0.22231417210126408, Acc:94.104, LR:0.00016000000000000007
Epoch:133, Loss:0.219691486382971, Acc:94.056, LR:0.00016000000000000007
Epoch:134, Loss:0.21842583481754577, Acc:94.1, LR:0.00016000000000000007
Validation: Loss:1.9942077696323395, Acc:56.61
Epoch:135, Loss:0.21921186255557196, Acc:94.172, LR:0.00016000000000000007
Epoch:136, Loss:0.2189243619843405, Acc:94.15, LR:0.00016000000000000007
Epoch:137, Loss:0.21960259837155438, Acc:94.164, LR:0.00016000000000000007
Epoch:138, Loss:0.21885900868445027, Acc:94.176, LR:0.00016000000000000007
Epoch:139, Loss:0.21659694444768282, Acc:94.248, LR:0.00016000000000000007
Validation: Loss:2.0035662949085236, Acc:56.66
Epoch:140, Loss:0.21668341983946002, Acc:94.342, LR:0.00016000000000000007
Epoch:141, Loss:0.21272464431062035, Acc:94.416, LR:0.00016000000000000007
Epoch:142, Loss:0.2152482459739763, Acc:94.178, LR:0.00016000000000000007
Epoch:143, Loss:0.21305359109323851, Acc:94.294, LR:0.00016000000000000007
Epoch:144, Loss:0.2149449127669237, Acc:94.222, LR:0.00016000000000000007
Validation: Loss:2.0003892958164213, Acc:56.8
Epoch:145, Loss:0.21327903380199353, Acc:94.138, LR:0.00016000000000000007
Epoch:146, Loss:0.21187899307328828, Acc:94.354, LR:0.00016000000000000007
Epoch:147, Loss:0.21101327970319864, Acc:94.432, LR:0.00016000000000000007
Epoch:148, Loss:0.2111820864434145, Acc:94.396, LR:0.00016000000000000007
Epoch:149, Loss:0.2076701479298728, Acc:94.506, LR:3.200000000000001e-05
Validation: Loss:2.0105554461479187, Acc:56.79
Epoch:150, Loss:0.2050775037128098, Acc:94.666, LR:3.200000000000001e-05
Epoch:151, Loss:0.20651646961971204, Acc:94.538, LR:3.200000000000001e-05
Epoch:152, Loss:0.20333940322910035, Acc:94.63, LR:3.200000000000001e-05
Epoch:153, Loss:0.20166633354157817, Acc:94.568, LR:3.200000000000001e-05
Epoch:154, Loss:0.2032669361452667, Acc:94.624, LR:3.200000000000001e-05
Validation: Loss:2.0075712621212007, Acc:56.81
Epoch:155, Loss:0.20507539094102625, Acc:94.564, LR:3.200000000000001e-05
Epoch:156, Loss:0.20023203276249826, Acc:94.706, LR:3.200000000000001e-05
Epoch:157, Loss:0.20600581214744218, Acc:94.406, LR:3.200000000000001e-05
Epoch:158, Loss:0.19811683984435335, Acc:94.832, LR:3.200000000000001e-05
Epoch:159, Loss:0.20383994083623497, Acc:94.646, LR:3.200000000000001e-05
Validation: Loss:2.008350932598114, Acc:56.87
Epoch:160, Loss:0.1988117551925231, Acc:94.714, LR:3.200000000000001e-05
Epoch:161, Loss:0.1993717478246105, Acc:94.808, LR:3.200000000000001e-05
Epoch:162, Loss:0.20243799503968687, Acc:94.626, LR:3.200000000000001e-05
Epoch:163, Loss:0.20400523759272635, Acc:94.648, LR:3.200000000000001e-05
Epoch:164, Loss:0.2004777722212733, Acc:94.702, LR:3.200000000000001e-05
Validation: Loss:2.0073816895484926, Acc:56.85
Epoch:165, Loss:0.20243194684082147, Acc:94.724, LR:3.200000000000001e-05
Epoch:166, Loss:0.19822377544276568, Acc:94.744, LR:3.200000000000001e-05
Epoch:167, Loss:0.20213782650475598, Acc:94.732, LR:3.200000000000001e-05
Epoch:168, Loss:0.19751907048784956, Acc:94.77, LR:3.200000000000001e-05
Epoch:169, Loss:0.2018050251870739, Acc:94.632, LR:3.200000000000001e-05
Validation: Loss:2.0132458746433257, Acc:56.64
Epoch:170, Loss:0.20010746528907697, Acc:94.768, LR:3.200000000000001e-05
Epoch:171, Loss:0.2061917077825994, Acc:94.56, LR:3.200000000000001e-05
Epoch:172, Loss:0.19536926247635666, Acc:94.948, LR:3.200000000000001e-05
Epoch:173, Loss:0.19943400107476175, Acc:94.75, LR:3.200000000000001e-05
Epoch:174, Loss:0.19478385682616914, Acc:94.986, LR:3.200000000000001e-05
Validation: Loss:2.0093507945537565, Acc:56.74
Epoch:175, Loss:0.19566294398843026, Acc:94.932, LR:3.200000000000001e-05
Epoch:176, Loss:0.20214353273717725, Acc:94.73, LR:3.200000000000001e-05
Epoch:177, Loss:0.2000274632354172, Acc:94.778, LR:3.200000000000001e-05
Epoch:178, Loss:0.1958960402680903, Acc:94.888, LR:3.200000000000001e-05
Epoch:179, Loss:0.19934246020049465, Acc:94.72, LR:6.400000000000003e-06
Validation: Loss:2.011170530319214, Acc:56.59
Epoch:180, Loss:0.19558349844752526, Acc:94.918, LR:6.400000000000003e-06
Epoch:181, Loss:0.19713457050372143, Acc:94.864, LR:6.400000000000003e-06
Epoch:182, Loss:0.20061353320369915, Acc:94.712, LR:6.400000000000003e-06
Epoch:183, Loss:0.19077633078000983, Acc:94.934, LR:6.400000000000003e-06
Epoch:184, Loss:0.1948286561029298, Acc:94.922, LR:6.400000000000003e-06
Validation: Loss:2.009838658571243, Acc:56.52
Epoch:185, Loss:0.19773582718810256, Acc:94.826, LR:6.400000000000003e-06
Epoch:186, Loss:0.1983563425589581, Acc:94.876, LR:6.400000000000003e-06
Epoch:187, Loss:0.19560307036249006, Acc:94.884, LR:6.400000000000003e-06
Epoch:188, Loss:0.197529776211904, Acc:94.792, LR:6.400000000000003e-06
Epoch:189, Loss:0.1965539594542007, Acc:94.826, LR:6.400000000000003e-06
Validation: Loss:2.0083937525749205, Acc:56.62
Epoch:190, Loss:0.19728410091935372, Acc:94.922, LR:6.400000000000003e-06
Epoch:191, Loss:0.1954861730337143, Acc:94.93, LR:6.400000000000003e-06
Epoch:192, Loss:0.19552881544341846, Acc:94.956, LR:6.400000000000003e-06
Epoch:193, Loss:0.1977700618456821, Acc:94.834, LR:6.400000000000003e-06
Epoch:194, Loss:0.1944561615890386, Acc:94.868, LR:6.400000000000003e-06
Validation: Loss:2.0130601048469545, Acc:56.66
Epoch:195, Loss:0.19469148255124383, Acc:94.922, LR:6.400000000000003e-06
Epoch:196, Loss:0.19202443531581334, Acc:94.908, LR:6.400000000000003e-06
Epoch:197, Loss:0.19779824503526397, Acc:94.854, LR:6.400000000000003e-06
Epoch:198, Loss:0.19769579065697535, Acc:94.832, LR:6.400000000000003e-06
Epoch:199, Loss:0.1979376316374662, Acc:94.788, LR:6.400000000000003e-06
Validation: Loss:2.0081196665763854, Acc:56.66
Test: Acc:57.96
