nohup: ignoring input
/root/liuyuanye/NNDL/Final/CIFAR/deit.py:63: UserWarning: Overwriting deit_tiny_patch16_224 in registry with deit.deit_tiny_patch16_224. This is because the name being registered conflicts with an existing name. Please check if this is not expected.
  def deit_tiny_patch16_224(pretrained=False, **kwargs):
/root/liuyuanye/NNDL/Final/CIFAR/deit.py:78: UserWarning: Overwriting deit_small_patch16_224 in registry with deit.deit_small_patch16_224. This is because the name being registered conflicts with an existing name. Please check if this is not expected.
  def deit_small_patch16_224(pretrained=False, **kwargs):
/root/liuyuanye/NNDL/Final/CIFAR/deit.py:93: UserWarning: Overwriting deit_base_patch16_224 in registry with deit.deit_base_patch16_224. This is because the name being registered conflicts with an existing name. Please check if this is not expected.
  def deit_base_patch16_224(pretrained=False, **kwargs):
/root/liuyuanye/NNDL/Final/CIFAR/deit.py:108: UserWarning: Overwriting deit_tiny_distilled_patch16_224 in registry with deit.deit_tiny_distilled_patch16_224. This is because the name being registered conflicts with an existing name. Please check if this is not expected.
  def deit_tiny_distilled_patch16_224(pretrained=False, **kwargs):
/root/liuyuanye/NNDL/Final/CIFAR/deit.py:123: UserWarning: Overwriting deit_small_distilled_patch16_224 in registry with deit.deit_small_distilled_patch16_224. This is because the name being registered conflicts with an existing name. Please check if this is not expected.
  def deit_small_distilled_patch16_224(pretrained=False, **kwargs):
/root/liuyuanye/NNDL/Final/CIFAR/deit.py:138: UserWarning: Overwriting deit_base_distilled_patch16_224 in registry with deit.deit_base_distilled_patch16_224. This is because the name being registered conflicts with an existing name. Please check if this is not expected.
  def deit_base_distilled_patch16_224(pretrained=False, **kwargs):
/root/liuyuanye/NNDL/Final/CIFAR/deit.py:153: UserWarning: Overwriting deit_base_patch16_384 in registry with deit.deit_base_patch16_384. This is because the name being registered conflicts with an existing name. Please check if this is not expected.
  def deit_base_patch16_384(pretrained=False, **kwargs):
/root/liuyuanye/NNDL/Final/CIFAR/deit.py:168: UserWarning: Overwriting deit_base_distilled_patch16_384 in registry with deit.deit_base_distilled_patch16_384. This is because the name being registered conflicts with an existing name. Please check if this is not expected.
  def deit_base_distilled_patch16_384(pretrained=False, **kwargs):
/root/miniconda3/envs/py310/lib/python3.10/site-packages/torchvision/models/_utils.py:223: UserWarning: Arguments other than a weight enum or `None` for 'weights' are deprecated since 0.13 and may be removed in the future. The current behavior is equivalent to passing `weights=None`.
  warnings.warn(msg)
deit_small的参数量: 22.05M
{
    "datapath": "../data/",
    "logpath": "./logs/",
    "batch_size": 512,
    "epoch": 1000,
    "seed": 43,
    "date": "0621",
    "plot": true,
    "num_classes": 100,
    "learning_rate": 0.003,
    "weight_decay": 0.003,
    "pretrained": true,
    "device_id": 0,
    "dropout": true,
    "cutout": true,
    "model": "ResNet18+SimCLR"
}
2024-06-21 16:35:26
Epoch:0, Loss:4.381252259624247, Acc:5.462, LR:0.0029992598405485975
Epoch:1, Loss:4.191297808471991, Acc:8.42, LR:0.0029970400926424075
Epoch:2, Loss:4.148539007926474, Acc:9.03, LR:0.00299334294690462
Epoch:3, Loss:4.136343960859338, Acc:8.966, LR:0.002988172051971717
Epoch:4, Loss:4.128688632225503, Acc:9.176, LR:0.002981532510892707
Validation: Loss:4.168381857872009, Acc:8.82
Best model updated!
Epoch:5, Loss:4.123693101260127, Acc:9.222, LR:0.0029734308760930336
Epoch:6, Loss:4.128915767280423, Acc:8.946, LR:0.0029638751429081215
Epoch:7, Loss:4.126270897534429, Acc:9.12, LR:0.002952874741692947
Epoch:8, Loss:4.126774471633288, Acc:9.164, LR:0.002940440528515415
Epoch:9, Loss:4.131161183727031, Acc:8.966, LR:0.0029265847744427307
Validation: Loss:4.165844655036926, Acc:9.3
Best model updated!
Epoch:10, Loss:4.130481583731515, Acc:9.192, LR:0.0029113211534313385
Epoch:11, Loss:4.1267184384015145, Acc:9.222, LR:0.002894664728832377
Epoch:12, Loss:4.128017625030206, Acc:9.186, LR:0.0028766319385259715
Epoch:13, Loss:4.129352944237845, Acc:9.184, LR:0.0028572405786990293
Epoch:14, Loss:4.121515527063487, Acc:9.312, LR:0.0028365097862825517
Validation: Loss:4.163658547401428, Acc:9.36
Best model updated!
Epoch:15, Loss:4.129783070817286, Acc:9.078, LR:0.0028144600200657953
Epoch:16, Loss:4.121900188679597, Acc:9.238, LR:0.002791113040505916
Epoch:17, Loss:4.125872144893724, Acc:9.086, LR:0.002766491888253023
Epoch:18, Loss:4.123542381792652, Acc:9.188, LR:0.0027406208614118434
Epoch:19, Loss:4.12810450184102, Acc:9.012, LR:0.002713525491562422
Validation: Loss:4.174265789985657, Acc:8.91
Epoch:20, Loss:4.12206329131613, Acc:9.344, LR:0.002685232518563536
Epoch:21, Loss:4.128256393938648, Acc:9.026, LR:0.0026557698641636843
Epoch:22, Loss:4.126334968878298, Acc:8.968, LR:0.0026251666044456896
Epoch:23, Loss:4.126712945042824, Acc:9.25, LR:0.0025934529411321175
Epoch:24, Loss:4.125504824579979, Acc:9.358, LR:0.0025606601717798215
Validation: Loss:4.16168782711029, Acc:9.82
Best model updated!
Epoch:25, Loss:4.120110993482629, Acc:9.18, LR:0.0025268206588930334
Epoch:26, Loss:4.123143390733368, Acc:9.202, LR:0.0024919677979854784
Epoch:27, Loss:4.12476557614852, Acc:9.332, LR:0.0024561359846230354
Epoch:28, Loss:4.116733842966508, Acc:9.454, LR:0.0024193605804794655
Epoch:29, Loss:4.118645633969988, Acc:9.198, LR:0.0023816778784387107
Validation: Loss:4.162722563743591, Acc:9.46
Epoch:30, Loss:4.116780728709941, Acc:9.218, LR:0.002343125066778197
Epoch:31, Loss:4.119118325564326, Acc:9.526, LR:0.0023037401924684954
Epoch:32, Loss:4.119982816735092, Acc:9.414, LR:0.0022635621236255575
Epoch:33, Loss:4.118294895911704, Acc:9.34, LR:0.0022226305111525736
Epoch:34, Loss:4.116917634496883, Acc:9.482, LR:0.0021809857496093207
Validation: Loss:4.158961796760559, Acc:9.82
Epoch:35, Loss:4.121498253880715, Acc:9.308, LR:0.0021386689373476095
Epoch:36, Loss:4.12077673114076, Acc:9.404, LR:0.0020957218359521712
Epoch:37, Loss:4.1210357364343135, Acc:9.278, LR:0.0020521868290270177
Epoch:38, Loss:4.120456612839991, Acc:9.202, LR:0.002008106880367938
Epoch:39, Loss:4.117639419983845, Acc:9.4, LR:0.0019635254915624217
Validation: Loss:4.158808326721191, Acc:9.83
Best model updated!
Epoch:40, Loss:4.116724666284055, Acc:9.57, LR:0.0019184866590588445
Epoch:41, Loss:4.11444041193748, Acc:9.33, LR:0.0018730348307472821
Epoch:42, Loss:4.11385144506182, Acc:9.322, LR:0.0018272148620948141
Epoch:43, Loss:4.114353009632656, Acc:9.632, LR:0.0017810719718785873
Epoch:44, Loss:4.112196752003261, Acc:9.458, LR:0.0017346516975603465
Validation: Loss:4.159039855003357, Acc:9.62
Epoch:45, Loss:4.114359714546982, Acc:9.302, LR:0.0016879998503464568
Epoch:46, Loss:4.111839644762934, Acc:9.578, LR:0.0016411624699777716
Epoch:47, Loss:4.115728441549807, Acc:9.37, LR:0.0015941857792939704
Epoch:48, Loss:4.1135242277262165, Acc:9.496, LR:0.0015471161386171927
Epoch:49, Loss:4.115440903877725, Acc:9.402, LR:0.0015000000000000002
Validation: Loss:4.165551280975341, Acc:9.41
Epoch:50, Loss:4.111349981658313, Acc:9.482, LR:0.0014528838613828078
Epoch:51, Loss:4.114212002073016, Acc:9.52, LR:0.00140581422070603
Epoch:52, Loss:4.109848810701954, Acc:9.6, LR:0.0013588375300222285
Epoch:53, Loss:4.112696827674399, Acc:9.434, LR:0.0013120001496535437
Epoch:54, Loss:4.108540919362282, Acc:9.594, LR:0.0012653483024396535
Validation: Loss:4.15791962146759, Acc:9.52
Epoch:55, Loss:4.109735007188758, Acc:9.536, LR:0.001218928028121413
Epoch:56, Loss:4.108152136510732, Acc:9.644, LR:0.0011727851379051864
Epoch:57, Loss:4.105271641088992, Acc:9.654, LR:0.0011269651692527175
Epoch:58, Loss:4.10824391306663, Acc:9.628, LR:0.001081513340941156
Epoch:59, Loss:4.110238518033709, Acc:9.576, LR:0.001036474508437579
Validation: Loss:4.152033972740173, Acc:9.98
Best model updated!
Epoch:60, Loss:4.107042536443593, Acc:9.582, LR:0.0009918931196320627
Epoch:61, Loss:4.109116189333857, Acc:9.424, LR:0.0009478131709729832
Epoch:62, Loss:4.1062372752598355, Acc:9.522, LR:0.0009042781640478286
Epoch:63, Loss:4.11013615861231, Acc:9.574, LR:0.0008613310626523907
Epoch:64, Loss:4.105806000378667, Acc:9.826, LR:0.0008190142503906796
Validation: Loss:4.155895376205445, Acc:9.68
Epoch:65, Loss:4.105800691916018, Acc:9.638, LR:0.0007773694888474266
Epoch:66, Loss:4.104570179569478, Acc:9.71, LR:0.0007364378763744428
Epoch:67, Loss:4.102207436853526, Acc:9.64, LR:0.0006962598075315045
Epoch:68, Loss:4.107339647351479, Acc:9.734, LR:0.0006568749332218039
Epoch:69, Loss:4.103179425609355, Acc:9.854, LR:0.0006183221215612904
Validation: Loss:4.153197884559631, Acc:9.47
Epoch:70, Loss:4.1045102051326205, Acc:10.034, LR:0.000580639419520535
Epoch:71, Loss:4.103045069441503, Acc:9.902, LR:0.0005438640153769653
Epoch:72, Loss:4.096583668066531, Acc:10.002, LR:0.0005080322020145225
Epoch:73, Loss:4.104494912283761, Acc:9.694, LR:0.00047317934110696695
Epoch:74, Loss:4.099233564065427, Acc:9.82, LR:0.00043933982822017887
Validation: Loss:4.153710412979126, Acc:9.72
Epoch:75, Loss:4.098713614502731, Acc:9.762, LR:0.00040654705886788306
Epoch:76, Loss:4.1028381269805285, Acc:9.69, LR:0.00037483339555431064
Epoch:77, Loss:4.102219912470604, Acc:9.85, LR:0.0003442301358363163
Epoch:78, Loss:4.104413966743314, Acc:9.924, LR:0.0003147674814364644
Epoch:79, Loss:4.095856744415906, Acc:10.116, LR:0.000286474508437579
Validation: Loss:4.153926658630371, Acc:9.65
Epoch:80, Loss:4.096336228506906, Acc:9.988, LR:0.0002593791385881574
Epoch:81, Loss:4.098260636232337, Acc:9.816, LR:0.0002335081117469777
Epoch:82, Loss:4.093830974734559, Acc:10.13, LR:0.00020888695949408434
Epoch:83, Loss:4.101607789798659, Acc:9.752, LR:0.0001855399799342046
Epoch:84, Loss:4.097151216195554, Acc:9.894, LR:0.0001634902137174483
Validation: Loss:4.150984573364258, Acc:9.78
Epoch:85, Loss:4.101697260019731, Acc:10.0, LR:0.00014275942130097095
Epoch:86, Loss:4.098475276207437, Acc:9.928, LR:0.00012336806147402861
Epoch:87, Loss:4.09756072686643, Acc:9.824, LR:0.00010533527116762296
Epoch:88, Loss:4.099353264789192, Acc:10.022, LR:8.86788465686618e-05
Epoch:89, Loss:4.098497634031335, Acc:9.938, LR:7.34152255572697e-05
Validation: Loss:4.150360059738159, Acc:9.96
Epoch:90, Loss:4.095623142865239, Acc:9.942, LR:5.9559471484585555e-05
Epoch:91, Loss:4.099475121011539, Acc:9.812, LR:4.712525830705354e-05
Epoch:92, Loss:4.0996938578936515, Acc:9.97, LR:3.6124857091879005e-05
Epoch:93, Loss:4.098902760719766, Acc:10.096, LR:2.6569123906966914e-05
Epoch:94, Loss:4.09835393574773, Acc:10.002, LR:1.8467489107293506e-05
Validation: Loss:4.150317692756653, Acc:9.92
Epoch:95, Loss:4.0993959855060185, Acc:9.94, LR:1.182794802828335e-05
Epoch:96, Loss:4.099412193103713, Acc:9.882, LR:6.657053095380004e-06
Epoch:97, Loss:4.099134206771851, Acc:9.84, LR:2.959907357592661e-06
Epoch:98, Loss:4.095009025262327, Acc:10.29, LR:7.401594514025998e-07
Epoch:99, Loss:4.097238764470937, Acc:9.996, LR:0.0
Validation: Loss:4.151868748664856, Acc:9.92
Epoch:100, Loss:4.0970046812174274, Acc:9.918, LR:7.401594514025999e-07
Epoch:101, Loss:4.096915799744275, Acc:9.964, LR:2.9599073575926615e-06
Epoch:102, Loss:4.102340080300156, Acc:9.846, LR:6.657053095380005e-06
Epoch:103, Loss:4.095914592548293, Acc:10.062, LR:1.1827948028283186e-05
Epoch:104, Loss:4.092744583986243, Acc:9.92, LR:1.8467489107293344e-05
Validation: Loss:4.151543474197387, Acc:9.95
Epoch:105, Loss:4.09295040490676, Acc:10.244, LR:2.6569123906967083e-05
Epoch:106, Loss:4.098299284370578, Acc:9.98, LR:3.612485709187885e-05
Epoch:107, Loss:4.101705385714161, Acc:9.816, LR:4.712525830705322e-05
Epoch:108, Loss:4.0969988472607675, Acc:10.122, LR:5.955947148458523e-05
Epoch:109, Loss:4.101804645694032, Acc:10.102, LR:7.341522555726953e-05
Validation: Loss:4.150161838531494, Acc:10.03
Best model updated!
Epoch:110, Loss:4.096092374957338, Acc:10.126, LR:8.867884656866182e-05
Epoch:111, Loss:4.099102813370374, Acc:10.026, LR:0.00010533527116762281
Epoch:112, Loss:4.097661091356861, Acc:10.076, LR:0.00012336806147402813
Epoch:113, Loss:4.097665740519154, Acc:10.092, LR:0.00014275942130097046
Epoch:114, Loss:4.099127511588895, Acc:10.166, LR:0.00016349021371744846
Validation: Loss:4.149203634262085, Acc:10.0
Epoch:115, Loss:4.100950148640846, Acc:9.926, LR:0.00018553997993420474
Epoch:116, Loss:4.09864752633231, Acc:9.94, LR:0.00020888695949408448
Epoch:117, Loss:4.096447915447001, Acc:10.24, LR:0.00023350811174697718
Epoch:118, Loss:4.099556514195034, Acc:9.828, LR:0.00025937913858815686
Epoch:119, Loss:4.098433767046247, Acc:9.932, LR:0.0002864745084375783
Validation: Loss:4.1523362159729, Acc:9.9
Epoch:120, Loss:4.102568100909798, Acc:9.98, LR:0.00031476748143646446
Epoch:121, Loss:4.100862308424347, Acc:9.788, LR:0.00034423013583631605
Epoch:122, Loss:4.097560678209577, Acc:10.026, LR:0.00037483339555431037
Epoch:123, Loss:4.0994234425680975, Acc:9.864, LR:0.0004065470588678823
Epoch:124, Loss:4.0957644666944235, Acc:9.958, LR:0.0004393398282201781
Validation: Loss:4.153381204605102, Acc:9.82
Epoch:125, Loss:4.100091632531614, Acc:9.974, LR:0.000473179341106967
Epoch:126, Loss:4.104237974906455, Acc:9.728, LR:0.000508032202014522
Epoch:127, Loss:4.096529026420749, Acc:9.936, LR:0.0005438640153769657
Epoch:128, Loss:4.100821991356051, Acc:9.832, LR:0.0005806394195205353
Epoch:129, Loss:4.10838813197856, Acc:9.758, LR:0.0006183221215612901
Validation: Loss:4.150295710563659, Acc:10.1
Best model updated!
Epoch:130, Loss:4.10154879823023, Acc:9.884, LR:0.0006568749332218037
Epoch:131, Loss:4.104126117667374, Acc:9.812, LR:0.0006962598075315056
Epoch:132, Loss:4.1001269963322855, Acc:10.134, LR:0.0007364378763744433
Epoch:133, Loss:4.104591165270124, Acc:9.9, LR:0.0007773694888474271
Epoch:134, Loss:4.105158830175594, Acc:9.72, LR:0.0008190142503906795
Validation: Loss:4.157840871810913, Acc:9.8
Epoch:135, Loss:4.105722709577911, Acc:9.658, LR:0.0008613310626523916
Epoch:136, Loss:4.105451968251442, Acc:9.688, LR:0.0009042781640478295
Epoch:137, Loss:4.107906901106542, Acc:9.656, LR:0.0009478131709729831
Epoch:138, Loss:4.106670107160296, Acc:9.608, LR:0.0009918931196320627
Epoch:139, Loss:4.108281670784463, Acc:9.662, LR:0.0010364745084375784
Validation: Loss:4.153348183631897, Acc:9.61
Epoch:140, Loss:4.110770108748455, Acc:9.746, LR:0.0010815133409411554
Epoch:141, Loss:4.1076772553580145, Acc:9.528, LR:0.0011269651692527183
Epoch:142, Loss:4.107905134862783, Acc:9.696, LR:0.0011727851379051864
Epoch:143, Loss:4.1100346068946685, Acc:9.472, LR:0.001218928028121413
Epoch:144, Loss:4.1094870761949185, Acc:9.526, LR:0.0012653483024396533
Validation: Loss:4.155800890922547, Acc:9.76
Epoch:145, Loss:4.110819334886512, Acc:9.708, LR:0.0013120001496535428
Epoch:146, Loss:4.11229065486363, Acc:9.576, LR:0.0013588375300222287
Epoch:147, Loss:4.114176453376303, Acc:9.598, LR:0.0014058142207060296
Epoch:148, Loss:4.114079796538061, Acc:9.482, LR:0.001452883861382807
Epoch:149, Loss:4.109688593416798, Acc:9.66, LR:0.0014999999999999992
Validation: Loss:4.161951041221618, Acc:9.46
Epoch:150, Loss:4.110555945610513, Acc:9.676, LR:0.0015471161386171911
Epoch:151, Loss:4.111448249038385, Acc:9.46, LR:0.0015941857792939687
Epoch:152, Loss:4.1102785674893125, Acc:9.598, LR:0.0016411624699777712
Epoch:153, Loss:4.109355162601082, Acc:9.33, LR:0.0016879998503464557
Epoch:154, Loss:4.119676035277697, Acc:9.424, LR:0.0017346516975603455
Validation: Loss:4.156060814857483, Acc:9.83
Epoch:155, Loss:4.117352417537144, Acc:9.43, LR:0.001781071971878586
Epoch:156, Loss:4.118740767848735, Acc:9.322, LR:0.0018272148620948126
Epoch:157, Loss:4.1138396117152, Acc:9.57, LR:0.001873034830747282
Epoch:158, Loss:4.120313391393545, Acc:9.226, LR:0.0019184866590588432
Epoch:159, Loss:4.114728917880934, Acc:9.274, LR:0.0019635254915624204
Validation: Loss:4.16079306602478, Acc:9.56
Epoch:160, Loss:4.1177447863987515, Acc:9.39, LR:0.002008106880367936
Epoch:161, Loss:4.118610630230028, Acc:9.334, LR:0.0020521868290270156
Epoch:162, Loss:4.117025229395653, Acc:9.374, LR:0.002095721835952169
Epoch:163, Loss:4.118586428311406, Acc:9.344, LR:0.002138668937347607
Epoch:164, Loss:4.121675282108541, Acc:9.32, LR:0.0021809857496093176
Validation: Loss:4.154700899124146, Acc:9.97
Epoch:165, Loss:4.12199887937429, Acc:9.13, LR:0.0022226305111525727
Epoch:166, Loss:4.11944039013921, Acc:9.172, LR:0.0022635621236255566
Epoch:167, Loss:4.122029679162162, Acc:9.222, LR:0.0023037401924684946
Epoch:168, Loss:4.121952061750451, Acc:9.592, LR:0.002343125066778195
Epoch:169, Loss:4.11598893574306, Acc:9.47, LR:0.0023816778784387085
Validation: Loss:4.165734791755677, Acc:9.27
Epoch:170, Loss:4.12418895838212, Acc:9.186, LR:0.0024193605804794633
Epoch:171, Loss:4.12060157620177, Acc:9.388, LR:0.002456135984623033
Epoch:172, Loss:4.121696973333553, Acc:9.1, LR:0.002491967797985476
Epoch:173, Loss:4.118013576585419, Acc:9.342, LR:0.0025268206588930308
Epoch:174, Loss:4.120717856348778, Acc:9.264, LR:0.002560660171779819
Validation: Loss:4.158748841285705, Acc:9.35
Epoch:175, Loss:4.127563564144835, Acc:9.17, LR:0.002593452941132116
Epoch:176, Loss:4.118547794770222, Acc:9.384, LR:0.002625166604445688
Epoch:177, Loss:4.1248520393760835, Acc:9.142, LR:0.002655769864163683
Epoch:178, Loss:4.120930696020321, Acc:9.214, LR:0.002685232518563534
Epoch:179, Loss:4.126769722724448, Acc:9.284, LR:0.00271352549156242
Validation: Loss:4.163564085960388, Acc:9.39
Epoch:180, Loss:4.121725218636649, Acc:9.254, LR:0.0027406208614118416
Epoch:181, Loss:4.122854057623416, Acc:9.162, LR:0.0027664918882530217
Epoch:182, Loss:4.127461345828309, Acc:9.082, LR:0.0027911130405059146
Epoch:183, Loss:4.120643863872606, Acc:9.304, LR:0.0028144600200657945
Epoch:184, Loss:4.120929576912705, Acc:9.442, LR:0.0028365097862825517
Validation: Loss:4.1713168859481815, Acc:8.74
Epoch:185, Loss:4.123451281567009, Acc:9.216, LR:0.0028572405786990293
Epoch:186, Loss:4.128311356719659, Acc:9.106, LR:0.0028766319385259724
Epoch:187, Loss:4.1214918360418205, Acc:9.172, LR:0.002894664728832377
Epoch:188, Loss:4.1255508831569125, Acc:9.094, LR:0.0029113211534313385
Epoch:189, Loss:4.128258301287281, Acc:9.202, LR:0.0029265847744427307
Validation: Loss:4.175655555725098, Acc:9.74
Epoch:190, Loss:4.125146875576097, Acc:9.046, LR:0.0029404405285154145
Epoch:191, Loss:4.122517220827998, Acc:9.198, LR:0.002952874741692947
Epoch:192, Loss:4.128103124852083, Acc:9.094, LR:0.002963875142908121
Epoch:193, Loss:4.126673654634125, Acc:8.978, LR:0.0029734308760930336
Epoch:194, Loss:4.129340093963, Acc:9.306, LR:0.002981532510892707
Validation: Loss:4.165340948104858, Acc:9.52
Epoch:195, Loss:4.124688995127776, Acc:8.99, LR:0.0029881720519717167
Epoch:196, Loss:4.12273831270179, Acc:9.19, LR:0.00299334294690462
Epoch:197, Loss:4.127564610267172, Acc:9.04, LR:0.002997040092642408
Epoch:198, Loss:4.130298755606827, Acc:9.132, LR:0.002999259840548598
Epoch:199, Loss:4.128372727608194, Acc:9.276, LR:0.003000000000000001
Validation: Loss:4.172099232673645, Acc:9.18
Epoch:200, Loss:4.124949017349555, Acc:9.218, LR:0.0029992598405485984
Epoch:201, Loss:4.123064659079727, Acc:9.056, LR:0.0029970400926424084
Epoch:202, Loss:4.125340028684967, Acc:9.208, LR:0.002993342946904621
Epoch:203, Loss:4.126407968754671, Acc:8.93, LR:0.002988172051971718
Epoch:204, Loss:4.129664382156061, Acc:9.03, LR:0.0029815325108927078
Validation: Loss:4.176988530158996, Acc:8.67
Epoch:205, Loss:4.127771470011497, Acc:9.028, LR:0.0029734308760930345
Epoch:206, Loss:4.1245112613755825, Acc:9.092, LR:0.0029638751429081223
Epoch:207, Loss:4.125290418157772, Acc:9.318, LR:0.002952874741692948
Epoch:208, Loss:4.1262770672233735, Acc:9.134, LR:0.002940440528515416
Epoch:209, Loss:4.119893234603259, Acc:9.29, LR:0.0029265847744427316
Validation: Loss:4.159474492073059, Acc:9.35
Epoch:210, Loss:4.127576964242118, Acc:9.028, LR:0.0029113211534313394
Epoch:211, Loss:4.125257200124312, Acc:9.168, LR:0.002894664728832378
Epoch:212, Loss:4.124500941257088, Acc:9.248, LR:0.0028766319385259724
Epoch:213, Loss:4.125115676802032, Acc:9.246, LR:0.00285724057869903
Epoch:214, Loss:4.130407498807323, Acc:9.276, LR:0.002836509786282553
Validation: Loss:4.159731984138489, Acc:9.8
Epoch:215, Loss:4.127916613403632, Acc:8.962, LR:0.0028144600200657966
Epoch:216, Loss:4.126268163019297, Acc:9.266, LR:0.0027911130405059168
Epoch:217, Loss:4.125103210916325, Acc:9.186, LR:0.002766491888253024
Epoch:218, Loss:4.127134658852402, Acc:9.026, LR:0.002740620861411843
Epoch:219, Loss:4.13080712727138, Acc:9.388, LR:0.0027135254915624215
Validation: Loss:4.166211986541748, Acc:9.44
Epoch:220, Loss:4.124896312246517, Acc:9.076, LR:0.0026852325185635355
Epoch:221, Loss:4.127287412176327, Acc:9.13, LR:0.002655769864163684
Epoch:222, Loss:4.123928094396786, Acc:9.104, LR:0.0026251666044456896
Epoch:223, Loss:4.128456320081439, Acc:9.226, LR:0.0025934529411321175
Epoch:224, Loss:4.123015379419132, Acc:9.336, LR:0.0025606601717798215
Validation: Loss:4.165224075317383, Acc:9.36
Epoch:225, Loss:4.124359427666177, Acc:9.268, LR:0.002526820658893034
Epoch:226, Loss:4.122820187588127, Acc:9.13, LR:0.002491967797985479
Epoch:227, Loss:4.124281265297714, Acc:9.062, LR:0.002456135984623036
Epoch:228, Loss:4.121656408115309, Acc:9.204, LR:0.0024193605804794663
Epoch:229, Loss:4.1248529833190295, Acc:9.096, LR:0.0023816778784387094
Validation: Loss:4.16151192188263, Acc:9.37
Epoch:230, Loss:4.123368151333867, Acc:9.198, LR:0.0023431250667781955
Epoch:231, Loss:4.1259269179130085, Acc:9.212, LR:0.0023037401924684946
Epoch:232, Loss:4.124280885774262, Acc:9.334, LR:0.0022635621236255566
Epoch:233, Loss:4.122920337988406, Acc:9.256, LR:0.0022226305111525727
Epoch:234, Loss:4.115630553693188, Acc:9.59, LR:0.00218098574960932
Validation: Loss:4.1600182294845585, Acc:9.57
Epoch:235, Loss:4.119955680808243, Acc:9.164, LR:0.002138668937347609
Epoch:236, Loss:4.119663194734223, Acc:9.302, LR:0.0020957218359521712
Epoch:237, Loss:4.114455811831416, Acc:9.456, LR:0.0020521868290270177
Epoch:238, Loss:4.1150456545304275, Acc:9.54, LR:0.0020081068803679382
Epoch:239, Loss:4.113919019699097, Acc:9.412, LR:0.001963525491562423
Validation: Loss:4.157353377342224, Acc:9.18
Epoch:240, Loss:4.119602320145588, Acc:9.02, LR:0.0019184866590588434
Epoch:241, Loss:4.11577997402269, Acc:9.432, LR:0.001873034830747282
Epoch:242, Loss:4.119619505746024, Acc:9.502, LR:0.001827214862094814
Epoch:243, Loss:4.113033168169917, Acc:9.454, LR:0.0017810719718785873
Epoch:244, Loss:4.1126633614909895, Acc:9.56, LR:0.0017346516975603468
Validation: Loss:4.1556695938110355, Acc:9.83
Epoch:245, Loss:4.115780553039239, Acc:9.344, LR:0.001687999850346457
Epoch:246, Loss:4.113387847433285, Acc:9.622, LR:0.0016411624699777725
Epoch:247, Loss:4.113643471075564, Acc:9.564, LR:0.0015941857792939713
Epoch:248, Loss:4.119017513430848, Acc:9.49, LR:0.0015471161386171942
Epoch:249, Loss:4.114415738047386, Acc:9.628, LR:0.0015000000000000018
Validation: Loss:4.159715867042541, Acc:9.53
Epoch:250, Loss:4.116114626125413, Acc:9.496, LR:0.001452883861382807
Epoch:251, Loss:4.113184301220641, Acc:9.61, LR:0.0014058142207060296
Epoch:252, Loss:4.113152659669215, Acc:9.56, LR:0.0013588375300222285
Epoch:253, Loss:4.111788472350763, Acc:9.742, LR:0.0013120001496535437
Epoch:254, Loss:4.110965023235399, Acc:9.582, LR:0.0012653483024396529
Validation: Loss:4.154377436637878, Acc:9.49
Epoch:255, Loss:4.113977286280418, Acc:9.372, LR:0.0012189280281214125
Epoch:256, Loss:4.109519311359951, Acc:9.646, LR:0.001172785137905186
Epoch:257, Loss:4.107196223979094, Acc:9.558, LR:0.0011269651692527177
Epoch:258, Loss:4.109483957290649, Acc:9.514, LR:0.0010815133409411563
Epoch:259, Loss:4.103941640075372, Acc:9.95, LR:0.0010364745084375793
Validation: Loss:4.156355142593384, Acc:9.69
Epoch:260, Loss:4.110736817729716, Acc:9.556, LR:0.0009918931196320636
Epoch:261, Loss:4.1047294821058005, Acc:9.826, LR:0.0009478131709729841
Epoch:262, Loss:4.10733699798584, Acc:9.804, LR:0.0009042781640478278
Epoch:263, Loss:4.1083510116654995, Acc:9.736, LR:0.00086133106265239
Epoch:264, Loss:4.101043404365073, Acc:9.732, LR:0.0008190142503906791
Validation: Loss:4.1517493724823, Acc:9.72
Epoch:265, Loss:4.103246066035057, Acc:9.68, LR:0.0007773694888474266
Epoch:266, Loss:4.1069527207588665, Acc:9.908, LR:0.0007364378763744429
Epoch:267, Loss:4.1070742509802995, Acc:9.716, LR:0.0006962598075315051
Epoch:268, Loss:4.106471314722178, Acc:9.862, LR:0.0006568749332218043
Epoch:269, Loss:4.1046629438594895, Acc:9.84, LR:0.0006183221215612907
Validation: Loss:4.152687454223633, Acc:10.12
Best model updated!
Epoch:270, Loss:4.100084431317388, Acc:10.044, LR:0.000580639419520536
Epoch:271, Loss:4.106070805569084, Acc:9.834, LR:0.0005438640153769643
Epoch:272, Loss:4.102544502336151, Acc:9.84, LR:0.0005080322020145212
Epoch:273, Loss:4.10015345592888, Acc:9.784, LR:0.0004731793411069663
Epoch:274, Loss:4.0998890789187685, Acc:9.794, LR:0.0004393398282201782
Validation: Loss:4.15042130947113, Acc:10.06
Epoch:275, Loss:4.101448608904469, Acc:9.764, LR:0.0004065470588678824
Epoch:276, Loss:4.103665770316611, Acc:9.702, LR:0.0003748333955543105
Epoch:277, Loss:4.100849307313258, Acc:9.91, LR:0.00034423013583631616
Epoch:278, Loss:4.1036979422277335, Acc:9.744, LR:0.00031476748143646456
Epoch:279, Loss:4.100556232491318, Acc:10.306, LR:0.0002864745084375792
Validation: Loss:4.1510557413101195, Acc:9.86
Epoch:280, Loss:4.099860293524606, Acc:9.922, LR:0.0002593791385881578
Epoch:281, Loss:4.101264038864447, Acc:9.818, LR:0.0002335081117469779
Epoch:282, Loss:4.097369636808123, Acc:9.862, LR:0.0002088869594940839
Epoch:283, Loss:4.096372925505346, Acc:9.946, LR:0.00018553997993420415
Epoch:284, Loss:4.100761778500615, Acc:9.892, LR:0.00016349021371744784
Validation: Loss:4.148557019233704, Acc:9.86
Epoch:285, Loss:4.098601370441671, Acc:10.096, LR:0.0001427594213009705
Epoch:286, Loss:4.101896344398965, Acc:10.048, LR:0.00012336806147402813
Epoch:287, Loss:4.098255658636288, Acc:9.92, LR:0.00010533527116762281
Epoch:288, Loss:4.09476549528083, Acc:9.86, LR:8.867884656866182e-05
Epoch:289, Loss:4.101626965464378, Acc:9.978, LR:7.341522555726987e-05
Validation: Loss:4.152356481552124, Acc:9.82
Epoch:290, Loss:4.100455240327484, Acc:10.0, LR:5.955947148458557e-05
Epoch:291, Loss:4.100941735870984, Acc:9.9, LR:4.7125258307053556e-05
Epoch:292, Loss:4.099708381964236, Acc:9.838, LR:3.612485709187918e-05
Epoch:293, Loss:4.099891443641818, Acc:9.976, LR:2.6569123906966755e-05
Epoch:294, Loss:4.09599492987808, Acc:9.966, LR:1.8467489107293347e-05
Validation: Loss:4.15112681388855, Acc:9.96
Epoch:295, Loss:4.094779111901108, Acc:10.112, LR:1.182794802828319e-05
Epoch:296, Loss:4.09888853832167, Acc:9.92, LR:6.657053095380007e-06
Epoch:297, Loss:4.097942916714415, Acc:9.996, LR:2.9599073575926623e-06
Epoch:298, Loss:4.096247707094465, Acc:9.904, LR:7.401594514026002e-07
Epoch:299, Loss:4.096811464854649, Acc:10.014, LR:0.0
Validation: Loss:4.146956086158752, Acc:10.02
Epoch:300, Loss:4.096088769484539, Acc:10.07, LR:7.401594514025999e-07
Epoch:301, Loss:4.099528487847776, Acc:10.02, LR:2.9599073575926615e-06
Epoch:302, Loss:4.098523874672091, Acc:9.902, LR:6.657053095379839e-06
Epoch:303, Loss:4.09865863225898, Acc:10.066, LR:1.182794802828302e-05
Epoch:304, Loss:4.094881184247075, Acc:9.952, LR:1.846748910729351e-05
Validation: Loss:4.153621673583984, Acc:9.87
Epoch:305, Loss:4.096803066681843, Acc:9.91, LR:2.656912390696708e-05
Epoch:306, Loss:4.098334039960589, Acc:10.03, LR:3.612485709187901e-05
Epoch:307, Loss:4.093673190292047, Acc:10.192, LR:4.712525830705338e-05
Epoch:308, Loss:4.099585090364728, Acc:9.978, LR:5.9559471484585223e-05
Epoch:309, Loss:4.101280927658081, Acc:9.684, LR:7.341522555726952e-05
Validation: Loss:4.1501784324646, Acc:9.93
Epoch:310, Loss:4.096924295230788, Acc:10.184, LR:8.867884656866145e-05
Epoch:311, Loss:4.101732395133194, Acc:9.856, LR:0.00010533527116762243
Epoch:312, Loss:4.097131247423133, Acc:10.086, LR:0.00012336806147402775
Epoch:313, Loss:4.098460805659392, Acc:9.722, LR:0.00014275942130096992
Epoch:314, Loss:4.100370032446725, Acc:9.784, LR:0.0001634902137174484
Validation: Loss:4.1529052734375, Acc:9.92
Epoch:315, Loss:4.09652244801424, Acc:10.114, LR:0.0001855399799342047
Epoch:316, Loss:4.095958831358929, Acc:9.924, LR:0.00020888695949408459
Epoch:317, Loss:4.0968286991119385, Acc:9.862, LR:0.00023350811174697726
Epoch:318, Loss:4.100276801050926, Acc:9.716, LR:0.00025937913858815697
Epoch:319, Loss:4.0988585900287235, Acc:10.058, LR:0.00028647450843757833
Validation: Loss:4.153731918334961, Acc:9.81
Epoch:320, Loss:4.100662353087444, Acc:9.808, LR:0.0003147674814364637
Epoch:321, Loss:4.101421803844218, Acc:10.208, LR:0.00034423013583631523
Epoch:322, Loss:4.103159296269319, Acc:9.796, LR:0.00037483339555430956
Epoch:323, Loss:4.098137821469988, Acc:9.782, LR:0.0004065470588678812
Epoch:324, Loss:4.098002372955789, Acc:9.792, LR:0.00043933982822017703
Validation: Loss:4.152211833000183, Acc:10.16
Best model updated!
Epoch:325, Loss:4.100208131634459, Acc:9.99, LR:0.00047317934110696516
Epoch:326, Loss:4.103727997565756, Acc:9.984, LR:0.000508032202014522
Epoch:327, Loss:4.094565046076872, Acc:10.014, LR:0.0005438640153769632
Epoch:328, Loss:4.100831693532515, Acc:9.99, LR:0.0005806394195205346
Epoch:329, Loss:4.104688741722885, Acc:9.726, LR:0.0006183221215612872
Validation: Loss:4.150028252601624, Acc:9.97
Epoch:330, Loss:4.10258935908882, Acc:9.81, LR:0.000656874933221803
Epoch:331, Loss:4.10201113078059, Acc:9.784, LR:0.0006962598075315059
Epoch:332, Loss:4.102292999929311, Acc:9.89, LR:0.0007364378763744414
Epoch:333, Loss:4.099670509902799, Acc:9.772, LR:0.0007773694888474274
Epoch:334, Loss:4.1055015544502105, Acc:9.79, LR:0.0008190142503906776
Validation: Loss:4.1477954387664795, Acc:9.97
Epoch:335, Loss:4.100359357133204, Acc:9.832, LR:0.0008613310626523909
Epoch:336, Loss:4.1011263740306, Acc:9.914, LR:0.0009042781640478263
Epoch:337, Loss:4.108407983974534, Acc:9.876, LR:0.0009478131709729822
Epoch:338, Loss:4.105266103939134, Acc:9.752, LR:0.0009918931196320592
Epoch:339, Loss:4.107750663951951, Acc:9.724, LR:0.001036474508437577
Validation: Loss:4.152592968940735, Acc:9.84
Epoch:340, Loss:4.105131767234024, Acc:9.712, LR:0.0010815133409411515
Epoch:341, Loss:4.108684340301825, Acc:9.544, LR:0.0011269651692527157
Epoch:342, Loss:4.110707618752304, Acc:9.49, LR:0.0011727851379051864
Epoch:343, Loss:4.110957028914471, Acc:9.748, LR:0.0012189280281214103
Epoch:344, Loss:4.104771049655214, Acc:9.58, LR:0.0012653483024396533
Validation: Loss:4.150284743309021, Acc:9.86
Epoch:345, Loss:4.10640362817414, Acc:9.676, LR:0.0013120001496535404
Epoch:346, Loss:4.113270448178661, Acc:9.562, LR:0.0013588375300222276
Epoch:347, Loss:4.108881585452021, Acc:9.504, LR:0.001405814220706026
Epoch:348, Loss:4.113272340930238, Acc:9.632, LR:0.001452883861382806
Epoch:349, Loss:4.111590575198738, Acc:9.716, LR:0.0014999999999999957
Validation: Loss:4.159253430366516, Acc:9.13
Epoch:350, Loss:4.115615397083516, Acc:9.422, LR:0.0015471161386171903
Epoch:351, Loss:4.112653951255643, Acc:9.474, LR:0.0015941857792939678
Epoch:352, Loss:4.110582147325788, Acc:9.552, LR:0.001641162469977769
Epoch:353, Loss:4.112217917734263, Acc:9.386, LR:0.0016879998503464561
Epoch:354, Loss:4.1113065992082864, Acc:9.602, LR:0.0017346516975603433
Validation: Loss:4.161460256576538, Acc:9.25
Epoch:355, Loss:4.115849027828294, Acc:9.354, LR:0.0017810719718785862
Epoch:356, Loss:4.1134504006833446, Acc:9.556, LR:0.0018272148620948104
Epoch:357, Loss:4.111978102703484, Acc:9.258, LR:0.0018730348307472808
Epoch:358, Loss:4.113860052459094, Acc:9.46, LR:0.0019184866590588397
Epoch:359, Loss:4.117699297106996, Acc:9.34, LR:0.0019635254915624195
Validation: Loss:4.158197546005249, Acc:9.79
Epoch:360, Loss:4.119855428228573, Acc:9.214, LR:0.002008106880367935
Epoch:361, Loss:4.123838702026679, Acc:9.396, LR:0.002052186829027015
Epoch:362, Loss:4.117375203541347, Acc:9.19, LR:0.0020957218359521712
Epoch:363, Loss:4.119632180856199, Acc:9.394, LR:0.0021386689373476065
Epoch:364, Loss:4.1209733826773505, Acc:9.194, LR:0.00218098574960932
Validation: Loss:4.157162117958069, Acc:9.28
Epoch:365, Loss:4.118808897174135, Acc:9.436, LR:0.00222263051115257
Epoch:366, Loss:4.11553414013921, Acc:9.448, LR:0.002263562123625556
Epoch:367, Loss:4.118567685691678, Acc:9.304, LR:0.0023037401924684915
Epoch:368, Loss:4.117782801997905, Acc:9.214, LR:0.0023431250667781947
Epoch:369, Loss:4.120098790343927, Acc:9.342, LR:0.0023816778784387085
Validation: Loss:4.159089088439941, Acc:9.65
Epoch:370, Loss:4.119206915096361, Acc:9.462, LR:0.0024193605804794633
Epoch:371, Loss:4.120906391922309, Acc:9.338, LR:0.0024561359846230328
Epoch:372, Loss:4.124264974983371, Acc:9.092, LR:0.0024919677979854758
Epoch:373, Loss:4.121052216510384, Acc:9.252, LR:0.002526820658893033
Epoch:374, Loss:4.125203502421477, Acc:9.246, LR:0.002560660171779819
Validation: Loss:4.164281988143921, Acc:9.14
Epoch:375, Loss:4.125530700294339, Acc:9.188, LR:0.002593452941132117
Epoch:376, Loss:4.126637283636599, Acc:9.084, LR:0.0026251666044456866
Epoch:377, Loss:4.124450844161364, Acc:9.216, LR:0.0026557698641636826
Epoch:378, Loss:4.116338681201546, Acc:9.35, LR:0.002685232518563534
Epoch:379, Loss:4.125611660431843, Acc:9.128, LR:0.0027135254915624193
Validation: Loss:4.163894200325013, Acc:9.54
Epoch:380, Loss:4.123004708971296, Acc:9.27, LR:0.002740620861411841
Epoch:381, Loss:4.122336557933262, Acc:9.062, LR:0.0027664918882530213
Epoch:382, Loss:4.124860710027266, Acc:9.218, LR:0.002791113040505914
Epoch:383, Loss:4.124386982041962, Acc:9.18, LR:0.002814460020065794
Epoch:384, Loss:4.126179772980359, Acc:9.06, LR:0.0028365097862825517
Validation: Loss:4.161907124519348, Acc:9.38
Epoch:385, Loss:4.129984806995003, Acc:9.224, LR:0.002857240578699028
Epoch:386, Loss:4.123768441531123, Acc:9.336, LR:0.002876631938525971
Epoch:387, Loss:4.128180966085317, Acc:9.22, LR:0.0028946647288323767
Epoch:388, Loss:4.127163069588797, Acc:9.128, LR:0.0029113211534313376
Epoch:389, Loss:4.124289215827475, Acc:9.134, LR:0.00292658477444273
Validation: Loss:4.163308310508728, Acc:9.4
Epoch:390, Loss:4.121672532996353, Acc:9.202, LR:0.0029404405285154136
Epoch:391, Loss:4.125910778434909, Acc:9.102, LR:0.002952874741692946
Epoch:392, Loss:4.127693599584151, Acc:9.056, LR:0.00296387514290812
Epoch:393, Loss:4.126891481633089, Acc:9.152, LR:0.002973430876093032
Epoch:394, Loss:4.126748007171008, Acc:9.224, LR:0.002981532510892706
Validation: Loss:4.17243390083313, Acc:9.23
Epoch:395, Loss:4.124521990211642, Acc:9.198, LR:0.0029881720519717163
Epoch:396, Loss:4.1219610729996035, Acc:9.316, LR:0.0029933429469046193
Epoch:397, Loss:4.128517287118094, Acc:9.05, LR:0.002997040092642407
Epoch:398, Loss:4.129328971006433, Acc:9.164, LR:0.002999259840548597
Epoch:399, Loss:4.124723045193419, Acc:9.14, LR:0.003
Validation: Loss:4.1735814094543455, Acc:8.78
Epoch:400, Loss:4.122412190145376, Acc:9.324, LR:0.0029992598405485975
Epoch:401, Loss:4.130203242204627, Acc:9.348, LR:0.002997040092642408
Epoch:402, Loss:4.125647754085307, Acc:9.244, LR:0.00299334294690462
Epoch:403, Loss:4.12242469009088, Acc:9.352, LR:0.002988172051971717
Epoch:404, Loss:4.1219239672836, Acc:9.184, LR:0.0029815325108927073
Validation: Loss:4.170753240585327, Acc:9.23
Epoch:405, Loss:4.127952415115979, Acc:9.136, LR:0.002973430876093033
Epoch:406, Loss:4.128058491920938, Acc:9.128, LR:0.0029638751429081215
Epoch:407, Loss:4.127398320606777, Acc:9.202, LR:0.002952874741692947
Epoch:408, Loss:4.123412949698312, Acc:9.324, LR:0.0029404405285154154
Epoch:409, Loss:4.12551439538294, Acc:9.138, LR:0.0029265847744427307
Validation: Loss:4.17285521030426, Acc:8.87
Epoch:410, Loss:4.122381502268266, Acc:9.102, LR:0.0029113211534313385
Epoch:411, Loss:4.1286623867190615, Acc:9.17, LR:0.002894664728832378
Epoch:412, Loss:4.126932217150318, Acc:9.118, LR:0.0028766319385259724
Epoch:413, Loss:4.125722505608383, Acc:9.062, LR:0.00285724057869903
Epoch:414, Loss:4.127053596535507, Acc:9.33, LR:0.0028365097862825517
Validation: Loss:4.165796828269959, Acc:9.67
Epoch:415, Loss:4.119343640852947, Acc:9.26, LR:0.0028144600200657953
Epoch:416, Loss:4.1264670868309175, Acc:9.166, LR:0.002791113040505916
Epoch:417, Loss:4.122315679277692, Acc:9.092, LR:0.0027664918882530235
Epoch:418, Loss:4.127473826311072, Acc:9.22, LR:0.002740620861411844
Epoch:419, Loss:4.124387074489983, Acc:9.264, LR:0.002713525491562422
Validation: Loss:4.169473052024841, Acc:8.83
Epoch:420, Loss:4.123519444952206, Acc:9.182, LR:0.0026852325185635364
Epoch:421, Loss:4.1214311609462815, Acc:9.236, LR:0.002655769864163685
Epoch:422, Loss:4.12608654158456, Acc:9.14, LR:0.0026251666044456905
Epoch:423, Loss:4.1267924016835735, Acc:9.118, LR:0.0025934529411321167
Epoch:424, Loss:4.125588713860025, Acc:9.02, LR:0.0025606601717798228
Validation: Loss:4.164643740653991, Acc:9.4
Epoch:425, Loss:4.117086663538096, Acc:9.338, LR:0.0025268206588930325
Epoch:426, Loss:4.125730013360783, Acc:9.176, LR:0.0024919677979854775
Epoch:427, Loss:4.122958285467965, Acc:9.052, LR:0.0024561359846230345
Epoch:428, Loss:4.1228086510483095, Acc:9.08, LR:0.002419360580479465
Epoch:429, Loss:4.120790880553576, Acc:9.326, LR:0.0023816778784387102
Validation: Loss:4.1619408369064335, Acc:9.23
Epoch:430, Loss:4.117166329403313, Acc:9.246, LR:0.002343125066778197
Epoch:431, Loss:4.119466611317226, Acc:9.24, LR:0.002303740192468496
Epoch:432, Loss:4.122475813846199, Acc:9.272, LR:0.0022635621236255558
Epoch:433, Loss:4.117566196285948, Acc:9.404, LR:0.002222630511152574
Epoch:434, Loss:4.115524885605793, Acc:9.602, LR:0.0021809857496093194
Validation: Loss:4.154998993873596, Acc:9.45
Epoch:435, Loss:4.116610059932786, Acc:9.324, LR:0.002138668937347611
Epoch:436, Loss:4.118588160495369, Acc:9.284, LR:0.0020957218359521704
Epoch:437, Loss:4.114458293330912, Acc:9.348, LR:0.002052186829027017
Epoch:438, Loss:4.117845822353752, Acc:9.388, LR:0.002008106880367937
Epoch:439, Loss:4.118213249712574, Acc:9.238, LR:0.0019635254915624217
Validation: Loss:4.156736493110657, Acc:9.82
Epoch:440, Loss:4.115465475588429, Acc:9.606, LR:0.0019184866590588445
Epoch:441, Loss:4.113521790017887, Acc:9.472, LR:0.0018730348307472806
Epoch:442, Loss:4.121936506154586, Acc:9.272, LR:0.001827214862094815
Epoch:443, Loss:4.114347180541681, Acc:9.686, LR:0.0017810719718785858
Epoch:444, Loss:4.115696157727923, Acc:9.402, LR:0.001734651697560348
Validation: Loss:4.158766508102417, Acc:9.73
Epoch:445, Loss:4.113595714374465, Acc:9.582, LR:0.0016879998503464557
Epoch:446, Loss:4.1076630086314925, Acc:9.694, LR:0.0016411624699777738
Epoch:447, Loss:4.112654262659501, Acc:9.384, LR:0.0015941857792939698
Epoch:448, Loss:4.112182860471765, Acc:9.554, LR:0.0015471161386171927
Epoch:449, Loss:4.112811039905159, Acc:9.328, LR:0.0015000000000000002
Validation: Loss:4.1538818359375, Acc:9.69
Epoch:450, Loss:4.109827046491662, Acc:9.764, LR:0.0014528838613828057
Epoch:451, Loss:4.10958549927692, Acc:9.574, LR:0.0014058142207060307
Epoch:452, Loss:4.1088128527816465, Acc:9.524, LR:0.001358837530022227
Epoch:453, Loss:4.114092072662042, Acc:9.582, LR:0.001312000149653545
Epoch:454, Loss:4.111026890423833, Acc:9.682, LR:0.0012653483024396527
Validation: Loss:4.155078482627869, Acc:9.95
Epoch:455, Loss:4.10560340784034, Acc:9.598, LR:0.001218928028121415
Epoch:456, Loss:4.1134048578690505, Acc:9.406, LR:0.0011727851379051857
Epoch:457, Loss:4.113134194393547, Acc:9.596, LR:0.0011269651692527203
Epoch:458, Loss:4.1147492661768075, Acc:9.6, LR:0.001081513340941156
Epoch:459, Loss:4.108071979211301, Acc:9.758, LR:0.0010364745084375767
Validation: Loss:4.157576155662537, Acc:9.62
Epoch:460, Loss:4.112069577586894, Acc:9.464, LR:0.0009918931196320634
Epoch:461, Loss:4.112828459058489, Acc:9.714, LR:0.0009478131709729813
Epoch:462, Loss:4.106930966279944, Acc:9.732, LR:0.00090427816404783
Epoch:463, Loss:4.105080521836573, Acc:9.708, LR:0.0008613310626523898
Epoch:464, Loss:4.108853938628216, Acc:9.732, LR:0.0008190142503906813
Validation: Loss:4.153195118904113, Acc:9.85
Epoch:465, Loss:4.099031720842634, Acc:9.726, LR:0.0007773694888474264
Epoch:466, Loss:4.1054390352599475, Acc:9.88, LR:0.0007364378763744449
Epoch:467, Loss:4.102102221274863, Acc:9.8, LR:0.0006962598075315048
Epoch:468, Loss:4.105373543135974, Acc:9.656, LR:0.0006568749332218063
Epoch:469, Loss:4.101810902965312, Acc:9.994, LR:0.0006183221215612905
Validation: Loss:4.153839921951294, Acc:9.87
Epoch:470, Loss:4.105865950487098, Acc:9.692, LR:0.0005806394195205336
Epoch:471, Loss:4.10424095270585, Acc:9.65, LR:0.0005438640153769661
Epoch:472, Loss:4.098894333352848, Acc:9.922, LR:0.0005080322020145211
Epoch:473, Loss:4.103846545122107, Acc:9.696, LR:0.00047317934110696803
Epoch:474, Loss:4.10687889858168, Acc:9.728, LR:0.000439339828220178
Validation: Loss:4.153096008300781, Acc:9.69
Epoch:475, Loss:4.0984857812219735, Acc:9.938, LR:0.00040654705886788403
Epoch:476, Loss:4.1014377973517595, Acc:9.816, LR:0.0003748333955543105
Epoch:477, Loss:4.103084131162994, Acc:9.884, LR:0.00034423013583631784
Epoch:478, Loss:4.101894500304241, Acc:9.894, LR:0.0003147674814364646
Epoch:479, Loss:4.105800010720078, Acc:9.974, LR:0.00028647450843758077
Validation: Loss:4.150113749504089, Acc:10.05
Epoch:480, Loss:4.099462105303394, Acc:9.72, LR:0.0002593791385881577
Epoch:481, Loss:4.104507363572413, Acc:9.81, LR:0.00023350811174697656
Epoch:482, Loss:4.0978735855647495, Acc:9.99, LR:0.00020888695949408524
Epoch:483, Loss:4.098727338168086, Acc:9.95, LR:0.00018553997993420418
Epoch:484, Loss:4.098845248319665, Acc:9.854, LR:0.00016349021371744906
Validation: Loss:4.150658392906189, Acc:9.84
Epoch:485, Loss:4.099260884888318, Acc:9.996, LR:0.00014275942130097057
Epoch:486, Loss:4.097285713468279, Acc:9.874, LR:0.0001233680614740294
Epoch:487, Loss:4.096998764544117, Acc:10.118, LR:0.00010533527116762294
Epoch:488, Loss:4.098464343012596, Acc:9.848, LR:8.867884656866294e-05
Epoch:489, Loss:4.096726534317951, Acc:9.86, LR:7.341522555726983e-05
Validation: Loss:4.151717710494995, Acc:9.9
Epoch:490, Loss:4.099104209822052, Acc:9.996, LR:5.955947148458487e-05
Epoch:491, Loss:4.10252182824271, Acc:9.914, LR:4.71252583070537e-05
Epoch:492, Loss:4.098607652041377, Acc:9.866, LR:3.6124857091878666e-05
Epoch:493, Loss:4.097959284879724, Acc:9.954, LR:2.6569123906967405e-05
Epoch:494, Loss:4.099282663695666, Acc:9.856, LR:1.8467489107293337e-05
Validation: Loss:4.1530070304870605, Acc:9.83
Epoch:495, Loss:4.096183650347651, Acc:10.048, LR:1.1827948028283515e-05
Epoch:496, Loss:4.094804233434249, Acc:10.068, LR:6.6570530953800035e-06
Epoch:497, Loss:4.099857164888966, Acc:9.962, LR:2.9599073575928275e-06
Epoch:498, Loss:4.0994212384126625, Acc:9.896, LR:7.401594514027663e-07
Epoch:499, Loss:4.09357550679421, Acc:10.106, LR:0.0
Validation: Loss:4.15163950920105, Acc:9.94
Epoch:500, Loss:4.099501351920926, Acc:9.8, LR:7.401594514025999e-07
Epoch:501, Loss:4.097581216267177, Acc:10.11, LR:2.9599073575926615e-06
Epoch:502, Loss:4.0988117724048845, Acc:9.886, LR:6.657053095379839e-06
Epoch:503, Loss:4.099963815844789, Acc:9.942, LR:1.1827948028283354e-05
Epoch:504, Loss:4.100250531216057, Acc:9.736, LR:1.8467489107293012e-05
Validation: Loss:4.149919652938843, Acc:9.92
Epoch:505, Loss:4.095844117962584, Acc:9.98, LR:2.6569123906967087e-05
Epoch:506, Loss:4.0984537942068915, Acc:9.946, LR:3.6124857091878354e-05
Epoch:507, Loss:4.093874907007023, Acc:10.034, LR:4.712525830705323e-05
Epoch:508, Loss:4.09882224822531, Acc:9.9, LR:5.955947148458442e-05
Epoch:509, Loss:4.094388061640214, Acc:9.954, LR:7.341522555727022e-05
Validation: Loss:4.1484596729278564, Acc:9.98
Epoch:510, Loss:4.100963855276302, Acc:9.894, LR:8.867884656866134e-05
Epoch:511, Loss:4.096500562161816, Acc:9.988, LR:0.00010533527116762334
Epoch:512, Loss:4.09712291736992, Acc:10.198, LR:0.00012336806147402767
Epoch:513, Loss:4.096855810710362, Acc:9.924, LR:0.000142759421300971
Epoch:514, Loss:4.096391157228119, Acc:9.904, LR:0.0001634902137174472
Validation: Loss:4.148593854904175, Acc:10.11
Epoch:515, Loss:4.09953928480343, Acc:9.954, LR:0.0001855399799342047
Epoch:516, Loss:4.098237037658691, Acc:10.094, LR:0.00020888695949408594
Epoch:517, Loss:4.096661071388089, Acc:10.1, LR:0.00023350811174697731
Epoch:518, Loss:4.097386861334042, Acc:10.086, LR:0.00025937913858815854
Epoch:519, Loss:4.1008453661081745, Acc:9.884, LR:0.00028647450843757844
Validation: Loss:4.155199408531189, Acc:9.87
Epoch:520, Loss:4.101974988470272, Acc:10.034, LR:0.0003147674814364655
Epoch:521, Loss:4.099067945869601, Acc:9.804, LR:0.00034423013583631523
Epoch:522, Loss:4.1031065765692265, Acc:10.036, LR:0.0003748333955543114
Epoch:523, Loss:4.098628044128418, Acc:10.028, LR:0.0004065470588678815
Epoch:524, Loss:4.104546975116341, Acc:9.752, LR:0.0004393398282201791
Validation: Loss:4.153418707847595, Acc:9.96
Epoch:525, Loss:4.102506311572328, Acc:9.844, LR:0.0004731793411069692
Epoch:526, Loss:4.1018047284106816, Acc:9.898, LR:0.0005080322020145222
Epoch:527, Loss:4.104030059308422, Acc:9.888, LR:0.0005438640153769673
Epoch:528, Loss:4.1081759735029575, Acc:9.746, LR:0.0005806394195205348
Epoch:529, Loss:4.105176395299483, Acc:9.99, LR:0.0006183221215612918
Validation: Loss:4.155716753005981, Acc:9.96
Epoch:530, Loss:4.102945502923459, Acc:9.938, LR:0.0006568749332218033
Epoch:531, Loss:4.102398205776604, Acc:9.748, LR:0.0006962598075315063
Epoch:532, Loss:4.10146765806237, Acc:9.8, LR:0.0007364378763744417
Epoch:533, Loss:4.108767485132023, Acc:9.632, LR:0.0007773694888474277
Epoch:534, Loss:4.104300338394788, Acc:9.9, LR:0.0008190142503906827
Validation: Loss:4.1559923648834225, Acc:9.86
Epoch:535, Loss:4.105825657747229, Acc:9.916, LR:0.0008613310626523911
Epoch:536, Loss:4.106833674469772, Acc:9.824, LR:0.0009042781640478313
Epoch:537, Loss:4.107197635027827, Acc:9.684, LR:0.0009478131709729827
Epoch:538, Loss:4.11029754852762, Acc:9.76, LR:0.0009918931196320649
Epoch:539, Loss:4.108331840865466, Acc:9.698, LR:0.001036474508437578
Validation: Loss:4.154830026626587, Acc:9.75
Epoch:540, Loss:4.111174812122267, Acc:9.772, LR:0.0010815133409411578
Epoch:541, Loss:4.106915911849664, Acc:9.632, LR:0.0011269651692527166
Epoch:542, Loss:4.110008745777364, Acc:9.596, LR:0.0011727851379051872
Epoch:543, Loss:4.1108642840872, Acc:9.696, LR:0.0012189280281214166
Epoch:544, Loss:4.105102339569403, Acc:9.742, LR:0.0012653483024396544
Validation: Loss:4.153699469566345, Acc:9.76
Epoch:545, Loss:4.113701197565819, Acc:9.594, LR:0.0013120001496535465
Epoch:546, Loss:4.110162861493169, Acc:9.532, LR:0.0013588375300222287
Epoch:547, Loss:4.110605054972123, Acc:9.794, LR:0.0014058142207060325
Epoch:548, Loss:4.115390276422306, Acc:9.752, LR:0.0014528838613828072
Epoch:549, Loss:4.1115564570135, Acc:9.606, LR:0.001500000000000002
Validation: Loss:4.156897258758545, Acc:9.63
Epoch:550, Loss:4.1070435095806515, Acc:9.51, LR:0.0015471161386171916
Epoch:551, Loss:4.111603041084445, Acc:9.39, LR:0.0015941857792939717
Epoch:552, Loss:4.11435662970251, Acc:9.542, LR:0.0016411624699777705
Epoch:553, Loss:4.112034836593939, Acc:9.386, LR:0.0016879998503464577
Epoch:554, Loss:4.115161608676521, Acc:9.454, LR:0.00173465169756035
Validation: Loss:4.154534959793091, Acc:9.73
Epoch:555, Loss:4.112000942230225, Acc:9.43, LR:0.0017810719718785875
Epoch:556, Loss:4.110397358329928, Acc:9.634, LR:0.0018272148620948165
Epoch:557, Loss:4.113227187370767, Acc:9.53, LR:0.0018730348307472821
Epoch:558, Loss:4.109764410524952, Acc:9.464, LR:0.0019184866590588464
Epoch:559, Loss:4.119591129069426, Acc:9.316, LR:0.001963525491562421
Validation: Loss:4.164612030982971, Acc:9.28
Epoch:560, Loss:4.119708241248618, Acc:9.372, LR:0.002008106880367939
Epoch:561, Loss:4.117406358524245, Acc:9.25, LR:0.0020521868290270164
Epoch:562, Loss:4.119963704323282, Acc:9.26, LR:0.0020957218359521725
Epoch:563, Loss:4.122338786417124, Acc:9.27, LR:0.002138668937347608
Epoch:564, Loss:4.117581075551558, Acc:9.396, LR:0.0021809857496093215
Validation: Loss:4.162159824371338, Acc:9.59
Epoch:565, Loss:4.1210209204226125, Acc:9.446, LR:0.002222630511152576
Epoch:566, Loss:4.116082240124138, Acc:9.286, LR:0.0022635621236255584
Epoch:567, Loss:4.121506588799613, Acc:9.234, LR:0.0023037401924684985
Epoch:568, Loss:4.1210018907274515, Acc:9.266, LR:0.002343125066778197
Epoch:569, Loss:4.125375733083608, Acc:9.33, LR:0.002381677878438713
Validation: Loss:4.16911518573761, Acc:9.32
Epoch:570, Loss:4.1211921487535745, Acc:9.168, LR:0.0024193605804794655
Epoch:571, Loss:4.124506424884407, Acc:9.192, LR:0.0024561359846230375
Epoch:572, Loss:4.124689802831533, Acc:9.144, LR:0.0024919677979854784
Epoch:573, Loss:4.122543417677587, Acc:9.172, LR:0.0025268206588930356
Epoch:574, Loss:4.1227945989491985, Acc:9.196, LR:0.0025606601717798215
Validation: Loss:4.161606073379517, Acc:9.39
Epoch:575, Loss:4.125018110080641, Acc:9.052, LR:0.0025934529411321197
Epoch:576, Loss:4.1250797145220695, Acc:9.158, LR:0.002625166604445693
Epoch:577, Loss:4.118827435435081, Acc:9.312, LR:0.002655769864163686
Epoch:578, Loss:4.122507718144631, Acc:9.344, LR:0.002685232518563539
Epoch:579, Loss:4.119611209752608, Acc:9.208, LR:0.0027135254915624228
Validation: Loss:4.161731696128845, Acc:9.3
Epoch:580, Loss:4.120200200956695, Acc:9.22, LR:0.0027406208614118455
Epoch:581, Loss:4.121828560926477, Acc:9.178, LR:0.002766491888253024
Epoch:582, Loss:4.119642982677537, Acc:9.336, LR:0.0027911130405059176
Epoch:583, Loss:4.126406217107967, Acc:9.11, LR:0.002814460020065796
Epoch:584, Loss:4.123261865304441, Acc:9.266, LR:0.0028365097862825535
Validation: Loss:4.163375353813171, Acc:9.53
Epoch:585, Loss:4.121854821029975, Acc:9.136, LR:0.0028572405786990297
Epoch:586, Loss:4.127294822615021, Acc:9.126, LR:0.0028766319385259732
Epoch:587, Loss:4.120340551648821, Acc:9.342, LR:0.0028946647288323793
Epoch:588, Loss:4.12377235840778, Acc:9.102, LR:0.0029113211534313394
Epoch:589, Loss:4.126468317849295, Acc:9.128, LR:0.0029265847744427325
Validation: Loss:4.163651442527771, Acc:9.33
Epoch:590, Loss:4.125702347074236, Acc:9.214, LR:0.002940440528515416
Epoch:591, Loss:4.120125269403263, Acc:9.074, LR:0.0029528747416929482
Epoch:592, Loss:4.123464895754444, Acc:9.168, LR:0.002963875142908122
Epoch:593, Loss:4.128677173536651, Acc:8.98, LR:0.0029734308760930345
Epoch:594, Loss:4.127264655366236, Acc:9.054, LR:0.0029815325108927073
Validation: Loss:4.165697073936462, Acc:9.83
Epoch:595, Loss:4.1269669289491615, Acc:9.028, LR:0.0029881720519717185
Epoch:596, Loss:4.121775096776534, Acc:9.12, LR:0.0029933429469046215
Epoch:597, Loss:4.123312166758946, Acc:9.204, LR:0.0029970400926424092
Epoch:598, Loss:4.125399827957153, Acc:9.196, LR:0.0029992598405485993
Epoch:599, Loss:4.124689895279554, Acc:9.188, LR:0.0030000000000000022
Validation: Loss:4.167181372642517, Acc:9.32
Epoch:600, Loss:4.121473112884833, Acc:9.128, LR:0.0029992598405485993
Epoch:601, Loss:4.123430514822201, Acc:9.214, LR:0.00299704009264241
Epoch:602, Loss:4.127303308370162, Acc:9.126, LR:0.0029933429469046224
Epoch:603, Loss:4.125721829278128, Acc:9.024, LR:0.0029881720519717193
Epoch:604, Loss:4.1235467317153, Acc:9.15, LR:0.002981532510892709
Validation: Loss:4.1568280220031735, Acc:9.22
Epoch:605, Loss:4.127839828024105, Acc:9.234, LR:0.002973430876093036
Epoch:606, Loss:4.129874526237955, Acc:8.95, LR:0.002963875142908123
Epoch:607, Loss:4.126181587880971, Acc:9.278, LR:0.002952874741692949
Epoch:608, Loss:4.124095683195153, Acc:9.384, LR:0.002940440528515417
Epoch:609, Loss:4.125875365977385, Acc:9.296, LR:0.0029265847744427316
Validation: Loss:4.154977631568909, Acc:9.55
Epoch:610, Loss:4.131032705307007, Acc:9.122, LR:0.0029113211534313407
Epoch:611, Loss:4.129662435881945, Acc:9.292, LR:0.002894664728832379
Epoch:612, Loss:4.123578183505, Acc:9.176, LR:0.002876631938525975
Epoch:613, Loss:4.131234509604318, Acc:9.008, LR:0.0028572405786990314
Epoch:614, Loss:4.126700990054072, Acc:9.186, LR:0.0028365097862825556
Validation: Loss:4.159189295768738, Acc:9.62
Epoch:615, Loss:4.127024421886522, Acc:9.202, LR:0.002814460020065798
Epoch:616, Loss:4.1235784121922086, Acc:9.164, LR:0.0027911130405059194
Epoch:617, Loss:4.121469920995284, Acc:9.184, LR:0.0027664918882530256
Epoch:618, Loss:4.127107771075502, Acc:9.278, LR:0.0027406208614118447
Epoch:619, Loss:4.12466159645392, Acc:9.368, LR:0.0027135254915624245
Validation: Loss:4.166581511497498, Acc:9.47
Epoch:620, Loss:4.1270221155516955, Acc:9.286, LR:0.0026852325185635372
Epoch:621, Loss:4.124971564935178, Acc:9.396, LR:0.0026557698641636873
Epoch:622, Loss:4.124475576439682, Acc:9.114, LR:0.002625166604445691
Epoch:623, Loss:4.124966032651006, Acc:9.146, LR:0.0025934529411321215
Epoch:624, Loss:4.121461274672527, Acc:9.12, LR:0.0025606601717798236
Validation: Loss:4.16289873123169, Acc:9.47
Epoch:625, Loss:4.120333248255204, Acc:9.246, LR:0.0025268206588930377
Epoch:626, Loss:4.124018883218571, Acc:9.16, LR:0.002491967797985481
Epoch:627, Loss:4.121467094032132, Acc:9.266, LR:0.00245613598462304
Epoch:628, Loss:4.121179600151217, Acc:9.368, LR:0.0024193605804794685
Epoch:629, Loss:4.1207232572594465, Acc:9.312, LR:0.0023816778784387115
Validation: Loss:4.163144159317016, Acc:9.43
Epoch:630, Loss:4.121482128999671, Acc:9.286, LR:0.0023431250667782
Epoch:631, Loss:4.119905204189067, Acc:9.382, LR:0.002303740192468497
Epoch:632, Loss:4.121416271949301, Acc:9.22, LR:0.0022635621236255614
Epoch:633, Loss:4.119384298519212, Acc:9.402, LR:0.0022226305111525753
Epoch:634, Loss:4.119442132054543, Acc:9.258, LR:0.0021809857496093254
Validation: Loss:4.157182335853577, Acc:9.57
Epoch:635, Loss:4.119857539935988, Acc:9.318, LR:0.002138668937347612
Epoch:636, Loss:4.122875082249544, Acc:9.466, LR:0.002095721835952177
Epoch:637, Loss:4.117247678795639, Acc:9.41, LR:0.0020521868290270208
Epoch:638, Loss:4.110160686531845, Acc:9.45, LR:0.0020081068803679434
Epoch:639, Loss:4.117657505736059, Acc:9.286, LR:0.001963525491562425
Validation: Loss:4.163077092170715, Acc:9.88
Epoch:640, Loss:4.120453596115112, Acc:9.418, LR:0.0019184866590588455
Epoch:641, Loss:4.114502566201346, Acc:9.52, LR:0.0018730348307472867
Epoch:642, Loss:4.114290281217926, Acc:9.396, LR:0.0018272148620948159
Epoch:643, Loss:4.1119809685921185, Acc:9.508, LR:0.0017810719718785919
Epoch:644, Loss:4.1125465412529145, Acc:9.486, LR:0.0017346516975603487
Validation: Loss:4.156356143951416, Acc:9.74
Epoch:645, Loss:4.113730396543231, Acc:9.498, LR:0.0016879998503464616
Epoch:646, Loss:4.116931779044015, Acc:9.316, LR:0.0016411624699777742
Epoch:647, Loss:4.115121457041527, Acc:9.418, LR:0.0015941857792939758
Epoch:648, Loss:4.113962358357955, Acc:9.476, LR:0.0015471161386171957
Epoch:649, Loss:4.109548814442693, Acc:9.62, LR:0.0015000000000000063
Validation: Loss:4.158640360832214, Acc:9.4
Epoch:650, Loss:4.115450781218859, Acc:9.536, LR:0.0014528838613828113
Epoch:651, Loss:4.115092686244419, Acc:9.488, LR:0.0014058142207060364
Epoch:652, Loss:4.116897621933295, Acc:9.402, LR:0.0013588375300222272
Epoch:653, Loss:4.114637520848488, Acc:9.552, LR:0.0013120001496535452
Epoch:654, Loss:4.110984831440206, Acc:9.576, LR:0.001265348302439658
Validation: Loss:4.1594593048095705, Acc:9.8
Epoch:655, Loss:4.1053502413691305, Acc:9.814, LR:0.00121892802812142
Epoch:656, Loss:4.102807877015095, Acc:9.844, LR:0.0011727851379051855
Epoch:657, Loss:4.110302073614938, Acc:9.476, LR:0.0011269651692527199
Epoch:658, Loss:4.112577428623122, Acc:9.482, LR:0.001081513340941161
Epoch:659, Loss:4.107057332992554, Acc:9.698, LR:0.0010364745084375866
Validation: Loss:4.15581591129303, Acc:9.77
Epoch:660, Loss:4.110334513138752, Acc:9.62, LR:0.0009918931196320631
Epoch:661, Loss:4.102627695823203, Acc:9.79, LR:0.0009478131709729861
Epoch:662, Loss:4.105857683687794, Acc:9.798, LR:0.0009042781640478347
Epoch:663, Loss:4.108408825738089, Acc:9.702, LR:0.0008613310626523896
Epoch:664, Loss:4.106871872532125, Acc:9.774, LR:0.0008190142503906809
Validation: Loss:4.151819443702697, Acc:10.06
Epoch:665, Loss:4.1057528038414155, Acc:9.682, LR:0.0007773694888474307
Epoch:666, Loss:4.104315923184765, Acc:9.556, LR:0.0007364378763744492
Epoch:667, Loss:4.103567303443442, Acc:9.896, LR:0.0006962598075315045
Epoch:668, Loss:4.103793411838765, Acc:9.908, LR:0.000656874933221806
Epoch:669, Loss:4.102805565814583, Acc:9.706, LR:0.0006183221215612945
Validation: Loss:4.154752707481384, Acc:9.81
Epoch:670, Loss:4.105007809035632, Acc:9.892, LR:0.0005806394195205416
Epoch:671, Loss:4.104054207704505, Acc:9.648, LR:0.0005438640153769657
Epoch:672, Loss:4.103574329492997, Acc:9.66, LR:0.0005080322020145246
Epoch:673, Loss:4.105553228027967, Acc:9.698, LR:0.0004731793411069714
Epoch:674, Loss:4.106661280807184, Acc:9.732, LR:0.00043933982822017757
Validation: Loss:4.1526788711547855, Acc:9.81
Epoch:675, Loss:4.101502321204361, Acc:9.834, LR:0.00040654705886788355
Epoch:676, Loss:4.102196586375334, Acc:9.888, LR:0.00037483339555431346
Epoch:677, Loss:4.099479928308604, Acc:10.022, LR:0.0003442301358363206
Epoch:678, Loss:4.103748141502847, Acc:9.824, LR:0.00031476748143646397
Epoch:679, Loss:4.099753591479088, Acc:9.892, LR:0.0002864745084375802
Validation: Loss:4.154117059707642, Acc:9.87
Epoch:680, Loss:4.0995884476875775, Acc:9.796, LR:0.00025937913858816006
Epoch:681, Loss:4.103380952562604, Acc:9.856, LR:0.00023350811174698165
Epoch:682, Loss:4.101392799494218, Acc:9.756, LR:0.00020888695949408459
Epoch:683, Loss:4.102330971737297, Acc:10.016, LR:0.00018553997993420613
Epoch:684, Loss:4.1047928430596174, Acc:9.912, LR:0.00016349021371745093
Validation: Loss:4.149689888954162, Acc:9.97
Epoch:685, Loss:4.0999676159449985, Acc:9.914, LR:0.0001427594213009699
Epoch:686, Loss:4.097996940418166, Acc:9.964, LR:0.00012336806147402867
Epoch:687, Loss:4.097118801000167, Acc:10.034, LR:0.00010533527116762433
Epoch:688, Loss:4.096987880006129, Acc:10.164, LR:8.867884656866415e-05
Epoch:689, Loss:4.09885032322942, Acc:9.978, LR:7.341522555726934e-05
Validation: Loss:4.152339601516724, Acc:9.92
Epoch:690, Loss:4.097421422296641, Acc:9.976, LR:5.9559471484586016e-05
Epoch:691, Loss:4.096527912178818, Acc:10.042, LR:4.712525830705448e-05
Epoch:692, Loss:4.093723603657314, Acc:10.03, LR:3.612485709187942e-05
Epoch:693, Loss:4.097337065910806, Acc:9.964, LR:2.656912390696697e-05
Epoch:694, Loss:4.100163664136614, Acc:9.898, LR:1.8467489107293883e-05
Validation: Loss:4.152286171913147, Acc:9.88
Epoch:695, Loss:4.0965214992056085, Acc:10.084, LR:1.1827948028284045e-05
Epoch:696, Loss:4.098442856146365, Acc:10.07, LR:6.6570530953798544e-06
Epoch:697, Loss:4.09594438513931, Acc:10.14, LR:2.9599073575926682e-06
Epoch:698, Loss:4.097382876337791, Acc:9.946, LR:7.401594514027682e-07
Epoch:699, Loss:4.09785359976243, Acc:10.016, LR:0.0
Validation: Loss:4.152887630462646, Acc:9.9
Epoch:700, Loss:4.098606104753455, Acc:10.048, LR:7.401594514025999e-07
Epoch:701, Loss:4.100264855793545, Acc:9.854, LR:2.959907357591829e-06
Epoch:702, Loss:4.097579858740982, Acc:9.976, LR:6.657053095378008e-06
Epoch:703, Loss:4.098729294173571, Acc:9.982, LR:1.1827948028280359e-05
Epoch:704, Loss:4.101061864775055, Acc:9.856, LR:1.846748910728919e-05
Validation: Loss:4.1500671148300174, Acc:10.03
Epoch:705, Loss:4.102652106966291, Acc:9.99, LR:2.656912390696044e-05
Epoch:706, Loss:4.094197253791654, Acc:9.946, LR:3.612485709186955e-05
Epoch:707, Loss:4.099485441130035, Acc:10.178, LR:4.7125258307043114e-05
Epoch:708, Loss:4.098594650930288, Acc:9.904, LR:5.9559471484571664e-05
Epoch:709, Loss:4.099223852157593, Acc:9.76, LR:7.341522555725185e-05
Validation: Loss:4.155216836929322, Acc:9.81
Epoch:710, Loss:4.097383781355255, Acc:10.042, LR:8.867884656864137e-05
Epoch:711, Loss:4.100241077189543, Acc:9.83, LR:0.00010533527116759945
Epoch:712, Loss:4.100340930783019, Acc:10.004, LR:0.0001233680614739997
Epoch:713, Loss:4.101182952219126, Acc:9.972, LR:0.0001427594213009365
Epoch:714, Loss:4.101054911710778, Acc:10.108, LR:0.00016349021371741269
Validation: Loss:4.1508609533309935, Acc:9.96
Epoch:715, Loss:4.096406070553527, Acc:10.27, LR:0.0001855399799341627
Epoch:716, Loss:4.098302159990583, Acc:9.862, LR:0.00020888695949403588
Epoch:717, Loss:4.100252399639207, Acc:10.196, LR:0.00023350811174692156
Epoch:718, Loss:4.100194215774536, Acc:10.008, LR:0.0002593791385880998
Epoch:719, Loss:4.100625383610628, Acc:10.134, LR:0.0002864745084375137
Validation: Loss:4.152255034446716, Acc:9.81
Epoch:720, Loss:4.1003808026411095, Acc:9.782, LR:0.00031476748143639106
Epoch:721, Loss:4.10236162555461, Acc:9.962, LR:0.00034423013583623755
Epoch:722, Loss:4.105116503579276, Acc:9.726, LR:0.0003748333955542268
Epoch:723, Loss:4.097908350886131, Acc:9.916, LR:0.00040654705886778954
Epoch:724, Loss:4.103550117843005, Acc:9.922, LR:0.00043933982822007614
Validation: Loss:4.153893780708313, Acc:9.79
Epoch:725, Loss:4.102706719417961, Acc:9.788, LR:0.00047317934110686227
Epoch:726, Loss:4.10396205649084, Acc:9.74, LR:0.0005080322020144074
Epoch:727, Loss:4.099405877444209, Acc:9.944, LR:0.0005438640153768403
Epoch:728, Loss:4.104825559927493, Acc:9.818, LR:0.0005806394195204037
Epoch:729, Loss:4.101627057912398, Acc:9.87, LR:0.0006183221215611521
Validation: Loss:4.1538851976394655, Acc:9.95
Epoch:730, Loss:4.101970609353513, Acc:9.804, LR:0.000656874933221655
Epoch:731, Loss:4.101295524713945, Acc:9.86, LR:0.0006962598075313445
Epoch:732, Loss:4.103848369754091, Acc:9.848, LR:0.0007364378763742755
Epoch:733, Loss:4.107038746074754, Acc:9.696, LR:0.0007773694888472525
Epoch:734, Loss:4.109832919373805, Acc:9.504, LR:0.0008190142503904932
Validation: Loss:4.153120493888855, Acc:9.93
Epoch:735, Loss:4.108693064475546, Acc:9.73, LR:0.0008613310626521921
Epoch:736, Loss:4.1075645125642115, Acc:9.714, LR:0.0009042781640476273
Epoch:737, Loss:4.109162666359726, Acc:9.752, LR:0.0009478131709727688
Epoch:738, Loss:4.102568772374367, Acc:9.8, LR:0.0009918931196318359
Epoch:739, Loss:4.1064865151230165, Acc:9.61, LR:0.001036474508437344
Validation: Loss:4.153903603553772, Acc:9.78
Epoch:740, Loss:4.103484917660149, Acc:9.774, LR:0.0010815133409409134
Epoch:741, Loss:4.111548411602876, Acc:9.588, LR:0.001126965169252462
Epoch:742, Loss:4.110445421569201, Acc:9.58, LR:0.001172785137904917
Epoch:743, Loss:4.108474415175769, Acc:9.53, LR:0.001218928028121136
Epoch:744, Loss:4.111144664336224, Acc:9.742, LR:0.0012653483024393684
Validation: Loss:4.159221839904785, Acc:9.62
Epoch:745, Loss:4.110659487393438, Acc:9.704, LR:0.0013120001496532449
Epoch:746, Loss:4.112076807995232, Acc:9.67, LR:0.0013588375300219219
Epoch:747, Loss:4.110653069554543, Acc:9.522, LR:0.001405814220705715
Epoch:748, Loss:4.110509716734594, Acc:9.65, LR:0.001452883861382479
Epoch:749, Loss:4.111908474747016, Acc:9.518, LR:0.001499999999999658
Validation: Loss:4.155084085464478, Acc:9.4
Epoch:750, Loss:4.11222919639276, Acc:9.592, LR:0.001547116138616842
Epoch:751, Loss:4.110276772051441, Acc:9.44, LR:0.0015941857792936115
Epoch:752, Loss:4.1090575189006575, Acc:9.474, LR:0.0016411624699773993
Epoch:753, Loss:4.110784554968075, Acc:9.662, LR:0.001687999850346071
Epoch:754, Loss:4.1138909203665595, Acc:9.486, LR:0.0017346516975599528
Validation: Loss:4.153354501724243, Acc:10.13
Epoch:755, Loss:4.114645612483122, Acc:9.496, LR:0.0017810719718781855
Epoch:756, Loss:4.11459265436445, Acc:9.326, LR:0.0018272148620943993
Epoch:757, Loss:4.11262617792402, Acc:9.438, LR:0.0018730348307468593
Epoch:758, Loss:4.120214272518547, Acc:9.282, LR:0.0019184866590584132
Epoch:759, Loss:4.113398493552695, Acc:9.544, LR:0.0019635254915619776
Validation: Loss:4.1595852136611935, Acc:9.74
Epoch:760, Loss:4.116683322556165, Acc:9.478, LR:0.0020081068803674807
Epoch:761, Loss:4.116918510320235, Acc:9.3, LR:0.002052186829026553
Epoch:762, Loss:4.1148779635526695, Acc:9.436, LR:0.002095721835951699
Epoch:763, Loss:4.119630074014469, Acc:9.218, LR:0.0021386689373471247
Epoch:764, Loss:4.112673224235068, Acc:9.466, LR:0.0021809857496088284
Validation: Loss:4.1666053295135494, Acc:9.34
Epoch:765, Loss:4.1129761861295115, Acc:9.252, LR:0.002222630511152069
Epoch:766, Loss:4.118758960646026, Acc:9.304, LR:0.0022635621236250457
Epoch:767, Loss:4.117633615221296, Acc:9.386, LR:0.002303740192467973
Epoch:768, Loss:4.117295639855521, Acc:9.438, LR:0.002343125066777667
Epoch:769, Loss:4.1148830189996835, Acc:9.282, LR:0.002381677878438174
Validation: Loss:4.159245657920837, Acc:9.7
Epoch:770, Loss:4.1222005036412455, Acc:9.324, LR:0.0024193605804789186
Epoch:771, Loss:4.123685296700925, Acc:9.324, LR:0.0024561359846224777
Epoch:772, Loss:4.12040561559249, Acc:9.192, LR:0.002491967797984915
Epoch:773, Loss:4.127006710792075, Acc:9.146, LR:0.0025268206588924644
Epoch:774, Loss:4.12438787246237, Acc:9.374, LR:0.002560660171779243
Validation: Loss:4.161790680885315, Acc:9.54
Epoch:775, Loss:4.12606328847457, Acc:9.214, LR:0.002593452941131534
Epoch:776, Loss:4.1192613231892485, Acc:9.234, LR:0.002625166604445097
Epoch:777, Loss:4.126065317465335, Acc:9.208, LR:0.0026557698641630862
Epoch:778, Loss:4.122718723452821, Acc:9.128, LR:0.0026852325185629296
Epoch:779, Loss:4.122422252382551, Acc:9.368, LR:0.0027135254915618104
Validation: Loss:4.161243319511414, Acc:9.11
Epoch:780, Loss:4.121830215259474, Acc:9.14, LR:0.002740620861411227
Epoch:781, Loss:4.125510493103339, Acc:9.206, LR:0.0027664918882523994
Epoch:782, Loss:4.1284732526662395, Acc:9.218, LR:0.002791113040505288
Epoch:783, Loss:4.122504482463914, Acc:9.208, LR:0.0028144600200651613
Epoch:784, Loss:4.123056071145194, Acc:9.204, LR:0.0028365097862819142
Validation: Loss:4.161218571662903, Acc:9.55
Epoch:785, Loss:4.127665198579127, Acc:9.264, LR:0.0028572405786983857
Epoch:786, Loss:4.122391326086862, Acc:9.112, LR:0.002876631938525325
Epoch:787, Loss:4.127329184084522, Acc:9.226, LR:0.002894664728831725
Epoch:788, Loss:4.119942334233498, Acc:9.088, LR:0.0029113211534306832
Epoch:789, Loss:4.127383767342081, Acc:9.112, LR:0.0029265847744420715
Validation: Loss:4.164324259757995, Acc:9.31
Epoch:790, Loss:4.129582920852973, Acc:9.3, LR:0.0029404405285147536
Epoch:791, Loss:4.127193397405196, Acc:9.166, LR:0.0029528747416922834
Epoch:792, Loss:4.124016065986789, Acc:9.388, LR:0.002963875142907455
Epoch:793, Loss:4.126885579556835, Acc:9.006, LR:0.0029734308760923653
Epoch:794, Loss:4.130730784669215, Acc:8.998, LR:0.002981532510892036
Validation: Loss:4.1668497800827025, Acc:9.35
Epoch:795, Loss:4.127147917844812, Acc:8.918, LR:0.002988172051971045
Epoch:796, Loss:4.130537427201563, Acc:9.172, LR:0.0029933429469039467
Epoch:797, Loss:4.126502518751184, Acc:9.324, LR:0.0029970400926417336
Epoch:798, Loss:4.124494868881849, Acc:9.362, LR:0.0029992598405479227
Epoch:799, Loss:4.125760623386928, Acc:9.06, LR:0.0029999999999993253
Validation: Loss:4.169355177879334, Acc:9.6
Epoch:800, Loss:4.127713266684085, Acc:9.218, LR:0.0029992598405479223
Epoch:801, Loss:4.127026694161551, Acc:9.194, LR:0.0029970400926417336
Epoch:802, Loss:4.120410218530772, Acc:9.41, LR:0.0029933429469039467
Epoch:803, Loss:4.120990918607128, Acc:9.232, LR:0.002988172051971045
Epoch:804, Loss:4.123494980286579, Acc:9.076, LR:0.002981532510892036
Validation: Loss:4.164608693122863, Acc:9.43
Epoch:805, Loss:4.1229477707220585, Acc:9.254, LR:0.002973430876092365
Epoch:806, Loss:4.126338399186427, Acc:9.018, LR:0.0029638751429074545
Epoch:807, Loss:4.122295233668114, Acc:9.07, LR:0.0029528747416922834
Epoch:808, Loss:4.124233433178493, Acc:9.12, LR:0.0029404405285147536
Epoch:809, Loss:4.119782754353115, Acc:9.394, LR:0.0029265847744420737
Validation: Loss:4.154343914985657, Acc:9.72
Epoch:810, Loss:4.125787365193269, Acc:9.15, LR:0.0029113211534306845
Epoch:811, Loss:4.125891544380966, Acc:8.962, LR:0.0028946647288317262
Epoch:812, Loss:4.124109963981473, Acc:9.144, LR:0.0028766319385253258
Epoch:813, Loss:4.127795399451743, Acc:9.242, LR:0.002857240578698387
Epoch:814, Loss:4.1221020367680765, Acc:9.164, LR:0.0028365097862819155
Validation: Loss:4.169607377052307, Acc:8.83
Epoch:815, Loss:4.124686333597923, Acc:9.294, LR:0.002814460020065163
Epoch:816, Loss:4.1240619007422, Acc:9.098, LR:0.0027911130405052897
Epoch:817, Loss:4.12226618066126, Acc:9.174, LR:0.0027664918882524007
Epoch:818, Loss:4.120545966284616, Acc:9.464, LR:0.0027406208614112254
Epoch:819, Loss:4.123757780814658, Acc:9.036, LR:0.0027135254915618113
Validation: Loss:4.165902638435364, Acc:9.29
Epoch:820, Loss:4.120648024033527, Acc:9.148, LR:0.002685232518562934
Epoch:821, Loss:4.122417133681628, Acc:9.354, LR:0.0026557698641630875
Epoch:822, Loss:4.122383219855172, Acc:9.25, LR:0.002625166604445098
Epoch:823, Loss:4.12503195782097, Acc:9.192, LR:0.002593452941131535
Epoch:824, Loss:4.125879214734447, Acc:9.182, LR:0.0025606601717792447
Validation: Loss:4.166772818565368, Acc:9.37
Epoch:825, Loss:4.1217909686419425, Acc:9.2, LR:0.002526820658892466
Epoch:826, Loss:4.122215796490105, Acc:9.058, LR:0.002491967797984917
Epoch:827, Loss:4.123105778986094, Acc:9.328, LR:0.002456135984622484
Epoch:828, Loss:4.123616865703037, Acc:9.07, LR:0.0024193605804789207
Epoch:829, Loss:4.118402471347731, Acc:9.564, LR:0.0023816778784381725
Validation: Loss:4.161195135116577, Acc:9.48
Epoch:830, Loss:4.116684568171599, Acc:9.258, LR:0.00234312506677767
Epoch:831, Loss:4.123093001696528, Acc:9.256, LR:0.0023037401924679755
Epoch:832, Loss:4.118160062906694, Acc:9.296, LR:0.0022635621236250488
Epoch:833, Loss:4.119837400864582, Acc:9.4, LR:0.002222630511152072
Epoch:834, Loss:4.119209513372304, Acc:9.322, LR:0.002180985749608831
Validation: Loss:4.169221329689026, Acc:9.46
Epoch:835, Loss:4.1173774514879495, Acc:9.24, LR:0.0021386689373471273
Epoch:836, Loss:4.118988367975975, Acc:9.332, LR:0.002095721835951697
Epoch:837, Loss:4.118586121773233, Acc:9.378, LR:0.0020521868290265554
Epoch:838, Loss:4.1193245187097665, Acc:9.336, LR:0.002008106880367488
Epoch:839, Loss:4.122467605435118, Acc:9.354, LR:0.0019635254915619797
Validation: Loss:4.1757811307907104, Acc:9.25
Epoch:840, Loss:4.11646902804472, Acc:9.368, LR:0.0019184866590584103
Epoch:841, Loss:4.1148664464755935, Acc:9.502, LR:0.0018730348307468617
Epoch:842, Loss:4.119961748317796, Acc:9.33, LR:0.001827214862094401
Epoch:843, Loss:4.115062752548529, Acc:9.358, LR:0.0017810719718781875
Epoch:844, Loss:4.115468876702445, Acc:9.582, LR:0.0017346516975599547
Validation: Loss:4.15959529876709, Acc:9.14
Epoch:845, Loss:4.1102005121659255, Acc:9.434, LR:0.0016879998503460782
Epoch:846, Loss:4.117043441655684, Acc:9.422, LR:0.0016411624699774014
Epoch:847, Loss:4.113826148364009, Acc:9.582, LR:0.0015941857792936085
Epoch:848, Loss:4.112866109731246, Acc:9.442, LR:0.0015471161386168442
Epoch:849, Loss:4.111926263692427, Acc:9.586, LR:0.0014999999999996654
Validation: Loss:4.157232570648193, Acc:9.52
Epoch:850, Loss:4.109892334256854, Acc:9.724, LR:0.0014528838613824813
Epoch:851, Loss:4.110438614475484, Acc:9.718, LR:0.001405814220705712
Epoch:852, Loss:4.113437093034083, Acc:9.552, LR:0.0013588375300219238
Epoch:853, Loss:4.109626429421561, Acc:9.674, LR:0.001312000149653247
Epoch:854, Loss:4.109359819061902, Acc:9.526, LR:0.0012653483024393651
Validation: Loss:4.155415010452271, Acc:9.7
Epoch:855, Loss:4.111092878847706, Acc:9.452, LR:0.001218928028121138
Epoch:856, Loss:4.108563165275418, Acc:9.562, LR:0.0011727851379049244
Epoch:857, Loss:4.107936489338777, Acc:9.488, LR:0.001126965169252464
Epoch:858, Loss:4.106730587628423, Acc:9.726, LR:0.0010815133409409104
Epoch:859, Loss:4.111567137192707, Acc:9.378, LR:0.0010364745084373462
Validation: Loss:4.155848336219788, Acc:9.85
Epoch:860, Loss:4.107368556820616, Acc:9.73, LR:0.000991893119631843
Epoch:861, Loss:4.10542513399708, Acc:9.904, LR:0.0009478131709727708
Epoch:862, Loss:4.105210615664112, Acc:9.656, LR:0.0009042781640476244
Epoch:863, Loss:4.107598635615135, Acc:9.642, LR:0.0008613310626521987
Epoch:864, Loss:4.106670793221921, Acc:9.64, LR:0.0008190142503904949
Validation: Loss:4.157504439353943, Acc:9.83
Epoch:865, Loss:4.102949006216867, Acc:9.658, LR:0.0007773694888472494
Epoch:866, Loss:4.106373735836574, Acc:9.67, LR:0.0007364378763742772
Epoch:867, Loss:4.101617910424057, Acc:10.014, LR:0.0006962598075313508
Epoch:868, Loss:4.103237643533824, Acc:9.838, LR:0.0006568749332216566
Epoch:869, Loss:4.10729481736008, Acc:9.68, LR:0.0006183221215611496
Validation: Loss:4.154064655303955, Acc:10.0
Epoch:870, Loss:4.1033186790894485, Acc:9.892, LR:0.0005806394195204055
Epoch:871, Loss:4.107944534749401, Acc:9.684, LR:0.0005438640153768462
Epoch:872, Loss:4.100273614027063, Acc:9.904, LR:0.000508032202014405
Epoch:873, Loss:4.1046916611340585, Acc:9.78, LR:0.0004731793411068599
Epoch:874, Loss:4.1003159065635835, Acc:9.812, LR:0.00043933982822008145
Validation: Loss:4.153314089775085, Acc:9.96
Epoch:875, Loss:4.1014541898454935, Acc:9.928, LR:0.00040654705886779106
Epoch:876, Loss:4.100299022635635, Acc:9.886, LR:0.0003748333955542247
Epoch:877, Loss:4.099437227054518, Acc:10.104, LR:0.00034423013583623896
Epoch:878, Loss:4.102825198854719, Acc:9.702, LR:0.0003147674814363957
Epoch:879, Loss:4.102280553506345, Acc:9.894, LR:0.00028647450843751507
Validation: Loss:4.149750542640686, Acc:9.91
Epoch:880, Loss:4.101617886095631, Acc:9.92, LR:0.0002593791385880981
Epoch:881, Loss:4.1023335310877584, Acc:9.842, LR:0.00023350811174692573
Epoch:882, Loss:4.099891526358468, Acc:9.892, LR:0.00020888695949403994
Epoch:883, Loss:4.101586081543747, Acc:9.922, LR:0.00018553997993416132
Epoch:884, Loss:4.103556165889818, Acc:9.806, LR:0.00016349021371741133
Validation: Loss:4.151749634742737, Acc:9.91
Epoch:885, Loss:4.101892889762412, Acc:10.144, LR:0.00014275942130093983
Epoch:886, Loss:4.094612982808327, Acc:10.126, LR:0.0001233680614740007
Epoch:887, Loss:4.100073152658891, Acc:9.892, LR:0.00010533527116759847
Epoch:888, Loss:4.103629900484669, Acc:9.814, LR:8.867884656864225e-05
Epoch:889, Loss:4.096044428494512, Acc:10.236, LR:7.341522555725442e-05
Validation: Loss:4.149002909660339, Acc:9.8
Epoch:890, Loss:4.101722381552872, Acc:9.948, LR:5.9559471484570925e-05
Epoch:891, Loss:4.1001077866067694, Acc:9.894, LR:4.712525830704256e-05
Epoch:892, Loss:4.101423920417319, Acc:10.034, LR:3.612485709187134e-05
Epoch:893, Loss:4.09748100261299, Acc:10.1, LR:2.6569123906961906e-05
Epoch:894, Loss:4.099258228224151, Acc:9.866, LR:1.846748910728883e-05
Validation: Loss:4.15148286819458, Acc:9.85
Epoch:895, Loss:4.100290459029528, Acc:9.936, LR:1.1827948028280675e-05
Epoch:896, Loss:4.098746479774008, Acc:9.926, LR:6.657053095378832e-06
Epoch:897, Loss:4.094927091987765, Acc:10.234, LR:2.9599073575919915e-06
Epoch:898, Loss:4.095177703974199, Acc:10.182, LR:7.401594514024323e-07
Epoch:899, Loss:4.097935635216382, Acc:10.142, LR:0.0
Validation: Loss:4.150616383552551, Acc:9.93
Epoch:900, Loss:4.09371618348725, Acc:10.098, LR:7.401594514025999e-07
Epoch:901, Loss:4.097154310771397, Acc:10.144, LR:2.959907357592828e-06
Epoch:902, Loss:4.098766239321962, Acc:9.96, LR:6.657053095380005e-06
Epoch:903, Loss:4.095963808954979, Acc:10.046, LR:1.1827948028282852e-05
Epoch:904, Loss:4.099093515045789, Acc:9.92, LR:1.846748910729251e-05
Validation: Loss:4.154836797714234, Acc:9.74
Epoch:905, Loss:4.100551308417807, Acc:10.07, LR:2.6569123906967415e-05
Epoch:906, Loss:4.094557416682341, Acc:10.198, LR:3.612485709187868e-05
Epoch:907, Loss:4.098214830671038, Acc:9.796, LR:4.712525830705239e-05
Epoch:908, Loss:4.100290468760899, Acc:9.916, LR:5.955947148458657e-05
Epoch:909, Loss:4.093513676098415, Acc:10.19, LR:7.341522555726987e-05
Validation: Loss:4.152719736099243, Acc:9.74
Epoch:910, Loss:4.098912375313895, Acc:9.908, LR:8.867884656866114e-05
Epoch:911, Loss:4.099143451573897, Acc:9.83, LR:0.00010533527116762113
Epoch:912, Loss:4.096653130589699, Acc:9.976, LR:0.00012336806147402946
Epoch:913, Loss:4.09599782009514, Acc:10.03, LR:0.00014275942130097065
Epoch:914, Loss:4.1020715139350115, Acc:9.96, LR:0.00016349021371744684
Validation: Loss:4.149657392501831, Acc:9.85
Epoch:915, Loss:4.100484590141141, Acc:10.04, LR:0.00018553997993420182
Epoch:916, Loss:4.099728156109245, Acc:9.948, LR:0.00020888695949408556
Epoch:917, Loss:4.09884694644383, Acc:9.868, LR:0.00023350811174697677
Epoch:918, Loss:4.099348778627356, Acc:9.872, LR:0.00025937913858815496
Epoch:919, Loss:4.101497611221002, Acc:9.852, LR:0.000286474508437581
Validation: Loss:4.149347233772278, Acc:9.96
Epoch:920, Loss:4.098084109170096, Acc:9.99, LR:0.0003147674814364649
Epoch:921, Loss:4.099016374471236, Acc:9.844, LR:0.0003442301358363148
Epoch:922, Loss:4.09717795313621, Acc:9.928, LR:0.00037483339555430733
Epoch:923, Loss:4.097230857732344, Acc:9.908, LR:0.0004065470588678846
Epoch:924, Loss:4.099505512081847, Acc:9.958, LR:0.00043933982822017855
Validation: Loss:4.154014992713928, Acc:9.96
Epoch:925, Loss:4.098881920989679, Acc:9.86, LR:0.0004731793411069646
Epoch:926, Loss:4.10036318156184, Acc:9.894, LR:0.0005080322020145175
Epoch:927, Loss:4.105130502155849, Acc:9.762, LR:0.0005438640153769666
Epoch:928, Loss:4.103320189884731, Acc:9.946, LR:0.0005806394195205343
Epoch:929, Loss:4.099843492313307, Acc:9.99, LR:0.000618322121561287
Validation: Loss:4.153879690170288, Acc:9.8
Epoch:930, Loss:4.103026443598222, Acc:9.92, LR:0.000656874933221807
Epoch:931, Loss:4.1032866993728945, Acc:9.788, LR:0.0006962598075315056
Epoch:932, Loss:4.103226150785174, Acc:9.732, LR:0.0007364378763744411
Epoch:933, Loss:4.106364615109502, Acc:9.844, LR:0.0007773694888474226
Epoch:934, Loss:4.101074140899035, Acc:9.858, LR:0.0008190142503906821
Validation: Loss:4.156228232383728, Acc:9.83
Epoch:935, Loss:4.103688935844266, Acc:9.822, LR:0.0008613310626523906
Epoch:936, Loss:4.102258560608845, Acc:9.782, LR:0.0009042781640478262
Epoch:937, Loss:4.105192101731593, Acc:9.74, LR:0.0009478131709729774
Epoch:938, Loss:4.105530904263866, Acc:9.802, LR:0.0009918931196320642
Epoch:939, Loss:4.106340549430069, Acc:9.882, LR:0.0010364745084375775
Validation: Loss:4.15662784576416, Acc:9.66
Epoch:940, Loss:4.109052176378211, Acc:9.742, LR:0.001081513340941152
Epoch:941, Loss:4.106337172644479, Acc:9.722, LR:0.0011269651692527212
Epoch:942, Loss:4.107939652034214, Acc:9.724, LR:0.0011727851379051868
Epoch:943, Loss:4.110322884150913, Acc:9.522, LR:0.001218928028121411
Epoch:944, Loss:4.106787034443447, Acc:9.536, LR:0.001265348302439649
Validation: Loss:4.153528237342835, Acc:9.59
Epoch:945, Loss:4.108446651575517, Acc:9.486, LR:0.0013120001496535465
Epoch:946, Loss:4.107170905385699, Acc:9.688, LR:0.0013588375300222285
Epoch:947, Loss:4.108179973096264, Acc:9.628, LR:0.001405814220706027
Epoch:948, Loss:4.109333734123075, Acc:9.488, LR:0.0014528838613828015
Epoch:949, Loss:4.108251644640553, Acc:9.708, LR:0.001500000000000002
Validation: Loss:4.150000095367432, Acc:9.67
Epoch:950, Loss:4.108084571604826, Acc:9.664, LR:0.0015471161386171916
Epoch:951, Loss:4.1128881269571735, Acc:9.406, LR:0.0015941857792939663
Epoch:952, Loss:4.113597412498629, Acc:9.44, LR:0.0016411624699777753
Epoch:953, Loss:4.114480432198972, Acc:9.33, LR:0.0016879998503464575
Epoch:954, Loss:4.11503385037792, Acc:9.536, LR:0.0017346516975603446
Validation: Loss:4.1561517238616945, Acc:9.67
Epoch:955, Loss:4.111658018462512, Acc:9.656, LR:0.0017810719718785821
Epoch:956, Loss:4.112441539764404, Acc:9.606, LR:0.0018272148620948165
Epoch:957, Loss:4.116646881006202, Acc:9.284, LR:0.0018730348307472821
Epoch:958, Loss:4.112490216080023, Acc:9.488, LR:0.0019184866590588414
Epoch:959, Loss:4.117008024332475, Acc:9.47, LR:0.001963525491562416
Validation: Loss:4.158865833282471, Acc:9.7
Epoch:960, Loss:4.116640480197206, Acc:9.246, LR:0.0020081068803679395
Epoch:961, Loss:4.107544835732908, Acc:9.74, LR:0.002052186829027017
Epoch:962, Loss:4.114584567595501, Acc:9.448, LR:0.002095721835952168
Epoch:963, Loss:4.118595809352641, Acc:9.454, LR:0.0021386689373476134
Epoch:964, Loss:4.115537570447338, Acc:9.444, LR:0.002180985749609322
Validation: Loss:4.1711018800735475, Acc:9.13
Epoch:965, Loss:4.120969879383943, Acc:9.122, LR:0.0022226305111525727
Epoch:966, Loss:4.118929658617292, Acc:9.23, LR:0.002263562123625554
Epoch:967, Loss:4.121960693476152, Acc:9.202, LR:0.0023037401924684985
Epoch:968, Loss:4.12284288114431, Acc:9.32, LR:0.0023431250667781973
Epoch:969, Loss:4.11679575394611, Acc:9.378, LR:0.0023816778784387085
Validation: Loss:4.158698987960816, Acc:9.78
Epoch:970, Loss:4.12074217017816, Acc:9.272, LR:0.0024193605804794702
Epoch:971, Loss:4.123310454037725, Acc:9.43, LR:0.0024561359846230375
Epoch:972, Loss:4.12320106856677, Acc:9.112, LR:0.0024919677979854784
Epoch:973, Loss:4.119800149178018, Acc:9.176, LR:0.0025268206588930316
Epoch:974, Loss:4.123537769123, Acc:9.41, LR:0.0025606601717798254
Validation: Loss:4.162668347358704, Acc:9.61
Epoch:975, Loss:4.1227290046458345, Acc:9.472, LR:0.0025934529411321197
Epoch:976, Loss:4.1214791025434225, Acc:9.576, LR:0.0026251666044456896
Epoch:977, Loss:4.118340998279805, Acc:9.236, LR:0.0026557698641636826
Epoch:978, Loss:4.120291602854826, Acc:9.364, LR:0.0026852325185635394
Epoch:979, Loss:4.128307838829196, Acc:9.208, LR:0.002713525491562423
Validation: Loss:4.1615877866745, Acc:9.44
Epoch:980, Loss:4.125317242680763, Acc:9.112, LR:0.0027406208614118434
Epoch:981, Loss:4.123861356657379, Acc:9.204, LR:0.002766491888253028
Epoch:982, Loss:4.1259505651435076, Acc:9.196, LR:0.0027911130405059194
Epoch:983, Loss:4.126688300346841, Acc:9.064, LR:0.002814460020065798
Epoch:984, Loss:4.1274935858590265, Acc:8.976, LR:0.002836509786282553
Validation: Loss:4.165693712234497, Acc:9.33
Epoch:985, Loss:4.124476311158161, Acc:9.072, LR:0.0028572405786990345
Epoch:986, Loss:4.131316326102432, Acc:8.898, LR:0.0028766319385259763
Epoch:987, Loss:4.127488374710083, Acc:9.126, LR:0.0028946647288323806
Epoch:988, Loss:4.124870674950736, Acc:9.216, LR:0.0029113211534313407
Epoch:989, Loss:4.125844906787483, Acc:9.24, LR:0.0029265847744427355
Validation: Loss:4.156022000312805, Acc:9.24
Epoch:990, Loss:4.123943513753463, Acc:9.14, LR:0.0029404405285154197
Epoch:991, Loss:4.129096868086834, Acc:8.936, LR:0.002952874741692951
Epoch:992, Loss:4.126009576174678, Acc:9.092, LR:0.0029638751429081275
Epoch:993, Loss:4.125296252114432, Acc:9.06, LR:0.002973430876093039
Epoch:994, Loss:4.125731181125252, Acc:9.188, LR:0.002981532510892712
Validation: Loss:4.170099091529846, Acc:9.29
Epoch:995, Loss:4.125396626336234, Acc:9.184, LR:0.002988172051971722
Epoch:996, Loss:4.1235063562587815, Acc:9.158, LR:0.0029933429469046263
Epoch:997, Loss:4.127351395937861, Acc:9.082, LR:0.002997040092642414
Epoch:998, Loss:4.1208561391246565, Acc:9.224, LR:0.002999259840548604
Epoch:999, Loss:4.125248694906429, Acc:8.968, LR:0.003000000000000007
Validation: Loss:4.17061836719513, Acc:9.26
Test: Acc:10.16
