nohup: ignoring input
/root/liuyuanye/NNDL/Final/CIFAR/deit.py:63: UserWarning: Overwriting deit_tiny_patch16_224 in registry with deit.deit_tiny_patch16_224. This is because the name being registered conflicts with an existing name. Please check if this is not expected.
  def deit_tiny_patch16_224(pretrained=False, **kwargs):
/root/liuyuanye/NNDL/Final/CIFAR/deit.py:78: UserWarning: Overwriting deit_small_patch16_224 in registry with deit.deit_small_patch16_224. This is because the name being registered conflicts with an existing name. Please check if this is not expected.
  def deit_small_patch16_224(pretrained=False, **kwargs):
/root/liuyuanye/NNDL/Final/CIFAR/deit.py:93: UserWarning: Overwriting deit_base_patch16_224 in registry with deit.deit_base_patch16_224. This is because the name being registered conflicts with an existing name. Please check if this is not expected.
  def deit_base_patch16_224(pretrained=False, **kwargs):
/root/liuyuanye/NNDL/Final/CIFAR/deit.py:108: UserWarning: Overwriting deit_tiny_distilled_patch16_224 in registry with deit.deit_tiny_distilled_patch16_224. This is because the name being registered conflicts with an existing name. Please check if this is not expected.
  def deit_tiny_distilled_patch16_224(pretrained=False, **kwargs):
/root/liuyuanye/NNDL/Final/CIFAR/deit.py:123: UserWarning: Overwriting deit_small_distilled_patch16_224 in registry with deit.deit_small_distilled_patch16_224. This is because the name being registered conflicts with an existing name. Please check if this is not expected.
  def deit_small_distilled_patch16_224(pretrained=False, **kwargs):
/root/liuyuanye/NNDL/Final/CIFAR/deit.py:138: UserWarning: Overwriting deit_base_distilled_patch16_224 in registry with deit.deit_base_distilled_patch16_224. This is because the name being registered conflicts with an existing name. Please check if this is not expected.
  def deit_base_distilled_patch16_224(pretrained=False, **kwargs):
/root/liuyuanye/NNDL/Final/CIFAR/deit.py:153: UserWarning: Overwriting deit_base_patch16_384 in registry with deit.deit_base_patch16_384. This is because the name being registered conflicts with an existing name. Please check if this is not expected.
  def deit_base_patch16_384(pretrained=False, **kwargs):
/root/liuyuanye/NNDL/Final/CIFAR/deit.py:168: UserWarning: Overwriting deit_base_distilled_patch16_384 in registry with deit.deit_base_distilled_patch16_384. This is because the name being registered conflicts with an existing name. Please check if this is not expected.
  def deit_base_distilled_patch16_384(pretrained=False, **kwargs):
{
    "datapath": "../data/",
    "logpath": "./logs/",
    "batch_size": 512,
    "epoch": 200,
    "seed": 43,
    "date": "0626",
    "plot": true,
    "num_classes": 100,
    "learning_rate": 0.003,
    "opt": "AdamW",
    "weight_decay": 0.0001,
    "pretrained": true,
    "device_id": 0,
    "dropout": true,
    "cutout": true,
    "cutmix": false,
    "model": "ResNet18+SimCLR",
    "comment": "StepLR_30_0.2"
}
2024-06-26 15:48:05
Epoch:0, Loss:3.851821425009747, Acc:9.996, LR:0.003
Epoch:1, Loss:3.0485858041412977, Acc:22.83, LR:0.003
Epoch:2, Loss:2.556916674789117, Acc:32.332, LR:0.003
Epoch:3, Loss:2.2354316395156237, Acc:39.674, LR:0.003
Epoch:4, Loss:2.0094402116172168, Acc:44.988, LR:0.003
Validation: Loss:1.9213993310928346, Acc:47.76
Best model updated!
Epoch:5, Loss:1.7985736557415553, Acc:49.858, LR:0.003
Epoch:6, Loss:1.659926202832436, Acc:53.42, LR:0.003
Epoch:7, Loss:1.533338219535594, Acc:56.562, LR:0.003
Epoch:8, Loss:1.4249200565474374, Acc:59.18, LR:0.003
Epoch:9, Loss:1.334630446774619, Acc:61.578, LR:0.003
Validation: Loss:1.5525257170200348, Acc:57.6
Best model updated!
Epoch:10, Loss:1.253786336402504, Acc:63.682, LR:0.003
Epoch:11, Loss:1.1797536599392793, Acc:65.686, LR:0.003
Epoch:12, Loss:1.10390435250438, Acc:67.514, LR:0.003
Epoch:13, Loss:1.0432194848449863, Acc:69.244, LR:0.003
Epoch:14, Loss:0.9996699751639853, Acc:70.466, LR:0.003
Validation: Loss:1.3278745889663697, Acc:63.81
Best model updated!
Epoch:15, Loss:0.9408036555562701, Acc:71.946, LR:0.003
Epoch:16, Loss:0.8881785243141408, Acc:73.594, LR:0.003
Epoch:17, Loss:0.8360965191101541, Acc:74.882, LR:0.003
Epoch:18, Loss:0.8072458250182015, Acc:75.626, LR:0.003
Epoch:19, Loss:0.7574295553625846, Acc:77.072, LR:0.003
Validation: Loss:1.362795603275299, Acc:64.71
Best model updated!
Epoch:20, Loss:0.7239436154462853, Acc:78.044, LR:0.003
Epoch:21, Loss:0.6752527283162487, Acc:79.436, LR:0.003
Epoch:22, Loss:0.654336694551974, Acc:79.964, LR:0.003
Epoch:23, Loss:0.6175521551346292, Acc:81.104, LR:0.003
Epoch:24, Loss:0.5792398033093433, Acc:82.018, LR:0.003
Validation: Loss:1.4268885374069213, Acc:64.95
Best model updated!
Epoch:25, Loss:0.5675478115373728, Acc:82.522, LR:0.003
Epoch:26, Loss:0.5342970347526123, Acc:83.44, LR:0.003
Epoch:27, Loss:0.5069058202967351, Acc:84.302, LR:0.003
Epoch:28, Loss:0.48917312311882877, Acc:84.648, LR:0.003
Epoch:29, Loss:0.45988283260744445, Acc:85.536, LR:0.0006000000000000001
Validation: Loss:1.5096121668815612, Acc:65.43
Best model updated!
Epoch:30, Loss:0.276875376701355, Acc:91.522, LR:0.0006000000000000001
Epoch:31, Loss:0.20362289538797068, Acc:93.768, LR:0.0006000000000000001
Epoch:32, Loss:0.17787773983210933, Acc:94.586, LR:0.0006000000000000001
Epoch:33, Loss:0.163284817976611, Acc:95.04, LR:0.0006000000000000001
Epoch:34, Loss:0.1496721493194298, Acc:95.39, LR:0.0006000000000000001
Validation: Loss:1.207590365409851, Acc:72.04
Best model updated!
Epoch:35, Loss:0.1410312968097171, Acc:95.692, LR:0.0006000000000000001
Epoch:36, Loss:0.1300995841014142, Acc:96.084, LR:0.0006000000000000001
Epoch:37, Loss:0.12031503462669801, Acc:96.3, LR:0.0006000000000000001
Epoch:38, Loss:0.11201655811497144, Acc:96.636, LR:0.0006000000000000001
Epoch:39, Loss:0.10650375052070131, Acc:96.758, LR:0.0006000000000000001
Validation: Loss:1.3251660645008088, Acc:71.51
Epoch:40, Loss:0.10219085360972249, Acc:96.874, LR:0.0006000000000000001
Epoch:41, Loss:0.0954001155510849, Acc:97.136, LR:0.0006000000000000001
Epoch:42, Loss:0.09047500314000918, Acc:97.236, LR:0.0006000000000000001
Epoch:43, Loss:0.08469656212445424, Acc:97.46, LR:0.0006000000000000001
Epoch:44, Loss:0.08279030074422457, Acc:97.51, LR:0.0006000000000000001
Validation: Loss:1.368010199069977, Acc:71.53
Epoch:45, Loss:0.08197500701157415, Acc:97.534, LR:0.0006000000000000001
Epoch:46, Loss:0.07546844287794463, Acc:97.786, LR:0.0006000000000000001
Epoch:47, Loss:0.07494780067734573, Acc:97.706, LR:0.0006000000000000001
Epoch:48, Loss:0.07589704372292878, Acc:97.768, LR:0.0006000000000000001
Epoch:49, Loss:0.07330420103912451, Acc:97.742, LR:0.0006000000000000001
Validation: Loss:1.4496609449386597, Acc:71.17
Epoch:50, Loss:0.06641328494463648, Acc:98.038, LR:0.0006000000000000001
Epoch:51, Loss:0.06619006927524294, Acc:97.99, LR:0.0006000000000000001
Epoch:52, Loss:0.06320143316169174, Acc:98.148, LR:0.0006000000000000001
Epoch:53, Loss:0.06209162858371832, Acc:98.206, LR:0.0006000000000000001
Epoch:54, Loss:0.06345134494560105, Acc:98.136, LR:0.0006000000000000001
Validation: Loss:1.510950940847397, Acc:71.23
Epoch:55, Loss:0.062033340829063435, Acc:98.146, LR:0.0006000000000000001
Epoch:56, Loss:0.06140294767992229, Acc:98.182, LR:0.0006000000000000001
Epoch:57, Loss:0.05748015490113473, Acc:98.298, LR:0.0006000000000000001
Epoch:58, Loss:0.05584815817371923, Acc:98.286, LR:0.0006000000000000001
Epoch:59, Loss:0.05643266562980657, Acc:98.342, LR:0.00012000000000000002
Validation: Loss:1.5587138473987578, Acc:70.83
Epoch:60, Loss:0.0416731842394386, Acc:98.816, LR:0.00012000000000000002
Epoch:61, Loss:0.036490670956519186, Acc:98.996, LR:0.00012000000000000002
Epoch:62, Loss:0.03205398654527202, Acc:99.11, LR:0.00012000000000000002
Epoch:63, Loss:0.03012613719329238, Acc:99.198, LR:0.00012000000000000002
Epoch:64, Loss:0.0295120347481297, Acc:99.208, LR:0.00012000000000000002
Validation: Loss:1.466205883026123, Acc:72.35
Best model updated!
Epoch:65, Loss:0.028555522017104894, Acc:99.25, LR:0.00012000000000000002
Epoch:66, Loss:0.028833664383511155, Acc:99.22, LR:0.00012000000000000002
Epoch:67, Loss:0.026900686057550565, Acc:99.278, LR:0.00012000000000000002
Epoch:68, Loss:0.02568324483284841, Acc:99.346, LR:0.00012000000000000002
Epoch:69, Loss:0.026061102814440216, Acc:99.262, LR:0.00012000000000000002
Validation: Loss:1.4901952683925628, Acc:71.97
Epoch:70, Loss:0.025229380684619655, Acc:99.324, LR:0.00012000000000000002
Epoch:71, Loss:0.02502851255656201, Acc:99.358, LR:0.00012000000000000002
Epoch:72, Loss:0.021656275099637558, Acc:99.482, LR:0.00012000000000000002
Epoch:73, Loss:0.024349623445269405, Acc:99.378, LR:0.00012000000000000002
Epoch:74, Loss:0.02286255542588021, Acc:99.41, LR:0.00012000000000000002
Validation: Loss:1.5075818002223969, Acc:72.01
Epoch:75, Loss:0.02221596327477268, Acc:99.432, LR:0.00012000000000000002
Epoch:76, Loss:0.02107679465671583, Acc:99.506, LR:0.00012000000000000002
Epoch:77, Loss:0.022122372155628945, Acc:99.432, LR:0.00012000000000000002
Epoch:78, Loss:0.02300721204516535, Acc:99.432, LR:0.00012000000000000002
Epoch:79, Loss:0.021283870458374828, Acc:99.478, LR:0.00012000000000000002
Validation: Loss:1.5072954177856446, Acc:72.14
Epoch:80, Loss:0.021849409715101426, Acc:99.448, LR:0.00012000000000000002
Epoch:81, Loss:0.020705685086016144, Acc:99.472, LR:0.00012000000000000002
Epoch:82, Loss:0.021762585267424583, Acc:99.446, LR:0.00012000000000000002
Epoch:83, Loss:0.019108818729921262, Acc:99.512, LR:0.00012000000000000002
Epoch:84, Loss:0.019686697155465276, Acc:99.508, LR:0.00012000000000000002
Validation: Loss:1.522127091884613, Acc:72.17
Epoch:85, Loss:0.019042806528812767, Acc:99.52, LR:0.00012000000000000002
Epoch:86, Loss:0.019384261971453622, Acc:99.474, LR:0.00012000000000000002
Epoch:87, Loss:0.018382293865920937, Acc:99.5, LR:0.00012000000000000002
Epoch:88, Loss:0.018001245985719925, Acc:99.518, LR:0.00012000000000000002
Epoch:89, Loss:0.01846988893076017, Acc:99.518, LR:2.4000000000000004e-05
Validation: Loss:1.5471700727939606, Acc:72.03
Epoch:90, Loss:0.01883013914719376, Acc:99.508, LR:2.4000000000000004e-05
Epoch:91, Loss:0.016847142716869712, Acc:99.584, LR:2.4000000000000004e-05
Epoch:92, Loss:0.0172543599916508, Acc:99.58, LR:2.4000000000000004e-05
Epoch:93, Loss:0.015777627205742255, Acc:99.614, LR:2.4000000000000004e-05
Epoch:94, Loss:0.015037584294355949, Acc:99.612, LR:2.4000000000000004e-05
Validation: Loss:1.5273280799388886, Acc:72.41
Best model updated!
Epoch:95, Loss:0.015114672610308138, Acc:99.642, LR:2.4000000000000004e-05
Epoch:96, Loss:0.015710177042578558, Acc:99.61, LR:2.4000000000000004e-05
Epoch:97, Loss:0.015456968728376895, Acc:99.62, LR:2.4000000000000004e-05
Epoch:98, Loss:0.015505209389351765, Acc:99.608, LR:2.4000000000000004e-05
Epoch:99, Loss:0.0158158243415231, Acc:99.594, LR:2.4000000000000004e-05
Validation: Loss:1.5286587297916412, Acc:72.42
Best model updated!
Epoch:100, Loss:0.014747522657318992, Acc:99.612, LR:2.4000000000000004e-05
Epoch:101, Loss:0.014971762938348919, Acc:99.602, LR:2.4000000000000004e-05
Epoch:102, Loss:0.01491960365211173, Acc:99.656, LR:2.4000000000000004e-05
Epoch:103, Loss:0.014403814863299533, Acc:99.626, LR:2.4000000000000004e-05
Epoch:104, Loss:0.014961262271568482, Acc:99.642, LR:2.4000000000000004e-05
Validation: Loss:1.5435921132564545, Acc:72.34
Epoch:105, Loss:0.015594438835028179, Acc:99.59, LR:2.4000000000000004e-05
Epoch:106, Loss:0.015097252539910224, Acc:99.62, LR:2.4000000000000004e-05
Epoch:107, Loss:0.014231296493766867, Acc:99.642, LR:2.4000000000000004e-05
Epoch:108, Loss:0.014177035431054478, Acc:99.658, LR:2.4000000000000004e-05
Epoch:109, Loss:0.01462297488422114, Acc:99.646, LR:2.4000000000000004e-05
Validation: Loss:1.5384090542793274, Acc:72.43
Best model updated!
Epoch:110, Loss:0.013082492046476322, Acc:99.714, LR:2.4000000000000004e-05
Epoch:111, Loss:0.014598236704359249, Acc:99.648, LR:2.4000000000000004e-05
Epoch:112, Loss:0.013536984419298112, Acc:99.65, LR:2.4000000000000004e-05
Epoch:113, Loss:0.01323308136162101, Acc:99.694, LR:2.4000000000000004e-05
Epoch:114, Loss:0.014760391767687944, Acc:99.57, LR:2.4000000000000004e-05
Validation: Loss:1.5439117908477784, Acc:72.51
Best model updated!
Epoch:115, Loss:0.014014279170493995, Acc:99.642, LR:2.4000000000000004e-05
Epoch:116, Loss:0.013300402180234693, Acc:99.684, LR:2.4000000000000004e-05
Epoch:117, Loss:0.013675175944571289, Acc:99.646, LR:2.4000000000000004e-05
Epoch:118, Loss:0.015118748396254924, Acc:99.608, LR:2.4000000000000004e-05
Epoch:119, Loss:0.013892603933583108, Acc:99.648, LR:4.8000000000000015e-06
Validation: Loss:1.5436678290367127, Acc:72.47
Epoch:120, Loss:0.013019542052999747, Acc:99.694, LR:4.8000000000000015e-06
Epoch:121, Loss:0.014112041379344098, Acc:99.664, LR:4.8000000000000015e-06
Epoch:122, Loss:0.013443662276567549, Acc:99.68, LR:4.8000000000000015e-06
Epoch:123, Loss:0.013689723569063507, Acc:99.652, LR:4.8000000000000015e-06
Epoch:124, Loss:0.014344437223650058, Acc:99.626, LR:4.8000000000000015e-06
Validation: Loss:1.5372563421726226, Acc:72.47
Epoch:125, Loss:0.013039013960075622, Acc:99.678, LR:4.8000000000000015e-06
Epoch:126, Loss:0.012672652248103095, Acc:99.734, LR:4.8000000000000015e-06
Epoch:127, Loss:0.01286521538312794, Acc:99.708, LR:4.8000000000000015e-06
Epoch:128, Loss:0.0124678634990919, Acc:99.708, LR:4.8000000000000015e-06
Epoch:129, Loss:0.012943458990479002, Acc:99.686, LR:4.8000000000000015e-06
Validation: Loss:1.5424331188201905, Acc:72.47
Epoch:130, Loss:0.012955150652524769, Acc:99.704, LR:4.8000000000000015e-06
Epoch:131, Loss:0.013072387172783516, Acc:99.68, LR:4.8000000000000015e-06
Epoch:132, Loss:0.012171383657283624, Acc:99.722, LR:4.8000000000000015e-06
Epoch:133, Loss:0.013690887976494827, Acc:99.654, LR:4.8000000000000015e-06
Epoch:134, Loss:0.013260094382401024, Acc:99.662, LR:4.8000000000000015e-06
Validation: Loss:1.5412878692150116, Acc:72.36
Epoch:135, Loss:0.013057717240928692, Acc:99.666, LR:4.8000000000000015e-06
Epoch:136, Loss:0.012106770625794116, Acc:99.708, LR:4.8000000000000015e-06
Epoch:137, Loss:0.012067930658861083, Acc:99.702, LR:4.8000000000000015e-06
Epoch:138, Loss:0.01338340625718084, Acc:99.646, LR:4.8000000000000015e-06
Epoch:139, Loss:0.013412299005276695, Acc:99.64, LR:4.8000000000000015e-06
Validation: Loss:1.5506990551948547, Acc:72.37
Epoch:140, Loss:0.012941432413550056, Acc:99.698, LR:4.8000000000000015e-06
Epoch:141, Loss:0.012422050682029553, Acc:99.698, LR:4.8000000000000015e-06
Epoch:142, Loss:0.01218550000814911, Acc:99.728, LR:4.8000000000000015e-06
Epoch:143, Loss:0.01253871881992233, Acc:99.708, LR:4.8000000000000015e-06
Epoch:144, Loss:0.012231452903729312, Acc:99.694, LR:4.8000000000000015e-06
Validation: Loss:1.5426404416561126, Acc:72.47
Epoch:145, Loss:0.012593630102596112, Acc:99.682, LR:4.8000000000000015e-06
Epoch:146, Loss:0.013955377859576625, Acc:99.648, LR:4.8000000000000015e-06
Epoch:147, Loss:0.012267010564421664, Acc:99.716, LR:4.8000000000000015e-06
Epoch:148, Loss:0.01225874496015663, Acc:99.716, LR:4.8000000000000015e-06
Epoch:149, Loss:0.013568068284313289, Acc:99.674, LR:9.600000000000003e-07
Validation: Loss:1.5459214389324187, Acc:72.41
Epoch:150, Loss:0.013595289208603149, Acc:99.62, LR:9.600000000000003e-07
Epoch:151, Loss:0.0125846997929775, Acc:99.678, LR:9.600000000000003e-07
Epoch:152, Loss:0.011672626867206121, Acc:99.724, LR:9.600000000000003e-07
Epoch:153, Loss:0.012241927802334634, Acc:99.712, LR:9.600000000000003e-07
Epoch:154, Loss:0.013070061973923323, Acc:99.686, LR:9.600000000000003e-07
Validation: Loss:1.5476891934871673, Acc:72.39
Epoch:155, Loss:0.012841083292317177, Acc:99.67, LR:9.600000000000003e-07
Epoch:156, Loss:0.013203421731156354, Acc:99.702, LR:9.600000000000003e-07
Epoch:157, Loss:0.012379161424326653, Acc:99.722, LR:9.600000000000003e-07
Epoch:158, Loss:0.012631296888183879, Acc:99.688, LR:9.600000000000003e-07
Epoch:159, Loss:0.012781873891814326, Acc:99.704, LR:9.600000000000003e-07
Validation: Loss:1.5435614168643952, Acc:72.6
Best model updated!
Epoch:160, Loss:0.012560203977936536, Acc:99.69, LR:9.600000000000003e-07
Epoch:161, Loss:0.01254754829486566, Acc:99.712, LR:9.600000000000003e-07
Epoch:162, Loss:0.012195902748261484, Acc:99.708, LR:9.600000000000003e-07
Epoch:163, Loss:0.012468555352973695, Acc:99.728, LR:9.600000000000003e-07
Epoch:164, Loss:0.011972966782121482, Acc:99.72, LR:9.600000000000003e-07
Validation: Loss:1.5459188163280486, Acc:72.52
Epoch:165, Loss:0.013073903769824882, Acc:99.668, LR:9.600000000000003e-07
Epoch:166, Loss:0.012014621721428573, Acc:99.72, LR:9.600000000000003e-07
Epoch:167, Loss:0.01279673398453362, Acc:99.68, LR:9.600000000000003e-07
Epoch:168, Loss:0.013374539134947926, Acc:99.656, LR:9.600000000000003e-07
Epoch:169, Loss:0.01289774233722413, Acc:99.71, LR:9.600000000000003e-07
Validation: Loss:1.5435053169727326, Acc:72.55
Epoch:170, Loss:0.012605307709273636, Acc:99.68, LR:9.600000000000003e-07
Epoch:171, Loss:0.011536110952800634, Acc:99.72, LR:9.600000000000003e-07
Epoch:172, Loss:0.011964113560828323, Acc:99.752, LR:9.600000000000003e-07
Epoch:173, Loss:0.012693770985328118, Acc:99.678, LR:9.600000000000003e-07
Epoch:174, Loss:0.012868201003733034, Acc:99.696, LR:9.600000000000003e-07
Validation: Loss:1.5386200666427612, Acc:72.62
Best model updated!
Epoch:175, Loss:0.012651269673369825, Acc:99.708, LR:9.600000000000003e-07
Epoch:176, Loss:0.012056590138687467, Acc:99.71, LR:9.600000000000003e-07
Epoch:177, Loss:0.012432909242770806, Acc:99.702, LR:9.600000000000003e-07
Epoch:178, Loss:0.011837384010170947, Acc:99.728, LR:9.600000000000003e-07
Epoch:179, Loss:0.012394306948408484, Acc:99.708, LR:1.9200000000000008e-07
Validation: Loss:1.547201120853424, Acc:72.47
Epoch:180, Loss:0.011602637343754878, Acc:99.736, LR:1.9200000000000008e-07
Epoch:181, Loss:0.012485161649386341, Acc:99.718, LR:1.9200000000000008e-07
Epoch:182, Loss:0.013461406680052074, Acc:99.664, LR:1.9200000000000008e-07
Epoch:183, Loss:0.013416632981400708, Acc:99.638, LR:1.9200000000000008e-07
Epoch:184, Loss:0.012198027803049403, Acc:99.732, LR:1.9200000000000008e-07
Validation: Loss:1.547581297159195, Acc:72.43
Epoch:185, Loss:0.012339219365420998, Acc:99.702, LR:1.9200000000000008e-07
Epoch:186, Loss:0.012873027364400273, Acc:99.658, LR:1.9200000000000008e-07
Epoch:187, Loss:0.012515296689139642, Acc:99.692, LR:1.9200000000000008e-07
Epoch:188, Loss:0.013725616263548786, Acc:99.674, LR:1.9200000000000008e-07
Epoch:189, Loss:0.011913479025456674, Acc:99.716, LR:1.9200000000000008e-07
Validation: Loss:1.5503968000411987, Acc:72.46
Epoch:190, Loss:0.012063643419925047, Acc:99.72, LR:1.9200000000000008e-07
Epoch:191, Loss:0.012478910472091972, Acc:99.698, LR:1.9200000000000008e-07
Epoch:192, Loss:0.012590613425234142, Acc:99.704, LR:1.9200000000000008e-07
Epoch:193, Loss:0.012517650521417357, Acc:99.688, LR:1.9200000000000008e-07
Epoch:194, Loss:0.012672658639066681, Acc:99.678, LR:1.9200000000000008e-07
Validation: Loss:1.5496146023273467, Acc:72.52
Epoch:195, Loss:0.01252993430029981, Acc:99.684, LR:1.9200000000000008e-07
Epoch:196, Loss:0.012347030971313313, Acc:99.714, LR:1.9200000000000008e-07
Epoch:197, Loss:0.012575040157998398, Acc:99.73, LR:1.9200000000000008e-07
Epoch:198, Loss:0.01213241478770363, Acc:99.738, LR:1.9200000000000008e-07
Epoch:199, Loss:0.012987465174792677, Acc:99.668, LR:1.9200000000000008e-07
Validation: Loss:1.5453713536262512, Acc:72.56
Test: Acc:72.62
