nohup: ignoring input
/root/liuyuanye/NNDL/Final/CIFAR/deit.py:63: UserWarning: Overwriting deit_tiny_patch16_224 in registry with deit.deit_tiny_patch16_224. This is because the name being registered conflicts with an existing name. Please check if this is not expected.
  def deit_tiny_patch16_224(pretrained=False, **kwargs):
/root/liuyuanye/NNDL/Final/CIFAR/deit.py:78: UserWarning: Overwriting deit_small_patch16_224 in registry with deit.deit_small_patch16_224. This is because the name being registered conflicts with an existing name. Please check if this is not expected.
  def deit_small_patch16_224(pretrained=False, **kwargs):
/root/liuyuanye/NNDL/Final/CIFAR/deit.py:93: UserWarning: Overwriting deit_base_patch16_224 in registry with deit.deit_base_patch16_224. This is because the name being registered conflicts with an existing name. Please check if this is not expected.
  def deit_base_patch16_224(pretrained=False, **kwargs):
/root/liuyuanye/NNDL/Final/CIFAR/deit.py:108: UserWarning: Overwriting deit_tiny_distilled_patch16_224 in registry with deit.deit_tiny_distilled_patch16_224. This is because the name being registered conflicts with an existing name. Please check if this is not expected.
  def deit_tiny_distilled_patch16_224(pretrained=False, **kwargs):
/root/liuyuanye/NNDL/Final/CIFAR/deit.py:123: UserWarning: Overwriting deit_small_distilled_patch16_224 in registry with deit.deit_small_distilled_patch16_224. This is because the name being registered conflicts with an existing name. Please check if this is not expected.
  def deit_small_distilled_patch16_224(pretrained=False, **kwargs):
/root/liuyuanye/NNDL/Final/CIFAR/deit.py:138: UserWarning: Overwriting deit_base_distilled_patch16_224 in registry with deit.deit_base_distilled_patch16_224. This is because the name being registered conflicts with an existing name. Please check if this is not expected.
  def deit_base_distilled_patch16_224(pretrained=False, **kwargs):
/root/liuyuanye/NNDL/Final/CIFAR/deit.py:153: UserWarning: Overwriting deit_base_patch16_384 in registry with deit.deit_base_patch16_384. This is because the name being registered conflicts with an existing name. Please check if this is not expected.
  def deit_base_patch16_384(pretrained=False, **kwargs):
/root/liuyuanye/NNDL/Final/CIFAR/deit.py:168: UserWarning: Overwriting deit_base_distilled_patch16_384 in registry with deit.deit_base_distilled_patch16_384. This is because the name being registered conflicts with an existing name. Please check if this is not expected.
  def deit_base_distilled_patch16_384(pretrained=False, **kwargs):
/root/miniconda3/envs/py310/lib/python3.10/site-packages/torchvision/models/_utils.py:223: UserWarning: Arguments other than a weight enum or `None` for 'weights' are deprecated since 0.13 and may be removed in the future. The current behavior is equivalent to passing `weights=None`.
  warnings.warn(msg)
{
    "datapath": "../data/",
    "logpath": "./logs/",
    "batch_size": 512,
    "epoch": 200,
    "seed": 43,
    "date": "0624",
    "plot": true,
    "num_classes": 100,
    "opt": "AdamW",
    "learning_rate": 0.003,
    "weight_decay": 0.0001,
    "pretrained": false,
    "device_id": 1,
    "dropout": true,
    "cutout": true,
    "cutmix": false,
    "model": "ResNet18+SimCLR",
    "comment": "StepLR_30_0.2"
}
2024-06-24 09:32:01
Epoch:0, Loss:4.419590142308449, Acc:4.69, LR:0.003
Epoch:1, Loss:4.162281639721929, Acc:8.376, LR:0.003
Epoch:2, Loss:4.0313736151675785, Acc:9.98, LR:0.003
Epoch:3, Loss:3.9556084676664702, Acc:10.826, LR:0.003
Epoch:4, Loss:3.906553645523227, Acc:11.106, LR:0.003
Validation: Loss:3.8598012685775758, Acc:12.44
Best model updated!
Epoch:5, Loss:3.8708547037474963, Acc:11.498, LR:0.003
Epoch:6, Loss:3.8480505627028796, Acc:11.602, LR:0.003
Epoch:7, Loss:3.823389870779855, Acc:11.962, LR:0.003
Epoch:8, Loss:3.812883863643724, Acc:12.3, LR:0.003
Epoch:9, Loss:3.7972241761733074, Acc:12.6, LR:0.003
Validation: Loss:3.762426483631134, Acc:12.89
Best model updated!
Epoch:10, Loss:3.7948369712245706, Acc:12.528, LR:0.003
Epoch:11, Loss:3.7820856668511214, Acc:12.534, LR:0.003
Epoch:12, Loss:3.7703275996811536, Acc:12.572, LR:0.003
Epoch:13, Loss:3.7677869504811814, Acc:12.558, LR:0.003
Epoch:14, Loss:3.762933740810472, Acc:12.882, LR:0.003
Validation: Loss:3.729349160194397, Acc:12.7
Epoch:15, Loss:3.75910937542818, Acc:12.906, LR:0.003
Epoch:16, Loss:3.754914278886756, Acc:12.644, LR:0.003
Epoch:17, Loss:3.750492380589855, Acc:12.834, LR:0.003
Epoch:18, Loss:3.745124495759302, Acc:12.986, LR:0.003
Epoch:19, Loss:3.7456134971307247, Acc:13.0, LR:0.003
Validation: Loss:3.720232081413269, Acc:12.71
Epoch:20, Loss:3.7410779047985465, Acc:13.198, LR:0.003
Epoch:21, Loss:3.741296444620405, Acc:13.046, LR:0.003
Epoch:22, Loss:3.7375810803199303, Acc:12.96, LR:0.003
Epoch:23, Loss:3.7299660979485023, Acc:13.296, LR:0.003
Epoch:24, Loss:3.7341835766422506, Acc:13.18, LR:0.003
Validation: Loss:3.692564105987549, Acc:13.31
Best model updated!
Epoch:25, Loss:3.734636880913559, Acc:13.084, LR:0.003
Epoch:26, Loss:3.735278443414338, Acc:13.082, LR:0.003
Epoch:27, Loss:3.7309276984662425, Acc:12.906, LR:0.003
Epoch:28, Loss:3.728556907906824, Acc:13.274, LR:0.003
Epoch:29, Loss:3.7327470073894577, Acc:12.838, LR:0.0006000000000000001
Validation: Loss:3.7064784169197083, Acc:12.69
Epoch:30, Loss:3.716573454895798, Acc:13.61, LR:0.0006000000000000001
Epoch:31, Loss:3.707730774976769, Acc:13.68, LR:0.0006000000000000001
Epoch:32, Loss:3.7165205867923037, Acc:13.544, LR:0.0006000000000000001
Epoch:33, Loss:3.709094346786032, Acc:13.724, LR:0.0006000000000000001
Epoch:34, Loss:3.7058334496556498, Acc:13.682, LR:0.0006000000000000001
Validation: Loss:3.7003094077110292, Acc:13.13
Epoch:35, Loss:3.7087390082223073, Acc:13.472, LR:0.0006000000000000001
Epoch:36, Loss:3.712088949826299, Acc:13.214, LR:0.0006000000000000001
Epoch:37, Loss:3.7061796577609316, Acc:13.646, LR:0.0006000000000000001
Epoch:38, Loss:3.7090317911031296, Acc:13.994, LR:0.0006000000000000001
Epoch:39, Loss:3.7083957438566246, Acc:13.656, LR:0.0006000000000000001
Validation: Loss:3.7056432962417603, Acc:13.13
Epoch:40, Loss:3.7035722854186077, Acc:13.4, LR:0.0006000000000000001
Epoch:41, Loss:3.711445920321406, Acc:13.676, LR:0.0006000000000000001
Epoch:42, Loss:3.7138776900816937, Acc:13.444, LR:0.0006000000000000001
Epoch:43, Loss:3.7087508683301964, Acc:13.598, LR:0.0006000000000000001
Epoch:44, Loss:3.703668706271113, Acc:14.046, LR:0.0006000000000000001
Validation: Loss:3.702282965183258, Acc:13.01
Epoch:45, Loss:3.7052669500818056, Acc:13.544, LR:0.0006000000000000001
Epoch:46, Loss:3.698372850612718, Acc:13.69, LR:0.0006000000000000001
Epoch:47, Loss:3.704411051711258, Acc:13.79, LR:0.0006000000000000001
Epoch:48, Loss:3.6981253137393875, Acc:13.924, LR:0.0006000000000000001
Epoch:49, Loss:3.700059932105395, Acc:13.854, LR:0.0006000000000000001
Validation: Loss:3.6934441924095154, Acc:13.26
Epoch:50, Loss:3.699659525131693, Acc:13.996, LR:0.0006000000000000001
Epoch:51, Loss:3.6993414844785417, Acc:14.026, LR:0.0006000000000000001
Epoch:52, Loss:3.7091009008641147, Acc:13.556, LR:0.0006000000000000001
Epoch:53, Loss:3.6960125845305773, Acc:13.846, LR:0.0006000000000000001
Epoch:54, Loss:3.7021524784516315, Acc:13.85, LR:0.0006000000000000001
Validation: Loss:3.6899139165878294, Acc:13.19
Epoch:55, Loss:3.702994626395556, Acc:13.754, LR:0.0006000000000000001
Epoch:56, Loss:3.6970027709493833, Acc:13.906, LR:0.0006000000000000001
Epoch:57, Loss:3.6986585733841877, Acc:13.888, LR:0.0006000000000000001
Epoch:58, Loss:3.7018835520257753, Acc:13.75, LR:0.0006000000000000001
Epoch:59, Loss:3.6927748894204897, Acc:13.814, LR:0.00012000000000000002
Validation: Loss:3.700752651691437, Acc:13.4
Best model updated!
Epoch:60, Loss:3.6959364365558236, Acc:13.968, LR:0.00012000000000000002
Epoch:61, Loss:3.6986434362372576, Acc:13.896, LR:0.00012000000000000002
Epoch:62, Loss:3.695569714721368, Acc:13.78, LR:0.00012000000000000002
Epoch:63, Loss:3.6943987024073697, Acc:13.914, LR:0.00012000000000000002
Epoch:64, Loss:3.6964157746762645, Acc:13.912, LR:0.00012000000000000002
Validation: Loss:3.6899485111236574, Acc:13.55
Best model updated!
Epoch:65, Loss:3.690268771989005, Acc:14.21, LR:0.00012000000000000002
Epoch:66, Loss:3.6966672381576227, Acc:14.05, LR:0.00012000000000000002
Epoch:67, Loss:3.6991721197050444, Acc:13.898, LR:0.00012000000000000002
Epoch:68, Loss:3.689832234869198, Acc:14.048, LR:0.00012000000000000002
Epoch:69, Loss:3.6975693629712474, Acc:13.902, LR:0.00012000000000000002
Validation: Loss:3.6967324018478394, Acc:13.53
Epoch:70, Loss:3.69612202352407, Acc:13.896, LR:0.00012000000000000002
Epoch:71, Loss:3.6967989838853175, Acc:13.794, LR:0.00012000000000000002
Epoch:72, Loss:3.694911222068631, Acc:14.068, LR:0.00012000000000000002
Epoch:73, Loss:3.693792756722898, Acc:13.7, LR:0.00012000000000000002
Epoch:74, Loss:3.6936405994454207, Acc:13.776, LR:0.00012000000000000002
Validation: Loss:3.6867080688476563, Acc:13.6
Best model updated!
Epoch:75, Loss:3.698299765586853, Acc:13.902, LR:0.00012000000000000002
Epoch:76, Loss:3.697823877237281, Acc:13.99, LR:0.00012000000000000002
Epoch:77, Loss:3.6938624357690615, Acc:14.208, LR:0.00012000000000000002
Epoch:78, Loss:3.696677341753123, Acc:13.844, LR:0.00012000000000000002
Epoch:79, Loss:3.694371469166814, Acc:13.858, LR:0.00012000000000000002
Validation: Loss:3.692257308959961, Acc:13.43
Epoch:80, Loss:3.694361849707, Acc:13.814, LR:0.00012000000000000002
Epoch:81, Loss:3.694038208650083, Acc:14.166, LR:0.00012000000000000002
Epoch:82, Loss:3.6930888283009433, Acc:13.686, LR:0.00012000000000000002
Epoch:83, Loss:3.6999445545430087, Acc:13.746, LR:0.00012000000000000002
Epoch:84, Loss:3.6995639168486303, Acc:13.694, LR:0.00012000000000000002
Validation: Loss:3.6869269967079163, Acc:13.47
Epoch:85, Loss:3.693917386385859, Acc:14.182, LR:0.00012000000000000002
Epoch:86, Loss:3.6894636640743332, Acc:14.264, LR:0.00012000000000000002
Epoch:87, Loss:3.6968042631538545, Acc:14.084, LR:0.00012000000000000002
Epoch:88, Loss:3.695790001324245, Acc:13.9, LR:0.00012000000000000002
Epoch:89, Loss:3.700303466952577, Acc:13.788, LR:2.4000000000000004e-05
Validation: Loss:3.6886677742004395, Acc:13.56
Epoch:90, Loss:3.6866597423748093, Acc:13.97, LR:2.4000000000000004e-05
Epoch:91, Loss:3.688826310391329, Acc:14.048, LR:2.4000000000000004e-05
Epoch:92, Loss:3.699461888293831, Acc:13.922, LR:2.4000000000000004e-05
Epoch:93, Loss:3.694650615964617, Acc:14.14, LR:2.4000000000000004e-05
Epoch:94, Loss:3.6922044875670452, Acc:14.082, LR:2.4000000000000004e-05
Validation: Loss:3.696014201641083, Acc:13.42
Epoch:95, Loss:3.700792568070548, Acc:13.798, LR:2.4000000000000004e-05
Epoch:96, Loss:3.6978213519466165, Acc:13.992, LR:2.4000000000000004e-05
Epoch:97, Loss:3.6990776524251823, Acc:13.918, LR:2.4000000000000004e-05
Epoch:98, Loss:3.689919955876409, Acc:13.93, LR:2.4000000000000004e-05
Epoch:99, Loss:3.69321849638102, Acc:13.774, LR:2.4000000000000004e-05
Validation: Loss:3.6901216387748716, Acc:13.56
Epoch:100, Loss:3.699053623238388, Acc:13.574, LR:2.4000000000000004e-05
Epoch:101, Loss:3.694954378264291, Acc:14.05, LR:2.4000000000000004e-05
Epoch:102, Loss:3.6897230537570254, Acc:14.232, LR:2.4000000000000004e-05
Epoch:103, Loss:3.6892739242436936, Acc:13.844, LR:2.4000000000000004e-05
Epoch:104, Loss:3.6879979128740272, Acc:14.132, LR:2.4000000000000004e-05
Validation: Loss:3.6877941250801087, Acc:13.65
Best model updated!
Epoch:105, Loss:3.690880612451203, Acc:14.096, LR:2.4000000000000004e-05
Epoch:106, Loss:3.6909965909257227, Acc:13.956, LR:2.4000000000000004e-05
Epoch:107, Loss:3.6900662475702712, Acc:14.106, LR:2.4000000000000004e-05
Epoch:108, Loss:3.689661050329403, Acc:14.02, LR:2.4000000000000004e-05
Epoch:109, Loss:3.6935821358038456, Acc:14.142, LR:2.4000000000000004e-05
Validation: Loss:3.6901775002479553, Acc:13.54
Epoch:110, Loss:3.691608793881475, Acc:14.224, LR:2.4000000000000004e-05
Epoch:111, Loss:3.696928797935953, Acc:13.998, LR:2.4000000000000004e-05
Epoch:112, Loss:3.68956145705009, Acc:14.166, LR:2.4000000000000004e-05
Epoch:113, Loss:3.6915130055680567, Acc:13.95, LR:2.4000000000000004e-05
Epoch:114, Loss:3.690163432335367, Acc:14.14, LR:2.4000000000000004e-05
Validation: Loss:3.6882110834121704, Acc:13.53
Epoch:115, Loss:3.6932064270486635, Acc:14.138, LR:2.4000000000000004e-05
Epoch:116, Loss:3.6946522070437062, Acc:13.762, LR:2.4000000000000004e-05
Epoch:117, Loss:3.6912635248534533, Acc:13.99, LR:2.4000000000000004e-05
Epoch:118, Loss:3.692518333999478, Acc:14.062, LR:2.4000000000000004e-05
Epoch:119, Loss:3.691002592748525, Acc:13.934, LR:4.8000000000000015e-06
Validation: Loss:3.68743782043457, Acc:13.51
Epoch:120, Loss:3.697665199941518, Acc:13.96, LR:4.8000000000000015e-06
Epoch:121, Loss:3.6885389868094, Acc:14.032, LR:4.8000000000000015e-06
