nohup: ignoring input
/root/liuyuanye/NNDL/Final/CIFAR/deit.py:63: UserWarning: Overwriting deit_tiny_patch16_224 in registry with deit.deit_tiny_patch16_224. This is because the name being registered conflicts with an existing name. Please check if this is not expected.
  def deit_tiny_patch16_224(pretrained=False, **kwargs):
/root/liuyuanye/NNDL/Final/CIFAR/deit.py:78: UserWarning: Overwriting deit_small_patch16_224 in registry with deit.deit_small_patch16_224. This is because the name being registered conflicts with an existing name. Please check if this is not expected.
  def deit_small_patch16_224(pretrained=False, **kwargs):
/root/liuyuanye/NNDL/Final/CIFAR/deit.py:93: UserWarning: Overwriting deit_base_patch16_224 in registry with deit.deit_base_patch16_224. This is because the name being registered conflicts with an existing name. Please check if this is not expected.
  def deit_base_patch16_224(pretrained=False, **kwargs):
/root/liuyuanye/NNDL/Final/CIFAR/deit.py:108: UserWarning: Overwriting deit_tiny_distilled_patch16_224 in registry with deit.deit_tiny_distilled_patch16_224. This is because the name being registered conflicts with an existing name. Please check if this is not expected.
  def deit_tiny_distilled_patch16_224(pretrained=False, **kwargs):
/root/liuyuanye/NNDL/Final/CIFAR/deit.py:123: UserWarning: Overwriting deit_small_distilled_patch16_224 in registry with deit.deit_small_distilled_patch16_224. This is because the name being registered conflicts with an existing name. Please check if this is not expected.
  def deit_small_distilled_patch16_224(pretrained=False, **kwargs):
/root/liuyuanye/NNDL/Final/CIFAR/deit.py:138: UserWarning: Overwriting deit_base_distilled_patch16_224 in registry with deit.deit_base_distilled_patch16_224. This is because the name being registered conflicts with an existing name. Please check if this is not expected.
  def deit_base_distilled_patch16_224(pretrained=False, **kwargs):
/root/liuyuanye/NNDL/Final/CIFAR/deit.py:153: UserWarning: Overwriting deit_base_patch16_384 in registry with deit.deit_base_patch16_384. This is because the name being registered conflicts with an existing name. Please check if this is not expected.
  def deit_base_patch16_384(pretrained=False, **kwargs):
/root/liuyuanye/NNDL/Final/CIFAR/deit.py:168: UserWarning: Overwriting deit_base_distilled_patch16_384 in registry with deit.deit_base_distilled_patch16_384. This is because the name being registered conflicts with an existing name. Please check if this is not expected.
  def deit_base_distilled_patch16_384(pretrained=False, **kwargs):
{
    "datapath": "../data/",
    "logpath": "./logs/",
    "batch_size": 512,
    "epoch": 200,
    "seed": 43,
    "date": "0625",
    "plot": true,
    "num_classes": 100,
    "opt": "SGD",
    "learning_rate": 0.1,
    "weight_decay": 0.0001,
    "pretrained": true,
    "device_id": 1,
    "dropout": true,
    "cutout": true,
    "cutmix": false,
    "model": "ResNet18+SimCLR",
    "comment": "StepLR_30_0.2"
}
2024-06-25 22:32:58
Epoch:0, Loss:4.274612251593142, Acc:6.064, LR:0.1
Epoch:1, Loss:3.983851693114456, Acc:9.978, LR:0.1
Epoch:2, Loss:3.8746251354412156, Acc:11.676, LR:0.1
Epoch:3, Loss:3.8095119972618257, Acc:12.754, LR:0.1
Epoch:4, Loss:3.76500251098555, Acc:13.29, LR:0.1
Validation: Loss:4.162603545188904, Acc:10.75
Best model updated!
Epoch:5, Loss:3.7248968932093405, Acc:14.014, LR:0.1
Epoch:6, Loss:3.69494100736112, Acc:14.418, LR:0.1
Epoch:7, Loss:3.6756100703258903, Acc:14.922, LR:0.1
Epoch:8, Loss:3.6511715966828016, Acc:15.332, LR:0.1
Epoch:9, Loss:3.628342085955094, Acc:15.756, LR:0.1
Validation: Loss:4.078372550010681, Acc:11.64
Best model updated!
Epoch:10, Loss:3.6140095433410333, Acc:15.776, LR:0.1
Epoch:11, Loss:3.5970923049109325, Acc:16.102, LR:0.1
Epoch:12, Loss:3.5817698897147667, Acc:16.358, LR:0.1
Epoch:13, Loss:3.572479321032154, Acc:16.448, LR:0.1
Epoch:14, Loss:3.558220802521219, Acc:16.932, LR:0.1
Validation: Loss:3.940560460090637, Acc:12.93
Best model updated!
Epoch:15, Loss:3.54411565527624, Acc:17.078, LR:0.1
Epoch:16, Loss:3.5428908236172734, Acc:16.948, LR:0.1
Epoch:17, Loss:3.532354780605861, Acc:17.24, LR:0.1
Epoch:18, Loss:3.52422119403372, Acc:17.42, LR:0.1
Epoch:19, Loss:3.5166433490052516, Acc:17.426, LR:0.1
Validation: Loss:3.8996377825737, Acc:14.31
Best model updated!
Epoch:20, Loss:3.5118600665306556, Acc:17.458, LR:0.1
Epoch:21, Loss:3.5071576955367108, Acc:17.734, LR:0.1
Epoch:22, Loss:3.4913216099447135, Acc:17.966, LR:0.1
Epoch:23, Loss:3.487883236943459, Acc:17.936, LR:0.1
Epoch:24, Loss:3.483490445175949, Acc:18.11, LR:0.1
Validation: Loss:3.831420361995697, Acc:15.01
Best model updated!
Epoch:25, Loss:3.479993039247941, Acc:18.44, LR:0.1
Epoch:26, Loss:3.476824101136655, Acc:18.408, LR:0.1
Epoch:27, Loss:3.470895506897751, Acc:18.292, LR:0.1
Epoch:28, Loss:3.4587499681784184, Acc:18.74, LR:0.1
Epoch:29, Loss:3.4568949183639215, Acc:18.56, LR:0.020000000000000004
Validation: Loss:3.8079762935638426, Acc:15.26
Best model updated!
Epoch:30, Loss:3.410991578685994, Acc:19.824, LR:0.020000000000000004
Epoch:31, Loss:3.406718370865802, Acc:19.66, LR:0.020000000000000004
Epoch:32, Loss:3.405118835215666, Acc:19.934, LR:0.020000000000000004
Epoch:33, Loss:3.4028473727557125, Acc:19.942, LR:0.020000000000000004
Epoch:34, Loss:3.407608533392147, Acc:19.85, LR:0.020000000000000004
Validation: Loss:3.7247018218040466, Acc:15.89
Best model updated!
Epoch:35, Loss:3.407305600691815, Acc:19.784, LR:0.020000000000000004
Epoch:36, Loss:3.399382773710757, Acc:19.776, LR:0.020000000000000004
Epoch:37, Loss:3.3977613132827136, Acc:20.146, LR:0.020000000000000004
Epoch:38, Loss:3.397569023832983, Acc:20.06, LR:0.020000000000000004
Epoch:39, Loss:3.403955123862442, Acc:20.026, LR:0.020000000000000004
Validation: Loss:3.717005753517151, Acc:16.51
Best model updated!
Epoch:40, Loss:3.401027674577674, Acc:20.072, LR:0.020000000000000004
Epoch:41, Loss:3.3933671785860646, Acc:20.198, LR:0.020000000000000004
Epoch:42, Loss:3.401734490783847, Acc:20.018, LR:0.020000000000000004
Epoch:43, Loss:3.3928269975039425, Acc:20.258, LR:0.020000000000000004
Epoch:44, Loss:3.3965319200437896, Acc:20.232, LR:0.020000000000000004
Validation: Loss:3.70826770067215, Acc:16.48
Epoch:45, Loss:3.3966975966278388, Acc:20.0, LR:0.020000000000000004
Epoch:46, Loss:3.393218536766208, Acc:20.282, LR:0.020000000000000004
Epoch:47, Loss:3.3920023587285257, Acc:20.42, LR:0.020000000000000004
Epoch:48, Loss:3.392872224048692, Acc:20.114, LR:0.020000000000000004
Epoch:49, Loss:3.3914498528655694, Acc:20.272, LR:0.020000000000000004
Validation: Loss:3.704627048969269, Acc:16.56
Best model updated!
Epoch:50, Loss:3.394234375077851, Acc:20.166, LR:0.020000000000000004
Epoch:51, Loss:3.390048778786951, Acc:20.176, LR:0.020000000000000004
Epoch:52, Loss:3.3925103678995248, Acc:20.328, LR:0.020000000000000004
Epoch:53, Loss:3.3885923453739712, Acc:20.466, LR:0.020000000000000004
Epoch:54, Loss:3.382439929611829, Acc:20.45, LR:0.020000000000000004
Validation: Loss:3.701599454879761, Acc:16.69
Best model updated!
Epoch:55, Loss:3.3801207396448874, Acc:20.49, LR:0.020000000000000004
Epoch:56, Loss:3.3832945920983137, Acc:20.574, LR:0.020000000000000004
Epoch:57, Loss:3.387207644326346, Acc:20.278, LR:0.020000000000000004
Epoch:58, Loss:3.3886322561575444, Acc:20.34, LR:0.020000000000000004
Epoch:59, Loss:3.3852585894720897, Acc:20.394, LR:0.004000000000000001
Validation: Loss:3.693733787536621, Acc:16.42
Epoch:60, Loss:3.370207061572951, Acc:20.946, LR:0.004000000000000001
Epoch:61, Loss:3.363453040317613, Acc:20.922, LR:0.004000000000000001
Epoch:62, Loss:3.3671361426917876, Acc:20.822, LR:0.004000000000000001
Epoch:63, Loss:3.365302168593115, Acc:20.858, LR:0.004000000000000001
Epoch:64, Loss:3.3673722208762658, Acc:20.98, LR:0.004000000000000001
Validation: Loss:3.6665775537490846, Acc:16.94
Best model updated!
Epoch:65, Loss:3.365386882606818, Acc:20.886, LR:0.004000000000000001
Epoch:66, Loss:3.367252831556359, Acc:21.006, LR:0.004000000000000001
Epoch:67, Loss:3.3683702970037657, Acc:20.916, LR:0.004000000000000001
Epoch:68, Loss:3.3663787306571495, Acc:21.024, LR:0.004000000000000001
Epoch:69, Loss:3.366234774492225, Acc:20.82, LR:0.004000000000000001
Validation: Loss:3.6762842178344726, Acc:16.87
Epoch:70, Loss:3.3711888157591527, Acc:21.018, LR:0.004000000000000001
Epoch:71, Loss:3.3616423485230427, Acc:20.74, LR:0.004000000000000001
Epoch:72, Loss:3.363531837658006, Acc:20.906, LR:0.004000000000000001
Epoch:73, Loss:3.3640529720150694, Acc:20.89, LR:0.004000000000000001
Epoch:74, Loss:3.3678165820180155, Acc:20.988, LR:0.004000000000000001
Validation: Loss:3.65733118057251, Acc:17.08
Best model updated!
Epoch:75, Loss:3.366283489733326, Acc:20.93, LR:0.004000000000000001
Epoch:76, Loss:3.3617997485764173, Acc:21.142, LR:0.004000000000000001
Epoch:77, Loss:3.3645626379519094, Acc:20.972, LR:0.004000000000000001
Epoch:78, Loss:3.367130466869899, Acc:20.812, LR:0.004000000000000001
Epoch:79, Loss:3.367527280535017, Acc:20.768, LR:0.004000000000000001
Validation: Loss:3.6648947954177857, Acc:17.02
Epoch:80, Loss:3.3650075659459953, Acc:20.944, LR:0.004000000000000001
Epoch:81, Loss:3.3651338353448983, Acc:21.002, LR:0.004000000000000001
Epoch:82, Loss:3.3704022558367983, Acc:21.004, LR:0.004000000000000001
Epoch:83, Loss:3.363527305272161, Acc:20.812, LR:0.004000000000000001
Epoch:84, Loss:3.358898247991289, Acc:21.032, LR:0.004000000000000001
Validation: Loss:3.6688042879104614, Acc:16.98
Epoch:85, Loss:3.36210073986832, Acc:20.812, LR:0.004000000000000001
Epoch:86, Loss:3.369097597745, Acc:20.714, LR:0.004000000000000001
Epoch:87, Loss:3.36333353422126, Acc:21.16, LR:0.004000000000000001
Epoch:88, Loss:3.370923718627618, Acc:20.964, LR:0.004000000000000001
Epoch:89, Loss:3.3656787361417497, Acc:21.022, LR:0.0008000000000000003
Validation: Loss:3.670344853401184, Acc:16.76
Epoch:90, Loss:3.3620258861658523, Acc:20.928, LR:0.0008000000000000003
Epoch:91, Loss:3.3632370939060134, Acc:21.036, LR:0.0008000000000000003
Epoch:92, Loss:3.3581718157748788, Acc:21.124, LR:0.0008000000000000003
Epoch:93, Loss:3.360094973019191, Acc:21.158, LR:0.0008000000000000003
Epoch:94, Loss:3.3569160529545377, Acc:21.248, LR:0.0008000000000000003
Validation: Loss:3.663508176803589, Acc:17.04
Epoch:95, Loss:3.358580552801794, Acc:21.17, LR:0.0008000000000000003
Epoch:96, Loss:3.3593294352901224, Acc:21.112, LR:0.0008000000000000003
Epoch:97, Loss:3.3549730266843523, Acc:21.206, LR:0.0008000000000000003
Epoch:98, Loss:3.359738279362114, Acc:20.936, LR:0.0008000000000000003
Epoch:99, Loss:3.362743630701182, Acc:20.986, LR:0.0008000000000000003
Validation: Loss:3.6711769700050354, Acc:17.04
Epoch:100, Loss:3.357710687481627, Acc:20.958, LR:0.0008000000000000003
Epoch:101, Loss:3.3612391462131423, Acc:21.06, LR:0.0008000000000000003
Epoch:102, Loss:3.364482655817149, Acc:21.056, LR:0.0008000000000000003
Epoch:103, Loss:3.354520393877613, Acc:21.348, LR:0.0008000000000000003
Epoch:104, Loss:3.359886804405524, Acc:21.098, LR:0.0008000000000000003
Validation: Loss:3.664944279193878, Acc:16.99
Epoch:105, Loss:3.3632681296796214, Acc:20.84, LR:0.0008000000000000003
Epoch:106, Loss:3.36491888396594, Acc:20.91, LR:0.0008000000000000003
Epoch:107, Loss:3.362209760412878, Acc:20.918, LR:0.0008000000000000003
Epoch:108, Loss:3.365699653722802, Acc:20.698, LR:0.0008000000000000003
Epoch:109, Loss:3.357181266862519, Acc:21.05, LR:0.0008000000000000003
Validation: Loss:3.6727454543113707, Acc:17.02
Epoch:110, Loss:3.3591789785696538, Acc:21.324, LR:0.0008000000000000003
Epoch:111, Loss:3.35832472236789, Acc:21.192, LR:0.0008000000000000003
Epoch:112, Loss:3.35949431876747, Acc:20.864, LR:0.0008000000000000003
Epoch:113, Loss:3.3629301543138466, Acc:21.106, LR:0.0008000000000000003
Epoch:114, Loss:3.3599384950131785, Acc:21.224, LR:0.0008000000000000003
Validation: Loss:3.664491069316864, Acc:16.98
Epoch:115, Loss:3.3607228824070523, Acc:21.154, LR:0.0008000000000000003
Epoch:116, Loss:3.3612581905053585, Acc:20.986, LR:0.0008000000000000003
Epoch:117, Loss:3.3610535227522558, Acc:21.174, LR:0.0008000000000000003
Epoch:118, Loss:3.3624956802446015, Acc:21.042, LR:0.0008000000000000003
Epoch:119, Loss:3.357322006809468, Acc:21.416, LR:0.00016000000000000007
Validation: Loss:3.6709638953208925, Acc:16.91
Epoch:120, Loss:3.3585137128829956, Acc:21.33, LR:0.00016000000000000007
Epoch:121, Loss:3.3592780925789656, Acc:21.19, LR:0.00016000000000000007
Epoch:122, Loss:3.354834403310503, Acc:21.018, LR:0.00016000000000000007
Epoch:123, Loss:3.359928442507374, Acc:20.906, LR:0.00016000000000000007
Epoch:124, Loss:3.3520185460849685, Acc:21.076, LR:0.00016000000000000007
Validation: Loss:3.6680761575698853, Acc:17.04
Epoch:125, Loss:3.362839324133737, Acc:21.076, LR:0.00016000000000000007
Epoch:126, Loss:3.3573628104462916, Acc:21.306, LR:0.00016000000000000007
Epoch:127, Loss:3.3608333018361307, Acc:21.136, LR:0.00016000000000000007
Epoch:128, Loss:3.3627122470310757, Acc:21.034, LR:0.00016000000000000007
Epoch:129, Loss:3.356557906890402, Acc:20.906, LR:0.00016000000000000007
Validation: Loss:3.6634430170059202, Acc:17.11
Best model updated!
Epoch:130, Loss:3.354240415047626, Acc:21.108, LR:0.00016000000000000007
Epoch:131, Loss:3.3588913679122925, Acc:20.914, LR:0.00016000000000000007
Epoch:132, Loss:3.35534367999252, Acc:21.1, LR:0.00016000000000000007
Epoch:133, Loss:3.3565447184504293, Acc:21.106, LR:0.00016000000000000007
Epoch:134, Loss:3.3535747163149776, Acc:21.01, LR:0.00016000000000000007
Validation: Loss:3.667531597614288, Acc:17.02
Epoch:135, Loss:3.354796370681451, Acc:21.152, LR:0.00016000000000000007
Epoch:136, Loss:3.357986275030642, Acc:21.184, LR:0.00016000000000000007
Epoch:137, Loss:3.35569111911618, Acc:21.122, LR:0.00016000000000000007
Epoch:138, Loss:3.3602611994256777, Acc:21.01, LR:0.00016000000000000007
Epoch:139, Loss:3.3651137911543554, Acc:20.964, LR:0.00016000000000000007
Validation: Loss:3.6743166208267213, Acc:16.89
Epoch:140, Loss:3.361779186190391, Acc:20.92, LR:0.00016000000000000007
Epoch:141, Loss:3.3614087348081627, Acc:20.93, LR:0.00016000000000000007
Epoch:142, Loss:3.3606221383931687, Acc:21.132, LR:0.00016000000000000007
Epoch:143, Loss:3.3585256946330166, Acc:21.284, LR:0.00016000000000000007
Epoch:144, Loss:3.359017102085814, Acc:21.1, LR:0.00016000000000000007
Validation: Loss:3.653892922401428, Acc:17.18
Best model updated!
Epoch:145, Loss:3.3619379899939714, Acc:21.118, LR:0.00016000000000000007
Epoch:146, Loss:3.359178217089906, Acc:21.196, LR:0.00016000000000000007
Epoch:147, Loss:3.3502284677661196, Acc:21.454, LR:0.00016000000000000007
Epoch:148, Loss:3.3594943552601095, Acc:20.884, LR:0.00016000000000000007
Epoch:149, Loss:3.356852648209552, Acc:21.072, LR:3.200000000000001e-05
Validation: Loss:3.6589593410491945, Acc:17.15
Epoch:150, Loss:3.3569504728122634, Acc:21.294, LR:3.200000000000001e-05
Epoch:151, Loss:3.3568514609823423, Acc:21.298, LR:3.200000000000001e-05
Epoch:152, Loss:3.359808471738076, Acc:21.104, LR:3.200000000000001e-05
Epoch:153, Loss:3.360515227123183, Acc:21.12, LR:3.200000000000001e-05
Epoch:154, Loss:3.3571605463417207, Acc:21.124, LR:3.200000000000001e-05
Validation: Loss:3.6708558201789856, Acc:16.96
Epoch:155, Loss:3.354727645309604, Acc:21.146, LR:3.200000000000001e-05
Epoch:156, Loss:3.355993144366206, Acc:21.13, LR:3.200000000000001e-05
Epoch:157, Loss:3.359624074429882, Acc:21.124, LR:3.200000000000001e-05
Epoch:158, Loss:3.3593588970145403, Acc:21.15, LR:3.200000000000001e-05
Epoch:159, Loss:3.3597179432304536, Acc:20.846, LR:3.200000000000001e-05
Validation: Loss:3.662141942977905, Acc:17.01
Epoch:160, Loss:3.3612221722700157, Acc:21.394, LR:3.200000000000001e-05
Epoch:161, Loss:3.3560630618309486, Acc:21.118, LR:3.200000000000001e-05
Epoch:162, Loss:3.353614629531393, Acc:21.136, LR:3.200000000000001e-05
Epoch:163, Loss:3.3590444545356597, Acc:20.998, LR:3.200000000000001e-05
Epoch:164, Loss:3.3568723639663385, Acc:20.964, LR:3.200000000000001e-05
Validation: Loss:3.676594841480255, Acc:16.86
Epoch:165, Loss:3.3544317313602994, Acc:21.328, LR:3.200000000000001e-05
Epoch:166, Loss:3.3583367089835967, Acc:21.038, LR:3.200000000000001e-05
Epoch:167, Loss:3.3600795731252555, Acc:21.298, LR:3.200000000000001e-05
Epoch:168, Loss:3.359019082419726, Acc:21.17, LR:3.200000000000001e-05
Epoch:169, Loss:3.359113951118625, Acc:21.3, LR:3.200000000000001e-05
Validation: Loss:3.6685274600982667, Acc:17.03
Epoch:170, Loss:3.3559116319734223, Acc:21.072, LR:3.200000000000001e-05
Epoch:171, Loss:3.3604976449693953, Acc:21.108, LR:3.200000000000001e-05
Epoch:172, Loss:3.3543481778125375, Acc:21.244, LR:3.200000000000001e-05
Epoch:173, Loss:3.3598684291450347, Acc:21.326, LR:3.200000000000001e-05
Epoch:174, Loss:3.350546729807951, Acc:21.236, LR:3.200000000000001e-05
Validation: Loss:3.6662528276443482, Acc:17.07
Epoch:175, Loss:3.356537028234832, Acc:21.254, LR:3.200000000000001e-05
Epoch:176, Loss:3.3560892100236854, Acc:21.088, LR:3.200000000000001e-05
Epoch:177, Loss:3.3588549969147663, Acc:21.334, LR:3.200000000000001e-05
Epoch:178, Loss:3.3581522532871793, Acc:21.136, LR:3.200000000000001e-05
Epoch:179, Loss:3.35689216730546, Acc:21.358, LR:6.400000000000003e-06
Validation: Loss:3.6757157325744627, Acc:16.95
Epoch:180, Loss:3.3590300131817252, Acc:21.1, LR:6.400000000000003e-06
Epoch:181, Loss:3.357142915531081, Acc:21.184, LR:6.400000000000003e-06
Epoch:182, Loss:3.3563139754898694, Acc:21.308, LR:6.400000000000003e-06
Epoch:183, Loss:3.358270703529825, Acc:20.972, LR:6.400000000000003e-06
Epoch:184, Loss:3.3586028668345236, Acc:21.262, LR:6.400000000000003e-06
Validation: Loss:3.6673027992248537, Acc:17.05
Epoch:185, Loss:3.3560507419158, Acc:20.95, LR:6.400000000000003e-06
Epoch:186, Loss:3.356958121669536, Acc:21.162, LR:6.400000000000003e-06
Epoch:187, Loss:3.357083726902397, Acc:21.122, LR:6.400000000000003e-06
Epoch:188, Loss:3.358637199109914, Acc:21.066, LR:6.400000000000003e-06
Epoch:189, Loss:3.3586592795897503, Acc:21.27, LR:6.400000000000003e-06
Validation: Loss:3.6685473561286925, Acc:17.03
Epoch:190, Loss:3.3530663300533683, Acc:21.514, LR:6.400000000000003e-06
Epoch:191, Loss:3.3526303938456943, Acc:21.352, LR:6.400000000000003e-06
Epoch:192, Loss:3.3550143509495016, Acc:21.126, LR:6.400000000000003e-06
Epoch:193, Loss:3.3582051700475266, Acc:21.146, LR:6.400000000000003e-06
Epoch:194, Loss:3.3554863735121123, Acc:21.196, LR:6.400000000000003e-06
Validation: Loss:3.6593917846679687, Acc:17.15
Epoch:195, Loss:3.3579772418859055, Acc:21.184, LR:6.400000000000003e-06
Epoch:196, Loss:3.3560516907244313, Acc:21.166, LR:6.400000000000003e-06
Epoch:197, Loss:3.3531667286035964, Acc:21.322, LR:6.400000000000003e-06
Epoch:198, Loss:3.354720867409998, Acc:21.166, LR:6.400000000000003e-06
Epoch:199, Loss:3.3601664085777436, Acc:21.038, LR:6.400000000000003e-06
Validation: Loss:3.6573302149772644, Acc:17.16
Test: Acc:17.18
