nohup: ignoring input
/root/liuyuanye/NNDL/Final/CIFAR/deit.py:63: UserWarning: Overwriting deit_tiny_patch16_224 in registry with deit.deit_tiny_patch16_224. This is because the name being registered conflicts with an existing name. Please check if this is not expected.
  def deit_tiny_patch16_224(pretrained=False, **kwargs):
/root/liuyuanye/NNDL/Final/CIFAR/deit.py:78: UserWarning: Overwriting deit_small_patch16_224 in registry with deit.deit_small_patch16_224. This is because the name being registered conflicts with an existing name. Please check if this is not expected.
  def deit_small_patch16_224(pretrained=False, **kwargs):
/root/liuyuanye/NNDL/Final/CIFAR/deit.py:93: UserWarning: Overwriting deit_base_patch16_224 in registry with deit.deit_base_patch16_224. This is because the name being registered conflicts with an existing name. Please check if this is not expected.
  def deit_base_patch16_224(pretrained=False, **kwargs):
/root/liuyuanye/NNDL/Final/CIFAR/deit.py:108: UserWarning: Overwriting deit_tiny_distilled_patch16_224 in registry with deit.deit_tiny_distilled_patch16_224. This is because the name being registered conflicts with an existing name. Please check if this is not expected.
  def deit_tiny_distilled_patch16_224(pretrained=False, **kwargs):
/root/liuyuanye/NNDL/Final/CIFAR/deit.py:123: UserWarning: Overwriting deit_small_distilled_patch16_224 in registry with deit.deit_small_distilled_patch16_224. This is because the name being registered conflicts with an existing name. Please check if this is not expected.
  def deit_small_distilled_patch16_224(pretrained=False, **kwargs):
/root/liuyuanye/NNDL/Final/CIFAR/deit.py:138: UserWarning: Overwriting deit_base_distilled_patch16_224 in registry with deit.deit_base_distilled_patch16_224. This is because the name being registered conflicts with an existing name. Please check if this is not expected.
  def deit_base_distilled_patch16_224(pretrained=False, **kwargs):
/root/liuyuanye/NNDL/Final/CIFAR/deit.py:153: UserWarning: Overwriting deit_base_patch16_384 in registry with deit.deit_base_patch16_384. This is because the name being registered conflicts with an existing name. Please check if this is not expected.
  def deit_base_patch16_384(pretrained=False, **kwargs):
/root/liuyuanye/NNDL/Final/CIFAR/deit.py:168: UserWarning: Overwriting deit_base_distilled_patch16_384 in registry with deit.deit_base_distilled_patch16_384. This is because the name being registered conflicts with an existing name. Please check if this is not expected.
  def deit_base_distilled_patch16_384(pretrained=False, **kwargs):
{
    "datapath": "../data/",
    "logpath": "./logs/",
    "batch_size": 512,
    "epoch": 200,
    "seed": 43,
    "date": "0625",
    "plot": true,
    "num_classes": 100,
    "opt": "AdamW",
    "learning_rate": 0.1,
    "weight_decay": 0.0001,
    "pretrained": true,
    "device_id": 0,
    "dropout": true,
    "cutout": true,
    "cutmix": false,
    "model": "ResNet18+SimCLR",
    "comment": "StepLR_30_0.2"
}
2024-06-25 18:24:27
Epoch:0, Loss:4.883044130948125, Acc:14.62, LR:0.1
Epoch:1, Loss:3.172310327997013, Acc:23.958, LR:0.1
Epoch:2, Loss:3.1311818190983365, Acc:25.324, LR:0.1
Epoch:3, Loss:3.0572253952220994, Acc:26.522, LR:0.1
Epoch:4, Loss:3.0359185642125657, Acc:26.62, LR:0.1
Validation: Loss:3.3830556869506836, Acc:22.24
Best model updated!
Epoch:5, Loss:3.0588300909314836, Acc:26.82, LR:0.1
Epoch:6, Loss:3.01283226207811, Acc:27.118, LR:0.1
Epoch:7, Loss:3.0432837520326887, Acc:26.936, LR:0.1
Epoch:8, Loss:3.0730817220648943, Acc:26.608, LR:0.1
Epoch:9, Loss:3.0653330817514535, Acc:26.706, LR:0.1
Validation: Loss:3.299566423892975, Acc:24.13
Best model updated!
Epoch:10, Loss:3.0526118959699358, Acc:27.026, LR:0.1
Epoch:11, Loss:3.0519624826859455, Acc:26.82, LR:0.1
Epoch:12, Loss:3.039256906022831, Acc:27.272, LR:0.1
Epoch:13, Loss:3.0452969682459927, Acc:26.956, LR:0.1
Epoch:14, Loss:3.0508935354193865, Acc:27.072, LR:0.1
Validation: Loss:3.369198179244995, Acc:22.95
Epoch:15, Loss:3.0735785547567875, Acc:26.578, LR:0.1
Epoch:16, Loss:3.0473271924622205, Acc:27.062, LR:0.1
Epoch:17, Loss:3.064126272590793, Acc:26.818, LR:0.1
Epoch:18, Loss:3.048396716312486, Acc:26.746, LR:0.1
Epoch:19, Loss:3.0396674190248762, Acc:27.106, LR:0.1
Validation: Loss:3.2438399314880373, Acc:25.63
Best model updated!
Epoch:20, Loss:3.0373972143445696, Acc:27.13, LR:0.1
Epoch:21, Loss:3.0347628520459544, Acc:27.032, LR:0.1
Epoch:22, Loss:3.0776799795578937, Acc:27.442, LR:0.1
Epoch:23, Loss:3.0327600727275925, Acc:27.096, LR:0.1
Epoch:24, Loss:3.055173718199438, Acc:26.754, LR:0.1
Validation: Loss:3.3856172919273377, Acc:23.83
Epoch:25, Loss:3.080783031424698, Acc:26.69, LR:0.1
Epoch:26, Loss:3.060412219592503, Acc:26.722, LR:0.1
Epoch:27, Loss:3.080963905976743, Acc:26.542, LR:0.1
Epoch:28, Loss:3.0393612482109846, Acc:27.036, LR:0.1
Epoch:29, Loss:3.1002105474472046, Acc:25.868, LR:0.020000000000000004
Validation: Loss:3.3929227709770204, Acc:22.48
Epoch:30, Loss:2.7038536290733184, Acc:33.494, LR:0.020000000000000004
Epoch:31, Loss:2.6683793554500657, Acc:34.742, LR:0.020000000000000004
Epoch:32, Loss:2.674103406010842, Acc:34.54, LR:0.020000000000000004
Epoch:33, Loss:2.6656717524236564, Acc:34.56, LR:0.020000000000000004
Epoch:34, Loss:2.6671817448674418, Acc:34.662, LR:0.020000000000000004
Validation: Loss:2.86713787317276, Acc:29.49
Best model updated!
Epoch:35, Loss:2.670816326627926, Acc:34.786, LR:0.020000000000000004
Epoch:36, Loss:2.671075402473917, Acc:34.114, LR:0.020000000000000004
Epoch:37, Loss:2.6629751555773677, Acc:34.698, LR:0.020000000000000004
Epoch:38, Loss:2.655376120489471, Acc:34.794, LR:0.020000000000000004
Epoch:39, Loss:2.656657844173665, Acc:34.65, LR:0.020000000000000004
Validation: Loss:2.861785280704498, Acc:28.82
Epoch:40, Loss:2.6523335758520634, Acc:34.832, LR:0.020000000000000004
Epoch:41, Loss:2.649665418936282, Acc:34.928, LR:0.020000000000000004
Epoch:42, Loss:2.6490358503497378, Acc:34.896, LR:0.020000000000000004
Epoch:43, Loss:2.6424013838476066, Acc:34.742, LR:0.020000000000000004
Epoch:44, Loss:2.6426664031281764, Acc:34.922, LR:0.020000000000000004
Validation: Loss:2.9313774347305297, Acc:28.02
Epoch:45, Loss:2.6340409128033384, Acc:34.99, LR:0.020000000000000004
Epoch:46, Loss:2.6347290593750623, Acc:34.726, LR:0.020000000000000004
Epoch:47, Loss:2.635496973991394, Acc:35.044, LR:0.020000000000000004
Epoch:48, Loss:2.6302234469627845, Acc:34.94, LR:0.020000000000000004
Epoch:49, Loss:2.6314056065617777, Acc:34.958, LR:0.020000000000000004
Validation: Loss:2.8683210134506227, Acc:29.3
Epoch:50, Loss:2.620501238472608, Acc:35.29, LR:0.020000000000000004
Epoch:51, Loss:2.6280563047954013, Acc:35.02, LR:0.020000000000000004
Epoch:52, Loss:2.6222249610083446, Acc:35.236, LR:0.020000000000000004
Epoch:53, Loss:2.6126319486267713, Acc:35.418, LR:0.020000000000000004
Epoch:54, Loss:2.623435455925611, Acc:35.006, LR:0.020000000000000004
Validation: Loss:2.8780267357826235, Acc:29.41
Epoch:55, Loss:2.609553492799097, Acc:35.206, LR:0.020000000000000004
Epoch:56, Loss:2.6140309328935585, Acc:35.164, LR:0.020000000000000004
Epoch:57, Loss:2.6098383348815295, Acc:35.292, LR:0.020000000000000004
Epoch:58, Loss:2.621166528487692, Acc:35.054, LR:0.020000000000000004
Epoch:59, Loss:2.615399163596484, Acc:35.246, LR:0.004000000000000001
Validation: Loss:2.871774399280548, Acc:29.2
Epoch:60, Loss:2.5294995380907643, Acc:37.888, LR:0.004000000000000001
Epoch:61, Loss:2.5265943152563914, Acc:37.784, LR:0.004000000000000001
Epoch:62, Loss:2.525479958981884, Acc:38.054, LR:0.004000000000000001
Epoch:63, Loss:2.517656053815569, Acc:38.16, LR:0.004000000000000001
Epoch:64, Loss:2.5222045426466027, Acc:38.264, LR:0.004000000000000001
Validation: Loss:2.7653576254844667, Acc:31.06
Best model updated!
Epoch:65, Loss:2.5200574908937727, Acc:38.068, LR:0.004000000000000001
Epoch:66, Loss:2.521691010922802, Acc:38.206, LR:0.004000000000000001
Epoch:67, Loss:2.521247824844049, Acc:38.01, LR:0.004000000000000001
Epoch:68, Loss:2.521014060292925, Acc:38.088, LR:0.004000000000000001
Epoch:69, Loss:2.510832920366404, Acc:38.434, LR:0.004000000000000001
Validation: Loss:2.7950598120689394, Acc:30.27
Epoch:70, Loss:2.5143247575176004, Acc:38.53, LR:0.004000000000000001
Epoch:71, Loss:2.5165291927298723, Acc:38.324, LR:0.004000000000000001
Epoch:72, Loss:2.5141232743555184, Acc:38.574, LR:0.004000000000000001
Epoch:73, Loss:2.506150175114067, Acc:38.352, LR:0.004000000000000001
Epoch:74, Loss:2.508350744539378, Acc:38.462, LR:0.004000000000000001
Validation: Loss:2.7809250354766846, Acc:30.46
Epoch:75, Loss:2.5104347589064617, Acc:38.374, LR:0.004000000000000001
Epoch:76, Loss:2.507279619878652, Acc:38.402, LR:0.004000000000000001
Epoch:77, Loss:2.5103976653546702, Acc:38.364, LR:0.004000000000000001
Epoch:78, Loss:2.5114915541240146, Acc:38.27, LR:0.004000000000000001
Epoch:79, Loss:2.5043592258375518, Acc:38.584, LR:0.004000000000000001
Validation: Loss:2.777770495414734, Acc:31.08
Best model updated!
Epoch:80, Loss:2.4971602765881284, Acc:38.674, LR:0.004000000000000001
Epoch:81, Loss:2.5025690599363677, Acc:38.446, LR:0.004000000000000001
Epoch:82, Loss:2.5070229403826656, Acc:38.354, LR:0.004000000000000001
Epoch:83, Loss:2.503461944813631, Acc:38.312, LR:0.004000000000000001
Epoch:84, Loss:2.503319557832212, Acc:38.546, LR:0.004000000000000001
Validation: Loss:2.7652799248695374, Acc:31.2
Best model updated!
Epoch:85, Loss:2.501209563138534, Acc:38.238, LR:0.004000000000000001
Epoch:86, Loss:2.501178819306043, Acc:38.21, LR:0.004000000000000001
Epoch:87, Loss:2.4991729794716346, Acc:38.616, LR:0.004000000000000001
Epoch:88, Loss:2.495553062886608, Acc:38.502, LR:0.004000000000000001
Epoch:89, Loss:2.501506669180734, Acc:38.446, LR:0.0008000000000000003
Validation: Loss:2.8010539054870605, Acc:30.71
Epoch:90, Loss:2.474612114380817, Acc:39.11, LR:0.0008000000000000003
Epoch:91, Loss:2.472328453647847, Acc:39.448, LR:0.0008000000000000003
Epoch:92, Loss:2.4736479253185037, Acc:39.206, LR:0.0008000000000000003
Epoch:93, Loss:2.474758213880111, Acc:39.56, LR:0.0008000000000000003
Epoch:94, Loss:2.47629215279404, Acc:39.182, LR:0.0008000000000000003
Validation: Loss:2.7458378434181214, Acc:31.79
Best model updated!
Epoch:95, Loss:2.476465140070234, Acc:39.146, LR:0.0008000000000000003
Epoch:96, Loss:2.4731146170168508, Acc:39.156, LR:0.0008000000000000003
Epoch:97, Loss:2.475683029817075, Acc:39.268, LR:0.0008000000000000003
Epoch:98, Loss:2.474604078701564, Acc:39.384, LR:0.0008000000000000003
Epoch:99, Loss:2.4732260022844588, Acc:39.524, LR:0.0008000000000000003
Validation: Loss:2.7455371379852296, Acc:31.77
Epoch:100, Loss:2.4796862504920183, Acc:39.034, LR:0.0008000000000000003
Epoch:101, Loss:2.4734145962462133, Acc:39.554, LR:0.0008000000000000003
Epoch:102, Loss:2.470612017475829, Acc:39.578, LR:0.0008000000000000003
Epoch:103, Loss:2.4755468368530273, Acc:39.136, LR:0.0008000000000000003
Epoch:104, Loss:2.4734669656169657, Acc:39.36, LR:0.0008000000000000003
Validation: Loss:2.732579505443573, Acc:31.88
Best model updated!
Epoch:105, Loss:2.4690908680156785, Acc:39.422, LR:0.0008000000000000003
Epoch:106, Loss:2.4726203655710024, Acc:39.37, LR:0.0008000000000000003
Epoch:107, Loss:2.4697298881958942, Acc:39.29, LR:0.0008000000000000003
Epoch:108, Loss:2.4694090595050735, Acc:39.4, LR:0.0008000000000000003
Epoch:109, Loss:2.4723367447755775, Acc:39.402, LR:0.0008000000000000003
Validation: Loss:2.726541221141815, Acc:32.06
Best model updated!
Epoch:110, Loss:2.464638359692632, Acc:39.634, LR:0.0008000000000000003
Epoch:111, Loss:2.4695934057235718, Acc:39.374, LR:0.0008000000000000003
Epoch:112, Loss:2.46720805460093, Acc:39.378, LR:0.0008000000000000003
Epoch:113, Loss:2.4699992428020554, Acc:39.424, LR:0.0008000000000000003
Epoch:114, Loss:2.47070118359157, Acc:39.398, LR:0.0008000000000000003
Validation: Loss:2.737859618663788, Acc:32.01
Epoch:115, Loss:2.469197064029927, Acc:39.588, LR:0.0008000000000000003
Epoch:116, Loss:2.465277002782238, Acc:39.486, LR:0.0008000000000000003
Epoch:117, Loss:2.464728900364467, Acc:39.538, LR:0.0008000000000000003
Epoch:118, Loss:2.469022765451548, Acc:39.48, LR:0.0008000000000000003
Epoch:119, Loss:2.4710866383143832, Acc:39.25, LR:0.00016000000000000007
Validation: Loss:2.7403465270996095, Acc:31.62
Epoch:120, Loss:2.4635384861303837, Acc:39.758, LR:0.00016000000000000007
Epoch:121, Loss:2.4579033121770744, Acc:39.69, LR:0.00016000000000000007
Epoch:122, Loss:2.4611660193423837, Acc:39.582, LR:0.00016000000000000007
Epoch:123, Loss:2.4633983300656688, Acc:39.552, LR:0.00016000000000000007
Epoch:124, Loss:2.4578308864515654, Acc:39.806, LR:0.00016000000000000007
Validation: Loss:2.7321680188179016, Acc:31.91
Epoch:125, Loss:2.462936201874091, Acc:39.736, LR:0.00016000000000000007
Epoch:126, Loss:2.4627153970757307, Acc:39.74, LR:0.00016000000000000007
Epoch:127, Loss:2.4602165100525837, Acc:39.588, LR:0.00016000000000000007
Epoch:128, Loss:2.4613191351598624, Acc:39.73, LR:0.00016000000000000007
Epoch:129, Loss:2.4663774602267208, Acc:39.548, LR:0.00016000000000000007
Validation: Loss:2.731580305099487, Acc:31.88
Epoch:130, Loss:2.458810409721063, Acc:39.882, LR:0.00016000000000000007
Epoch:131, Loss:2.4572110249071706, Acc:39.552, LR:0.00016000000000000007
Epoch:132, Loss:2.4609978855872643, Acc:39.536, LR:0.00016000000000000007
Epoch:133, Loss:2.4609296930079556, Acc:39.64, LR:0.00016000000000000007
Epoch:134, Loss:2.4650379808581606, Acc:39.604, LR:0.00016000000000000007
Validation: Loss:2.7277806997299194, Acc:32.06
Epoch:135, Loss:2.4615841130821075, Acc:39.718, LR:0.00016000000000000007
Epoch:136, Loss:2.4597595686815223, Acc:39.578, LR:0.00016000000000000007
Epoch:137, Loss:2.461450559752328, Acc:39.524, LR:0.00016000000000000007
Epoch:138, Loss:2.4618103139254512, Acc:39.512, LR:0.00016000000000000007
Epoch:139, Loss:2.4597362888102627, Acc:39.51, LR:0.00016000000000000007
Validation: Loss:2.7353246212005615, Acc:31.75
Epoch:140, Loss:2.4612517843441086, Acc:39.712, LR:0.00016000000000000007
Epoch:141, Loss:2.4649719656730187, Acc:39.48, LR:0.00016000000000000007
Epoch:142, Loss:2.461373728148791, Acc:39.646, LR:0.00016000000000000007
Epoch:143, Loss:2.46019975019961, Acc:39.928, LR:0.00016000000000000007
Epoch:144, Loss:2.4658331068194643, Acc:39.526, LR:0.00016000000000000007
Validation: Loss:2.73737872838974, Acc:31.85
Epoch:145, Loss:2.456991886606022, Acc:39.64, LR:0.00016000000000000007
Epoch:146, Loss:2.4562424907878952, Acc:39.624, LR:0.00016000000000000007
Epoch:147, Loss:2.460648458831164, Acc:39.934, LR:0.00016000000000000007
Epoch:148, Loss:2.4587692654862696, Acc:39.704, LR:0.00016000000000000007
Epoch:149, Loss:2.46371522971562, Acc:39.512, LR:3.200000000000001e-05
Validation: Loss:2.7343395948410034, Acc:31.84
Epoch:150, Loss:2.459175946761151, Acc:39.47, LR:3.200000000000001e-05
Epoch:151, Loss:2.46135459627424, Acc:39.818, LR:3.200000000000001e-05
Epoch:152, Loss:2.460392392411524, Acc:39.656, LR:3.200000000000001e-05
Epoch:153, Loss:2.460635267958349, Acc:39.61, LR:3.200000000000001e-05
Epoch:154, Loss:2.4605978265100594, Acc:39.76, LR:3.200000000000001e-05
Validation: Loss:2.726819658279419, Acc:31.95
Epoch:155, Loss:2.4634244539299788, Acc:39.592, LR:3.200000000000001e-05
Epoch:156, Loss:2.4590997136369044, Acc:39.654, LR:3.200000000000001e-05
Epoch:157, Loss:2.4599960823448335, Acc:39.764, LR:3.200000000000001e-05
Epoch:158, Loss:2.4621434503672073, Acc:39.782, LR:3.200000000000001e-05
Epoch:159, Loss:2.4625667065990213, Acc:39.416, LR:3.200000000000001e-05
Validation: Loss:2.7379184126853944, Acc:31.82
Epoch:160, Loss:2.456007249501287, Acc:39.796, LR:3.200000000000001e-05
Epoch:161, Loss:2.4585384690031713, Acc:39.846, LR:3.200000000000001e-05
Epoch:162, Loss:2.455974128781533, Acc:39.646, LR:3.200000000000001e-05
Epoch:163, Loss:2.4622658880389467, Acc:39.604, LR:3.200000000000001e-05
Epoch:164, Loss:2.453990882756759, Acc:39.72, LR:3.200000000000001e-05
Validation: Loss:2.7280243158340456, Acc:32.05
Epoch:165, Loss:2.453385659626552, Acc:39.87, LR:3.200000000000001e-05
Epoch:166, Loss:2.4590864984356626, Acc:39.714, LR:3.200000000000001e-05
Epoch:167, Loss:2.462338235913491, Acc:39.686, LR:3.200000000000001e-05
Epoch:168, Loss:2.4573936389417064, Acc:39.842, LR:3.200000000000001e-05
Epoch:169, Loss:2.4531711510249545, Acc:39.754, LR:3.200000000000001e-05
Validation: Loss:2.7302874445915224, Acc:31.93
Epoch:170, Loss:2.4605660122268054, Acc:39.564, LR:3.200000000000001e-05
Epoch:171, Loss:2.4529080950483984, Acc:40.05, LR:3.200000000000001e-05
Epoch:172, Loss:2.4592446478045717, Acc:39.758, LR:3.200000000000001e-05
Epoch:173, Loss:2.459875695559443, Acc:39.658, LR:3.200000000000001e-05
Epoch:174, Loss:2.461977428319503, Acc:39.738, LR:3.200000000000001e-05
Validation: Loss:2.739637589454651, Acc:31.67
Epoch:175, Loss:2.4558469373352674, Acc:39.85, LR:3.200000000000001e-05
Epoch:176, Loss:2.4585283581091435, Acc:39.602, LR:3.200000000000001e-05
Epoch:177, Loss:2.4606206319770036, Acc:39.604, LR:3.200000000000001e-05
Epoch:178, Loss:2.4643917229710794, Acc:39.594, LR:3.200000000000001e-05
Epoch:179, Loss:2.4528558035286103, Acc:39.702, LR:6.400000000000003e-06
Validation: Loss:2.730015504360199, Acc:31.92
Epoch:180, Loss:2.457434537459393, Acc:39.78, LR:6.400000000000003e-06
Epoch:181, Loss:2.4524395879434078, Acc:39.904, LR:6.400000000000003e-06
Epoch:182, Loss:2.45478093624115, Acc:39.926, LR:6.400000000000003e-06
Epoch:183, Loss:2.458704792723364, Acc:39.91, LR:6.400000000000003e-06
Epoch:184, Loss:2.45324461314143, Acc:39.702, LR:6.400000000000003e-06
Validation: Loss:2.727709650993347, Acc:31.97
Epoch:185, Loss:2.456554466364335, Acc:39.878, LR:6.400000000000003e-06
Epoch:186, Loss:2.4545489598293693, Acc:39.854, LR:6.400000000000003e-06
Epoch:187, Loss:2.453577679030749, Acc:40.056, LR:6.400000000000003e-06
Epoch:188, Loss:2.456303971154349, Acc:39.538, LR:6.400000000000003e-06
Epoch:189, Loss:2.4563534332781423, Acc:39.778, LR:6.400000000000003e-06
Validation: Loss:2.7367048144340513, Acc:31.78
Epoch:190, Loss:2.4595441550624613, Acc:39.446, LR:6.400000000000003e-06
Epoch:191, Loss:2.454255235438444, Acc:39.896, LR:6.400000000000003e-06
Epoch:192, Loss:2.456841551527685, Acc:39.696, LR:6.400000000000003e-06
Epoch:193, Loss:2.4570044181784807, Acc:39.796, LR:6.400000000000003e-06
Epoch:194, Loss:2.457910309032518, Acc:39.75, LR:6.400000000000003e-06
Validation: Loss:2.727086055278778, Acc:31.95
Epoch:195, Loss:2.456389062258662, Acc:39.848, LR:6.400000000000003e-06
Epoch:196, Loss:2.457683412396178, Acc:39.826, LR:6.400000000000003e-06
Epoch:197, Loss:2.4615926182999903, Acc:39.626, LR:6.400000000000003e-06
Epoch:198, Loss:2.4548128721665363, Acc:40.088, LR:6.400000000000003e-06
Epoch:199, Loss:2.4578846790352644, Acc:39.59, LR:6.400000000000003e-06
Validation: Loss:2.7349082350730898, Acc:31.87
Test: Acc:32.06
