nohup: ignoring input
/root/miniconda3/envs/py310/lib/python3.10/site-packages/torchvision/models/_utils.py:223: UserWarning: Arguments other than a weight enum or `None` for 'weights' are deprecated since 0.13 and may be removed in the future. The current behavior is equivalent to passing `weights=None`.
  warnings.warn(msg)
{
    "datapath": "../data/",
    "logpath": "./logs/",
    "batch_size": 512,
    "epoch": 1000,
    "seed": 43,
    "date": "0618",
    "plot": true,
    "num_classes": 100,
    "learning_rate": 0.0003,
    "weight_decay": 0.0003,
    "pretrained": false,
    "device_id": 0,
    "dropout": true,
    "cutout": true,
    "model": "ResNet18"
}
<class '__main__.args'>
Pretrained=False, Training with lr=0.0003, decay=0.0003
2024-06-18 20:51:51
Epoch:0, Loss:5.027190729063385, Acc:1.39, LR:0.0002999259840548597
Epoch:1, Loss:4.685671820932505, Acc:2.732, LR:0.0002997040092642407
Epoch:2, Loss:4.430128136459662, Acc:4.176, LR:0.000299334294690462
Epoch:3, Loss:4.277238709586007, Acc:5.322, LR:0.0002988172051971717
Epoch:4, Loss:4.181857006890433, Acc:6.2, LR:0.00029815325108927063
Validation: Loss:4.017046654224396, Acc:8.29
Best model updated!
Epoch:5, Loss:3.9655134921171227, Acc:8.928, LR:0.00029734308760930326
Epoch:6, Loss:3.905341768751339, Acc:9.812, LR:0.00029638751429081204
Epoch:7, Loss:3.851164868899754, Acc:10.422, LR:0.0002952874741692946
Epoch:8, Loss:3.8030762331826344, Acc:11.174, LR:0.00029404405285154137
Epoch:9, Loss:3.7565176073385746, Acc:12.13, LR:0.0002926584774442729
Validation: Loss:3.7693326592445375, Acc:12.24
Best model updated!
Epoch:10, Loss:3.708306115500781, Acc:12.77, LR:0.00029113211534313374
Epoch:11, Loss:3.6779665509048773, Acc:13.268, LR:0.0002894664728832376
Epoch:12, Loss:3.637492362333804, Acc:13.94, LR:0.0002876631938525971
Epoch:13, Loss:3.606278254061329, Acc:14.258, LR:0.0002857240578699029
Epoch:14, Loss:3.577812588944727, Acc:14.776, LR:0.00028365097862825513
Validation: Loss:3.5453150391578676, Acc:16.05
Best model updated!
Epoch:15, Loss:3.5463835998457305, Acc:15.334, LR:0.0002814460020065795
Epoch:16, Loss:3.5193013682657357, Acc:15.984, LR:0.0002791113040505915
Epoch:17, Loss:3.4918721622350266, Acc:16.156, LR:0.00027664918882530225
Epoch:18, Loss:3.4618458163981534, Acc:16.804, LR:0.00027406208614118424
Epoch:19, Loss:3.440868479864938, Acc:17.096, LR:0.0002713525491562421
Validation: Loss:3.4468541979789733, Acc:17.52
Best model updated!
Epoch:20, Loss:3.412246434056029, Acc:17.62, LR:0.00026852325185635354
Epoch:21, Loss:3.3984240123203824, Acc:17.856, LR:0.0002655769864163684
Epoch:22, Loss:3.3651880804373295, Acc:18.372, LR:0.00026251666044456895
Epoch:23, Loss:3.3481019102797216, Acc:18.646, LR:0.0002593452941132118
Epoch:24, Loss:3.327408476751678, Acc:19.068, LR:0.0002560660171779822
Validation: Loss:3.400955879688263, Acc:19.12
Best model updated!
Epoch:25, Loss:3.3010097425811145, Acc:19.702, LR:0.00025268206588930335
Epoch:26, Loss:3.284471334243307, Acc:19.99, LR:0.0002491967797985478
Epoch:27, Loss:3.260471210187795, Acc:20.314, LR:0.0002456135984623035
Epoch:28, Loss:3.2432088389688607, Acc:20.774, LR:0.00024193605804794655
Epoch:29, Loss:3.226427051485801, Acc:20.91, LR:0.00023816778784387105
Validation: Loss:3.309870445728302, Acc:21.3
Best model updated!
Epoch:30, Loss:3.202067440869857, Acc:21.162, LR:0.00023431250667781966
Epoch:31, Loss:3.1886004817729092, Acc:21.58, LR:0.00023037401924684952
Epoch:32, Loss:3.1655124109618518, Acc:22.032, LR:0.00022635621236255572
Epoch:33, Loss:3.154640788934669, Acc:22.308, LR:0.00022226305111525731
Epoch:34, Loss:3.1350475476712596, Acc:22.548, LR:0.00021809857496093204
Validation: Loss:3.299041175842285, Acc:21.47
Best model updated!
Epoch:35, Loss:3.1146676272762064, Acc:22.824, LR:0.00021386689373476092
Epoch:36, Loss:3.1054918109154213, Acc:23.03, LR:0.00020957218359521712
Epoch:37, Loss:3.0848263867047367, Acc:23.474, LR:0.00020521868290270177
Epoch:38, Loss:3.0649986534702536, Acc:24.09, LR:0.00020081068803679377
Epoch:39, Loss:3.049208614290977, Acc:24.298, LR:0.00019635254915624216
Validation: Loss:3.221842849254608, Acc:22.9
Best model updated!
Epoch:40, Loss:3.0426972009697737, Acc:24.362, LR:0.00019184866590588444
Epoch:41, Loss:3.0278245429603423, Acc:24.36, LR:0.00018730348307472821
Epoch:42, Loss:3.006256855264002, Acc:24.832, LR:0.00018272148620948142
Epoch:43, Loss:2.989544311348273, Acc:25.272, LR:0.00017810719718785875
Epoch:44, Loss:2.981446842758023, Acc:25.17, LR:0.00017346516975603468
Validation: Loss:3.2032970547676087, Acc:23.6
Best model updated!
Epoch:45, Loss:2.962576834522948, Acc:25.764, LR:0.0001687999850346457
Epoch:46, Loss:2.9532384385867996, Acc:25.942, LR:0.00016411624699777717
Epoch:47, Loss:2.9370521842216957, Acc:26.01, LR:0.00015941857792939706
Epoch:48, Loss:2.929050919960956, Acc:26.178, LR:0.00015471161386171927
Epoch:49, Loss:2.90777833607732, Acc:26.71, LR:0.00015000000000000001
Validation: Loss:3.152251589298248, Acc:24.53
Best model updated!
Epoch:50, Loss:2.899524525720246, Acc:26.948, LR:0.00014528838613828078
Epoch:51, Loss:2.886802685504057, Acc:27.09, LR:0.00014058142207060302
Epoch:52, Loss:2.8712498728109868, Acc:27.314, LR:0.00013588375300222289
Epoch:53, Loss:2.8606302056993758, Acc:27.416, LR:0.0001312000149653544
Epoch:54, Loss:2.851466582745922, Acc:27.91, LR:0.0001265348302439654
Validation: Loss:3.150854766368866, Acc:24.66
Best model updated!
Epoch:55, Loss:2.8423307866466287, Acc:27.904, LR:0.00012189280281214134
Epoch:56, Loss:2.8300680919569365, Acc:27.954, LR:0.00011727851379051869
Epoch:57, Loss:2.8154230580037956, Acc:28.454, LR:0.0001126965169252718
Epoch:58, Loss:2.8107152277109573, Acc:28.384, LR:0.00010815133409411566
Epoch:59, Loss:2.791154610867403, Acc:28.866, LR:0.00010364745084375796
Validation: Loss:3.112936627864838, Acc:26.1
Best model updated!
Epoch:60, Loss:2.7807529897105936, Acc:28.984, LR:9.918931196320633e-05
Epoch:61, Loss:2.7709969914689356, Acc:29.46, LR:9.478131709729838e-05
Epoch:62, Loss:2.760493891579764, Acc:29.584, LR:9.042781640478292e-05
Epoch:63, Loss:2.7537175684559103, Acc:29.51, LR:8.613310626523913e-05
Epoch:64, Loss:2.745254022734506, Acc:29.686, LR:8.190142503906802e-05
Validation: Loss:3.0965018033981324, Acc:25.92
Epoch:65, Loss:2.7346513295660215, Acc:30.118, LR:7.773694888474271e-05
Epoch:66, Loss:2.72773049558912, Acc:30.018, LR:7.364378763744433e-05
Epoch:67, Loss:2.718591809272766, Acc:30.36, LR:6.96259807531505e-05
Epoch:68, Loss:2.7098365243600337, Acc:30.49, LR:6.568749332218042e-05
Epoch:69, Loss:2.699626920174579, Acc:30.662, LR:6.183221215612908e-05
Validation: Loss:3.1412779450416566, Acc:25.91
Epoch:70, Loss:2.691510032634346, Acc:30.952, LR:5.806394195205354e-05
Epoch:71, Loss:2.685600845181212, Acc:31.092, LR:5.438640153769656e-05
Epoch:72, Loss:2.6838136376166832, Acc:31.062, LR:5.080322020145227e-05
Epoch:73, Loss:2.666529655456543, Acc:31.488, LR:4.731793411069671e-05
Epoch:74, Loss:2.668736071002727, Acc:31.378, LR:4.39339828220179e-05
Validation: Loss:3.10842227935791, Acc:26.53
Best model updated!
Epoch:75, Loss:2.664091555439696, Acc:31.39, LR:4.065470588678832e-05
Epoch:76, Loss:2.6604723808716755, Acc:31.768, LR:3.7483339555431075e-05
Epoch:77, Loss:2.6508710895265852, Acc:31.782, LR:3.442301358363164e-05
Epoch:78, Loss:2.640883506560812, Acc:31.634, LR:3.147674814364645e-05
Epoch:79, Loss:2.6388576322672317, Acc:31.954, LR:2.8647450843757908e-05
Validation: Loss:3.139755928516388, Acc:26.41
Epoch:80, Loss:2.633538226692044, Acc:32.226, LR:2.5937913858815748e-05
Epoch:81, Loss:2.6300531674404533, Acc:32.014, LR:2.3350811174697777e-05
Epoch:82, Loss:2.6311096926124726, Acc:32.048, LR:2.088869594940844e-05
Epoch:83, Loss:2.6146405132449404, Acc:32.388, LR:1.8553997993420465e-05
Epoch:84, Loss:2.621268099668075, Acc:32.24, LR:1.6349021371744834e-05
Validation: Loss:3.1360193490982056, Acc:26.38
Epoch:85, Loss:2.6123256975290725, Acc:32.39, LR:1.4275942130097098e-05
Epoch:86, Loss:2.6133347603739523, Acc:32.37, LR:1.2336806147402864e-05
Epoch:87, Loss:2.609922109817972, Acc:32.708, LR:1.0533527116762298e-05
Epoch:88, Loss:2.6117273423136496, Acc:32.446, LR:8.867884656866183e-06
Epoch:89, Loss:2.606341225760324, Acc:32.608, LR:7.341522555726971e-06
Validation: Loss:3.1351022243499758, Acc:26.53
Epoch:90, Loss:2.5997543359289366, Acc:32.724, LR:5.955947148458557e-06
Epoch:91, Loss:2.608493617602757, Acc:32.692, LR:4.712525830705355e-06
Epoch:92, Loss:2.6001017847839667, Acc:32.758, LR:3.612485709187901e-06
Epoch:93, Loss:2.5993024475720463, Acc:32.904, LR:2.6569123906966916e-06
Epoch:94, Loss:2.6024749692605464, Acc:32.704, LR:1.8467489107293509e-06
Validation: Loss:3.1290830850601195, Acc:26.65
Best model updated!
Epoch:95, Loss:2.5960950729798298, Acc:32.856, LR:1.1827948028283352e-06
Epoch:96, Loss:2.60126615787039, Acc:32.86, LR:6.657053095380005e-07
Epoch:97, Loss:2.6024638073784963, Acc:32.776, LR:2.9599073575926616e-07
Epoch:98, Loss:2.600408858182479, Acc:32.82, LR:7.401594514025999e-08
Epoch:99, Loss:2.6004633733204434, Acc:32.838, LR:0.0
Validation: Loss:3.130282974243164, Acc:26.66
Best model updated!
Epoch:100, Loss:2.594814643567922, Acc:33.012, LR:7.401594514025999e-08
Epoch:101, Loss:2.602731021083131, Acc:32.778, LR:2.959907357592661e-07
Epoch:102, Loss:2.5949098358348923, Acc:32.67, LR:6.657053095380004e-07
Epoch:103, Loss:2.5914579191986395, Acc:33.068, LR:1.1827948028283183e-06
Epoch:104, Loss:2.5957398487597096, Acc:32.818, LR:1.846748910729334e-06
Validation: Loss:3.1290627241134645, Acc:26.65
Epoch:105, Loss:2.598713974563443, Acc:32.658, LR:2.6569123906967077e-06
Epoch:106, Loss:2.6011950288500105, Acc:32.938, LR:3.612485709187884e-06
Epoch:107, Loss:2.602943335260664, Acc:32.672, LR:4.712525830705321e-06
Epoch:108, Loss:2.6009099799759534, Acc:32.616, LR:5.955947148458522e-06
Epoch:109, Loss:2.5986769856238854, Acc:32.776, LR:7.341522555726951e-06
Validation: Loss:3.129022181034088, Acc:26.48
Epoch:110, Loss:2.59885586281212, Acc:32.734, LR:8.86788465686618e-06
Epoch:111, Loss:2.601009950345876, Acc:32.832, LR:1.0533527116762278e-05
Epoch:112, Loss:2.598377821396808, Acc:32.62, LR:1.2336806147402808e-05
Epoch:113, Loss:2.6011172922290102, Acc:32.726, LR:1.4275942130097042e-05
Epoch:114, Loss:2.60168985201388, Acc:32.852, LR:1.6349021371744844e-05
Validation: Loss:3.1369689822196962, Acc:26.54
Epoch:115, Loss:2.6034323974531524, Acc:32.83, LR:1.8553997993420472e-05
Epoch:116, Loss:2.598452636173793, Acc:32.83, LR:2.0888695949408444e-05
Epoch:117, Loss:2.5982442461714452, Acc:32.636, LR:2.3350811174697713e-05
Epoch:118, Loss:2.6036297180214705, Acc:32.662, LR:2.593791385881568e-05
Epoch:119, Loss:2.6067782956726697, Acc:32.56, LR:2.864745084375782e-05
Validation: Loss:3.130087161064148, Acc:26.63
Epoch:120, Loss:2.5977994276552785, Acc:32.792, LR:3.147674814364644e-05
Epoch:121, Loss:2.593432657572688, Acc:32.682, LR:3.44230135836316e-05
Epoch:122, Loss:2.60665234254331, Acc:32.58, LR:3.7483339555431034e-05
Epoch:123, Loss:2.5987909667345943, Acc:32.728, LR:4.0654705886788224e-05
Epoch:124, Loss:2.5947332138917885, Acc:32.778, LR:4.39339828220178e-05
Validation: Loss:3.119609296321869, Acc:26.78
Best model updated!
Epoch:125, Loss:2.59538188272593, Acc:32.574, LR:4.731793411069669e-05
Epoch:126, Loss:2.591653196179137, Acc:32.892, LR:5.0803220201452194e-05
Epoch:127, Loss:2.5827930314200267, Acc:32.8, LR:5.4386401537696557e-05
Epoch:128, Loss:2.5803575710374482, Acc:33.042, LR:5.806394195205352e-05
Epoch:129, Loss:2.5867480818106205, Acc:32.776, LR:6.1832212156129e-05
Validation: Loss:3.1108490109443663, Acc:26.53
Epoch:130, Loss:2.5884641019665464, Acc:32.558, LR:6.568749332218034e-05
Epoch:131, Loss:2.595499045994817, Acc:32.77, LR:6.962598075315054e-05
Epoch:132, Loss:2.584027949644595, Acc:33.222, LR:7.364378763744432e-05
Epoch:133, Loss:2.571477391281906, Acc:33.38, LR:7.77369488847427e-05
Epoch:134, Loss:2.579661415547741, Acc:32.992, LR:8.190142503906793e-05
Validation: Loss:3.1689773559570313, Acc:26.12
Epoch:135, Loss:2.5825033285179915, Acc:32.712, LR:8.613310626523915e-05
Epoch:136, Loss:2.576374752180917, Acc:32.934, LR:9.042781640478292e-05
Epoch:137, Loss:2.5740761805553825, Acc:33.102, LR:9.478131709729829e-05
Epoch:138, Loss:2.5629483583022137, Acc:33.364, LR:9.918931196320625e-05
Epoch:139, Loss:2.563785837621105, Acc:33.07, LR:0.00010364745084375781
Validation: Loss:3.1377352833747865, Acc:26.74
Epoch:140, Loss:2.561292378269896, Acc:33.386, LR:0.00010815133409411552
Epoch:141, Loss:2.55945715855579, Acc:33.284, LR:0.00011269651692527181
Epoch:142, Loss:2.5561216047831943, Acc:33.522, LR:0.0001172785137905186
Epoch:143, Loss:2.5514359109255733, Acc:33.662, LR:0.00012189280281214127
Epoch:144, Loss:2.543828694187865, Acc:33.648, LR:0.0001265348302439653
Validation: Loss:3.1275926351547243, Acc:26.79
Best model updated!
Epoch:145, Loss:2.551383629137156, Acc:33.412, LR:0.00013120001496535425
Epoch:146, Loss:2.5418602203836245, Acc:33.644, LR:0.00013588375300222283
Epoch:147, Loss:2.539319264645479, Acc:33.588, LR:0.00014058142207060294
Epoch:148, Loss:2.5309935297284807, Acc:33.866, LR:0.00014528838613828067
Epoch:149, Loss:2.5263432458955415, Acc:34.154, LR:0.00014999999999999988
Validation: Loss:3.1577728629112243, Acc:27.04
Best model updated!
Epoch:150, Loss:2.5206042382181906, Acc:33.882, LR:0.00015471161386171908
Epoch:151, Loss:2.5210750175982106, Acc:33.924, LR:0.00015941857792939681
Epoch:152, Loss:2.5144798171763516, Acc:34.13, LR:0.00016411624699777706
Epoch:153, Loss:2.506039181534125, Acc:34.352, LR:0.00016879998503464553
Epoch:154, Loss:2.506234740724369, Acc:34.35, LR:0.0001734651697560345
Validation: Loss:3.136604595184326, Acc:27.64
Best model updated!
Epoch:155, Loss:2.494495289666312, Acc:34.352, LR:0.00017810719718785856
Epoch:156, Loss:2.488180311358705, Acc:34.27, LR:0.00018272148620948123
Epoch:157, Loss:2.4857181967521202, Acc:34.78, LR:0.00018730348307472816
Epoch:158, Loss:2.474832829163999, Acc:34.82, LR:0.00019184866590588428
Epoch:159, Loss:2.466188348069483, Acc:35.238, LR:0.00019635254915624197
Validation: Loss:3.1927218079566955, Acc:26.74
Epoch:160, Loss:2.4590681961604526, Acc:35.2, LR:0.00020081068803679352
Epoch:161, Loss:2.453116939992321, Acc:35.338, LR:0.00020521868290270147
Epoch:162, Loss:2.448977750174853, Acc:35.448, LR:0.00020957218359521685
Epoch:163, Loss:2.442340824068809, Acc:35.762, LR:0.00021386689373476063
Epoch:164, Loss:2.4357958277877496, Acc:35.5, LR:0.00021809857496093171
Validation: Loss:3.2066882491111754, Acc:26.69
Epoch:165, Loss:2.431562613467781, Acc:35.648, LR:0.0002222630511152572
Epoch:166, Loss:2.4215173259073373, Acc:35.876, LR:0.0002263562123625556
Epoch:167, Loss:2.416096383211564, Acc:36.072, LR:0.0002303740192468494
Epoch:168, Loss:2.4044475117508246, Acc:36.338, LR:0.00023431250667781947
Epoch:169, Loss:2.385029911994934, Acc:36.738, LR:0.0002381677878438708
Validation: Loss:3.166232681274414, Acc:27.65
Best model updated!
Epoch:170, Loss:2.387944399094095, Acc:36.652, LR:0.00024193605804794627
Epoch:171, Loss:2.382782588199693, Acc:36.392, LR:0.00024561359846230325
Epoch:172, Loss:2.3736453615889257, Acc:36.646, LR:0.00024919677979854754
Epoch:173, Loss:2.3597663276049556, Acc:37.074, LR:0.00025268206588930297
Epoch:174, Loss:2.3497761706916656, Acc:37.408, LR:0.0002560660171779818
Validation: Loss:3.1933711767196655, Acc:27.84
Best model updated!
Epoch:175, Loss:2.3561273861904533, Acc:37.332, LR:0.0002593452941132115
Epoch:176, Loss:2.336465166539562, Acc:37.798, LR:0.00026251666044456874
Epoch:177, Loss:2.3239151531336257, Acc:37.866, LR:0.00026557698641636824
Epoch:178, Loss:2.317039905762186, Acc:37.996, LR:0.0002685232518563534
Epoch:179, Loss:2.298340780394418, Acc:38.574, LR:0.000271352549156242
Validation: Loss:3.215765953063965, Acc:28.02
Best model updated!
Epoch:180, Loss:2.298886106938732, Acc:38.364, LR:0.00027406208614118413
Epoch:181, Loss:2.2906114057618745, Acc:38.564, LR:0.00027664918882530214
Epoch:182, Loss:2.2765651479059335, Acc:39.054, LR:0.0002791113040505914
Epoch:183, Loss:2.2629463161740984, Acc:39.404, LR:0.0002814460020065794
Epoch:184, Loss:2.2532929401008452, Acc:39.296, LR:0.00028365097862825513
Validation: Loss:3.2894191265106203, Acc:27.92
Epoch:185, Loss:2.241472361039142, Acc:39.622, LR:0.0002857240578699029
Epoch:186, Loss:2.230336914257127, Acc:40.028, LR:0.0002876631938525972
Epoch:187, Loss:2.229814052581787, Acc:39.82, LR:0.00028946647288323766
Epoch:188, Loss:2.2102955263488147, Acc:40.52, LR:0.0002911321153431338
Epoch:189, Loss:2.204990739725074, Acc:40.084, LR:0.00029265847744427303
Validation: Loss:3.23578999042511, Acc:28.23
Best model updated!
Epoch:190, Loss:2.1864502332648454, Acc:40.89, LR:0.0002940440528515414
Epoch:191, Loss:2.170651100119766, Acc:41.078, LR:0.0002952874741692947
Epoch:192, Loss:2.1613393498926747, Acc:41.46, LR:0.0002963875142908121
Epoch:193, Loss:2.1452288566803444, Acc:41.93, LR:0.0002973430876093033
Epoch:194, Loss:2.141343132573731, Acc:41.516, LR:0.00029815325108927063
Validation: Loss:3.310442769527435, Acc:28.01
Epoch:195, Loss:2.1230751093553035, Acc:42.452, LR:0.00029881720519717164
Epoch:196, Loss:2.0988843951906477, Acc:42.67, LR:0.000299334294690462
Epoch:197, Loss:2.1065357631566575, Acc:42.454, LR:0.0002997040092642407
Epoch:198, Loss:2.0807297935291214, Acc:42.808, LR:0.0002999259840548597
Epoch:199, Loss:2.0736212012719135, Acc:43.278, LR:0.0003
Validation: Loss:3.37457035779953, Acc:28.38
Best model updated!
Epoch:200, Loss:2.0703142431317545, Acc:43.338, LR:0.0002999259840548597
Epoch:201, Loss:2.043721085908462, Acc:43.92, LR:0.0002997040092642407
Epoch:202, Loss:2.0351319045436624, Acc:44.266, LR:0.000299334294690462
Epoch:203, Loss:2.025740325450897, Acc:44.052, LR:0.0002988172051971717
Epoch:204, Loss:2.0111984075332177, Acc:44.776, LR:0.00029815325108927063
Validation: Loss:3.351346468925476, Acc:28.38
Epoch:205, Loss:1.990138405439805, Acc:45.154, LR:0.00029734308760930326
Epoch:206, Loss:1.9852600146313102, Acc:45.336, LR:0.00029638751429081204
Epoch:207, Loss:1.9713246956163524, Acc:45.384, LR:0.0002952874741692946
Epoch:208, Loss:1.9422872273289427, Acc:46.17, LR:0.00029404405285154137
Epoch:209, Loss:1.9376871853458637, Acc:46.19, LR:0.0002926584774442729
Validation: Loss:3.4163633704185488, Acc:28.67
Best model updated!
Epoch:210, Loss:1.9207377859524317, Acc:46.714, LR:0.00029113211534313374
Epoch:211, Loss:1.9108290635809606, Acc:47.106, LR:0.0002894664728832376
Epoch:212, Loss:1.8950019868052737, Acc:47.174, LR:0.0002876631938525971
Epoch:213, Loss:1.8886569823537553, Acc:47.396, LR:0.0002857240578699029
Epoch:214, Loss:1.86129942475533, Acc:48.098, LR:0.0002836509786282552
Validation: Loss:3.4780574679374694, Acc:29.06
Best model updated!
Epoch:215, Loss:1.8478114057560355, Acc:48.416, LR:0.00028144600200657956
Epoch:216, Loss:1.8277626962077862, Acc:48.978, LR:0.0002791113040505916
Epoch:217, Loss:1.817374171042929, Acc:49.27, LR:0.0002766491888253023
Epoch:218, Loss:1.79918108546004, Acc:49.51, LR:0.00027406208614118424
Epoch:219, Loss:1.7987477402297818, Acc:49.798, LR:0.0002713525491562421
Validation: Loss:3.4735214948654174, Acc:29.4
Best model updated!
Epoch:220, Loss:1.7775147520765966, Acc:50.276, LR:0.00026852325185635354
Epoch:221, Loss:1.7612412085338516, Acc:50.48, LR:0.00026557698641636835
Epoch:222, Loss:1.7451452746683238, Acc:51.152, LR:0.00026251666044456895
Epoch:223, Loss:1.737542215658694, Acc:51.24, LR:0.0002593452941132118
Epoch:224, Loss:1.7178968957492284, Acc:51.444, LR:0.0002560660171779822
Validation: Loss:3.634830594062805, Acc:28.76
Epoch:225, Loss:1.7008800530920223, Acc:52.008, LR:0.0002526820658893034
Epoch:226, Loss:1.6734679012882465, Acc:53.016, LR:0.00024919677979854787
Epoch:227, Loss:1.672860868123113, Acc:52.782, LR:0.0002456135984623036
Epoch:228, Loss:1.642654678043054, Acc:53.488, LR:0.00024193605804794663
Epoch:229, Loss:1.6376027428373998, Acc:53.546, LR:0.00023816778784387094
Validation: Loss:3.6563202142715454, Acc:29.36
Epoch:230, Loss:1.6249732922534554, Acc:53.796, LR:0.00023431250667781958
Epoch:231, Loss:1.6171455054867023, Acc:53.9, LR:0.0002303740192468495
Epoch:232, Loss:1.590095504206054, Acc:54.95, LR:0.0002263562123625557
Epoch:233, Loss:1.5829907582730662, Acc:54.93, LR:0.00022226305111525731
Epoch:234, Loss:1.5559460958656, Acc:55.866, LR:0.00021809857496093204
Validation: Loss:3.790766727924347, Acc:28.97
Epoch:235, Loss:1.5569136690120309, Acc:55.368, LR:0.00021386689373476098
Epoch:236, Loss:1.5293440113262253, Acc:56.228, LR:0.0002095721835952172
Epoch:237, Loss:1.5193444964837055, Acc:56.846, LR:0.00020521868290270185
Epoch:238, Loss:1.4964966773986816, Acc:57.212, LR:0.00020081068803679388
Epoch:239, Loss:1.4864771475597305, Acc:57.54, LR:0.00019635254915624232
Validation: Loss:3.929098641872406, Acc:29.2
Epoch:240, Loss:1.4779453192438399, Acc:57.83, LR:0.00019184866590588436
Epoch:241, Loss:1.4586137180425682, Acc:58.146, LR:0.00018730348307472821
Epoch:242, Loss:1.4532799209867204, Acc:58.436, LR:0.0001827214862094814
Epoch:243, Loss:1.4366337328541035, Acc:58.788, LR:0.00017810719718785873
Epoch:244, Loss:1.4266613429906416, Acc:59.154, LR:0.00017346516975603468
Validation: Loss:3.996553885936737, Acc:28.74
Epoch:245, Loss:1.4109383699845295, Acc:59.506, LR:0.0001687999850346457
Epoch:246, Loss:1.3966291850926924, Acc:59.774, LR:0.00016411624699777725
Epoch:247, Loss:1.387049380613833, Acc:60.174, LR:0.00015941857792939714
Epoch:248, Loss:1.3684523446219308, Acc:60.598, LR:0.00015471161386171943
Epoch:249, Loss:1.3556552894261418, Acc:60.83, LR:0.00015000000000000018
Validation: Loss:4.094141185283661, Acc:28.38
Epoch:250, Loss:1.3411354422569275, Acc:61.374, LR:0.0001452883861382807
Epoch:251, Loss:1.3255248142748464, Acc:61.874, LR:0.00014058142207060297
Epoch:252, Loss:1.312612843756773, Acc:62.174, LR:0.00013588375300222286
Epoch:253, Loss:1.3093338438442774, Acc:62.218, LR:0.00013120001496535439
Epoch:254, Loss:1.2973142071646087, Acc:62.488, LR:0.0001265348302439653
Validation: Loss:4.199978840351105, Acc:28.55
Epoch:255, Loss:1.281201251915523, Acc:62.818, LR:0.00012189280281214126
Epoch:256, Loss:1.2677969445987625, Acc:63.124, LR:0.0001172785137905186
Epoch:257, Loss:1.2533203229612233, Acc:63.556, LR:0.00011269651692527179
Epoch:258, Loss:1.2514357104593394, Acc:63.966, LR:0.00010815133409411564
Epoch:259, Loss:1.2268511263691648, Acc:64.59, LR:0.00010364745084375795
Validation: Loss:4.25938241481781, Acc:29.31
Epoch:260, Loss:1.2138502962735234, Acc:64.76, LR:9.918931196320637e-05
Epoch:261, Loss:1.2149861345485764, Acc:64.662, LR:9.478131709729842e-05
Epoch:262, Loss:1.211565715926034, Acc:64.856, LR:9.04278164047828e-05
Epoch:263, Loss:1.1963801152852116, Acc:65.328, LR:8.613310626523901e-05
Epoch:264, Loss:1.189363726547786, Acc:65.564, LR:8.190142503906791e-05
Validation: Loss:4.3226683855056764, Acc:28.89
Epoch:265, Loss:1.1609956482235266, Acc:66.184, LR:7.773694888474266e-05
Epoch:266, Loss:1.1638330768565743, Acc:66.32, LR:7.364378763744429e-05
Epoch:267, Loss:1.1486824702243417, Acc:66.65, LR:6.962598075315051e-05
Epoch:268, Loss:1.1403003298506444, Acc:66.794, LR:6.568749332218044e-05
Epoch:269, Loss:1.1312636939846739, Acc:66.952, LR:6.183221215612908e-05
Validation: Loss:4.42612771987915, Acc:28.74
Epoch:270, Loss:1.1359322995555645, Acc:66.954, LR:5.8063941952053605e-05
Epoch:271, Loss:1.118807472136556, Acc:67.44, LR:5.4386401537696435e-05
Epoch:272, Loss:1.1170350471321417, Acc:67.502, LR:5.0803220201452126e-05
Epoch:273, Loss:1.112665013999355, Acc:67.604, LR:4.731793411069664e-05
Epoch:274, Loss:1.0985982928957259, Acc:67.856, LR:4.393398282201783e-05
Validation: Loss:4.501703310012817, Acc:28.88
Epoch:275, Loss:1.0951569493936033, Acc:67.978, LR:4.0654705886788245e-05
Epoch:276, Loss:1.0914426804805288, Acc:68.198, LR:3.7483339555431055e-05
Epoch:277, Loss:1.0875168333248215, Acc:68.554, LR:3.442301358363162e-05
Epoch:278, Loss:1.0776433962948468, Acc:68.51, LR:3.147674814364646e-05
Epoch:279, Loss:1.0773698669307086, Acc:68.618, LR:2.8647450843757924e-05
Validation: Loss:4.507186508178711, Acc:28.97
Epoch:280, Loss:1.0715284511751058, Acc:68.704, LR:2.5937913858815785e-05
Epoch:281, Loss:1.0601974962925425, Acc:69.32, LR:2.3350811174697798e-05
Epoch:282, Loss:1.052516765740453, Acc:69.256, LR:2.0888695949408397e-05
Epoch:283, Loss:1.0442235536721287, Acc:69.472, LR:1.855399799342042e-05
Epoch:284, Loss:1.0442610200570555, Acc:69.744, LR:1.634902137174479e-05
Validation: Loss:4.563069891929627, Acc:29.22
Epoch:285, Loss:1.038766851838754, Acc:69.602, LR:1.4275942130097054e-05
Epoch:286, Loss:1.0450519134803695, Acc:69.83, LR:1.2336806147402818e-05
Epoch:287, Loss:1.0378893625979522, Acc:69.588, LR:1.0533527116762286e-05
Epoch:288, Loss:1.030117345707757, Acc:69.978, LR:8.867884656866187e-06
Epoch:289, Loss:1.0251518773789308, Acc:70.048, LR:7.341522555726991e-06
Validation: Loss:4.591796112060547, Acc:28.99
Epoch:290, Loss:1.022370533067353, Acc:70.228, LR:5.95594714845856e-06
Epoch:291, Loss:1.0323023333841441, Acc:69.914, LR:4.712525830705358e-06
Epoch:292, Loss:1.0325250357997662, Acc:69.956, LR:3.6124857091879205e-06
Epoch:293, Loss:1.0286603691626568, Acc:70.06, LR:2.656912390696677e-06
Epoch:294, Loss:1.0261873000738573, Acc:70.182, LR:1.8467489107293358e-06
Validation: Loss:4.6025282621383665, Acc:29.17
Epoch:295, Loss:1.031041724949467, Acc:70.038, LR:1.1827948028283196e-06
Epoch:296, Loss:1.0294295543310594, Acc:69.9, LR:6.65705309538001e-07
Epoch:297, Loss:1.0256153722198642, Acc:70.178, LR:2.9599073575926637e-07
Epoch:298, Loss:1.0133401021665456, Acc:70.536, LR:7.401594514026004e-08
Epoch:299, Loss:1.0148516510214125, Acc:70.65, LR:0.0
Validation: Loss:4.5981656312942505, Acc:29.22
Epoch:300, Loss:1.023664879555605, Acc:70.154, LR:7.401594514025999e-08
Epoch:301, Loss:1.0125297155915474, Acc:70.498, LR:2.959907357592661e-07
Epoch:302, Loss:1.0195023977026647, Acc:70.31, LR:6.657053095379839e-07
Epoch:303, Loss:1.031129815140549, Acc:70.078, LR:1.182794802828302e-06
Epoch:304, Loss:1.021481055994423, Acc:70.174, LR:1.846748910729351e-06
Validation: Loss:4.600441098213196, Acc:29.22
Epoch:305, Loss:1.0234504196108605, Acc:70.394, LR:2.656912390696708e-06
Epoch:306, Loss:1.0164401926556412, Acc:70.456, LR:3.612485709187901e-06
Epoch:307, Loss:1.0364717482304087, Acc:69.94, LR:4.712525830705338e-06
Epoch:308, Loss:1.013460490776568, Acc:70.372, LR:5.955947148458522e-06
Epoch:309, Loss:1.0152776356862516, Acc:70.266, LR:7.341522555726951e-06
Validation: Loss:4.604142045974731, Acc:29.32
Epoch:310, Loss:1.024467363649485, Acc:70.316, LR:8.867884656866144e-06
Epoch:311, Loss:1.0284033788710225, Acc:69.958, LR:1.0533527116762242e-05
Epoch:312, Loss:1.0274367241226896, Acc:70.106, LR:1.2336806147402772e-05
Epoch:313, Loss:1.0213077779935331, Acc:70.064, LR:1.427594213009699e-05
Epoch:314, Loss:1.0367520852964751, Acc:69.554, LR:1.634902137174484e-05
Validation: Loss:4.615242004394531, Acc:29.12
Epoch:315, Loss:1.0294452625878003, Acc:70.084, LR:1.855399799342047e-05
Epoch:316, Loss:1.0222240272833376, Acc:70.36, LR:2.0888695949408458e-05
Epoch:317, Loss:1.0249945375384117, Acc:70.118, LR:2.3350811174697723e-05
Epoch:318, Loss:1.0372991148306399, Acc:69.688, LR:2.5937913858815694e-05
Epoch:319, Loss:1.039687314812018, Acc:69.522, LR:2.864745084375783e-05
Validation: Loss:4.624139881134033, Acc:29.04
Epoch:320, Loss:1.0312864920314477, Acc:69.8, LR:3.147674814364637e-05
Epoch:321, Loss:1.0421944284925655, Acc:69.612, LR:3.442301358363152e-05
Epoch:322, Loss:1.042183671070605, Acc:69.484, LR:3.748333955543095e-05
Epoch:323, Loss:1.0519068654702635, Acc:69.262, LR:4.065470588678812e-05
Epoch:324, Loss:1.0422347717139187, Acc:69.44, LR:4.39339828220177e-05
Validation: Loss:4.627010655403137, Acc:28.9
Epoch:325, Loss:1.04697221639205, Acc:69.444, LR:4.731793411069651e-05
Epoch:326, Loss:1.0535471408951038, Acc:69.336, LR:5.0803220201452194e-05
Epoch:327, Loss:1.052218449967248, Acc:69.296, LR:5.4386401537696306e-05
Epoch:328, Loss:1.0488571926039092, Acc:69.206, LR:5.8063941952053456e-05
Epoch:329, Loss:1.0440175466391506, Acc:69.618, LR:6.183221215612871e-05
Validation: Loss:4.664328837394715, Acc:28.31
Epoch:330, Loss:1.0524480829433518, Acc:69.19, LR:6.568749332218029e-05
Epoch:331, Loss:1.0551640020341289, Acc:69.002, LR:6.962598075315058e-05
Epoch:332, Loss:1.0605025413085003, Acc:68.956, LR:7.364378763744413e-05
Epoch:333, Loss:1.0640754322616421, Acc:68.958, LR:7.773694888474273e-05
Epoch:334, Loss:1.0756588292365172, Acc:68.552, LR:8.190142503906774e-05
Validation: Loss:4.634654426574707, Acc:28.81
Epoch:335, Loss:1.065060059026796, Acc:68.68, LR:8.613310626523908e-05
Epoch:336, Loss:1.063460714354807, Acc:68.524, LR:9.042781640478262e-05
Epoch:337, Loss:1.067834779924276, Acc:68.73, LR:9.478131709729822e-05
Epoch:338, Loss:1.0673593580722809, Acc:68.674, LR:9.918931196320593e-05
Epoch:339, Loss:1.0652863006202542, Acc:68.542, LR:0.00010364745084375773
Validation: Loss:4.63260850906372, Acc:28.57
Epoch:340, Loss:1.0662872985917695, Acc:68.478, LR:0.00010815133409411518
Epoch:341, Loss:1.0817937072442503, Acc:68.398, LR:0.0001126965169252716
Epoch:342, Loss:1.0768622068726286, Acc:68.182, LR:0.00011727851379051866
Epoch:343, Loss:1.082552329009893, Acc:68.106, LR:0.00012189280281214107
Epoch:344, Loss:1.0816740199011199, Acc:67.956, LR:0.00012653483024396538
Validation: Loss:4.65217547416687, Acc:29.12
Epoch:345, Loss:1.0864670769292482, Acc:68.07, LR:0.0001312000149653541
Epoch:346, Loss:1.0849114218536688, Acc:68.068, LR:0.0001358837530022228
Epoch:347, Loss:1.0837499043162988, Acc:68.176, LR:0.00014058142207060264
Epoch:348, Loss:1.0809206755793825, Acc:68.214, LR:0.00014528838613828065
Epoch:349, Loss:1.077003621325201, Acc:68.002, LR:0.0001499999999999996
Validation: Loss:4.66858925819397, Acc:28.55
Epoch:350, Loss:1.0966020731293424, Acc:67.652, LR:0.00015471161386171908
Epoch:351, Loss:1.0867834790628783, Acc:68.066, LR:0.00015941857792939681
Epoch:352, Loss:1.0919693927375638, Acc:68.022, LR:0.00016411624699777693
Epoch:353, Loss:1.0784095957571147, Acc:68.132, LR:0.00016879998503464564
Epoch:354, Loss:1.0727445556192983, Acc:68.416, LR:0.00017346516975603435
Validation: Loss:4.675430130958557, Acc:28.65
Epoch:355, Loss:1.0918293418932934, Acc:67.658, LR:0.00017810719718785865
Epoch:356, Loss:1.0899263669033439, Acc:67.742, LR:0.00018272148620948107
Epoch:357, Loss:1.0684333802485952, Acc:68.212, LR:0.0001873034830747281
Epoch:358, Loss:1.0854832426625856, Acc:68.002, LR:0.00019184866590588398
Epoch:359, Loss:1.09338478287872, Acc:67.598, LR:0.00019635254915624197
Validation: Loss:4.633935332298279, Acc:28.9
Epoch:360, Loss:1.0959578424083942, Acc:67.614, LR:0.00020081068803679352
Epoch:361, Loss:1.0809069555632922, Acc:68.224, LR:0.00020521868290270152
Epoch:362, Loss:1.0880045124462672, Acc:68.034, LR:0.00020957218359521712
Epoch:363, Loss:1.0798594002821007, Acc:67.962, LR:0.00021386689373476065
Epoch:364, Loss:1.0826929175123876, Acc:68.1, LR:0.00021809857496093199
Validation: Loss:4.5979163646698, Acc:28.59
Epoch:365, Loss:1.0773237925402972, Acc:68.206, LR:0.000222263051115257
Epoch:366, Loss:1.0817175337246485, Acc:67.996, LR:0.00022635621236255559
Epoch:367, Loss:1.0817411122273426, Acc:68.036, LR:0.00023037401924684914
Epoch:368, Loss:1.0787503342239224, Acc:67.978, LR:0.00023431250667781947
Epoch:369, Loss:1.0774593122151432, Acc:67.894, LR:0.00023816778784387086
Validation: Loss:4.640340876579285, Acc:28.57
Epoch:370, Loss:1.0779834079499147, Acc:67.79, LR:0.00024193605804794633
Epoch:371, Loss:1.0710813792384402, Acc:68.122, LR:0.00024561359846230325
Epoch:372, Loss:1.066018945100356, Acc:68.446, LR:0.00024919677979854754
Epoch:373, Loss:1.0631701331965777, Acc:68.434, LR:0.00025268206588930324
Epoch:374, Loss:1.0742533133954417, Acc:68.138, LR:0.00025606601717798185
Validation: Loss:4.694916868209839, Acc:28.53
Epoch:375, Loss:1.0719934762740622, Acc:68.218, LR:0.00025934529411321167
Epoch:376, Loss:1.0766233473407978, Acc:67.992, LR:0.00026251666044456863
Epoch:377, Loss:1.0558298120693284, Acc:68.518, LR:0.00026557698641636824
Epoch:378, Loss:1.069965337612191, Acc:68.078, LR:0.00026852325185635343
Epoch:379, Loss:1.0547671652570063, Acc:68.376, LR:0.00027135254915624195
Validation: Loss:4.669774079322815, Acc:29.04
Epoch:380, Loss:1.0507055642653484, Acc:68.72, LR:0.00027406208614118413
Epoch:381, Loss:1.0359824232909145, Acc:69.03, LR:0.00027664918882530214
Epoch:382, Loss:1.0297743696339277, Acc:69.36, LR:0.0002791113040505914
Epoch:383, Loss:1.0392224861651052, Acc:68.808, LR:0.0002814460020065794
Epoch:384, Loss:1.02487292581675, Acc:69.038, LR:0.0002836509786282552
Validation: Loss:4.781392002105713, Acc:28.4
Epoch:385, Loss:1.0423110340322768, Acc:68.87, LR:0.00028572405786990283
Epoch:386, Loss:1.0165328730125816, Acc:69.576, LR:0.00028766319385259713
Epoch:387, Loss:1.017522586851704, Acc:69.606, LR:0.00028946647288323766
Epoch:388, Loss:1.0030968268306888, Acc:69.854, LR:0.00029113211534313374
Epoch:389, Loss:0.9968090288493098, Acc:70.126, LR:0.000292658477444273
Validation: Loss:4.828039884567261, Acc:29.02
Epoch:390, Loss:0.9909141398206049, Acc:70.162, LR:0.00029404405285154137
Epoch:391, Loss:1.000678799590286, Acc:70.188, LR:0.00029528747416929463
Epoch:392, Loss:1.0024308690002985, Acc:69.978, LR:0.00029638751429081204
Epoch:393, Loss:0.9771604878561837, Acc:70.93, LR:0.0002973430876093032
Epoch:394, Loss:0.9830626316216527, Acc:70.452, LR:0.00029815325108927063
Validation: Loss:4.842813491821289, Acc:28.58
Epoch:395, Loss:0.9646161089138109, Acc:71.136, LR:0.0002988172051971717
Epoch:396, Loss:0.9707654769323311, Acc:70.68, LR:0.000299334294690462
Epoch:397, Loss:0.9555876060407988, Acc:71.404, LR:0.0002997040092642407
Epoch:398, Loss:0.9440714972359794, Acc:71.606, LR:0.0002999259840548597
Epoch:399, Loss:0.9573839513622985, Acc:71.272, LR:0.0003
Validation: Loss:4.948048448562622, Acc:28.55
Epoch:400, Loss:0.9505183696746826, Acc:71.578, LR:0.0002999259840548597
Epoch:401, Loss:0.9364536866849783, Acc:71.76, LR:0.00029970400926424077
Epoch:402, Loss:0.9448475144347366, Acc:71.596, LR:0.00029933429469046203
Epoch:403, Loss:0.9125337947388085, Acc:72.522, LR:0.00029881720519717175
Epoch:404, Loss:0.9180853670957138, Acc:72.306, LR:0.00029815325108927074
Validation: Loss:4.974849152565002, Acc:28.71
Epoch:405, Loss:0.9122092790749609, Acc:72.552, LR:0.0002973430876093033
Epoch:406, Loss:0.8895568798999397, Acc:73.05, LR:0.00029638751429081215
Epoch:407, Loss:0.8871625436812031, Acc:73.3, LR:0.0002952874741692947
Epoch:408, Loss:0.8814609944820404, Acc:73.376, LR:0.00029404405285154154
Epoch:409, Loss:0.8880530461973074, Acc:73.306, LR:0.0002926584774442731
Validation: Loss:4.985922765731812, Acc:28.89
Epoch:410, Loss:0.8642128377544637, Acc:73.98, LR:0.0002911321153431339
Epoch:411, Loss:0.8734186279530428, Acc:73.658, LR:0.0002894664728832378
Epoch:412, Loss:0.8534798135562819, Acc:74.256, LR:0.00028766319385259724
Epoch:413, Loss:0.8454943086419787, Acc:74.446, LR:0.00028572405786990305
Epoch:414, Loss:0.8266158097860764, Acc:75.104, LR:0.0002836509786282552
Validation: Loss:5.098453998565674, Acc:29.49
Best model updated!
Epoch:415, Loss:0.82741750563894, Acc:74.88, LR:0.00028144600200657956
Epoch:416, Loss:0.8054370649006902, Acc:75.544, LR:0.0002791113040505916
Epoch:417, Loss:0.8017649638409517, Acc:75.778, LR:0.00027664918882530236
Epoch:418, Loss:0.804280698299408, Acc:75.678, LR:0.0002740620861411844
Epoch:419, Loss:0.7844139021270129, Acc:76.232, LR:0.0002713525491562422
Validation: Loss:5.22906334400177, Acc:29.0
Epoch:420, Loss:0.7698740101590449, Acc:76.476, LR:0.00026852325185635365
Epoch:421, Loss:0.7796764294711911, Acc:76.428, LR:0.0002655769864163685
Epoch:422, Loss:0.7707380476046581, Acc:76.672, LR:0.00026251666044456906
Epoch:423, Loss:0.7713611423969269, Acc:76.504, LR:0.00025934529411321167
Epoch:424, Loss:0.743467108935726, Acc:77.446, LR:0.0002560660171779823
Validation: Loss:5.3244839906692505, Acc:29.63
Best model updated!
Epoch:425, Loss:0.7376587178025927, Acc:77.592, LR:0.0002526820658893033
Epoch:426, Loss:0.7300599576259146, Acc:77.964, LR:0.0002491967797985478
Epoch:427, Loss:0.7193761613904214, Acc:78.146, LR:0.0002456135984623035
Epoch:428, Loss:0.7275987650666919, Acc:77.97, LR:0.00024193605804794657
Epoch:429, Loss:0.706745838632389, Acc:78.526, LR:0.00023816778784387107
Validation: Loss:5.461787867546081, Acc:29.35
Epoch:430, Loss:0.6926116304738181, Acc:78.83, LR:0.00023431250667781974
Epoch:431, Loss:0.6887876269768696, Acc:78.942, LR:0.00023037401924684965
Epoch:432, Loss:0.6660200527736119, Acc:79.574, LR:0.00022635621236255564
Epoch:433, Loss:0.6717144810423559, Acc:79.452, LR:0.00022226305111525748
Epoch:434, Loss:0.665000605644012, Acc:79.77, LR:0.000218098574960932
Validation: Loss:5.594989871978759, Acc:28.95
Epoch:435, Loss:0.6516967294167499, Acc:80.07, LR:0.00021386689373476117
Epoch:436, Loss:0.6431537763196595, Acc:80.13, LR:0.00020957218359521712
Epoch:437, Loss:0.6299193166956609, Acc:80.688, LR:0.00020521868290270177
Epoch:438, Loss:0.6330912964684623, Acc:80.642, LR:0.00020081068803679377
Epoch:439, Loss:0.6224721822203422, Acc:81.072, LR:0.00019635254915624222
Validation: Loss:5.647593450546265, Acc:28.75
Epoch:440, Loss:0.6252440253690797, Acc:80.984, LR:0.0001918486659058845
Epoch:441, Loss:0.609553857117283, Acc:81.258, LR:0.0001873034830747281
Epoch:442, Loss:0.5948642239886888, Acc:81.708, LR:0.00018272148620948156
Epoch:443, Loss:0.5859292867232342, Acc:82.022, LR:0.00017810719718785865
Epoch:444, Loss:0.5792005305387535, Acc:82.216, LR:0.00017346516975603487
Validation: Loss:5.7700972080230715, Acc:29.5
Epoch:445, Loss:0.5558187617939345, Acc:82.842, LR:0.00016879998503464561
Epoch:446, Loss:0.5621731004544667, Acc:82.91, LR:0.00016411624699777741
Epoch:447, Loss:0.5352713556922212, Acc:83.642, LR:0.000159418577929397
Epoch:448, Loss:0.553153761795589, Acc:83.24, LR:0.00015471161386171927
Epoch:449, Loss:0.5391338704800119, Acc:83.486, LR:0.00015000000000000001
Validation: Loss:5.936134314537048, Acc:29.05
Epoch:450, Loss:0.5282586110489709, Acc:83.786, LR:0.00014528838613828057
Epoch:451, Loss:0.5300327250543906, Acc:83.776, LR:0.00014058142207060308
Epoch:452, Loss:0.5106446621369343, Acc:84.316, LR:0.0001358837530022227
Epoch:453, Loss:0.5053519862038749, Acc:84.556, LR:0.00013120001496535452
Epoch:454, Loss:0.5000821482770297, Acc:84.694, LR:0.0001265348302439653
Validation: Loss:6.0422083854675295, Acc:29.4
Epoch:455, Loss:0.4977701686474742, Acc:84.762, LR:0.00012189280281214152
Epoch:456, Loss:0.4843982743973635, Acc:85.086, LR:0.0001172785137905186
Epoch:457, Loss:0.47980417767349554, Acc:85.16, LR:0.00011269651692527206
Epoch:458, Loss:0.4664551080489645, Acc:85.646, LR:0.00010815133409411564
Epoch:459, Loss:0.46616385877132416, Acc:85.624, LR:0.00010364745084375769
Validation: Loss:6.135172939300537, Acc:29.42
Epoch:460, Loss:0.45784473814526383, Acc:85.994, LR:9.918931196320637e-05
Epoch:461, Loss:0.45456519084317343, Acc:86.102, LR:9.478131709729815e-05
Epoch:462, Loss:0.4432738800438083, Acc:86.336, LR:9.042781640478303e-05
Epoch:463, Loss:0.44657983767743015, Acc:86.25, LR:8.613310626523901e-05
Epoch:464, Loss:0.4310555880775257, Acc:86.798, LR:8.190142503906816e-05
Validation: Loss:6.300603175163269, Acc:29.72
Best model updated!
Epoch:465, Loss:0.4251871239774081, Acc:86.928, LR:7.773694888474266e-05
Epoch:466, Loss:0.4214586427017134, Acc:87.046, LR:7.364378763744451e-05
Epoch:467, Loss:0.4054807014003092, Acc:87.54, LR:6.962598075315051e-05
Epoch:468, Loss:0.41342547779180566, Acc:87.254, LR:6.568749332218066e-05
Epoch:469, Loss:0.4023106235022448, Acc:87.712, LR:6.183221215612908e-05
Validation: Loss:6.395850825309753, Acc:29.48
Epoch:470, Loss:0.3973150189433779, Acc:87.764, LR:5.8063941952053395e-05
Epoch:471, Loss:0.39421377224581583, Acc:87.842, LR:5.4386401537696645e-05
Epoch:472, Loss:0.3902634072060488, Acc:88.078, LR:5.080322020145213e-05
Epoch:473, Loss:0.3872331341310423, Acc:88.194, LR:4.7317934110696835e-05
Epoch:474, Loss:0.37683739315490333, Acc:88.326, LR:4.393398282201783e-05
Validation: Loss:6.523144960403442, Acc:29.48
Epoch:475, Loss:0.3749726265668869, Acc:88.484, LR:4.0654705886788434e-05
Epoch:476, Loss:0.3778826743364334, Acc:88.542, LR:3.748333955543108e-05
Epoch:477, Loss:0.36812927832408826, Acc:88.558, LR:3.442301358363182e-05
Epoch:478, Loss:0.3661857952876967, Acc:88.744, LR:3.1476748143646496e-05
Epoch:479, Loss:0.35414315729725115, Acc:89.206, LR:2.8647450843758107e-05
Validation: Loss:6.559930992126465, Acc:29.91
Best model updated!
Epoch:480, Loss:0.3601283348944722, Acc:89.002, LR:2.59379138588158e-05
Epoch:481, Loss:0.35535831992723504, Acc:89.16, LR:2.335081117469768e-05
Epoch:482, Loss:0.3498893915390482, Acc:89.224, LR:2.0888695949408543e-05
Epoch:483, Loss:0.35188017694317564, Acc:89.22, LR:1.8553997993420435e-05
Epoch:484, Loss:0.3430354464419034, Acc:89.624, LR:1.634902137174492e-05
Validation: Loss:6.575340414047242, Acc:30.17
Best model updated!
Epoch:485, Loss:0.34304262925775686, Acc:89.5, LR:1.427594213009707e-05
Epoch:486, Loss:0.3432147987947172, Acc:89.21, LR:1.233680614740295e-05
Epoch:487, Loss:0.343537694641522, Acc:89.552, LR:1.0533527116762303e-05
Epoch:488, Loss:0.34069477629904843, Acc:89.668, LR:8.867884656866302e-06
Epoch:489, Loss:0.33275401181712444, Acc:89.804, LR:7.3415225557269894e-06
Validation: Loss:6.604486203193664, Acc:30.03
Epoch:490, Loss:0.3291469664902103, Acc:89.966, LR:5.9559471484584925e-06
Epoch:491, Loss:0.330250727126793, Acc:89.978, LR:4.7125258307053735e-06
Epoch:492, Loss:0.3292518378216393, Acc:89.976, LR:3.6124857091878692e-06
Epoch:493, Loss:0.3297031146227097, Acc:90.006, LR:2.6569123906967424e-06
Epoch:494, Loss:0.32587605973287503, Acc:90.04, LR:1.846748910729335e-06
Validation: Loss:6.623856234550476, Acc:30.09
Epoch:495, Loss:0.3255613446235657, Acc:90.156, LR:1.1827948028283522e-06
Epoch:496, Loss:0.3194261000168567, Acc:90.304, LR:6.657053095380007e-07
Epoch:497, Loss:0.335930736241292, Acc:89.758, LR:2.959907357592829e-07
Epoch:498, Loss:0.3282353881062294, Acc:90.048, LR:7.401594514027667e-08
Epoch:499, Loss:0.326183661970557, Acc:90.092, LR:0.0
Validation: Loss:6.6234395742416385, Acc:29.99
Epoch:500, Loss:0.3277312483714551, Acc:90.082, LR:7.401594514025999e-08
Epoch:501, Loss:0.33279669421667957, Acc:89.864, LR:2.959907357592661e-07
Epoch:502, Loss:0.33104183859362896, Acc:89.986, LR:6.657053095379839e-07
Epoch:503, Loss:0.32302646825508197, Acc:90.238, LR:1.1827948028283352e-06
Epoch:504, Loss:0.3302509729959527, Acc:89.794, LR:1.846748910729301e-06
Validation: Loss:6.631344032287598, Acc:30.03
Epoch:505, Loss:0.32840841932564363, Acc:90.14, LR:2.6569123906967085e-06
Epoch:506, Loss:0.31965046938584774, Acc:90.27, LR:3.612485709187835e-06
Epoch:507, Loss:0.32162122914985736, Acc:90.134, LR:4.712525830705323e-06
Epoch:508, Loss:0.3250628728039411, Acc:89.944, LR:5.955947148458442e-06
Epoch:509, Loss:0.32749498954841066, Acc:89.962, LR:7.341522555727022e-06
Validation: Loss:6.650996470451355, Acc:30.0
Epoch:510, Loss:0.3256230999012383, Acc:90.012, LR:8.867884656866134e-06
Epoch:511, Loss:0.33478996826677904, Acc:89.7, LR:1.0533527116762335e-05
Epoch:512, Loss:0.3278346219841315, Acc:89.834, LR:1.2336806147402767e-05
Epoch:513, Loss:0.3318914292114122, Acc:89.748, LR:1.4275942130097101e-05
Epoch:514, Loss:0.33401898796461066, Acc:89.6, LR:1.6349021371744722e-05
Validation: Loss:6.693248009681701, Acc:29.9
Epoch:515, Loss:0.3351950190809308, Acc:89.692, LR:1.8553997993420472e-05
Epoch:516, Loss:0.3286275180930994, Acc:89.924, LR:2.0888695949408597e-05
Epoch:517, Loss:0.3396404809793647, Acc:89.628, LR:2.3350811174697737e-05
Epoch:518, Loss:0.3363053068822744, Acc:89.662, LR:2.593791385881586e-05
Epoch:519, Loss:0.3375500384338048, Acc:89.634, LR:2.8647450843757853e-05
Validation: Loss:6.760046458244323, Acc:29.87
Epoch:520, Loss:0.347010181874645, Acc:89.322, LR:3.147674814364656e-05
Epoch:521, Loss:0.34496114448625215, Acc:89.364, LR:3.442301358363153e-05
Epoch:522, Loss:0.34493900075250744, Acc:89.432, LR:3.748333955543115e-05
Epoch:523, Loss:0.34984369347898325, Acc:89.27, LR:4.065470588678816e-05
Epoch:524, Loss:0.3465360263172461, Acc:89.288, LR:4.393398282201792e-05
Validation: Loss:6.701072859764099, Acc:29.66
Epoch:525, Loss:0.3492789082989401, Acc:89.278, LR:4.731793411069693e-05
Epoch:526, Loss:0.3551962214465044, Acc:88.98, LR:5.0803220201452234e-05
Epoch:527, Loss:0.35600684796060833, Acc:89.044, LR:5.4386401537696746e-05
Epoch:528, Loss:0.3556630137015362, Acc:89.07, LR:5.80639419520535e-05
Epoch:529, Loss:0.3669328428044611, Acc:88.666, LR:6.18322121561292e-05
Validation: Loss:6.643186450004578, Acc:29.78
Epoch:530, Loss:0.3676961912792556, Acc:88.782, LR:6.568749332218036e-05
Epoch:531, Loss:0.3687102417556607, Acc:88.632, LR:6.962598075315065e-05
Epoch:532, Loss:0.3765143517936979, Acc:88.384, LR:7.36437876374442e-05
Epoch:533, Loss:0.38331132214896535, Acc:88.326, LR:7.77369488847428e-05
Epoch:534, Loss:0.3843842048426064, Acc:88.266, LR:8.19014250390683e-05
Validation: Loss:6.69635419845581, Acc:29.43
Epoch:535, Loss:0.38673016854694914, Acc:88.082, LR:8.613310626523915e-05
Epoch:536, Loss:0.38066560060394056, Acc:88.194, LR:9.042781640478317e-05
Epoch:537, Loss:0.3982196982417788, Acc:87.986, LR:9.47813170972983e-05
Epoch:538, Loss:0.39149769775721494, Acc:87.92, LR:9.918931196320652e-05
Epoch:539, Loss:0.3946861372310288, Acc:87.826, LR:0.00010364745084375783
Validation: Loss:6.6776955127716064, Acc:29.16
Epoch:540, Loss:0.40647039364795295, Acc:87.444, LR:0.0001081513340941158
Epoch:541, Loss:0.408918416925839, Acc:87.398, LR:0.00011269651692527169
Epoch:542, Loss:0.4182286879846028, Acc:87.034, LR:0.00011727851379051875
Epoch:543, Loss:0.4212879635849778, Acc:86.96, LR:0.0001218928028121417
Epoch:544, Loss:0.4128406470527454, Acc:87.26, LR:0.0001265348302439655
Validation: Loss:6.457056188583374, Acc:29.32
Epoch:545, Loss:0.4316770340106925, Acc:86.502, LR:0.0001312000149653547
Epoch:546, Loss:0.43555516034972913, Acc:86.688, LR:0.00013588375300222294
Epoch:547, Loss:0.43031953883414364, Acc:86.664, LR:0.00014058142207060332
Epoch:548, Loss:0.4385743846698683, Acc:86.44, LR:0.00014528838613828078
Epoch:549, Loss:0.4430555038306178, Acc:86.448, LR:0.00015000000000000026
Validation: Loss:6.378290915489197, Acc:28.97
Epoch:550, Loss:0.44013530015945435, Acc:86.476, LR:0.00015471161386171922
Epoch:551, Loss:0.4412677449231245, Acc:86.342, LR:0.00015941857792939725
Epoch:552, Loss:0.4463287150981475, Acc:86.078, LR:0.00016411624699777712
Epoch:553, Loss:0.460922471722778, Acc:85.776, LR:0.00016879998503464583
Epoch:554, Loss:0.4535901960061521, Acc:85.876, LR:0.00017346516975603508
Validation: Loss:6.317584919929504, Acc:29.05
Epoch:555, Loss:0.45610054627973207, Acc:85.906, LR:0.00017810719718785884
Epoch:556, Loss:0.4573516225328251, Acc:85.574, LR:0.00018272148620948175
Epoch:557, Loss:0.45075105039440855, Acc:86.04, LR:0.00018730348307472832
Epoch:558, Loss:0.46755893923798386, Acc:85.52, LR:0.00019184866590588474
Epoch:559, Loss:0.47975605665421, Acc:85.138, LR:0.0001963525491562422
Validation: Loss:6.2573185682296755, Acc:28.94
Epoch:560, Loss:0.4755837759193109, Acc:85.366, LR:0.000200810688036794
Epoch:561, Loss:0.4720809815489516, Acc:85.438, LR:0.00020521868290270174
Epoch:562, Loss:0.4729591176217916, Acc:85.374, LR:0.00020957218359521734
Epoch:563, Loss:0.48701638986869733, Acc:84.77, LR:0.0002138668937347609
Epoch:564, Loss:0.47872048160251307, Acc:85.172, LR:0.00021809857496093223
Validation: Loss:6.23615870475769, Acc:29.3
Epoch:565, Loss:0.4919703666652952, Acc:84.732, LR:0.0002222630511152577
Epoch:566, Loss:0.4936307589618527, Acc:84.698, LR:0.0002263562123625559
Epoch:567, Loss:0.48073361814022064, Acc:85.074, LR:0.00023037401924684992
Epoch:568, Loss:0.4882574196980924, Acc:84.784, LR:0.00023431250667781974
Epoch:569, Loss:0.48158772654679355, Acc:85.01, LR:0.00023816778784387134
Validation: Loss:6.1728438377380375, Acc:28.89
Epoch:570, Loss:0.49455290971970073, Acc:84.57, LR:0.00024193605804794663
Epoch:571, Loss:0.49231561987983935, Acc:84.838, LR:0.00024561359846230385
Epoch:572, Loss:0.5051923181329455, Acc:84.382, LR:0.0002491967797985479
Epoch:573, Loss:0.48885402448323306, Acc:84.692, LR:0.0002526820658893037
Epoch:574, Loss:0.509689673781395, Acc:84.148, LR:0.0002560660171779823
Validation: Loss:6.243272876739502, Acc:29.08
Epoch:575, Loss:0.4907247737354162, Acc:84.838, LR:0.0002593452941132121
Epoch:576, Loss:0.5087213796012255, Acc:84.164, LR:0.00026251666044456944
Epoch:577, Loss:0.49929693371665723, Acc:84.556, LR:0.00026557698641636873
Epoch:578, Loss:0.5073549504182777, Acc:84.21, LR:0.000268523251856354
Epoch:579, Loss:0.5026795718134666, Acc:84.494, LR:0.0002713525491562424
Validation: Loss:6.14415180683136, Acc:29.03
Epoch:580, Loss:0.49614020634670647, Acc:84.568, LR:0.00027406208614118467
Epoch:581, Loss:0.501630037110679, Acc:84.306, LR:0.00027664918882530247
Epoch:582, Loss:0.5061083606311253, Acc:84.128, LR:0.00027911130405059185
Epoch:583, Loss:0.5049464060943953, Acc:84.258, LR:0.0002814460020065797
Epoch:584, Loss:0.5134519426798334, Acc:83.846, LR:0.00028365097862825546
Validation: Loss:6.1617436647415165, Acc:28.85
Epoch:585, Loss:0.4924077221325466, Acc:84.506, LR:0.0002857240578699031
Epoch:586, Loss:0.5045488020595239, Acc:84.17, LR:0.00028766319385259745
Epoch:587, Loss:0.5037875774563575, Acc:84.346, LR:0.0002894664728832381
Epoch:588, Loss:0.48722344941022444, Acc:84.856, LR:0.0002911321153431341
Epoch:589, Loss:0.4956800016213436, Acc:84.45, LR:0.0002926584774442734
Validation: Loss:6.201708030700684, Acc:29.44
Epoch:590, Loss:0.4983598884879326, Acc:84.526, LR:0.00029404405285154175
Epoch:591, Loss:0.5076320183520414, Acc:84.008, LR:0.000295287474169295
Epoch:592, Loss:0.4955788075315709, Acc:84.592, LR:0.00029638751429081236
Epoch:593, Loss:0.48214085582567723, Acc:84.836, LR:0.00029734308760930364
Epoch:594, Loss:0.4879558606415379, Acc:84.736, LR:0.0002981532510892709
Validation: Loss:6.099349474906921, Acc:29.23
Epoch:595, Loss:0.5013798475265503, Acc:84.51, LR:0.000298817205197172
Epoch:596, Loss:0.4892439376942965, Acc:84.812, LR:0.0002993342946904623
Epoch:597, Loss:0.4888474676682025, Acc:84.826, LR:0.00029970400926424104
Epoch:598, Loss:0.489272486494512, Acc:84.81, LR:0.00029992598405486004
Epoch:599, Loss:0.48083774258895795, Acc:84.962, LR:0.0003000000000000003
Validation: Loss:6.115413856506348, Acc:28.4
Epoch:600, Loss:0.47448267985363396, Acc:84.988, LR:0.00029992598405486
Epoch:601, Loss:0.48041498296114865, Acc:85.014, LR:0.00029970400926424104
Epoch:602, Loss:0.4722077594119675, Acc:85.164, LR:0.0002993342946904623
Epoch:603, Loss:0.47500419555878154, Acc:85.276, LR:0.000298817205197172
Epoch:604, Loss:0.4645512268251302, Acc:85.442, LR:0.00029815325108927096
Validation: Loss:6.198645091056823, Acc:28.75
Epoch:605, Loss:0.46506836219709746, Acc:85.476, LR:0.00029734308760930364
Epoch:606, Loss:0.4531084904257132, Acc:85.878, LR:0.0002963875142908124
Epoch:607, Loss:0.455371760896274, Acc:85.88, LR:0.000295287474169295
Epoch:608, Loss:0.46219427640340766, Acc:85.506, LR:0.0002940440528515418
Epoch:609, Loss:0.4440785001735298, Acc:86.046, LR:0.0002926584774442733
Validation: Loss:6.363595652580261, Acc:28.71
Epoch:610, Loss:0.45323608237869883, Acc:85.858, LR:0.0002911321153431342
Epoch:611, Loss:0.44446954222358004, Acc:86.158, LR:0.000289466472883238
Epoch:612, Loss:0.443339294012712, Acc:86.094, LR:0.00028766319385259756
Epoch:613, Loss:0.4346284991016193, Acc:86.514, LR:0.0002857240578699032
Epoch:614, Loss:0.4345708647552802, Acc:86.344, LR:0.0002836509786282556
Validation: Loss:6.290537786483765, Acc:28.64
Epoch:615, Loss:0.41834364861858137, Acc:87.048, LR:0.00028144600200657983
Epoch:616, Loss:0.4220234471924451, Acc:86.808, LR:0.00027911130405059196
Epoch:617, Loss:0.4107643575692663, Acc:87.232, LR:0.0002766491888253026
Epoch:618, Loss:0.40632751736105704, Acc:87.398, LR:0.00027406208614118446
Epoch:619, Loss:0.412314023594467, Acc:87.164, LR:0.00027135254915624244
Validation: Loss:6.440085506439209, Acc:28.94
Epoch:620, Loss:0.40595537332855924, Acc:87.192, LR:0.0002685232518563537
Epoch:621, Loss:0.39314829238823484, Acc:87.534, LR:0.00026557698641636873
Epoch:622, Loss:0.3931690962338934, Acc:87.694, LR:0.0002625166604445691
Epoch:623, Loss:0.39543381454993265, Acc:87.646, LR:0.00025934529411321216
Epoch:624, Loss:0.3854628898659531, Acc:87.894, LR:0.00025606601717798234
Validation: Loss:6.518322920799255, Acc:29.41
Epoch:625, Loss:0.38008461649320563, Acc:88.038, LR:0.00025268206588930373
Epoch:626, Loss:0.3679009709431201, Acc:88.38, LR:0.00024919677979854803
Epoch:627, Loss:0.369403177378129, Acc:88.504, LR:0.00024561359846230396
Epoch:628, Loss:0.36072857556294424, Acc:88.666, LR:0.0002419360580479468
Epoch:629, Loss:0.355285502818166, Acc:88.908, LR:0.0002381677878438711
Validation: Loss:6.686644268035889, Acc:29.14
Epoch:630, Loss:0.3461588365691049, Acc:89.13, LR:0.00023431250667781993
Epoch:631, Loss:0.3435281384356168, Acc:89.296, LR:0.00023037401924684965
Epoch:632, Loss:0.35049899256959255, Acc:89.17, LR:0.0002263562123625561
Epoch:633, Loss:0.33850101533592963, Acc:89.518, LR:0.00022226305111525748
Epoch:634, Loss:0.34817736717511194, Acc:89.202, LR:0.00021809857496093247
Validation: Loss:6.655597496032715, Acc:29.06
Epoch:635, Loss:0.3284896961888488, Acc:89.834, LR:0.00021386689373476114
Epoch:636, Loss:0.3167440873019549, Acc:89.978, LR:0.0002095721835952176
Epoch:637, Loss:0.32553559876218136, Acc:89.804, LR:0.00020521868290270198
Epoch:638, Loss:0.31220775979514026, Acc:90.196, LR:0.00020081068803679426
Epoch:639, Loss:0.304790843354196, Acc:90.528, LR:0.00019635254915624243
Validation: Loss:6.897244453430176, Acc:29.32
Epoch:640, Loss:0.30460564548871955, Acc:90.336, LR:0.00019184866590588447
Epoch:641, Loss:0.2985359828691093, Acc:90.69, LR:0.0001873034830747286
Epoch:642, Loss:0.2957713365250704, Acc:90.688, LR:0.0001827214862094815
Epoch:643, Loss:0.2824503270034887, Acc:91.15, LR:0.0001781071971878591
Epoch:644, Loss:0.2841193729213306, Acc:91.14, LR:0.00017346516975603478
Validation: Loss:7.09455189704895, Acc:29.27
Epoch:645, Loss:0.28394486618285275, Acc:91.066, LR:0.00016879998503464608
Epoch:646, Loss:0.2742173460369207, Acc:91.238, LR:0.00016411624699777736
Epoch:647, Loss:0.27275057593170476, Acc:91.404, LR:0.00015941857792939752
Epoch:648, Loss:0.2644344478541491, Acc:91.752, LR:0.0001547116138617195
Epoch:649, Loss:0.25403058316026417, Acc:91.976, LR:0.00015000000000000056
Validation: Loss:7.160427165031433, Acc:29.78
Epoch:650, Loss:0.25964486766226436, Acc:91.914, LR:0.00014528838613828105
Epoch:651, Loss:0.25421623946452626, Acc:92.03, LR:0.00014058142207060357
Epoch:652, Loss:0.24354346628699983, Acc:92.508, LR:0.00013588375300222264
Epoch:653, Loss:0.23651556655460473, Acc:92.546, LR:0.00013120001496535444
Epoch:654, Loss:0.23159566871365722, Acc:92.782, LR:0.00012653483024396573
Validation: Loss:7.312180018424987, Acc:29.4
Epoch:655, Loss:0.2270230897227112, Acc:92.806, LR:0.00012189280281214194
Epoch:656, Loss:0.22276240845724027, Acc:93.038, LR:0.00011727851379051848
Epoch:657, Loss:0.21117423056643836, Acc:93.334, LR:0.00011269651692527192
Epoch:658, Loss:0.22170210112722552, Acc:93.114, LR:0.00010815133409411604
Epoch:659, Loss:0.21654518328759134, Acc:93.19, LR:0.00010364745084375859
Validation: Loss:7.442949676513672, Acc:29.43
Epoch:660, Loss:0.207423419064405, Acc:93.492, LR:9.918931196320625e-05
Epoch:661, Loss:0.20875627836402583, Acc:93.376, LR:9.478131709729855e-05
Epoch:662, Loss:0.19690156074202791, Acc:93.932, LR:9.04278164047834e-05
Epoch:663, Loss:0.19784631975451294, Acc:93.774, LR:8.613310626523889e-05
Epoch:664, Loss:0.18925879903289736, Acc:93.972, LR:8.190142503906803e-05
Validation: Loss:7.658546781539917, Acc:29.8
Epoch:665, Loss:0.18841078877449036, Acc:94.088, LR:7.773694888474301e-05
Epoch:666, Loss:0.1847962119749614, Acc:94.142, LR:7.364378763744486e-05
Epoch:667, Loss:0.18082907970766632, Acc:94.304, LR:6.962598075315039e-05
Epoch:668, Loss:0.17858983545887228, Acc:94.39, LR:6.568749332218055e-05
Epoch:669, Loss:0.1776799082147832, Acc:94.532, LR:6.183221215612939e-05
Validation: Loss:7.686174082756042, Acc:30.39
Best model updated!
Epoch:670, Loss:0.17253603763422187, Acc:94.594, LR:5.80639419520541e-05
Epoch:671, Loss:0.16738752100844773, Acc:94.702, LR:5.438640153769651e-05
Epoch:672, Loss:0.16398336168150512, Acc:94.856, LR:5.080322020145241e-05
Epoch:673, Loss:0.16905057916835864, Acc:94.732, LR:4.731793411069709e-05
Epoch:674, Loss:0.15796935307432194, Acc:95.156, LR:4.3933982822017714e-05
Validation: Loss:7.790253639221191, Acc:30.08
Epoch:675, Loss:0.16138654878857184, Acc:94.984, LR:4.065470588678831e-05
Epoch:676, Loss:0.15399272321742408, Acc:95.178, LR:3.7483339555431305e-05
Epoch:677, Loss:0.15435645562045427, Acc:95.188, LR:3.442301358363202e-05
Epoch:678, Loss:0.15031872142334374, Acc:95.298, LR:3.147674814364636e-05
Epoch:679, Loss:0.15160152498556642, Acc:95.31, LR:2.8647450843757985e-05
Validation: Loss:7.839426875114441, Acc:29.94
Epoch:680, Loss:0.15134367514021543, Acc:95.224, LR:2.5937913858815975e-05
Epoch:681, Loss:0.14070903661907935, Acc:95.656, LR:2.3350811174698137e-05
Epoch:682, Loss:0.14117975092055846, Acc:95.568, LR:2.0888695949408434e-05
Epoch:683, Loss:0.14568805869440643, Acc:95.458, LR:1.855399799342059e-05
Epoch:684, Loss:0.1349510901740619, Acc:95.75, LR:1.6349021371745074e-05
Validation: Loss:7.898822593688965, Acc:29.84
Epoch:685, Loss:0.13473651725418714, Acc:95.826, LR:1.4275942130096973e-05
Epoch:686, Loss:0.13158362564079615, Acc:95.916, LR:1.2336806147402854e-05
Epoch:687, Loss:0.14005227569414644, Acc:95.512, LR:1.0533527116762422e-05
Epoch:688, Loss:0.13552268655324468, Acc:95.726, LR:8.867884656866405e-06
Epoch:689, Loss:0.13520435753221416, Acc:95.842, LR:7.341522555726927e-06
Validation: Loss:7.9150796890258786, Acc:29.96
Epoch:690, Loss:0.1306498329706338, Acc:96.01, LR:5.955947148458595e-06
Epoch:691, Loss:0.13248087777471057, Acc:95.882, LR:4.712525830705442e-06
Epoch:692, Loss:0.13010168752195883, Acc:95.932, LR:3.6124857091879374e-06
Epoch:693, Loss:0.12928466521659676, Acc:96.058, LR:2.656912390696694e-06
Epoch:694, Loss:0.12617129604427182, Acc:96.056, LR:1.846748910729386e-06
Validation: Loss:7.951081395149231, Acc:29.98
Epoch:695, Loss:0.1273398967269732, Acc:95.936, LR:1.182794802828403e-06
Epoch:696, Loss:0.1271969468465873, Acc:96.024, LR:6.657053095379845e-07
Epoch:697, Loss:0.12435076902715528, Acc:96.112, LR:2.959907357592664e-07
Epoch:698, Loss:0.13041135410265048, Acc:95.98, LR:7.401594514027672e-08
Epoch:699, Loss:0.12826839188227848, Acc:96.034, LR:0.0
Validation: Loss:7.957611894607544, Acc:29.97
Epoch:700, Loss:0.1292331170822893, Acc:95.936, LR:7.401594514025999e-08
Epoch:701, Loss:0.1273609807296675, Acc:95.996, LR:2.959907357591829e-07
Epoch:702, Loss:0.1274150657106419, Acc:96.078, LR:6.657053095378007e-07
Epoch:703, Loss:0.13239421885536642, Acc:96.03, LR:1.1827948028280358e-06
Epoch:704, Loss:0.12530437111854553, Acc:96.158, LR:1.8467489107289189e-06
Validation: Loss:7.956905436515808, Acc:29.93
Epoch:705, Loss:0.12620968052319118, Acc:96.016, LR:2.656912390696044e-06
Epoch:706, Loss:0.12362565655185252, Acc:96.18, LR:3.612485709186955e-06
Epoch:707, Loss:0.12503839185347362, Acc:96.164, LR:4.7125258307043105e-06
Epoch:708, Loss:0.12590201012790203, Acc:95.98, LR:5.955947148457165e-06
Epoch:709, Loss:0.1289525279129038, Acc:96.006, LR:7.3415225557251836e-06
Validation: Loss:7.987495255470276, Acc:30.0
Epoch:710, Loss:0.12745354940392534, Acc:96.07, LR:8.867884656864135e-06
Epoch:711, Loss:0.129287344536611, Acc:96.0, LR:1.0533527116759942e-05
Epoch:712, Loss:0.12720285500494802, Acc:95.97, LR:1.2336806147399967e-05
Epoch:713, Loss:0.1288767147581188, Acc:95.938, LR:1.4275942130093647e-05
Epoch:714, Loss:0.13306001984343238, Acc:95.852, LR:1.6349021371741266e-05
Validation: Loss:8.018019270896911, Acc:30.05
Epoch:715, Loss:0.13056238185690375, Acc:95.93, LR:1.8553997993416267e-05
Epoch:716, Loss:0.13566553471039752, Acc:95.878, LR:2.0888695949403582e-05
Epoch:717, Loss:0.13403288791982496, Acc:95.856, LR:2.335081117469215e-05
Epoch:718, Loss:0.13571119886271807, Acc:95.816, LR:2.5937913858809968e-05
Epoch:719, Loss:0.13785000335501166, Acc:95.722, LR:2.864745084375136e-05
Validation: Loss:7.968552660942078, Acc:30.34
Epoch:720, Loss:0.14051404907083026, Acc:95.658, LR:3.1476748143639096e-05
Epoch:721, Loss:0.13919886604559664, Acc:95.642, LR:3.442301358362374e-05
Epoch:722, Loss:0.1415157908839839, Acc:95.616, LR:3.7483339555422666e-05
Epoch:723, Loss:0.1485308731088833, Acc:95.266, LR:4.065470588677894e-05
Epoch:724, Loss:0.1482507535541544, Acc:95.402, LR:4.3933982822007597e-05
Validation: Loss:8.01844618320465, Acc:30.05
Epoch:725, Loss:0.1475211241263516, Acc:95.358, LR:4.731793411068621e-05
Epoch:726, Loss:0.14673889861727246, Acc:95.43, LR:5.080322020144073e-05
Epoch:727, Loss:0.15287475964548636, Acc:95.192, LR:5.438640153768402e-05
Epoch:728, Loss:0.16095261374602512, Acc:94.904, LR:5.8063941952040364e-05
Epoch:729, Loss:0.16102299261458067, Acc:94.886, LR:6.18322121561152e-05
Validation: Loss:7.963745832443237, Acc:29.65
Epoch:730, Loss:0.1647101230919361, Acc:94.708, LR:6.568749332216548e-05
Epoch:731, Loss:0.16826015095017394, Acc:94.75, LR:6.962598075313442e-05
Epoch:732, Loss:0.16675762528059435, Acc:94.782, LR:7.364378763742751e-05
Epoch:733, Loss:0.17227248398929226, Acc:94.608, LR:7.77369488847252e-05
Epoch:734, Loss:0.16452333247479128, Acc:94.876, LR:8.190142503904929e-05
Validation: Loss:7.956540632247925, Acc:29.72
Epoch:735, Loss:0.17363073053408642, Acc:94.472, LR:8.613310626521917e-05
Epoch:736, Loss:0.1817607225051948, Acc:94.264, LR:9.042781640476268e-05
Epoch:737, Loss:0.182233494155261, Acc:94.358, LR:9.478131709727682e-05
Epoch:738, Loss:0.18068573578279845, Acc:94.208, LR:9.918931196318353e-05
Epoch:739, Loss:0.19288328533269922, Acc:93.982, LR:0.00010364745084373434
Validation: Loss:7.823237752914428, Acc:29.93
Epoch:740, Loss:0.19331897050142288, Acc:93.97, LR:0.00010815133409409127
Epoch:741, Loss:0.19024241913338097, Acc:94.072, LR:0.00011269651692524613
Epoch:742, Loss:0.2002227502513905, Acc:93.708, LR:0.00011727851379049164
Epoch:743, Loss:0.2024616464516338, Acc:93.674, LR:0.00012189280281211353
Epoch:744, Loss:0.20809033452248088, Acc:93.542, LR:0.00012653483024393676
Validation: Loss:7.5820917844772335, Acc:29.84
Epoch:745, Loss:0.20820735987960076, Acc:93.586, LR:0.0001312000149653244
Epoch:746, Loss:0.21111851763360354, Acc:93.376, LR:0.0001358837530021921
Epoch:747, Loss:0.20994974718410142, Acc:93.454, LR:0.0001405814220705714
Epoch:748, Loss:0.2176302374929798, Acc:93.178, LR:0.0001452883861382478
Epoch:749, Loss:0.22989275002357912, Acc:92.732, LR:0.00014999999999996567
Validation: Loss:7.49822039604187, Acc:29.4
Epoch:750, Loss:0.2356345314456492, Acc:92.414, LR:0.00015471161386168406
Epoch:751, Loss:0.22632690868815597, Acc:92.722, LR:0.000159418577929361
Epoch:752, Loss:0.22909067966500107, Acc:92.708, LR:0.0001641162469977398
Epoch:753, Loss:0.22815448547504386, Acc:92.798, LR:0.00016879998503460696
Epoch:754, Loss:0.22683833569896464, Acc:92.686, LR:0.00017346516975599513
Validation: Loss:7.451398301124573, Acc:29.14
Epoch:755, Loss:0.24065866701456964, Acc:92.432, LR:0.0001781071971878184
Epoch:756, Loss:0.2440258491100097, Acc:92.224, LR:0.0001827214862094398
Epoch:757, Loss:0.24455012502718945, Acc:92.258, LR:0.0001873034830746858
Epoch:758, Loss:0.2499380995120321, Acc:92.118, LR:0.00019184866590584118
Epoch:759, Loss:0.26517592689820696, Acc:91.652, LR:0.00019635254915619763
Validation: Loss:7.311676812171936, Acc:29.37
Epoch:760, Loss:0.26962968661468856, Acc:91.486, LR:0.00020081068803674793
Epoch:761, Loss:0.2625316483329754, Acc:91.692, LR:0.00020521868290265515
Epoch:762, Loss:0.26302001412425724, Acc:91.564, LR:0.00020957218359516977
Epoch:763, Loss:0.26743196422348214, Acc:91.638, LR:0.00021386689373471235
Epoch:764, Loss:0.2711031848982889, Acc:91.454, LR:0.00021809857496088274
Validation: Loss:7.221898031234741, Acc:29.24
Epoch:765, Loss:0.2781704487849255, Acc:91.16, LR:0.00022226305111520682
Epoch:766, Loss:0.2821668231365632, Acc:91.086, LR:0.0002263562123625045
Epoch:767, Loss:0.28079164119399325, Acc:91.226, LR:0.00023037401924679718
Epoch:768, Loss:0.2810352946422538, Acc:91.166, LR:0.00023431250667776656
Epoch:769, Loss:0.28892717677719737, Acc:90.96, LR:0.0002381677878438173
Validation: Loss:7.239684152603149, Acc:29.03
Epoch:770, Loss:0.2850581568722822, Acc:90.956, LR:0.0002419360580478917
Epoch:771, Loss:0.28143083425808924, Acc:91.19, LR:0.0002456135984622476
Epoch:772, Loss:0.30163625734192984, Acc:90.554, LR:0.00024919677979849127
Epoch:773, Loss:0.2895665515442284, Acc:90.82, LR:0.0002526820658892462
Epoch:774, Loss:0.28986583984628017, Acc:90.804, LR:0.00025606601717792407
Validation: Loss:7.198627161979675, Acc:29.2
Epoch:775, Loss:0.2880287190177003, Acc:90.988, LR:0.0002593452941131531
Epoch:776, Loss:0.29176856182059463, Acc:90.636, LR:0.00026251666044450943
Epoch:777, Loss:0.28691415169409346, Acc:90.974, LR:0.00026557698641630834
Epoch:778, Loss:0.2934735905455083, Acc:90.682, LR:0.00026852325185629266
Epoch:779, Loss:0.3082113582260755, Acc:90.51, LR:0.00027135254915618075
Validation: Loss:7.152371716499329, Acc:28.9
Epoch:780, Loss:0.30540137616347296, Acc:90.42, LR:0.0002740620861411224
Epoch:781, Loss:0.30135467694121965, Acc:90.466, LR:0.00027664918882523964
Epoch:782, Loss:0.31509967771719916, Acc:90.2, LR:0.0002791113040505285
Epoch:783, Loss:0.29326699856592686, Acc:90.828, LR:0.0002814460020065158
Epoch:784, Loss:0.307100023846237, Acc:90.318, LR:0.00028365097862819105
Validation: Loss:7.009914469718933, Acc:29.12
Epoch:785, Loss:0.3010956879173006, Acc:90.578, LR:0.0002857240578698382
Epoch:786, Loss:0.3157883184600849, Acc:90.068, LR:0.00028766319385253213
Epoch:787, Loss:0.3090545871123976, Acc:90.236, LR:0.0002894664728831722
Epoch:788, Loss:0.2984223415961071, Acc:90.674, LR:0.000291132115343068
Epoch:789, Loss:0.30743567128570715, Acc:90.318, LR:0.0002926584774442068
Validation: Loss:7.0016927242279055, Acc:29.31
Epoch:790, Loss:0.31092882916635395, Acc:90.154, LR:0.000294044052851475
Epoch:791, Loss:0.3050406465725023, Acc:90.236, LR:0.000295287474169228
Epoch:792, Loss:0.2996651119723612, Acc:90.542, LR:0.00029638751429074514
Epoch:793, Loss:0.3120856984537475, Acc:90.266, LR:0.0002973430876092362
Epoch:794, Loss:0.30196891998758124, Acc:90.344, LR:0.0002981532510892033
Validation: Loss:6.90513927936554, Acc:29.15
Epoch:795, Loss:0.30929620913705047, Acc:90.152, LR:0.0002988172051971042
Epoch:796, Loss:0.29900625302475325, Acc:90.658, LR:0.0002993342946903944
Epoch:797, Loss:0.3005997009423314, Acc:90.472, LR:0.00029970400926417306
Epoch:798, Loss:0.2969543489874626, Acc:90.564, LR:0.000299925984054792
Epoch:799, Loss:0.2936625964179331, Acc:90.716, LR:0.00029999999999993227
Validation: Loss:7.024051332473755, Acc:29.29
Epoch:800, Loss:0.30258540398612316, Acc:90.484, LR:0.000299925984054792
Epoch:801, Loss:0.302034429293506, Acc:90.494, LR:0.0002997040092641731
Epoch:802, Loss:0.298479152121106, Acc:90.528, LR:0.00029933429469039443
Epoch:803, Loss:0.2982567916719281, Acc:90.676, LR:0.00029881720519710426
Epoch:804, Loss:0.29060076678894003, Acc:90.982, LR:0.00029815325108920336
Validation: Loss:7.039720916748047, Acc:29.2
Epoch:805, Loss:0.2934952860279959, Acc:90.816, LR:0.0002973430876092362
Epoch:806, Loss:0.2953435047244539, Acc:90.698, LR:0.0002963875142907452
Epoch:807, Loss:0.2718127450468589, Acc:91.386, LR:0.00029528747416922806
Epoch:808, Loss:0.2885832727259519, Acc:91.006, LR:0.0002940440528514751
Epoch:809, Loss:0.2794862342428188, Acc:91.288, LR:0.0002926584774442071
Validation: Loss:7.169878506660462, Acc:29.7
Epoch:810, Loss:0.2809855551743994, Acc:90.996, LR:0.0002911321153430682
Epoch:811, Loss:0.27972000077062725, Acc:91.188, LR:0.0002894664728831724
Epoch:812, Loss:0.2843929632585876, Acc:90.9, LR:0.00028766319385253235
Epoch:813, Loss:0.2785594051285666, Acc:91.224, LR:0.0002857240578698385
Epoch:814, Loss:0.2726900188290343, Acc:91.432, LR:0.0002836509786281913
Validation: Loss:7.097271823883057, Acc:29.18
Epoch:815, Loss:0.2629485317334837, Acc:91.634, LR:0.0002814460020065161
Epoch:816, Loss:0.2759127390323853, Acc:91.384, LR:0.00027911130405052875
Epoch:817, Loss:0.2628028813977631, Acc:91.682, LR:0.00027664918882523985
Epoch:818, Loss:0.26398537475235606, Acc:91.622, LR:0.00027406208614112233
Epoch:819, Loss:0.2526149086806239, Acc:92.026, LR:0.00027135254915618096
Validation: Loss:7.305252647399902, Acc:29.31
Epoch:820, Loss:0.2565619317548616, Acc:91.904, LR:0.00026852325185629326
Epoch:821, Loss:0.24164169889931775, Acc:92.344, LR:0.0002655769864163086
Epoch:822, Loss:0.2403208399001433, Acc:92.414, LR:0.0002625166604445097
Epoch:823, Loss:0.2394662602823608, Acc:92.514, LR:0.00025934529411315345
Epoch:824, Loss:0.23502514009573022, Acc:92.722, LR:0.0002560660171779244
Validation: Loss:7.362333631515503, Acc:29.82
Epoch:825, Loss:0.24917782675855013, Acc:92.164, LR:0.00025268206588924654
Epoch:826, Loss:0.22847688927942392, Acc:92.69, LR:0.00024919677979849165
Epoch:827, Loss:0.2277826200030288, Acc:92.738, LR:0.00024561359846224834
Epoch:828, Loss:0.23505107009289217, Acc:92.706, LR:0.000241936058047892
Epoch:829, Loss:0.22666881400711683, Acc:92.76, LR:0.0002381677878438172
Validation: Loss:7.410057473182678, Acc:29.52
Epoch:830, Loss:0.2285931942110159, Acc:92.814, LR:0.00023431250667776694
Epoch:831, Loss:0.22181294964892523, Acc:93.086, LR:0.0002303740192467975
Epoch:832, Loss:0.21324813730862677, Acc:93.224, LR:0.00022635621236250485
Epoch:833, Loss:0.2158712182117968, Acc:93.274, LR:0.00022226305111520714
Epoch:834, Loss:0.21378974631732825, Acc:93.068, LR:0.0002180985749608831
Validation: Loss:7.359977126121521, Acc:29.63
Epoch:835, Loss:0.19865999218760705, Acc:93.74, LR:0.0002138668937347127
Epoch:836, Loss:0.20004020600902792, Acc:93.734, LR:0.00020957218359516966
Epoch:837, Loss:0.19209663828416745, Acc:93.896, LR:0.00020521868290265553
Epoch:838, Loss:0.19165376512979976, Acc:93.852, LR:0.0002008106880367488
Epoch:839, Loss:0.18394005557104032, Acc:94.168, LR:0.00019635254915619798
Validation: Loss:7.657838129997254, Acc:29.42
Epoch:840, Loss:0.18242114896372874, Acc:94.078, LR:0.00019184866590584104
Epoch:841, Loss:0.18089887469398733, Acc:94.326, LR:0.0001873034830746862
Epoch:842, Loss:0.17456363840978972, Acc:94.524, LR:0.00018272148620944014
Epoch:843, Loss:0.17263865440475698, Acc:94.48, LR:0.0001781071971878188
Epoch:844, Loss:0.1773026263227268, Acc:94.334, LR:0.00017346516975599554
Validation: Loss:7.739229488372803, Acc:29.43
Epoch:845, Loss:0.16605462430387127, Acc:94.752, LR:0.00016879998503460788
Epoch:846, Loss:0.16136921250394412, Acc:94.904, LR:0.00016411624699774023
Epoch:847, Loss:0.15678431823545572, Acc:95.048, LR:0.00015941857792936093
Epoch:848, Loss:0.16463368424043365, Acc:94.838, LR:0.0001547116138616845
Epoch:849, Loss:0.15072406326629678, Acc:95.196, LR:0.00014999999999996662
Validation: Loss:7.830960202217102, Acc:29.57
Epoch:850, Loss:0.1451309064061058, Acc:95.434, LR:0.0001452883861382482
Epoch:851, Loss:0.14374084755474206, Acc:95.464, LR:0.00014058142207057126
Epoch:852, Loss:0.14361567050218582, Acc:95.488, LR:0.00013588375300219245
Epoch:853, Loss:0.14011847045348616, Acc:95.538, LR:0.0001312000149653248
Epoch:854, Loss:0.14098580272830263, Acc:95.5, LR:0.0001265348302439366
Validation: Loss:7.9199220657348635, Acc:29.72
Epoch:855, Loss:0.13291063661478003, Acc:95.82, LR:0.00012189280281211387
Epoch:856, Loss:0.13085536848829718, Acc:95.89, LR:0.0001172785137904925
Epoch:857, Loss:0.12817651443943687, Acc:95.946, LR:0.00011269651692524647
Epoch:858, Loss:0.12612552765984925, Acc:96.066, LR:0.0001081513340940911
Epoch:859, Loss:0.12079456106436495, Acc:96.194, LR:0.00010364745084373467
Validation: Loss:8.193000173568725, Acc:30.21
Epoch:860, Loss:0.12207358018780241, Acc:96.176, LR:9.918931196318436e-05
Epoch:861, Loss:0.11918735017581862, Acc:96.194, LR:9.478131709727713e-05
Epoch:862, Loss:0.11046384807143893, Acc:96.598, LR:9.042781640476249e-05
Epoch:863, Loss:0.10983956346706468, Acc:96.48, LR:8.61331062652199e-05
Epoch:864, Loss:0.10941899472809567, Acc:96.574, LR:8.190142503904952e-05
Validation: Loss:8.268341827392579, Acc:30.46
Best model updated!
Epoch:865, Loss:0.10615304686433198, Acc:96.588, LR:7.773694888472497e-05
Epoch:866, Loss:0.1079648987066989, Acc:96.616, LR:7.364378763742775e-05
Epoch:867, Loss:0.10058041202018456, Acc:96.854, LR:6.96259807531351e-05
Epoch:868, Loss:0.09888465166548077, Acc:96.918, LR:6.568749332216568e-05
Epoch:869, Loss:0.09558123943148827, Acc:97.008, LR:6.183221215611498e-05
Validation: Loss:8.281654715538025, Acc:30.16
Epoch:870, Loss:0.09315313174560362, Acc:97.016, LR:5.806394195204057e-05
Epoch:871, Loss:0.08891440642883583, Acc:97.238, LR:5.4386401537684644e-05
Epoch:872, Loss:0.09268075520438808, Acc:97.076, LR:5.0803220201440525e-05
Epoch:873, Loss:0.08864826499959644, Acc:97.204, LR:4.7317934110686006e-05
Epoch:874, Loss:0.0841440251287149, Acc:97.342, LR:4.393398282200816e-05
Validation: Loss:8.459169673919678, Acc:30.57
Best model updated!
Epoch:875, Loss:0.08451659312205655, Acc:97.262, LR:4.065470588677912e-05
Epoch:876, Loss:0.07868484688960777, Acc:97.542, LR:3.748333955542248e-05
Epoch:877, Loss:0.07737263809053266, Acc:97.552, LR:3.44230135836239e-05
Epoch:878, Loss:0.07992046972622677, Acc:97.488, LR:3.147674814363958e-05
Epoch:879, Loss:0.07662296203934417, Acc:97.562, LR:2.864745084375151e-05
Validation: Loss:8.568546056747437, Acc:30.39
Epoch:880, Loss:0.08147030985172914, Acc:97.442, LR:2.5937913858809816e-05
Epoch:881, Loss:0.07151711960228122, Acc:97.784, LR:2.335081117469258e-05
Epoch:882, Loss:0.07051358558237553, Acc:97.688, LR:2.0888695949404e-05
Epoch:883, Loss:0.07238752569775192, Acc:97.686, LR:1.8553997993416135e-05
Epoch:884, Loss:0.07564736028410951, Acc:97.708, LR:1.6349021371741137e-05
Validation: Loss:8.59200165271759, Acc:30.69
Best model updated!
Epoch:885, Loss:0.07200137483982408, Acc:97.752, LR:1.4275942130093986e-05
Epoch:886, Loss:0.06859466673008033, Acc:97.858, LR:1.2336806147400074e-05
Epoch:887, Loss:0.06648036054506594, Acc:97.894, LR:1.053352711675985e-05
Epoch:888, Loss:0.06511245447458053, Acc:97.918, LR:8.867884656864227e-06
Epoch:889, Loss:0.06653670002991448, Acc:97.862, LR:7.341522555725444e-06
Validation: Loss:8.618551015853882, Acc:30.72
Best model updated!
Epoch:890, Loss:0.0678406825707275, Acc:97.91, LR:5.955947148457094e-06
Epoch:891, Loss:0.06635922490029919, Acc:97.912, LR:4.712525830704257e-06
Epoch:892, Loss:0.06358466787757922, Acc:97.968, LR:3.6124857091871353e-06
Epoch:893, Loss:0.06496003817538826, Acc:97.96, LR:2.6569123906961914e-06
Epoch:894, Loss:0.0642154045707109, Acc:97.892, LR:1.8467489107288837e-06
Validation: Loss:8.603147339820861, Acc:30.67
Epoch:895, Loss:0.061588209160432526, Acc:98.152, LR:1.182794802828068e-06
Epoch:896, Loss:0.06060268034284212, Acc:98.082, LR:6.657053095378835e-07
Epoch:897, Loss:0.06183294381718246, Acc:98.082, LR:2.959907357591993e-07
Epoch:898, Loss:0.06307188166799593, Acc:98.014, LR:7.401594514024328e-08
Epoch:899, Loss:0.06343784145250612, Acc:98.004, LR:0.0
Validation: Loss:8.610271072387695, Acc:30.8
Best model updated!
Epoch:900, Loss:0.06267133995662538, Acc:98.056, LR:7.401594514025999e-08
Epoch:901, Loss:0.06251133096461393, Acc:98.086, LR:2.959907357592828e-07
Epoch:902, Loss:0.06277487320559365, Acc:97.976, LR:6.657053095380004e-07
Epoch:903, Loss:0.06638268696866473, Acc:97.892, LR:1.182794802828285e-06
Epoch:904, Loss:0.06689413606512304, Acc:97.954, LR:1.846748910729251e-06
Validation: Loss:8.603032732009888, Acc:30.72
Epoch:905, Loss:0.06562617500977856, Acc:97.966, LR:2.656912390696741e-06
Epoch:906, Loss:0.06392865232667144, Acc:98.018, LR:3.6124857091878675e-06
Epoch:907, Loss:0.0641705219690897, Acc:98.042, LR:4.712525830705238e-06
Epoch:908, Loss:0.06101274566382778, Acc:98.048, LR:5.955947148458656e-06
Epoch:909, Loss:0.06320283318660697, Acc:98.056, LR:7.341522555726986e-06
Validation: Loss:8.604511380195618, Acc:30.56
Epoch:910, Loss:0.0650513898961398, Acc:97.956, LR:8.867884656866114e-06
Epoch:911, Loss:0.0630842259685908, Acc:98.028, LR:1.0533527116762113e-05
Epoch:912, Loss:0.0643017859749344, Acc:97.998, LR:1.2336806147402945e-05
Epoch:913, Loss:0.06438995656386322, Acc:97.922, LR:1.4275942130097064e-05
Epoch:914, Loss:0.06344840510235149, Acc:98.016, LR:1.6349021371744684e-05
Validation: Loss:8.639007925987244, Acc:30.31
Epoch:915, Loss:0.06498392384347258, Acc:98.0, LR:1.8553997993420184e-05
Epoch:916, Loss:0.06352350566232083, Acc:97.944, LR:2.0888695949408556e-05
Epoch:917, Loss:0.06985121771541176, Acc:97.818, LR:2.3350811174697676e-05
Epoch:918, Loss:0.06928174935129223, Acc:97.796, LR:2.5937913858815494e-05
Epoch:919, Loss:0.0691531330765206, Acc:97.804, LR:2.8647450843758097e-05
Validation: Loss:8.720315098762512, Acc:30.67
Epoch:920, Loss:0.07187296028191946, Acc:97.768, LR:3.147674814364649e-05
Epoch:921, Loss:0.07072843025837626, Acc:97.772, LR:3.442301358363148e-05
Epoch:922, Loss:0.06985506238605903, Acc:97.798, LR:3.748333955543073e-05
Epoch:923, Loss:0.07490963063069753, Acc:97.652, LR:4.0654705886788455e-05
Epoch:924, Loss:0.07487346292758475, Acc:97.674, LR:4.3933982822017856e-05
Validation: Loss:8.751976323127746, Acc:30.49
Epoch:925, Loss:0.07841424746628926, Acc:97.564, LR:4.731793411069647e-05
Epoch:926, Loss:0.08052212399031435, Acc:97.414, LR:5.080322020145175e-05
Epoch:927, Loss:0.08149865376097816, Acc:97.458, LR:5.438640153769667e-05
Epoch:928, Loss:0.08620572150969992, Acc:97.322, LR:5.8063941952053435e-05
Epoch:929, Loss:0.08373147256824436, Acc:97.354, LR:6.183221215612871e-05
Validation: Loss:8.704787993431092, Acc:30.15
Epoch:930, Loss:0.08504048229328223, Acc:97.344, LR:6.568749332218071e-05
Epoch:931, Loss:0.08953573805641155, Acc:97.144, LR:6.962598075315057e-05
Epoch:932, Loss:0.09248913098506782, Acc:97.202, LR:7.364378763744412e-05
Epoch:933, Loss:0.09122858656456276, Acc:97.096, LR:7.773694888474227e-05
Epoch:934, Loss:0.09137129137406544, Acc:97.184, LR:8.190142503906822e-05
Validation: Loss:8.750262379646301, Acc:29.65
Epoch:935, Loss:0.09954726289273524, Acc:96.86, LR:8.613310626523906e-05
Epoch:936, Loss:0.1071704413969906, Acc:96.566, LR:9.042781640478262e-05
Epoch:937, Loss:0.10038351564078915, Acc:96.78, LR:9.478131709729773e-05
Epoch:938, Loss:0.10928359335022313, Acc:96.572, LR:9.918931196320642e-05
Epoch:939, Loss:0.11066667606331865, Acc:96.568, LR:0.00010364745084375776
Validation: Loss:8.500809478759766, Acc:29.98
Epoch:940, Loss:0.11421564160561075, Acc:96.416, LR:0.00010815133409411521
Epoch:941, Loss:0.11574804927317464, Acc:96.294, LR:0.00011269651692527214
Epoch:942, Loss:0.1246440911247414, Acc:96.022, LR:0.0001172785137905187
Epoch:943, Loss:0.12545062806837412, Acc:95.996, LR:0.00012189280281214111
Epoch:944, Loss:0.12393492536277187, Acc:96.032, LR:0.0001265348302439649
Validation: Loss:8.441214036941528, Acc:30.0
Epoch:945, Loss:0.13484310921357603, Acc:95.64, LR:0.00013120001496535466
Epoch:946, Loss:0.1430931739813211, Acc:95.492, LR:0.00013588375300222286
Epoch:947, Loss:0.1312235247875963, Acc:95.818, LR:0.00014058142207060273
Epoch:948, Loss:0.13347640625980436, Acc:95.81, LR:0.0001452883861382802
Epoch:949, Loss:0.14157896610547085, Acc:95.462, LR:0.00015000000000000023
Validation: Loss:8.196552920341492, Acc:29.71
Epoch:950, Loss:0.14328232529212018, Acc:95.442, LR:0.0001547116138617192
Epoch:951, Loss:0.14401879769806958, Acc:95.4, LR:0.00015941857792939665
Epoch:952, Loss:0.1438245225925835, Acc:95.492, LR:0.00016411624699777755
Epoch:953, Loss:0.15607333282122807, Acc:95.108, LR:0.00016879998503464578
Epoch:954, Loss:0.15733493811317853, Acc:95.07, LR:0.00017346516975603449
Validation: Loss:8.188635468482971, Acc:29.41
Epoch:955, Loss:0.15645707413858298, Acc:95.052, LR:0.00017810719718785824
Epoch:956, Loss:0.16067690881235258, Acc:94.946, LR:0.0001827214862094817
Epoch:957, Loss:0.16433356573082963, Acc:94.764, LR:0.00018730348307472827
Epoch:958, Loss:0.16691062006415153, Acc:94.67, LR:0.0001918486659058842
Epoch:959, Loss:0.16325629882666529, Acc:94.728, LR:0.00019635254915624165
Validation: Loss:8.180862641334533, Acc:29.39
Epoch:960, Loss:0.16366250972662652, Acc:94.888, LR:0.00020081068803679399
Epoch:961, Loss:0.17406459722896012, Acc:94.506, LR:0.0002052186829027017
Epoch:962, Loss:0.1812305697525034, Acc:94.19, LR:0.00020957218359521685
Epoch:963, Loss:0.1734246229942964, Acc:94.478, LR:0.00021386689373476136
Epoch:964, Loss:0.1763069265503056, Acc:94.322, LR:0.00021809857496093223
Validation: Loss:7.864552235603332, Acc:28.61
Epoch:965, Loss:0.1881355529232901, Acc:94.058, LR:0.0002222630511152573
Epoch:966, Loss:0.18589842790851788, Acc:94.06, LR:0.00022635621236255545
Epoch:967, Loss:0.19583776501976713, Acc:93.82, LR:0.0002303740192468499
Epoch:968, Loss:0.19190033403586368, Acc:93.874, LR:0.00023431250667781977
Epoch:969, Loss:0.19268214101998174, Acc:93.994, LR:0.0002381677878438709
Validation: Loss:7.578673791885376, Acc:30.08
Epoch:970, Loss:0.1970202200570885, Acc:93.818, LR:0.00024193605804794706
Epoch:971, Loss:0.19914314591762972, Acc:93.73, LR:0.0002456135984623038
Epoch:972, Loss:0.19407353215679832, Acc:93.958, LR:0.00024919677979854787
Epoch:973, Loss:0.21288348506299817, Acc:93.262, LR:0.0002526820658893032
Epoch:974, Loss:0.20020700922730017, Acc:93.624, LR:0.00025606601717798256
Validation: Loss:7.84184832572937, Acc:29.32
Epoch:975, Loss:0.2014904984710168, Acc:93.584, LR:0.000259345294113212
Epoch:976, Loss:0.200371115031291, Acc:93.606, LR:0.000262516660444569
Epoch:977, Loss:0.20654276499942859, Acc:93.532, LR:0.0002655769864163683
Epoch:978, Loss:0.2091129377332269, Acc:93.318, LR:0.000268523251856354
Epoch:979, Loss:0.2244060357310334, Acc:92.848, LR:0.0002713525491562424
Validation: Loss:7.464915227890015, Acc:29.11
Epoch:980, Loss:0.19362170310044774, Acc:93.74, LR:0.0002740620861411844
Epoch:981, Loss:0.21298761635410543, Acc:93.224, LR:0.00027664918882530285
Epoch:982, Loss:0.2180967843350099, Acc:93.088, LR:0.000279111304050592
Epoch:983, Loss:0.20862826704978943, Acc:93.354, LR:0.0002814460020065799
Epoch:984, Loss:0.21031992076611034, Acc:93.254, LR:0.0002836509786282554
Validation: Loss:7.470254850387573, Acc:29.37
Epoch:985, Loss:0.21260475093612866, Acc:93.282, LR:0.00028572405786990353
Epoch:986, Loss:0.21951657807340427, Acc:93.052, LR:0.0002876631938525977
Epoch:987, Loss:0.22097493358412568, Acc:92.976, LR:0.00028946647288323815
Epoch:988, Loss:0.2171238127107523, Acc:93.116, LR:0.0002911321153431342
Epoch:989, Loss:0.21506697851784376, Acc:93.154, LR:0.0002926584774442737
Validation: Loss:7.45992956161499, Acc:29.35
Epoch:990, Loss:0.2281066615666662, Acc:92.858, LR:0.0002940440528515421
Epoch:991, Loss:0.2157977097192589, Acc:93.16, LR:0.00029528747416929517
Epoch:992, Loss:0.2150094889256419, Acc:93.294, LR:0.00029638751429081285
Epoch:993, Loss:0.22240770516955122, Acc:92.832, LR:0.00029734308760930397
Epoch:994, Loss:0.21414548736445757, Acc:93.168, LR:0.0002981532510892713
Validation: Loss:7.3274527311325075, Acc:29.43
Epoch:995, Loss:0.21308725175200677, Acc:93.276, LR:0.0002988172051971723
Epoch:996, Loss:0.21463393982575865, Acc:93.176, LR:0.00029933429469046274
Epoch:997, Loss:0.22363827286326154, Acc:92.978, LR:0.0002997040092642415
Epoch:998, Loss:0.2094536504271079, Acc:93.382, LR:0.0002999259840548605
Epoch:999, Loss:0.21455815191171607, Acc:93.148, LR:0.00030000000000000073
Validation: Loss:7.304697346687317, Acc:29.06
Test: Acc:30.8
