nohup: ignoring input
/root/liuyuanye/NNDL/Final/CIFAR/deit.py:63: UserWarning: Overwriting deit_tiny_patch16_224 in registry with deit.deit_tiny_patch16_224. This is because the name being registered conflicts with an existing name. Please check if this is not expected.
  def deit_tiny_patch16_224(pretrained=False, **kwargs):
/root/liuyuanye/NNDL/Final/CIFAR/deit.py:78: UserWarning: Overwriting deit_small_patch16_224 in registry with deit.deit_small_patch16_224. This is because the name being registered conflicts with an existing name. Please check if this is not expected.
  def deit_small_patch16_224(pretrained=False, **kwargs):
/root/liuyuanye/NNDL/Final/CIFAR/deit.py:93: UserWarning: Overwriting deit_base_patch16_224 in registry with deit.deit_base_patch16_224. This is because the name being registered conflicts with an existing name. Please check if this is not expected.
  def deit_base_patch16_224(pretrained=False, **kwargs):
/root/liuyuanye/NNDL/Final/CIFAR/deit.py:108: UserWarning: Overwriting deit_tiny_distilled_patch16_224 in registry with deit.deit_tiny_distilled_patch16_224. This is because the name being registered conflicts with an existing name. Please check if this is not expected.
  def deit_tiny_distilled_patch16_224(pretrained=False, **kwargs):
/root/liuyuanye/NNDL/Final/CIFAR/deit.py:123: UserWarning: Overwriting deit_small_distilled_patch16_224 in registry with deit.deit_small_distilled_patch16_224. This is because the name being registered conflicts with an existing name. Please check if this is not expected.
  def deit_small_distilled_patch16_224(pretrained=False, **kwargs):
/root/liuyuanye/NNDL/Final/CIFAR/deit.py:138: UserWarning: Overwriting deit_base_distilled_patch16_224 in registry with deit.deit_base_distilled_patch16_224. This is because the name being registered conflicts with an existing name. Please check if this is not expected.
  def deit_base_distilled_patch16_224(pretrained=False, **kwargs):
/root/liuyuanye/NNDL/Final/CIFAR/deit.py:153: UserWarning: Overwriting deit_base_patch16_384 in registry with deit.deit_base_patch16_384. This is because the name being registered conflicts with an existing name. Please check if this is not expected.
  def deit_base_patch16_384(pretrained=False, **kwargs):
/root/liuyuanye/NNDL/Final/CIFAR/deit.py:168: UserWarning: Overwriting deit_base_distilled_patch16_384 in registry with deit.deit_base_distilled_patch16_384. This is because the name being registered conflicts with an existing name. Please check if this is not expected.
  def deit_base_distilled_patch16_384(pretrained=False, **kwargs):
/root/miniconda3/envs/py310/lib/python3.10/site-packages/torchvision/models/_utils.py:223: UserWarning: Arguments other than a weight enum or `None` for 'weights' are deprecated since 0.13 and may be removed in the future. The current behavior is equivalent to passing `weights=None`.
  warnings.warn(msg)
{
    "datapath": "../data/",
    "logpath": "./logs/",
    "batch_size": 512,
    "epoch": 200,
    "seed": 43,
    "date": "0624",
    "plot": true,
    "num_classes": 100,
    "opt": "AdamW",
    "learning_rate": 0.0005,
    "weight_decay": 0.05,
    "pretrained": false,
    "device_id": 1,
    "dropout": true,
    "cutout": false,
    "cutmix": true,
    "model": "ResNet34",
    "comment": "StepLR_30_0.2"
}
2024-06-24 23:56:39
Epoch:0, Loss:4.408875270765655, Acc:3.983124043367348, LR:0.0005
Epoch:1, Loss:4.156800785843207, Acc:6.978984614158162, LR:0.0005
Epoch:2, Loss:3.9690214492836775, Acc:10.072508569834184, LR:0.0005
Epoch:3, Loss:3.7995261537785434, Acc:13.119146962691325, LR:0.0005
Epoch:4, Loss:3.715244611915277, Acc:15.258138233418371, LR:0.0005
Validation: Loss:2.85293824672699, Acc:28.13
Best model updated!
Epoch:5, Loss:3.5328254967319723, Acc:18.51770017538265, LR:0.0005
Epoch:6, Loss:3.400153992127399, Acc:21.670066884566335, LR:0.0005
Epoch:7, Loss:3.2372788823380763, Acc:24.79898294005103, LR:0.0005
Epoch:8, Loss:3.257489773691917, Acc:24.835177096619905, LR:0.0005
Epoch:9, Loss:3.105085703791404, Acc:28.08173812181123, LR:0.0005
Validation: Loss:2.0356928586959837, Acc:45.96
Best model updated!
Epoch:10, Loss:3.0516928142430833, Acc:29.645940011160718, LR:0.0005
Epoch:11, Loss:3.0089447169887777, Acc:30.71719256218113, LR:0.0005
Epoch:12, Loss:2.966591938417785, Acc:31.963083107461728, LR:0.0005
Epoch:13, Loss:2.894122430256435, Acc:33.33881780133928, LR:0.0005
Epoch:14, Loss:2.7083032070374, Acc:37.51481106505102, LR:0.0005
Validation: Loss:1.670919132232666, Acc:54.45
Best model updated!
Epoch:15, Loss:2.7836357075340894, Acc:35.816127949617346, LR:0.0005
Epoch:16, Loss:2.6431892818334153, Acc:39.37093191964286, LR:0.0005
Epoch:17, Loss:2.608039427776726, Acc:40.13528559470663, LR:0.0005
Epoch:18, Loss:2.6355038443390204, Acc:39.8345371890944, LR:0.0005
Epoch:19, Loss:2.64459315003181, Acc:39.324942761479605, LR:0.0005
Validation: Loss:1.436585134267807, Acc:61.12
Best model updated!
Epoch:20, Loss:2.667883106640407, Acc:38.90622791772958, LR:0.0005
Epoch:21, Loss:2.48460738999503, Acc:43.0882096619898, LR:0.0005
Epoch:22, Loss:2.4933402830240676, Acc:42.31106935586735, LR:0.0005
Epoch:23, Loss:2.5205785814596684, Acc:42.19387029655612, LR:0.0005
Epoch:24, Loss:2.4703461892750798, Acc:43.02569555165818, LR:0.0005
Validation: Loss:1.2900059938430786, Acc:66.05
Best model updated!
Epoch:25, Loss:2.489353193312275, Acc:43.7806087771046, LR:0.0005
Epoch:26, Loss:2.3749863055287577, Acc:45.52991023596939, LR:0.0005
Epoch:27, Loss:2.3762534017465553, Acc:45.18969921874999, LR:0.0005
Epoch:28, Loss:2.4027525004075496, Acc:44.66795041454083, LR:0.0005
Epoch:29, Loss:2.337526934487479, Acc:45.983943997130105, LR:0.0001
Validation: Loss:1.2377409636974335, Acc:67.6
Best model updated!
Epoch:30, Loss:2.195074574071534, Acc:50.163296117665794, LR:0.0001
Epoch:31, Loss:2.0872963825050665, Acc:52.15608717315051, LR:0.0001
Epoch:32, Loss:2.0612875606332506, Acc:52.98442542251276, LR:0.0001
Epoch:33, Loss:2.0984560695229746, Acc:52.25218056441327, LR:0.0001
Epoch:34, Loss:2.06510585972241, Acc:52.46393183992347, LR:0.0001
Validation: Loss:1.0340547025203706, Acc:73.94
Best model updated!
Epoch:35, Loss:2.1373623360176475, Acc:50.56851757812499, LR:0.0001
Epoch:36, Loss:1.9757515751585668, Acc:54.79024629304847, LR:0.0001
Epoch:37, Loss:1.8901420412014942, Acc:58.290319156568906, LR:0.0001
Epoch:38, Loss:2.069029622540182, Acc:51.892994459502546, LR:0.0001
Epoch:39, Loss:2.0483448462826863, Acc:52.7591491151148, LR:0.0001
Validation: Loss:1.0018854528665542, Acc:74.67
Best model updated!
Epoch:40, Loss:2.0785765447178663, Acc:52.079934829400514, LR:0.0001
Epoch:41, Loss:2.0183007558997796, Acc:52.98125908801018, LR:0.0001
Epoch:42, Loss:1.883621901881938, Acc:57.30519128667094, LR:0.0001
Epoch:43, Loss:1.9571734678988555, Acc:54.95672883450256, LR:0.0001
Epoch:44, Loss:1.8436760342850977, Acc:58.29487651466836, LR:0.0001
Validation: Loss:0.9775874674320221, Acc:75.05
Best model updated!
Epoch:45, Loss:1.9146370008891942, Acc:56.29567028061226, LR:0.0001
Epoch:46, Loss:2.001628148920682, Acc:53.907948700573996, LR:0.0001
Epoch:47, Loss:1.9583292408865325, Acc:54.65791661352042, LR:0.0001
Epoch:48, Loss:1.9860838986172968, Acc:53.78000486288264, LR:0.0001
Epoch:49, Loss:1.977836245784954, Acc:53.110240194515306, LR:0.0001
Validation: Loss:1.05639406144619, Acc:74.65
Epoch:50, Loss:1.8903633870032368, Acc:56.28256768176019, LR:0.0001
Epoch:51, Loss:1.9133169213119818, Acc:56.611247448979576, LR:0.0001
Epoch:52, Loss:1.9032663842853235, Acc:55.797564532844376, LR:0.0001
Epoch:53, Loss:1.8434942650551698, Acc:58.450090800382625, LR:0.0001
Epoch:54, Loss:1.8901431344601574, Acc:56.575184470663274, LR:0.0001
Validation: Loss:0.9840001255273819, Acc:75.35
Best model updated!
Epoch:55, Loss:1.8853208051652324, Acc:56.20231728316327, LR:0.0001
Epoch:56, Loss:1.7673329972490972, Acc:59.97349202806125, LR:0.0001
Epoch:57, Loss:1.8615707974044644, Acc:57.826769212372454, LR:0.0001
Epoch:58, Loss:1.8119195471612775, Acc:58.339873883928576, LR:0.0001
Epoch:59, Loss:1.9399001257760184, Acc:54.265562220982154, LR:2e-05
Validation: Loss:1.018946436047554, Acc:75.46
Best model updated!
Epoch:60, Loss:1.7372335788546776, Acc:60.948551977040786, LR:2e-05
Epoch:61, Loss:1.7525828045849898, Acc:59.42291876594385, LR:2e-05
Epoch:62, Loss:1.775615464059674, Acc:59.06132083067602, LR:2e-05
Epoch:63, Loss:1.7896283195943248, Acc:58.903393255739786, LR:2e-05
Epoch:64, Loss:1.8041868574765263, Acc:58.80994220344388, LR:2e-05
Validation: Loss:0.9469988465309143, Acc:76.58
Best model updated!
Epoch:65, Loss:1.868348319007426, Acc:55.859414142219386, LR:2e-05
Epoch:66, Loss:1.8744296988054199, Acc:56.3664185666454, LR:2e-05
Epoch:67, Loss:1.7664727450025326, Acc:58.93406138392855, LR:2e-05
Epoch:68, Loss:1.75795252286658, Acc:59.362284080038265, LR:2e-05
Epoch:69, Loss:1.7275697786589057, Acc:59.746901546556124, LR:2e-05
Validation: Loss:0.9432688266038894, Acc:76.69
Best model updated!
Epoch:70, Loss:1.8092301031764673, Acc:57.31928555484693, LR:2e-05
Epoch:71, Loss:1.7529443070596578, Acc:59.01368363360966, LR:2e-05
Epoch:72, Loss:1.7935675069385646, Acc:58.423084382971936, LR:2e-05
Epoch:73, Loss:1.7640271363209705, Acc:59.548378746811245, LR:2e-05
Epoch:74, Loss:1.7308898568153381, Acc:60.5481466039541, LR:2e-05
Validation: Loss:0.9479116082191468, Acc:76.64
Epoch:75, Loss:1.846876362756807, Acc:57.410586694834194, LR:2e-05
Epoch:76, Loss:1.7899734417394715, Acc:58.13341314572705, LR:2e-05
Epoch:77, Loss:1.760414367123526, Acc:59.69493207908161, LR:2e-05
Epoch:78, Loss:1.724011735648525, Acc:59.95593251753825, LR:2e-05
Epoch:79, Loss:1.756490666039136, Acc:59.14235036670919, LR:2e-05
Validation: Loss:0.9359849631786347, Acc:76.75
Best model updated!
Epoch:80, Loss:1.6426311433315277, Acc:63.283113600127535, LR:2e-05
Epoch:81, Loss:1.699472765837397, Acc:61.01316936383928, LR:2e-05
Epoch:82, Loss:1.7848272901408526, Acc:57.88740417729591, LR:2e-05
Epoch:83, Loss:1.7532258283118813, Acc:59.50168383290814, LR:2e-05
Epoch:84, Loss:1.8030144306165832, Acc:57.45699828603316, LR:2e-05
Validation: Loss:0.9540576070547104, Acc:76.69
Epoch:85, Loss:1.7380920904023307, Acc:59.50741749043366, LR:2e-05
Epoch:86, Loss:1.7346813900738347, Acc:59.94453902264034, LR:2e-05
Epoch:87, Loss:1.800057738107078, Acc:57.62455181760201, LR:2e-05
Epoch:88, Loss:1.7185668014750188, Acc:60.153862523915784, LR:2e-05
Epoch:89, Loss:1.7607127808186473, Acc:59.191088488520414, LR:4.000000000000001e-06
Validation: Loss:0.9741249740123749, Acc:76.2
Epoch:90, Loss:1.7789474275647377, Acc:59.46628679049745, LR:4.000000000000001e-06
Epoch:91, Loss:1.6760181588481884, Acc:61.18650653698979, LR:4.000000000000001e-06
Epoch:92, Loss:1.6946124312828998, Acc:60.03736475605868, LR:4.000000000000001e-06
Epoch:93, Loss:1.6914077753923378, Acc:61.13686766581633, LR:4.000000000000001e-06
Epoch:94, Loss:1.651021388720493, Acc:62.62068156090563, LR:4.000000000000001e-06
Validation: Loss:0.9519381523132324, Acc:76.69
Epoch:95, Loss:1.6676109872606335, Acc:61.62748090720663, LR:4.000000000000001e-06
Epoch:96, Loss:1.7389251568487711, Acc:58.677760044642866, LR:4.000000000000001e-06
Epoch:97, Loss:1.7400760863508498, Acc:59.10627200255104, LR:4.000000000000001e-06
Epoch:98, Loss:1.7324677644943705, Acc:60.65617849170918, LR:4.000000000000001e-06
Epoch:99, Loss:1.7673782770122801, Acc:58.21713632015305, LR:4.000000000000001e-06
Validation: Loss:0.9559279471635819, Acc:76.73
Epoch:100, Loss:1.7082142723458154, Acc:60.72472209821427, LR:4.000000000000001e-06
Epoch:101, Loss:1.749608799815178, Acc:59.1407982302296, LR:4.000000000000001e-06
Epoch:102, Loss:1.8102835000169522, Acc:56.146371611926014, LR:4.000000000000001e-06
Epoch:103, Loss:1.6280673389532128, Acc:62.459907764668365, LR:4.000000000000001e-06
Epoch:104, Loss:1.7022851939712251, Acc:60.13946747448979, LR:4.000000000000001e-06
Validation: Loss:0.9418377041816711, Acc:76.68
Epoch:105, Loss:1.7388106015871982, Acc:59.54597345344388, LR:4.000000000000001e-06
Epoch:106, Loss:1.718115815550697, Acc:59.697871253188765, LR:4.000000000000001e-06
Epoch:107, Loss:1.7475914815250708, Acc:59.08141816804848, LR:4.000000000000001e-06
Epoch:108, Loss:1.805446164340389, Acc:56.17671249202805, LR:4.000000000000001e-06
Epoch:109, Loss:1.6646595700662963, Acc:61.623936304209195, LR:4.000000000000001e-06
Validation: Loss:0.9447153747081757, Acc:76.63
Epoch:110, Loss:1.7524349382337259, Acc:58.430908163265286, LR:4.000000000000001e-06
Epoch:111, Loss:1.6758402560134322, Acc:62.29537715242347, LR:4.000000000000001e-06
Epoch:112, Loss:1.6559507719108038, Acc:62.309476124043364, LR:4.000000000000001e-06
Epoch:113, Loss:1.7984380772223278, Acc:57.80864939413265, LR:4.000000000000001e-06
Epoch:114, Loss:1.6566808737662373, Acc:61.86983824936224, LR:4.000000000000001e-06
Validation: Loss:0.9561756998300552, Acc:76.54
Epoch:115, Loss:1.6450167952143415, Acc:62.0524459502551, LR:4.000000000000001e-06
Epoch:116, Loss:1.6218850693228293, Acc:62.44573413584182, LR:4.000000000000001e-06
Epoch:117, Loss:1.7236511273955812, Acc:59.62698959661991, LR:4.000000000000001e-06
Epoch:118, Loss:1.7404158367794387, Acc:58.62673975605867, LR:4.000000000000001e-06
Epoch:119, Loss:1.6578790951444178, Acc:62.7002044403699, LR:8.000000000000002e-07
Validation: Loss:0.9893250435590744, Acc:76.52
Epoch:120, Loss:1.7150777923513432, Acc:59.731125039859705, LR:8.000000000000002e-07
Epoch:121, Loss:1.6285348844771483, Acc:63.91969957748724, LR:8.000000000000002e-07
Epoch:122, Loss:1.7575945726462774, Acc:59.17500490274234, LR:8.000000000000002e-07
Epoch:123, Loss:1.6455821759846745, Acc:61.61639361447705, LR:8.000000000000002e-07
Epoch:124, Loss:1.7114036338669913, Acc:60.00750569993625, LR:8.000000000000002e-07
Validation: Loss:0.9480650782585144, Acc:76.73
Epoch:125, Loss:1.6939750143459864, Acc:60.49010511001272, LR:8.000000000000002e-07
Epoch:126, Loss:1.6613225502019027, Acc:61.194276626275496, LR:8.000000000000002e-07
Epoch:127, Loss:1.7639885003469429, Acc:57.9310467554209, LR:8.000000000000002e-07
Epoch:128, Loss:1.8068762531085891, Acc:56.131446986607166, LR:8.000000000000002e-07
Epoch:129, Loss:1.7312816715970332, Acc:59.56581525031888, LR:8.000000000000002e-07
Validation: Loss:0.9468397289514542, Acc:76.8
Best model updated!
Epoch:130, Loss:1.7644036710262299, Acc:57.40613739636479, LR:8.000000000000002e-07
Epoch:131, Loss:1.6775704826019249, Acc:60.47217617984696, LR:8.000000000000002e-07
Epoch:132, Loss:1.690245577267238, Acc:61.05129508131378, LR:8.000000000000002e-07
Epoch:133, Loss:1.6747045331463521, Acc:61.72341087372449, LR:8.000000000000002e-07
Epoch:134, Loss:1.755556761002054, Acc:58.15913233418369, LR:8.000000000000002e-07
Validation: Loss:0.9567559123039245, Acc:76.78
Epoch:135, Loss:1.7884731919181591, Acc:56.511359335140305, LR:8.000000000000002e-07
Epoch:136, Loss:1.7087211870417303, Acc:60.142038185586735, LR:8.000000000000002e-07
Epoch:137, Loss:1.6648216940918747, Acc:61.920626634247455, LR:8.000000000000002e-07
Epoch:138, Loss:1.8073429629510762, Acc:56.85363444674744, LR:8.000000000000002e-07
Epoch:139, Loss:1.746893796385551, Acc:58.835330476721936, LR:8.000000000000002e-07
Validation: Loss:0.938187325000763, Acc:76.83
Best model updated!
Epoch:140, Loss:1.6835236289367383, Acc:60.07628619260204, LR:8.000000000000002e-07
Epoch:141, Loss:1.695032065012017, Acc:61.7175072544643, LR:8.000000000000002e-07
Epoch:142, Loss:1.717883509184633, Acc:59.00133569834182, LR:8.000000000000002e-07
Epoch:143, Loss:1.7280139635716165, Acc:59.2486680484694, LR:8.000000000000002e-07
Epoch:144, Loss:1.7040194844713017, Acc:60.56021261160713, LR:8.000000000000002e-07
Validation: Loss:0.9507920235395432, Acc:76.77
Epoch:145, Loss:1.653935702783721, Acc:61.73686654974489, LR:8.000000000000002e-07
Epoch:146, Loss:1.6645651094767513, Acc:61.02966665338011, LR:8.000000000000002e-07
Epoch:147, Loss:1.704858425016306, Acc:61.43572146045919, LR:8.000000000000002e-07
Epoch:148, Loss:1.7552663790328162, Acc:57.949664381377566, LR:8.000000000000002e-07
Epoch:149, Loss:1.6956313562636474, Acc:60.4117050382653, LR:1.6000000000000006e-07
Validation: Loss:0.9473770916461944, Acc:76.76
Epoch:150, Loss:1.6448715666727143, Acc:62.92855935108415, LR:1.6000000000000006e-07
Epoch:151, Loss:1.7558331209786084, Acc:58.71270942283164, LR:1.6000000000000006e-07
Epoch:152, Loss:1.7258888276255862, Acc:59.781089285714266, LR:1.6000000000000006e-07
Epoch:153, Loss:1.7608421548288695, Acc:57.10120483896686, LR:1.6000000000000006e-07
Epoch:154, Loss:1.7637926887492745, Acc:58.81115692761481, LR:1.6000000000000006e-07
Validation: Loss:0.9720225781202316, Acc:76.74
Epoch:155, Loss:1.709316538608804, Acc:60.506126594387766, LR:1.6000000000000006e-07
Epoch:156, Loss:1.627163254180733, Acc:63.125871293048455, LR:1.6000000000000006e-07
Epoch:157, Loss:1.6583885139956767, Acc:62.54424103156886, LR:1.6000000000000006e-07
Epoch:158, Loss:1.771971504299008, Acc:58.25532366071428, LR:1.6000000000000006e-07
Epoch:159, Loss:1.7566738727749611, Acc:59.187486527423474, LR:1.6000000000000006e-07
Validation: Loss:0.9413389682769775, Acc:76.78
Epoch:160, Loss:1.662833184916146, Acc:61.386778938137724, LR:1.6000000000000006e-07
Epoch:161, Loss:1.6171327324546114, Acc:62.65877838010204, LR:1.6000000000000006e-07
Epoch:162, Loss:1.6457081321550875, Acc:61.43532342155612, LR:1.6000000000000006e-07
Epoch:163, Loss:1.6263568939603106, Acc:63.138398557079064, LR:1.6000000000000006e-07
Epoch:164, Loss:1.7479182664228945, Acc:59.33133864795918, LR:1.6000000000000006e-07
Validation: Loss:0.966947329044342, Acc:76.51
Epoch:165, Loss:1.6703496450672344, Acc:61.15338321109694, LR:1.6000000000000006e-07
Epoch:166, Loss:1.7685661255096903, Acc:58.09239584661989, LR:1.6000000000000006e-07
Epoch:167, Loss:1.6179620314921652, Acc:62.67395659279335, LR:1.6000000000000006e-07
Epoch:168, Loss:1.7256696583056936, Acc:59.69245085299745, LR:1.6000000000000006e-07
Epoch:169, Loss:1.6674259829582, Acc:61.68157633131379, LR:1.6000000000000006e-07
Validation: Loss:0.9453269809484481, Acc:76.7
Epoch:170, Loss:1.7006638646125793, Acc:60.48853798628825, LR:1.6000000000000006e-07
Epoch:171, Loss:1.7185334374710006, Acc:59.52711120854593, LR:1.6000000000000006e-07
Epoch:172, Loss:1.7113866653977607, Acc:60.35644579081631, LR:1.6000000000000006e-07
Epoch:173, Loss:1.7704306518544957, Acc:58.55610255899235, LR:1.6000000000000006e-07
Epoch:174, Loss:1.6625899134241804, Acc:60.9753484933036, LR:1.6000000000000006e-07
Validation: Loss:0.9753915786743164, Acc:76.69
Epoch:175, Loss:1.7528302166230825, Acc:58.663361806441316, LR:1.6000000000000006e-07
Epoch:176, Loss:1.6564584169156698, Acc:62.351803970025486, LR:1.6000000000000006e-07
Epoch:177, Loss:1.7497351312515688, Acc:59.13467809311222, LR:1.6000000000000006e-07
Epoch:178, Loss:1.6493463853792267, Acc:60.294329878826524, LR:1.6000000000000006e-07
Epoch:179, Loss:1.667629631806393, Acc:61.179080237563795, LR:3.2000000000000015e-08
Validation: Loss:0.9626188904047013, Acc:76.64
Epoch:180, Loss:1.6979995354705928, Acc:60.23300223214284, LR:3.2000000000000015e-08
Epoch:181, Loss:1.6835870896371044, Acc:60.92969766422195, LR:3.2000000000000015e-08
Epoch:182, Loss:1.6950104762705005, Acc:61.12808398437502, LR:3.2000000000000015e-08
Epoch:183, Loss:1.646760214652334, Acc:62.52705887276785, LR:3.2000000000000015e-08
Epoch:184, Loss:1.65283403256718, Acc:61.44119662786992, LR:3.2000000000000015e-08
Validation: Loss:0.9672312796115875, Acc:76.66
Epoch:185, Loss:1.8406466464607083, Acc:55.85157740752551, LR:3.2000000000000015e-08
Epoch:186, Loss:1.6602891832590103, Acc:61.586819076849466, LR:3.2000000000000015e-08
Epoch:187, Loss:1.7038612531460062, Acc:60.35115979751278, LR:3.2000000000000015e-08
Epoch:188, Loss:1.6473215997827297, Acc:62.20075023915816, LR:3.2000000000000015e-08
Epoch:189, Loss:1.7023042297484923, Acc:59.52638484534437, LR:3.2000000000000015e-08
Validation: Loss:0.9728226363658905, Acc:76.62
Epoch:190, Loss:1.6308500036901357, Acc:62.34601833545919, LR:3.2000000000000015e-08
Epoch:191, Loss:1.713695001845457, Acc:59.58965648915816, LR:3.2000000000000015e-08
Epoch:192, Loss:1.754442688305767, Acc:58.6363789461097, LR:3.2000000000000015e-08
Epoch:193, Loss:1.6542374826207453, Acc:61.836112284757654, LR:3.2000000000000015e-08
Epoch:194, Loss:1.6668268265772839, Acc:62.1372238520408, LR:3.2000000000000015e-08
Validation: Loss:0.9336468905210495, Acc:76.82
Epoch:195, Loss:1.7145830669573374, Acc:59.37635088488522, LR:3.2000000000000015e-08
Epoch:196, Loss:1.699661601258784, Acc:59.79073194355865, LR:3.2000000000000015e-08
Epoch:197, Loss:1.6771455176022587, Acc:60.84684885204079, LR:3.2000000000000015e-08
Epoch:198, Loss:1.7157987365309073, Acc:59.524178372130095, LR:3.2000000000000015e-08
Epoch:199, Loss:1.5401195293786574, Acc:64.91910239955357, LR:3.2000000000000015e-08
Validation: Loss:0.9302271485328675, Acc:76.88
Best model updated!
Test: Acc:76.88
