nohup: ignoring input
/root/liuyuanye/NNDL/Final/CIFAR/deit.py:63: UserWarning: Overwriting deit_tiny_patch16_224 in registry with deit.deit_tiny_patch16_224. This is because the name being registered conflicts with an existing name. Please check if this is not expected.
  def deit_tiny_patch16_224(pretrained=False, **kwargs):
/root/liuyuanye/NNDL/Final/CIFAR/deit.py:78: UserWarning: Overwriting deit_small_patch16_224 in registry with deit.deit_small_patch16_224. This is because the name being registered conflicts with an existing name. Please check if this is not expected.
  def deit_small_patch16_224(pretrained=False, **kwargs):
/root/liuyuanye/NNDL/Final/CIFAR/deit.py:93: UserWarning: Overwriting deit_base_patch16_224 in registry with deit.deit_base_patch16_224. This is because the name being registered conflicts with an existing name. Please check if this is not expected.
  def deit_base_patch16_224(pretrained=False, **kwargs):
/root/liuyuanye/NNDL/Final/CIFAR/deit.py:108: UserWarning: Overwriting deit_tiny_distilled_patch16_224 in registry with deit.deit_tiny_distilled_patch16_224. This is because the name being registered conflicts with an existing name. Please check if this is not expected.
  def deit_tiny_distilled_patch16_224(pretrained=False, **kwargs):
/root/liuyuanye/NNDL/Final/CIFAR/deit.py:123: UserWarning: Overwriting deit_small_distilled_patch16_224 in registry with deit.deit_small_distilled_patch16_224. This is because the name being registered conflicts with an existing name. Please check if this is not expected.
  def deit_small_distilled_patch16_224(pretrained=False, **kwargs):
/root/liuyuanye/NNDL/Final/CIFAR/deit.py:138: UserWarning: Overwriting deit_base_distilled_patch16_224 in registry with deit.deit_base_distilled_patch16_224. This is because the name being registered conflicts with an existing name. Please check if this is not expected.
  def deit_base_distilled_patch16_224(pretrained=False, **kwargs):
/root/liuyuanye/NNDL/Final/CIFAR/deit.py:153: UserWarning: Overwriting deit_base_patch16_384 in registry with deit.deit_base_patch16_384. This is because the name being registered conflicts with an existing name. Please check if this is not expected.
  def deit_base_patch16_384(pretrained=False, **kwargs):
/root/liuyuanye/NNDL/Final/CIFAR/deit.py:168: UserWarning: Overwriting deit_base_distilled_patch16_384 in registry with deit.deit_base_distilled_patch16_384. This is because the name being registered conflicts with an existing name. Please check if this is not expected.
  def deit_base_distilled_patch16_384(pretrained=False, **kwargs):
/root/miniconda3/envs/py310/lib/python3.10/site-packages/torchvision/models/_utils.py:223: UserWarning: Arguments other than a weight enum or `None` for 'weights' are deprecated since 0.13 and may be removed in the future. The current behavior is equivalent to passing `weights=ResNet18_Weights.IMAGENET1K_V1`. You can also use `weights=ResNet18_Weights.DEFAULT` to get the most up-to-date weights.
  warnings.warn(msg)
{
    "datapath": "../data/",
    "logpath": "./logs/",
    "batch_size": 256,
    "epoch": 200,
    "seed": 43,
    "date": "0622",
    "plot": true,
    "num_classes": 100,
    "opt": "SGD",
    "learning_rate": 0.1,
    "weight_decay": 0.0005,
    "pretrained": true,
    "device_id": 0,
    "dropout": false,
    "cutout": true,
    "cutmix": false,
    "model": "ResNet18",
    "comment": "StepLR_30_0.2"
}
2024-06-22 16:30:25
Epoch:0, Loss:4.0113139262004776, Acc:9.112, LR:0.1
Epoch:1, Loss:3.4354249287624747, Acc:16.984, LR:0.1
Epoch:2, Loss:3.278474529178775, Acc:19.792, LR:0.1
Epoch:3, Loss:3.106923426900591, Acc:23.04, LR:0.1
Epoch:4, Loss:3.078587600163051, Acc:23.704, LR:0.1
Validation: Loss:3.1883860886096955, Acc:24.92
Best model updated!
Epoch:5, Loss:2.9776568850692438, Acc:25.842, LR:0.1
Epoch:6, Loss:2.861721924373082, Acc:27.922, LR:0.1
Epoch:7, Loss:2.884469451952954, Acc:27.452, LR:0.1
Epoch:8, Loss:2.743161920382052, Acc:30.136, LR:0.1
Epoch:9, Loss:2.6798500990381044, Acc:31.644, LR:0.1
Validation: Loss:2.4373902916908263, Acc:36.46
Best model updated!
Epoch:10, Loss:2.635524038149386, Acc:32.434, LR:0.1
Epoch:11, Loss:2.60485042966142, Acc:33.21, LR:0.1
Epoch:12, Loss:2.569094649383, Acc:33.74, LR:0.1
Epoch:13, Loss:2.545753137189515, Acc:34.242, LR:0.1
Epoch:14, Loss:2.521418605531965, Acc:34.91, LR:0.1
Validation: Loss:2.339409053325653, Acc:39.46
Best model updated!
Epoch:15, Loss:2.496504854182808, Acc:35.348, LR:0.1
Epoch:16, Loss:2.485208794778707, Acc:35.542, LR:0.1
Epoch:17, Loss:2.4664735198020935, Acc:35.936, LR:0.1
Epoch:18, Loss:2.4426567372010677, Acc:36.418, LR:0.1
Epoch:19, Loss:2.4251214947019304, Acc:37.036, LR:0.1
Validation: Loss:2.390774154663086, Acc:38.87
Epoch:20, Loss:2.4170519928542937, Acc:36.95, LR:0.1
Epoch:21, Loss:2.4002105472039204, Acc:37.454, LR:0.1
Epoch:22, Loss:2.3770341082495086, Acc:38.042, LR:0.1
Epoch:23, Loss:2.3790022438886216, Acc:37.838, LR:0.1
Epoch:24, Loss:2.3686248806058146, Acc:38.266, LR:0.1
Validation: Loss:2.14175024330616, Acc:43.45
Best model updated!
Epoch:25, Loss:2.3481139163581695, Acc:38.52, LR:0.1
Epoch:26, Loss:2.332977215854489, Acc:38.988, LR:0.1
Epoch:27, Loss:2.3314211709158763, Acc:39.016, LR:0.1
Epoch:28, Loss:2.3248206802776883, Acc:39.082, LR:0.1
Epoch:29, Loss:2.3074615330112223, Acc:39.29, LR:0.020000000000000004
Validation: Loss:2.2587297767400742, Acc:42.23
Epoch:30, Loss:2.011901756938623, Acc:46.254, LR:0.020000000000000004
Epoch:31, Loss:1.8957441771516994, Acc:48.736, LR:0.020000000000000004
Epoch:32, Loss:1.8446567557295974, Acc:49.846, LR:0.020000000000000004
Epoch:33, Loss:1.8149642105005226, Acc:50.358, LR:0.020000000000000004
Epoch:34, Loss:1.8032431949158103, Acc:50.69, LR:0.020000000000000004
Validation: Loss:1.6487736076116561, Acc:55.0
Best model updated!
Epoch:35, Loss:1.7783877071069212, Acc:51.252, LR:0.020000000000000004
Epoch:36, Loss:1.760201587968943, Acc:51.778, LR:0.020000000000000004
Epoch:37, Loss:1.7504631378212754, Acc:51.886, LR:0.020000000000000004
Epoch:38, Loss:1.7281761382307326, Acc:52.556, LR:0.020000000000000004
Epoch:39, Loss:1.7216434691633498, Acc:52.666, LR:0.020000000000000004
Validation: Loss:1.6628186464309693, Acc:55.03
Best model updated!
Epoch:40, Loss:1.7143316287167218, Acc:52.734, LR:0.020000000000000004
Epoch:41, Loss:1.6930732489848623, Acc:53.306, LR:0.020000000000000004
Epoch:42, Loss:1.6839456600802285, Acc:53.51, LR:0.020000000000000004
Epoch:43, Loss:1.6800454690748332, Acc:53.548, LR:0.020000000000000004
Epoch:44, Loss:1.6703114765030997, Acc:53.776, LR:0.020000000000000004
Validation: Loss:1.7021673291921615, Acc:54.87
Epoch:45, Loss:1.6708592614349054, Acc:53.68, LR:0.020000000000000004
Epoch:46, Loss:1.6476889349976365, Acc:54.062, LR:0.020000000000000004
Epoch:47, Loss:1.6461336655276162, Acc:54.164, LR:0.020000000000000004
Epoch:48, Loss:1.63816914692217, Acc:54.412, LR:0.020000000000000004
Epoch:49, Loss:1.6342532598242467, Acc:54.536, LR:0.020000000000000004
Validation: Loss:1.708988294005394, Acc:55.05
Best model updated!
Epoch:50, Loss:1.6262144659246718, Acc:54.58, LR:0.020000000000000004
Epoch:51, Loss:1.6222355633365864, Acc:55.012, LR:0.020000000000000004
Epoch:52, Loss:1.6129794230266494, Acc:54.914, LR:0.020000000000000004
Epoch:53, Loss:1.5943799359457833, Acc:55.23, LR:0.020000000000000004
Epoch:54, Loss:1.5919420098771855, Acc:55.516, LR:0.020000000000000004
Validation: Loss:1.7081546127796172, Acc:54.74
Epoch:55, Loss:1.5776366445482994, Acc:56.19, LR:0.020000000000000004
Epoch:56, Loss:1.5891186309104064, Acc:55.552, LR:0.020000000000000004
Epoch:57, Loss:1.5720178047005011, Acc:55.89, LR:0.020000000000000004
Epoch:58, Loss:1.5620558711947228, Acc:56.098, LR:0.020000000000000004
Epoch:59, Loss:1.5565626128595702, Acc:56.204, LR:0.004000000000000001
Validation: Loss:1.7899602562189103, Acc:54.18
Epoch:60, Loss:1.346509222473417, Acc:61.932, LR:0.004000000000000001
Epoch:61, Loss:1.2608896217175893, Acc:64.418, LR:0.004000000000000001
Epoch:62, Loss:1.220966891974819, Acc:65.346, LR:0.004000000000000001
Epoch:63, Loss:1.1999694866185286, Acc:65.804, LR:0.004000000000000001
Epoch:64, Loss:1.177036202987846, Acc:66.486, LR:0.004000000000000001
Validation: Loss:1.5425008952617645, Acc:59.28
Best model updated!
Epoch:65, Loss:1.1507955896002906, Acc:66.964, LR:0.004000000000000001
Epoch:66, Loss:1.1271164496334232, Acc:67.68, LR:0.004000000000000001
Epoch:67, Loss:1.1201899075994686, Acc:67.918, LR:0.004000000000000001
Epoch:68, Loss:1.1049508613591292, Acc:68.048, LR:0.004000000000000001
Epoch:69, Loss:1.097257815453471, Acc:68.52, LR:0.004000000000000001
Validation: Loss:1.5686635553836823, Acc:59.2
Epoch:70, Loss:1.0798003752620853, Acc:69.034, LR:0.004000000000000001
Epoch:71, Loss:1.0752729229172882, Acc:69.194, LR:0.004000000000000001
Epoch:72, Loss:1.0612695776686376, Acc:69.346, LR:0.004000000000000001
Epoch:73, Loss:1.0455984135671539, Acc:69.606, LR:0.004000000000000001
Epoch:74, Loss:1.0402804965875587, Acc:70.182, LR:0.004000000000000001
Validation: Loss:1.6023062318563461, Acc:59.14
Epoch:75, Loss:1.032369229866534, Acc:69.938, LR:0.004000000000000001
Epoch:76, Loss:1.019511567390695, Acc:70.548, LR:0.004000000000000001
Epoch:77, Loss:1.0044552623009195, Acc:70.914, LR:0.004000000000000001
Epoch:78, Loss:1.0030282784481437, Acc:70.946, LR:0.004000000000000001
Epoch:79, Loss:0.9873598534233716, Acc:71.17, LR:0.004000000000000001
Validation: Loss:1.6379113346338272, Acc:58.68
Epoch:80, Loss:0.9891460820728418, Acc:71.1, LR:0.004000000000000001
Epoch:81, Loss:0.9785002819737609, Acc:71.308, LR:0.004000000000000001
Epoch:82, Loss:0.9637434294029158, Acc:71.676, LR:0.004000000000000001
Epoch:83, Loss:0.9621471349073916, Acc:71.856, LR:0.004000000000000001
Epoch:84, Loss:0.9657083287531015, Acc:71.894, LR:0.004000000000000001
Validation: Loss:1.6702183187007904, Acc:58.16
Epoch:85, Loss:0.9551608012038835, Acc:72.044, LR:0.004000000000000001
Epoch:86, Loss:0.9364952338593346, Acc:72.76, LR:0.004000000000000001
Epoch:87, Loss:0.9388139953418654, Acc:72.598, LR:0.004000000000000001
Epoch:88, Loss:0.9313972403808516, Acc:72.886, LR:0.004000000000000001
Epoch:89, Loss:0.921319802804869, Acc:72.942, LR:0.0008000000000000003
Validation: Loss:1.6805880904197692, Acc:58.6
Epoch:90, Loss:0.8273277875720239, Acc:75.96, LR:0.0008000000000000003
Epoch:91, Loss:0.7970653787559393, Acc:76.936, LR:0.0008000000000000003
Epoch:92, Loss:0.7773968543933363, Acc:77.516, LR:0.0008000000000000003
Epoch:93, Loss:0.770156804700287, Acc:77.712, LR:0.0008000000000000003
Epoch:94, Loss:0.7554319099504121, Acc:78.21, LR:0.0008000000000000003
Validation: Loss:1.64103544652462, Acc:59.36
Best model updated!
Epoch:95, Loss:0.747913586850069, Acc:78.434, LR:0.0008000000000000003
Epoch:96, Loss:0.7366368128937117, Acc:78.592, LR:0.0008000000000000003
Epoch:97, Loss:0.7423473368493878, Acc:78.472, LR:0.0008000000000000003
Epoch:98, Loss:0.7255393750205332, Acc:79.042, LR:0.0008000000000000003
Epoch:99, Loss:0.7354254917222627, Acc:78.634, LR:0.0008000000000000003
Validation: Loss:1.645771872997284, Acc:59.75
Best model updated!
Epoch:100, Loss:0.7203894257545471, Acc:79.072, LR:0.0008000000000000003
Epoch:101, Loss:0.7187992258339512, Acc:79.052, LR:0.0008000000000000003
Epoch:102, Loss:0.7178193130055253, Acc:79.012, LR:0.0008000000000000003
Epoch:103, Loss:0.7075277749372988, Acc:79.506, LR:0.0008000000000000003
Epoch:104, Loss:0.7053169719114596, Acc:79.8, LR:0.0008000000000000003
Validation: Loss:1.6592028707265853, Acc:59.24
Epoch:105, Loss:0.6964125979919823, Acc:80.108, LR:0.0008000000000000003
Epoch:106, Loss:0.6957093703807616, Acc:79.99, LR:0.0008000000000000003
Epoch:107, Loss:0.6933999946530984, Acc:79.814, LR:0.0008000000000000003
Epoch:108, Loss:0.6832163472260747, Acc:80.208, LR:0.0008000000000000003
Epoch:109, Loss:0.683023743027327, Acc:80.372, LR:0.0008000000000000003
Validation: Loss:1.6734052836894988, Acc:59.35
Epoch:110, Loss:0.6841715562100313, Acc:80.318, LR:0.0008000000000000003
Epoch:111, Loss:0.6782209313645655, Acc:80.536, LR:0.0008000000000000003
Epoch:112, Loss:0.6723305719847582, Acc:80.564, LR:0.0008000000000000003
Epoch:113, Loss:0.6682826539083403, Acc:80.636, LR:0.0008000000000000003
Epoch:114, Loss:0.6628957672082648, Acc:80.896, LR:0.0008000000000000003
Validation: Loss:1.687265944480896, Acc:59.05
Epoch:115, Loss:0.6638899386233214, Acc:80.826, LR:0.0008000000000000003
Epoch:116, Loss:0.6560579358923192, Acc:81.204, LR:0.0008000000000000003
Epoch:117, Loss:0.6592620363344952, Acc:80.968, LR:0.0008000000000000003
Epoch:118, Loss:0.6570589210914106, Acc:80.754, LR:0.0008000000000000003
Epoch:119, Loss:0.6526169302512188, Acc:81.022, LR:0.00016000000000000007
Validation: Loss:1.7003108710050583, Acc:59.41
Epoch:120, Loss:0.6287823062466116, Acc:81.966, LR:0.00016000000000000007
Epoch:121, Loss:0.6244148043345432, Acc:82.126, LR:0.00016000000000000007
Epoch:122, Loss:0.6199872328006492, Acc:82.204, LR:0.00016000000000000007
Epoch:123, Loss:0.6212586637358276, Acc:82.092, LR:0.00016000000000000007
Epoch:124, Loss:0.621999593869764, Acc:81.92, LR:0.00016000000000000007
Validation: Loss:1.6865154057741165, Acc:59.54
Epoch:125, Loss:0.6169215428585909, Acc:82.324, LR:0.00016000000000000007
Epoch:126, Loss:0.609038845160786, Acc:82.67, LR:0.00016000000000000007
Epoch:127, Loss:0.61527398380698, Acc:82.392, LR:0.00016000000000000007
Epoch:128, Loss:0.6138271970712409, Acc:82.374, LR:0.00016000000000000007
Epoch:129, Loss:0.6009186547325582, Acc:82.784, LR:0.00016000000000000007
Validation: Loss:1.6837733536958694, Acc:59.53
Epoch:130, Loss:0.5995537068466751, Acc:82.65, LR:0.00016000000000000007
Epoch:131, Loss:0.6100216548965902, Acc:82.536, LR:0.00016000000000000007
Epoch:132, Loss:0.6114232537089562, Acc:82.374, LR:0.00016000000000000007
Epoch:133, Loss:0.600467005402458, Acc:82.654, LR:0.00016000000000000007
Epoch:134, Loss:0.6036750780684608, Acc:82.68, LR:0.00016000000000000007
Validation: Loss:1.6944074898958206, Acc:59.2
Epoch:135, Loss:0.5999591782384989, Acc:82.672, LR:0.00016000000000000007
Epoch:136, Loss:0.607653302957817, Acc:82.458, LR:0.00016000000000000007
Epoch:137, Loss:0.6032891539590699, Acc:82.758, LR:0.00016000000000000007
Epoch:138, Loss:0.5947676553409926, Acc:83.006, LR:0.00016000000000000007
Epoch:139, Loss:0.6001859305768596, Acc:82.926, LR:0.00016000000000000007
Validation: Loss:1.6922810971736908, Acc:59.33
Epoch:140, Loss:0.5873430298299206, Acc:83.08, LR:0.00016000000000000007
Epoch:141, Loss:0.5945779165747215, Acc:83.118, LR:0.00016000000000000007
Epoch:142, Loss:0.5938611874470905, Acc:83.198, LR:0.00016000000000000007
Epoch:143, Loss:0.5911926800499157, Acc:83.102, LR:0.00016000000000000007
Epoch:144, Loss:0.5872730197651046, Acc:83.15, LR:0.00016000000000000007
Validation: Loss:1.6967595964670181, Acc:59.18
Epoch:145, Loss:0.5937940139247446, Acc:83.13, LR:0.00016000000000000007
Epoch:146, Loss:0.5917817396777016, Acc:83.066, LR:0.00016000000000000007
Epoch:147, Loss:0.5834323397400428, Acc:83.34, LR:0.00016000000000000007
Epoch:148, Loss:0.589576223066875, Acc:83.036, LR:0.00016000000000000007
Epoch:149, Loss:0.5881953656065221, Acc:83.304, LR:3.200000000000001e-05
Validation: Loss:1.7035918176174163, Acc:59.39
Epoch:150, Loss:0.5819902762162442, Acc:83.172, LR:3.200000000000001e-05
Epoch:151, Loss:0.5807126512636944, Acc:83.262, LR:3.200000000000001e-05
Epoch:152, Loss:0.5766355331454959, Acc:83.454, LR:3.200000000000001e-05
Epoch:153, Loss:0.5803684633301229, Acc:83.502, LR:3.200000000000001e-05
Epoch:154, Loss:0.5815055999828844, Acc:83.286, LR:3.200000000000001e-05
Validation: Loss:1.6972317427396775, Acc:59.41
Epoch:155, Loss:0.5710331755025047, Acc:83.818, LR:3.200000000000001e-05
Epoch:156, Loss:0.5760809315406547, Acc:83.466, LR:3.200000000000001e-05
Epoch:157, Loss:0.5814392534749848, Acc:83.342, LR:3.200000000000001e-05
Epoch:158, Loss:0.5762507918537879, Acc:83.548, LR:3.200000000000001e-05
Epoch:159, Loss:0.5787668229669941, Acc:83.384, LR:3.200000000000001e-05
Validation: Loss:1.701874989271164, Acc:59.28
Epoch:160, Loss:0.5753936180654837, Acc:83.462, LR:3.200000000000001e-05
Epoch:161, Loss:0.5787307633733263, Acc:83.452, LR:3.200000000000001e-05
Epoch:162, Loss:0.5662412578049971, Acc:83.872, LR:3.200000000000001e-05
Epoch:163, Loss:0.5821595337926125, Acc:83.29, LR:3.200000000000001e-05
Epoch:164, Loss:0.5758891688013563, Acc:83.536, LR:3.200000000000001e-05
Validation: Loss:1.6998682975769044, Acc:59.71
Epoch:165, Loss:0.5777870509393361, Acc:83.524, LR:3.200000000000001e-05
Epoch:166, Loss:0.5797767506874337, Acc:83.432, LR:3.200000000000001e-05
Epoch:167, Loss:0.5770843129376976, Acc:83.522, LR:3.200000000000001e-05
Epoch:168, Loss:0.5809746599014924, Acc:83.3, LR:3.200000000000001e-05
Epoch:169, Loss:0.5671594962477684, Acc:84.004, LR:3.200000000000001e-05
Validation: Loss:1.6994992941617966, Acc:59.45
Epoch:170, Loss:0.5737208204001797, Acc:83.566, LR:3.200000000000001e-05
Epoch:171, Loss:0.5728221594983217, Acc:83.546, LR:3.200000000000001e-05
Epoch:172, Loss:0.5813718141645802, Acc:83.416, LR:3.200000000000001e-05
Epoch:173, Loss:0.5702956134871561, Acc:83.602, LR:3.200000000000001e-05
Epoch:174, Loss:0.574592186176047, Acc:83.578, LR:3.200000000000001e-05
Validation: Loss:1.700472441315651, Acc:59.31
Epoch:175, Loss:0.5759858607637639, Acc:83.558, LR:3.200000000000001e-05
Epoch:176, Loss:0.5796241734404953, Acc:83.44, LR:3.200000000000001e-05
Epoch:177, Loss:0.5783097386664274, Acc:83.396, LR:3.200000000000001e-05
Epoch:178, Loss:0.5783378364784377, Acc:83.412, LR:3.200000000000001e-05
Epoch:179, Loss:0.5712096808212144, Acc:83.758, LR:6.400000000000003e-06
Validation: Loss:1.6983013033866883, Acc:59.31
Epoch:180, Loss:0.571573942899704, Acc:83.558, LR:6.400000000000003e-06
Epoch:181, Loss:0.5766994282603264, Acc:83.494, LR:6.400000000000003e-06
Epoch:182, Loss:0.572860771600081, Acc:83.622, LR:6.400000000000003e-06
Epoch:183, Loss:0.5756317191586202, Acc:83.51, LR:6.400000000000003e-06
Epoch:184, Loss:0.5713033847966973, Acc:83.684, LR:6.400000000000003e-06
Validation: Loss:1.7013403534889222, Acc:59.41
Epoch:185, Loss:0.5729995801740763, Acc:83.574, LR:6.400000000000003e-06
Epoch:186, Loss:0.572716589484896, Acc:83.518, LR:6.400000000000003e-06
Epoch:187, Loss:0.5741779381523326, Acc:83.724, LR:6.400000000000003e-06
Epoch:188, Loss:0.5733165549380439, Acc:83.59, LR:6.400000000000003e-06
Epoch:189, Loss:0.5703351158572703, Acc:83.564, LR:6.400000000000003e-06
Validation: Loss:1.6997278541326524, Acc:59.38
Epoch:190, Loss:0.5769323772009538, Acc:83.632, LR:6.400000000000003e-06
Epoch:191, Loss:0.5712456085852214, Acc:83.65, LR:6.400000000000003e-06
Epoch:192, Loss:0.571608405332176, Acc:83.704, LR:6.400000000000003e-06
Epoch:193, Loss:0.5698183613772295, Acc:83.774, LR:6.400000000000003e-06
Epoch:194, Loss:0.5708617834108216, Acc:83.502, LR:6.400000000000003e-06
Validation: Loss:1.7040998220443726, Acc:59.53
Epoch:195, Loss:0.575046534593008, Acc:83.668, LR:6.400000000000003e-06
Epoch:196, Loss:0.5791743981594942, Acc:83.518, LR:6.400000000000003e-06
Epoch:197, Loss:0.5727816151112927, Acc:83.68, LR:6.400000000000003e-06
Epoch:198, Loss:0.5710743845117335, Acc:83.728, LR:6.400000000000003e-06
Epoch:199, Loss:0.5675074281741161, Acc:83.758, LR:6.400000000000003e-06
Validation: Loss:1.7014058202505111, Acc:59.46
Test: Acc:59.75
