nohup: ignoring input
/root/liuyuanye/NNDL/Final/CIFAR/deit.py:63: UserWarning: Overwriting deit_tiny_patch16_224 in registry with deit.deit_tiny_patch16_224. This is because the name being registered conflicts with an existing name. Please check if this is not expected.
  def deit_tiny_patch16_224(pretrained=False, **kwargs):
/root/liuyuanye/NNDL/Final/CIFAR/deit.py:78: UserWarning: Overwriting deit_small_patch16_224 in registry with deit.deit_small_patch16_224. This is because the name being registered conflicts with an existing name. Please check if this is not expected.
  def deit_small_patch16_224(pretrained=False, **kwargs):
/root/liuyuanye/NNDL/Final/CIFAR/deit.py:93: UserWarning: Overwriting deit_base_patch16_224 in registry with deit.deit_base_patch16_224. This is because the name being registered conflicts with an existing name. Please check if this is not expected.
  def deit_base_patch16_224(pretrained=False, **kwargs):
/root/liuyuanye/NNDL/Final/CIFAR/deit.py:108: UserWarning: Overwriting deit_tiny_distilled_patch16_224 in registry with deit.deit_tiny_distilled_patch16_224. This is because the name being registered conflicts with an existing name. Please check if this is not expected.
  def deit_tiny_distilled_patch16_224(pretrained=False, **kwargs):
/root/liuyuanye/NNDL/Final/CIFAR/deit.py:123: UserWarning: Overwriting deit_small_distilled_patch16_224 in registry with deit.deit_small_distilled_patch16_224. This is because the name being registered conflicts with an existing name. Please check if this is not expected.
  def deit_small_distilled_patch16_224(pretrained=False, **kwargs):
/root/liuyuanye/NNDL/Final/CIFAR/deit.py:138: UserWarning: Overwriting deit_base_distilled_patch16_224 in registry with deit.deit_base_distilled_patch16_224. This is because the name being registered conflicts with an existing name. Please check if this is not expected.
  def deit_base_distilled_patch16_224(pretrained=False, **kwargs):
/root/liuyuanye/NNDL/Final/CIFAR/deit.py:153: UserWarning: Overwriting deit_base_patch16_384 in registry with deit.deit_base_patch16_384. This is because the name being registered conflicts with an existing name. Please check if this is not expected.
  def deit_base_patch16_384(pretrained=False, **kwargs):
/root/liuyuanye/NNDL/Final/CIFAR/deit.py:168: UserWarning: Overwriting deit_base_distilled_patch16_384 in registry with deit.deit_base_distilled_patch16_384. This is because the name being registered conflicts with an existing name. Please check if this is not expected.
  def deit_base_distilled_patch16_384(pretrained=False, **kwargs):
/root/miniconda3/envs/py310/lib/python3.10/site-packages/torchvision/models/_utils.py:223: UserWarning: Arguments other than a weight enum or `None` for 'weights' are deprecated since 0.13 and may be removed in the future. The current behavior is equivalent to passing `weights=ResNet18_Weights.IMAGENET1K_V1`. You can also use `weights=ResNet18_Weights.DEFAULT` to get the most up-to-date weights.
  warnings.warn(msg)
{
    "datapath": "../data/",
    "logpath": "./logs/",
    "batch_size": 512,
    "epoch": 200,
    "seed": 43,
    "date": "0623",
    "plot": true,
    "num_classes": 100,
    "opt": "AdamW",
    "learning_rate": 0.0005,
    "weight_decay": 0.05,
    "pretrained": true,
    "device_id": 1,
    "dropout": true,
    "cutout": true,
    "cutmix": false,
    "model": "ResNet18",
    "comment": "StepLR_30_0.2"
}
2024-06-23 19:27:53
Epoch:0, Loss:2.5765314235979195, Acc:36.128, LR:0.0005
Epoch:1, Loss:1.3443192158426558, Acc:62.294, LR:0.0005
Epoch:2, Loss:1.0488856793666372, Acc:69.736, LR:0.0005
Epoch:3, Loss:0.8885255431642338, Acc:74.006, LR:0.0005
Epoch:4, Loss:0.7634408869305436, Acc:77.518, LR:0.0005
Validation: Loss:0.8800209045410157, Acc:74.71
Best model updated!
Epoch:5, Loss:0.6796504636200107, Acc:79.744, LR:0.0005
Epoch:6, Loss:0.5976652369207266, Acc:82.1, LR:0.0005
Epoch:7, Loss:0.5341965601760514, Acc:83.874, LR:0.0005
Epoch:8, Loss:0.4846227637359074, Acc:85.412, LR:0.0005
Epoch:9, Loss:0.4373190579365711, Acc:86.722, LR:0.0005
Validation: Loss:0.8342176049947738, Acc:76.89
Best model updated!
Epoch:10, Loss:0.3918847091952149, Acc:88.084, LR:0.0005
Epoch:11, Loss:0.3541946465871772, Acc:89.132, LR:0.0005
Epoch:12, Loss:0.3090130192588787, Acc:90.348, LR:0.0005
Epoch:13, Loss:0.28726931570135816, Acc:91.078, LR:0.0005
Epoch:14, Loss:0.2633214557961542, Acc:91.834, LR:0.0005
Validation: Loss:0.8474416494369507, Acc:78.02
Best model updated!
Epoch:15, Loss:0.24739364960363933, Acc:92.374, LR:0.0005
Epoch:16, Loss:0.23105684637415166, Acc:92.912, LR:0.0005
Epoch:17, Loss:0.21193166959042453, Acc:93.53, LR:0.0005
Epoch:18, Loss:0.20610665012987292, Acc:93.78, LR:0.0005
Epoch:19, Loss:0.1872244081935104, Acc:94.252, LR:0.0005
Validation: Loss:0.9074569523334504, Acc:77.14
Epoch:20, Loss:0.17533338336007936, Acc:94.604, LR:0.0005
Epoch:21, Loss:0.1671877853876474, Acc:94.888, LR:0.0005
Epoch:22, Loss:0.16398706309953515, Acc:94.878, LR:0.0005
Epoch:23, Loss:0.14731571595279538, Acc:95.442, LR:0.0005
Epoch:24, Loss:0.1428271765459557, Acc:95.51, LR:0.0005
Validation: Loss:0.9760880291461944, Acc:76.81
Epoch:25, Loss:0.14968441753667228, Acc:95.378, LR:0.0005
Epoch:26, Loss:0.1409100484178991, Acc:95.618, LR:0.0005
Epoch:27, Loss:0.1297208529954054, Acc:96.068, LR:0.0005
Epoch:28, Loss:0.12949321046471596, Acc:96.104, LR:0.0005
Epoch:29, Loss:0.12198545289587001, Acc:96.238, LR:0.0001
Validation: Loss:0.9994232356548309, Acc:77.64
Epoch:30, Loss:0.06284710204190745, Acc:98.218, LR:0.0001
Epoch:31, Loss:0.03756769385416897, Acc:99.02, LR:0.0001
Epoch:32, Loss:0.03415348167930331, Acc:99.102, LR:0.0001
Epoch:33, Loss:0.027258280645675804, Acc:99.322, LR:0.0001
Epoch:34, Loss:0.025266917679002698, Acc:99.388, LR:0.0001
Validation: Loss:0.8257533282041549, Acc:81.21
Best model updated!
Epoch:35, Loss:0.0212251652621341, Acc:99.502, LR:0.0001
Epoch:36, Loss:0.020795745219161013, Acc:99.508, LR:0.0001
Epoch:37, Loss:0.01923746601393332, Acc:99.528, LR:0.0001
Epoch:38, Loss:0.01756524062259313, Acc:99.584, LR:0.0001
Epoch:39, Loss:0.01680806169894581, Acc:99.622, LR:0.0001
Validation: Loss:0.8344968557357788, Acc:81.45
Best model updated!
Epoch:40, Loss:0.01660084127144394, Acc:99.592, LR:0.0001
Epoch:41, Loss:0.014994049644363778, Acc:99.674, LR:0.0001
Epoch:42, Loss:0.014975003769849332, Acc:99.684, LR:0.0001
Epoch:43, Loss:0.013942359680575984, Acc:99.686, LR:0.0001
Epoch:44, Loss:0.01318203648599815, Acc:99.696, LR:0.0001
Validation: Loss:0.8514527708292008, Acc:81.45
Epoch:45, Loss:0.013555765869476053, Acc:99.686, LR:0.0001
Epoch:46, Loss:0.012193216759312366, Acc:99.764, LR:0.0001
Epoch:47, Loss:0.012881326218306715, Acc:99.692, LR:0.0001
Epoch:48, Loss:0.0128245366932064, Acc:99.708, LR:0.0001
Epoch:49, Loss:0.01190155224722563, Acc:99.728, LR:0.0001
Validation: Loss:0.8731534093618393, Acc:81.54
Best model updated!
Epoch:50, Loss:0.012986668152734637, Acc:99.69, LR:0.0001
Epoch:51, Loss:0.01231010023941647, Acc:99.692, LR:0.0001
Epoch:52, Loss:0.012491122453606554, Acc:99.682, LR:0.0001
Epoch:53, Loss:0.011854895305040539, Acc:99.706, LR:0.0001
Epoch:54, Loss:0.012418673787151977, Acc:99.7, LR:0.0001
Validation: Loss:0.894593745470047, Acc:81.11
Epoch:55, Loss:0.01262693349937243, Acc:99.7, LR:0.0001
Epoch:56, Loss:0.014282503122539848, Acc:99.622, LR:0.0001
Epoch:57, Loss:0.011926985607121368, Acc:99.708, LR:0.0001
Epoch:58, Loss:0.012627006190049708, Acc:99.694, LR:0.0001
Epoch:59, Loss:0.01334484521185561, Acc:99.672, LR:2e-05
Validation: Loss:0.9068444937467575, Acc:81.26
Epoch:60, Loss:0.01039638069496319, Acc:99.744, LR:2e-05
Epoch:61, Loss:0.008663090192997942, Acc:99.792, LR:2e-05
Epoch:62, Loss:0.00728889749794058, Acc:99.838, LR:2e-05
Epoch:63, Loss:0.007739679726334859, Acc:99.83, LR:2e-05
Epoch:64, Loss:0.007260431200550983, Acc:99.844, LR:2e-05
Validation: Loss:0.8721009850502014, Acc:81.79
Best model updated!
Epoch:65, Loss:0.006324042972386339, Acc:99.864, LR:2e-05
Epoch:66, Loss:0.007232767035614471, Acc:99.828, LR:2e-05
Epoch:67, Loss:0.00627762270849008, Acc:99.862, LR:2e-05
Epoch:68, Loss:0.00631010756181667, Acc:99.884, LR:2e-05
Epoch:69, Loss:0.006211581352470937, Acc:99.858, LR:2e-05
Validation: Loss:0.8691113233566284, Acc:81.98
Best model updated!
Epoch:70, Loss:0.006358029285198723, Acc:99.862, LR:2e-05
Epoch:71, Loss:0.0056012607350641366, Acc:99.874, LR:2e-05
Epoch:72, Loss:0.006189270960689731, Acc:99.854, LR:2e-05
Epoch:73, Loss:0.005776845321429855, Acc:99.87, LR:2e-05
Epoch:74, Loss:0.0053279772127636385, Acc:99.878, LR:2e-05
Validation: Loss:0.8751920700073242, Acc:82.04
Best model updated!
Epoch:75, Loss:0.004699306121827769, Acc:99.916, LR:2e-05
Epoch:76, Loss:0.004901902488793949, Acc:99.892, LR:2e-05
Epoch:77, Loss:0.005141826510448389, Acc:99.884, LR:2e-05
Epoch:78, Loss:0.004797082504837261, Acc:99.87, LR:2e-05
Epoch:79, Loss:0.00492098083843154, Acc:99.904, LR:2e-05
Validation: Loss:0.8834286242723465, Acc:81.67
Epoch:80, Loss:0.005017510612913389, Acc:99.9, LR:2e-05
Epoch:81, Loss:0.0049024497762284415, Acc:99.898, LR:2e-05
Epoch:82, Loss:0.005005813056451021, Acc:99.87, LR:2e-05
Epoch:83, Loss:0.0042315739437424555, Acc:99.922, LR:2e-05
Epoch:84, Loss:0.005295465484722422, Acc:99.876, LR:2e-05
Validation: Loss:0.882566773891449, Acc:82.03
Epoch:85, Loss:0.004366343574864524, Acc:99.91, LR:2e-05
Epoch:86, Loss:0.004684740829528595, Acc:99.91, LR:2e-05
Epoch:87, Loss:0.004732523542325184, Acc:99.904, LR:2e-05
Epoch:88, Loss:0.004627759778653557, Acc:99.896, LR:2e-05
Epoch:89, Loss:0.005260176992290939, Acc:99.888, LR:4.000000000000001e-06
Validation: Loss:0.8879778414964676, Acc:81.77
Epoch:90, Loss:0.0046891692743104485, Acc:99.892, LR:4.000000000000001e-06
Epoch:91, Loss:0.00377134822204481, Acc:99.928, LR:4.000000000000001e-06
Epoch:92, Loss:0.004174582989249683, Acc:99.908, LR:4.000000000000001e-06
Epoch:93, Loss:0.004147298879949946, Acc:99.912, LR:4.000000000000001e-06
Epoch:94, Loss:0.00393641816407005, Acc:99.912, LR:4.000000000000001e-06
Validation: Loss:0.8828019827604294, Acc:81.84
Epoch:95, Loss:0.003940691823396376, Acc:99.918, LR:4.000000000000001e-06
Epoch:96, Loss:0.003608043605523488, Acc:99.926, LR:4.000000000000001e-06
Epoch:97, Loss:0.0038941954482318263, Acc:99.922, LR:4.000000000000001e-06
Epoch:98, Loss:0.00414142653355565, Acc:99.904, LR:4.000000000000001e-06
Epoch:99, Loss:0.0037378346843274348, Acc:99.92, LR:4.000000000000001e-06
Validation: Loss:0.8837058663368225, Acc:82.01
Epoch:100, Loss:0.003744797396226501, Acc:99.918, LR:4.000000000000001e-06
Epoch:101, Loss:0.003716706978370987, Acc:99.934, LR:4.000000000000001e-06
Epoch:102, Loss:0.0036879646032335883, Acc:99.914, LR:4.000000000000001e-06
Epoch:103, Loss:0.003748191816361659, Acc:99.898, LR:4.000000000000001e-06
Epoch:104, Loss:0.004150448757822492, Acc:99.91, LR:4.000000000000001e-06
Validation: Loss:0.8823186039924622, Acc:82.13
Best model updated!
Epoch:105, Loss:0.0034231791006667273, Acc:99.934, LR:4.000000000000001e-06
Epoch:106, Loss:0.003504426542275148, Acc:99.926, LR:4.000000000000001e-06
Epoch:107, Loss:0.0037610527152927326, Acc:99.932, LR:4.000000000000001e-06
Epoch:108, Loss:0.004127174196527244, Acc:99.914, LR:4.000000000000001e-06
Epoch:109, Loss:0.0034950476505660583, Acc:99.916, LR:4.000000000000001e-06
Validation: Loss:0.8830379575490952, Acc:82.1
Epoch:110, Loss:0.0037601760984160844, Acc:99.898, LR:4.000000000000001e-06
Epoch:111, Loss:0.003566769955499212, Acc:99.938, LR:4.000000000000001e-06
Epoch:112, Loss:0.0038779911778781713, Acc:99.912, LR:4.000000000000001e-06
Epoch:113, Loss:0.0036622660925934966, Acc:99.916, LR:4.000000000000001e-06
Epoch:114, Loss:0.0033776295206233934, Acc:99.924, LR:4.000000000000001e-06
Validation: Loss:0.8808335542678833, Acc:82.16
Best model updated!
Epoch:115, Loss:0.0034414483697571773, Acc:99.91, LR:4.000000000000001e-06
Epoch:116, Loss:0.0037078922460026735, Acc:99.926, LR:4.000000000000001e-06
Epoch:117, Loss:0.0037897058782804453, Acc:99.914, LR:4.000000000000001e-06
Epoch:118, Loss:0.0035834453069861524, Acc:99.922, LR:4.000000000000001e-06
Epoch:119, Loss:0.0033472237208078863, Acc:99.918, LR:8.000000000000002e-07
Validation: Loss:0.8824131071567536, Acc:82.16
Epoch:120, Loss:0.0033368583939665433, Acc:99.936, LR:8.000000000000002e-07
Epoch:121, Loss:0.003588449131526357, Acc:99.928, LR:8.000000000000002e-07
Epoch:122, Loss:0.0031725129092406786, Acc:99.942, LR:8.000000000000002e-07
Epoch:123, Loss:0.003860604025100415, Acc:99.932, LR:8.000000000000002e-07
Epoch:124, Loss:0.0034093602188644285, Acc:99.944, LR:8.000000000000002e-07
Validation: Loss:0.8844651997089386, Acc:82.17
Best model updated!
Epoch:125, Loss:0.00341082335573298, Acc:99.938, LR:8.000000000000002e-07
Epoch:126, Loss:0.003660951109070863, Acc:99.928, LR:8.000000000000002e-07
Epoch:127, Loss:0.002900177030824125, Acc:99.962, LR:8.000000000000002e-07
Epoch:128, Loss:0.003187542885176039, Acc:99.936, LR:8.000000000000002e-07
Epoch:129, Loss:0.0034771328037652206, Acc:99.93, LR:8.000000000000002e-07
Validation: Loss:0.880168542265892, Acc:82.25
Best model updated!
Epoch:130, Loss:0.003461329015779632, Acc:99.936, LR:8.000000000000002e-07
Epoch:131, Loss:0.003272207804874764, Acc:99.94, LR:8.000000000000002e-07
Epoch:132, Loss:0.00305605076053845, Acc:99.934, LR:8.000000000000002e-07
Epoch:133, Loss:0.003320234600212235, Acc:99.94, LR:8.000000000000002e-07
Epoch:134, Loss:0.0034470814286151484, Acc:99.924, LR:8.000000000000002e-07
Validation: Loss:0.8809723794460297, Acc:82.27
Best model updated!
Epoch:135, Loss:0.0033917729671550344, Acc:99.93, LR:8.000000000000002e-07
Epoch:136, Loss:0.0034461271573732397, Acc:99.924, LR:8.000000000000002e-07
Epoch:137, Loss:0.003664774767940446, Acc:99.896, LR:8.000000000000002e-07
Epoch:138, Loss:0.0036230144294083348, Acc:99.916, LR:8.000000000000002e-07
Epoch:139, Loss:0.0036308720520203362, Acc:99.926, LR:8.000000000000002e-07
Validation: Loss:0.8810772776603699, Acc:82.19
Epoch:140, Loss:0.0033255175536507932, Acc:99.928, LR:8.000000000000002e-07
Epoch:141, Loss:0.0037938036144549523, Acc:99.922, LR:8.000000000000002e-07
Epoch:142, Loss:0.003071282126665191, Acc:99.95, LR:8.000000000000002e-07
Epoch:143, Loss:0.0036832820047976032, Acc:99.908, LR:8.000000000000002e-07
Epoch:144, Loss:0.003646709324259843, Acc:99.928, LR:8.000000000000002e-07
Validation: Loss:0.8842338055372239, Acc:82.18
Epoch:145, Loss:0.003281558480123248, Acc:99.926, LR:8.000000000000002e-07
Epoch:146, Loss:0.003469380286370157, Acc:99.922, LR:8.000000000000002e-07
Epoch:147, Loss:0.0032278826455490626, Acc:99.932, LR:8.000000000000002e-07
Epoch:148, Loss:0.003129284196932401, Acc:99.934, LR:8.000000000000002e-07
Epoch:149, Loss:0.0033148719474188604, Acc:99.936, LR:1.6000000000000006e-07
Validation: Loss:0.882912015914917, Acc:82.29
Best model updated!
Epoch:150, Loss:0.0031550618800885825, Acc:99.932, LR:1.6000000000000006e-07
Epoch:151, Loss:0.003277898305190765, Acc:99.934, LR:1.6000000000000006e-07
Epoch:152, Loss:0.0033905862685654083, Acc:99.938, LR:1.6000000000000006e-07
Epoch:153, Loss:0.003668343691079288, Acc:99.928, LR:1.6000000000000006e-07
Epoch:154, Loss:0.003712841110037906, Acc:99.918, LR:1.6000000000000006e-07
Validation: Loss:0.8842307358980179, Acc:82.09
Epoch:155, Loss:0.0031310977284768025, Acc:99.928, LR:1.6000000000000006e-07
Epoch:156, Loss:0.0031105415148384944, Acc:99.938, LR:1.6000000000000006e-07
Epoch:157, Loss:0.0031307643007401527, Acc:99.936, LR:1.6000000000000006e-07
Epoch:158, Loss:0.003052946013203651, Acc:99.938, LR:1.6000000000000006e-07
Epoch:159, Loss:0.0028332344836042244, Acc:99.952, LR:1.6000000000000006e-07
Validation: Loss:0.8819460391998291, Acc:82.18
Epoch:160, Loss:0.0033179129781534095, Acc:99.922, LR:1.6000000000000006e-07
Epoch:161, Loss:0.0032666608915730777, Acc:99.926, LR:1.6000000000000006e-07
Epoch:162, Loss:0.002862257872261487, Acc:99.942, LR:1.6000000000000006e-07
Epoch:163, Loss:0.0033064217298358145, Acc:99.93, LR:1.6000000000000006e-07
Epoch:164, Loss:0.0032341067467778163, Acc:99.922, LR:1.6000000000000006e-07
Validation: Loss:0.8808709770441056, Acc:82.25
Epoch:165, Loss:0.0030325207596749297, Acc:99.94, LR:1.6000000000000006e-07
Epoch:166, Loss:0.0031758391521681025, Acc:99.924, LR:1.6000000000000006e-07
Epoch:167, Loss:0.0029419751253397185, Acc:99.932, LR:1.6000000000000006e-07
Epoch:168, Loss:0.0033663109821571533, Acc:99.928, LR:1.6000000000000006e-07
Epoch:169, Loss:0.0034620223931578578, Acc:99.916, LR:1.6000000000000006e-07
Validation: Loss:0.8836640775203705, Acc:82.3
Best model updated!
Epoch:170, Loss:0.0033366129797769294, Acc:99.926, LR:1.6000000000000006e-07
Epoch:171, Loss:0.003266424181210637, Acc:99.932, LR:1.6000000000000006e-07
Epoch:172, Loss:0.003370406631171247, Acc:99.93, LR:1.6000000000000006e-07
Epoch:173, Loss:0.0032904293371497522, Acc:99.938, LR:1.6000000000000006e-07
Epoch:174, Loss:0.003051005265252589, Acc:99.936, LR:1.6000000000000006e-07
Validation: Loss:0.882049360871315, Acc:82.16
Epoch:175, Loss:0.003542048111201587, Acc:99.92, LR:1.6000000000000006e-07
Epoch:176, Loss:0.003026754641073889, Acc:99.936, LR:1.6000000000000006e-07
Epoch:177, Loss:0.0031474843462073834, Acc:99.936, LR:1.6000000000000006e-07
Epoch:178, Loss:0.00341267282575635, Acc:99.926, LR:1.6000000000000006e-07
Epoch:179, Loss:0.0032439209415092685, Acc:99.922, LR:3.2000000000000015e-08
Validation: Loss:0.8824060767889023, Acc:82.18
Epoch:180, Loss:0.0031017030895763666, Acc:99.946, LR:3.2000000000000015e-08
Epoch:181, Loss:0.0031876759431372415, Acc:99.93, LR:3.2000000000000015e-08
Epoch:182, Loss:0.003175895436006427, Acc:99.926, LR:3.2000000000000015e-08
Epoch:183, Loss:0.003076504699752799, Acc:99.936, LR:3.2000000000000015e-08
Epoch:184, Loss:0.002829402126253069, Acc:99.952, LR:3.2000000000000015e-08
Validation: Loss:0.8825104534626007, Acc:82.26
Epoch:185, Loss:0.0032530120010867865, Acc:99.918, LR:3.2000000000000015e-08
Epoch:186, Loss:0.003317953497812874, Acc:99.926, LR:3.2000000000000015e-08
Epoch:187, Loss:0.0031435367893617675, Acc:99.94, LR:3.2000000000000015e-08
Epoch:188, Loss:0.003556386334227626, Acc:99.922, LR:3.2000000000000015e-08
Epoch:189, Loss:0.003362984484422724, Acc:99.918, LR:3.2000000000000015e-08
Validation: Loss:0.8807177901268005, Acc:82.12
Epoch:190, Loss:0.003352544159980073, Acc:99.93, LR:3.2000000000000015e-08
Epoch:191, Loss:0.0033338736672648135, Acc:99.926, LR:3.2000000000000015e-08
Epoch:192, Loss:0.0032836186992983353, Acc:99.928, LR:3.2000000000000015e-08
Epoch:193, Loss:0.0035670450454986444, Acc:99.916, LR:3.2000000000000015e-08
Epoch:194, Loss:0.0035899718884825327, Acc:99.922, LR:3.2000000000000015e-08
Validation: Loss:0.8813279658555985, Acc:82.26
Epoch:195, Loss:0.003218596437660863, Acc:99.928, LR:3.2000000000000015e-08
Epoch:196, Loss:0.0028023965625871656, Acc:99.952, LR:3.2000000000000015e-08
Epoch:197, Loss:0.003632509341458695, Acc:99.924, LR:3.2000000000000015e-08
Epoch:198, Loss:0.003102472394096608, Acc:99.93, LR:3.2000000000000015e-08
Epoch:199, Loss:0.0033669066300606163, Acc:99.928, LR:3.2000000000000015e-08
Validation: Loss:0.8838219195604324, Acc:82.17
Test: Acc:82.3
