nohup: ignoring input
/home/liuyuanye/miniconda3/envs/py39/lib/python3.9/site-packages/torchvision/models/_utils.py:223: UserWarning: Arguments other than a weight enum or `None` for 'weights' are deprecated since 0.13 and will be removed in 0.15. The current behavior is equivalent to passing `weights=None`.
  warnings.warn(msg)
<class '__main__.args'>
Pretrained=False, Training with lr=0.0003, decay=0.0003
2024-06-14 18:51:11
Epoch:0, Loss:4.988804763677169, Acc:1.65, LR:0.0002999259840548597
Epoch:1, Loss:4.620817812121644, Acc:3.102, LR:0.0002997040092642407
Epoch:2, Loss:4.3744107557802785, Acc:4.476, LR:0.000299334294690462
Epoch:3, Loss:4.235925698766903, Acc:5.658, LR:0.0002988172051971717
Epoch:4, Loss:4.133107642738187, Acc:6.848, LR:0.00029815325108927063
Validation: Loss:4.024434590339661, Acc:8.13
Best model updated!
Epoch:5, Loss:4.05198746068137, Acc:7.676, LR:0.00029734308760930326
Epoch:6, Loss:3.988977052727524, Acc:8.47, LR:0.00029638751429081204
Epoch:7, Loss:3.9350210549880047, Acc:9.232, LR:0.0002952874741692946
Epoch:8, Loss:3.898405520283446, Acc:10.02, LR:0.00029404405285154137
Epoch:9, Loss:3.8576622228233184, Acc:10.43, LR:0.0002926584774442729
Validation: Loss:3.75588800907135, Acc:12.39
Best model updated!
Epoch:10, Loss:3.8175937277930125, Acc:11.382, LR:0.00029113211534313374
Epoch:11, Loss:3.788331148575763, Acc:11.464, LR:0.0002894664728832376
Epoch:12, Loss:3.749101682585113, Acc:12.196, LR:0.0002876631938525971
Epoch:13, Loss:3.7182547754170945, Acc:12.612, LR:0.0002857240578699029
Epoch:14, Loss:3.6856470010718523, Acc:13.28, LR:0.00028365097862825513
Validation: Loss:3.572425377368927, Acc:15.7
Best model updated!
Epoch:15, Loss:3.660413274959642, Acc:13.722, LR:0.0002814460020065795
Epoch:16, Loss:3.6347387712828967, Acc:13.97, LR:0.0002791113040505915
Epoch:17, Loss:3.604008051813865, Acc:14.624, LR:0.00027664918882530225
Epoch:18, Loss:3.5843691923180403, Acc:15.046, LR:0.00027406208614118424
Epoch:19, Loss:3.55727087964817, Acc:15.694, LR:0.0002713525491562421
Validation: Loss:3.4481114983558654, Acc:17.57
Best model updated!
Epoch:20, Loss:3.5322306180486875, Acc:15.746, LR:0.00026852325185635354
Epoch:21, Loss:3.5093444634457023, Acc:16.336, LR:0.0002655769864163684
Epoch:22, Loss:3.4794365605529474, Acc:16.782, LR:0.00026251666044456895
Epoch:23, Loss:3.4636878432059777, Acc:16.916, LR:0.0002593452941132118
Epoch:24, Loss:3.431488071169172, Acc:17.738, LR:0.0002560660171779822
Validation: Loss:3.341885280609131, Acc:19.55
Best model updated!
Epoch:25, Loss:3.418267128418903, Acc:18.062, LR:0.00025268206588930335
Epoch:26, Loss:3.395366824403101, Acc:18.254, LR:0.0002491967797985478
Epoch:27, Loss:3.379058392680421, Acc:18.388, LR:0.0002456135984623035
Epoch:28, Loss:3.3565554448536465, Acc:19.244, LR:0.00024193605804794655
Epoch:29, Loss:3.3375147897370008, Acc:19.33, LR:0.00023816778784387105
Validation: Loss:3.2508461236953736, Acc:21.12
Best model updated!
Epoch:30, Loss:3.3231696109382476, Acc:19.504, LR:0.00023431250667781966
Epoch:31, Loss:3.310275360029571, Acc:19.84, LR:0.00023037401924684952
Epoch:32, Loss:3.2910891601017545, Acc:20.186, LR:0.00022635621236255572
Epoch:33, Loss:3.2696202847422384, Acc:20.608, LR:0.00022226305111525731
Epoch:34, Loss:3.260224388570202, Acc:20.688, LR:0.00021809857496093204
Validation: Loss:3.1727043867111204, Acc:22.82
Best model updated!
Epoch:35, Loss:3.2374770787297464, Acc:21.066, LR:0.00021386689373476092
Epoch:36, Loss:3.228724868930116, Acc:21.164, LR:0.00020957218359521712
Epoch:37, Loss:3.210336758165943, Acc:21.702, LR:0.00020521868290270177
Epoch:38, Loss:3.1931574101350746, Acc:21.922, LR:0.00020081068803679377
Epoch:39, Loss:3.1806072750870062, Acc:22.134, LR:0.00019635254915624216
Validation: Loss:3.112048363685608, Acc:24.49
Best model updated!
Epoch:40, Loss:3.162909128228012, Acc:22.238, LR:0.00019184866590588444
Epoch:41, Loss:3.14605767143016, Acc:22.69, LR:0.00018730348307472821
Epoch:42, Loss:3.1435069137690017, Acc:22.792, LR:0.00018272148620948142
Epoch:43, Loss:3.126571918020443, Acc:23.146, LR:0.00017810719718785875
Epoch:44, Loss:3.115851638268451, Acc:23.536, LR:0.00017346516975603468
Validation: Loss:3.067681908607483, Acc:24.89
Best model updated!
Epoch:45, Loss:3.1026957667603785, Acc:23.602, LR:0.0001687999850346457
Epoch:46, Loss:3.0891783359099407, Acc:23.81, LR:0.00016411624699777717
Epoch:47, Loss:3.077777344353345, Acc:23.916, LR:0.00015941857792939706
Epoch:48, Loss:3.072685112758559, Acc:23.916, LR:0.00015471161386171927
Epoch:49, Loss:3.058751809353731, Acc:24.526, LR:0.00015000000000000001
Validation: Loss:3.019498586654663, Acc:26.19
Best model updated!
Epoch:50, Loss:3.0527528743354644, Acc:24.434, LR:0.00014528838613828078
Epoch:51, Loss:3.0399980423401813, Acc:24.984, LR:0.00014058142207060302
Epoch:52, Loss:3.0263174334350897, Acc:24.894, LR:0.00013588375300222289
Epoch:53, Loss:3.0176923007381204, Acc:25.044, LR:0.0001312000149653544
Epoch:54, Loss:3.019583144966437, Acc:24.98, LR:0.0001265348302439654
Validation: Loss:2.984302079677582, Acc:27.15
Best model updated!
Epoch:55, Loss:3.006197384425572, Acc:25.416, LR:0.00012189280281214134
Epoch:56, Loss:2.992668701677906, Acc:25.722, LR:0.00011727851379051869
Epoch:57, Loss:2.99003710795422, Acc:25.672, LR:0.0001126965169252718
Epoch:58, Loss:2.9753416509044412, Acc:26.034, LR:0.00010815133409411566
Epoch:59, Loss:2.9713939039074644, Acc:26.07, LR:0.00010364745084375796
Validation: Loss:2.9718610644340515, Acc:27.76
Best model updated!
Epoch:60, Loss:2.967891121397213, Acc:26.154, LR:9.918931196320633e-05
Epoch:61, Loss:2.956211975642613, Acc:26.372, LR:9.478131709729838e-05
Epoch:62, Loss:2.9530056739340025, Acc:26.47, LR:9.042781640478292e-05
Epoch:63, Loss:2.9429077566886437, Acc:26.58, LR:8.613310626523913e-05
Epoch:64, Loss:2.9296511046740474, Acc:26.976, LR:8.190142503906802e-05
Validation: Loss:2.946185803413391, Acc:27.78
Best model updated!
Epoch:65, Loss:2.931886371301145, Acc:26.86, LR:7.773694888474271e-05
Epoch:66, Loss:2.921619643970412, Acc:27.04, LR:7.364378763744433e-05
Epoch:67, Loss:2.925011087437065, Acc:27.062, LR:6.96259807531505e-05
Epoch:68, Loss:2.914970088978203, Acc:27.078, LR:6.568749332218042e-05
Epoch:69, Loss:2.9109889609473094, Acc:27.15, LR:6.183221215612908e-05
Validation: Loss:2.9311779379844665, Acc:27.95
Best model updated!
Epoch:70, Loss:2.9079790601924973, Acc:27.4, LR:5.806394195205354e-05
Epoch:71, Loss:2.9013370080870025, Acc:27.412, LR:5.438640153769656e-05
Epoch:72, Loss:2.9036935567855835, Acc:27.364, LR:5.080322020145227e-05
Epoch:73, Loss:2.8943970227728086, Acc:27.602, LR:4.731793411069671e-05
Epoch:74, Loss:2.884741425514221, Acc:27.982, LR:4.39339828220179e-05
Validation: Loss:2.9243115305900576, Acc:28.32
Best model updated!
Epoch:75, Loss:2.8858561369837545, Acc:27.644, LR:4.065470588678832e-05
Epoch:76, Loss:2.8846309258013356, Acc:27.854, LR:3.7483339555431075e-05
Epoch:77, Loss:2.878819757578324, Acc:28.114, LR:3.442301358363164e-05
Epoch:78, Loss:2.878093339958969, Acc:27.932, LR:3.147674814364645e-05
Epoch:79, Loss:2.8667618328211257, Acc:28.128, LR:2.8647450843757908e-05
Validation: Loss:2.901972305774689, Acc:28.51
Best model updated!
Epoch:80, Loss:2.866034140392226, Acc:28.222, LR:2.5937913858815748e-05
Epoch:81, Loss:2.866939281930729, Acc:28.176, LR:2.3350811174697777e-05
Epoch:82, Loss:2.863768300231622, Acc:28.202, LR:2.088869594940844e-05
Epoch:83, Loss:2.8701357646864287, Acc:28.086, LR:1.8553997993420465e-05
Epoch:84, Loss:2.865528868169201, Acc:27.97, LR:1.6349021371744834e-05
Validation: Loss:2.915684771537781, Acc:28.19
Epoch:85, Loss:2.851111672362503, Acc:28.446, LR:1.4275942130097098e-05
Epoch:86, Loss:2.8612340202136917, Acc:28.182, LR:1.2336806147402864e-05
Epoch:87, Loss:2.853243589401245, Acc:28.356, LR:1.0533527116762298e-05
Epoch:88, Loss:2.850408381345321, Acc:28.416, LR:8.867884656866183e-06
Epoch:89, Loss:2.8613433959532757, Acc:28.352, LR:7.341522555726971e-06
Validation: Loss:2.9155254125595094, Acc:28.6
Best model updated!
Epoch:90, Loss:2.854894278000812, Acc:28.366, LR:5.955947148458557e-06
Epoch:91, Loss:2.847518271329452, Acc:28.51, LR:4.712525830705355e-06
Epoch:92, Loss:2.8483099207586173, Acc:28.412, LR:3.612485709187901e-06
Epoch:93, Loss:2.850227774405966, Acc:28.71, LR:2.6569123906966916e-06
Epoch:94, Loss:2.851663664895661, Acc:28.29, LR:1.8467489107293509e-06
Validation: Loss:2.9080190777778627, Acc:28.62
Best model updated!
Epoch:95, Loss:2.851898273643182, Acc:28.646, LR:1.1827948028283352e-06
Epoch:96, Loss:2.8452160090816263, Acc:28.74, LR:6.657053095380005e-07
Epoch:97, Loss:2.855517256016634, Acc:28.32, LR:2.9599073575926616e-07
Epoch:98, Loss:2.8571592326066932, Acc:28.296, LR:7.401594514025999e-08
Epoch:99, Loss:2.852062059908497, Acc:28.572, LR:0.0
Validation: Loss:2.9134926319122316, Acc:28.15
Epoch:100, Loss:2.8442037957055226, Acc:28.394, LR:7.401594514025999e-08
Epoch:101, Loss:2.8488930585433025, Acc:28.682, LR:2.959907357592661e-07
Epoch:102, Loss:2.853469817005858, Acc:28.678, LR:6.657053095380004e-07
Epoch:103, Loss:2.852667253844592, Acc:28.412, LR:1.1827948028283183e-06
Epoch:104, Loss:2.8623960796667607, Acc:28.318, LR:1.846748910729334e-06
Validation: Loss:2.9111969113349914, Acc:28.96
Best model updated!
Epoch:105, Loss:2.8482632442396514, Acc:28.63, LR:2.6569123906967077e-06
Epoch:106, Loss:2.854905583420578, Acc:28.35, LR:3.612485709187884e-06
Epoch:107, Loss:2.853262492588588, Acc:28.404, LR:4.712525830705321e-06
Epoch:108, Loss:2.8515341671145693, Acc:28.382, LR:5.955947148458522e-06
Epoch:109, Loss:2.8477454355784824, Acc:28.752, LR:7.341522555726951e-06
Validation: Loss:2.9099075317382814, Acc:28.82
Epoch:110, Loss:2.847599039272386, Acc:28.406, LR:8.86788465686618e-06
Epoch:111, Loss:2.852292408748549, Acc:28.34, LR:1.0533527116762278e-05
Epoch:112, Loss:2.8501265170622845, Acc:28.42, LR:1.2336806147402808e-05
Epoch:113, Loss:2.851506989829394, Acc:28.528, LR:1.4275942130097042e-05
Epoch:114, Loss:2.8499081183452994, Acc:28.22, LR:1.6349021371744844e-05
Validation: Loss:2.9092666149139403, Acc:28.92
Epoch:115, Loss:2.856808470219982, Acc:28.212, LR:1.8553997993420472e-05
Epoch:116, Loss:2.846178363780586, Acc:28.448, LR:2.0888695949408444e-05
Epoch:117, Loss:2.8504167868166554, Acc:28.362, LR:2.3350811174697713e-05
Epoch:118, Loss:2.847461695573768, Acc:28.454, LR:2.593791385881568e-05
Epoch:119, Loss:2.849192964787386, Acc:28.446, LR:2.864745084375782e-05
Validation: Loss:2.9005423188209534, Acc:28.58
Epoch:120, Loss:2.840043858605988, Acc:28.646, LR:3.147674814364644e-05
Epoch:121, Loss:2.83843681277061, Acc:28.626, LR:3.44230135836316e-05
Epoch:122, Loss:2.844212996716402, Acc:28.372, LR:3.7483339555431034e-05
Epoch:123, Loss:2.8452750687696495, Acc:28.52, LR:4.0654705886788224e-05
Epoch:124, Loss:2.843792453104136, Acc:28.474, LR:4.39339828220178e-05
Validation: Loss:2.903477203845978, Acc:28.69
Epoch:125, Loss:2.838308667650028, Acc:28.464, LR:4.731793411069669e-05
Epoch:126, Loss:2.8414548173242684, Acc:28.742, LR:5.0803220201452194e-05
Epoch:127, Loss:2.8319444242788823, Acc:28.858, LR:5.4386401537696557e-05
Epoch:128, Loss:2.825978644040166, Acc:28.908, LR:5.806394195205352e-05
Epoch:129, Loss:2.8342503990445818, Acc:28.536, LR:6.1832212156129e-05
Validation: Loss:2.89745090007782, Acc:28.7
Epoch:130, Loss:2.839111929037133, Acc:28.682, LR:6.568749332218034e-05
Epoch:131, Loss:2.8320266713901443, Acc:28.878, LR:6.962598075315054e-05
Epoch:132, Loss:2.834286950072464, Acc:28.61, LR:7.364378763744432e-05
Epoch:133, Loss:2.826718887504266, Acc:29.008, LR:7.77369488847427e-05
Epoch:134, Loss:2.815801209332992, Acc:29.186, LR:8.190142503906793e-05
Validation: Loss:2.8851003766059877, Acc:28.87
Epoch:135, Loss:2.813047083056703, Acc:29.15, LR:8.613310626523915e-05
Epoch:136, Loss:2.8128518401360023, Acc:29.294, LR:9.042781640478292e-05
Epoch:137, Loss:2.8078828125583883, Acc:29.472, LR:9.478131709729829e-05
Epoch:138, Loss:2.808206782049062, Acc:29.42, LR:9.918931196320625e-05
Epoch:139, Loss:2.8085742361691532, Acc:28.99, LR:0.00010364745084375781
Validation: Loss:2.887639784812927, Acc:28.87
Epoch:140, Loss:2.8083755532089545, Acc:29.214, LR:0.00010815133409411552
Epoch:141, Loss:2.803260474788899, Acc:29.326, LR:0.00011269651692527181
Epoch:142, Loss:2.797782678993381, Acc:29.474, LR:0.0001172785137905186
Epoch:143, Loss:2.7950514409006857, Acc:29.374, LR:0.00012189280281214127
Epoch:144, Loss:2.7856318853339372, Acc:29.93, LR:0.0001265348302439653
Validation: Loss:2.8708910822868345, Acc:29.44
Best model updated!
Epoch:145, Loss:2.7933440159778207, Acc:29.68, LR:0.00013120001496535425
Epoch:146, Loss:2.7870512276279684, Acc:29.7, LR:0.00013588375300222283
Epoch:147, Loss:2.7735139715428256, Acc:29.932, LR:0.00014058142207060294
Epoch:148, Loss:2.7745907355327994, Acc:29.958, LR:0.00014528838613828067
Epoch:149, Loss:2.769100846076498, Acc:30.106, LR:0.00014999999999999988
Validation: Loss:2.8763911962509154, Acc:29.29
Epoch:150, Loss:2.7591853433725784, Acc:30.268, LR:0.00015471161386171908
Epoch:151, Loss:2.756614719118391, Acc:30.364, LR:0.00015941857792939681
Epoch:152, Loss:2.7549221953567193, Acc:30.238, LR:0.00016411624699777706
Epoch:153, Loss:2.740342064779632, Acc:30.482, LR:0.00016879998503464553
Epoch:154, Loss:2.7400756977042375, Acc:30.7, LR:0.0001734651697560345
Validation: Loss:2.8587751388549805, Acc:29.62
Best model updated!
Epoch:155, Loss:2.7401649149096743, Acc:30.564, LR:0.00017810719718785856
Epoch:156, Loss:2.730583606934061, Acc:30.97, LR:0.00018272148620948123
Epoch:157, Loss:2.728932799125204, Acc:30.852, LR:0.00018730348307472816
Epoch:158, Loss:2.7211590883683185, Acc:30.858, LR:0.00019184866590588428
Epoch:159, Loss:2.7114973895403804, Acc:31.032, LR:0.00019635254915624197
Validation: Loss:2.845999908447266, Acc:29.88
Best model updated!
Epoch:160, Loss:2.703097966252541, Acc:31.132, LR:0.00020081068803679352
Epoch:161, Loss:2.710587350689635, Acc:30.904, LR:0.00020521868290270147
Epoch:162, Loss:2.692528403535181, Acc:31.346, LR:0.00020957218359521685
Epoch:163, Loss:2.681236921524515, Acc:31.668, LR:0.00021386689373476063
Epoch:164, Loss:2.6875497005423723, Acc:31.532, LR:0.00021809857496093171
Validation: Loss:2.838675332069397, Acc:30.37
Best model updated!
Epoch:165, Loss:2.6782189267022267, Acc:31.75, LR:0.0002222630511152572
Epoch:166, Loss:2.668072586156884, Acc:32.052, LR:0.0002263562123625556
Epoch:167, Loss:2.6587024367585474, Acc:31.976, LR:0.0002303740192468494
Epoch:168, Loss:2.6525445008764463, Acc:32.334, LR:0.00023431250667781947
Epoch:169, Loss:2.6512811256914723, Acc:32.452, LR:0.0002381677878438708
Validation: Loss:2.8280732154846193, Acc:30.53
Best model updated!
Epoch:170, Loss:2.639669664052068, Acc:32.352, LR:0.00024193605804794627
Epoch:171, Loss:2.625768617707856, Acc:33.02, LR:0.00024561359846230325
Epoch:172, Loss:2.6209847172912286, Acc:32.896, LR:0.00024919677979854754
Epoch:173, Loss:2.6215716989672915, Acc:32.81, LR:0.00025268206588930297
Epoch:174, Loss:2.6180482591901506, Acc:33.148, LR:0.0002560660171779818
Validation: Loss:2.81069792509079, Acc:31.3
Best model updated!
Epoch:175, Loss:2.605989105847417, Acc:33.506, LR:0.0002593452941132115
Epoch:176, Loss:2.5896312241651573, Acc:33.55, LR:0.00026251666044456874
Epoch:177, Loss:2.591583626610892, Acc:33.494, LR:0.00026557698641636824
Epoch:178, Loss:2.579996425278333, Acc:33.846, LR:0.0002685232518563534
Epoch:179, Loss:2.57375650989766, Acc:34.158, LR:0.000271352549156242
Validation: Loss:2.816859018802643, Acc:31.03
Epoch:180, Loss:2.5565674961829674, Acc:34.494, LR:0.00027406208614118413
Epoch:181, Loss:2.5495414222989763, Acc:34.482, LR:0.00027664918882530214
Epoch:182, Loss:2.541131253145179, Acc:34.656, LR:0.0002791113040505914
Epoch:183, Loss:2.543671281970277, Acc:34.472, LR:0.0002814460020065794
Epoch:184, Loss:2.533332710363427, Acc:34.68, LR:0.00028365097862825513
Validation: Loss:2.7972217917442324, Acc:31.05
Epoch:185, Loss:2.518059258558312, Acc:35.07, LR:0.0002857240578699029
Epoch:186, Loss:2.5209594794682095, Acc:34.984, LR:0.0002876631938525972
Epoch:187, Loss:2.494475486327191, Acc:35.332, LR:0.00028946647288323766
Epoch:188, Loss:2.494332323268968, Acc:35.456, LR:0.0002911321153431338
Epoch:189, Loss:2.4893870621311422, Acc:35.568, LR:0.00029265847744427303
Validation: Loss:2.7925930976867677, Acc:32.05
Best model updated!
Epoch:190, Loss:2.466849458460905, Acc:35.806, LR:0.0002940440528515414
Epoch:191, Loss:2.462256027727711, Acc:36.41, LR:0.0002952874741692947
Epoch:192, Loss:2.458916508421606, Acc:36.288, LR:0.0002963875142908121
Epoch:193, Loss:2.4475022870667127, Acc:36.356, LR:0.0002973430876093033
Epoch:194, Loss:2.428961478933996, Acc:36.972, LR:0.00029815325108927063
Validation: Loss:2.7727901577949523, Acc:31.93
Epoch:195, Loss:2.428004892504945, Acc:36.906, LR:0.00029881720519717164
Epoch:196, Loss:2.416214149825427, Acc:36.996, LR:0.000299334294690462
Epoch:197, Loss:2.414203393216036, Acc:36.98, LR:0.0002997040092642407
Epoch:198, Loss:2.392329344944078, Acc:37.602, LR:0.0002999259840548597
Epoch:199, Loss:2.382826588591751, Acc:37.842, LR:0.0003
Validation: Loss:2.782840883731842, Acc:32.48
Best model updated!
Epoch:200, Loss:2.372372099331447, Acc:37.856, LR:0.0002999259840548597
Epoch:201, Loss:2.367170645266163, Acc:37.892, LR:0.0002997040092642407
Epoch:202, Loss:2.3548960977671096, Acc:38.324, LR:0.000299334294690462
Epoch:203, Loss:2.341927632993581, Acc:38.398, LR:0.0002988172051971717
Epoch:204, Loss:2.3327846429785906, Acc:38.91, LR:0.00029815325108927063
Validation: Loss:2.7911206245422364, Acc:31.93
Epoch:205, Loss:2.3262941375070687, Acc:38.968, LR:0.00029734308760930326
Epoch:206, Loss:2.3162652400075174, Acc:39.162, LR:0.00029638751429081204
Epoch:207, Loss:2.3043690603606555, Acc:39.422, LR:0.0002952874741692946
Epoch:208, Loss:2.2896957616416778, Acc:39.812, LR:0.00029404405285154137
Epoch:209, Loss:2.2814535705410703, Acc:40.286, LR:0.0002926584774442729
Validation: Loss:2.793779361248016, Acc:32.55
Best model updated!
Epoch:210, Loss:2.2740833929606845, Acc:40.112, LR:0.00029113211534313374
Epoch:211, Loss:2.2611922195979526, Acc:40.516, LR:0.0002894664728832376
Epoch:212, Loss:2.260251891856291, Acc:40.282, LR:0.0002876631938525971
Epoch:213, Loss:2.2340496121620643, Acc:40.756, LR:0.0002857240578699029
Epoch:214, Loss:2.224375447448419, Acc:41.212, LR:0.0002836509786282552
Validation: Loss:2.7850773692131043, Acc:33.18
Best model updated!
Epoch:215, Loss:2.224469255427925, Acc:41.126, LR:0.00028144600200657956
Epoch:216, Loss:2.2154210100368577, Acc:41.328, LR:0.0002791113040505916
Epoch:217, Loss:2.199721871590128, Acc:41.948, LR:0.0002766491888253023
Epoch:218, Loss:2.177932763586239, Acc:42.1, LR:0.00027406208614118424
Epoch:219, Loss:2.1746044900952555, Acc:42.246, LR:0.0002713525491562421
Validation: Loss:2.814921247959137, Acc:32.81
Epoch:220, Loss:2.172030047494538, Acc:42.168, LR:0.00026852325185635354
Epoch:221, Loss:2.1457338722384707, Acc:43.0, LR:0.00026557698641636835
Epoch:222, Loss:2.147160461970738, Acc:42.512, LR:0.00026251666044456895
Epoch:223, Loss:2.1279331847113006, Acc:43.328, LR:0.0002593452941132118
Epoch:224, Loss:2.114548778047367, Acc:43.644, LR:0.0002560660171779822
Validation: Loss:2.819166111946106, Acc:33.79
Best model updated!
Epoch:225, Loss:2.111404769274653, Acc:43.61, LR:0.0002526820658893034
Epoch:226, Loss:2.095324926230372, Acc:44.14, LR:0.00024919677979854787
Epoch:227, Loss:2.0946773412276287, Acc:43.948, LR:0.0002456135984623036
Epoch:228, Loss:2.074842178091711, Acc:44.192, LR:0.00024193605804794663
Epoch:229, Loss:2.066272394997733, Acc:44.718, LR:0.00023816778784387094
Validation: Loss:2.824609875679016, Acc:33.4
Epoch:230, Loss:2.062222118280372, Acc:44.896, LR:0.00023431250667781958
Epoch:231, Loss:2.044599681484456, Acc:44.958, LR:0.0002303740192468495
Epoch:232, Loss:2.035000874071705, Acc:45.258, LR:0.0002263562123625557
Epoch:233, Loss:2.0169986413449656, Acc:45.56, LR:0.00022226305111525731
Epoch:234, Loss:2.0085524271945565, Acc:45.9, LR:0.00021809857496093204
Validation: Loss:2.8454846382141112, Acc:33.21
Epoch:235, Loss:1.9982012790076586, Acc:46.02, LR:0.00021386689373476098
Epoch:236, Loss:1.9912028957386405, Acc:45.976, LR:0.0002095721835952172
Epoch:237, Loss:1.982864215665934, Acc:46.594, LR:0.00020521868290270185
Epoch:238, Loss:1.976195438783996, Acc:46.554, LR:0.00020081068803679388
Epoch:239, Loss:1.9578595976440274, Acc:47.182, LR:0.00019635254915624232
Validation: Loss:2.8592223644256594, Acc:33.42
Epoch:240, Loss:1.9504498340645615, Acc:47.266, LR:0.00019184866590588436
Epoch:241, Loss:1.9458926210598069, Acc:47.4, LR:0.00018730348307472821
Epoch:242, Loss:1.9333985338405686, Acc:47.6, LR:0.0001827214862094814
Epoch:243, Loss:1.9184744662168074, Acc:48.068, LR:0.00017810719718785873
Epoch:244, Loss:1.905569994936184, Acc:48.164, LR:0.00017346516975603468
Validation: Loss:2.8857243180274965, Acc:33.94
Best model updated!
Epoch:245, Loss:1.9036600419453211, Acc:48.138, LR:0.0001687999850346457
Epoch:246, Loss:1.8824257570870069, Acc:48.764, LR:0.00016411624699777725
Epoch:247, Loss:1.8791969978079504, Acc:48.944, LR:0.00015941857792939714
Epoch:248, Loss:1.8626050413871298, Acc:49.392, LR:0.00015471161386171943
Epoch:249, Loss:1.8591827348786958, Acc:49.382, LR:0.00015000000000000018
Validation: Loss:2.905276024341583, Acc:33.76
Epoch:250, Loss:1.8561536888686978, Acc:49.23, LR:0.0001452883861382807
Epoch:251, Loss:1.8516921559158637, Acc:49.576, LR:0.00014058142207060297
Epoch:252, Loss:1.8405382438581817, Acc:49.508, LR:0.00013588375300222286
Epoch:253, Loss:1.8180806904422993, Acc:50.02, LR:0.00013120001496535439
Epoch:254, Loss:1.828322867957913, Acc:50.206, LR:0.0001265348302439653
Validation: Loss:2.9116265892982485, Acc:34.04
Best model updated!
Epoch:255, Loss:1.809036494517813, Acc:50.508, LR:0.00012189280281214126
Epoch:256, Loss:1.802568041548437, Acc:50.69, LR:0.0001172785137905186
Epoch:257, Loss:1.7939227296381581, Acc:50.808, LR:0.00011269651692527179
Epoch:258, Loss:1.7878504590112336, Acc:51.28, LR:0.00010815133409411564
Epoch:259, Loss:1.7839293516412074, Acc:51.09, LR:0.00010364745084375795
Validation: Loss:2.9357925176620485, Acc:33.61
Epoch:260, Loss:1.7767701343614228, Acc:51.224, LR:9.918931196320637e-05
Epoch:261, Loss:1.7672090542559722, Acc:51.444, LR:9.478131709729842e-05
Epoch:262, Loss:1.7543935654114704, Acc:51.686, LR:9.04278164047828e-05
Epoch:263, Loss:1.7545068288335994, Acc:51.854, LR:8.613310626523901e-05
Epoch:264, Loss:1.7508315857575865, Acc:51.824, LR:8.190142503906791e-05
Validation: Loss:2.9350762486457826, Acc:34.4
Best model updated!
Epoch:265, Loss:1.7309237463133675, Acc:52.334, LR:7.773694888474266e-05
Epoch:266, Loss:1.7314792214607706, Acc:52.574, LR:7.364378763744429e-05
Epoch:267, Loss:1.7288510264182577, Acc:52.336, LR:6.962598075315051e-05
Epoch:268, Loss:1.718649175702309, Acc:52.928, LR:6.568749332218044e-05
Epoch:269, Loss:1.717062227580012, Acc:52.48, LR:6.183221215612908e-05
Validation: Loss:2.9470831155776978, Acc:34.21
Epoch:270, Loss:1.7182583212852478, Acc:52.768, LR:5.8063941952053605e-05
Epoch:271, Loss:1.7103121341491232, Acc:52.946, LR:5.4386401537696435e-05
Epoch:272, Loss:1.694093973052745, Acc:53.398, LR:5.0803220201452126e-05
Epoch:273, Loss:1.699024717418515, Acc:52.994, LR:4.731793411069664e-05
Epoch:274, Loss:1.6921509236705548, Acc:53.326, LR:4.393398282201783e-05
Validation: Loss:2.9670758724212645, Acc:33.89
Epoch:275, Loss:1.6902167468654865, Acc:53.41, LR:4.0654705886788245e-05
Epoch:276, Loss:1.6818955163566434, Acc:53.746, LR:3.7483339555431055e-05
Epoch:277, Loss:1.6785155023847307, Acc:53.57, LR:3.442301358363162e-05
Epoch:278, Loss:1.679244195928379, Acc:53.89, LR:3.147674814364646e-05
Epoch:279, Loss:1.6608302994650237, Acc:53.908, LR:2.8647450843757924e-05
Validation: Loss:2.968659245967865, Acc:33.67
Epoch:280, Loss:1.6604852834526374, Acc:54.032, LR:2.5937913858815785e-05
Epoch:281, Loss:1.6614335519926888, Acc:54.06, LR:2.3350811174697798e-05
Epoch:282, Loss:1.6628492255600131, Acc:53.91, LR:2.0888695949408397e-05
Epoch:283, Loss:1.6574934806142534, Acc:54.448, LR:1.855399799342042e-05
Epoch:284, Loss:1.6680260580413195, Acc:53.828, LR:1.634902137174479e-05
Validation: Loss:2.979588210582733, Acc:33.87
Epoch:285, Loss:1.6560252819742476, Acc:53.978, LR:1.4275942130097054e-05
Epoch:286, Loss:1.6533216152872359, Acc:54.378, LR:1.2336806147402818e-05
Epoch:287, Loss:1.6535909212365443, Acc:54.346, LR:1.0533527116762286e-05
Epoch:288, Loss:1.645542165454553, Acc:54.482, LR:8.867884656866187e-06
Epoch:289, Loss:1.6427268471036638, Acc:54.706, LR:7.341522555726991e-06
Validation: Loss:2.9786157965660096, Acc:33.99
Epoch:290, Loss:1.6400539862866303, Acc:54.522, LR:5.95594714845856e-06
Epoch:291, Loss:1.6370998584494298, Acc:54.744, LR:4.712525830705358e-06
Epoch:292, Loss:1.649110798933068, Acc:54.51, LR:3.6124857091879205e-06
Epoch:293, Loss:1.6425993272236414, Acc:54.612, LR:2.656912390696677e-06
Epoch:294, Loss:1.6380541543571316, Acc:54.68, LR:1.8467489107293358e-06
Validation: Loss:2.974770987033844, Acc:34.17
Epoch:295, Loss:1.6380164830052122, Acc:54.894, LR:1.1827948028283196e-06
Epoch:296, Loss:1.6484238079616003, Acc:54.184, LR:6.65705309538001e-07
Epoch:297, Loss:1.6459302963042746, Acc:54.654, LR:2.9599073575926637e-07
Epoch:298, Loss:1.6456586876694037, Acc:54.606, LR:7.401594514026004e-08
Epoch:299, Loss:1.6368251503730307, Acc:54.84, LR:0.0
Validation: Loss:2.98091516494751, Acc:33.99
Epoch:300, Loss:1.6398061209795427, Acc:54.516, LR:7.401594514025999e-08
Epoch:301, Loss:1.6442354321479797, Acc:54.394, LR:2.959907357592661e-07
Epoch:302, Loss:1.6398346922835525, Acc:54.692, LR:6.657053095379839e-07
Epoch:303, Loss:1.6523364368750124, Acc:54.35, LR:1.182794802828302e-06
Epoch:304, Loss:1.6450950770961994, Acc:54.554, LR:1.846748910729351e-06
Validation: Loss:2.978102946281433, Acc:34.28
Epoch:305, Loss:1.650895904521553, Acc:54.332, LR:2.656912390696708e-06
Epoch:306, Loss:1.6416904889807409, Acc:54.654, LR:3.612485709187901e-06
Epoch:307, Loss:1.645243306549228, Acc:54.656, LR:4.712525830705338e-06
Epoch:308, Loss:1.6447177273886544, Acc:54.744, LR:5.955947148458522e-06
Epoch:309, Loss:1.6482934647676897, Acc:54.736, LR:7.341522555726951e-06
Validation: Loss:2.9762672543525697, Acc:34.31
Epoch:310, Loss:1.6355630767588714, Acc:54.906, LR:8.867884656866144e-06
Epoch:311, Loss:1.6397198280509637, Acc:54.488, LR:1.0533527116762242e-05
Epoch:312, Loss:1.643169452949446, Acc:54.52, LR:1.2336806147402772e-05
Epoch:313, Loss:1.6410374653582671, Acc:54.476, LR:1.427594213009699e-05
Epoch:314, Loss:1.646681584873978, Acc:54.314, LR:1.634902137174484e-05
Validation: Loss:2.9640286207199096, Acc:33.46
Epoch:315, Loss:1.6441714836626637, Acc:54.76, LR:1.855399799342047e-05
Epoch:316, Loss:1.638555823540201, Acc:54.72, LR:2.0888695949408458e-05
Epoch:317, Loss:1.642643313018643, Acc:54.794, LR:2.3350811174697723e-05
Epoch:318, Loss:1.651068382117213, Acc:54.48, LR:2.5937913858815694e-05
Epoch:319, Loss:1.6491099377067722, Acc:54.41, LR:2.864745084375783e-05
Validation: Loss:2.971748673915863, Acc:33.74
Epoch:320, Loss:1.6401375641628189, Acc:54.634, LR:3.147674814364637e-05
Epoch:321, Loss:1.6527500736470124, Acc:54.252, LR:3.442301358363152e-05
Epoch:322, Loss:1.640934978212629, Acc:54.694, LR:3.748333955543095e-05
Epoch:323, Loss:1.6471953805612058, Acc:54.19, LR:4.065470588678812e-05
Epoch:324, Loss:1.6425794168394439, Acc:54.504, LR:4.39339828220177e-05
Validation: Loss:2.9980433344841004, Acc:33.35
Epoch:325, Loss:1.6480834994997298, Acc:54.452, LR:4.731793411069651e-05
Epoch:326, Loss:1.6416533467720966, Acc:55.092, LR:5.0803220201452194e-05
Epoch:327, Loss:1.637882384718681, Acc:54.534, LR:5.4386401537696306e-05
Epoch:328, Loss:1.6444271632603236, Acc:54.546, LR:5.8063941952053456e-05
Epoch:329, Loss:1.638416127282746, Acc:54.728, LR:6.183221215612871e-05
Validation: Loss:2.996967113018036, Acc:33.77
Epoch:330, Loss:1.6431139342638912, Acc:54.332, LR:6.568749332218029e-05
Epoch:331, Loss:1.6409370850543588, Acc:54.536, LR:6.962598075315058e-05
Epoch:332, Loss:1.6465233540048405, Acc:54.556, LR:7.364378763744413e-05
Epoch:333, Loss:1.631561430133119, Acc:54.808, LR:7.773694888474273e-05
Epoch:334, Loss:1.6358768465567608, Acc:54.714, LR:8.190142503906774e-05
Validation: Loss:3.0231393575668335, Acc:33.4
Epoch:335, Loss:1.6363875890264705, Acc:54.748, LR:8.613310626523908e-05
Epoch:336, Loss:1.6378387772307104, Acc:54.746, LR:9.042781640478262e-05
Epoch:337, Loss:1.6411994938947716, Acc:54.256, LR:9.478131709729822e-05
Epoch:338, Loss:1.6298761805709527, Acc:54.57, LR:9.918931196320593e-05
Epoch:339, Loss:1.6343487318681211, Acc:54.796, LR:0.00010364745084375773
Validation: Loss:3.0270530223846435, Acc:33.62
Epoch:340, Loss:1.6358178197121134, Acc:54.692, LR:0.00010815133409411518
Epoch:341, Loss:1.6361461220955362, Acc:54.614, LR:0.0001126965169252716
Epoch:342, Loss:1.622572981581396, Acc:54.992, LR:0.00011727851379051866
Epoch:343, Loss:1.6406224418659598, Acc:54.652, LR:0.00012189280281214107
Epoch:344, Loss:1.621266676455128, Acc:54.93, LR:0.00012653483024396538
Validation: Loss:3.0650049448013306, Acc:33.46
Epoch:345, Loss:1.6238816635949271, Acc:54.824, LR:0.0001312000149653541
Epoch:346, Loss:1.6378544313567025, Acc:54.564, LR:0.0001358837530022228
Epoch:347, Loss:1.621534987371795, Acc:55.018, LR:0.00014058142207060264
Epoch:348, Loss:1.6340076619265032, Acc:54.672, LR:0.00014528838613828065
Epoch:349, Loss:1.633250276653134, Acc:54.55, LR:0.0001499999999999996
Validation: Loss:3.0741716623306274, Acc:33.31
Epoch:350, Loss:1.6186999982717085, Acc:54.812, LR:0.00015471161386171908
Epoch:351, Loss:1.6150471118031715, Acc:55.21, LR:0.00015941857792939681
Epoch:352, Loss:1.617947016443525, Acc:54.988, LR:0.00016411624699777693
Epoch:353, Loss:1.6192860457361962, Acc:54.666, LR:0.00016879998503464564
Epoch:354, Loss:1.6106786435964155, Acc:55.202, LR:0.00017346516975603435
Validation: Loss:3.0780564308166505, Acc:33.69
Epoch:355, Loss:1.6057115245838554, Acc:55.202, LR:0.00017810719718785865
Epoch:356, Loss:1.6073400949945256, Acc:55.314, LR:0.00018272148620948107
Epoch:357, Loss:1.6068466342225367, Acc:55.122, LR:0.0001873034830747281
Epoch:358, Loss:1.6053368230255283, Acc:55.39, LR:0.00019184866590588398
Epoch:359, Loss:1.607380320831221, Acc:55.228, LR:0.00019635254915624197
Validation: Loss:3.1105270981788635, Acc:33.63
Epoch:360, Loss:1.592641022740578, Acc:55.478, LR:0.00020081068803679352
Epoch:361, Loss:1.5906656396632293, Acc:55.798, LR:0.00020521868290270152
Epoch:362, Loss:1.5801064578854307, Acc:56.008, LR:0.00020957218359521712
Epoch:363, Loss:1.58322895789633, Acc:55.946, LR:0.00021386689373476065
Epoch:364, Loss:1.5815180187322655, Acc:55.704, LR:0.00021809857496093199
Validation: Loss:3.116602599620819, Acc:33.61
Epoch:365, Loss:1.587455395533114, Acc:55.87, LR:0.000222263051115257
Epoch:366, Loss:1.5717814820153373, Acc:56.068, LR:0.00022635621236255559
Epoch:367, Loss:1.5801471240666447, Acc:56.078, LR:0.00023037401924684914
Epoch:368, Loss:1.5812124999202029, Acc:55.646, LR:0.00023431250667781947
Epoch:369, Loss:1.5608005329054229, Acc:56.234, LR:0.00023816778784387086
Validation: Loss:3.153269338607788, Acc:33.29
Epoch:370, Loss:1.5687979459762573, Acc:55.89, LR:0.00024193605804794633
Epoch:371, Loss:1.5630351755083824, Acc:56.208, LR:0.00024561359846230325
Epoch:372, Loss:1.543338602902938, Acc:56.776, LR:0.00024919677979854754
Epoch:373, Loss:1.5555245937133322, Acc:56.726, LR:0.00025268206588930324
Epoch:374, Loss:1.5360801755165567, Acc:56.908, LR:0.00025606601717798185
Validation: Loss:3.180674636363983, Acc:32.99
Epoch:375, Loss:1.5293483332711824, Acc:57.006, LR:0.00025934529411321167
Epoch:376, Loss:1.5306328997320058, Acc:56.888, LR:0.00026251666044456863
Epoch:377, Loss:1.5295942924460586, Acc:56.934, LR:0.00026557698641636824
Epoch:378, Loss:1.5218017612184798, Acc:57.138, LR:0.00026852325185635343
Epoch:379, Loss:1.5193958355455983, Acc:57.352, LR:0.00027135254915624195
Validation: Loss:3.199688422679901, Acc:33.22
Epoch:380, Loss:1.5137476629140425, Acc:57.32, LR:0.00027406208614118413
Epoch:381, Loss:1.5049133933320338, Acc:57.542, LR:0.00027664918882530214
Epoch:382, Loss:1.4987873240393035, Acc:57.842, LR:0.0002791113040505914
Epoch:383, Loss:1.4889769858243513, Acc:57.898, LR:0.0002814460020065794
Epoch:384, Loss:1.48567753422017, Acc:57.966, LR:0.0002836509786282552
Validation: Loss:3.251842772960663, Acc:32.74
Epoch:385, Loss:1.4808820546889792, Acc:58.23, LR:0.00028572405786990283
Epoch:386, Loss:1.4683031196496925, Acc:58.374, LR:0.00028766319385259713
Epoch:387, Loss:1.4681375732227249, Acc:58.38, LR:0.00028946647288323766
Epoch:388, Loss:1.4592850013655059, Acc:58.874, LR:0.00029113211534313374
Epoch:389, Loss:1.4511778622257465, Acc:58.892, LR:0.000292658477444273
Validation: Loss:3.2267149090766907, Acc:34.04
Epoch:390, Loss:1.4590544566816213, Acc:58.834, LR:0.00029404405285154137
Epoch:391, Loss:1.4397940319411608, Acc:58.956, LR:0.00029528747416929463
Epoch:392, Loss:1.4225631198104547, Acc:59.862, LR:0.00029638751429081204
Epoch:393, Loss:1.419108967391812, Acc:59.692, LR:0.0002973430876093032
Epoch:394, Loss:1.4107946656188186, Acc:59.858, LR:0.00029815325108927063
Validation: Loss:3.266130566596985, Acc:33.47
Epoch:395, Loss:1.408711547754249, Acc:59.842, LR:0.0002988172051971717
Epoch:396, Loss:1.3986849833507926, Acc:60.304, LR:0.000299334294690462
Epoch:397, Loss:1.3953686137588657, Acc:60.296, LR:0.0002997040092642407
Epoch:398, Loss:1.3912310198861726, Acc:60.832, LR:0.0002999259840548597
Epoch:399, Loss:1.37320527373528, Acc:61.02, LR:0.0003
Validation: Loss:3.30821932554245, Acc:33.09
Epoch:400, Loss:1.3700899068190127, Acc:61.046, LR:0.0002999259840548597
Epoch:401, Loss:1.3476774400594282, Acc:61.656, LR:0.00029970400926424077
Epoch:402, Loss:1.346075354790201, Acc:61.646, LR:0.00029933429469046203
Epoch:403, Loss:1.3436595456940787, Acc:61.586, LR:0.00029881720519717175
Epoch:404, Loss:1.3418094284680424, Acc:61.642, LR:0.00029815325108927074
Validation: Loss:3.3603463649749754, Acc:33.25
Epoch:405, Loss:1.3165579413881108, Acc:62.194, LR:0.0002973430876093033
Epoch:406, Loss:1.3190399140727764, Acc:62.154, LR:0.00029638751429081215
Epoch:407, Loss:1.3047264558928353, Acc:62.654, LR:0.0002952874741692947
Epoch:408, Loss:1.3009647252608318, Acc:63.006, LR:0.00029404405285154154
Epoch:409, Loss:1.2954029574686168, Acc:62.86, LR:0.0002926584774442731
Validation: Loss:3.375413239002228, Acc:33.24
Epoch:410, Loss:1.2863189127980446, Acc:63.014, LR:0.0002911321153431339
Epoch:411, Loss:1.2744128326980435, Acc:63.434, LR:0.0002894664728832378
Epoch:412, Loss:1.2813403752385353, Acc:63.178, LR:0.00028766319385259724
Epoch:413, Loss:1.2578484038917386, Acc:64.158, LR:0.00028572405786990305
Epoch:414, Loss:1.2363588213920593, Acc:64.45, LR:0.0002836509786282552
Validation: Loss:3.398333764076233, Acc:33.65
Epoch:415, Loss:1.237023036090695, Acc:64.608, LR:0.00028144600200657956
Epoch:416, Loss:1.2256509746823991, Acc:64.692, LR:0.0002791113040505916
Epoch:417, Loss:1.2192385658925893, Acc:65.0, LR:0.00027664918882530236
Epoch:418, Loss:1.2004726018224443, Acc:65.522, LR:0.0002740620861411844
Epoch:419, Loss:1.201601471219744, Acc:65.55, LR:0.0002713525491562422
Validation: Loss:3.4903562307357787, Acc:33.1
Epoch:420, Loss:1.2012150591733504, Acc:65.334, LR:0.00026852325185635365
Epoch:421, Loss:1.173002460781409, Acc:66.352, LR:0.0002655769864163685
Epoch:422, Loss:1.172448799318197, Acc:66.396, LR:0.00026251666044456906
Epoch:423, Loss:1.1691737205398327, Acc:66.316, LR:0.00025934529411321167
Epoch:424, Loss:1.1473112422592786, Acc:66.792, LR:0.0002560660171779823
Validation: Loss:3.5341806292533873, Acc:32.91
Epoch:425, Loss:1.1319724880919164, Acc:67.402, LR:0.0002526820658893033
Epoch:426, Loss:1.1175258798258645, Acc:67.724, LR:0.0002491967797985478
Epoch:427, Loss:1.1203787703903354, Acc:67.528, LR:0.0002456135984623035
Epoch:428, Loss:1.115938948733466, Acc:67.78, LR:0.00024193605804794657
Epoch:429, Loss:1.1064227357202647, Acc:67.844, LR:0.00023816778784387107
Validation: Loss:3.521212029457092, Acc:33.72
Epoch:430, Loss:1.100038549729756, Acc:68.282, LR:0.00023431250667781974
Epoch:431, Loss:1.084738784298605, Acc:68.42, LR:0.00023037401924684965
Epoch:432, Loss:1.0812442996064011, Acc:68.802, LR:0.00022635621236255564
Epoch:433, Loss:1.0606232303745893, Acc:69.2, LR:0.00022226305111525748
Epoch:434, Loss:1.049010498791325, Acc:69.492, LR:0.000218098574960932
Validation: Loss:3.6233526468276978, Acc:32.84
Epoch:435, Loss:1.0367559863596547, Acc:69.874, LR:0.00021386689373476117
Epoch:436, Loss:1.038350093729642, Acc:69.962, LR:0.00020957218359521712
Epoch:437, Loss:1.035508114464429, Acc:70.036, LR:0.00020521868290270177
Epoch:438, Loss:1.0208930050840184, Acc:70.368, LR:0.00020081068803679377
Epoch:439, Loss:1.018202541434035, Acc:70.452, LR:0.00019635254915624222
Validation: Loss:3.6805946469306945, Acc:32.47
Epoch:440, Loss:1.0000007012668921, Acc:70.9, LR:0.0001918486659058845
Epoch:441, Loss:0.9941897477422442, Acc:71.102, LR:0.0001873034830747281
Epoch:442, Loss:0.9762644567051713, Acc:71.59, LR:0.00018272148620948156
Epoch:443, Loss:0.9650930482514051, Acc:71.854, LR:0.00017810719718785865
Epoch:444, Loss:0.9703092763618547, Acc:71.816, LR:0.00017346516975603487
Validation: Loss:3.675662410259247, Acc:32.83
Epoch:445, Loss:0.9547051087934144, Acc:72.128, LR:0.00016879998503464561
Epoch:446, Loss:0.9604096753256661, Acc:72.002, LR:0.00016411624699777741
Epoch:447, Loss:0.9351790735916216, Acc:72.73, LR:0.000159418577929397
Epoch:448, Loss:0.9253623686274703, Acc:72.908, LR:0.00015471161386171927
Epoch:449, Loss:0.9259817600250244, Acc:72.878, LR:0.00015000000000000001
Validation: Loss:3.7381821155548094, Acc:32.8
Epoch:450, Loss:0.9114410658271945, Acc:73.55, LR:0.00014528838613828057
Epoch:451, Loss:0.9100467599168116, Acc:73.434, LR:0.00014058142207060308
Epoch:452, Loss:0.8974541097271199, Acc:73.798, LR:0.0001358837530022227
Epoch:453, Loss:0.8795062729290554, Acc:74.294, LR:0.00013120001496535452
Epoch:454, Loss:0.8781283321429272, Acc:74.458, LR:0.0001265348302439653
Validation: Loss:3.7431647539138795, Acc:33.37
Epoch:455, Loss:0.8796307687856713, Acc:74.22, LR:0.00012189280281214152
Epoch:456, Loss:0.8776766311149208, Acc:74.172, LR:0.0001172785137905186
Epoch:457, Loss:0.873446271127584, Acc:74.428, LR:0.00011269651692527206
Epoch:458, Loss:0.8513729663527742, Acc:75.004, LR:0.00010815133409411564
Epoch:459, Loss:0.8556897859184109, Acc:74.882, LR:0.00010364745084375769
Validation: Loss:3.7801550030708313, Acc:33.07
Epoch:460, Loss:0.8471178382026906, Acc:75.182, LR:9.918931196320637e-05
Epoch:461, Loss:0.8318981424886354, Acc:75.422, LR:9.478131709729815e-05
Epoch:462, Loss:0.8322213796936736, Acc:75.478, LR:9.042781640478303e-05
Epoch:463, Loss:0.8205546037274964, Acc:75.902, LR:8.613310626523901e-05
Epoch:464, Loss:0.8101975212291795, Acc:76.228, LR:8.190142503906816e-05
Validation: Loss:3.801929938793182, Acc:33.5
Epoch:465, Loss:0.8235730261218791, Acc:75.902, LR:7.773694888474266e-05
Epoch:466, Loss:0.8023036207471576, Acc:76.514, LR:7.364378763744451e-05
Epoch:467, Loss:0.803406757359602, Acc:76.582, LR:6.962598075315051e-05
Epoch:468, Loss:0.8053922634951922, Acc:76.286, LR:6.568749332218066e-05
Epoch:469, Loss:0.7916801796883953, Acc:76.764, LR:6.183221215612908e-05
Validation: Loss:3.813230776786804, Acc:33.02
Epoch:470, Loss:0.7977713985102517, Acc:76.482, LR:5.8063941952053395e-05
Epoch:471, Loss:0.7831028128156856, Acc:77.054, LR:5.4386401537696645e-05
Epoch:472, Loss:0.7771781634311287, Acc:77.286, LR:5.080322020145213e-05
Epoch:473, Loss:0.775768582918206, Acc:77.022, LR:4.7317934110696835e-05
Epoch:474, Loss:0.7723757813171465, Acc:77.262, LR:4.393398282201783e-05
Validation: Loss:3.8513506770133974, Acc:33.04
Epoch:475, Loss:0.7706011302617132, Acc:77.24, LR:4.0654705886788434e-05
Epoch:476, Loss:0.7617144317043071, Acc:77.708, LR:3.748333955543108e-05
Epoch:477, Loss:0.7607466505498303, Acc:77.676, LR:3.442301358363182e-05
Epoch:478, Loss:0.7535678610509756, Acc:77.946, LR:3.1476748143646496e-05
Epoch:479, Loss:0.7565917579495177, Acc:77.792, LR:2.8647450843758107e-05
Validation: Loss:3.8597456336021425, Acc:33.11
Epoch:480, Loss:0.7486135831901005, Acc:78.07, LR:2.59379138588158e-05
Epoch:481, Loss:0.7396057400168204, Acc:78.356, LR:2.335081117469768e-05
Epoch:482, Loss:0.7440113175888451, Acc:78.35, LR:2.0888695949408543e-05
Epoch:483, Loss:0.7421389064010309, Acc:78.386, LR:1.8553997993420435e-05
Epoch:484, Loss:0.73349386879376, Acc:78.51, LR:1.634902137174492e-05
Validation: Loss:3.8450765013694763, Acc:32.95
Epoch:485, Loss:0.7369237469167126, Acc:78.312, LR:1.427594213009707e-05
Epoch:486, Loss:0.7330050091354214, Acc:78.558, LR:1.233680614740295e-05
Epoch:487, Loss:0.736046297817814, Acc:78.338, LR:1.0533527116762303e-05
Epoch:488, Loss:0.7407781870997682, Acc:78.35, LR:8.867884656866302e-06
Epoch:489, Loss:0.7302958369255066, Acc:78.494, LR:7.3415225557269894e-06
Validation: Loss:3.869353449344635, Acc:33.38
Epoch:490, Loss:0.7227179395909212, Acc:78.898, LR:5.9559471484584925e-06
Epoch:491, Loss:0.7251489569946211, Acc:78.68, LR:4.7125258307053735e-06
Epoch:492, Loss:0.7359444164499944, Acc:78.476, LR:3.6124857091878692e-06
Epoch:493, Loss:0.7254584954709423, Acc:78.624, LR:2.6569123906967424e-06
Epoch:494, Loss:0.7206369699264059, Acc:78.814, LR:1.846748910729335e-06
Validation: Loss:3.8671500444412232, Acc:33.56
Epoch:495, Loss:0.7289339656732521, Acc:78.444, LR:1.1827948028283522e-06
Epoch:496, Loss:0.7316747186135273, Acc:78.658, LR:6.657053095380007e-07
Epoch:497, Loss:0.7283350946951885, Acc:78.556, LR:2.959907357592829e-07
Epoch:498, Loss:0.724391758441925, Acc:78.744, LR:7.401594514027667e-08
Epoch:499, Loss:0.724037696512378, Acc:78.88, LR:0.0
Validation: Loss:3.9027924656867983, Acc:33.08
Epoch:500, Loss:0.7230282328566726, Acc:78.922, LR:7.401594514025999e-08
Epoch:501, Loss:0.7274979669220594, Acc:78.64, LR:2.959907357592661e-07
Epoch:502, Loss:0.7299077145907343, Acc:78.74, LR:6.657053095379839e-07
Epoch:503, Loss:0.7280789990814365, Acc:78.738, LR:1.1827948028283352e-06
Epoch:504, Loss:0.7361477035648969, Acc:78.502, LR:1.846748910729301e-06
Validation: Loss:3.8836071610450746, Acc:33.23
Epoch:505, Loss:0.7229910310433836, Acc:78.664, LR:2.6569123906967085e-06
Epoch:506, Loss:0.7252284172846346, Acc:78.764, LR:3.612485709187835e-06
Epoch:507, Loss:0.7239679469137775, Acc:78.874, LR:4.712525830705323e-06
Epoch:508, Loss:0.718614221835623, Acc:79.012, LR:5.955947148458442e-06
Epoch:509, Loss:0.7288769027408288, Acc:78.764, LR:7.341522555727022e-06
Validation: Loss:3.8810875058174132, Acc:33.37
Epoch:510, Loss:0.7308290941374642, Acc:78.764, LR:8.867884656866134e-06
Epoch:511, Loss:0.7316016311548195, Acc:78.77, LR:1.0533527116762335e-05
Epoch:512, Loss:0.713347819994907, Acc:79.302, LR:1.2336806147402767e-05
Epoch:513, Loss:0.7262920822416034, Acc:78.73, LR:1.4275942130097101e-05
Epoch:514, Loss:0.731082944237456, Acc:78.386, LR:1.6349021371744722e-05
Validation: Loss:3.9068634629249575, Acc:33.61
Epoch:515, Loss:0.7350097791272767, Acc:78.532, LR:1.8553997993420472e-05
Epoch:516, Loss:0.7209831336323096, Acc:78.774, LR:2.0888695949408597e-05
Epoch:517, Loss:0.7255153947946976, Acc:78.792, LR:2.3350811174697737e-05
Epoch:518, Loss:0.7275524352278028, Acc:78.802, LR:2.593791385881586e-05
Epoch:519, Loss:0.7319962625600853, Acc:78.55, LR:2.8647450843757853e-05
Validation: Loss:3.889478087425232, Acc:33.28
Epoch:520, Loss:0.7306963454703895, Acc:78.57, LR:3.147674814364656e-05
Epoch:521, Loss:0.7318588118163907, Acc:78.428, LR:3.442301358363153e-05
Epoch:522, Loss:0.7256822075162616, Acc:78.796, LR:3.748333955543115e-05
Epoch:523, Loss:0.7384114679025144, Acc:78.422, LR:4.065470588678816e-05
Epoch:524, Loss:0.7274565958246892, Acc:78.606, LR:4.393398282201792e-05
Validation: Loss:3.9098358869552614, Acc:32.96
Epoch:525, Loss:0.7327553690696249, Acc:78.656, LR:4.731793411069693e-05
Epoch:526, Loss:0.7435286118059742, Acc:78.256, LR:5.0803220201452234e-05
Epoch:527, Loss:0.733325258809693, Acc:78.488, LR:5.4386401537696746e-05
Epoch:528, Loss:0.737552114895412, Acc:78.296, LR:5.80639419520535e-05
Epoch:529, Loss:0.7402071429758655, Acc:78.272, LR:6.18322121561292e-05
Validation: Loss:3.935674226284027, Acc:32.67
Epoch:530, Loss:0.7343028254654943, Acc:78.354, LR:6.568749332218036e-05
Epoch:531, Loss:0.7392037626431913, Acc:78.274, LR:6.962598075315065e-05
Epoch:532, Loss:0.7423582490609617, Acc:78.292, LR:7.36437876374442e-05
Epoch:533, Loss:0.7419732912462584, Acc:78.17, LR:7.77369488847428e-05
Epoch:534, Loss:0.7445403811882954, Acc:77.928, LR:8.19014250390683e-05
Validation: Loss:3.9442283391952513, Acc:32.96
Epoch:535, Loss:0.7324464686062871, Acc:78.42, LR:8.613310626523915e-05
Epoch:536, Loss:0.7430835536548069, Acc:78.066, LR:9.042781640478317e-05
Epoch:537, Loss:0.7401558397984018, Acc:78.126, LR:9.47813170972983e-05
Epoch:538, Loss:0.7432041557467713, Acc:78.004, LR:9.918931196320652e-05
Epoch:539, Loss:0.7435517499641496, Acc:77.86, LR:0.00010364745084375783
Validation: Loss:3.9932798981666564, Acc:32.97
Epoch:540, Loss:0.7508951285663916, Acc:77.912, LR:0.0001081513340941158
Epoch:541, Loss:0.7490487104775955, Acc:78.164, LR:0.00011269651692527169
Epoch:542, Loss:0.751141046382943, Acc:77.976, LR:0.00011727851379051875
Epoch:543, Loss:0.7518984778803222, Acc:77.666, LR:0.0001218928028121417
Epoch:544, Loss:0.7492929198304001, Acc:77.882, LR:0.0001265348302439655
Validation: Loss:3.9736319065093992, Acc:32.84
Epoch:545, Loss:0.7557593778688081, Acc:77.612, LR:0.0001312000149653547
Epoch:546, Loss:0.7610897075156776, Acc:77.466, LR:0.00013588375300222294
Epoch:547, Loss:0.7509643520627703, Acc:77.756, LR:0.00014058142207060332
Epoch:548, Loss:0.7756035005559727, Acc:77.024, LR:0.00014528838613828078
Epoch:549, Loss:0.7645097453983463, Acc:77.308, LR:0.00015000000000000026
Validation: Loss:4.009210789203644, Acc:32.76
Epoch:550, Loss:0.7621229430850671, Acc:77.618, LR:0.00015471161386171922
Epoch:551, Loss:0.7596438448039853, Acc:77.466, LR:0.00015941857792939725
Epoch:552, Loss:0.7602098085442368, Acc:77.496, LR:0.00016411624699777712
Epoch:553, Loss:0.7572226031702392, Acc:77.786, LR:0.00016879998503464583
Epoch:554, Loss:0.7597401750331022, Acc:77.736, LR:0.00017346516975603508
Validation: Loss:4.004379284381867, Acc:32.77
Epoch:555, Loss:0.7645654252597264, Acc:77.442, LR:0.00017810719718785884
Epoch:556, Loss:0.7661223654844322, Acc:77.178, LR:0.00018272148620948175
Epoch:557, Loss:0.7683150458092592, Acc:77.184, LR:0.00018730348307472832
Epoch:558, Loss:0.7626766963880889, Acc:77.462, LR:0.00019184866590588474
Epoch:559, Loss:0.7626509119053276, Acc:77.264, LR:0.0001963525491562422
Validation: Loss:4.04355274438858, Acc:32.84
Epoch:560, Loss:0.7677892379614771, Acc:77.178, LR:0.000200810688036794
Epoch:561, Loss:0.7675163977000178, Acc:77.294, LR:0.00020521868290270174
Epoch:562, Loss:0.7652759892599923, Acc:77.368, LR:0.00020957218359521734
Epoch:563, Loss:0.7743789687448618, Acc:77.074, LR:0.0002138668937347609
Epoch:564, Loss:0.766541135554411, Acc:77.324, LR:0.00021809857496093223
Validation: Loss:4.058141076564789, Acc:32.57
Epoch:565, Loss:0.7759610463161858, Acc:76.888, LR:0.0002222630511152577
Epoch:566, Loss:0.7576900507722583, Acc:77.444, LR:0.0002263562123625559
Epoch:567, Loss:0.7562445882631808, Acc:77.464, LR:0.00023037401924684992
Epoch:568, Loss:0.7794920802116394, Acc:76.742, LR:0.00023431250667781974
Epoch:569, Loss:0.7687535212964428, Acc:77.098, LR:0.00023816778784387134
Validation: Loss:4.091935706138611, Acc:32.53
Epoch:570, Loss:0.774414204213084, Acc:76.962, LR:0.00024193605804794663
Epoch:571, Loss:0.7720214469092233, Acc:77.088, LR:0.00024561359846230385
Epoch:572, Loss:0.7576893628860006, Acc:77.576, LR:0.0002491967797985479
Epoch:573, Loss:0.770697971995996, Acc:77.052, LR:0.0002526820658893037
Epoch:574, Loss:0.7648464137194108, Acc:77.286, LR:0.0002560660171779823
Validation: Loss:4.100777781009674, Acc:32.45
Epoch:575, Loss:0.7588947190313923, Acc:77.44, LR:0.0002593452941132121
Epoch:576, Loss:0.7666736257319547, Acc:77.356, LR:0.00026251666044456944
Epoch:577, Loss:0.7608713805675507, Acc:77.39, LR:0.00026557698641636873
Epoch:578, Loss:0.7504215276971156, Acc:77.708, LR:0.000268523251856354
Epoch:579, Loss:0.7564719799829989, Acc:77.608, LR:0.0002713525491562424
Validation: Loss:4.082415354251862, Acc:33.18
Epoch:580, Loss:0.7543710439789052, Acc:77.622, LR:0.00027406208614118467
Epoch:581, Loss:0.7501216755837811, Acc:77.836, LR:0.00027664918882530247
Epoch:582, Loss:0.742926687002182, Acc:77.936, LR:0.00027911130405059185
Epoch:583, Loss:0.7463522115532233, Acc:77.872, LR:0.0002814460020065797
Epoch:584, Loss:0.7407719018507977, Acc:77.664, LR:0.00028365097862825546
Validation: Loss:4.153290319442749, Acc:32.36
Epoch:585, Loss:0.7499616413700337, Acc:77.8, LR:0.0002857240578699031
Epoch:586, Loss:0.7468807119496015, Acc:77.648, LR:0.00028766319385259745
Epoch:587, Loss:0.732898757165792, Acc:78.236, LR:0.0002894664728832381
Epoch:588, Loss:0.7299443854361164, Acc:78.17, LR:0.0002911321153431341
Epoch:589, Loss:0.7303958139857467, Acc:78.188, LR:0.0002926584774442734
Validation: Loss:4.116243839263916, Acc:32.62
Epoch:590, Loss:0.733196498788133, Acc:78.396, LR:0.00029404405285154175
Epoch:591, Loss:0.7295944873167544, Acc:78.398, LR:0.000295287474169295
Epoch:592, Loss:0.7121387251785823, Acc:78.802, LR:0.00029638751429081236
Epoch:593, Loss:0.7304075652239274, Acc:78.08, LR:0.00029734308760930364
Epoch:594, Loss:0.7182588023798806, Acc:78.486, LR:0.0002981532510892709
Validation: Loss:4.1563658833503725, Acc:32.2
Epoch:595, Loss:0.7053525758032896, Acc:78.854, LR:0.000298817205197172
Epoch:596, Loss:0.7169622559936679, Acc:78.49, LR:0.0002993342946904623
Epoch:597, Loss:0.7133295602944433, Acc:78.746, LR:0.00029970400926424104
Epoch:598, Loss:0.696234333271883, Acc:79.15, LR:0.00029992598405486004
Epoch:599, Loss:0.6901189855166844, Acc:79.31, LR:0.0003000000000000003
Validation: Loss:4.1827178478240965, Acc:32.68
Epoch:600, Loss:0.6916832449484844, Acc:79.384, LR:0.00029992598405486
Epoch:601, Loss:0.7015449362141746, Acc:78.98, LR:0.00029970400926424104
Epoch:602, Loss:0.6909164451822942, Acc:79.496, LR:0.0002993342946904623
Epoch:603, Loss:0.6831507165821231, Acc:79.604, LR:0.000298817205197172
Epoch:604, Loss:0.6744744561764658, Acc:79.906, LR:0.00029815325108927096
Validation: Loss:4.234193658828735, Acc:32.13
Epoch:605, Loss:0.6672831840661108, Acc:79.904, LR:0.00029734308760930364
Epoch:606, Loss:0.6529538990283499, Acc:80.54, LR:0.0002963875142908124
Epoch:607, Loss:0.6712276467255184, Acc:79.95, LR:0.000295287474169295
Epoch:608, Loss:0.6517555008129198, Acc:80.46, LR:0.0002940440528515418
Epoch:609, Loss:0.6491384755591957, Acc:80.478, LR:0.0002926584774442733
Validation: Loss:4.238206577301026, Acc:32.83
Epoch:610, Loss:0.6490291855773147, Acc:80.64, LR:0.0002911321153431342
Epoch:611, Loss:0.6293218640648589, Acc:81.16, LR:0.000289466472883238
Epoch:612, Loss:0.6368330300462489, Acc:80.998, LR:0.00028766319385259756
Epoch:613, Loss:0.6261925070869679, Acc:81.228, LR:0.0002857240578699032
Epoch:614, Loss:0.6231971291863189, Acc:81.26, LR:0.0002836509786282556
Validation: Loss:4.2669854164123535, Acc:32.53
Epoch:615, Loss:0.6175816040866229, Acc:81.834, LR:0.00028144600200657983
Epoch:616, Loss:0.620277893178317, Acc:81.36, LR:0.00027911130405059196
Epoch:617, Loss:0.6087668194454543, Acc:81.746, LR:0.0002766491888253026
Epoch:618, Loss:0.6143593964528065, Acc:81.5, LR:0.00027406208614118446
Epoch:619, Loss:0.5918062940544012, Acc:82.194, LR:0.00027135254915624244
Validation: Loss:4.327044820785522, Acc:32.94
Epoch:620, Loss:0.5884470632489847, Acc:82.624, LR:0.0002685232518563537
Epoch:621, Loss:0.5842921657829868, Acc:82.416, LR:0.00026557698641636873
Epoch:622, Loss:0.5732574523711691, Acc:82.792, LR:0.0002625166604445691
Epoch:623, Loss:0.5755571610465342, Acc:82.704, LR:0.00025934529411321216
Epoch:624, Loss:0.5644127017989451, Acc:82.99, LR:0.00025606601717798234
Validation: Loss:4.3304874181747435, Acc:32.88
Epoch:625, Loss:0.5584918217999595, Acc:83.348, LR:0.00025268206588930373
Epoch:626, Loss:0.5610153395302442, Acc:83.37, LR:0.00024919677979854803
Epoch:627, Loss:0.5498635324896598, Acc:83.59, LR:0.00024561359846230396
Epoch:628, Loss:0.5431587528817508, Acc:83.444, LR:0.0002419360580479468
Epoch:629, Loss:0.5371077069822623, Acc:83.882, LR:0.0002381677878438711
Validation: Loss:4.389256179332733, Acc:32.16
Epoch:630, Loss:0.5460354208338017, Acc:83.668, LR:0.00023431250667781993
Epoch:631, Loss:0.5283349998751465, Acc:84.192, LR:0.00023037401924684965
Epoch:632, Loss:0.524591037813498, Acc:84.29, LR:0.0002263562123625561
Epoch:633, Loss:0.5131567914266976, Acc:84.498, LR:0.00022226305111525748
Epoch:634, Loss:0.512742857847895, Acc:84.672, LR:0.00021809857496093247
Validation: Loss:4.3729366064071655, Acc:33.05
Epoch:635, Loss:0.5048814008430559, Acc:84.948, LR:0.00021386689373476114
Epoch:636, Loss:0.49911157817256696, Acc:84.944, LR:0.0002095721835952176
Epoch:637, Loss:0.4921098001757447, Acc:85.212, LR:0.00020521868290270198
Epoch:638, Loss:0.48065975703755204, Acc:85.452, LR:0.00020081068803679426
Epoch:639, Loss:0.48112262085992463, Acc:85.486, LR:0.00019635254915624243
Validation: Loss:4.463141012191772, Acc:32.96
Epoch:640, Loss:0.4802150732400466, Acc:85.614, LR:0.00019184866590588447
Epoch:641, Loss:0.4661857583084885, Acc:85.896, LR:0.0001873034830747286
Epoch:642, Loss:0.46505225951574286, Acc:86.108, LR:0.0001827214862094815
Epoch:643, Loss:0.45394179741947016, Acc:86.246, LR:0.0001781071971878591
Epoch:644, Loss:0.4479623421722529, Acc:86.506, LR:0.00017346516975603478
Validation: Loss:4.419386541843414, Acc:33.52
Epoch:645, Loss:0.44329454400101487, Acc:86.792, LR:0.00016879998503464608
Epoch:646, Loss:0.4446994513273239, Acc:86.802, LR:0.00016411624699777736
Epoch:647, Loss:0.43580757172740237, Acc:87.084, LR:0.00015941857792939752
Epoch:648, Loss:0.43072666319049135, Acc:87.046, LR:0.0001547116138617195
Epoch:649, Loss:0.42723702198388624, Acc:87.208, LR:0.00015000000000000056
Validation: Loss:4.527348041534424, Acc:32.66
Epoch:650, Loss:0.41213717509289177, Acc:87.7, LR:0.00014528838613828105
Epoch:651, Loss:0.41109398615603543, Acc:87.79, LR:0.00014058142207060357
Epoch:652, Loss:0.41191309599243864, Acc:87.788, LR:0.00013588375300222264
Epoch:653, Loss:0.4059897475704855, Acc:87.79, LR:0.00013120001496535444
Epoch:654, Loss:0.39930702897967124, Acc:87.984, LR:0.00012653483024396573
Validation: Loss:4.551102209091186, Acc:33.41
Epoch:655, Loss:0.40328843587515306, Acc:87.898, LR:0.00012189280281214194
Epoch:656, Loss:0.3930767774581909, Acc:88.182, LR:0.00011727851379051848
Epoch:657, Loss:0.3803571231511174, Acc:88.69, LR:0.00011269651692527192
Epoch:658, Loss:0.38068179755794757, Acc:88.608, LR:0.00010815133409411604
Epoch:659, Loss:0.38254682385191624, Acc:88.598, LR:0.00010364745084375859
Validation: Loss:4.534088110923767, Acc:33.1
Epoch:660, Loss:0.3743775876200929, Acc:88.776, LR:9.918931196320625e-05
Epoch:661, Loss:0.3753511963450179, Acc:88.778, LR:9.478131709729855e-05
Epoch:662, Loss:0.37013592221298997, Acc:88.934, LR:9.04278164047834e-05
Epoch:663, Loss:0.3601064590775237, Acc:89.152, LR:8.613310626523889e-05
Epoch:664, Loss:0.36086821404038644, Acc:89.12, LR:8.190142503906803e-05
Validation: Loss:4.571836805343628, Acc:33.02
Epoch:665, Loss:0.3596208481764307, Acc:89.352, LR:7.773694888474301e-05
Epoch:666, Loss:0.3488340244001272, Acc:89.576, LR:7.364378763744486e-05
Epoch:667, Loss:0.3484461280156155, Acc:89.652, LR:6.962598075315039e-05
Epoch:668, Loss:0.34197996617579945, Acc:89.832, LR:6.568749332218055e-05
Epoch:669, Loss:0.34449356824767835, Acc:89.762, LR:6.183221215612939e-05
Validation: Loss:4.586065697669983, Acc:32.69
Epoch:670, Loss:0.337826882698098, Acc:89.814, LR:5.80639419520541e-05
Epoch:671, Loss:0.3424436113968187, Acc:89.81, LR:5.438640153769651e-05
Epoch:672, Loss:0.33653498030438717, Acc:90.108, LR:5.080322020145241e-05
Epoch:673, Loss:0.3302438713762225, Acc:90.278, LR:4.731793411069709e-05
Epoch:674, Loss:0.33024562317497874, Acc:90.258, LR:4.3933982822017714e-05
Validation: Loss:4.612112998962402, Acc:32.82
Epoch:675, Loss:0.32318050946508137, Acc:90.2, LR:4.065470588678831e-05
Epoch:676, Loss:0.3243482144815581, Acc:90.366, LR:3.7483339555431305e-05
Epoch:677, Loss:0.31576732911017474, Acc:90.656, LR:3.442301358363202e-05
Epoch:678, Loss:0.32329055849386723, Acc:90.386, LR:3.147674814364636e-05
Epoch:679, Loss:0.3084803386306276, Acc:90.848, LR:2.8647450843757985e-05
Validation: Loss:4.598817348480225, Acc:32.9
Epoch:680, Loss:0.31742896763037665, Acc:90.564, LR:2.5937913858815975e-05
Epoch:681, Loss:0.3082309164563004, Acc:90.786, LR:2.3350811174698137e-05
Epoch:682, Loss:0.3084891529715791, Acc:90.922, LR:2.0888695949408434e-05
Epoch:683, Loss:0.30794131041181333, Acc:90.666, LR:1.855399799342059e-05
Epoch:684, Loss:0.3037303474788763, Acc:90.922, LR:1.6349021371745074e-05
Validation: Loss:4.622778964042664, Acc:33.11
Epoch:685, Loss:0.3060448662358887, Acc:90.906, LR:1.4275942130096973e-05
Epoch:686, Loss:0.30911213737361287, Acc:91.034, LR:1.2336806147402854e-05
Epoch:687, Loss:0.30099126681381344, Acc:91.098, LR:1.0533527116762422e-05
Epoch:688, Loss:0.302874288844819, Acc:91.072, LR:8.867884656866405e-06
Epoch:689, Loss:0.30480441329430563, Acc:90.932, LR:7.341522555726927e-06
Validation: Loss:4.59248046875, Acc:33.33
Epoch:690, Loss:0.30514340361162107, Acc:90.928, LR:5.955947148458595e-06
Epoch:691, Loss:0.29788484956536976, Acc:91.294, LR:4.712525830705442e-06
Epoch:692, Loss:0.2972000609247052, Acc:91.328, LR:3.6124857091879374e-06
Epoch:693, Loss:0.295228509726573, Acc:91.252, LR:2.656912390696694e-06
Epoch:694, Loss:0.301231316461855, Acc:91.048, LR:1.846748910729386e-06
Validation: Loss:4.629794692993164, Acc:33.09
Epoch:695, Loss:0.30245912546405984, Acc:91.052, LR:1.182794802828403e-06
Epoch:696, Loss:0.28807902822689135, Acc:91.492, LR:6.657053095379845e-07
Epoch:697, Loss:0.30184548104904135, Acc:91.128, LR:2.959907357592664e-07
Epoch:698, Loss:0.30166819235500025, Acc:90.996, LR:7.401594514027672e-08
Epoch:699, Loss:0.2982245621328451, Acc:91.264, LR:0.0
Validation: Loss:4.633392071723938, Acc:33.39
Epoch:700, Loss:0.29770967303490153, Acc:91.158, LR:7.401594514025999e-08
Epoch:701, Loss:0.29417950994506176, Acc:91.232, LR:2.959907357591829e-07
Epoch:702, Loss:0.3019736726977387, Acc:91.13, LR:6.657053095378007e-07
Epoch:703, Loss:0.29492162107204906, Acc:91.28, LR:1.1827948028280358e-06
Epoch:704, Loss:0.3011678758324409, Acc:91.14, LR:1.8467489107289189e-06
Validation: Loss:4.62747368812561, Acc:33.16
Epoch:705, Loss:0.3007089738943139, Acc:91.17, LR:2.656912390696044e-06
Epoch:706, Loss:0.29861327504016916, Acc:91.302, LR:3.612485709186955e-06
Epoch:707, Loss:0.2926797699563357, Acc:91.478, LR:4.7125258307043105e-06
Epoch:708, Loss:0.29746304862961476, Acc:91.382, LR:5.955947148457165e-06
Epoch:709, Loss:0.30140989395428675, Acc:91.268, LR:7.3415225557251836e-06
Validation: Loss:4.572142267227173, Acc:33.38
Epoch:710, Loss:0.29808368655491846, Acc:91.232, LR:8.867884656864135e-06
Epoch:711, Loss:0.29891432046282046, Acc:91.27, LR:1.0533527116759942e-05
Epoch:712, Loss:0.30679255678337447, Acc:90.958, LR:1.2336806147399967e-05
Epoch:713, Loss:0.30292835101789356, Acc:90.99, LR:1.4275942130093647e-05
Epoch:714, Loss:0.2984531450332428, Acc:91.172, LR:1.6349021371741266e-05
Validation: Loss:4.621394443511963, Acc:33.63
Epoch:715, Loss:0.30279755668372527, Acc:91.0, LR:1.8553997993416267e-05
Epoch:716, Loss:0.300532870602851, Acc:91.158, LR:2.0888695949403582e-05
Epoch:717, Loss:0.2951228121409611, Acc:91.244, LR:2.335081117469215e-05
Epoch:718, Loss:0.3018150273330358, Acc:91.068, LR:2.5937913858809968e-05
Epoch:719, Loss:0.30836448331876676, Acc:90.84, LR:2.864745084375136e-05
Validation: Loss:4.643055820465088, Acc:32.68
Epoch:720, Loss:0.3037063891486246, Acc:91.086, LR:3.1476748143639096e-05
Epoch:721, Loss:0.2967999309909587, Acc:91.228, LR:3.442301358362374e-05
Epoch:722, Loss:0.305430781324299, Acc:90.932, LR:3.7483339555422666e-05
Epoch:723, Loss:0.3039386500509418, Acc:91.03, LR:4.065470588677894e-05
Epoch:724, Loss:0.30780339225822567, Acc:90.83, LR:4.3933982822007597e-05
Validation: Loss:4.633742618560791, Acc:33.06
Epoch:725, Loss:0.3029508537479809, Acc:90.978, LR:4.731793411068621e-05
Epoch:726, Loss:0.3097720605378248, Acc:90.778, LR:5.080322020144073e-05
Epoch:727, Loss:0.3097417679976444, Acc:90.796, LR:5.438640153768402e-05
Epoch:728, Loss:0.3054557763496224, Acc:91.0, LR:5.8063941952040364e-05
Epoch:729, Loss:0.319212589488954, Acc:90.5, LR:6.183221215611521e-05
Validation: Loss:4.666032910346985, Acc:33.22
Epoch:730, Loss:0.31631715185180004, Acc:90.622, LR:6.568749332216549e-05
Epoch:731, Loss:0.3118785846294189, Acc:90.74, LR:6.962598075313444e-05
Epoch:732, Loss:0.31552670546332184, Acc:90.708, LR:7.364378763742753e-05
Epoch:733, Loss:0.3225016811368417, Acc:90.492, LR:7.773694888472522e-05
Epoch:734, Loss:0.3185313006444853, Acc:90.522, LR:8.19014250390493e-05
Validation: Loss:4.676632118225098, Acc:32.91
Epoch:735, Loss:0.32507362840126974, Acc:90.264, LR:8.613310626521918e-05
Epoch:736, Loss:0.3241717012561097, Acc:90.13, LR:9.042781640476269e-05
Epoch:737, Loss:0.32324376306971725, Acc:90.276, LR:9.478131709727683e-05
Epoch:738, Loss:0.33275654212552674, Acc:89.914, LR:9.918931196318355e-05
Epoch:739, Loss:0.3350793479048476, Acc:90.012, LR:0.00010364745084373435
Validation: Loss:4.706902933120728, Acc:32.74
Epoch:740, Loss:0.33353180788001235, Acc:90.124, LR:0.00010815133409409129
Epoch:741, Loss:0.33332978067349417, Acc:89.952, LR:0.00011269651692524614
Epoch:742, Loss:0.3402502120149379, Acc:89.792, LR:0.00011727851379049165
Epoch:743, Loss:0.34220017462360613, Acc:89.756, LR:0.00012189280281211354
Epoch:744, Loss:0.3352820043052946, Acc:89.964, LR:0.00012653483024393678
Validation: Loss:4.7371248483657835, Acc:32.87
Epoch:745, Loss:0.34251974644709604, Acc:89.746, LR:0.00013120001496532443
Epoch:746, Loss:0.35170838449682507, Acc:89.434, LR:0.00013588375300219212
Epoch:747, Loss:0.3545324185064861, Acc:89.238, LR:0.00014058142207057142
Epoch:748, Loss:0.3510355038606391, Acc:89.478, LR:0.00014528838613824782
Epoch:749, Loss:0.3482903391122818, Acc:89.376, LR:0.0001499999999999657
Validation: Loss:4.770997309684754, Acc:32.49
Epoch:750, Loss:0.35248804670207357, Acc:89.418, LR:0.0001547116138616841
Epoch:751, Loss:0.3633339779109371, Acc:89.072, LR:0.00015941857792936104
Epoch:752, Loss:0.34956388814108713, Acc:89.642, LR:0.00016411624699773982
Epoch:753, Loss:0.36338267885908787, Acc:89.174, LR:0.000168799985034607
Epoch:754, Loss:0.36546122541232984, Acc:88.974, LR:0.00017346516975599516
Validation: Loss:4.770748019218445, Acc:32.93
Epoch:755, Loss:0.3738586537692012, Acc:88.95, LR:0.00017810719718781842
Epoch:756, Loss:0.3681456407113951, Acc:88.878, LR:0.00018272148620943982
Epoch:757, Loss:0.3638233235295938, Acc:89.074, LR:0.00018730348307468582
Epoch:758, Loss:0.3692711801553259, Acc:88.76, LR:0.0001918486659058412
Epoch:759, Loss:0.3761794640093434, Acc:88.594, LR:0.00019635254915619765
Validation: Loss:4.774122977256775, Acc:32.41
Epoch:760, Loss:0.3797019802185954, Acc:88.454, LR:0.00020081068803674796
Epoch:761, Loss:0.3822971345210562, Acc:88.588, LR:0.00020521868290265517
Epoch:762, Loss:0.38059521633751536, Acc:88.578, LR:0.0002095721835951698
Epoch:763, Loss:0.3843268101312676, Acc:88.386, LR:0.00021386689373471238
Epoch:764, Loss:0.3816735163635137, Acc:88.47, LR:0.00021809857496088276
Validation: Loss:4.789395594596863, Acc:32.21
Epoch:765, Loss:0.3924700085605894, Acc:88.198, LR:0.00022226305111520684
Epoch:766, Loss:0.3819751897636725, Acc:88.362, LR:0.00022635621236250452
Epoch:767, Loss:0.3905459979967195, Acc:88.166, LR:0.0002303740192467972
Epoch:768, Loss:0.3930521750328492, Acc:88.188, LR:0.00023431250667776659
Epoch:769, Loss:0.4006230618272509, Acc:88.084, LR:0.00023816778784381732
Validation: Loss:4.793679571151733, Acc:31.63
Epoch:770, Loss:0.3969816595924144, Acc:88.122, LR:0.00024193605804789174
Epoch:771, Loss:0.3979595020717504, Acc:88.072, LR:0.00024561359846224763
Epoch:772, Loss:0.40274604516369955, Acc:87.762, LR:0.0002491967797984913
Epoch:773, Loss:0.4029606711499545, Acc:87.868, LR:0.00025268206588924627
Epoch:774, Loss:0.39752291203761586, Acc:87.956, LR:0.0002560660171779241
Validation: Loss:4.758341860771179, Acc:32.12
Epoch:775, Loss:0.3969714562503659, Acc:87.966, LR:0.0002593452941131532
Epoch:776, Loss:0.39737604041488805, Acc:87.866, LR:0.0002625166604445095
Epoch:777, Loss:0.3925302880150931, Acc:88.146, LR:0.0002655769864163084
Epoch:778, Loss:0.393775893717396, Acc:88.156, LR:0.0002685232518562927
Epoch:779, Loss:0.4023051456529267, Acc:87.732, LR:0.0002713525491561808
Validation: Loss:4.741631031036377, Acc:32.77
Epoch:780, Loss:0.3977092030097027, Acc:87.984, LR:0.00027406208614112244
Epoch:781, Loss:0.40310005235428714, Acc:87.786, LR:0.0002766491888252397
Epoch:782, Loss:0.40847207088859716, Acc:87.594, LR:0.00027911130405052853
Epoch:783, Loss:0.40721156463331104, Acc:87.77, LR:0.00028144600200651586
Epoch:784, Loss:0.39885484807345334, Acc:88.142, LR:0.0002836509786281911
Validation: Loss:4.735862755775452, Acc:32.32
Epoch:785, Loss:0.39980700095089117, Acc:87.908, LR:0.00028572405786983827
Epoch:786, Loss:0.4094538192967979, Acc:87.648, LR:0.0002876631938525322
Epoch:787, Loss:0.4076590534983849, Acc:87.702, LR:0.00028946647288317223
Epoch:788, Loss:0.4106336999304441, Acc:87.644, LR:0.00029113211534306804
Epoch:789, Loss:0.39178574602214655, Acc:88.066, LR:0.00029265847744420684
Validation: Loss:4.759380626678467, Acc:32.38
Epoch:790, Loss:0.3945654086312469, Acc:88.12, LR:0.0002940440528514751
Epoch:791, Loss:0.4010102082880176, Acc:87.882, LR:0.00029528747416922806
Epoch:792, Loss:0.3989249364453919, Acc:87.97, LR:0.0002963875142907452
Epoch:793, Loss:0.39617595654361104, Acc:88.008, LR:0.00029734308760923626
Epoch:794, Loss:0.39076248085012244, Acc:88.106, LR:0.00029815325108920336
Validation: Loss:4.765278291702271, Acc:32.68
Epoch:795, Loss:0.3993054710480632, Acc:87.776, LR:0.00029881720519710426
Epoch:796, Loss:0.38380540907382965, Acc:88.45, LR:0.00029933429469039443
Epoch:797, Loss:0.3827922380700403, Acc:88.332, LR:0.0002997040092641731
Epoch:798, Loss:0.3817737330587543, Acc:88.45, LR:0.00029992598405479207
Epoch:799, Loss:0.384604633158567, Acc:88.16, LR:0.0002999999999999323
Validation: Loss:4.7863256454467775, Acc:32.34
Epoch:800, Loss:0.3773002946863369, Acc:88.482, LR:0.00029992598405479207
Epoch:801, Loss:0.39318495502277295, Acc:88.0, LR:0.00029970400926417317
Epoch:802, Loss:0.37839619480833714, Acc:88.528, LR:0.0002993342946903945
Epoch:803, Loss:0.3783142104440806, Acc:88.54, LR:0.0002988172051971043
Epoch:804, Loss:0.367230663494188, Acc:88.844, LR:0.0002981532510892034
Validation: Loss:4.812123012542725, Acc:32.27
Epoch:805, Loss:0.3717891485715399, Acc:88.696, LR:0.00029734308760923626
Epoch:806, Loss:0.371166718857629, Acc:88.768, LR:0.00029638751429074525
Epoch:807, Loss:0.35929029693408887, Acc:89.13, LR:0.0002952874741692281
Epoch:808, Loss:0.35700421339395094, Acc:89.0, LR:0.00029404405285147513
Epoch:809, Loss:0.3576073418466412, Acc:89.146, LR:0.00029265847744420716
Validation: Loss:4.779872107505798, Acc:32.54
Epoch:810, Loss:0.3652432401265417, Acc:88.912, LR:0.00029113211534306826
Epoch:811, Loss:0.34727204241314713, Acc:89.406, LR:0.00028946647288317245
Epoch:812, Loss:0.3533668591051686, Acc:89.344, LR:0.0002876631938525324
Epoch:813, Loss:0.3461008360799478, Acc:89.33, LR:0.00028572405786983854
Epoch:814, Loss:0.3445462213487041, Acc:89.498, LR:0.0002836509786281914
Validation: Loss:4.817382574081421, Acc:32.4
Epoch:815, Loss:0.3486998148110448, Acc:89.438, LR:0.00028144600200651613
Epoch:816, Loss:0.34557800207819256, Acc:89.602, LR:0.0002791113040505288
Epoch:817, Loss:0.3425103714879678, Acc:89.504, LR:0.0002766491888252399
Epoch:818, Loss:0.3381530119448292, Acc:89.698, LR:0.0002740620861411224
Epoch:819, Loss:0.33295149264895185, Acc:90.004, LR:0.000271352549156181
Validation: Loss:4.8010544061660765, Acc:32.95
Epoch:820, Loss:0.33063238646302906, Acc:89.91, LR:0.0002685232518562933
Epoch:821, Loss:0.3245937562718683, Acc:90.182, LR:0.00026557698641630867
Epoch:822, Loss:0.31647330720205696, Acc:90.422, LR:0.00026251666044450976
Epoch:823, Loss:0.3170473764137346, Acc:90.494, LR:0.0002593452941131535
Epoch:824, Loss:0.30737490374214793, Acc:90.724, LR:0.00025606601717792445
Validation: Loss:4.848968172073365, Acc:32.58
Epoch:825, Loss:0.3103797780920048, Acc:90.714, LR:0.0002526820658892466
Epoch:826, Loss:0.31226660524095806, Acc:90.576, LR:0.0002491967797984917
Epoch:827, Loss:0.3038603487063427, Acc:90.804, LR:0.0002456135984622484
Epoch:828, Loss:0.30363460037173057, Acc:90.966, LR:0.00024193605804789206
Epoch:829, Loss:0.29598141507226594, Acc:91.038, LR:0.00023816778784381724
Validation: Loss:4.866545462608338, Acc:32.3
Epoch:830, Loss:0.29218752073998355, Acc:91.126, LR:0.000234312506677767
Epoch:831, Loss:0.29248724771397455, Acc:91.12, LR:0.00023037401924679756
Epoch:832, Loss:0.28359651991299223, Acc:91.42, LR:0.0002263562123625049
Epoch:833, Loss:0.2779818748941227, Acc:91.612, LR:0.0002222630511152072
Epoch:834, Loss:0.279701788966753, Acc:91.628, LR:0.00021809857496088314
Validation: Loss:4.900834369659424, Acc:32.11
Epoch:835, Loss:0.2730977184006146, Acc:91.712, LR:0.00021386689373471276
Epoch:836, Loss:0.26425765226690134, Acc:92.0, LR:0.0002095721835951697
Epoch:837, Loss:0.27092725357839037, Acc:91.87, LR:0.00020521868290265558
Epoch:838, Loss:0.2638308898526795, Acc:92.094, LR:0.00020081068803674886
Epoch:839, Loss:0.2675112160492916, Acc:91.908, LR:0.00019635254915619803
Validation: Loss:4.908748149871826, Acc:32.4
Epoch:840, Loss:0.2576924428647878, Acc:92.21, LR:0.0001918486659058411
Epoch:841, Loss:0.25253073186898717, Acc:92.512, LR:0.00018730348307468623
Epoch:842, Loss:0.24895641162079207, Acc:92.536, LR:0.00018272148620944017
Epoch:843, Loss:0.23784680375639272, Acc:92.854, LR:0.00017810719718781883
Epoch:844, Loss:0.24090554732449201, Acc:92.758, LR:0.00017346516975599556
Validation: Loss:4.904555678367615, Acc:32.52
Epoch:845, Loss:0.23651261034668708, Acc:92.878, LR:0.0001687999850346079
Epoch:846, Loss:0.2330102774561668, Acc:93.064, LR:0.00016411624699774025
Epoch:847, Loss:0.22824973491381625, Acc:93.218, LR:0.00015941857792936095
Epoch:848, Loss:0.22738179822965543, Acc:93.118, LR:0.00015471161386168452
Epoch:849, Loss:0.2311491032644194, Acc:93.054, LR:0.00014999999999996665
Validation: Loss:4.9153900146484375, Acc:33.17
Epoch:850, Loss:0.2175505302694379, Acc:93.522, LR:0.00014528838613824823
Epoch:851, Loss:0.21991832995293092, Acc:93.376, LR:0.00014058142207057128
Epoch:852, Loss:0.21172156245732793, Acc:93.664, LR:0.00013588375300219247
Epoch:853, Loss:0.21112741210630961, Acc:93.712, LR:0.0001312000149653248
Epoch:854, Loss:0.20579513861816756, Acc:93.748, LR:0.0001265348302439366
Validation: Loss:4.934791493415832, Acc:33.18
Epoch:855, Loss:0.2048698815764213, Acc:93.74, LR:0.00012189280281211387
Epoch:856, Loss:0.2071425744465419, Acc:93.942, LR:0.0001172785137904925
Epoch:857, Loss:0.19519057352932132, Acc:94.162, LR:0.00011269651692524647
Epoch:858, Loss:0.19467913237761478, Acc:94.238, LR:0.0001081513340940911
Epoch:859, Loss:0.1919222752354583, Acc:94.372, LR:0.00010364745084373467
Validation: Loss:4.980233573913575, Acc:32.82
Epoch:860, Loss:0.1868917526943343, Acc:94.454, LR:9.918931196318436e-05
Epoch:861, Loss:0.18559689310436345, Acc:94.51, LR:9.478131709727713e-05
Epoch:862, Loss:0.1901271720321811, Acc:94.382, LR:9.042781640476249e-05
Epoch:863, Loss:0.18321317495131978, Acc:94.51, LR:8.61331062652199e-05
Epoch:864, Loss:0.1763014861059432, Acc:94.832, LR:8.190142503904952e-05
Validation: Loss:4.953311109542847, Acc:33.1
Epoch:865, Loss:0.1744708897812026, Acc:94.722, LR:7.773694888472497e-05
Epoch:866, Loss:0.17486593438958636, Acc:94.822, LR:7.364378763742775e-05
Epoch:867, Loss:0.17000209722591905, Acc:94.99, LR:6.96259807531351e-05
Epoch:868, Loss:0.17187420582892943, Acc:94.956, LR:6.568749332216568e-05
Epoch:869, Loss:0.17273156139619497, Acc:94.81, LR:6.183221215611498e-05
Validation: Loss:4.947818851470947, Acc:33.4
Epoch:870, Loss:0.16963079472889706, Acc:94.95, LR:5.806394195204057e-05
Epoch:871, Loss:0.16637885441281358, Acc:95.036, LR:5.4386401537684644e-05
Epoch:872, Loss:0.17035496873514994, Acc:94.89, LR:5.0803220201440525e-05
Epoch:873, Loss:0.1650047645885117, Acc:95.156, LR:4.7317934110686026e-05
Epoch:874, Loss:0.16203049357448304, Acc:95.192, LR:4.3933982822008166e-05
Validation: Loss:5.000996494293213, Acc:33.46
Epoch:875, Loss:0.16082564216791367, Acc:95.314, LR:4.0654705886779124e-05
Epoch:876, Loss:0.1576963156765821, Acc:95.404, LR:3.748333955542248e-05
Epoch:877, Loss:0.15114552345202895, Acc:95.556, LR:3.44230135836239e-05
Epoch:878, Loss:0.1534910373845879, Acc:95.556, LR:3.147674814363958e-05
Epoch:879, Loss:0.14895247949325308, Acc:95.644, LR:2.864745084375151e-05
Validation: Loss:4.974734783172607, Acc:33.34
Epoch:880, Loss:0.152760954003553, Acc:95.344, LR:2.5937913858809816e-05
Epoch:881, Loss:0.1467831594755455, Acc:95.722, LR:2.335081117469258e-05
Epoch:882, Loss:0.1457412570562898, Acc:95.836, LR:2.0888695949404e-05
Epoch:883, Loss:0.149641004143929, Acc:95.644, LR:1.8553997993416135e-05
Epoch:884, Loss:0.1418442206875402, Acc:95.906, LR:1.6349021371741137e-05
Validation: Loss:4.97184419631958, Acc:32.98
Epoch:885, Loss:0.1507618098082591, Acc:95.632, LR:1.4275942130093986e-05
Epoch:886, Loss:0.14442081171639112, Acc:95.778, LR:1.2336806147400074e-05
Epoch:887, Loss:0.14117109250961518, Acc:95.884, LR:1.053352711675985e-05
Epoch:888, Loss:0.1414493875844138, Acc:95.83, LR:8.867884656864227e-06
Epoch:889, Loss:0.14409617593093793, Acc:95.808, LR:7.341522555725444e-06
Validation: Loss:4.969585061073303, Acc:33.25
Epoch:890, Loss:0.13932291692008777, Acc:96.144, LR:5.955947148457094e-06
Epoch:891, Loss:0.14095380164834917, Acc:95.958, LR:4.712525830704257e-06
Epoch:892, Loss:0.14441064403069262, Acc:95.846, LR:3.6124857091871353e-06
Epoch:893, Loss:0.13899262295085557, Acc:95.918, LR:2.6569123906961914e-06
Epoch:894, Loss:0.14284521630223918, Acc:95.91, LR:1.8467489107288837e-06
Validation: Loss:5.0238919973373415, Acc:33.22
Epoch:895, Loss:0.13942617398439622, Acc:96.022, LR:1.182794802828068e-06
Epoch:896, Loss:0.14008029801200847, Acc:95.862, LR:6.657053095378835e-07
Epoch:897, Loss:0.13871726758626043, Acc:95.992, LR:2.959907357591993e-07
Epoch:898, Loss:0.13952656926549212, Acc:95.888, LR:7.401594514024328e-08
Epoch:899, Loss:0.139615571164355, Acc:96.024, LR:0.0
Validation: Loss:5.002224254608154, Acc:32.72
Epoch:900, Loss:0.1431786617150112, Acc:95.742, LR:7.401594514025999e-08
Epoch:901, Loss:0.13856482216898275, Acc:96.008, LR:2.959907357592828e-07
Epoch:902, Loss:0.14012975618243217, Acc:95.882, LR:6.657053095380004e-07
Epoch:903, Loss:0.13988161254294065, Acc:95.954, LR:1.182794802828285e-06
Epoch:904, Loss:0.14000378168967306, Acc:95.938, LR:1.846748910729251e-06
Validation: Loss:5.009313321113586, Acc:33.64
Epoch:905, Loss:0.13848863382424628, Acc:96.018, LR:2.656912390696741e-06
Epoch:906, Loss:0.1424733878550481, Acc:95.854, LR:3.6124857091878675e-06
Epoch:907, Loss:0.14097346099359648, Acc:95.956, LR:4.712525830705238e-06
Epoch:908, Loss:0.14270804084989488, Acc:95.79, LR:5.955947148458656e-06
Epoch:909, Loss:0.14097164457245748, Acc:95.968, LR:7.341522555726986e-06
Validation: Loss:4.987174868583679, Acc:33.02
Epoch:910, Loss:0.13846077998073733, Acc:95.992, LR:8.867884656866114e-06
Epoch:911, Loss:0.14040809352787173, Acc:95.926, LR:1.0533527116762113e-05
Epoch:912, Loss:0.1393836200693432, Acc:96.014, LR:1.2336806147402945e-05
Epoch:913, Loss:0.138448068377923, Acc:95.966, LR:1.4275942130097064e-05
Epoch:914, Loss:0.14442987139431798, Acc:95.878, LR:1.6349021371744684e-05
Validation: Loss:4.935484433174134, Acc:33.2
Epoch:915, Loss:0.13719892266149425, Acc:95.988, LR:1.8553997993420184e-05
Epoch:916, Loss:0.140877187099992, Acc:95.882, LR:2.088869594940854e-05
Epoch:917, Loss:0.14298152969199784, Acc:95.792, LR:2.3350811174697676e-05
Epoch:918, Loss:0.1449867803223279, Acc:95.778, LR:2.5937913858815494e-05
Epoch:919, Loss:0.14202843796537848, Acc:95.882, LR:2.8647450843758097e-05
Validation: Loss:4.96749792098999, Acc:33.46
Epoch:920, Loss:0.1407457190964903, Acc:95.906, LR:3.147674814364649e-05
Epoch:921, Loss:0.14742587894505385, Acc:95.658, LR:3.442301358363148e-05
Epoch:922, Loss:0.14273012338244184, Acc:95.874, LR:3.748333955543073e-05
Epoch:923, Loss:0.14720019880606203, Acc:95.678, LR:4.0654705886788455e-05
Epoch:924, Loss:0.14796031988701042, Acc:95.648, LR:4.3933982822017856e-05
Validation: Loss:5.0017760515213014, Acc:33.22
Epoch:925, Loss:0.1481969840824604, Acc:95.738, LR:4.731793411069647e-05
Epoch:926, Loss:0.15214962671910012, Acc:95.642, LR:5.080322020145175e-05
Epoch:927, Loss:0.14900610763199476, Acc:95.726, LR:5.438640153769667e-05
Epoch:928, Loss:0.1517557364945509, Acc:95.478, LR:5.8063941952053435e-05
Epoch:929, Loss:0.15347042550541917, Acc:95.504, LR:6.183221215612871e-05
Validation: Loss:4.995267081260681, Acc:33.19
Epoch:930, Loss:0.15381113432195723, Acc:95.5, LR:6.568749332218071e-05
Epoch:931, Loss:0.15288979552534163, Acc:95.482, LR:6.962598075315057e-05
Epoch:932, Loss:0.1565706699478383, Acc:95.424, LR:7.364378763744412e-05
Epoch:933, Loss:0.15335960952298983, Acc:95.53, LR:7.773694888474227e-05
Epoch:934, Loss:0.16224157536516384, Acc:95.172, LR:8.190142503906822e-05
Validation: Loss:5.024170541763306, Acc:33.18
Epoch:935, Loss:0.16285585368774375, Acc:95.25, LR:8.613310626523906e-05
Epoch:936, Loss:0.161310967894233, Acc:95.256, LR:9.042781640478262e-05
Epoch:937, Loss:0.16180922889283725, Acc:95.248, LR:9.478131709729773e-05
Epoch:938, Loss:0.16533343068190984, Acc:95.024, LR:9.918931196320642e-05
Epoch:939, Loss:0.17062254493333856, Acc:94.858, LR:0.00010364745084375776
Validation: Loss:5.076532936096191, Acc:32.33
Epoch:940, Loss:0.17059540117577632, Acc:94.858, LR:0.00010815133409411521
Epoch:941, Loss:0.17034800730797708, Acc:94.976, LR:0.00011269651692527214
Epoch:942, Loss:0.17521546765857812, Acc:94.794, LR:0.0001172785137905187
Epoch:943, Loss:0.17458389836306476, Acc:94.886, LR:0.00012189280281214111
Epoch:944, Loss:0.178664432344388, Acc:94.604, LR:0.0001265348302439649
Validation: Loss:5.074440956115723, Acc:33.0
Epoch:945, Loss:0.1804178141209544, Acc:94.74, LR:0.00013120001496535466
Epoch:946, Loss:0.18429434793640156, Acc:94.432, LR:0.00013588375300222286
Epoch:947, Loss:0.18876781215777202, Acc:94.292, LR:0.00014058142207060273
Epoch:948, Loss:0.18632129245266624, Acc:94.404, LR:0.0001452883861382802
Epoch:949, Loss:0.1894219275944087, Acc:94.348, LR:0.00015000000000000023
Validation: Loss:5.060046005249023, Acc:32.71
Epoch:950, Loss:0.19621191622347248, Acc:94.06, LR:0.0001547116138617192
Epoch:951, Loss:0.1890474031774365, Acc:94.282, LR:0.00015941857792939665
Epoch:952, Loss:0.1998740829983536, Acc:93.978, LR:0.00016411624699777755
Epoch:953, Loss:0.20143412616179915, Acc:94.064, LR:0.00016879998503464578
Epoch:954, Loss:0.19596745682005978, Acc:94.048, LR:0.00017346516975603449
Validation: Loss:5.0756364345550535, Acc:32.91
Epoch:955, Loss:0.19895782808260043, Acc:93.886, LR:0.00017810719718785824
Epoch:956, Loss:0.20504203013011388, Acc:93.874, LR:0.0001827214862094817
Epoch:957, Loss:0.2054234004142333, Acc:93.89, LR:0.00018730348307472827
Epoch:958, Loss:0.2119031960562784, Acc:93.6, LR:0.0001918486659058842
Epoch:959, Loss:0.2171720144700031, Acc:93.438, LR:0.00019635254915624165
Validation: Loss:5.076896166801452, Acc:32.96
Epoch:960, Loss:0.21723284420310235, Acc:93.432, LR:0.00020081068803679399
Epoch:961, Loss:0.21588432712822545, Acc:93.428, LR:0.0002052186829027017
Epoch:962, Loss:0.22136060802304014, Acc:93.3, LR:0.00020957218359521685
Epoch:963, Loss:0.21369536129795774, Acc:93.45, LR:0.00021386689373476136
Epoch:964, Loss:0.22371838485099832, Acc:93.276, LR:0.00021809857496093223
Validation: Loss:5.100184679031372, Acc:32.06
Epoch:965, Loss:0.21945724818779497, Acc:93.384, LR:0.0002222630511152573
Epoch:966, Loss:0.2200305644346743, Acc:93.234, LR:0.00022635621236255545
Epoch:967, Loss:0.2368207954022349, Acc:92.712, LR:0.0002303740192468499
Epoch:968, Loss:0.23317178703692495, Acc:92.828, LR:0.00023431250667781977
Epoch:969, Loss:0.22724858032805578, Acc:93.044, LR:0.0002381677878438709
Validation: Loss:5.046470737457275, Acc:33.02
Epoch:970, Loss:0.2328320507492338, Acc:92.968, LR:0.00024193605804794706
Epoch:971, Loss:0.23139657962078952, Acc:92.998, LR:0.0002456135984623038
Epoch:972, Loss:0.234246306273402, Acc:92.872, LR:0.00024919677979854787
Epoch:973, Loss:0.2436369861267051, Acc:92.6, LR:0.0002526820658893032
Epoch:974, Loss:0.23732725241962743, Acc:92.702, LR:0.00025606601717798256
Validation: Loss:5.085323762893677, Acc:32.35
Epoch:975, Loss:0.24376127975327627, Acc:92.758, LR:0.000259345294113212
Epoch:976, Loss:0.24309805704622853, Acc:92.656, LR:0.000262516660444569
Epoch:977, Loss:0.23867628388867088, Acc:92.838, LR:0.0002655769864163683
Epoch:978, Loss:0.2425007280342433, Acc:92.65, LR:0.000268523251856354
Epoch:979, Loss:0.24486723435776575, Acc:92.474, LR:0.0002713525491562424
Validation: Loss:5.0806293249130245, Acc:32.7
Epoch:980, Loss:0.24653347231903855, Acc:92.454, LR:0.0002740620861411844
Epoch:981, Loss:0.2550909088886514, Acc:92.188, LR:0.00027664918882530285
Epoch:982, Loss:0.24717494617311322, Acc:92.552, LR:0.000279111304050592
Epoch:983, Loss:0.24577119110190138, Acc:92.47, LR:0.0002814460020065799
Epoch:984, Loss:0.24533999255117106, Acc:92.61, LR:0.0002836509786282554
Validation: Loss:5.090181350708008, Acc:32.38
Epoch:985, Loss:0.23963938030053158, Acc:92.766, LR:0.00028572405786990353
Epoch:986, Loss:0.24871285913550123, Acc:92.496, LR:0.0002876631938525977
Epoch:987, Loss:0.23852049255249452, Acc:92.878, LR:0.00028946647288323815
Epoch:988, Loss:0.24222161696881664, Acc:92.69, LR:0.0002911321153431342
Epoch:989, Loss:0.2519634293050182, Acc:92.29, LR:0.0002926584774442737
Validation: Loss:5.044040322303772, Acc:32.3
Epoch:990, Loss:0.2542598309869669, Acc:92.388, LR:0.0002940440528515421
Epoch:991, Loss:0.2509259455362145, Acc:92.438, LR:0.00029528747416929517
Epoch:992, Loss:0.24324854858675782, Acc:92.558, LR:0.00029638751429081285
Epoch:993, Loss:0.253842151134598, Acc:92.264, LR:0.00029734308760930397
Epoch:994, Loss:0.24807930509654844, Acc:92.502, LR:0.0002981532510892713
Validation: Loss:5.048544239997864, Acc:32.8
Epoch:995, Loss:0.25276478364759564, Acc:92.458, LR:0.0002988172051971723
Epoch:996, Loss:0.24811745389383666, Acc:92.452, LR:0.00029933429469046274
Epoch:997, Loss:0.24470617409263337, Acc:92.584, LR:0.0002997040092642415
Epoch:998, Loss:0.24781952159745352, Acc:92.486, LR:0.0002999259840548605
Epoch:999, Loss:0.2411513403058052, Acc:92.634, LR:0.00030000000000000073
Validation: Loss:5.086193919181824, Acc:32.36
Test: Acc:33.91
