nohup: ignoring input
/root/liuyuanye/NNDL/Final/CIFAR/deit.py:63: UserWarning: Overwriting deit_tiny_patch16_224 in registry with deit.deit_tiny_patch16_224. This is because the name being registered conflicts with an existing name. Please check if this is not expected.
  def deit_tiny_patch16_224(pretrained=False, **kwargs):
/root/liuyuanye/NNDL/Final/CIFAR/deit.py:78: UserWarning: Overwriting deit_small_patch16_224 in registry with deit.deit_small_patch16_224. This is because the name being registered conflicts with an existing name. Please check if this is not expected.
  def deit_small_patch16_224(pretrained=False, **kwargs):
/root/liuyuanye/NNDL/Final/CIFAR/deit.py:93: UserWarning: Overwriting deit_base_patch16_224 in registry with deit.deit_base_patch16_224. This is because the name being registered conflicts with an existing name. Please check if this is not expected.
  def deit_base_patch16_224(pretrained=False, **kwargs):
/root/liuyuanye/NNDL/Final/CIFAR/deit.py:108: UserWarning: Overwriting deit_tiny_distilled_patch16_224 in registry with deit.deit_tiny_distilled_patch16_224. This is because the name being registered conflicts with an existing name. Please check if this is not expected.
  def deit_tiny_distilled_patch16_224(pretrained=False, **kwargs):
/root/liuyuanye/NNDL/Final/CIFAR/deit.py:123: UserWarning: Overwriting deit_small_distilled_patch16_224 in registry with deit.deit_small_distilled_patch16_224. This is because the name being registered conflicts with an existing name. Please check if this is not expected.
  def deit_small_distilled_patch16_224(pretrained=False, **kwargs):
/root/liuyuanye/NNDL/Final/CIFAR/deit.py:138: UserWarning: Overwriting deit_base_distilled_patch16_224 in registry with deit.deit_base_distilled_patch16_224. This is because the name being registered conflicts with an existing name. Please check if this is not expected.
  def deit_base_distilled_patch16_224(pretrained=False, **kwargs):
/root/liuyuanye/NNDL/Final/CIFAR/deit.py:153: UserWarning: Overwriting deit_base_patch16_384 in registry with deit.deit_base_patch16_384. This is because the name being registered conflicts with an existing name. Please check if this is not expected.
  def deit_base_patch16_384(pretrained=False, **kwargs):
/root/liuyuanye/NNDL/Final/CIFAR/deit.py:168: UserWarning: Overwriting deit_base_distilled_patch16_384 in registry with deit.deit_base_distilled_patch16_384. This is because the name being registered conflicts with an existing name. Please check if this is not expected.
  def deit_base_distilled_patch16_384(pretrained=False, **kwargs):
/root/miniconda3/envs/py310/lib/python3.10/site-packages/torchvision/models/_utils.py:223: UserWarning: Arguments other than a weight enum or `None` for 'weights' are deprecated since 0.13 and may be removed in the future. The current behavior is equivalent to passing `weights=ResNet34_Weights.IMAGENET1K_V1`. You can also use `weights=ResNet34_Weights.DEFAULT` to get the most up-to-date weights.
  warnings.warn(msg)
{
    "datapath": "../data/",
    "logpath": "./logs/",
    "batch_size": 512,
    "epoch": 200,
    "seed": 43,
    "date": "0623",
    "plot": true,
    "num_classes": 100,
    "opt": "AdamW",
    "learning_rate": 0.0005,
    "weight_decay": 0.05,
    "pretrained": true,
    "device_id": 0,
    "dropout": true,
    "cutout": true,
    "cutmix": false,
    "model": "ResNet34",
    "comment": "StepLR_30_0.2"
}
2024-06-23 19:27:34
Epoch:0, Loss:2.46897513890753, Acc:38.036, LR:0.0005
Epoch:1, Loss:1.270811832680994, Acc:64.164, LR:0.0005
Epoch:2, Loss:0.9903617689804155, Acc:71.454, LR:0.0005
Epoch:3, Loss:0.8409098994975187, Acc:75.432, LR:0.0005
Epoch:4, Loss:0.7309175449974683, Acc:78.464, LR:0.0005
Validation: Loss:0.8720028340816498, Acc:74.73
Best model updated!
Epoch:5, Loss:0.639459781500758, Acc:80.93, LR:0.0005
Epoch:6, Loss:0.5616404922032843, Acc:83.062, LR:0.0005
Epoch:7, Loss:0.5136368749093037, Acc:84.35, LR:0.0005
Epoch:8, Loss:0.4550151216740511, Acc:86.166, LR:0.0005
Epoch:9, Loss:0.42066977157884716, Acc:87.222, LR:0.0005
Validation: Loss:0.8771288365125656, Acc:75.99
Best model updated!
Epoch:10, Loss:0.3831333648793551, Acc:88.366, LR:0.0005
Epoch:11, Loss:0.3445625040604144, Acc:89.292, LR:0.0005
Epoch:12, Loss:0.312716902062601, Acc:90.214, LR:0.0005
Epoch:13, Loss:0.29633238744370793, Acc:90.912, LR:0.0005
Epoch:14, Loss:0.27671725531013647, Acc:91.496, LR:0.0005
Validation: Loss:0.9324331045150757, Acc:76.75
Best model updated!
Epoch:15, Loss:0.24971828807373436, Acc:92.304, LR:0.0005
Epoch:16, Loss:0.23751260036108446, Acc:92.646, LR:0.0005
Epoch:17, Loss:0.215498721265063, Acc:93.286, LR:0.0005
Epoch:18, Loss:0.20179404462782705, Acc:93.642, LR:0.0005
Epoch:19, Loss:0.19890038000077617, Acc:93.884, LR:0.0005
Validation: Loss:0.8959283649921417, Acc:78.61
Best model updated!
Epoch:20, Loss:0.18234877873744285, Acc:94.336, LR:0.0005
Epoch:21, Loss:0.18090688779341932, Acc:94.322, LR:0.0005
Epoch:22, Loss:0.17012086373810864, Acc:94.784, LR:0.0005
Epoch:23, Loss:0.16534483463180308, Acc:94.916, LR:0.0005
Epoch:24, Loss:0.15073133282819573, Acc:95.412, LR:0.0005
Validation: Loss:0.9877175599336624, Acc:77.2
Epoch:25, Loss:0.13793127862166385, Acc:95.706, LR:0.0005
Epoch:26, Loss:0.14401424516524589, Acc:95.564, LR:0.0005
Epoch:27, Loss:0.13774159003277214, Acc:95.568, LR:0.0005
Epoch:28, Loss:0.13156844660335656, Acc:95.992, LR:0.0005
Epoch:29, Loss:0.12548472352173864, Acc:96.184, LR:0.0001
Validation: Loss:0.9565754562616349, Acc:78.38
Epoch:30, Loss:0.06154087778865075, Acc:98.154, LR:0.0001
Epoch:31, Loss:0.03412540028898083, Acc:99.084, LR:0.0001
Epoch:32, Loss:0.026052828868661, Acc:99.294, LR:0.0001
Epoch:33, Loss:0.021663012173102826, Acc:99.42, LR:0.0001
Epoch:34, Loss:0.018590402604099745, Acc:99.54, LR:0.0001
Validation: Loss:0.7502476960420609, Acc:82.8
Best model updated!
Epoch:35, Loss:0.015666549878042876, Acc:99.59, LR:0.0001
Epoch:36, Loss:0.015905375635175377, Acc:99.584, LR:0.0001
Epoch:37, Loss:0.015216940857127917, Acc:99.604, LR:0.0001
Epoch:38, Loss:0.01394460015759176, Acc:99.656, LR:0.0001
Epoch:39, Loss:0.01247542819521409, Acc:99.662, LR:0.0001
Validation: Loss:0.7723606288433075, Acc:82.87
Best model updated!
Epoch:40, Loss:0.012326693371394458, Acc:99.704, LR:0.0001
Epoch:41, Loss:0.010646516853962474, Acc:99.752, LR:0.0001
Epoch:42, Loss:0.010796076696537132, Acc:99.712, LR:0.0001
Epoch:43, Loss:0.010703470826396073, Acc:99.708, LR:0.0001
Epoch:44, Loss:0.010912935396808446, Acc:99.696, LR:0.0001
Validation: Loss:0.7953248620033264, Acc:82.65
Epoch:45, Loss:0.01071008171277995, Acc:99.73, LR:0.0001
Epoch:46, Loss:0.010083504693525635, Acc:99.71, LR:0.0001
Epoch:47, Loss:0.009745790433062583, Acc:99.776, LR:0.0001
Epoch:48, Loss:0.009636205667392256, Acc:99.712, LR:0.0001
Epoch:49, Loss:0.00891987753708904, Acc:99.772, LR:0.0001
Validation: Loss:0.8118886977434159, Acc:83.24
Best model updated!
Epoch:50, Loss:0.009316551967105848, Acc:99.742, LR:0.0001
Epoch:51, Loss:0.010233215707335241, Acc:99.726, LR:0.0001
Epoch:52, Loss:0.008993854225917282, Acc:99.754, LR:0.0001
Epoch:53, Loss:0.00956610305595915, Acc:99.734, LR:0.0001
Epoch:54, Loss:0.010046251519697205, Acc:99.722, LR:0.0001
Validation: Loss:0.8415864259004593, Acc:82.74
Epoch:55, Loss:0.009431185433641076, Acc:99.748, LR:0.0001
Epoch:56, Loss:0.010536402406893214, Acc:99.704, LR:0.0001
Epoch:57, Loss:0.010288981169614256, Acc:99.692, LR:0.0001
Epoch:58, Loss:0.011546021526945489, Acc:99.658, LR:0.0001
Epoch:59, Loss:0.010991483819861042, Acc:99.696, LR:2e-05
Validation: Loss:0.8656945139169693, Acc:82.72
Epoch:60, Loss:0.00858282578434339, Acc:99.792, LR:2e-05
Epoch:61, Loss:0.005822875427690392, Acc:99.842, LR:2e-05
Epoch:62, Loss:0.005829416887777649, Acc:99.84, LR:2e-05
Epoch:63, Loss:0.005222509596116689, Acc:99.876, LR:2e-05
Epoch:64, Loss:0.004863095712700707, Acc:99.89, LR:2e-05
Validation: Loss:0.8211447268724441, Acc:83.18
Epoch:65, Loss:0.004474180836078464, Acc:99.868, LR:2e-05
Epoch:66, Loss:0.0042782333942025675, Acc:99.896, LR:2e-05
Epoch:67, Loss:0.004414915700552377, Acc:99.88, LR:2e-05
Epoch:68, Loss:0.004431091279280847, Acc:99.88, LR:2e-05
Epoch:69, Loss:0.004391087502435952, Acc:99.89, LR:2e-05
Validation: Loss:0.817894047498703, Acc:83.36
Best model updated!
Epoch:70, Loss:0.004042312186876578, Acc:99.9, LR:2e-05
Epoch:71, Loss:0.0038265304625680558, Acc:99.91, LR:2e-05
Epoch:72, Loss:0.003977710805828588, Acc:99.88, LR:2e-05
Epoch:73, Loss:0.0034556841039412407, Acc:99.92, LR:2e-05
Epoch:74, Loss:0.003348806665079402, Acc:99.928, LR:2e-05
Validation: Loss:0.8120378375053405, Acc:83.51
Best model updated!
Epoch:75, Loss:0.0029893230120603908, Acc:99.938, LR:2e-05
Epoch:76, Loss:0.0030799684683763782, Acc:99.926, LR:2e-05
Epoch:77, Loss:0.0033360079402455643, Acc:99.91, LR:2e-05
Epoch:78, Loss:0.0035011722131309156, Acc:99.908, LR:2e-05
Epoch:79, Loss:0.0030445937418892067, Acc:99.938, LR:2e-05
Validation: Loss:0.8119050115346909, Acc:83.44
Epoch:80, Loss:0.0025730459037360412, Acc:99.94, LR:2e-05
Epoch:81, Loss:0.00315479037342403, Acc:99.91, LR:2e-05
Epoch:82, Loss:0.0029999480721759324, Acc:99.934, LR:2e-05
Epoch:83, Loss:0.002871160347333026, Acc:99.93, LR:2e-05
Epoch:84, Loss:0.0028501478839328283, Acc:99.926, LR:2e-05
Validation: Loss:0.8176949441432952, Acc:83.49
Epoch:85, Loss:0.002883175609524039, Acc:99.926, LR:2e-05
Epoch:86, Loss:0.0031840916959407304, Acc:99.932, LR:2e-05
Epoch:87, Loss:0.0028754379433978882, Acc:99.916, LR:2e-05
Epoch:88, Loss:0.0035647738045461626, Acc:99.888, LR:2e-05
Epoch:89, Loss:0.003185482246371233, Acc:99.912, LR:4.000000000000001e-06
Validation: Loss:0.8249157935380935, Acc:83.43
Epoch:90, Loss:0.002983140121855564, Acc:99.928, LR:4.000000000000001e-06
Epoch:91, Loss:0.0028434188849986437, Acc:99.928, LR:4.000000000000001e-06
Epoch:92, Loss:0.0022257017553783953, Acc:99.948, LR:4.000000000000001e-06
Epoch:93, Loss:0.0022009607043345365, Acc:99.952, LR:4.000000000000001e-06
Epoch:94, Loss:0.002483643415593067, Acc:99.934, LR:4.000000000000001e-06
Validation: Loss:0.8219334721565247, Acc:83.56
Best model updated!
Epoch:95, Loss:0.002709320188043829, Acc:99.93, LR:4.000000000000001e-06
Epoch:96, Loss:0.0024928813580452104, Acc:99.93, LR:4.000000000000001e-06
Epoch:97, Loss:0.0023123573429279067, Acc:99.944, LR:4.000000000000001e-06
Epoch:98, Loss:0.002214304532924648, Acc:99.944, LR:4.000000000000001e-06
Epoch:99, Loss:0.002254769745655833, Acc:99.948, LR:4.000000000000001e-06
Validation: Loss:0.8166023463010788, Acc:83.65
Best model updated!
Epoch:100, Loss:0.0023817517732303323, Acc:99.942, LR:4.000000000000001e-06
Epoch:101, Loss:0.0021675095396895645, Acc:99.942, LR:4.000000000000001e-06
Epoch:102, Loss:0.0021194012824336675, Acc:99.946, LR:4.000000000000001e-06
Epoch:103, Loss:0.0022011890452668754, Acc:99.946, LR:4.000000000000001e-06
Epoch:104, Loss:0.002145603094820161, Acc:99.942, LR:4.000000000000001e-06
Validation: Loss:0.8207495391368866, Acc:83.67
Best model updated!
Epoch:105, Loss:0.0023958892739682023, Acc:99.93, LR:4.000000000000001e-06
Epoch:106, Loss:0.002292932882520123, Acc:99.954, LR:4.000000000000001e-06
Epoch:107, Loss:0.0021509590736300474, Acc:99.94, LR:4.000000000000001e-06
Epoch:108, Loss:0.002223079296824408, Acc:99.942, LR:4.000000000000001e-06
Epoch:109, Loss:0.0025672060009852356, Acc:99.936, LR:4.000000000000001e-06
Validation: Loss:0.8220672160387039, Acc:83.7
Best model updated!
Epoch:110, Loss:0.0022686710248568226, Acc:99.95, LR:4.000000000000001e-06
Epoch:111, Loss:0.002552543109287603, Acc:99.922, LR:4.000000000000001e-06
Epoch:112, Loss:0.0025674321157715227, Acc:99.924, LR:4.000000000000001e-06
Epoch:113, Loss:0.002365203590039639, Acc:99.928, LR:4.000000000000001e-06
Epoch:114, Loss:0.002133990065978688, Acc:99.954, LR:4.000000000000001e-06
Validation: Loss:0.8198261648416519, Acc:83.89
Best model updated!
Epoch:115, Loss:0.002262151509948664, Acc:99.946, LR:4.000000000000001e-06
Epoch:116, Loss:0.0020957435656467223, Acc:99.948, LR:4.000000000000001e-06
Epoch:117, Loss:0.0022981822735995854, Acc:99.95, LR:4.000000000000001e-06
Epoch:118, Loss:0.0018954201766565367, Acc:99.94, LR:4.000000000000001e-06
Epoch:119, Loss:0.0020800817752499325, Acc:99.958, LR:8.000000000000002e-07
Validation: Loss:0.8157849818468094, Acc:83.79
Epoch:120, Loss:0.0022704679728604437, Acc:99.932, LR:8.000000000000002e-07
Epoch:121, Loss:0.0021206989358131755, Acc:99.948, LR:8.000000000000002e-07
Epoch:122, Loss:0.0024498852334526957, Acc:99.918, LR:8.000000000000002e-07
Epoch:123, Loss:0.0021472906810231507, Acc:99.954, LR:8.000000000000002e-07
Epoch:124, Loss:0.001958267437175334, Acc:99.944, LR:8.000000000000002e-07
Validation: Loss:0.8200943976640701, Acc:83.74
Epoch:125, Loss:0.001879188752132088, Acc:99.96, LR:8.000000000000002e-07
Epoch:126, Loss:0.0018506951256517358, Acc:99.962, LR:8.000000000000002e-07
Epoch:127, Loss:0.0017683464206389285, Acc:99.962, LR:8.000000000000002e-07
Epoch:128, Loss:0.001814002301235094, Acc:99.956, LR:8.000000000000002e-07
Epoch:129, Loss:0.002056653362494532, Acc:99.944, LR:8.000000000000002e-07
Validation: Loss:0.8202384531497955, Acc:83.8
Epoch:130, Loss:0.0017847774819974617, Acc:99.964, LR:8.000000000000002e-07
Epoch:131, Loss:0.0019672891506402543, Acc:99.944, LR:8.000000000000002e-07
Epoch:132, Loss:0.0021195514489925106, Acc:99.936, LR:8.000000000000002e-07
Epoch:133, Loss:0.002135780288918628, Acc:99.942, LR:8.000000000000002e-07
Epoch:134, Loss:0.001777445525346723, Acc:99.96, LR:8.000000000000002e-07
Validation: Loss:0.8187175840139389, Acc:83.76
Epoch:135, Loss:0.0019135713652702884, Acc:99.952, LR:8.000000000000002e-07
Epoch:136, Loss:0.002004280037184873, Acc:99.946, LR:8.000000000000002e-07
Epoch:137, Loss:0.0019543416467281438, Acc:99.95, LR:8.000000000000002e-07
Epoch:138, Loss:0.0025666142387401163, Acc:99.924, LR:8.000000000000002e-07
Epoch:139, Loss:0.0017421101163526314, Acc:99.952, LR:8.000000000000002e-07
Validation: Loss:0.8191767811775208, Acc:83.75
Epoch:140, Loss:0.001689102347436532, Acc:99.966, LR:8.000000000000002e-07
Epoch:141, Loss:0.0020109722512531834, Acc:99.948, LR:8.000000000000002e-07
Epoch:142, Loss:0.002223926124148717, Acc:99.944, LR:8.000000000000002e-07
Epoch:143, Loss:0.001920573187668865, Acc:99.954, LR:8.000000000000002e-07
Epoch:144, Loss:0.001900523625390262, Acc:99.95, LR:8.000000000000002e-07
Validation: Loss:0.818156772851944, Acc:83.83
Epoch:145, Loss:0.0016858979874903488, Acc:99.958, LR:8.000000000000002e-07
Epoch:146, Loss:0.0017178960287663136, Acc:99.956, LR:8.000000000000002e-07
Epoch:147, Loss:0.0020933557772172652, Acc:99.944, LR:8.000000000000002e-07
Epoch:148, Loss:0.0016205931422110572, Acc:99.968, LR:8.000000000000002e-07
Epoch:149, Loss:0.0015794594492406907, Acc:99.962, LR:1.6000000000000006e-07
Validation: Loss:0.8184218257665634, Acc:83.79
Epoch:150, Loss:0.0021073780867760547, Acc:99.944, LR:1.6000000000000006e-07
Epoch:151, Loss:0.0019247012951753425, Acc:99.948, LR:1.6000000000000006e-07
Epoch:152, Loss:0.0014938973448695425, Acc:99.962, LR:1.6000000000000006e-07
Epoch:153, Loss:0.002257665714584006, Acc:99.948, LR:1.6000000000000006e-07
Epoch:154, Loss:0.00208950843347227, Acc:99.934, LR:1.6000000000000006e-07
Validation: Loss:0.8158460915088653, Acc:83.73
Epoch:155, Loss:0.0021365655295679116, Acc:99.942, LR:1.6000000000000006e-07
Epoch:156, Loss:0.001997005491403445, Acc:99.944, LR:1.6000000000000006e-07
Epoch:157, Loss:0.0017532387508402522, Acc:99.96, LR:1.6000000000000006e-07
Epoch:158, Loss:0.0019066305222270098, Acc:99.954, LR:1.6000000000000006e-07
Epoch:159, Loss:0.0018401137272214365, Acc:99.958, LR:1.6000000000000006e-07
Validation: Loss:0.819317850470543, Acc:83.64
Epoch:160, Loss:0.0017603055769411316, Acc:99.958, LR:1.6000000000000006e-07
Epoch:161, Loss:0.0017011304655022044, Acc:99.96, LR:1.6000000000000006e-07
Epoch:162, Loss:0.0019793096301383433, Acc:99.94, LR:1.6000000000000006e-07
Epoch:163, Loss:0.0017660487073768234, Acc:99.95, LR:1.6000000000000006e-07
Epoch:164, Loss:0.001930389510395186, Acc:99.942, LR:1.6000000000000006e-07
Validation: Loss:0.8159292042255402, Acc:83.78
Epoch:165, Loss:0.0020730795067906076, Acc:99.944, LR:1.6000000000000006e-07
Epoch:166, Loss:0.0018827202762548374, Acc:99.964, LR:1.6000000000000006e-07
Epoch:167, Loss:0.001699909337675104, Acc:99.956, LR:1.6000000000000006e-07
Epoch:168, Loss:0.0019844348292336893, Acc:99.952, LR:1.6000000000000006e-07
Epoch:169, Loss:0.0019655944028161274, Acc:99.942, LR:1.6000000000000006e-07
Validation: Loss:0.8162837058305741, Acc:83.75
Epoch:170, Loss:0.0021330498685176503, Acc:99.942, LR:1.6000000000000006e-07
Epoch:171, Loss:0.0019406974876931468, Acc:99.956, LR:1.6000000000000006e-07
Epoch:172, Loss:0.001954345288864641, Acc:99.95, LR:1.6000000000000006e-07
Epoch:173, Loss:0.0018920808981828467, Acc:99.952, LR:1.6000000000000006e-07
Epoch:174, Loss:0.0016720185165616627, Acc:99.956, LR:1.6000000000000006e-07
Validation: Loss:0.8193268567323685, Acc:83.76
Epoch:175, Loss:0.0017381897234780789, Acc:99.956, LR:1.6000000000000006e-07
Epoch:176, Loss:0.0015851409264783167, Acc:99.966, LR:1.6000000000000006e-07
Epoch:177, Loss:0.0015008863232725737, Acc:99.964, LR:1.6000000000000006e-07
Epoch:178, Loss:0.001880548365784771, Acc:99.954, LR:1.6000000000000006e-07
Epoch:179, Loss:0.0020374259611529925, Acc:99.944, LR:3.2000000000000015e-08
Validation: Loss:0.820830836892128, Acc:83.62
Epoch:180, Loss:0.0017600565179422194, Acc:99.956, LR:3.2000000000000015e-08
Epoch:181, Loss:0.002027788818980168, Acc:99.952, LR:3.2000000000000015e-08
Epoch:182, Loss:0.0018771410894779755, Acc:99.94, LR:3.2000000000000015e-08
Epoch:183, Loss:0.0018881721367432298, Acc:99.958, LR:3.2000000000000015e-08
Epoch:184, Loss:0.0020717376901302487, Acc:99.94, LR:3.2000000000000015e-08
Validation: Loss:0.8220335990190506, Acc:83.8
Epoch:185, Loss:0.0018912687507453279, Acc:99.952, LR:3.2000000000000015e-08
Epoch:186, Loss:0.0018275676266057417, Acc:99.952, LR:3.2000000000000015e-08
Epoch:187, Loss:0.0018423828182026877, Acc:99.952, LR:3.2000000000000015e-08
Epoch:188, Loss:0.0016623933731853887, Acc:99.96, LR:3.2000000000000015e-08
Epoch:189, Loss:0.001676692480069338, Acc:99.972, LR:3.2000000000000015e-08
Validation: Loss:0.8199280470609664, Acc:83.71
Epoch:190, Loss:0.001887581108033429, Acc:99.948, LR:3.2000000000000015e-08
Epoch:191, Loss:0.0018100038248622715, Acc:99.958, LR:3.2000000000000015e-08
Epoch:192, Loss:0.0019748298966858003, Acc:99.94, LR:3.2000000000000015e-08
Epoch:193, Loss:0.0017658164142630994, Acc:99.954, LR:3.2000000000000015e-08
Epoch:194, Loss:0.0016151917638014812, Acc:99.962, LR:3.2000000000000015e-08
Validation: Loss:0.8205234080553054, Acc:83.79
Epoch:195, Loss:0.0022970361769322914, Acc:99.93, LR:3.2000000000000015e-08
Epoch:196, Loss:0.0017957644571540688, Acc:99.952, LR:3.2000000000000015e-08
Epoch:197, Loss:0.0018634400502731074, Acc:99.94, LR:3.2000000000000015e-08
Epoch:198, Loss:0.0020259434912040146, Acc:99.95, LR:3.2000000000000015e-08
Epoch:199, Loss:0.0020080108854240186, Acc:99.944, LR:3.2000000000000015e-08
Validation: Loss:0.8163541048765183, Acc:83.8
Test: Acc:83.89
