nohup: ignoring input
/root/liuyuanye/NNDL/Final/CIFAR/deit.py:63: UserWarning: Overwriting deit_tiny_patch16_224 in registry with deit.deit_tiny_patch16_224. This is because the name being registered conflicts with an existing name. Please check if this is not expected.
  def deit_tiny_patch16_224(pretrained=False, **kwargs):
/root/liuyuanye/NNDL/Final/CIFAR/deit.py:78: UserWarning: Overwriting deit_small_patch16_224 in registry with deit.deit_small_patch16_224. This is because the name being registered conflicts with an existing name. Please check if this is not expected.
  def deit_small_patch16_224(pretrained=False, **kwargs):
/root/liuyuanye/NNDL/Final/CIFAR/deit.py:93: UserWarning: Overwriting deit_base_patch16_224 in registry with deit.deit_base_patch16_224. This is because the name being registered conflicts with an existing name. Please check if this is not expected.
  def deit_base_patch16_224(pretrained=False, **kwargs):
/root/liuyuanye/NNDL/Final/CIFAR/deit.py:108: UserWarning: Overwriting deit_tiny_distilled_patch16_224 in registry with deit.deit_tiny_distilled_patch16_224. This is because the name being registered conflicts with an existing name. Please check if this is not expected.
  def deit_tiny_distilled_patch16_224(pretrained=False, **kwargs):
/root/liuyuanye/NNDL/Final/CIFAR/deit.py:123: UserWarning: Overwriting deit_small_distilled_patch16_224 in registry with deit.deit_small_distilled_patch16_224. This is because the name being registered conflicts with an existing name. Please check if this is not expected.
  def deit_small_distilled_patch16_224(pretrained=False, **kwargs):
/root/liuyuanye/NNDL/Final/CIFAR/deit.py:138: UserWarning: Overwriting deit_base_distilled_patch16_224 in registry with deit.deit_base_distilled_patch16_224. This is because the name being registered conflicts with an existing name. Please check if this is not expected.
  def deit_base_distilled_patch16_224(pretrained=False, **kwargs):
/root/liuyuanye/NNDL/Final/CIFAR/deit.py:153: UserWarning: Overwriting deit_base_patch16_384 in registry with deit.deit_base_patch16_384. This is because the name being registered conflicts with an existing name. Please check if this is not expected.
  def deit_base_patch16_384(pretrained=False, **kwargs):
/root/liuyuanye/NNDL/Final/CIFAR/deit.py:168: UserWarning: Overwriting deit_base_distilled_patch16_384 in registry with deit.deit_base_distilled_patch16_384. This is because the name being registered conflicts with an existing name. Please check if this is not expected.
  def deit_base_distilled_patch16_384(pretrained=False, **kwargs):
/root/miniconda3/envs/py310/lib/python3.10/site-packages/torchvision/models/_utils.py:223: UserWarning: Arguments other than a weight enum or `None` for 'weights' are deprecated since 0.13 and may be removed in the future. The current behavior is equivalent to passing `weights=ResNet18_Weights.IMAGENET1K_V1`. You can also use `weights=ResNet18_Weights.DEFAULT` to get the most up-to-date weights.
  warnings.warn(msg)
deit_small的参数量: 22.05M
{
    "datapath": "../data/",
    "logpath": "./logs/",
    "batch_size": 512,
    "epoch": 1000,
    "seed": 43,
    "date": "0621",
    "plot": true,
    "num_classes": 100,
    "learning_rate": 0.01,
    "weight_decay": 0.0003,
    "pretrained": true,
    "device_id": 0,
    "dropout": true,
    "cutout": true,
    "cutmix": false,
    "model": "ResNet18",
    "comment": "CosLR"
}
2024-06-21 23:54:49
Epoch:0, Loss:4.827898774828229, Acc:1.502, LR:0.009997532801828659
Epoch:1, Loss:4.454076689116809, Acc:3.376, LR:0.00999013364214136
Epoch:2, Loss:4.30852282290556, Acc:4.772, LR:0.009977809823015401
Epoch:3, Loss:4.094008713352437, Acc:6.076, LR:0.009960573506572392
Epoch:4, Loss:3.932917969567435, Acc:7.964, LR:0.00993844170297569
Validation: Loss:3.9430317759513853, Acc:8.23
Best model updated!
Epoch:5, Loss:3.8063274159723397, Acc:9.83, LR:0.009911436253643446
Epoch:6, Loss:3.7115581230241426, Acc:11.32, LR:0.009879583809693738
Epoch:7, Loss:3.6404189917506002, Acc:12.55, LR:0.009842915805643155
Epoch:8, Loss:3.577419120438245, Acc:13.624, LR:0.009801468428384716
Epoch:9, Loss:3.5276195248778985, Acc:14.716, LR:0.009755282581475767
Validation: Loss:3.645447790622711, Acc:14.35
Best model updated!
Epoch:10, Loss:3.484616608035808, Acc:15.594, LR:0.009704403844771127
Epoch:11, Loss:3.439631466962853, Acc:16.412, LR:0.009648882429441256
Epoch:12, Loss:3.4034595051590277, Acc:17.002, LR:0.009588773128419903
Epoch:13, Loss:3.357956832768966, Acc:17.99, LR:0.009524135262330096
Epoch:14, Loss:3.3278602240036945, Acc:18.248, LR:0.009455032620941838
Validation: Loss:3.300725042819977, Acc:19.56
Best model updated!
Epoch:15, Loss:3.3038039231786924, Acc:19.144, LR:0.009381533400219317
Epoch:16, Loss:3.2798106354110095, Acc:19.52, LR:0.009303710135019717
Epoch:17, Loss:3.260829837954774, Acc:19.592, LR:0.009221639627510075
Epoch:18, Loss:3.2231686991088244, Acc:20.206, LR:0.00913540287137281
Epoch:19, Loss:3.214279335372302, Acc:20.674, LR:0.009045084971874739
Validation: Loss:3.351551520824432, Acc:18.94
Epoch:20, Loss:3.1928432085076155, Acc:21.186, LR:0.008950775061878451
Epoch:21, Loss:3.17587217262813, Acc:21.45, LR:0.008852566213878947
Epoch:22, Loss:3.152067636956974, Acc:21.634, LR:0.008750555348152299
Epoch:23, Loss:3.125302088503935, Acc:22.44, LR:0.00864484313710706
Epoch:24, Loss:3.12511002530857, Acc:22.042, LR:0.008535533905932738
Validation: Loss:2.887373375892639, Acc:26.53
Best model updated!
Epoch:25, Loss:3.101158528911824, Acc:22.63, LR:0.008422735529643444
Epoch:26, Loss:3.0952441011156355, Acc:22.81, LR:0.00830655932661826
Epoch:27, Loss:3.077955557375538, Acc:23.008, LR:0.00818711994874345
Epoch:28, Loss:3.053345882162756, Acc:23.218, LR:0.008064535268264884
Epoch:29, Loss:3.0501707184071445, Acc:23.486, LR:0.007938926261462368
Validation: Loss:2.9114557981491087, Acc:25.99
Epoch:30, Loss:3.024992436778789, Acc:24.13, LR:0.007810416889260655
Epoch:31, Loss:3.0105394976479665, Acc:24.27, LR:0.0076791339748949845
Epoch:32, Loss:3.0026675292423795, Acc:24.342, LR:0.007545207078751858
Epoch:33, Loss:2.9905091329496734, Acc:24.784, LR:0.007408768370508578
Epoch:34, Loss:2.988750292330372, Acc:24.902, LR:0.0072699524986977355
Validation: Loss:2.9543779373168944, Acc:26.73
Best model updated!
Epoch:35, Loss:2.9699840472669017, Acc:25.02, LR:0.007128896457825365
Epoch:36, Loss:2.9601755166540342, Acc:25.23, LR:0.006985739453173905
Epoch:37, Loss:2.9510579936358394, Acc:25.492, LR:0.006840622763423393
Epoch:38, Loss:2.928669647294648, Acc:25.97, LR:0.00669368960122646
Epoch:39, Loss:2.9272411502137476, Acc:26.19, LR:0.00654508497187474
Validation: Loss:2.758558201789856, Acc:29.3
Best model updated!
Epoch:40, Loss:2.9142636936538073, Acc:26.334, LR:0.00639495553019615
Epoch:41, Loss:2.9088959669580263, Acc:26.06, LR:0.006243449435824276
Epoch:42, Loss:2.8910645465461577, Acc:26.824, LR:0.006090716206982716
Epoch:43, Loss:2.875579909402497, Acc:26.91, LR:0.005936906572928627
Epoch:44, Loss:2.8582168914833845, Acc:27.288, LR:0.005782172325201158
Validation: Loss:2.7161673426628115, Acc:30.55
Best model updated!
Epoch:45, Loss:2.848470140476616, Acc:27.41, LR:0.0056266661678215256
Epoch:46, Loss:2.8345315796988353, Acc:27.792, LR:0.005470541566592575
Epoch:47, Loss:2.8253941949532955, Acc:27.692, LR:0.0053139525976465705
Epoch:48, Loss:2.8161085235829257, Acc:28.354, LR:0.005157053795390645
Epoch:49, Loss:2.8011125204514484, Acc:28.3, LR:0.005000000000000004
Validation: Loss:2.65665785074234, Acc:31.72
Best model updated!
Epoch:50, Loss:2.7973812988826205, Acc:28.802, LR:0.004842946204609362
Epoch:51, Loss:2.780810981380696, Acc:28.784, LR:0.004686047402353437
Epoch:52, Loss:2.7650811769524397, Acc:29.386, LR:0.004529458433407432
Epoch:53, Loss:2.752678379720571, Acc:29.598, LR:0.0043733338321784825
Epoch:54, Loss:2.7453802751035106, Acc:29.93, LR:0.004217827674798849
Validation: Loss:2.599070107936859, Acc:32.38
Best model updated!
Epoch:55, Loss:2.7377904848176606, Acc:29.926, LR:0.00406309342707138
Epoch:56, Loss:2.7231718058488807, Acc:30.066, LR:0.003909283793017292
Epoch:57, Loss:2.7007518471503746, Acc:30.71, LR:0.0037565505641757287
Epoch:58, Loss:2.69586558001382, Acc:30.816, LR:0.0036050444698038572
Epoch:59, Loss:2.6733843355762716, Acc:31.268, LR:0.003454915028125267
Validation: Loss:2.5741058468818663, Acc:33.55
Best model updated!
Epoch:60, Loss:2.667136167993351, Acc:31.33, LR:0.003306310398773546
Epoch:61, Loss:2.6544618533582103, Acc:31.412, LR:0.0031593772365766143
Epoch:62, Loss:2.6400121450424194, Acc:32.03, LR:0.0030142605468260987
Epoch:63, Loss:2.630535643927905, Acc:32.002, LR:0.002871103542174639
Epoch:64, Loss:2.6205067464283536, Acc:32.316, LR:0.002730047501302268
Validation: Loss:2.387322521209717, Acc:37.49
Best model updated!
Epoch:65, Loss:2.5943987150581513, Acc:32.912, LR:0.0025912316294914245
Epoch:66, Loss:2.5873413256236484, Acc:33.34, LR:0.002454792921248145
Epoch:67, Loss:2.581989577838353, Acc:33.166, LR:0.002320866025105017
Epoch:68, Loss:2.5607349702290128, Acc:33.464, LR:0.002189583110739348
Epoch:69, Loss:2.540864968786434, Acc:34.006, LR:0.002061073738537636
Validation: Loss:2.3662015795707703, Acc:37.61
Best model updated!
Epoch:70, Loss:2.545173939393491, Acc:33.906, LR:0.001935464731735118
Epoch:71, Loss:2.530712675075142, Acc:34.178, LR:0.0018128800512565522
Epoch:72, Loss:2.5219946296847597, Acc:34.47, LR:0.0016934406733817423
Epoch:73, Loss:2.5001797700414854, Acc:34.792, LR:0.0015772644703565572
Epoch:74, Loss:2.491461179694351, Acc:35.162, LR:0.0014644660940672635
Validation: Loss:2.2596540689468383, Acc:40.21
Best model updated!
Epoch:75, Loss:2.469200248620948, Acc:35.57, LR:0.001355156862892944
Epoch:76, Loss:2.4751392773219516, Acc:35.242, LR:0.0012494446518477027
Epoch:77, Loss:2.453657018895052, Acc:35.99, LR:0.001147433786121055
Epoch:78, Loss:2.4417735751794307, Acc:36.322, LR:0.0010492249381215486
Epoch:79, Loss:2.430778595865989, Acc:36.092, LR:0.0009549150281252639
Validation: Loss:2.209308445453644, Acc:41.25
Best model updated!
Epoch:80, Loss:2.416429276369056, Acc:36.9, LR:0.000864597128627192
Epoch:81, Loss:2.4095137192278493, Acc:36.862, LR:0.0007783603724899262
Epoch:82, Loss:2.3920238674903405, Acc:37.28, LR:0.0006962898649802817
Epoch:83, Loss:2.379857992639347, Acc:37.63, LR:0.0006184665997806825
Epoch:84, Loss:2.372065140276539, Acc:37.932, LR:0.0005449673790581614
Validation: Loss:2.2105583906173707, Acc:41.46
Best model updated!
Epoch:85, Loss:2.3678486249884783, Acc:37.948, LR:0.0004758647376699035
Epoch:86, Loss:2.3513953247848822, Acc:38.242, LR:0.0004112268715800957
Epoch:87, Loss:2.3498180569434655, Acc:38.24, LR:0.0003511175705587435
Epoch:88, Loss:2.343923432486398, Acc:38.55, LR:0.00029559615522887296
Epoch:89, Loss:2.3276006250965353, Acc:38.68, LR:0.0002447174185242325
Validation: Loss:2.1574731051921843, Acc:42.9
Best model updated!
Epoch:90, Loss:2.321511001003032, Acc:39.02, LR:0.00019853157161528535
Epoch:91, Loss:2.318051656898187, Acc:38.626, LR:0.00015708419435684528
Epoch:92, Loss:2.307028682864442, Acc:39.138, LR:0.00012041619030626346
Epoch:93, Loss:2.3115664598893146, Acc:39.018, LR:8.856374635655646e-05
Epoch:94, Loss:2.3036126384929734, Acc:39.246, LR:6.155829702431174e-05
Validation: Loss:2.1400414645671844, Acc:42.94
Best model updated!
Epoch:95, Loss:2.312025491072207, Acc:39.074, LR:3.94264934276112e-05
Epoch:96, Loss:2.3074455626156865, Acc:38.948, LR:2.2190176984600033e-05
Epoch:97, Loss:2.3049009089567223, Acc:39.186, LR:9.866357858642211e-06
Epoch:98, Loss:2.298205409731184, Acc:39.16, LR:2.4671981713420015e-06
Epoch:99, Loss:2.294595170994194, Acc:39.296, LR:0.0
Validation: Loss:2.1375727236270903, Acc:42.86
Epoch:100, Loss:2.2969439199992587, Acc:39.272, LR:2.467198171342e-06
Epoch:101, Loss:2.2963455331568814, Acc:39.384, LR:9.866357858642205e-06
Epoch:102, Loss:2.3033711083081303, Acc:39.266, LR:2.2190176984600016e-05
Epoch:103, Loss:2.3009621318505733, Acc:39.286, LR:3.942649342761062e-05
Epoch:104, Loss:2.293425905461214, Acc:39.362, LR:6.155829702431115e-05
Validation: Loss:2.136527043581009, Acc:43.16
Best model updated!
Epoch:105, Loss:2.300295243457872, Acc:39.304, LR:8.856374635655695e-05
Epoch:106, Loss:2.303070163240238, Acc:39.174, LR:0.00012041619030626283
Epoch:107, Loss:2.3060495318198693, Acc:39.328, LR:0.00015708419435684406
Epoch:108, Loss:2.30411628314427, Acc:39.036, LR:0.0001985315716152841
Epoch:109, Loss:2.3078563675588493, Acc:38.948, LR:0.00024471741852423175
Validation: Loss:2.1449830293655396, Acc:42.7
Epoch:110, Loss:2.3142058241124057, Acc:39.19, LR:0.0002955961552288727
Epoch:111, Loss:2.30528115982912, Acc:39.086, LR:0.00035111757055874263
Epoch:112, Loss:2.3127929142543246, Acc:38.966, LR:0.00041122687158009363
Epoch:113, Loss:2.3152990657456067, Acc:38.802, LR:0.00047586473766990145
Epoch:114, Loss:2.32228367912526, Acc:38.556, LR:0.0005449673790581614
Validation: Loss:2.149240607023239, Acc:42.41
Epoch:115, Loss:2.3282055295243556, Acc:38.774, LR:0.0006184665997806824
Epoch:116, Loss:2.333432144048263, Acc:38.586, LR:0.0006962898649802815
Epoch:117, Loss:2.348133997041352, Acc:38.176, LR:0.0007783603724899239
Epoch:118, Loss:2.3375314595747967, Acc:38.606, LR:0.0008645971286271895
Epoch:119, Loss:2.3468312535967146, Acc:38.22, LR:0.0009549150281252608
Validation: Loss:2.18874249458313, Acc:41.78
Epoch:120, Loss:2.3508772825708193, Acc:38.308, LR:0.0010492249381215482
Epoch:121, Loss:2.36464042079692, Acc:37.776, LR:0.0011474337861210535
Epoch:122, Loss:2.378101258861775, Acc:37.62, LR:0.0012494446518477012
Epoch:123, Loss:2.3784196936354345, Acc:37.636, LR:0.0013551568628929408
Epoch:124, Loss:2.3900205188867996, Acc:37.682, LR:0.00146446609406726
Validation: Loss:2.243717038631439, Acc:40.58
Epoch:125, Loss:2.3973801111688418, Acc:36.988, LR:0.0015772644703565563
Epoch:126, Loss:2.405757373693038, Acc:36.802, LR:0.0016934406733817395
Epoch:127, Loss:2.415383686824721, Acc:36.956, LR:0.0018128800512565515
Epoch:128, Loss:2.426849849370061, Acc:36.566, LR:0.0019354647317351167
Epoch:129, Loss:2.439459491749199, Acc:36.62, LR:0.002061073738537633
Validation: Loss:2.294077980518341, Acc:39.46
Epoch:130, Loss:2.4472503856736787, Acc:36.106, LR:0.0021895831107393445
Epoch:131, Loss:2.4594054392405917, Acc:35.766, LR:0.0023208660251050174
Epoch:132, Loss:2.4635907216947905, Acc:35.582, LR:0.0024547929212481432
Epoch:133, Loss:2.476756808709125, Acc:35.39, LR:0.0025912316294914224
Epoch:134, Loss:2.490638961597365, Acc:35.02, LR:0.0027300475013022634
Validation: Loss:2.598539078235626, Acc:34.32
Epoch:135, Loss:2.487914119447981, Acc:34.928, LR:0.002871103542174637
Epoch:136, Loss:2.495273928253018, Acc:35.096, LR:0.0030142605468260965
Epoch:137, Loss:2.5089849866166407, Acc:34.756, LR:0.0031593772365766087
Epoch:138, Loss:2.5225882919467226, Acc:34.5, LR:0.003306310398773541
Epoch:139, Loss:2.532753199947124, Acc:34.316, LR:0.0034549150281252597
Validation: Loss:2.385976755619049, Acc:37.97
Epoch:140, Loss:2.5232327762915165, Acc:34.6, LR:0.00360504446980385
Epoch:141, Loss:2.5377137685308653, Acc:34.002, LR:0.003756550564175726
Epoch:142, Loss:2.551787045537209, Acc:34.122, LR:0.003909283793017286
Epoch:143, Loss:2.5576424282424304, Acc:33.632, LR:0.004063093427071375
Epoch:144, Loss:2.5574690833383675, Acc:33.668, LR:0.004217827674798843
Validation: Loss:2.4204209804534913, Acc:36.26
Epoch:145, Loss:2.5621014711808185, Acc:33.864, LR:0.004373333832178475
Epoch:146, Loss:2.568080016544887, Acc:33.498, LR:0.004529458433407427
Epoch:147, Loss:2.5897374299107767, Acc:32.81, LR:0.0046860474023534306
Epoch:148, Loss:2.585895628345256, Acc:33.184, LR:0.004842946204609355
Epoch:149, Loss:2.5996033585801417, Acc:32.722, LR:0.004999999999999996
Validation: Loss:2.421893131732941, Acc:36.48
Epoch:150, Loss:2.597492792168442, Acc:33.006, LR:0.005157053795390636
Epoch:151, Loss:2.6060073302716624, Acc:32.51, LR:0.005313952597646561
Epoch:152, Loss:2.619414755276271, Acc:32.41, LR:0.0054705415665925695
Epoch:153, Loss:2.6124992735531865, Acc:32.342, LR:0.005626666167821518
Epoch:154, Loss:2.6224828666570237, Acc:32.272, LR:0.00578217232520115
Validation: Loss:2.5657307624816896, Acc:34.04
Epoch:155, Loss:2.627505981192297, Acc:32.134, LR:0.005936906572928619
Epoch:156, Loss:2.636077800575568, Acc:32.21, LR:0.006090716206982708
Epoch:157, Loss:2.652499610063981, Acc:31.73, LR:0.006243449435824272
Epoch:158, Loss:2.651352040621699, Acc:31.9, LR:0.006394955530196143
Epoch:159, Loss:2.6532942908150807, Acc:31.404, LR:0.006545084971874733
Validation: Loss:2.590234339237213, Acc:33.87
Epoch:160, Loss:2.6658267172015444, Acc:31.414, LR:0.006693689601226452
Epoch:161, Loss:2.6659597766642666, Acc:31.464, LR:0.006840622763423384
Epoch:162, Loss:2.6698170024521497, Acc:31.614, LR:0.006985739453173896
Epoch:163, Loss:2.6807106514366303, Acc:31.476, LR:0.007128896457825356
Epoch:164, Loss:2.6839667704640604, Acc:31.17, LR:0.007269952498697725
Validation: Loss:2.5883069157600405, Acc:34.69
Epoch:165, Loss:2.675156201635088, Acc:31.38, LR:0.007408768370508575
Epoch:166, Loss:2.6935413370327073, Acc:30.94, LR:0.007545207078751855
Epoch:167, Loss:2.700770378112793, Acc:30.83, LR:0.007679133974894981
Epoch:168, Loss:2.708996984423423, Acc:30.622, LR:0.00781041688926065
Epoch:169, Loss:2.7062589708639653, Acc:30.774, LR:0.007938926261462361
Validation: Loss:2.695249152183533, Acc:31.23
Epoch:170, Loss:2.707825035465007, Acc:30.698, LR:0.008064535268264877
Epoch:171, Loss:2.7220797976669, Acc:30.474, LR:0.008187119948743443
Epoch:172, Loss:2.716704891652477, Acc:30.494, LR:0.008306559326618253
Epoch:173, Loss:2.7332671150869254, Acc:30.188, LR:0.008422735529643434
Epoch:174, Loss:2.7354666481212693, Acc:29.984, LR:0.008535533905932728
Validation: Loss:2.616968774795532, Acc:32.28
Epoch:175, Loss:2.735481617402057, Acc:30.196, LR:0.00864484313710705
Epoch:176, Loss:2.7312501522959494, Acc:30.266, LR:0.008750555348152292
Epoch:177, Loss:2.7469943518541298, Acc:29.864, LR:0.008852566213878942
Epoch:178, Loss:2.7466764158132126, Acc:29.77, LR:0.008950775061878446
Epoch:179, Loss:2.7579183627148063, Acc:29.806, LR:0.009045084971874734
Validation: Loss:2.7933618903160093, Acc:30.01
Epoch:180, Loss:2.7594699494692745, Acc:29.724, LR:0.009135402871372805
Epoch:181, Loss:2.771812409770732, Acc:29.392, LR:0.009221639627510072
Epoch:182, Loss:2.7685960798847433, Acc:29.462, LR:0.009303710135019714
Epoch:183, Loss:2.7640082227940463, Acc:29.668, LR:0.009381533400219313
Epoch:184, Loss:2.7661807902005253, Acc:29.604, LR:0.009455032620941837
Validation: Loss:2.5595908999443053, Acc:33.96
Epoch:185, Loss:2.7775656374133364, Acc:29.258, LR:0.009524135262330095
Epoch:186, Loss:2.7789089971659133, Acc:29.484, LR:0.009588773128419905
Epoch:187, Loss:2.7845654803879407, Acc:29.218, LR:0.009648882429441254
Epoch:188, Loss:2.784780290662026, Acc:29.224, LR:0.009704403844771125
Epoch:189, Loss:2.781109007037416, Acc:29.078, LR:0.009755282581475766
Validation: Loss:2.7067244052886963, Acc:31.0
Epoch:190, Loss:2.79029863464589, Acc:29.0, LR:0.009801468428384712
Epoch:191, Loss:2.785952718890443, Acc:29.108, LR:0.009842915805643154
Epoch:192, Loss:2.79345124351735, Acc:29.088, LR:0.009879583809693735
Epoch:193, Loss:2.7803992130318465, Acc:29.4, LR:0.009911436253643444
Epoch:194, Loss:2.791901101871413, Acc:29.134, LR:0.009938441702975689
Validation: Loss:2.624689316749573, Acc:33.4
Epoch:195, Loss:2.7914944205965315, Acc:29.014, LR:0.009960573506572389
Epoch:196, Loss:2.789803427092883, Acc:29.46, LR:0.0099778098230154
Epoch:197, Loss:2.804735103432013, Acc:28.574, LR:0.009990133642141357
Epoch:198, Loss:2.802191454537061, Acc:28.842, LR:0.009997532801828657
Epoch:199, Loss:2.7939268496571756, Acc:29.334, LR:0.01
Validation: Loss:2.5616194128990175, Acc:32.93
Epoch:200, Loss:2.8043495611268647, Acc:28.818, LR:0.009997532801828659
Epoch:201, Loss:2.8018414901227366, Acc:28.824, LR:0.00999013364214136
Epoch:202, Loss:2.7965872506706084, Acc:29.016, LR:0.009977809823015401
Epoch:203, Loss:2.80122067003834, Acc:28.964, LR:0.009960573506572392
Epoch:204, Loss:2.7962669109811586, Acc:28.916, LR:0.00993844170297569
Validation: Loss:2.7386404633522035, Acc:30.35
Epoch:205, Loss:2.799277643768155, Acc:28.848, LR:0.009911436253643446
Epoch:206, Loss:2.799031289256349, Acc:29.124, LR:0.009879583809693738
Epoch:207, Loss:2.8037179732809263, Acc:28.744, LR:0.009842915805643155
Epoch:208, Loss:2.791079579567423, Acc:29.026, LR:0.009801468428384716
Epoch:209, Loss:2.806843185911373, Acc:28.656, LR:0.009755282581475767
Validation: Loss:2.6650996565818788, Acc:31.93
Epoch:210, Loss:2.788554597874077, Acc:29.246, LR:0.009704403844771127
Epoch:211, Loss:2.791888898732711, Acc:29.144, LR:0.009648882429441256
Epoch:212, Loss:2.7995888821932735, Acc:28.882, LR:0.009588773128419903
Epoch:213, Loss:2.7929798510609842, Acc:29.008, LR:0.009524135262330096
Epoch:214, Loss:2.7763938757838034, Acc:29.244, LR:0.009455032620941838
Validation: Loss:2.611989688873291, Acc:32.22
Epoch:215, Loss:2.793587565422058, Acc:29.14, LR:0.009381533400219317
Epoch:216, Loss:2.789396860161606, Acc:29.342, LR:0.009303710135019717
Epoch:217, Loss:2.775162969316755, Acc:29.492, LR:0.009221639627510075
Epoch:218, Loss:2.7824018755737616, Acc:29.326, LR:0.009135402871372806
Epoch:219, Loss:2.7719278359899717, Acc:29.35, LR:0.009045084971874735
Validation: Loss:2.5506446599960326, Acc:33.16
Epoch:220, Loss:2.763022692836061, Acc:29.822, LR:0.008950775061878448
Epoch:221, Loss:2.7606734961879495, Acc:29.75, LR:0.008852566213878942
Epoch:222, Loss:2.7566788561490116, Acc:29.666, LR:0.008750555348152294
Epoch:223, Loss:2.75197658003593, Acc:30.036, LR:0.008644843137107054
Epoch:224, Loss:2.7572413123383814, Acc:29.86, LR:0.008535533905932735
Validation: Loss:2.695675420761108, Acc:31.33
Epoch:225, Loss:2.7585204207167333, Acc:29.42, LR:0.008422735529643443
Epoch:226, Loss:2.7460121402935105, Acc:29.844, LR:0.008306559326618258
Epoch:227, Loss:2.732899935878053, Acc:30.298, LR:0.008187119948743448
Epoch:228, Loss:2.732142754963466, Acc:30.218, LR:0.008064535268264884
Epoch:229, Loss:2.726881803298483, Acc:30.44, LR:0.007938926261462361
Validation: Loss:2.610642206668854, Acc:32.76
Epoch:230, Loss:2.7143826436023324, Acc:30.562, LR:0.007810416889260649
Epoch:231, Loss:2.706350333836614, Acc:30.774, LR:0.00767913397489498
Epoch:232, Loss:2.704283417487631, Acc:30.778, LR:0.007545207078751854
Epoch:233, Loss:2.7020319067702, Acc:30.822, LR:0.007408768370508575
Epoch:234, Loss:2.695599271326649, Acc:31.044, LR:0.007269952498697732
Validation: Loss:2.4871326088905334, Acc:35.56
Epoch:235, Loss:2.687661054183026, Acc:31.252, LR:0.007128896457825364
Epoch:236, Loss:2.687006094017807, Acc:31.194, LR:0.006985739453173904
Epoch:237, Loss:2.6842861418821373, Acc:31.386, LR:0.006840622763423392
Epoch:238, Loss:2.66536951551632, Acc:31.702, LR:0.00669368960122646
Epoch:239, Loss:2.661147652840128, Acc:31.912, LR:0.006545084971874742
Validation: Loss:2.7040973782539366, Acc:32.3
Epoch:240, Loss:2.6507558555019144, Acc:32.082, LR:0.006394955530196143
Epoch:241, Loss:2.6460064965851453, Acc:31.924, LR:0.0062434494358242715
Epoch:242, Loss:2.6305287200577405, Acc:32.258, LR:0.006090716206982711
Epoch:243, Loss:2.62685911996024, Acc:32.494, LR:0.0059369065729286226
Epoch:244, Loss:2.6159504700680167, Acc:32.622, LR:0.005782172325201154
Validation: Loss:2.4820025682449343, Acc:35.65
Epoch:245, Loss:2.607041127827703, Acc:32.674, LR:0.005626666167821521
Epoch:246, Loss:2.5955191388422127, Acc:33.096, LR:0.005470541566592573
Epoch:247, Loss:2.5869944144268424, Acc:33.164, LR:0.005313952597646569
Epoch:248, Loss:2.5900933839836897, Acc:33.462, LR:0.005157053795390646
Epoch:249, Loss:2.572729614316201, Acc:33.436, LR:0.0050000000000000044
Validation: Loss:2.4006927251815795, Acc:37.92
Epoch:250, Loss:2.561727674639955, Acc:33.512, LR:0.004842946204609355
Epoch:251, Loss:2.5437303197627164, Acc:34.25, LR:0.004686047402353431
Epoch:252, Loss:2.5531090254686317, Acc:33.732, LR:0.004529458433407427
Epoch:253, Loss:2.5381948996563346, Acc:34.422, LR:0.004373333832178478
Epoch:254, Loss:2.516497200849105, Acc:34.572, LR:0.004217827674798842
Validation: Loss:2.366564166545868, Acc:38.48
Epoch:255, Loss:2.508570301289461, Acc:35.192, LR:0.004063093427071374
Epoch:256, Loss:2.497344732284546, Acc:34.718, LR:0.003909283793017286
Epoch:257, Loss:2.484105652692367, Acc:35.574, LR:0.0037565505641757252
Epoch:258, Loss:2.492604058616015, Acc:35.422, LR:0.0036050444698038538
Epoch:259, Loss:2.467998740624408, Acc:35.904, LR:0.003454915028125264
Validation: Loss:2.363583302497864, Acc:38.12
Epoch:260, Loss:2.4582866746552137, Acc:35.882, LR:0.003306310398773545
Epoch:261, Loss:2.454625832791231, Acc:36.008, LR:0.003159377236576613
Epoch:262, Loss:2.4344699626066246, Acc:36.528, LR:0.003014260546826092
Epoch:263, Loss:2.4247533569530564, Acc:36.674, LR:0.0028711035421746327
Epoch:264, Loss:2.4096707251607157, Acc:37.184, LR:0.002730047501302263
Validation: Loss:2.220353734493256, Acc:40.84
Epoch:265, Loss:2.4023357167535897, Acc:37.258, LR:0.002591231629491421
Epoch:266, Loss:2.388225664897841, Acc:37.484, LR:0.0024547929212481424
Epoch:267, Loss:2.3787504483242423, Acc:37.636, LR:0.002320866025105016
Epoch:268, Loss:2.355779922738367, Acc:38.09, LR:0.002189583110739347
Epoch:269, Loss:2.351348339294901, Acc:38.19, LR:0.0020610737385376348
Validation: Loss:2.169338899850845, Acc:41.93
Epoch:270, Loss:2.349040230926202, Acc:38.24, LR:0.0019354647317351191
Epoch:271, Loss:2.320904413048102, Acc:38.878, LR:0.0018128800512565468
Epoch:272, Loss:2.319821834564209, Acc:38.892, LR:0.0016934406733817365
Epoch:273, Loss:2.2966887707612953, Acc:39.392, LR:0.0015772644703565537
Epoch:274, Loss:2.286980916042717, Acc:39.584, LR:0.00146446609406726
Validation: Loss:2.0715526223182676, Acc:44.18
Best model updated!
Epoch:275, Loss:2.277435151898131, Acc:39.734, LR:0.0013551568628929406
Epoch:276, Loss:2.267513654669937, Acc:39.97, LR:0.001249444651847701
Epoch:277, Loss:2.2555609260286604, Acc:40.128, LR:0.0011474337861210532
Epoch:278, Loss:2.2425751272512944, Acc:40.678, LR:0.001049224938121548
Epoch:279, Loss:2.2321644169943675, Acc:40.792, LR:0.0009549150281252634
Validation: Loss:2.0351406157016756, Acc:45.19
Best model updated!
Epoch:280, Loss:2.219038958452186, Acc:41.04, LR:0.0008645971286271921
Epoch:281, Loss:2.211812296692206, Acc:41.316, LR:0.0007783603724899259
Epoch:282, Loss:2.191751616341727, Acc:41.59, LR:0.0006962898649802792
Epoch:283, Loss:2.1909384946433867, Acc:41.708, LR:0.0006184665997806801
Epoch:284, Loss:2.1760346305613614, Acc:42.11, LR:0.0005449673790581591
Validation: Loss:1.981001651287079, Acc:45.94
Best model updated!
Epoch:285, Loss:2.167530255658286, Acc:42.414, LR:0.00047586473766990134
Epoch:286, Loss:2.159417465025065, Acc:42.354, LR:0.0004112268715800935
Epoch:287, Loss:2.1473910151695716, Acc:42.624, LR:0.00035111757055874247
Epoch:288, Loss:2.152070444457385, Acc:42.906, LR:0.00029559615522887253
Epoch:289, Loss:2.143973685040766, Acc:42.78, LR:0.0002447174185242327
Validation: Loss:1.9521782577037812, Acc:46.89
Best model updated!
Epoch:290, Loss:2.138484390414491, Acc:42.87, LR:0.00019853157161528508
Epoch:291, Loss:2.135401341379905, Acc:43.322, LR:0.00015708419435684506
Epoch:292, Loss:2.1186823711103324, Acc:43.274, LR:0.00012041619030626385
Epoch:293, Loss:2.1246054573934905, Acc:43.358, LR:8.856374635655578e-05
Epoch:294, Loss:2.118030320624916, Acc:43.356, LR:6.155829702431111e-05
Validation: Loss:1.9427219688892365, Acc:47.04
Best model updated!
Epoch:295, Loss:2.1144132784434726, Acc:43.492, LR:3.94264934276106e-05
Epoch:296, Loss:2.112305691047591, Acc:43.446, LR:2.2190176984600003e-05
Epoch:297, Loss:2.107393500756244, Acc:43.734, LR:9.866357858642198e-06
Epoch:298, Loss:2.098418796549038, Acc:43.698, LR:2.467198171341998e-06
Epoch:299, Loss:2.1110725633952083, Acc:43.436, LR:0.0
Validation: Loss:1.9406206905841827, Acc:47.1
Best model updated!
Epoch:300, Loss:2.106253342969077, Acc:43.648, LR:2.467198171342e-06
Epoch:301, Loss:2.1049355840196413, Acc:43.738, LR:9.866357858642205e-06
Epoch:302, Loss:2.104360674108778, Acc:43.75, LR:2.2190176984599464e-05
Epoch:303, Loss:2.109194587688057, Acc:43.406, LR:3.942649342761006e-05
Epoch:304, Loss:2.103954534141385, Acc:43.6, LR:6.155829702431169e-05
Validation: Loss:1.9395987451076508, Acc:47.14
Best model updated!
Epoch:305, Loss:2.113278736873549, Acc:43.44, LR:8.856374635655692e-05
Epoch:306, Loss:2.1127000791685924, Acc:43.164, LR:0.00012041619030626335
Epoch:307, Loss:2.1184149141214332, Acc:43.446, LR:0.00015708419435684457
Epoch:308, Loss:2.112842570762245, Acc:43.428, LR:0.00019853157161528405
Epoch:309, Loss:2.109528018503773, Acc:43.602, LR:0.0002447174185242317
Validation: Loss:1.9433808743953704, Acc:47.34
Best model updated!
Epoch:310, Loss:2.1183399691873666, Acc:43.4, LR:0.00029559615522887144
Epoch:311, Loss:2.123434993685508, Acc:43.33, LR:0.0003511175705587414
Epoch:312, Loss:2.121091369463473, Acc:43.272, LR:0.0004112268715800924
Epoch:313, Loss:2.1345979364550844, Acc:42.836, LR:0.0004758647376698996
Epoch:314, Loss:2.1444335324423656, Acc:42.57, LR:0.0005449673790581612
Validation: Loss:1.9598558247089386, Acc:46.72
Epoch:315, Loss:2.139509935768283, Acc:42.794, LR:0.0006184665997806821
Epoch:316, Loss:2.1413562030208353, Acc:42.926, LR:0.0006962898649802816
Epoch:317, Loss:2.152697847813976, Acc:42.7, LR:0.0007783603724899237
Epoch:318, Loss:2.1536781045855307, Acc:42.436, LR:0.0008645971286271893
Epoch:319, Loss:2.1702430163111006, Acc:41.938, LR:0.0009549150281252606
Validation: Loss:1.9781364500522614, Acc:46.01
Epoch:320, Loss:2.1755620362807293, Acc:41.992, LR:0.0010492249381215452
Epoch:321, Loss:2.1931895260908165, Acc:41.428, LR:0.0011474337861210502
Epoch:322, Loss:2.191605901231571, Acc:41.71, LR:0.001249444651847698
Epoch:323, Loss:2.2108136829064815, Acc:41.184, LR:0.0013551568628929367
Epoch:324, Loss:2.22335616179875, Acc:40.706, LR:0.001464466094067256
Validation: Loss:2.045797145366669, Acc:44.98
Epoch:325, Loss:2.220406790168918, Acc:41.118, LR:0.0015772644703565496
Epoch:326, Loss:2.2355230146524856, Acc:40.88, LR:0.001693440673381739
Epoch:327, Loss:2.2354723774656957, Acc:40.798, LR:0.0018128800512565429
Epoch:328, Loss:2.2581526016702456, Acc:40.154, LR:0.0019354647317351144
Epoch:329, Loss:2.2673593005355523, Acc:40.332, LR:0.002061073738537623
Validation: Loss:2.077530688047409, Acc:44.1
Epoch:330, Loss:2.282118456704276, Acc:39.666, LR:0.0021895831107393423
Epoch:331, Loss:2.289069869080368, Acc:39.566, LR:0.0023208660251050187
Epoch:332, Loss:2.3033988110873165, Acc:39.01, LR:0.002454792921248137
Epoch:333, Loss:2.313863588839161, Acc:38.944, LR:0.0025912316294914237
Epoch:334, Loss:2.315690203588836, Acc:39.066, LR:0.0027300475013022573
Validation: Loss:2.1440584301948546, Acc:42.97
Epoch:335, Loss:2.325763772945015, Acc:38.736, LR:0.002871103542174635
Epoch:336, Loss:2.3509703315034205, Acc:38.176, LR:0.0030142605468260865
Epoch:337, Loss:2.3526741606848582, Acc:38.216, LR:0.003159377236576606
Epoch:338, Loss:2.3655305711590513, Acc:37.96, LR:0.0033063103987735296
Epoch:339, Loss:2.374762226124199, Acc:37.662, LR:0.003454915028125256
Validation: Loss:2.2254487037658692, Acc:40.51
Epoch:340, Loss:2.3784051719976933, Acc:37.728, LR:0.0036050444698038373
Epoch:341, Loss:2.394397969148597, Acc:37.19, LR:0.003756550564175718
Epoch:342, Loss:2.3972458425833256, Acc:37.19, LR:0.003909283793017287
Epoch:343, Loss:2.4192712890858554, Acc:36.802, LR:0.004063093427071367
Epoch:344, Loss:2.419771663996638, Acc:36.868, LR:0.004217827674798844
Validation: Loss:2.3037553668022155, Acc:39.65
Epoch:345, Loss:2.424303971991247, Acc:36.546, LR:0.004373333832178468
Epoch:346, Loss:2.432873236889742, Acc:36.196, LR:0.0045294584334074255
Epoch:347, Loss:2.457315036228725, Acc:35.996, LR:0.00468604740235342
Epoch:348, Loss:2.4623416467588775, Acc:35.896, LR:0.004842946204609354
Epoch:349, Loss:2.4643807362536996, Acc:35.516, LR:0.004999999999999985
Validation: Loss:2.2844184756278993, Acc:39.53
Epoch:350, Loss:2.4721892196304944, Acc:35.79, LR:0.005157053795390634
Epoch:351, Loss:2.4863655396870206, Acc:35.262, LR:0.005313952597646559
Epoch:352, Loss:2.5030957022491767, Acc:34.888, LR:0.0054705415665925634
Epoch:353, Loss:2.4980417465677065, Acc:35.252, LR:0.00562666616782152
Epoch:354, Loss:2.510050121618777, Acc:34.668, LR:0.005782172325201144
Validation: Loss:2.3198142647743225, Acc:38.49
Epoch:355, Loss:2.517070930831286, Acc:34.856, LR:0.00593690657292862
Epoch:356, Loss:2.517657457565775, Acc:34.518, LR:0.0060907162069827004
Epoch:357, Loss:2.5257136627119414, Acc:34.518, LR:0.006243449435824268
Epoch:358, Loss:2.552930303982326, Acc:33.88, LR:0.006394955530196131
Epoch:359, Loss:2.543717868474065, Acc:34.266, LR:0.0065450849718747305
Validation: Loss:2.3324253082275392, Acc:37.87
Epoch:360, Loss:2.5361825835948086, Acc:34.674, LR:0.006693689601226449
Epoch:361, Loss:2.5582025853955015, Acc:34.004, LR:0.006840622763423382
Epoch:362, Loss:2.5669849259512767, Acc:33.828, LR:0.0069857394531739015
Epoch:363, Loss:2.570745417049953, Acc:33.704, LR:0.007128896457825353
Epoch:364, Loss:2.5822301567817223, Acc:33.522, LR:0.00726995249869773
Validation: Loss:2.8156508922576906, Acc:30.38
Epoch:365, Loss:2.584087004466933, Acc:33.17, LR:0.007408768370508564
Epoch:366, Loss:2.601436493348102, Acc:32.84, LR:0.0075452070787518505
Epoch:367, Loss:2.5965196648422553, Acc:33.076, LR:0.007679133974894969
Epoch:368, Loss:2.6050013303756714, Acc:33.166, LR:0.007810416889260647
Epoch:369, Loss:2.6076968178457145, Acc:32.94, LR:0.00793892626146236
Validation: Loss:2.478233313560486, Acc:36.24
Epoch:370, Loss:2.620916712040804, Acc:32.622, LR:0.008064535268264875
Epoch:371, Loss:2.6303656879736454, Acc:32.42, LR:0.00818711994874344
Epoch:372, Loss:2.6305873904909407, Acc:32.35, LR:0.00830655932661825
Epoch:373, Loss:2.646755829149363, Acc:32.056, LR:0.00842273552964344
Epoch:374, Loss:2.6542285802413006, Acc:32.18, LR:0.008535533905932728
Validation: Loss:2.448853302001953, Acc:36.29
Epoch:375, Loss:2.6475116063137443, Acc:32.158, LR:0.008644843137107054
Epoch:376, Loss:2.659485493387495, Acc:31.932, LR:0.008750555348152285
Epoch:377, Loss:2.6593107739273383, Acc:31.804, LR:0.008852566213878938
Epoch:378, Loss:2.662211749018455, Acc:31.664, LR:0.008950775061878444
Epoch:379, Loss:2.661039581104201, Acc:31.598, LR:0.009045084971874728
Validation: Loss:2.5191678404808044, Acc:35.02
Epoch:380, Loss:2.679010955654845, Acc:31.248, LR:0.009135402871372801
Epoch:381, Loss:2.6772389898494797, Acc:31.412, LR:0.009221639627510068
Epoch:382, Loss:2.684403434091685, Acc:31.264, LR:0.00930371013501971
Epoch:383, Loss:2.692982500913192, Acc:31.054, LR:0.00938153340021931
Epoch:384, Loss:2.6939363990511214, Acc:31.274, LR:0.009455032620941837
Validation: Loss:2.7904634356498716, Acc:30.77
Epoch:385, Loss:2.7134980036287892, Acc:30.708, LR:0.009524135262330091
Epoch:386, Loss:2.700301464723081, Acc:30.942, LR:0.009588773128419902
Epoch:387, Loss:2.705904114003084, Acc:30.894, LR:0.009648882429441253
Epoch:388, Loss:2.710629993555497, Acc:30.66, LR:0.009704403844771121
Epoch:389, Loss:2.724967277779871, Acc:30.494, LR:0.009755282581475762
Validation: Loss:2.820734965801239, Acc:29.36
Epoch:390, Loss:2.717687733319341, Acc:30.666, LR:0.009801468428384709
Epoch:391, Loss:2.713659583305826, Acc:30.596, LR:0.00984291580564315
Epoch:392, Loss:2.726418692238477, Acc:30.548, LR:0.009879583809693731
Epoch:393, Loss:2.7281414319057853, Acc:30.424, LR:0.009911436253643437
Epoch:394, Loss:2.7360064569784672, Acc:30.558, LR:0.009938441702975684
Validation: Loss:2.8283093571662903, Acc:29.08
Epoch:395, Loss:2.7338268708209603, Acc:29.96, LR:0.009960573506572385
Epoch:396, Loss:2.7326062455469247, Acc:30.206, LR:0.009977809823015394
Epoch:397, Loss:2.740329396967985, Acc:30.324, LR:0.009990133642141352
Epoch:398, Loss:2.7475353552370656, Acc:30.006, LR:0.009997532801828652
Epoch:399, Loss:2.7455715865504984, Acc:30.104, LR:0.009999999999999995
Validation: Loss:2.8125748872756957, Acc:29.39
Epoch:400, Loss:2.741155218104927, Acc:30.504, LR:0.009997532801828654
Epoch:401, Loss:2.7414179699761525, Acc:30.204, LR:0.009990133642141356
Epoch:402, Loss:2.7464434711300596, Acc:30.09, LR:0.009977809823015398
Epoch:403, Loss:2.7480364648663267, Acc:30.058, LR:0.009960573506572389
Epoch:404, Loss:2.7359307858408712, Acc:30.436, LR:0.009938441702975689
Validation: Loss:2.8927149415016173, Acc:29.48
Epoch:405, Loss:2.7438721048588657, Acc:30.234, LR:0.009911436253643442
Epoch:406, Loss:2.7430543875207705, Acc:30.34, LR:0.009879583809693736
Epoch:407, Loss:2.752778795300698, Acc:30.094, LR:0.009842915805643154
Epoch:408, Loss:2.734551568420566, Acc:30.328, LR:0.009801468428384716
Epoch:409, Loss:2.754768816792235, Acc:29.892, LR:0.009755282581475767
Validation: Loss:2.687942123413086, Acc:30.79
Epoch:410, Loss:2.73529391386071, Acc:30.27, LR:0.009704403844771127
Epoch:411, Loss:2.7434529893252315, Acc:30.004, LR:0.009648882429441258
Epoch:412, Loss:2.7247427482994233, Acc:30.386, LR:0.009588773128419905
Epoch:413, Loss:2.732753563900383, Acc:30.21, LR:0.009524135262330098
Epoch:414, Loss:2.7392999274390086, Acc:30.366, LR:0.009455032620941837
Validation: Loss:2.610131895542145, Acc:33.28
Epoch:415, Loss:2.7349795467999516, Acc:30.35, LR:0.009381533400219315
Epoch:416, Loss:2.7384739797942492, Acc:29.928, LR:0.009303710135019716
Epoch:417, Loss:2.721186482176489, Acc:30.742, LR:0.009221639627510074
Epoch:418, Loss:2.7307498674003448, Acc:30.034, LR:0.009135402871372808
Epoch:419, Loss:2.7170405290564714, Acc:30.576, LR:0.009045084971874735
Validation: Loss:2.598128008842468, Acc:33.51
Epoch:420, Loss:2.7234589931916218, Acc:30.8, LR:0.00895077506187845
Epoch:421, Loss:2.7224965728059107, Acc:30.322, LR:0.008852566213878945
Epoch:422, Loss:2.7210988244231866, Acc:30.604, LR:0.008750555348152297
Epoch:423, Loss:2.709983399936131, Acc:31.046, LR:0.00864484313710705
Epoch:424, Loss:2.708295313679442, Acc:30.806, LR:0.008535533905932738
Validation: Loss:2.5370016217231752, Acc:34.24
Epoch:425, Loss:2.6984593819598763, Acc:31.032, LR:0.008422735529643437
Epoch:426, Loss:2.704609827119477, Acc:31.134, LR:0.008306559326618255
Epoch:427, Loss:2.69261363817721, Acc:31.052, LR:0.008187119948743445
Epoch:428, Loss:2.6912311218222795, Acc:31.142, LR:0.00806453526826488
Epoch:429, Loss:2.6796140427492103, Acc:31.53, LR:0.007938926261462365
Validation: Loss:2.483005201816559, Acc:35.14
Epoch:430, Loss:2.6748531764867356, Acc:31.474, LR:0.0078104168892606535
Epoch:431, Loss:2.6713405555608323, Acc:31.778, LR:0.0076791339748949845
Epoch:432, Loss:2.666613050869533, Acc:31.696, LR:0.0075452070787518505
Epoch:433, Loss:2.6582354380159963, Acc:31.956, LR:0.007408768370508578
Epoch:434, Loss:2.6567868991773955, Acc:31.898, LR:0.0072699524986977295
Validation: Loss:2.692502701282501, Acc:31.95
Epoch:435, Loss:2.644979939168813, Acc:32.318, LR:0.007128896457825368
Epoch:436, Loss:2.6375863552093506, Acc:32.124, LR:0.0069857394531739
Epoch:437, Loss:2.6425999694940994, Acc:32.166, LR:0.006840622763423388
Epoch:438, Loss:2.629876691467908, Acc:32.572, LR:0.006693689601226455
Epoch:439, Loss:2.6106496295150445, Acc:32.728, LR:0.0065450849718747366
Validation: Loss:2.385259771347046, Acc:37.59
Epoch:440, Loss:2.6077251896566276, Acc:32.71, LR:0.0063949555301961464
Epoch:441, Loss:2.603481095664355, Acc:32.862, LR:0.006243449435824267
Epoch:442, Loss:2.5975879576741434, Acc:33.2, LR:0.006090716206982715
Epoch:443, Loss:2.5749899586852716, Acc:33.458, LR:0.005936906572928617
Epoch:444, Loss:2.5810881658476226, Acc:33.482, LR:0.005782172325201158
Validation: Loss:2.5221846103668213, Acc:34.72
Epoch:445, Loss:2.5742243941949337, Acc:33.484, LR:0.005626666167821517
Epoch:446, Loss:2.5598220046685665, Acc:33.718, LR:0.005470541566592577
Epoch:447, Loss:2.5453879760236156, Acc:34.23, LR:0.0053139525976465644
Epoch:448, Loss:2.5399419920785085, Acc:34.36, LR:0.0051570537953906405
Epoch:449, Loss:2.5324971529902243, Acc:34.702, LR:0.004999999999999999
Validation: Loss:2.4034911751747132, Acc:37.44
Epoch:450, Loss:2.523066206854217, Acc:34.69, LR:0.00484294620460935
Epoch:451, Loss:2.5083426285763175, Acc:34.784, LR:0.004686047402353434
Epoch:452, Loss:2.5174198126306337, Acc:34.638, LR:0.004529458433407422
Epoch:453, Loss:2.4916090211089776, Acc:35.3, LR:0.0043733338321784825
Epoch:454, Loss:2.485347893773293, Acc:35.702, LR:0.004217827674798841
Validation: Loss:2.349195957183838, Acc:38.47
Epoch:455, Loss:2.4740369903798007, Acc:35.848, LR:0.004063093427071382
Epoch:456, Loss:2.4611224665933724, Acc:36.06, LR:0.003909283793017285
Epoch:457, Loss:2.4476667715578664, Acc:36.272, LR:0.0037565505641757335
Epoch:458, Loss:2.455847518784659, Acc:36.076, LR:0.003605044469803853
Epoch:459, Loss:2.423890551742242, Acc:36.6, LR:0.0034549150281252545
Validation: Loss:2.251232886314392, Acc:40.45
Epoch:460, Loss:2.416192276137216, Acc:36.962, LR:0.003306310398773544
Epoch:461, Loss:2.410441907084718, Acc:37.23, LR:0.0031593772365766035
Epoch:462, Loss:2.3912845971632977, Acc:37.406, LR:0.0030142605468260995
Epoch:463, Loss:2.3888059781522166, Acc:37.252, LR:0.0028711035421746323
Epoch:464, Loss:2.3679425448787454, Acc:37.84, LR:0.0027300475013022707
Validation: Loss:2.137150239944458, Acc:42.62
Epoch:465, Loss:2.3540149172958063, Acc:38.228, LR:0.0025912316294914206
Epoch:466, Loss:2.3500300426872407, Acc:38.192, LR:0.002454792921248149
Epoch:467, Loss:2.340088805373834, Acc:38.774, LR:0.0023208660251050157
Epoch:468, Loss:2.312900881378018, Acc:39.27, LR:0.002189583110739354
Epoch:469, Loss:2.3064061938499916, Acc:39.186, LR:0.0020610737385376348
Validation: Loss:2.127757453918457, Acc:42.78
Epoch:470, Loss:2.294335803207086, Acc:39.62, LR:0.001935464731735112
Epoch:471, Loss:2.285336608789405, Acc:39.862, LR:0.0018128800512565537
Epoch:472, Loss:2.276435817990984, Acc:39.934, LR:0.0016934406733817367
Epoch:473, Loss:2.2760736285423744, Acc:40.118, LR:0.00157726447035656
Epoch:474, Loss:2.2536441476977602, Acc:40.086, LR:0.0014644660940672598
Validation: Loss:2.054964303970337, Acc:44.68
Epoch:475, Loss:2.2381625856672014, Acc:40.88, LR:0.0013551568628929467
Epoch:476, Loss:2.22447686049403, Acc:40.918, LR:0.0012494446518477016
Epoch:477, Loss:2.2085586761941713, Acc:41.162, LR:0.0011474337861210595
Epoch:478, Loss:2.2000236608544173, Acc:41.452, LR:0.0010492249381215488
Epoch:479, Loss:2.1959125959143346, Acc:41.512, LR:0.0009549150281252693
Validation: Loss:1.9945662856101989, Acc:45.7
Epoch:480, Loss:2.182627860380679, Acc:41.948, LR:0.0008645971286271925
Epoch:481, Loss:2.1719891197827397, Acc:42.35, LR:0.0007783603724899219
Epoch:482, Loss:2.1614333269547443, Acc:42.284, LR:0.0006962898649802841
Epoch:483, Loss:2.1432485799400176, Acc:42.55, LR:0.0006184665997806805
Epoch:484, Loss:2.1482350887084496, Acc:42.67, LR:0.0005449673790581635
Validation: Loss:1.9683066368103028, Acc:46.23
Epoch:485, Loss:2.1380101588307596, Acc:42.994, LR:0.00047586473766990183
Epoch:486, Loss:2.1256734315229924, Acc:43.402, LR:0.0004112268715800979
Epoch:487, Loss:2.119569473120631, Acc:43.544, LR:0.00035111757055874307
Epoch:488, Loss:2.103738783573618, Acc:43.586, LR:0.00029559615522887643
Epoch:489, Loss:2.1051573218131554, Acc:43.752, LR:0.0002447174185242327
Validation: Loss:1.9359618902206421, Acc:47.14
Epoch:490, Loss:2.0908278676928305, Acc:43.946, LR:0.00019853157161528286
Epoch:491, Loss:2.08860282143768, Acc:44.05, LR:0.0001570841943568456
Epoch:492, Loss:2.085094668427292, Acc:44.356, LR:0.00012041619030626217
Epoch:493, Loss:2.084979395477139, Acc:44.024, LR:8.856374635655798e-05
Epoch:494, Loss:2.079489392893655, Acc:44.236, LR:6.15582970243111e-05
Validation: Loss:1.9140026926994325, Acc:47.76
Best model updated!
Epoch:495, Loss:2.075160200498542, Acc:44.366, LR:3.9426493427611695e-05
Epoch:496, Loss:2.0766326894565506, Acc:44.25, LR:2.21901769846e-05
Epoch:497, Loss:2.077836264152916, Acc:44.11, LR:9.866357858642752e-06
Epoch:498, Loss:2.0721787895475114, Acc:44.332, LR:2.4671981713425525e-06
Epoch:499, Loss:2.0724207199349696, Acc:44.316, LR:0.0
Validation: Loss:1.9137442111968994, Acc:47.64
Epoch:500, Loss:2.0635248592921664, Acc:44.618, LR:2.467198171342e-06
Epoch:501, Loss:2.070356463899418, Acc:44.36, LR:9.866357858642205e-06
Epoch:502, Loss:2.077167045096962, Acc:44.122, LR:2.2190176984599464e-05
Epoch:503, Loss:2.077370198405519, Acc:44.066, LR:3.942649342761118e-05
Epoch:504, Loss:2.0703329723708483, Acc:44.342, LR:6.155829702431005e-05
Validation: Loss:1.9079506695270538, Acc:47.81
Best model updated!
Epoch:505, Loss:2.069391597290428, Acc:44.342, LR:8.856374635655697e-05
Epoch:506, Loss:2.075020045650249, Acc:44.406, LR:0.0001204161903062612
Epoch:507, Loss:2.071288547953781, Acc:44.446, LR:0.0001570841943568441
Epoch:508, Loss:2.077047771337081, Acc:44.306, LR:0.00019853157161528142
Epoch:509, Loss:2.082903745223065, Acc:44.016, LR:0.0002447174185242341
Validation: Loss:1.9219735443592072, Acc:47.44
Epoch:510, Loss:2.078122010036391, Acc:44.206, LR:0.0002955961552288712
Epoch:511, Loss:2.081484472265049, Acc:43.958, LR:0.00035111757055874453
Epoch:512, Loss:2.0899138085696163, Acc:44.018, LR:0.0004112268715800923
Epoch:513, Loss:2.0960164216099955, Acc:43.876, LR:0.0004758647376699034
Epoch:514, Loss:2.0962385097328498, Acc:44.05, LR:0.0005449673790581574
Validation: Loss:1.927330982685089, Acc:47.55
Epoch:515, Loss:2.1047123780055923, Acc:43.79, LR:0.0006184665997806824
Epoch:516, Loss:2.1056729615951073, Acc:43.44, LR:0.0006962898649802866
Epoch:517, Loss:2.12434078722584, Acc:42.976, LR:0.0007783603724899246
Epoch:518, Loss:2.1265046049137504, Acc:43.208, LR:0.0008645971286271953
Epoch:519, Loss:2.138714324454872, Acc:42.86, LR:0.0009549150281252618
Validation: Loss:1.9430888414382934, Acc:47.5
Epoch:520, Loss:2.1435717186149286, Acc:42.82, LR:0.0010492249381215519
Epoch:521, Loss:2.1421200012674135, Acc:42.818, LR:0.001147433786121051
Epoch:522, Loss:2.157158231248661, Acc:42.418, LR:0.0012494446518477049
Epoch:523, Loss:2.1595863918868865, Acc:42.356, LR:0.0013551568628929385
Epoch:524, Loss:2.180546828678676, Acc:41.98, LR:0.001464466094067264
Validation: Loss:2.01077721118927, Acc:45.68
Epoch:525, Loss:2.193632558900483, Acc:41.496, LR:0.0015772644703565643
Epoch:526, Loss:2.202505916965251, Acc:41.348, LR:0.0016934406733817413
Epoch:527, Loss:2.2087924456109804, Acc:41.288, LR:0.0018128800512565582
Epoch:528, Loss:2.2242951660740133, Acc:41.192, LR:0.0019354647317351167
Epoch:529, Loss:2.2272831201553345, Acc:40.914, LR:0.00206107373853764
Validation: Loss:2.1412195563316345, Acc:42.54
Epoch:530, Loss:2.2520976869427427, Acc:40.37, LR:0.0021895831107393454
Epoch:531, Loss:2.2567366872515, Acc:40.49, LR:0.0023208660251050218
Epoch:532, Loss:2.272919696204516, Acc:39.95, LR:0.00245479292124814
Epoch:533, Loss:2.280723029253434, Acc:39.666, LR:0.002591231629491427
Epoch:534, Loss:2.2913824100883637, Acc:39.574, LR:0.0027300475013022772
Validation: Loss:2.231924569606781, Acc:40.95
Epoch:535, Loss:2.296899729845475, Acc:39.186, LR:0.002871103542174639
Epoch:536, Loss:2.315621023275414, Acc:38.956, LR:0.0030142605468261065
Epoch:537, Loss:2.3192800040147743, Acc:38.882, LR:0.0031593772365766113
Epoch:538, Loss:2.334639439777452, Acc:38.51, LR:0.0033063103987735517
Epoch:539, Loss:2.3433806701582305, Acc:38.432, LR:0.0034549150281252623
Validation: Loss:2.3167618989944456, Acc:39.32
Epoch:540, Loss:2.3579458363202153, Acc:38.086, LR:0.0036050444698038616
Epoch:541, Loss:2.3675552874195334, Acc:37.836, LR:0.003756550564175725
Epoch:542, Loss:2.3689093857395407, Acc:37.942, LR:0.003909283793017294
Epoch:543, Loss:2.3820715631757463, Acc:37.624, LR:0.0040630934270713915
Epoch:544, Loss:2.3982320050803985, Acc:37.096, LR:0.004217827674798851
Validation: Loss:2.294518220424652, Acc:39.51
Epoch:545, Loss:2.410095657621111, Acc:36.936, LR:0.004373333832178491
Epoch:546, Loss:2.418424095426287, Acc:36.702, LR:0.004529458433407432
Epoch:547, Loss:2.412412621537033, Acc:37.144, LR:0.0046860474023534444
Epoch:548, Loss:2.4323552749594866, Acc:36.718, LR:0.004842946204609361
Epoch:549, Loss:2.4495500082872352, Acc:36.2, LR:0.00500000000000001
Validation: Loss:2.33506064414978, Acc:38.93
Epoch:550, Loss:2.454089826467086, Acc:35.994, LR:0.005157053795390641
Epoch:551, Loss:2.4604495715121835, Acc:35.826, LR:0.005313952597646576
Epoch:552, Loss:2.4716496735203024, Acc:35.762, LR:0.005470541566592572
Epoch:553, Loss:2.4607972052632547, Acc:35.728, LR:0.005626666167821529
Epoch:554, Loss:2.4838113322549935, Acc:35.496, LR:0.00578217232520117
Validation: Loss:2.39532310962677, Acc:37.5
Epoch:555, Loss:2.4879545800539913, Acc:35.434, LR:0.0059369065729286295
Epoch:556, Loss:2.4921317197838606, Acc:35.118, LR:0.0060907162069827265
Epoch:557, Loss:2.4969363504526565, Acc:35.086, LR:0.006243449435824279
Epoch:558, Loss:2.5094815152032033, Acc:34.746, LR:0.00639495553019616
Epoch:559, Loss:2.5319144823113264, Acc:34.548, LR:0.006545084971874743
Validation: Loss:2.474124538898468, Acc:36.75
Epoch:560, Loss:2.5276649557814306, Acc:34.546, LR:0.006693689601226471
Epoch:561, Loss:2.537335882381517, Acc:34.316, LR:0.006840622763423395
Epoch:562, Loss:2.5402320088172448, Acc:34.404, LR:0.006985739453173915
Epoch:563, Loss:2.5502455258856016, Acc:33.83, LR:0.007128896457825367
Epoch:564, Loss:2.5717462641852245, Acc:33.592, LR:0.007269952498697745
Validation: Loss:2.5785983920097353, Acc:35.0
Epoch:565, Loss:2.5667116082444483, Acc:33.678, LR:0.007408768370508594
Epoch:566, Loss:2.5624199424471175, Acc:33.736, LR:0.007545207078751868
Epoch:567, Loss:2.5725882004718392, Acc:33.464, LR:0.007679133974895001
Epoch:568, Loss:2.5768935047850317, Acc:33.646, LR:0.007810416889260662
Epoch:569, Loss:2.5888718707220897, Acc:33.228, LR:0.007938926261462382
Validation: Loss:2.4481255292892454, Acc:36.49
Epoch:570, Loss:2.5936433733726036, Acc:33.458, LR:0.00806453526826489
Epoch:571, Loss:2.6000657008618724, Acc:32.94, LR:0.008187119948743464
Epoch:572, Loss:2.6194769800925743, Acc:32.742, LR:0.008306559326618267
Epoch:573, Loss:2.6083337847067387, Acc:32.754, LR:0.008422735529643458
Epoch:574, Loss:2.613346664273009, Acc:32.862, LR:0.008535533905932745
Validation: Loss:2.6141043663024903, Acc:32.89
Epoch:575, Loss:2.632790412221636, Acc:32.62, LR:0.008644843137107072
Epoch:576, Loss:2.635029612755289, Acc:32.416, LR:0.008750555348152316
Epoch:577, Loss:2.638880201748439, Acc:32.448, LR:0.008852566213878959
Epoch:578, Loss:2.6486061981746127, Acc:31.964, LR:0.008950775061878469
Epoch:579, Loss:2.655826899470115, Acc:32.02, LR:0.009045084971874747
Validation: Loss:2.547849154472351, Acc:33.72
Epoch:580, Loss:2.6439322476484337, Acc:32.06, LR:0.009135402871372824
Epoch:581, Loss:2.6635934625353133, Acc:31.692, LR:0.009221639627510084
Epoch:582, Loss:2.662625412551724, Acc:31.842, LR:0.009303710135019731
Epoch:583, Loss:2.6655915853928547, Acc:31.702, LR:0.009381533400219327
Epoch:584, Loss:2.6699673399633292, Acc:31.86, LR:0.00945503262094185
Validation: Loss:2.6127865076065064, Acc:33.42
Epoch:585, Loss:2.6876043446209965, Acc:31.13, LR:0.009524135262330105
Epoch:586, Loss:2.679479506551003, Acc:31.718, LR:0.009588773128419917
Epoch:587, Loss:2.695135537458926, Acc:31.166, LR:0.009648882429441272
Epoch:588, Loss:2.691652385555968, Acc:31.222, LR:0.009704403844771139
Epoch:589, Loss:2.684883426646797, Acc:31.42, LR:0.009755282581475781
Validation: Loss:2.604088640213013, Acc:33.65
Epoch:590, Loss:2.699517303583573, Acc:31.12, LR:0.009801468428384726
Epoch:591, Loss:2.694352312963836, Acc:31.204, LR:0.009842915805643167
Epoch:592, Loss:2.6971113608807933, Acc:31.438, LR:0.009879583809693745
Epoch:593, Loss:2.7106552902533085, Acc:30.788, LR:0.009911436253643454
Epoch:594, Loss:2.7110009558346806, Acc:30.742, LR:0.009938441702975696
Validation: Loss:2.601256287097931, Acc:33.17
Epoch:595, Loss:2.7164300874787934, Acc:30.932, LR:0.0099605735065724
Epoch:596, Loss:2.709514228665099, Acc:30.696, LR:0.00997780982301541
Epoch:597, Loss:2.720138355177276, Acc:30.75, LR:0.009990133642141368
Epoch:598, Loss:2.711511334594415, Acc:31.038, LR:0.009997532801828668
Epoch:599, Loss:2.719818757504833, Acc:30.842, LR:0.01000000000000001
Validation: Loss:2.6039280772209166, Acc:33.19
Epoch:600, Loss:2.726025807614229, Acc:30.51, LR:0.009997532801828668
Epoch:601, Loss:2.723966155733381, Acc:30.618, LR:0.00999013364214137
Epoch:602, Loss:2.7201586840104084, Acc:30.86, LR:0.009977809823015412
Epoch:603, Loss:2.732420425025784, Acc:30.394, LR:0.009960573506572402
Epoch:604, Loss:2.7328423140000324, Acc:30.418, LR:0.009938441702975701
Validation: Loss:2.782207763195038, Acc:29.89
Epoch:605, Loss:2.735917096235314, Acc:30.058, LR:0.009911436253643458
Epoch:606, Loss:2.725237092193292, Acc:30.5, LR:0.00987958380969375
Epoch:607, Loss:2.7284317259885826, Acc:30.818, LR:0.009842915805643171
Epoch:608, Loss:2.717138197957253, Acc:30.72, LR:0.00980146842838473
Epoch:609, Loss:2.7147052920594508, Acc:30.882, LR:0.009755282581475778
Validation: Loss:2.7201753854751587, Acc:30.7
Epoch:610, Loss:2.715270852556034, Acc:30.848, LR:0.00970440384477114
Epoch:611, Loss:2.731572246064945, Acc:30.562, LR:0.009648882429441268
Epoch:612, Loss:2.7177016759405332, Acc:30.756, LR:0.00958877312841992
Epoch:613, Loss:2.706492044487778, Acc:30.934, LR:0.009524135262330109
Epoch:614, Loss:2.7134838396189163, Acc:30.656, LR:0.009455032620941856
Validation: Loss:2.843664765357971, Acc:28.65
Epoch:615, Loss:2.7226177429666323, Acc:30.592, LR:0.009381533400219329
Epoch:616, Loss:2.721727118200185, Acc:30.616, LR:0.009303710135019735
Epoch:617, Loss:2.7077849349197076, Acc:31.048, LR:0.00922163962751009
Epoch:618, Loss:2.706169666076193, Acc:30.95, LR:0.009135402871372818
Epoch:619, Loss:2.701281192351361, Acc:31.21, LR:0.009045084971874751
Validation: Loss:2.6149293899536135, Acc:33.77
Epoch:620, Loss:2.6946979639481525, Acc:31.186, LR:0.00895077506187846
Epoch:621, Loss:2.7045463883146947, Acc:30.71, LR:0.00885256621387896
Epoch:622, Loss:2.694798374662594, Acc:31.07, LR:0.008750555348152306
Epoch:623, Loss:2.6932239386500143, Acc:31.248, LR:0.008644843137107073
Epoch:624, Loss:2.6914255692034352, Acc:31.242, LR:0.008535533905932747
Validation: Loss:2.7327760815620423, Acc:30.81
Epoch:625, Loss:2.692911228355096, Acc:31.018, LR:0.00842273552964346
Epoch:626, Loss:2.6736831519068502, Acc:31.61, LR:0.00830655932661827
Epoch:627, Loss:2.6851197116229, Acc:31.478, LR:0.008187119948743467
Epoch:628, Loss:2.6663699028443317, Acc:31.926, LR:0.008064535268264894
Epoch:629, Loss:2.6789480520754445, Acc:31.464, LR:0.007938926261462372
Validation: Loss:2.4925796747207642, Acc:35.12
Epoch:630, Loss:2.6755395860088114, Acc:31.582, LR:0.007810416889260666
Epoch:631, Loss:2.6582333798311195, Acc:31.754, LR:0.00767913397489499
Epoch:632, Loss:2.6521967065577603, Acc:32.058, LR:0.007545207078751871
Epoch:633, Loss:2.653575882619741, Acc:31.784, LR:0.007408768370508584
Epoch:634, Loss:2.6344778318794404, Acc:32.438, LR:0.007269952498697751
Validation: Loss:2.4770795345306396, Acc:35.58
Epoch:635, Loss:2.6291211551549485, Acc:32.45, LR:0.007128896457825373
Epoch:636, Loss:2.633157953924062, Acc:32.094, LR:0.006985739453173922
Epoch:637, Loss:2.6051359492905286, Acc:32.914, LR:0.006840622763423402
Epoch:638, Loss:2.6082098435382455, Acc:33.12, LR:0.0066936896012264775
Epoch:639, Loss:2.598908959602823, Acc:33.226, LR:0.00654508497187475
Validation: Loss:2.4575607895851137, Acc:35.94
Epoch:640, Loss:2.5910862294995054, Acc:33.074, LR:0.006394955530196151
Epoch:641, Loss:2.593144458167407, Acc:33.158, LR:0.006243449435824288
Epoch:642, Loss:2.5753548437235305, Acc:33.574, LR:0.006090716206982718
Epoch:643, Loss:2.5596587414644203, Acc:33.912, LR:0.005936906572928638
Epoch:644, Loss:2.5657538248568166, Acc:33.664, LR:0.005782172325201161
Validation: Loss:2.371903681755066, Acc:38.02
Epoch:645, Loss:2.5401481633283653, Acc:34.34, LR:0.005626666167821537
Epoch:646, Loss:2.54468187507318, Acc:33.814, LR:0.005470541566592579
Epoch:647, Loss:2.5334403855460033, Acc:34.19, LR:0.005313952597646584
Epoch:648, Loss:2.5222113765015894, Acc:34.702, LR:0.005157053795390651
Epoch:649, Loss:2.5150875485673243, Acc:34.824, LR:0.005000000000000019
Validation: Loss:2.3791865587234495, Acc:37.18
Epoch:650, Loss:2.4972986761404545, Acc:35.25, LR:0.004842946204609369
Epoch:651, Loss:2.49660755663502, Acc:35.162, LR:0.004686047402353453
Epoch:652, Loss:2.484923224059903, Acc:35.512, LR:0.004529458433407422
Epoch:653, Loss:2.4767468170243867, Acc:35.632, LR:0.004373333832178482
Epoch:654, Loss:2.4638076461091334, Acc:35.632, LR:0.004217827674798858
Validation: Loss:2.2155689001083374, Acc:41.03
Epoch:655, Loss:2.4487783933172422, Acc:36.208, LR:0.0040630934270713985
Epoch:656, Loss:2.436862115957299, Acc:36.572, LR:0.003909283793017283
Epoch:657, Loss:2.424469225260676, Acc:36.664, LR:0.0037565505641757313
Epoch:658, Loss:2.42278152825881, Acc:36.63, LR:0.0036050444698038685
Epoch:659, Loss:2.3984450758719933, Acc:37.208, LR:0.003454915028125287
Validation: Loss:2.2507235407829285, Acc:40.52
Epoch:660, Loss:2.4034459250313893, Acc:37.194, LR:0.003306310398773542
Epoch:661, Loss:2.3894174634193885, Acc:37.56, LR:0.0031593772365766186
Epoch:662, Loss:2.376586524807677, Acc:37.67, LR:0.003014260546826114
Epoch:663, Loss:2.358761874996886, Acc:38.188, LR:0.00287110354217463
Epoch:664, Loss:2.3524638365726083, Acc:38.362, LR:0.002730047501302268
Validation: Loss:2.130201977491379, Acc:42.7
Epoch:665, Loss:2.3355833510963286, Acc:38.48, LR:0.002591231629491434
Epoch:666, Loss:2.331281306792279, Acc:38.728, LR:0.0024547929212481623
Epoch:667, Loss:2.315115768082288, Acc:39.076, LR:0.0023208660251050135
Epoch:668, Loss:2.30898954430405, Acc:39.386, LR:0.0021895831107393523
Epoch:669, Loss:2.289818007118848, Acc:39.776, LR:0.0020610737385376473
Validation: Loss:2.102800726890564, Acc:43.63
Epoch:670, Loss:2.269603721949519, Acc:40.222, LR:0.0019354647317351376
Epoch:671, Loss:2.2750485065032025, Acc:40.128, LR:0.001812880051256551
Epoch:672, Loss:2.250589054457995, Acc:40.686, LR:0.0016934406733817478
Epoch:673, Loss:2.2378552008648307, Acc:40.76, LR:0.0015772644703565704
Epoch:674, Loss:2.225940152090423, Acc:41.114, LR:0.0014644660940672579
Validation: Loss:2.0880743086338045, Acc:43.88
Epoch:675, Loss:2.224367636807111, Acc:41.34, LR:0.0013551568628929445
Epoch:676, Loss:2.2091712343449497, Acc:41.426, LR:0.001249444651847711
Epoch:677, Loss:2.1958753722054616, Acc:41.744, LR:0.001147433786121068
Epoch:678, Loss:2.1778350849540864, Acc:42.158, LR:0.001049224938121546
Epoch:679, Loss:2.177069381791718, Acc:42.158, LR:0.0009549150281252667
Validation: Loss:2.0062209129333497, Acc:45.91
Epoch:680, Loss:2.155184204481086, Acc:42.652, LR:0.0008645971286271998
Epoch:681, Loss:2.1460001651121647, Acc:42.874, LR:0.0007783603724899384
Epoch:682, Loss:2.140010665874092, Acc:42.918, LR:0.0006962898649802816
Epoch:683, Loss:2.123779838182488, Acc:43.258, LR:0.0006184665997806867
Epoch:684, Loss:2.1152295895985196, Acc:43.274, LR:0.0005449673790581694
Validation: Loss:1.9496822476387023, Acc:47.19
Epoch:685, Loss:2.107893800248905, Acc:43.668, LR:0.00047586473766989934
Epoch:686, Loss:2.10039755032987, Acc:43.924, LR:0.00041122687158009536
Epoch:687, Loss:2.097412570398681, Acc:43.976, LR:0.00035111757055874757
Epoch:688, Loss:2.081329194866881, Acc:44.11, LR:0.0002955961552288803
Epoch:689, Loss:2.0802675619417306, Acc:44.128, LR:0.000244717418524231
Validation: Loss:1.9166697561740875, Acc:47.89
Best model updated!
Epoch:690, Loss:2.066306699295433, Acc:44.408, LR:0.0001985315716152866
Epoch:691, Loss:2.0599497982433865, Acc:44.386, LR:0.00015708419435684815
Epoch:692, Loss:2.055260489181596, Acc:44.808, LR:0.00012041619030626465
Epoch:693, Loss:2.044067140744657, Acc:45.096, LR:8.856374635655651e-05
Epoch:694, Loss:2.050420051934768, Acc:44.82, LR:6.15582970243129e-05
Validation: Loss:1.8998751521110535, Acc:48.55
Best model updated!
Epoch:695, Loss:2.0499617761495164, Acc:44.978, LR:3.942649342761345e-05
Epoch:696, Loss:2.0432848954687315, Acc:44.924, LR:2.2190176984599494e-05
Epoch:697, Loss:2.04736019883837, Acc:44.82, LR:9.866357858642218e-06
Epoch:698, Loss:2.046314072852232, Acc:45.11, LR:2.4671981713425584e-06
Epoch:699, Loss:2.0416930403028215, Acc:44.99, LR:0.0
Validation: Loss:1.8971458196640014, Acc:48.7
Best model updated!
Epoch:700, Loss:2.0462221442436683, Acc:45.036, LR:2.467198171342e-06
Epoch:701, Loss:2.04382216565463, Acc:45.108, LR:9.86635785863943e-06
Epoch:702, Loss:2.0368249732620862, Acc:45.256, LR:2.219017698459336e-05
Epoch:703, Loss:2.0478295963637683, Acc:44.692, LR:3.942649342760119e-05
Epoch:704, Loss:2.0493143748263924, Acc:44.936, LR:6.15582970242973e-05
Validation: Loss:1.8939543545246125, Acc:48.74
Best model updated!
Epoch:705, Loss:2.048097629936374, Acc:44.828, LR:8.85637463565348e-05
Epoch:706, Loss:2.0537151852432562, Acc:44.758, LR:0.00012041619030623184
Epoch:707, Loss:2.044619472659364, Acc:44.784, LR:0.00015708419435681037
Epoch:708, Loss:2.0469017746497173, Acc:44.964, LR:0.00019853157161523887
Epoch:709, Loss:2.056853544955351, Acc:44.668, LR:0.0002447174185241728
Validation: Loss:1.8999705016613007, Acc:48.37
Epoch:710, Loss:2.053569786402644, Acc:45.178, LR:0.00029559615522880455
Epoch:711, Loss:2.0616182040195077, Acc:44.716, LR:0.0003511175705586648
Epoch:712, Loss:2.06243099606767, Acc:44.732, LR:0.0004112268715799989
Epoch:713, Loss:2.062528110280329, Acc:44.36, LR:0.00047586473766978826
Epoch:714, Loss:2.070262762964988, Acc:44.28, LR:0.0005449673790580422
Validation: Loss:1.9063472211360932, Acc:48.14
Epoch:715, Loss:2.0795027771774603, Acc:44.158, LR:0.0006184665997805422
Epoch:716, Loss:2.079800027973798, Acc:44.126, LR:0.0006962898649801194
Epoch:717, Loss:2.093238506998335, Acc:43.934, LR:0.0007783603724897383
Epoch:718, Loss:2.1023537115174897, Acc:43.842, LR:0.000864597128626999
Epoch:719, Loss:2.106442029378852, Acc:43.554, LR:0.0009549150281250455
Validation: Loss:1.9520228981971741, Acc:47.54
Epoch:720, Loss:2.1040893063253288, Acc:43.806, LR:0.0010492249381213032
Epoch:721, Loss:2.1261999923355726, Acc:43.166, LR:0.0011474337861207913
Epoch:722, Loss:2.1423217179823895, Acc:42.748, LR:0.0012494446518474221
Epoch:723, Loss:2.1415742368114237, Acc:42.804, LR:0.0013551568628926312
Epoch:724, Loss:2.156043142688518, Acc:42.51, LR:0.0014644660940669198
Validation: Loss:1.9798250079154969, Acc:46.84
Epoch:725, Loss:2.158806282646802, Acc:42.366, LR:0.0015772644703562068
Epoch:726, Loss:2.175269895670365, Acc:42.024, LR:0.0016934406733813572
Epoch:727, Loss:2.1838351804382947, Acc:42.086, LR:0.0018128800512561337
Epoch:728, Loss:2.2009326195230288, Acc:41.572, LR:0.0019354647317346783
Epoch:729, Loss:2.208041458713765, Acc:41.268, LR:0.002061073738537173
Validation: Loss:2.1251807868480683, Acc:43.09
Epoch:730, Loss:2.222793909968162, Acc:41.044, LR:0.002189583110738849
Epoch:731, Loss:2.231629510315097, Acc:40.816, LR:0.0023208660251044805
Epoch:732, Loss:2.246662750536082, Acc:40.382, LR:0.0024547929212475838
Epoch:733, Loss:2.252915791102818, Acc:40.256, LR:0.0025912316294908404
Epoch:734, Loss:2.2865021009834443, Acc:39.606, LR:0.0027300475013016428
Validation: Loss:2.1136366546154024, Acc:43.68
Epoch:735, Loss:2.2713174698304157, Acc:39.684, LR:0.0028711035421739722
Epoch:736, Loss:2.293191522968059, Acc:39.54, LR:0.0030142605468254226
Epoch:737, Loss:2.2997926595259686, Acc:39.584, LR:0.0031593772365758944
Epoch:738, Loss:2.3163996326680087, Acc:39.094, LR:0.003306310398772785
Epoch:739, Loss:2.3183261131753725, Acc:38.93, LR:0.0034549150281244787
Validation: Loss:2.1973309993743895, Acc:41.56
Epoch:740, Loss:2.3246685607092723, Acc:38.706, LR:0.003605044469803043
Epoch:741, Loss:2.3433183966850746, Acc:38.292, LR:0.003756550564174872
Epoch:742, Loss:2.3513120437154966, Acc:38.27, LR:0.003909283793016389
Epoch:743, Loss:2.3567867084425322, Acc:38.228, LR:0.004063093427070452
Epoch:744, Loss:2.3795062644141063, Acc:37.696, LR:0.004217827674797893
Validation: Loss:2.1846191048622132, Acc:42.05
Epoch:745, Loss:2.3705993988076033, Acc:37.826, LR:0.0043733338321774815
Epoch:746, Loss:2.391644288082512, Acc:37.404, LR:0.004529458433406405
Epoch:747, Loss:2.4045872542322897, Acc:37.106, LR:0.004686047402352382
Epoch:748, Loss:2.410334219737929, Acc:36.95, LR:0.0048429462046082625
Epoch:749, Loss:2.4112427648232906, Acc:36.958, LR:0.004999999999998859
Validation: Loss:2.297039806842804, Acc:39.41
Epoch:750, Loss:2.4305075844939874, Acc:36.588, LR:0.005157053795389472
Epoch:751, Loss:2.4401584498736324, Acc:36.098, LR:0.005313952597645371
Epoch:752, Loss:2.444666242112919, Acc:36.316, LR:0.00547054156659133
Epoch:753, Loss:2.471268196495212, Acc:35.48, LR:0.005626666167820236
Epoch:754, Loss:2.4580051631343607, Acc:35.716, LR:0.005782172325199841
Validation: Loss:2.2972026824951173, Acc:39.72
Epoch:755, Loss:2.469839470727103, Acc:35.746, LR:0.005936906572927284
Epoch:756, Loss:2.4944578263224386, Acc:35.138, LR:0.006090716206981331
Epoch:757, Loss:2.477675226269936, Acc:35.422, LR:0.006243449435822865
Epoch:758, Loss:2.4914671036661886, Acc:35.502, LR:0.006394955530194711
Epoch:759, Loss:2.501071803423823, Acc:34.85, LR:0.006545084971873259
Validation: Loss:2.566845190525055, Acc:34.2
Epoch:760, Loss:2.5041166738587983, Acc:34.978, LR:0.006693689601224935
Epoch:761, Loss:2.5209765580235697, Acc:34.594, LR:0.006840622763421842
Epoch:762, Loss:2.5267652565119216, Acc:34.376, LR:0.00698573945317233
Epoch:763, Loss:2.529406498889534, Acc:34.48, LR:0.007128896457823749
Epoch:764, Loss:2.53531805349856, Acc:34.358, LR:0.007269952498696095
Validation: Loss:2.420770990848541, Acc:36.34
Epoch:765, Loss:2.551102947215645, Acc:34.298, LR:0.007408768370506898
Epoch:766, Loss:2.55334125732889, Acc:33.94, LR:0.007545207078750154
Epoch:767, Loss:2.564576623391132, Acc:33.636, LR:0.007679133974893244
Epoch:768, Loss:2.5608583396794846, Acc:33.758, LR:0.00781041688925889
Epoch:769, Loss:2.56579104005074, Acc:33.566, LR:0.007938926261460581
Validation: Loss:2.55469034910202, Acc:34.61
Epoch:770, Loss:2.574644103342173, Acc:33.474, LR:0.008064535268263062
Epoch:771, Loss:2.5895690066473827, Acc:33.244, LR:0.008187119948741592
Epoch:772, Loss:2.5992041777591317, Acc:32.874, LR:0.008306559326616383
Epoch:773, Loss:2.597144119593562, Acc:32.958, LR:0.008422735529641548
Epoch:774, Loss:2.6021538243001823, Acc:32.952, LR:0.00853553390593081
Validation: Loss:2.4514143466949463, Acc:35.7
Epoch:775, Loss:2.6244644948414395, Acc:32.458, LR:0.008644843137105111
Epoch:776, Loss:2.6231421280880363, Acc:32.632, LR:0.008750555348150321
Epoch:777, Loss:2.6245542034810905, Acc:32.472, LR:0.008852566213876952
Epoch:778, Loss:2.6240838401171627, Acc:32.556, LR:0.00895077506187643
Epoch:779, Loss:2.6351511697379912, Acc:32.446, LR:0.0090450849718727
Validation: Loss:2.543941581249237, Acc:33.82
Epoch:780, Loss:2.6320662668773105, Acc:32.274, LR:0.009135402871370756
Epoch:781, Loss:2.6556430860441558, Acc:32.316, LR:0.009221639627507997
Epoch:782, Loss:2.6466716625252547, Acc:32.2, LR:0.009303710135017625
Epoch:783, Loss:2.6650630649255245, Acc:31.854, LR:0.009381533400217202
Epoch:784, Loss:2.6623823886014977, Acc:31.674, LR:0.009455032620939711
Validation: Loss:2.7772831559181212, Acc:31.69
Epoch:785, Loss:2.666038211511106, Acc:31.722, LR:0.00952413526232795
Epoch:786, Loss:2.667038007658355, Acc:31.528, LR:0.009588773128417749
Epoch:787, Loss:2.664748568924106, Acc:31.698, LR:0.009648882429439083
Epoch:788, Loss:2.681098748226555, Acc:31.468, LR:0.009704403844768943
Epoch:789, Loss:2.6738958042495105, Acc:31.774, LR:0.00975528258147357
Validation: Loss:2.5366111159324647, Acc:34.09
Epoch:790, Loss:2.677272458465732, Acc:31.726, LR:0.00980146842838251
Epoch:791, Loss:2.6997040607491316, Acc:31.364, LR:0.009842915805640944
Epoch:792, Loss:2.6888566795660527, Acc:31.566, LR:0.009879583809691516
Epoch:793, Loss:2.7001980324180757, Acc:31.122, LR:0.009911436253641217
Epoch:794, Loss:2.6849109542613125, Acc:31.34, LR:0.009938441702973453
Validation: Loss:2.610196840763092, Acc:33.37
Epoch:795, Loss:2.689919435248083, Acc:31.156, LR:0.009960573506570149
Epoch:796, Loss:2.701782854235902, Acc:30.908, LR:0.009977809823013155
Epoch:797, Loss:2.6976593805819142, Acc:31.202, LR:0.009990133642139111
Epoch:798, Loss:2.70832938564067, Acc:30.892, LR:0.009997532801826409
Epoch:799, Loss:2.704255070005144, Acc:30.96, LR:0.00999999999999775
Validation: Loss:2.54706267118454, Acc:33.97
Epoch:800, Loss:2.7039163574880485, Acc:31.024, LR:0.009997532801826407
Epoch:801, Loss:2.7055974809490904, Acc:31.134, LR:0.009990133642139111
Epoch:802, Loss:2.7150378032606475, Acc:30.534, LR:0.009977809823013155
Epoch:803, Loss:2.718245820123322, Acc:30.672, LR:0.009960573506570149
Epoch:804, Loss:2.7172369008161583, Acc:30.61, LR:0.009938441702973453
Validation: Loss:2.9077304720878603, Acc:27.52
Epoch:805, Loss:2.6881278582981656, Acc:31.32, LR:0.009911436253641215
Epoch:806, Loss:2.710578482978198, Acc:30.898, LR:0.009879583809691514
Epoch:807, Loss:2.704333091268734, Acc:31.094, LR:0.009842915805640944
Epoch:808, Loss:2.712902937616621, Acc:30.614, LR:0.00980146842838251
Epoch:809, Loss:2.7091254628434474, Acc:30.888, LR:0.009755282581473578
Validation: Loss:2.4679328560829163, Acc:35.69
Epoch:810, Loss:2.7042472873415266, Acc:30.768, LR:0.009704403844768948
Epoch:811, Loss:2.7180219061520634, Acc:30.544, LR:0.009648882429439088
Epoch:812, Loss:2.7105341346896425, Acc:30.9, LR:0.009588773128417754
Epoch:813, Loss:2.704281286317475, Acc:30.756, LR:0.009524135262327958
Epoch:814, Loss:2.6871718654827195, Acc:31.184, LR:0.009455032620939718
Validation: Loss:2.5061447620391846, Acc:34.72
Epoch:815, Loss:2.705216154760244, Acc:30.784, LR:0.00938153340021721
Epoch:816, Loss:2.6965430853318195, Acc:31.02, LR:0.009303710135017632
Epoch:817, Loss:2.684617984051607, Acc:31.184, LR:0.009221639627508002
Epoch:818, Loss:2.7038190973048306, Acc:31.024, LR:0.00913540287137075
Epoch:819, Loss:2.697051474026271, Acc:31.078, LR:0.009045084971872704
Validation: Loss:2.6660177230834963, Acc:33.11
Epoch:820, Loss:2.679823610247398, Acc:31.398, LR:0.008950775061876446
Epoch:821, Loss:2.697764357741998, Acc:30.986, LR:0.008852566213876959
Epoch:822, Loss:2.668510835997912, Acc:31.582, LR:0.008750555348150328
Epoch:823, Loss:2.6829009348032424, Acc:31.546, LR:0.008644843137105118
Epoch:824, Loss:2.6814974522104067, Acc:31.31, LR:0.008535533905930816
Validation: Loss:2.4987019419670107, Acc:35.08
Epoch:825, Loss:2.667931228267903, Acc:31.61, LR:0.008422735529641555
Epoch:826, Loss:2.658484617058112, Acc:31.86, LR:0.008306559326616392
Epoch:827, Loss:2.6665465418173344, Acc:31.598, LR:0.008187119948741614
Epoch:828, Loss:2.6669079211293436, Acc:31.852, LR:0.00806453526826307
Epoch:829, Loss:2.661686816994025, Acc:31.84, LR:0.007938926261460574
Validation: Loss:2.6638452768325807, Acc:33.27
Epoch:830, Loss:2.6483349386526616, Acc:32.002, LR:0.007810416889258899
Epoch:831, Loss:2.653662241235071, Acc:31.938, LR:0.0076791339748932515
Epoch:832, Loss:2.6288729541155758, Acc:32.534, LR:0.0075452070787501635
Epoch:833, Loss:2.6264363600283254, Acc:32.44, LR:0.007408768370506907
Epoch:834, Loss:2.621816396713257, Acc:32.49, LR:0.007269952498696105
Validation: Loss:2.4442910075187685, Acc:36.56
Epoch:835, Loss:2.6269604843489978, Acc:32.708, LR:0.007128896457823759
Epoch:836, Loss:2.6152962689497032, Acc:33.0, LR:0.006985739453172324
Epoch:837, Loss:2.6073914790640074, Acc:32.99, LR:0.006840622763421853
Epoch:838, Loss:2.601662037323932, Acc:33.128, LR:0.006693689601224962
Epoch:839, Loss:2.596058103503013, Acc:33.086, LR:0.006545084971873268
Validation: Loss:2.559459125995636, Acc:34.74
Epoch:840, Loss:2.5830613690979627, Acc:33.558, LR:0.006394955530194703
Epoch:841, Loss:2.5787458687412497, Acc:33.452, LR:0.006243449435822874
Epoch:842, Loss:2.5548836260425802, Acc:33.948, LR:0.006090716206981339
Epoch:843, Loss:2.5490991290734737, Acc:34.278, LR:0.005936906572927294
Epoch:844, Loss:2.5453192652488243, Acc:33.838, LR:0.005782172325199852
Validation: Loss:2.3292693972587584, Acc:38.59
Epoch:845, Loss:2.538017681666783, Acc:34.296, LR:0.0056266661678202635
Epoch:846, Loss:2.5346623780776043, Acc:34.214, LR:0.005470541566591341
Epoch:847, Loss:2.5229156722827835, Acc:34.75, LR:0.005313952597645365
Epoch:848, Loss:2.504783790938708, Acc:34.756, LR:0.005157053795389484
Epoch:849, Loss:2.499020184789385, Acc:35.378, LR:0.004999999999998888
Validation: Loss:2.3002772688865663, Acc:39.88
Epoch:850, Loss:2.486601004795152, Acc:35.37, LR:0.004842946204608274
Epoch:851, Loss:2.4743425018933354, Acc:35.688, LR:0.004686047402352376
Epoch:852, Loss:2.4687710392231845, Acc:35.592, LR:0.004529458433406416
Epoch:853, Loss:2.46250911148227, Acc:35.796, LR:0.004373333832177494
Epoch:854, Loss:2.453924675377048, Acc:36.218, LR:0.004217827674797887
Validation: Loss:2.2319607496261598, Acc:41.32
Epoch:855, Loss:2.436187252706411, Acc:36.716, LR:0.0040630934270704635
Epoch:856, Loss:2.4252825805119107, Acc:36.516, LR:0.003909283793016418
Epoch:857, Loss:2.426715600247286, Acc:36.71, LR:0.003756550564174883
Epoch:858, Loss:2.409888192098968, Acc:36.876, LR:0.003605044469803037
Epoch:859, Loss:2.3813544487466616, Acc:37.578, LR:0.0034549150281244895
Validation: Loss:2.262558603286743, Acc:41.05
Epoch:860, Loss:2.3911154513456383, Acc:37.47, LR:0.0033063103987728123
Epoch:861, Loss:2.374474814959935, Acc:37.734, LR:0.003159377236575905
Epoch:862, Loss:2.364068019146822, Acc:38.074, LR:0.0030142605468254165
Epoch:863, Loss:2.348842058862959, Acc:38.006, LR:0.002871103542173997
Epoch:864, Loss:2.340361845736601, Acc:38.646, LR:0.002730047501301651
Validation: Loss:2.129428482055664, Acc:42.97
Epoch:865, Loss:2.3276005399470425, Acc:38.82, LR:0.002591231629490833
Epoch:866, Loss:2.3161086890162252, Acc:38.842, LR:0.002454792921247592
Epoch:867, Loss:2.3007960441161175, Acc:39.232, LR:0.002320866025104504
Epoch:868, Loss:2.290443259842542, Acc:39.64, LR:0.0021895831107388566
Epoch:869, Loss:2.272429094022634, Acc:39.718, LR:0.002061073738537167
Validation: Loss:2.0751039922237395, Acc:44.64
Epoch:870, Loss:2.2682580339665317, Acc:40.326, LR:0.001935464731734686
Epoch:871, Loss:2.253417654913299, Acc:40.516, LR:0.0018128800512561551
Epoch:872, Loss:2.240976805589637, Acc:40.886, LR:0.0016934406733813512
Epoch:873, Loss:2.2259072527593498, Acc:40.796, LR:0.0015772644703562007
Epoch:874, Loss:2.2156176348121797, Acc:41.544, LR:0.0014644660940669391
Validation: Loss:2.027082359790802, Acc:45.67
Epoch:875, Loss:2.1999369847531223, Acc:41.808, LR:0.0013551568628926377
Epoch:876, Loss:2.1926927152945073, Acc:41.496, LR:0.0012494446518474165
Epoch:877, Loss:2.1789701909435037, Acc:41.958, LR:0.0011474337861207972
Epoch:878, Loss:2.162043707711356, Acc:42.33, LR:0.0010492249381213196
Epoch:879, Loss:2.152335702156534, Acc:42.54, LR:0.0009549150281250507
Validation: Loss:1.9807578682899476, Acc:46.84
Epoch:880, Loss:2.1480292142653954, Acc:42.752, LR:0.0008645971286269941
Epoch:881, Loss:2.123818115312226, Acc:43.346, LR:0.0007783603724897529
Epoch:882, Loss:2.1194133357125886, Acc:43.742, LR:0.0006962898649801335
Epoch:883, Loss:2.121495383126395, Acc:43.312, LR:0.0006184665997805381
Epoch:884, Loss:2.1003562175497716, Acc:43.952, LR:0.000544967379058038
Validation: Loss:1.9339969277381897, Acc:47.7
Epoch:885, Loss:2.092769535220399, Acc:44.01, LR:0.00047586473766979964
Epoch:886, Loss:2.0826421696312574, Acc:44.402, LR:0.00041122687158000256
Epoch:887, Loss:2.0788147060238584, Acc:44.398, LR:0.00035111757055866175
Epoch:888, Loss:2.0717871554043827, Acc:44.45, LR:0.00029559615522880764
Epoch:889, Loss:2.0650011714623897, Acc:44.638, LR:0.00024471741852418155
Validation: Loss:1.9053125739097596, Acc:48.54
Epoch:890, Loss:2.0622173219310995, Acc:44.558, LR:0.00019853157161523654
Epoch:891, Loss:2.0540183624442743, Acc:44.83, LR:0.0001570841943568086
Epoch:892, Loss:2.05200524719394, Acc:44.786, LR:0.00012041619030623787
Epoch:893, Loss:2.0404382603509084, Acc:44.94, LR:8.856374635653973e-05
Epoch:894, Loss:2.0364230883364773, Acc:45.508, LR:6.155829702429615e-05
Validation: Loss:1.8843093931674957, Acc:48.93
Best model updated!
Epoch:895, Loss:2.032014326173432, Acc:45.568, LR:3.9426493427602276e-05
Epoch:896, Loss:2.0348827303672326, Acc:45.222, LR:2.2190176984596123e-05
Epoch:897, Loss:2.022955038109604, Acc:45.318, LR:9.866357858639979e-06
Epoch:898, Loss:2.034245193004608, Acc:45.15, LR:2.467198171341443e-06
Epoch:899, Loss:2.0368057428574073, Acc:45.318, LR:0.0
Validation: Loss:1.8850990235805511, Acc:48.85
Epoch:900, Loss:2.025467022341125, Acc:45.746, LR:2.467198171342e-06
Epoch:901, Loss:2.03204075171023, Acc:45.488, LR:9.86635785864276e-06
Epoch:902, Loss:2.0361653992107938, Acc:45.524, LR:2.2190176984600016e-05
Epoch:903, Loss:2.0356883576938083, Acc:45.438, LR:3.9426493427609506e-05
Epoch:904, Loss:2.0236940006820525, Acc:45.686, LR:6.155829702430837e-05
Validation: Loss:1.884885811805725, Acc:48.84
Epoch:905, Loss:2.0281164767790814, Acc:45.454, LR:8.856374635655806e-05
Epoch:906, Loss:2.0418929664456114, Acc:44.882, LR:0.00012041619030626228
Epoch:907, Loss:2.0339745185813127, Acc:45.148, LR:0.00015708419435684132
Epoch:908, Loss:2.0311635915113957, Acc:45.316, LR:0.00019853157161528858
Epoch:909, Loss:2.0346491008388754, Acc:45.188, LR:0.0002447174185242329
Validation: Loss:1.8928095638751983, Acc:48.82
Epoch:910, Loss:2.0404937109168695, Acc:44.976, LR:0.00029559615522887047
Epoch:911, Loss:2.0434155062753327, Acc:44.992, LR:0.0003511175705587371
Epoch:912, Loss:2.04492836217491, Acc:44.97, LR:0.00041122687158009813
Epoch:913, Loss:2.051878729645087, Acc:44.936, LR:0.00047586473766990205
Epoch:914, Loss:2.0482507080447916, Acc:44.84, LR:0.000544967379058156
Validation: Loss:1.8949161887168884, Acc:48.56
Epoch:915, Loss:2.067843512612946, Acc:44.65, LR:0.0006184665997806725
Epoch:916, Loss:2.0727483277418175, Acc:44.288, LR:0.000696289864980285
Epoch:917, Loss:2.074037722178868, Acc:44.448, LR:0.0007783603724899223
Epoch:918, Loss:2.088497073066478, Acc:44.21, LR:0.000864597128627183
Epoch:919, Loss:2.097173375742776, Acc:43.914, LR:0.0009549150281252698
Validation: Loss:1.9507770717144013, Acc:47.58
Epoch:920, Loss:2.0997241771951014, Acc:43.93, LR:0.0010492249381215495
Epoch:921, Loss:2.113204440292047, Acc:43.482, LR:0.0011474337861210491
Epoch:922, Loss:2.1157460054572748, Acc:43.564, LR:0.0012494446518476908
Epoch:923, Loss:2.126089122830605, Acc:43.144, LR:0.0013551568628929482
Epoch:924, Loss:2.145152804802875, Acc:42.684, LR:0.0014644660940672616
Validation: Loss:1.983869457244873, Acc:46.79
Epoch:925, Loss:2.1516107673547706, Acc:42.552, LR:0.0015772644703565485
Epoch:926, Loss:2.1625970310094407, Acc:42.378, LR:0.0016934406733817246
Epoch:927, Loss:2.170667071731723, Acc:41.934, LR:0.001812880051256555
Epoch:928, Loss:2.1891467011704737, Acc:41.752, LR:0.0019354647317351137
Epoch:929, Loss:2.2006058790245833, Acc:41.288, LR:0.0020610737385376226
Validation: Loss:2.1200623691082, Acc:43.97
Epoch:930, Loss:2.2099291791721267, Acc:41.632, LR:0.002189583110739356
Epoch:931, Loss:2.2180351493309955, Acc:41.054, LR:0.0023208660251050183
Epoch:932, Loss:2.2331214121409824, Acc:40.624, LR:0.0024547929212481367
Epoch:933, Loss:2.246870060356296, Acc:40.446, LR:0.0025912316294914085
Epoch:934, Loss:2.259168177234883, Acc:40.122, LR:0.0027300475013022738
Validation: Loss:2.236634302139282, Acc:41.04
Epoch:935, Loss:2.2601625676057777, Acc:40.204, LR:0.0028711035421746353
Epoch:936, Loss:2.278342079143135, Acc:40.01, LR:0.0030142605468260874
Epoch:937, Loss:2.290827539502358, Acc:39.486, LR:0.003159377236576591
Epoch:938, Loss:2.3022035287351024, Acc:39.386, LR:0.0033063103987735474
Epoch:939, Loss:2.325940728187561, Acc:38.824, LR:0.0034549150281252584
Validation: Loss:2.190414297580719, Acc:41.87
Epoch:940, Loss:2.3318500470141976, Acc:38.63, LR:0.00360504446980384
Epoch:941, Loss:2.3292820356330095, Acc:38.722, LR:0.0037565505641757374
Epoch:942, Loss:2.354382857984426, Acc:37.992, LR:0.003909283793017289
Epoch:943, Loss:2.349083129240542, Acc:38.342, LR:0.00406309342707137
Epoch:944, Loss:2.3554036957877025, Acc:38.252, LR:0.004217827674798829
Validation: Loss:2.1639709174633026, Acc:41.8
Epoch:945, Loss:2.372630982982869, Acc:37.8, LR:0.004373333832178488
Epoch:946, Loss:2.3963212261394577, Acc:37.344, LR:0.004529458433407427
Epoch:947, Loss:2.3928782745283477, Acc:37.22, LR:0.004686047402353423
Epoch:948, Loss:2.3987457922526767, Acc:37.24, LR:0.004842946204609338
Epoch:949, Loss:2.409861630322982, Acc:37.082, LR:0.005000000000000006
Validation: Loss:2.3415831565856933, Acc:39.66
Epoch:950, Loss:2.413507013904805, Acc:36.966, LR:0.005157053795390638
Epoch:951, Loss:2.4288415105975405, Acc:36.716, LR:0.005313952597646554
Epoch:952, Loss:2.4330463166139564, Acc:36.522, LR:0.005470541566592583
Epoch:953, Loss:2.436235096989846, Acc:36.49, LR:0.005626666167821524
Epoch:954, Loss:2.4576729949639766, Acc:35.934, LR:0.005782172325201148
Validation: Loss:2.2676239013671875, Acc:39.74
Epoch:955, Loss:2.4564422150047456, Acc:36.236, LR:0.005936906572928606
Epoch:956, Loss:2.4662251326502584, Acc:35.824, LR:0.006090716206982721
Epoch:957, Loss:2.478208982214636, Acc:35.508, LR:0.006243449435824273
Epoch:958, Loss:2.4815706574186986, Acc:35.546, LR:0.006394955530196137
Epoch:959, Loss:2.4981091095476735, Acc:35.12, LR:0.006545084971874718
Validation: Loss:2.329287624359131, Acc:38.57
Epoch:960, Loss:2.4876488276890347, Acc:35.154, LR:0.006693689601226463
Epoch:961, Loss:2.5012499118337828, Acc:35.024, LR:0.006840622763423387
Epoch:962, Loss:2.519517813410078, Acc:34.842, LR:0.006985739453173892
Epoch:963, Loss:2.5089507492221133, Acc:34.966, LR:0.007128896457825376
Epoch:964, Loss:2.5182834012167796, Acc:34.612, LR:0.007269952498697738
Validation: Loss:2.4624911189079284, Acc:36.17
Epoch:965, Loss:2.5375299040152104, Acc:34.31, LR:0.007408768370508574
Epoch:966, Loss:2.5398706878934587, Acc:34.27, LR:0.007545207078751845
Epoch:967, Loss:2.5437592730230216, Acc:34.018, LR:0.007679133974894993
Epoch:968, Loss:2.5723931886711897, Acc:33.592, LR:0.007810416889260655
Epoch:969, Loss:2.5708766518806923, Acc:33.75, LR:0.00793892626146236
Validation: Loss:2.426095199584961, Acc:36.5
Epoch:970, Loss:2.5663131134850636, Acc:33.848, LR:0.008064535268264898
Epoch:971, Loss:2.577521946965432, Acc:33.402, LR:0.008187119948743455
Epoch:972, Loss:2.5744268748224997, Acc:33.704, LR:0.008306559326618258
Epoch:973, Loss:2.6010486495738125, Acc:33.314, LR:0.008422735529643436
Epoch:974, Loss:2.5887753452573503, Acc:33.176, LR:0.008535533905932749
Validation: Loss:2.638812756538391, Acc:32.79
Epoch:975, Loss:2.5960056392513975, Acc:32.864, LR:0.008644843137107063
Epoch:976, Loss:2.605842510048224, Acc:32.95, LR:0.008750555348152297
Epoch:977, Loss:2.6106043494477564, Acc:32.99, LR:0.00885256621387894
Epoch:978, Loss:2.632206989794361, Acc:32.604, LR:0.008950775061878464
Epoch:979, Loss:2.624635475022452, Acc:33.038, LR:0.009045084971874742
Validation: Loss:2.5187002301216124, Acc:35.41
Epoch:980, Loss:2.642696580108331, Acc:32.07, LR:0.00913540287137281
Epoch:981, Loss:2.6310221613669884, Acc:32.57, LR:0.009221639627510091
Epoch:982, Loss:2.642182722383616, Acc:32.162, LR:0.00930371013501973
Epoch:983, Loss:2.639557451617961, Acc:32.606, LR:0.009381533400219326
Epoch:984, Loss:2.64989401612963, Acc:32.224, LR:0.009455032620941843
Validation: Loss:2.6699515342712403, Acc:31.27
Epoch:985, Loss:2.6620315507966645, Acc:31.702, LR:0.009524135262330114
Epoch:986, Loss:2.6602871247700284, Acc:32.044, LR:0.009588773128419919
Epoch:987, Loss:2.6681166668327485, Acc:31.716, LR:0.009648882429441267
Epoch:988, Loss:2.6759809474555816, Acc:31.624, LR:0.009704403844771134
Epoch:989, Loss:2.663723809378488, Acc:31.876, LR:0.009755282581475783
Validation: Loss:2.7224801540374757, Acc:31.18
Epoch:990, Loss:2.68135417480858, Acc:31.48, LR:0.00980146842838473
Epoch:991, Loss:2.6772544992213345, Acc:31.93, LR:0.009842915805643166
Epoch:992, Loss:2.6936917986188615, Acc:31.116, LR:0.009879583809693756
Epoch:993, Loss:2.681022583221903, Acc:31.312, LR:0.00991143625364346
Epoch:994, Loss:2.686977838983341, Acc:31.302, LR:0.009938441702975705
Validation: Loss:2.5428040623664856, Acc:34.45
Epoch:995, Loss:2.682928450253545, Acc:31.566, LR:0.009960573506572404
Epoch:996, Loss:2.6851303601751524, Acc:31.442, LR:0.009977809823015419
Epoch:997, Loss:2.6977247948549232, Acc:30.996, LR:0.009990133642141377
Epoch:998, Loss:2.698605420638104, Acc:31.228, LR:0.009997532801828676
Epoch:999, Loss:2.6973624497043844, Acc:31.008, LR:0.01000000000000002
Validation: Loss:2.796377992630005, Acc:29.42
Test: Acc:48.93
